<?xml version="1.0" encoding="UTF-8"?>
<testsuites name="RegressionSuite" time="2490" tests="14" failures="1" errors="0">
   <testsuite name="RegressionSuite" tests="14" failures="1" errors="0" time="2490" timestamp="2018-05-10 20:02:39" hostname="shalinin - NIBC2129.nousinfo.com" id="Test Suites/RegressionSuite">
      <properties>
         <property name="deviceName" value=""/>
         <property name="devicePlatform" value=""/>
         <property name="logFolder" value="C:\\Users\\shalinin\\Katalon Studio\\HME_Scripts\\Reports\\RegressionSuite\\20180510_200236"/>
         <property name="logFiles" value="C:\\Users\\shalinin\\Katalon Studio\\HME_Scripts\\Reports\\RegressionSuite\\20180510_200236\\execution0.log"/>
         <property name="attachments" value="C:\\Users\\shalinin\\Katalon Studio\\HME_Scripts\\Reports\\RegressionSuite\\20180510_200236\\1525963544633.png, C:\\Users\\shalinin\\Katalon Studio\\HME_Scripts\\Reports\\RegressionSuite\\20180510_200236\\1525963569670.png, C:\\Users\\shalinin\\Katalon Studio\\HME_Scripts\\Reports\\RegressionSuite\\20180510_200236\\1525964008933.png"/>
         <property name="hostName" value="shalinin - NIBC2129.nousinfo.com"/>
         <property name="os" value="Windows 7 64bit"/>
         <property name="katalonVersion" value="5.3.1.1"/>
         <property name="browser" value="Chrome 66.0.3359.139"/>
         <property name="hostAddress" value="192.168.24.72"/>
         <property name="sessionId" value="a7654b178e07d227a3d02a4eabcc3198"/>
         <property name="seleniumVersion" value="3.7.1"/>
         <property name="proxyInformation" value="ProxyInformation{proxyOption=NO_PROXY, proxyServerType=HTTP, password=, proxyServerAddress=, proxyServerPort=0}"/>
         <property name="platform" value="Windows 7"/>
      </properties>
      <testcase name="Test Cases/CreateGroupTC/HME-CreateGroup-04" classname="Test Cases/CreateGroupTC/HME-CreateGroup-04" status="PASSED">
         <system-out><![CDATA[2018-05-10 20:02:40 - [TEST_CASE][PASSED] - Test Cases/CreateGroupTC/HME-CreateGroup-04: Browser is closed

2018-05-10 20:02:40 - [TEST_STEP][PASSED] - Start listener action : sampleBeforeTestCase: uiaction.CommonUIActions.deleteAllCookies is PASSED

2018-05-10 20:02:40 - [TEST_STEP][PASSED] - openBrowser: Browser is opened with url: ''

2018-05-10 20:02:42 - [MESSAGE][PASSED] - Browser is opened with url: ''

2018-05-10 20:02:42 - [TEST_STEP][PASSED] - maximizeWindow: Current window maximized

2018-05-10 20:02:44 - [MESSAGE][PASSED] - Current window maximized

2018-05-10 20:02:44 - [TEST_STEP][PASSED] - uiaction.CommonUIActions.deleteAllCookies: uiaction.CommonUIActions.deleteAllCookies is PASSED

2018-05-10 20:02:44 - [MESSAGE][PASSED] - Delete all cookies successfully

2018-05-10 20:02:44 - [MESSAGE][PASSED] - uiaction.CommonUIActions.deleteAllCookies is PASSED

2018-05-10 20:02:44 - [TEST_STEP][PASSED] - Statement - TCflag = true: null

2018-05-10 20:02:44 - [TEST_STEP][PASSED] - Statement - Try: uiaction.CommonUIActions.click is PASSED

2018-05-10 20:02:44 - [TEST_STEP][PASSED] - navigateToUrl: Navigate to 'https://hme-dev-public-cloud-app.azurewebsites.net/' successfully

2018-05-10 20:02:47 - [MESSAGE][PASSED] - Navigate to 'https://hme-dev-public-cloud-app.azurewebsites.net/' successfully

2018-05-10 20:02:47 - [TEST_STEP][PASSED] - projectSpecific.Reusability.login: projectSpecific.Reusability.login is PASSED

2018-05-10 20:02:48 - [MESSAGE][PASSED] - projectSpecific.Reusability.getTestData is PASSED

2018-05-10 20:02:48 - [MESSAGE][PASSED] - projectSpecific.Reusability.getTestData is PASSED

2018-05-10 20:02:48 - [MESSAGE][PASSED] - Text 'selvendrank@nousinfo.com' is set on object 'Object Repository/LoginPage/Username'

2018-05-10 20:02:48 - [MESSAGE][PASSED] - Text 'nous;123' is set on object 'Object Repository/LoginPage/Password'

2018-05-10 20:02:48 - [MESSAGE][PASSED] - Object: 'Object Repository/LoginPage/Login' is clicked on

2018-05-10 20:02:48 - [MESSAGE][PASSED] - projectSpecific.Reusability.login is PASSED

2018-05-10 20:02:48 - [TEST_STEP][PASSED] - delay: Delayed 10 second(s)

2018-05-10 20:02:58 - [MESSAGE][PASSED] - Delayed 10 second(s)

2018-05-10 20:02:58 - [TEST_STEP][PASSED] - uiaction.CommonUIActions.click: uiaction.CommonUIActions.click is PASSED

2018-05-10 20:02:59 - [MESSAGE][PASSED] - uiaction.CommonUIActions.click is PASSED

2018-05-10 20:02:59 - [TEST_STEP][PASSED] - uiaction.CommonUIActions.click: uiaction.CommonUIActions.click is PASSED

2018-05-10 20:03:01 - [MESSAGE][PASSED] - uiaction.CommonUIActions.click is PASSED

2018-05-10 20:03:01 - [TEST_STEP][PASSED] - uiaction.CommonUIActions.click: uiaction.CommonUIActions.click is PASSED

2018-05-10 20:03:01 - [MESSAGE][PASSED] - uiaction.CommonUIActions.click is PASSED

2018-05-10 20:03:01 - [TEST_STEP][PASSED] - verifyElementPresent: Object 'Object Repository/ReportingGroupManagement/reportingGroupDetails' is present

2018-05-10 20:03:01 - [MESSAGE][PASSED] - Object 'Object Repository/ReportingGroupManagement/reportingGroupDetails' is present

2018-05-10 20:03:01 - [TEST_STEP][PASSED] - Statement - grpName = CustomKeywords.uiaction.CommonUIActions.getText(com.kms.katalon.core.testobject.ObjectRepository.findTestObject(ReportingGroupManagement/groupName)): uiaction.CommonUIActions.getText is PASSED

2018-05-10 20:03:01 - [MESSAGE][PASSED] - uiaction.CommonUIActions.getText is PASSED

2018-05-10 20:03:01 - [TEST_STEP][PASSED] - Statement - println("grpName"): null

2018-05-10 20:03:01 - [TEST_STEP][PASSED] - Statement - If (grpName.contains("*")): null

2018-05-10 20:03:01 - [TEST_STEP][PASSED] - Statement - out.println("Group Name text box is marked with asterisk symbol"): null

2018-05-10 20:03:01 - [TEST_STEP][PASSED] - uiaction.CommonUIActions.enter: uiaction.CommonUIActions.enter is PASSED

2018-05-10 20:03:01 - [MESSAGE][PASSED] - projectSpecific.Reusability.getTestData is PASSED

2018-05-10 20:03:01 - [MESSAGE][PASSED] - uiaction.CommonUIActions.enter is PASSED

2018-05-10 20:03:01 - [TEST_STEP][PASSED] - uiaction.CommonUIActions.enter: uiaction.CommonUIActions.enter is PASSED

2018-05-10 20:03:01 - [MESSAGE][PASSED] - projectSpecific.Reusability.getTestData is PASSED

2018-05-10 20:03:01 - [MESSAGE][PASSED] - uiaction.CommonUIActions.enter is PASSED

2018-05-10 20:03:01 - [TEST_STEP][PASSED] - uiaction.CommonUIActions.click: uiaction.CommonUIActions.click is PASSED

2018-05-10 20:03:02 - [MESSAGE][PASSED] - uiaction.CommonUIActions.click is PASSED

2018-05-10 20:03:02 - [TEST_STEP][PASSED] - delay: Delayed 10 second(s)

2018-05-10 20:03:12 - [MESSAGE][PASSED] - Delayed 10 second(s)

2018-05-10 20:03:12 - [TEST_STEP][PASSED] - uiaction.CommonUIActions.back: uiaction.CommonUIActions.back is PASSED

2018-05-10 20:03:12 - [MESSAGE][PASSED] - Navigate back successfully

2018-05-10 20:03:12 - [MESSAGE][PASSED] - uiaction.CommonUIActions.back is PASSED

2018-05-10 20:03:12 - [TEST_STEP][PASSED] - delay: Delayed 5 second(s)

2018-05-10 20:03:17 - [MESSAGE][PASSED] - Delayed 5 second(s)

2018-05-10 20:03:17 - [TEST_STEP][PASSED] - uiaction.CommonUIActions.enter: uiaction.CommonUIActions.enter is PASSED

2018-05-10 20:03:17 - [MESSAGE][PASSED] - projectSpecific.Reusability.getTestData is PASSED

2018-05-10 20:03:17 - [MESSAGE][PASSED] - uiaction.CommonUIActions.enter is PASSED

2018-05-10 20:03:17 - [TEST_STEP][PASSED] - uiaction.CommonUIActions.enter: uiaction.CommonUIActions.enter is PASSED

2018-05-10 20:03:17 - [MESSAGE][PASSED] - projectSpecific.Reusability.getTestData is PASSED

2018-05-10 20:03:17 - [MESSAGE][PASSED] - uiaction.CommonUIActions.enter is PASSED

2018-05-10 20:03:17 - [TEST_STEP][PASSED] - uiaction.CommonUIActions.click: uiaction.CommonUIActions.click is PASSED

2018-05-10 20:03:17 - [MESSAGE][PASSED] - uiaction.CommonUIActions.click is PASSED

2018-05-10 20:03:17 - [TEST_STEP][PASSED] - delay: Delayed 10 second(s)

2018-05-10 20:03:27 - [MESSAGE][PASSED] - Delayed 10 second(s)

2018-05-10 20:03:27 - [TEST_STEP][PASSED] - uiaction.CommonUIActions.back: uiaction.CommonUIActions.back is PASSED

2018-05-10 20:03:27 - [MESSAGE][PASSED] - Navigate back successfully

2018-05-10 20:03:27 - [MESSAGE][PASSED] - uiaction.CommonUIActions.back is PASSED

2018-05-10 20:03:27 - [TEST_STEP][PASSED] - delay: Delayed 5 second(s)

2018-05-10 20:03:32 - [MESSAGE][PASSED] - Delayed 5 second(s)

2018-05-10 20:03:32 - [TEST_STEP][PASSED] - uiaction.CommonUIActions.back: uiaction.CommonUIActions.back is PASSED

2018-05-10 20:03:32 - [MESSAGE][PASSED] - Navigate back successfully

2018-05-10 20:03:32 - [MESSAGE][PASSED] - uiaction.CommonUIActions.back is PASSED

2018-05-10 20:03:32 - [TEST_STEP][PASSED] - delay: Delayed 5 second(s)

2018-05-10 20:03:37 - [MESSAGE][PASSED] - Delayed 5 second(s)

2018-05-10 20:03:37 - [TEST_STEP][PASSED] - uiaction.CommonUIActions.click: uiaction.CommonUIActions.click is PASSED

2018-05-10 20:03:37 - [MESSAGE][PASSED] - uiaction.CommonUIActions.click is PASSED

2018-05-10 20:03:37 - [TEST_STEP][PASSED] - Statement - StoreList = CustomKeywords.projectSpecific.Reusability.getTestData("ReportingGroupManagementPage", "dummyGroupName2"): projectSpecific.Reusability.getTestData is PASSED

2018-05-10 20:03:37 - [MESSAGE][PASSED] - projectSpecific.Reusability.getTestData is PASSED

2018-05-10 20:03:37 - [TEST_STEP][PASSED] - Statement - listOfStores = new java.util.ArrayList(java.util.Arrays.asList(StoreList)): null

2018-05-10 20:03:37 - [TEST_STEP][PASSED] - Statement - out.println(listOfStores): null

2018-05-10 20:03:37 - [TEST_STEP][PASSED] - delay: Delayed 10 second(s)

2018-05-10 20:03:47 - [MESSAGE][PASSED] - Delayed 10 second(s)

2018-05-10 20:03:47 - [TEST_STEP][PASSED] - Statement - driver = com.kms.katalon.core.webui.driver.DriverFactory.getWebDriver(): null

2018-05-10 20:03:47 - [TEST_STEP][PASSED] - Statement - availableStoreList = driver.findElements(org.openqa.selenium.By.xpath(com.kms.katalon.core.testdata.TestDataFactory.findTestData(OR_file).getValue(2, 10))): Reading excel file with source file 'C:\Users\shalinin\Katalon Studio\HME_Scripts\Data Files\HME_OR.xlsx' and sheet name 'Sheet1'

2018-05-10 20:03:47 - [TEST_STEP][PASSED] - Statement - actualList = new java.util.ArrayList(): null

2018-05-10 20:03:47 - [TEST_STEP][PASSED] - Statement - For ([i = 0, i < availableStoreList.size(), (i++)]): null

2018-05-10 20:03:47 - [TEST_STEP][PASSED] - Statement - actualList.add(i, availableStoreList.get(i).getText()): null

2018-05-10 20:03:48 - [TEST_STEP][PASSED] - Statement - actualList.add(i, availableStoreList.get(i).getText()): null

2018-05-10 20:03:48 - [TEST_STEP][PASSED] - Statement - actualList.add(i, availableStoreList.get(i).getText()): null

2018-05-10 20:03:48 - [TEST_STEP][PASSED] - Statement - actualList.add(i, availableStoreList.get(i).getText()): null

2018-05-10 20:03:48 - [TEST_STEP][PASSED] - Statement - actualList.add(i, availableStoreList.get(i).getText()): null

2018-05-10 20:03:48 - [TEST_STEP][PASSED] - Statement - actualList.add(i, availableStoreList.get(i).getText()): null

2018-05-10 20:03:48 - [TEST_STEP][PASSED] - Statement - actualList.add(i, availableStoreList.get(i).getText()): null

2018-05-10 20:03:48 - [TEST_STEP][PASSED] - Statement - actualList.add(i, availableStoreList.get(i).getText()): null

2018-05-10 20:03:48 - [TEST_STEP][PASSED] - Statement - actualList.add(i, availableStoreList.get(i).getText()): null

2018-05-10 20:03:48 - [TEST_STEP][PASSED] - Statement - actualList.add(i, availableStoreList.get(i).getText()): null

2018-05-10 20:03:48 - [TEST_STEP][PASSED] - Statement - actualList.add(i, availableStoreList.get(i).getText()): null

2018-05-10 20:03:48 - [TEST_STEP][PASSED] - Statement - actualList.add(i, availableStoreList.get(i).getText()): null

2018-05-10 20:03:48 - [TEST_STEP][PASSED] - Statement - actualList.add(i, availableStoreList.get(i).getText()): null

2018-05-10 20:03:48 - [TEST_STEP][PASSED] - Statement - actualList.add(i, availableStoreList.get(i).getText()): null

2018-05-10 20:03:48 - [TEST_STEP][PASSED] - Statement - actualList.add(i, availableStoreList.get(i).getText()): null

2018-05-10 20:03:48 - [TEST_STEP][PASSED] - Statement - actualList.add(i, availableStoreList.get(i).getText()): null

2018-05-10 20:03:48 - [TEST_STEP][PASSED] - Statement - actualList.add(i, availableStoreList.get(i).getText()): null

2018-05-10 20:03:48 - [TEST_STEP][PASSED] - Statement - actualList.add(i, availableStoreList.get(i).getText()): null

2018-05-10 20:03:48 - [TEST_STEP][PASSED] - Statement - out.println(actualList): null

2018-05-10 20:03:48 - [TEST_STEP][PASSED] - Statement - If (actualList.containsAll(listOfStores)): null

2018-05-10 20:03:48 - [TEST_STEP][PASSED] - Statement - println("Actual list contains the required stores or groups"): null

2018-05-10 20:03:48 - [TEST_STEP][PASSED] - uiaction.CommonUIActions.click: uiaction.CommonUIActions.click is PASSED

2018-05-10 20:03:48 - [MESSAGE][PASSED] - uiaction.CommonUIActions.click is PASSED

2018-05-10 20:03:48 - [TEST_STEP][PASSED] - uiaction.CommonUIActions.click: uiaction.CommonUIActions.click is PASSED

2018-05-10 20:03:48 - [MESSAGE][PASSED] - uiaction.CommonUIActions.click is PASSED

2018-05-10 20:03:48 - [TEST_STEP][PASSED] - uiaction.CommonUIActions.back: uiaction.CommonUIActions.back is PASSED

2018-05-10 20:03:48 - [MESSAGE][PASSED] - Navigate back successfully

2018-05-10 20:03:48 - [MESSAGE][PASSED] - uiaction.CommonUIActions.back is PASSED

2018-05-10 20:03:48 - [TEST_STEP][PASSED] - delay: Delayed 5 second(s)

2018-05-10 20:03:53 - [MESSAGE][PASSED] - Delayed 5 second(s)

2018-05-10 20:03:53 - [TEST_STEP][PASSED] - uiaction.CommonUIActions.back: uiaction.CommonUIActions.back is PASSED

2018-05-10 20:03:53 - [MESSAGE][PASSED] - Navigate back successfully

2018-05-10 20:03:53 - [MESSAGE][PASSED] - uiaction.CommonUIActions.back is PASSED

2018-05-10 20:03:53 - [TEST_STEP][PASSED] - delay: Delayed 5 second(s)

2018-05-10 20:03:58 - [MESSAGE][PASSED] - Delayed 5 second(s)

2018-05-10 20:03:58 - [TEST_STEP][PASSED] - uiaction.CommonUIActions.click: uiaction.CommonUIActions.click is PASSED

2018-05-10 20:03:58 - [MESSAGE][PASSED] - uiaction.CommonUIActions.click is PASSED

2018-05-10 20:03:58 - [TEST_STEP][PASSED] - uiaction.CommonUIActions.click: uiaction.CommonUIActions.click is PASSED

2018-05-10 20:03:58 - [MESSAGE][PASSED] - uiaction.CommonUIActions.click is PASSED

2018-05-10 20:03:58 - [TEST_STEP][PASSED] - uiaction.CommonUIActions.click: uiaction.CommonUIActions.click is PASSED

2018-05-10 20:03:58 - [MESSAGE][PASSED] - uiaction.CommonUIActions.click is PASSED

2018-05-10 20:03:58 - [TEST_STEP][PASSED] - uiaction.CommonUIActions.back: uiaction.CommonUIActions.back is PASSED

2018-05-10 20:03:58 - [MESSAGE][PASSED] - Navigate back successfully

2018-05-10 20:03:58 - [MESSAGE][PASSED] - uiaction.CommonUIActions.back is PASSED

2018-05-10 20:03:58 - [TEST_STEP][PASSED] - delay: Delayed 5 second(s)

2018-05-10 20:04:03 - [MESSAGE][PASSED] - Delayed 5 second(s)

2018-05-10 20:04:03 - [TEST_STEP][PASSED] - uiaction.CommonUIActions.back: uiaction.CommonUIActions.back is PASSED

2018-05-10 20:04:03 - [MESSAGE][PASSED] - Navigate back successfully

2018-05-10 20:04:03 - [MESSAGE][PASSED] - uiaction.CommonUIActions.back is PASSED

2018-05-10 20:04:03 - [TEST_STEP][PASSED] - delay: Delayed 5 second(s)

2018-05-10 20:04:08 - [MESSAGE][PASSED] - Delayed 5 second(s)

2018-05-10 20:04:08 - [TEST_STEP][PASSED] - uiaction.CommonUIActions.click: uiaction.CommonUIActions.click is PASSED

2018-05-10 20:04:09 - [MESSAGE][PASSED] - uiaction.CommonUIActions.click is PASSED

2018-05-10 20:04:09 - [TEST_STEP][PASSED] - delay: Delayed 5 second(s)

2018-05-10 20:04:14 - [MESSAGE][PASSED] - Delayed 5 second(s)

2018-05-10 20:04:14 - [TEST_STEP][PASSED] - Statement - secondStoreListBox = driver.findElements(org.openqa.selenium.By.xpath(com.kms.katalon.core.testdata.TestDataFactory.findTestData(OR_file).getValue(2, 11))): Reading excel file with source file 'C:\Users\shalinin\Katalon Studio\HME_Scripts\Data Files\HME_OR.xlsx' and sheet name 'Sheet1'

2018-05-10 20:04:14 - [TEST_STEP][PASSED] - Statement - list = new java.util.ArrayList(): null

2018-05-10 20:04:14 - [TEST_STEP][PASSED] - Statement - For ([i = 0, i < secondStoreListBox.size(), (i++)]): null

2018-05-10 20:04:14 - [TEST_STEP][PASSED] - Statement - If (list.size() == 0): null

2018-05-10 20:04:14 - [TEST_STEP][PASSED] - Statement - println("No Groups/Stores is displayed in Groups/Stores in Group list box"): null

2018-05-10 20:04:14 - [TEST_STEP][PASSED] - uiaction.CommonUIActions.enter: uiaction.CommonUIActions.enter is PASSED

2018-05-10 20:04:14 - [MESSAGE][PASSED] - projectSpecific.Reusability.getTestData is PASSED

2018-05-10 20:04:14 - [MESSAGE][PASSED] - uiaction.CommonUIActions.enter is PASSED

2018-05-10 20:04:14 - [TEST_STEP][PASSED] - uiaction.CommonUIActions.enter: uiaction.CommonUIActions.enter is PASSED

2018-05-10 20:04:14 - [MESSAGE][PASSED] - projectSpecific.Reusability.getTestData is PASSED

2018-05-10 20:04:14 - [MESSAGE][PASSED] - uiaction.CommonUIActions.enter is PASSED

2018-05-10 20:04:14 - [TEST_STEP][PASSED] - uiaction.CommonUIActions.verifyMatch: uiaction.CommonUIActions.verifyMatch is PASSED

2018-05-10 20:04:14 - [MESSAGE][PASSED] - projectSpecific.Reusability.getTestData is PASSED

2018-05-10 20:04:14 - [MESSAGE][PASSED] - Attribute 'value' of object 'Object Repository/ReportingGroupManagement/groupNameTxt' is: 'AutomationGroup'

2018-05-10 20:04:14 - [MESSAGE][PASSED] - Actual text 'AutomationGroup' and expected text 'AutomationGroup' are matched 

2018-05-10 20:04:14 - [MESSAGE][PASSED] - uiaction.CommonUIActions.verifyMatch is PASSED

2018-05-10 20:04:14 - [TEST_STEP][PASSED] - uiaction.CommonUIActions.verifyMatch: uiaction.CommonUIActions.verifyMatch is PASSED

2018-05-10 20:04:14 - [MESSAGE][PASSED] - projectSpecific.Reusability.getTestData is PASSED

2018-05-10 20:04:14 - [MESSAGE][PASSED] - Attribute 'value' of object 'Object Repository/ReportingGroupManagement/groupDescTxt' is: 'South west branch Group 11'

2018-05-10 20:04:14 - [MESSAGE][PASSED] - Actual text 'South west branch Group 11' and expected text 'South west branch Group 11' are matched 

2018-05-10 20:04:14 - [MESSAGE][PASSED] - uiaction.CommonUIActions.verifyMatch is PASSED

2018-05-10 20:04:14 - [TEST_STEP][PASSED] - delay: Delayed 5 second(s)

2018-05-10 20:04:19 - [MESSAGE][PASSED] - Delayed 5 second(s)

2018-05-10 20:04:19 - [TEST_STEP][PASSED] - uiaction.CommonUIActions.click: uiaction.CommonUIActions.click is PASSED

2018-05-10 20:04:19 - [MESSAGE][PASSED] - uiaction.CommonUIActions.click is PASSED

2018-05-10 20:04:19 - [TEST_STEP][PASSED] - Statement - availableStoresCheckBoxList = driver.findElements(org.openqa.selenium.By.xpath(com.kms.katalon.core.testdata.TestDataFactory.findTestData(OR_file).getValue(2, 12))): Reading excel file with source file 'C:\Users\shalinin\Katalon Studio\HME_Scripts\Data Files\HME_OR.xlsx' and sheet name 'Sheet1'

2018-05-10 20:04:19 - [TEST_STEP][PASSED] - Statement - index = 1: null

2018-05-10 20:04:19 - [TEST_STEP][PASSED] - Statement - flag = true: null

2018-05-10 20:04:19 - [TEST_STEP][PASSED] - Statement - For ([i = 0, i < availableStoresCheckBoxList.size(), (i++)]): null

2018-05-10 20:04:19 - [TEST_STEP][PASSED] - Statement - element = availableStoresCheckBoxList[i]: null

2018-05-10 20:04:19 - [TEST_STEP][PASSED] - Statement - If (!(element.isSelected())): null

2018-05-10 20:04:19 - [TEST_STEP][PASSED] - Statement - element = availableStoresCheckBoxList[i]: null

2018-05-10 20:04:19 - [TEST_STEP][PASSED] - Statement - If (!(element.isSelected())): null

2018-05-10 20:04:19 - [TEST_STEP][PASSED] - Statement - element = availableStoresCheckBoxList[i]: null

2018-05-10 20:04:19 - [TEST_STEP][PASSED] - Statement - If (!(element.isSelected())): null

2018-05-10 20:04:19 - [TEST_STEP][PASSED] - Statement - element = availableStoresCheckBoxList[i]: null

2018-05-10 20:04:19 - [TEST_STEP][PASSED] - Statement - If (!(element.isSelected())): null

2018-05-10 20:04:19 - [TEST_STEP][PASSED] - Statement - element = availableStoresCheckBoxList[i]: null

2018-05-10 20:04:19 - [TEST_STEP][PASSED] - Statement - If (!(element.isSelected())): null

2018-05-10 20:04:19 - [TEST_STEP][PASSED] - Statement - element = availableStoresCheckBoxList[i]: null

2018-05-10 20:04:19 - [TEST_STEP][PASSED] - Statement - If (!(element.isSelected())): null

2018-05-10 20:04:19 - [TEST_STEP][PASSED] - Statement - element = availableStoresCheckBoxList[i]: null

2018-05-10 20:04:19 - [TEST_STEP][PASSED] - Statement - If (!(element.isSelected())): null

2018-05-10 20:04:19 - [TEST_STEP][PASSED] - Statement - element = availableStoresCheckBoxList[i]: null

2018-05-10 20:04:19 - [TEST_STEP][PASSED] - Statement - If (!(element.isSelected())): null

2018-05-10 20:04:19 - [TEST_STEP][PASSED] - Statement - element = availableStoresCheckBoxList[i]: null

2018-05-10 20:04:19 - [TEST_STEP][PASSED] - Statement - If (!(element.isSelected())): null

2018-05-10 20:04:19 - [TEST_STEP][PASSED] - Statement - element = availableStoresCheckBoxList[i]: null

2018-05-10 20:04:19 - [TEST_STEP][PASSED] - Statement - If (!(element.isSelected())): null

2018-05-10 20:04:19 - [TEST_STEP][PASSED] - Statement - element = availableStoresCheckBoxList[i]: null

2018-05-10 20:04:19 - [TEST_STEP][PASSED] - Statement - If (!(element.isSelected())): null

2018-05-10 20:04:19 - [TEST_STEP][PASSED] - Statement - element = availableStoresCheckBoxList[i]: null

2018-05-10 20:04:19 - [TEST_STEP][PASSED] - Statement - If (!(element.isSelected())): null

2018-05-10 20:04:19 - [TEST_STEP][PASSED] - Statement - element = availableStoresCheckBoxList[i]: null

2018-05-10 20:04:19 - [TEST_STEP][PASSED] - Statement - If (!(element.isSelected())): null

2018-05-10 20:04:19 - [TEST_STEP][PASSED] - Statement - element = availableStoresCheckBoxList[i]: null

2018-05-10 20:04:19 - [TEST_STEP][PASSED] - Statement - If (!(element.isSelected())): null

2018-05-10 20:04:19 - [TEST_STEP][PASSED] - Statement - element = availableStoresCheckBoxList[i]: null

2018-05-10 20:04:19 - [TEST_STEP][PASSED] - Statement - If (!(element.isSelected())): null

2018-05-10 20:04:19 - [TEST_STEP][PASSED] - Statement - element = availableStoresCheckBoxList[i]: null

2018-05-10 20:04:19 - [TEST_STEP][PASSED] - Statement - If (!(element.isSelected())): null

2018-05-10 20:04:19 - [TEST_STEP][PASSED] - Statement - element = availableStoresCheckBoxList[i]: null

2018-05-10 20:04:19 - [TEST_STEP][PASSED] - Statement - If (!(element.isSelected())): null

2018-05-10 20:04:19 - [TEST_STEP][PASSED] - Statement - If (flag): null

2018-05-10 20:04:19 - [TEST_STEP][PASSED] - Statement - out.println("All Available Store checkboxes are checked"): null

2018-05-10 20:04:19 - [TEST_STEP][PASSED] - delay: Delayed 5 second(s)

2018-05-10 20:04:24 - [MESSAGE][PASSED] - Delayed 5 second(s)

2018-05-10 20:04:24 - [TEST_STEP][PASSED] - Statement - StoresCBList = driver.findElements(org.openqa.selenium.By.xpath(com.kms.katalon.core.testdata.TestDataFactory.findTestData(OR_file).getValue(2, 12))): Reading excel file with source file 'C:\Users\shalinin\Katalon Studio\HME_Scripts\Data Files\HME_OR.xlsx' and sheet name 'Sheet1'

2018-05-10 20:04:24 - [TEST_STEP][PASSED] - Statement - For (org.openqa.selenium.WebElement checkbox : StoresCBList): null

2018-05-10 20:04:24 - [TEST_STEP][PASSED] - Statement - If (checkbox.isSelected()): null

2018-05-10 20:04:24 - [TEST_STEP][PASSED] - Statement - checkbox.click(): null

2018-05-10 20:04:24 - [TEST_STEP][PASSED] - Statement - If (checkbox.isSelected()): null

2018-05-10 20:04:24 - [TEST_STEP][PASSED] - Statement - checkbox.click(): null

2018-05-10 20:04:24 - [TEST_STEP][PASSED] - Statement - If (checkbox.isSelected()): null

2018-05-10 20:04:25 - [TEST_STEP][PASSED] - Statement - checkbox.click(): null

2018-05-10 20:04:25 - [TEST_STEP][PASSED] - Statement - If (checkbox.isSelected()): null

2018-05-10 20:04:25 - [TEST_STEP][PASSED] - Statement - checkbox.click(): null

2018-05-10 20:04:25 - [TEST_STEP][PASSED] - Statement - If (checkbox.isSelected()): null

2018-05-10 20:04:25 - [TEST_STEP][PASSED] - Statement - checkbox.click(): null

2018-05-10 20:04:25 - [TEST_STEP][PASSED] - Statement - If (checkbox.isSelected()): null

2018-05-10 20:04:25 - [TEST_STEP][PASSED] - Statement - checkbox.click(): null

2018-05-10 20:04:25 - [TEST_STEP][PASSED] - Statement - If (checkbox.isSelected()): null

2018-05-10 20:04:25 - [TEST_STEP][PASSED] - Statement - checkbox.click(): null

2018-05-10 20:04:25 - [TEST_STEP][PASSED] - Statement - If (checkbox.isSelected()): null

2018-05-10 20:04:25 - [TEST_STEP][PASSED] - Statement - checkbox.click(): null

2018-05-10 20:04:25 - [TEST_STEP][PASSED] - Statement - If (checkbox.isSelected()): null

2018-05-10 20:04:25 - [TEST_STEP][PASSED] - Statement - checkbox.click(): null

2018-05-10 20:04:25 - [TEST_STEP][PASSED] - Statement - If (checkbox.isSelected()): null

2018-05-10 20:04:25 - [TEST_STEP][PASSED] - Statement - checkbox.click(): null

2018-05-10 20:04:25 - [TEST_STEP][PASSED] - Statement - If (checkbox.isSelected()): null

2018-05-10 20:04:25 - [TEST_STEP][PASSED] - Statement - checkbox.click(): null

2018-05-10 20:04:25 - [TEST_STEP][PASSED] - Statement - If (checkbox.isSelected()): null

2018-05-10 20:04:25 - [TEST_STEP][PASSED] - Statement - checkbox.click(): null

2018-05-10 20:04:25 - [TEST_STEP][PASSED] - Statement - If (checkbox.isSelected()): null

2018-05-10 20:04:25 - [TEST_STEP][PASSED] - Statement - checkbox.click(): null

2018-05-10 20:04:25 - [TEST_STEP][PASSED] - Statement - If (checkbox.isSelected()): null

2018-05-10 20:04:25 - [TEST_STEP][PASSED] - Statement - checkbox.click(): null

2018-05-10 20:04:25 - [TEST_STEP][PASSED] - Statement - If (checkbox.isSelected()): null

2018-05-10 20:04:25 - [TEST_STEP][PASSED] - Statement - checkbox.click(): null

2018-05-10 20:04:25 - [TEST_STEP][PASSED] - Statement - If (checkbox.isSelected()): null

2018-05-10 20:04:25 - [TEST_STEP][PASSED] - Statement - checkbox.click(): null

2018-05-10 20:04:25 - [TEST_STEP][PASSED] - Statement - If (checkbox.isSelected()): null

2018-05-10 20:04:25 - [TEST_STEP][PASSED] - Statement - checkbox.click(): null

2018-05-10 20:04:25 - [TEST_STEP][PASSED] - Statement - StoresCBList1 = driver.findElements(org.openqa.selenium.By.xpath(com.kms.katalon.core.testdata.TestDataFactory.findTestData(OR_file).getValue(2, 12))): Reading excel file with source file 'C:\Users\shalinin\Katalon Studio\HME_Scripts\Data Files\HME_OR.xlsx' and sheet name 'Sheet1'

2018-05-10 20:04:25 - [TEST_STEP][PASSED] - Statement - storesLabel = driver.findElements(org.openqa.selenium.By.xpath(com.kms.katalon.core.testdata.TestDataFactory.findTestData(OR_file).getValue(2, 10))): Reading excel file with source file 'C:\Users\shalinin\Katalon Studio\HME_Scripts\Data Files\HME_OR.xlsx' and sheet name 'Sheet1'

2018-05-10 20:04:25 - [TEST_STEP][PASSED] - Statement - groupStoresList = new java.util.ArrayList(): null

2018-05-10 20:04:25 - [TEST_STEP][PASSED] - Statement - groupStoresList1 = new java.util.ArrayList(): null

2018-05-10 20:04:25 - [TEST_STEP][PASSED] - Statement - out.println(StoresCBList1.size()): null

2018-05-10 20:04:25 - [TEST_STEP][PASSED] - Statement - size = StoresCBList1.size(): null

2018-05-10 20:04:25 - [TEST_STEP][PASSED] - Statement - For ([i = 0, i < StoresCBList1.size(), (i++)]): null

2018-05-10 20:04:25 - [TEST_STEP][PASSED] - Statement - groupStoresList[i] = storesLabel.get(i).getText(): null

2018-05-10 20:04:25 - [TEST_STEP][PASSED] - Statement - StoresCBList1.get(i).click(): null

2018-05-10 20:04:25 - [TEST_STEP][PASSED] - Statement - groupStoresList[i] = storesLabel.get(i).getText(): null

2018-05-10 20:04:25 - [TEST_STEP][PASSED] - Statement - StoresCBList1.get(i).click(): null

2018-05-10 20:04:25 - [TEST_STEP][PASSED] - Statement - groupStoresList[i] = storesLabel.get(i).getText(): null

2018-05-10 20:04:25 - [TEST_STEP][PASSED] - Statement - StoresCBList1.get(i).click(): null

2018-05-10 20:04:25 - [TEST_STEP][PASSED] - Statement - groupStoresList[i] = storesLabel.get(i).getText(): null

2018-05-10 20:04:26 - [TEST_STEP][PASSED] - Statement - StoresCBList1.get(i).click(): null

2018-05-10 20:04:26 - [TEST_STEP][PASSED] - Statement - groupStoresList[i] = storesLabel.get(i).getText(): null

2018-05-10 20:04:26 - [TEST_STEP][PASSED] - Statement - StoresCBList1.get(i).click(): null

2018-05-10 20:04:26 - [TEST_STEP][PASSED] - Statement - groupStoresList[i] = storesLabel.get(i).getText(): null

2018-05-10 20:04:26 - [TEST_STEP][PASSED] - Statement - StoresCBList1.get(i).click(): null

2018-05-10 20:04:26 - [TEST_STEP][PASSED] - Statement - groupStoresList[i] = storesLabel.get(i).getText(): null

2018-05-10 20:04:26 - [TEST_STEP][PASSED] - Statement - StoresCBList1.get(i).click(): null

2018-05-10 20:04:26 - [TEST_STEP][PASSED] - Statement - groupStoresList[i] = storesLabel.get(i).getText(): null

2018-05-10 20:04:26 - [TEST_STEP][PASSED] - Statement - StoresCBList1.get(i).click(): null

2018-05-10 20:04:26 - [TEST_STEP][PASSED] - Statement - groupStoresList[i] = storesLabel.get(i).getText(): null

2018-05-10 20:04:26 - [TEST_STEP][PASSED] - Statement - StoresCBList1.get(i).click(): null

2018-05-10 20:04:26 - [TEST_STEP][PASSED] - Statement - groupStoresList[i] = storesLabel.get(i).getText(): null

2018-05-10 20:04:26 - [TEST_STEP][PASSED] - Statement - StoresCBList1.get(i).click(): null

2018-05-10 20:04:26 - [TEST_STEP][PASSED] - Statement - groupStoresList[i] = storesLabel.get(i).getText(): null

2018-05-10 20:04:26 - [TEST_STEP][PASSED] - Statement - StoresCBList1.get(i).click(): null

2018-05-10 20:04:26 - [TEST_STEP][PASSED] - Statement - groupStoresList[i] = storesLabel.get(i).getText(): null

2018-05-10 20:04:26 - [TEST_STEP][PASSED] - Statement - StoresCBList1.get(i).click(): null

2018-05-10 20:04:26 - [TEST_STEP][PASSED] - Statement - groupStoresList[i] = storesLabel.get(i).getText(): null

2018-05-10 20:04:26 - [TEST_STEP][PASSED] - Statement - StoresCBList1.get(i).click(): null

2018-05-10 20:04:26 - [TEST_STEP][PASSED] - Statement - groupStoresList[i] = storesLabel.get(i).getText(): null

2018-05-10 20:04:26 - [TEST_STEP][PASSED] - Statement - StoresCBList1.get(i).click(): null

2018-05-10 20:04:26 - [TEST_STEP][PASSED] - Statement - groupStoresList[i] = storesLabel.get(i).getText(): null

2018-05-10 20:04:26 - [TEST_STEP][PASSED] - Statement - StoresCBList1.get(i).click(): null

2018-05-10 20:04:26 - [TEST_STEP][PASSED] - Statement - groupStoresList[i] = storesLabel.get(i).getText(): null

2018-05-10 20:04:26 - [TEST_STEP][PASSED] - Statement - StoresCBList1.get(i).click(): null

2018-05-10 20:04:26 - [TEST_STEP][PASSED] - Statement - groupStoresList[i] = storesLabel.get(i).getText(): null

2018-05-10 20:04:26 - [TEST_STEP][PASSED] - Statement - StoresCBList1.get(i).click(): null

2018-05-10 20:04:26 - [TEST_STEP][PASSED] - Statement - For ([i = 0, i < StoresCBList1.size() - 10, (i++)]): null

2018-05-10 20:04:26 - [TEST_STEP][PASSED] - Statement - groupStoresList1[i] = storesLabel.get(i).getText(): null

2018-05-10 20:04:26 - [TEST_STEP][PASSED] - Statement - groupStoresList1[i] = storesLabel.get(i).getText(): null

2018-05-10 20:04:26 - [TEST_STEP][PASSED] - Statement - groupStoresList1[i] = storesLabel.get(i).getText(): null

2018-05-10 20:04:26 - [TEST_STEP][PASSED] - Statement - groupStoresList1[i] = storesLabel.get(i).getText(): null

2018-05-10 20:04:26 - [TEST_STEP][PASSED] - Statement - groupStoresList1[i] = storesLabel.get(i).getText(): null

2018-05-10 20:04:26 - [TEST_STEP][PASSED] - Statement - groupStoresList1[i] = storesLabel.get(i).getText(): null

2018-05-10 20:04:26 - [TEST_STEP][PASSED] - Statement - groupStoresList1[i] = storesLabel.get(i).getText(): null

2018-05-10 20:04:26 - [TEST_STEP][PASSED] - Statement - out.println(groupStoresList): null

2018-05-10 20:04:26 - [TEST_STEP][PASSED] - uiaction.CommonUIActions.click: uiaction.CommonUIActions.click is PASSED

2018-05-10 20:04:26 - [MESSAGE][PASSED] - uiaction.CommonUIActions.click is PASSED

2018-05-10 20:04:26 - [TEST_STEP][PASSED] - delay: Delayed 5 second(s)

2018-05-10 20:04:31 - [MESSAGE][PASSED] - Delayed 5 second(s)

2018-05-10 20:04:31 - [TEST_STEP][PASSED] - Statement - secondStoreListBox1 = driver.findElements(org.openqa.selenium.By.xpath(com.kms.katalon.core.testdata.TestDataFactory.findTestData(OR_file).getValue(2, 11))): Reading excel file with source file 'C:\Users\shalinin\Katalon Studio\HME_Scripts\Data Files\HME_OR.xlsx' and sheet name 'Sheet1'

2018-05-10 20:04:31 - [TEST_STEP][PASSED] - Statement - actualList1 = new java.util.ArrayList(): null

2018-05-10 20:04:31 - [TEST_STEP][PASSED] - Statement - For ([i = 0, i < secondStoreListBox1.size(), (i++)]): null

2018-05-10 20:04:31 - [TEST_STEP][PASSED] - Statement - actualList1.add(i, secondStoreListBox1.get(i).getText()): null

2018-05-10 20:04:31 - [TEST_STEP][PASSED] - Statement - actualList1.add(i, secondStoreListBox1.get(i).getText()): null

2018-05-10 20:04:31 - [TEST_STEP][PASSED] - Statement - actualList1.add(i, secondStoreListBox1.get(i).getText()): null

2018-05-10 20:04:31 - [TEST_STEP][PASSED] - Statement - actualList1.add(i, secondStoreListBox1.get(i).getText()): null

2018-05-10 20:04:31 - [TEST_STEP][PASSED] - Statement - actualList1.add(i, secondStoreListBox1.get(i).getText()): null

2018-05-10 20:04:32 - [TEST_STEP][PASSED] - Statement - actualList1.add(i, secondStoreListBox1.get(i).getText()): null

2018-05-10 20:04:32 - [TEST_STEP][PASSED] - Statement - actualList1.add(i, secondStoreListBox1.get(i).getText()): null

2018-05-10 20:04:32 - [TEST_STEP][PASSED] - Statement - actualList1.add(i, secondStoreListBox1.get(i).getText()): null

2018-05-10 20:04:32 - [TEST_STEP][PASSED] - Statement - actualList1.add(i, secondStoreListBox1.get(i).getText()): null

2018-05-10 20:04:32 - [TEST_STEP][PASSED] - Statement - actualList1.add(i, secondStoreListBox1.get(i).getText()): null

2018-05-10 20:04:32 - [TEST_STEP][PASSED] - Statement - actualList1.add(i, secondStoreListBox1.get(i).getText()): null

2018-05-10 20:04:32 - [TEST_STEP][PASSED] - Statement - actualList1.add(i, secondStoreListBox1.get(i).getText()): null

2018-05-10 20:04:32 - [TEST_STEP][PASSED] - Statement - actualList1.add(i, secondStoreListBox1.get(i).getText()): null

2018-05-10 20:04:32 - [TEST_STEP][PASSED] - Statement - actualList1.add(i, secondStoreListBox1.get(i).getText()): null

2018-05-10 20:04:32 - [TEST_STEP][PASSED] - Statement - actualList1.add(i, secondStoreListBox1.get(i).getText()): null

2018-05-10 20:04:32 - [TEST_STEP][PASSED] - Statement - actualList1.add(i, secondStoreListBox1.get(i).getText()): null

2018-05-10 20:04:32 - [TEST_STEP][PASSED] - Statement - actualList1.add(i, secondStoreListBox1.get(i).getText()): null

2018-05-10 20:04:32 - [TEST_STEP][PASSED] - Statement - out.println(actualList1): null

2018-05-10 20:04:32 - [TEST_STEP][PASSED] - delay: Delayed 10 second(s)

2018-05-10 20:04:42 - [MESSAGE][PASSED] - Delayed 10 second(s)

2018-05-10 20:04:42 - [TEST_STEP][PASSED] - Statement - If (actualList1.containsAll(groupStoresList)): null

2018-05-10 20:04:42 - [TEST_STEP][PASSED] - Statement - println("Selected stores are displayed in Group/Stores in Group listbox"): null

2018-05-10 20:04:42 - [TEST_STEP][PASSED] - uiaction.CommonUIActions.click: uiaction.CommonUIActions.click is PASSED

2018-05-10 20:04:42 - [MESSAGE][PASSED] - uiaction.CommonUIActions.click is PASSED

2018-05-10 20:04:42 - [TEST_STEP][PASSED] - verifyElementPresent: Object 'Object Repository/ReportingGroupManagement/groupCreatedMsg' is present

2018-05-10 20:04:43 - [MESSAGE][PASSED] - Object 'Object Repository/ReportingGroupManagement/groupCreatedMsg' is present

2018-05-10 20:04:43 - [TEST_STEP][PASSED] - delay: Delayed 10 second(s)

2018-05-10 20:04:53 - [MESSAGE][PASSED] - Delayed 10 second(s)

2018-05-10 20:04:53 - [TEST_STEP][PASSED] - uiaction.CommonUIActions.back: uiaction.CommonUIActions.back is PASSED

2018-05-10 20:04:53 - [MESSAGE][PASSED] - Navigate back successfully

2018-05-10 20:04:53 - [MESSAGE][PASSED] - uiaction.CommonUIActions.back is PASSED

2018-05-10 20:04:53 - [TEST_STEP][PASSED] - delay: Delayed 5 second(s)

2018-05-10 20:04:58 - [MESSAGE][PASSED] - Delayed 5 second(s)

2018-05-10 20:04:58 - [TEST_STEP][PASSED] - uiaction.CommonUIActions.back: uiaction.CommonUIActions.back is PASSED

2018-05-10 20:04:58 - [MESSAGE][PASSED] - Navigate back successfully

2018-05-10 20:04:58 - [MESSAGE][PASSED] - uiaction.CommonUIActions.back is PASSED

2018-05-10 20:04:58 - [TEST_STEP][PASSED] - delay: Delayed 5 second(s)

2018-05-10 20:05:03 - [MESSAGE][PASSED] - Delayed 5 second(s)

2018-05-10 20:05:03 - [TEST_STEP][PASSED] - Statement - groupHierarchyList = driver.findElements(org.openqa.selenium.By.xpath(com.kms.katalon.core.testdata.TestDataFactory.findTestData(OR_file).getValue(2, 13))): Reading excel file with source file 'C:\Users\shalinin\Katalon Studio\HME_Scripts\Data Files\HME_OR.xlsx' and sheet name 'Sheet1'

2018-05-10 20:05:03 - [TEST_STEP][PASSED] - Statement - actualgroupList = new java.util.ArrayList(): null

2018-05-10 20:05:03 - [TEST_STEP][PASSED] - Statement - For ([i = 0, i < groupHierarchyList.size(), (i++)]): null

2018-05-10 20:05:03 - [TEST_STEP][PASSED] - Statement - actualgroupList.add(i, groupHierarchyList.get(i).getText()): null

2018-05-10 20:05:03 - [TEST_STEP][PASSED] - Statement - out.println(actualgroupList): null

2018-05-10 20:05:03 - [TEST_STEP][PASSED] - delay: Delayed 5 second(s)

2018-05-10 20:05:08 - [MESSAGE][PASSED] - Delayed 5 second(s)

2018-05-10 20:05:08 - [TEST_STEP][PASSED] - Statement - groupName = CustomKeywords.projectSpecific.Reusability.getTestData("ReportingGroupManagementPage", "GroupName"): projectSpecific.Reusability.getTestData is PASSED

2018-05-10 20:05:08 - [MESSAGE][PASSED] - projectSpecific.Reusability.getTestData is PASSED

2018-05-10 20:05:08 - [TEST_STEP][PASSED] - Statement - If (actualgroupList.contains(groupName)): null

2018-05-10 20:05:08 - [TEST_STEP][PASSED] - Statement - println("Automation Group is available in group hierarchy"): null

2018-05-10 20:05:08 - [TEST_STEP][PASSED] - uiaction.CommonUIActions.click: uiaction.CommonUIActions.click is PASSED

2018-05-10 20:05:08 - [MESSAGE][PASSED] - uiaction.CommonUIActions.click is PASSED

2018-05-10 20:05:08 - [TEST_STEP][PASSED] - Statement - subGroupList = new java.util.ArrayList(): null

2018-05-10 20:05:08 - [TEST_STEP][PASSED] - Statement - For ([i = 1, i <= size, (i++)]): null

2018-05-10 20:05:08 - [TEST_STEP][PASSED] - Statement - groupXpath = "(//span[@title='" + groupName + "']/following-sibling::ul/li/span[3]/span[2])[" + i + "]": null

2018-05-10 20:05:08 - [TEST_STEP][PASSED] - Statement - println(groupXpath): null

2018-05-10 20:05:08 - [TEST_STEP][PASSED] - Statement - childgroup = driver.findElement(org.openqa.selenium.By.xpath(groupXpath)).getText(): null

2018-05-10 20:05:08 - [TEST_STEP][PASSED] - Statement - println(childgroup): null

2018-05-10 20:05:08 - [TEST_STEP][PASSED] - Statement - subGroupList[i - 1] = childgroup: null

2018-05-10 20:05:08 - [TEST_STEP][PASSED] - Statement - groupXpath = "(//span[@title='" + groupName + "']/following-sibling::ul/li/span[3]/span[2])[" + i + "]": null

2018-05-10 20:05:08 - [TEST_STEP][PASSED] - Statement - println(groupXpath): null

2018-05-10 20:05:08 - [TEST_STEP][PASSED] - Statement - childgroup = driver.findElement(org.openqa.selenium.By.xpath(groupXpath)).getText(): null

2018-05-10 20:05:08 - [TEST_STEP][PASSED] - Statement - println(childgroup): null

2018-05-10 20:05:08 - [TEST_STEP][PASSED] - Statement - subGroupList[i - 1] = childgroup: null

2018-05-10 20:05:08 - [TEST_STEP][PASSED] - Statement - groupXpath = "(//span[@title='" + groupName + "']/following-sibling::ul/li/span[3]/span[2])[" + i + "]": null

2018-05-10 20:05:08 - [TEST_STEP][PASSED] - Statement - println(groupXpath): null

2018-05-10 20:05:08 - [TEST_STEP][PASSED] - Statement - childgroup = driver.findElement(org.openqa.selenium.By.xpath(groupXpath)).getText(): null

2018-05-10 20:05:08 - [TEST_STEP][PASSED] - Statement - println(childgroup): null

2018-05-10 20:05:08 - [TEST_STEP][PASSED] - Statement - subGroupList[i - 1] = childgroup: null

2018-05-10 20:05:08 - [TEST_STEP][PASSED] - Statement - groupXpath = "(//span[@title='" + groupName + "']/following-sibling::ul/li/span[3]/span[2])[" + i + "]": null

2018-05-10 20:05:08 - [TEST_STEP][PASSED] - Statement - println(groupXpath): null

2018-05-10 20:05:08 - [TEST_STEP][PASSED] - Statement - childgroup = driver.findElement(org.openqa.selenium.By.xpath(groupXpath)).getText(): null

2018-05-10 20:05:08 - [TEST_STEP][PASSED] - Statement - println(childgroup): null

2018-05-10 20:05:08 - [TEST_STEP][PASSED] - Statement - subGroupList[i - 1] = childgroup: null

2018-05-10 20:05:08 - [TEST_STEP][PASSED] - Statement - groupXpath = "(//span[@title='" + groupName + "']/following-sibling::ul/li/span[3]/span[2])[" + i + "]": null

2018-05-10 20:05:08 - [TEST_STEP][PASSED] - Statement - println(groupXpath): null

2018-05-10 20:05:08 - [TEST_STEP][PASSED] - Statement - childgroup = driver.findElement(org.openqa.selenium.By.xpath(groupXpath)).getText(): null

2018-05-10 20:05:08 - [TEST_STEP][PASSED] - Statement - println(childgroup): null

2018-05-10 20:05:08 - [TEST_STEP][PASSED] - Statement - subGroupList[i - 1] = childgroup: null

2018-05-10 20:05:08 - [TEST_STEP][PASSED] - Statement - groupXpath = "(//span[@title='" + groupName + "']/following-sibling::ul/li/span[3]/span[2])[" + i + "]": null

2018-05-10 20:05:08 - [TEST_STEP][PASSED] - Statement - println(groupXpath): null

2018-05-10 20:05:08 - [TEST_STEP][PASSED] - Statement - childgroup = driver.findElement(org.openqa.selenium.By.xpath(groupXpath)).getText(): null

2018-05-10 20:05:08 - [TEST_STEP][PASSED] - Statement - println(childgroup): null

2018-05-10 20:05:08 - [TEST_STEP][PASSED] - Statement - subGroupList[i - 1] = childgroup: null

2018-05-10 20:05:08 - [TEST_STEP][PASSED] - Statement - groupXpath = "(//span[@title='" + groupName + "']/following-sibling::ul/li/span[3]/span[2])[" + i + "]": null

2018-05-10 20:05:08 - [TEST_STEP][PASSED] - Statement - println(groupXpath): null

2018-05-10 20:05:08 - [TEST_STEP][PASSED] - Statement - childgroup = driver.findElement(org.openqa.selenium.By.xpath(groupXpath)).getText(): null

2018-05-10 20:05:08 - [TEST_STEP][PASSED] - Statement - println(childgroup): null

2018-05-10 20:05:08 - [TEST_STEP][PASSED] - Statement - subGroupList[i - 1] = childgroup: null

2018-05-10 20:05:08 - [TEST_STEP][PASSED] - Statement - groupXpath = "(//span[@title='" + groupName + "']/following-sibling::ul/li/span[3]/span[2])[" + i + "]": null

2018-05-10 20:05:08 - [TEST_STEP][PASSED] - Statement - println(groupXpath): null

2018-05-10 20:05:08 - [TEST_STEP][PASSED] - Statement - childgroup = driver.findElement(org.openqa.selenium.By.xpath(groupXpath)).getText(): null

2018-05-10 20:05:09 - [TEST_STEP][PASSED] - Statement - println(childgroup): null

2018-05-10 20:05:09 - [TEST_STEP][PASSED] - Statement - subGroupList[i - 1] = childgroup: null

2018-05-10 20:05:09 - [TEST_STEP][PASSED] - Statement - groupXpath = "(//span[@title='" + groupName + "']/following-sibling::ul/li/span[3]/span[2])[" + i + "]": null

2018-05-10 20:05:09 - [TEST_STEP][PASSED] - Statement - println(groupXpath): null

2018-05-10 20:05:09 - [TEST_STEP][PASSED] - Statement - childgroup = driver.findElement(org.openqa.selenium.By.xpath(groupXpath)).getText(): null

2018-05-10 20:05:09 - [TEST_STEP][PASSED] - Statement - println(childgroup): null

2018-05-10 20:05:09 - [TEST_STEP][PASSED] - Statement - subGroupList[i - 1] = childgroup: null

2018-05-10 20:05:09 - [TEST_STEP][PASSED] - Statement - groupXpath = "(//span[@title='" + groupName + "']/following-sibling::ul/li/span[3]/span[2])[" + i + "]": null

2018-05-10 20:05:09 - [TEST_STEP][PASSED] - Statement - println(groupXpath): null

2018-05-10 20:05:09 - [TEST_STEP][PASSED] - Statement - childgroup = driver.findElement(org.openqa.selenium.By.xpath(groupXpath)).getText(): null

2018-05-10 20:05:09 - [TEST_STEP][PASSED] - Statement - println(childgroup): null

2018-05-10 20:05:09 - [TEST_STEP][PASSED] - Statement - subGroupList[i - 1] = childgroup: null

2018-05-10 20:05:09 - [TEST_STEP][PASSED] - Statement - groupXpath = "(//span[@title='" + groupName + "']/following-sibling::ul/li/span[3]/span[2])[" + i + "]": null

2018-05-10 20:05:09 - [TEST_STEP][PASSED] - Statement - println(groupXpath): null

2018-05-10 20:05:09 - [TEST_STEP][PASSED] - Statement - childgroup = driver.findElement(org.openqa.selenium.By.xpath(groupXpath)).getText(): null

2018-05-10 20:05:09 - [TEST_STEP][PASSED] - Statement - println(childgroup): null

2018-05-10 20:05:09 - [TEST_STEP][PASSED] - Statement - subGroupList[i - 1] = childgroup: null

2018-05-10 20:05:09 - [TEST_STEP][PASSED] - Statement - groupXpath = "(//span[@title='" + groupName + "']/following-sibling::ul/li/span[3]/span[2])[" + i + "]": null

2018-05-10 20:05:09 - [TEST_STEP][PASSED] - Statement - println(groupXpath): null

2018-05-10 20:05:09 - [TEST_STEP][PASSED] - Statement - childgroup = driver.findElement(org.openqa.selenium.By.xpath(groupXpath)).getText(): null

2018-05-10 20:05:09 - [TEST_STEP][PASSED] - Statement - println(childgroup): null

2018-05-10 20:05:09 - [TEST_STEP][PASSED] - Statement - subGroupList[i - 1] = childgroup: null

2018-05-10 20:05:09 - [TEST_STEP][PASSED] - Statement - groupXpath = "(//span[@title='" + groupName + "']/following-sibling::ul/li/span[3]/span[2])[" + i + "]": null

2018-05-10 20:05:09 - [TEST_STEP][PASSED] - Statement - println(groupXpath): null

2018-05-10 20:05:09 - [TEST_STEP][PASSED] - Statement - childgroup = driver.findElement(org.openqa.selenium.By.xpath(groupXpath)).getText(): null

2018-05-10 20:05:09 - [TEST_STEP][PASSED] - Statement - println(childgroup): null

2018-05-10 20:05:09 - [TEST_STEP][PASSED] - Statement - subGroupList[i - 1] = childgroup: null

2018-05-10 20:05:09 - [TEST_STEP][PASSED] - Statement - groupXpath = "(//span[@title='" + groupName + "']/following-sibling::ul/li/span[3]/span[2])[" + i + "]": null

2018-05-10 20:05:09 - [TEST_STEP][PASSED] - Statement - println(groupXpath): null

2018-05-10 20:05:09 - [TEST_STEP][PASSED] - Statement - childgroup = driver.findElement(org.openqa.selenium.By.xpath(groupXpath)).getText(): null

2018-05-10 20:05:09 - [TEST_STEP][PASSED] - Statement - println(childgroup): null

2018-05-10 20:05:09 - [TEST_STEP][PASSED] - Statement - subGroupList[i - 1] = childgroup: null

2018-05-10 20:05:09 - [TEST_STEP][PASSED] - Statement - groupXpath = "(//span[@title='" + groupName + "']/following-sibling::ul/li/span[3]/span[2])[" + i + "]": null

2018-05-10 20:05:09 - [TEST_STEP][PASSED] - Statement - println(groupXpath): null

2018-05-10 20:05:09 - [TEST_STEP][PASSED] - Statement - childgroup = driver.findElement(org.openqa.selenium.By.xpath(groupXpath)).getText(): null

2018-05-10 20:05:09 - [TEST_STEP][PASSED] - Statement - println(childgroup): null

2018-05-10 20:05:09 - [TEST_STEP][PASSED] - Statement - subGroupList[i - 1] = childgroup: null

2018-05-10 20:05:09 - [TEST_STEP][PASSED] - Statement - groupXpath = "(//span[@title='" + groupName + "']/following-sibling::ul/li/span[3]/span[2])[" + i + "]": null

2018-05-10 20:05:09 - [TEST_STEP][PASSED] - Statement - println(groupXpath): null

2018-05-10 20:05:09 - [TEST_STEP][PASSED] - Statement - childgroup = driver.findElement(org.openqa.selenium.By.xpath(groupXpath)).getText(): null

2018-05-10 20:05:09 - [TEST_STEP][PASSED] - Statement - println(childgroup): null

2018-05-10 20:05:09 - [TEST_STEP][PASSED] - Statement - subGroupList[i - 1] = childgroup: null

2018-05-10 20:05:09 - [TEST_STEP][PASSED] - Statement - groupXpath = "(//span[@title='" + groupName + "']/following-sibling::ul/li/span[3]/span[2])[" + i + "]": null

2018-05-10 20:05:09 - [TEST_STEP][PASSED] - Statement - println(groupXpath): null

2018-05-10 20:05:09 - [TEST_STEP][PASSED] - Statement - childgroup = driver.findElement(org.openqa.selenium.By.xpath(groupXpath)).getText(): null

2018-05-10 20:05:09 - [TEST_STEP][PASSED] - Statement - println(childgroup): null

2018-05-10 20:05:09 - [TEST_STEP][PASSED] - Statement - subGroupList[i - 1] = childgroup: null

2018-05-10 20:05:09 - [TEST_STEP][PASSED] - Statement - println(subGroupList): null

2018-05-10 20:05:09 - [TEST_STEP][PASSED] - Statement - println(groupStoresList1): null

2018-05-10 20:05:09 - [TEST_STEP][PASSED] - Statement - If (subGroupList.containsAll(groupStoresList1)): null

2018-05-10 20:05:09 - [TEST_STEP][PASSED] - Statement - println("Parent group have all the associated stores and groups"): null

2018-05-10 20:05:09 - [TEST_STEP][PASSED] - uiaction.CommonUIActions.click: uiaction.CommonUIActions.click is PASSED

2018-05-10 20:05:09 - [MESSAGE][PASSED] - uiaction.CommonUIActions.click is PASSED

2018-05-10 20:05:09 - [TEST_STEP][PASSED] - uiaction.CommonUIActions.click: uiaction.CommonUIActions.click is PASSED

2018-05-10 20:05:11 - [MESSAGE][PASSED] - uiaction.CommonUIActions.click is PASSED

2018-05-10 20:05:11 - [TEST_STEP][PASSED] - Statement - storesList = driver.findElements(org.openqa.selenium.By.xpath(com.kms.katalon.core.testdata.TestDataFactory.findTestData(OR_file).getValue(2, 16))): Reading excel file with source file 'C:\Users\shalinin\Katalon Studio\HME_Scripts\Data Files\HME_OR.xlsx' and sheet name 'Sheet1'

2018-05-10 20:05:11 - [TEST_STEP][PASSED] - Statement - For ([i = 1, i <= storesList.size(), (i++)]): null

2018-05-10 20:05:11 - [TEST_STEP][PASSED] - Statement - reportgroup = "(//div[@class='ctable']/table/tbody/tr[@class='tdata clear'])[" + i + "]/td[7]": null

2018-05-10 20:05:11 - [TEST_STEP][PASSED] - Statement - reportgroupTxt = driver.findElement(org.openqa.selenium.By.xpath(reportgroup)).getText(): null

2018-05-10 20:05:11 - [TEST_STEP][PASSED] - Statement - If (reportgroupTxt == "AutomationGroup"): null

2018-05-10 20:05:11 - [TEST_STEP][PASSED] - Statement - println("Report group has right group name"): null

2018-05-10 20:05:11 - [TEST_STEP][PASSED] - Statement - reportgroup = "(//div[@class='ctable']/table/tbody/tr[@class='tdata clear'])[" + i + "]/td[7]": null

2018-05-10 20:05:11 - [TEST_STEP][PASSED] - Statement - reportgroupTxt = driver.findElement(org.openqa.selenium.By.xpath(reportgroup)).getText(): null

2018-05-10 20:05:11 - [TEST_STEP][PASSED] - Statement - If (reportgroupTxt == "AutomationGroup"): null

2018-05-10 20:05:11 - [TEST_STEP][PASSED] - Statement - println("Report group has right group name"): null

2018-05-10 20:05:11 - [TEST_STEP][PASSED] - Statement - reportgroup = "(//div[@class='ctable']/table/tbody/tr[@class='tdata clear'])[" + i + "]/td[7]": null

2018-05-10 20:05:11 - [TEST_STEP][PASSED] - Statement - reportgroupTxt = driver.findElement(org.openqa.selenium.By.xpath(reportgroup)).getText(): null

2018-05-10 20:05:12 - [TEST_STEP][PASSED] - Statement - If (reportgroupTxt == "AutomationGroup"): null

2018-05-10 20:05:12 - [TEST_STEP][PASSED] - Statement - println("Report group has right group name"): null

2018-05-10 20:05:12 - [TEST_STEP][PASSED] - Statement - reportgroup = "(//div[@class='ctable']/table/tbody/tr[@class='tdata clear'])[" + i + "]/td[7]": null

2018-05-10 20:05:12 - [TEST_STEP][PASSED] - Statement - reportgroupTxt = driver.findElement(org.openqa.selenium.By.xpath(reportgroup)).getText(): null

2018-05-10 20:05:12 - [TEST_STEP][PASSED] - Statement - If (reportgroupTxt == "AutomationGroup"): null

2018-05-10 20:05:12 - [TEST_STEP][PASSED] - Statement - println("Report group has right group name"): null

2018-05-10 20:05:12 - [TEST_STEP][PASSED] - Statement - reportgroup = "(//div[@class='ctable']/table/tbody/tr[@class='tdata clear'])[" + i + "]/td[7]": null

2018-05-10 20:05:12 - [TEST_STEP][PASSED] - Statement - reportgroupTxt = driver.findElement(org.openqa.selenium.By.xpath(reportgroup)).getText(): null

2018-05-10 20:05:12 - [TEST_STEP][PASSED] - Statement - If (reportgroupTxt == "AutomationGroup"): null

2018-05-10 20:05:12 - [TEST_STEP][PASSED] - Statement - println("Report group has right group name"): null

2018-05-10 20:05:12 - [TEST_STEP][PASSED] - Statement - reportgroup = "(//div[@class='ctable']/table/tbody/tr[@class='tdata clear'])[" + i + "]/td[7]": null

2018-05-10 20:05:12 - [TEST_STEP][PASSED] - Statement - reportgroupTxt = driver.findElement(org.openqa.selenium.By.xpath(reportgroup)).getText(): null

2018-05-10 20:05:12 - [TEST_STEP][PASSED] - Statement - If (reportgroupTxt == "AutomationGroup"): null

2018-05-10 20:05:12 - [TEST_STEP][PASSED] - Statement - println("Report group has right group name"): null

2018-05-10 20:05:12 - [TEST_STEP][PASSED] - uiaction.CommonUIActions.click: uiaction.CommonUIActions.click is PASSED

2018-05-10 20:05:12 - [MESSAGE][PASSED] - uiaction.CommonUIActions.click is PASSED

2018-05-10 20:05:12 - [TEST_STEP][PASSED] - uiaction.CommonUIActions.click: uiaction.CommonUIActions.click is PASSED

2018-05-10 20:05:13 - [MESSAGE][PASSED] - uiaction.CommonUIActions.click is PASSED

2018-05-10 20:05:13 - [TEST_STEP][PASSED] - delay: Delayed 10 second(s)

2018-05-10 20:05:23 - [MESSAGE][PASSED] - Delayed 10 second(s)

2018-05-10 20:05:23 - [TEST_STEP][PASSED] - uiaction.CommonUIActions.click: uiaction.CommonUIActions.click is PASSED

2018-05-10 20:05:23 - [MESSAGE][PASSED] - uiaction.CommonUIActions.click is PASSED

2018-05-10 20:05:23 - [TEST_STEP][PASSED] - uiaction.CommonUIActions.click: uiaction.CommonUIActions.click is PASSED

2018-05-10 20:05:23 - [MESSAGE][PASSED] - uiaction.CommonUIActions.click is PASSED

2018-05-10 20:05:23 - [TEST_STEP][PASSED] - uiaction.CommonUIActions.click: uiaction.CommonUIActions.click is PASSED

2018-05-10 20:05:23 - [MESSAGE][PASSED] - uiaction.CommonUIActions.click is PASSED

2018-05-10 20:05:23 - [TEST_STEP][PASSED] - delay: Delayed 10 second(s)

2018-05-10 20:05:33 - [MESSAGE][PASSED] - Delayed 10 second(s)

2018-05-10 20:05:33 - [TEST_STEP][PASSED] - uiaction.CommonUIActions.back: uiaction.CommonUIActions.back is PASSED

2018-05-10 20:05:33 - [MESSAGE][PASSED] - Navigate back successfully

2018-05-10 20:05:33 - [MESSAGE][PASSED] - uiaction.CommonUIActions.back is PASSED

2018-05-10 20:05:33 - [TEST_STEP][PASSED] - delay: Delayed 5 second(s)

2018-05-10 20:05:38 - [MESSAGE][PASSED] - Delayed 5 second(s)

2018-05-10 20:05:38 - [TEST_STEP][PASSED] - uiaction.CommonUIActions.back: uiaction.CommonUIActions.back is PASSED

2018-05-10 20:05:39 - [MESSAGE][PASSED] - Navigate back successfully

2018-05-10 20:05:39 - [MESSAGE][PASSED] - uiaction.CommonUIActions.back is PASSED

2018-05-10 20:05:39 - [TEST_STEP][PASSED] - delay: Delayed 5 second(s)

2018-05-10 20:05:44 - [MESSAGE][PASSED] - Delayed 5 second(s)

2018-05-10 20:05:44 - [TEST_STEP][PASSED] - uiaction.CommonUIActions.click: uiaction.CommonUIActions.click is PASSED

2018-05-10 20:05:44 - [MESSAGE][PASSED] - uiaction.CommonUIActions.click is PASSED

2018-05-10 20:05:44 - [TEST_STEP][PASSED] - uiaction.CommonUIActions.click: uiaction.CommonUIActions.click is PASSED

2018-05-10 20:05:44 - [MESSAGE][PASSED] - uiaction.CommonUIActions.click is PASSED

2018-05-10 20:05:44 - [TEST_STEP][PASSED] - uiaction.CommonUIActions.click: uiaction.CommonUIActions.click is PASSED

2018-05-10 20:05:44 - [MESSAGE][PASSED] - uiaction.CommonUIActions.click is PASSED

2018-05-10 20:05:44 - [TEST_STEP][PASSED] - uiaction.CommonUIActions.click: uiaction.CommonUIActions.click is PASSED

2018-05-10 20:05:46 - [MESSAGE][PASSED] - uiaction.CommonUIActions.click is PASSED

2018-05-10 20:05:46 - [TEST_STEP][PASSED] - Statement - assert TCflag == true: null

2018-05-10 20:05:46 - [TEST_STEP][PASSED] - Start listener action : sampleAfterTestCase: Browser is closed

2018-05-10 20:05:46 - [TEST_STEP][PASSED] - Statement - println(testCaseContext.getTestCaseId()): null

2018-05-10 20:05:46 - [TEST_STEP][PASSED] - Statement - println(testCaseContext.getTestCaseStatus()): null

2018-05-10 20:05:46 - [TEST_STEP][PASSED] - closeBrowser: Browser is closed

2018-05-10 20:05:47 - [MESSAGE][PASSED] - Browser is closed]]></system-out>
         <system-err><![CDATA[]]></system-err>
      </testcase>
      <testcase name="Test Cases/CreateGroupTC/HME-CreateGroup-06" classname="Test Cases/CreateGroupTC/HME-CreateGroup-06" status="PASSED">
         <system-out><![CDATA[2018-05-10 20:05:47 - [TEST_CASE][PASSED] - Test Cases/CreateGroupTC/HME-CreateGroup-06: Browser is closed

2018-05-10 20:05:47 - [TEST_STEP][PASSED] - Start listener action : sampleBeforeTestCase: uiaction.CommonUIActions.deleteAllCookies is PASSED

2018-05-10 20:05:47 - [TEST_STEP][PASSED] - openBrowser: Browser is opened with url: ''

2018-05-10 20:05:49 - [MESSAGE][PASSED] - Browser is opened with url: ''

2018-05-10 20:05:49 - [TEST_STEP][PASSED] - maximizeWindow: Current window maximized

2018-05-10 20:05:51 - [MESSAGE][PASSED] - Current window maximized

2018-05-10 20:05:51 - [TEST_STEP][PASSED] - uiaction.CommonUIActions.deleteAllCookies: uiaction.CommonUIActions.deleteAllCookies is PASSED

2018-05-10 20:05:51 - [MESSAGE][PASSED] - Delete all cookies successfully

2018-05-10 20:05:51 - [MESSAGE][PASSED] - uiaction.CommonUIActions.deleteAllCookies is PASSED

2018-05-10 20:05:51 - [TEST_STEP][PASSED] - Statement - TCflag = true: null

2018-05-10 20:05:51 - [TEST_STEP][PASSED] - Statement - Try: uiaction.CommonUIActions.click is PASSED

2018-05-10 20:05:51 - [TEST_STEP][PASSED] - navigateToUrl: Navigate to 'https://hme-dev-public-cloud-app.azurewebsites.net/' successfully

2018-05-10 20:05:54 - [MESSAGE][PASSED] - Navigate to 'https://hme-dev-public-cloud-app.azurewebsites.net/' successfully

2018-05-10 20:05:54 - [TEST_STEP][PASSED] - projectSpecific.Reusability.login: projectSpecific.Reusability.login is PASSED

2018-05-10 20:05:54 - [MESSAGE][PASSED] - projectSpecific.Reusability.getTestData is PASSED

2018-05-10 20:05:54 - [MESSAGE][PASSED] - projectSpecific.Reusability.getTestData is PASSED

2018-05-10 20:05:54 - [MESSAGE][PASSED] - Text 'selvendrank@nousinfo.com' is set on object 'Object Repository/LoginPage/Username'

2018-05-10 20:05:54 - [MESSAGE][PASSED] - Text 'nous;123' is set on object 'Object Repository/LoginPage/Password'

2018-05-10 20:05:54 - [MESSAGE][PASSED] - Object: 'Object Repository/LoginPage/Login' is clicked on

2018-05-10 20:05:54 - [MESSAGE][PASSED] - projectSpecific.Reusability.login is PASSED

2018-05-10 20:05:54 - [TEST_STEP][PASSED] - delay: Delayed 5 second(s)

2018-05-10 20:05:59 - [MESSAGE][PASSED] - Delayed 5 second(s)

2018-05-10 20:05:59 - [TEST_STEP][PASSED] - uiaction.CommonUIActions.click: uiaction.CommonUIActions.click is PASSED

2018-05-10 20:06:23 - [MESSAGE][PASSED] - uiaction.CommonUIActions.click is PASSED

2018-05-10 20:06:23 - [TEST_STEP][PASSED] - uiaction.CommonUIActions.click: uiaction.CommonUIActions.click is PASSED

2018-05-10 20:06:26 - [MESSAGE][PASSED] - uiaction.CommonUIActions.click is PASSED

2018-05-10 20:06:26 - [TEST_STEP][PASSED] - uiaction.CommonUIActions.click: uiaction.CommonUIActions.click is PASSED

2018-05-10 20:06:26 - [MESSAGE][PASSED] - uiaction.CommonUIActions.click is PASSED

2018-05-10 20:06:26 - [TEST_STEP][PASSED] - verifyElementPresent: Object 'Object Repository/ReportingGroupManagement/reportingGroupDetails' is present

2018-05-10 20:06:26 - [MESSAGE][PASSED] - Object 'Object Repository/ReportingGroupManagement/reportingGroupDetails' is present

2018-05-10 20:06:26 - [TEST_STEP][PASSED] - uiaction.CommonUIActions.enter: uiaction.CommonUIActions.enter is PASSED

2018-05-10 20:06:26 - [MESSAGE][PASSED] - projectSpecific.Reusability.getTestData is PASSED

2018-05-10 20:06:26 - [MESSAGE][PASSED] - uiaction.CommonUIActions.enter is PASSED

2018-05-10 20:06:26 - [TEST_STEP][PASSED] - uiaction.CommonUIActions.enter: uiaction.CommonUIActions.enter is PASSED

2018-05-10 20:06:26 - [MESSAGE][PASSED] - projectSpecific.Reusability.getTestData is PASSED

2018-05-10 20:06:26 - [MESSAGE][PASSED] - uiaction.CommonUIActions.enter is PASSED

2018-05-10 20:06:26 - [TEST_STEP][PASSED] - uiaction.CommonUIActions.click: uiaction.CommonUIActions.click is PASSED

2018-05-10 20:06:26 - [MESSAGE][PASSED] - uiaction.CommonUIActions.click is PASSED

2018-05-10 20:06:26 - [TEST_STEP][PASSED] - delay: Delayed 10 second(s)

2018-05-10 20:06:36 - [MESSAGE][PASSED] - Delayed 10 second(s)

2018-05-10 20:06:36 - [TEST_STEP][PASSED] - uiaction.CommonUIActions.back: uiaction.CommonUIActions.back is PASSED

2018-05-10 20:06:36 - [MESSAGE][PASSED] - Navigate back successfully

2018-05-10 20:06:36 - [MESSAGE][PASSED] - uiaction.CommonUIActions.back is PASSED

2018-05-10 20:06:36 - [TEST_STEP][PASSED] - delay: Delayed 5 second(s)

2018-05-10 20:06:41 - [MESSAGE][PASSED] - Delayed 5 second(s)

2018-05-10 20:06:41 - [TEST_STEP][PASSED] - uiaction.CommonUIActions.enter: uiaction.CommonUIActions.enter is PASSED

2018-05-10 20:06:41 - [MESSAGE][PASSED] - projectSpecific.Reusability.getTestData is PASSED

2018-05-10 20:06:41 - [MESSAGE][PASSED] - uiaction.CommonUIActions.enter is PASSED

2018-05-10 20:06:41 - [TEST_STEP][PASSED] - uiaction.CommonUIActions.enter: uiaction.CommonUIActions.enter is PASSED

2018-05-10 20:06:42 - [MESSAGE][PASSED] - projectSpecific.Reusability.getTestData is PASSED

2018-05-10 20:06:42 - [MESSAGE][PASSED] - uiaction.CommonUIActions.enter is PASSED

2018-05-10 20:06:42 - [TEST_STEP][PASSED] - uiaction.CommonUIActions.click: uiaction.CommonUIActions.click is PASSED

2018-05-10 20:06:42 - [MESSAGE][PASSED] - uiaction.CommonUIActions.click is PASSED

2018-05-10 20:06:42 - [TEST_STEP][PASSED] - delay: Delayed 5 second(s)

2018-05-10 20:06:47 - [MESSAGE][PASSED] - Delayed 5 second(s)

2018-05-10 20:06:47 - [TEST_STEP][PASSED] - uiaction.CommonUIActions.back: uiaction.CommonUIActions.back is PASSED

2018-05-10 20:06:47 - [MESSAGE][PASSED] - Navigate back successfully

2018-05-10 20:06:47 - [MESSAGE][PASSED] - uiaction.CommonUIActions.back is PASSED

2018-05-10 20:06:47 - [TEST_STEP][PASSED] - delay: Delayed 5 second(s)

2018-05-10 20:06:52 - [MESSAGE][PASSED] - Delayed 5 second(s)

2018-05-10 20:06:52 - [TEST_STEP][PASSED] - uiaction.CommonUIActions.back: uiaction.CommonUIActions.back is PASSED

2018-05-10 20:06:52 - [MESSAGE][PASSED] - Navigate back successfully

2018-05-10 20:06:52 - [MESSAGE][PASSED] - uiaction.CommonUIActions.back is PASSED

2018-05-10 20:06:52 - [TEST_STEP][PASSED] - delay: Delayed 5 second(s)

2018-05-10 20:06:57 - [MESSAGE][PASSED] - Delayed 5 second(s)

2018-05-10 20:06:57 - [TEST_STEP][PASSED] - uiaction.CommonUIActions.click: uiaction.CommonUIActions.click is PASSED

2018-05-10 20:06:57 - [MESSAGE][PASSED] - uiaction.CommonUIActions.click is PASSED

2018-05-10 20:06:57 - [TEST_STEP][PASSED] - Statement - StoreList = CustomKeywords.projectSpecific.Reusability.getTestData("ReportingGroupManagementPage", "dummyGroupName2"): projectSpecific.Reusability.getTestData is PASSED

2018-05-10 20:06:57 - [MESSAGE][PASSED] - projectSpecific.Reusability.getTestData is PASSED

2018-05-10 20:06:57 - [TEST_STEP][PASSED] - Statement - listOfStores = new java.util.ArrayList(java.util.Arrays.asList(StoreList)): null

2018-05-10 20:06:57 - [TEST_STEP][PASSED] - Statement - out.println(listOfStores): null

2018-05-10 20:06:57 - [TEST_STEP][PASSED] - delay: Delayed 10 second(s)

2018-05-10 20:07:07 - [MESSAGE][PASSED] - Delayed 10 second(s)

2018-05-10 20:07:07 - [TEST_STEP][PASSED] - Statement - driver = com.kms.katalon.core.webui.driver.DriverFactory.getWebDriver(): null

2018-05-10 20:07:07 - [TEST_STEP][PASSED] - Statement - availableStoreList = driver.findElements(org.openqa.selenium.By.xpath(com.kms.katalon.core.testdata.TestDataFactory.findTestData(OR_file).getValue(2, 10))): Reading excel file with source file 'C:\Users\shalinin\Katalon Studio\HME_Scripts\Data Files\HME_OR.xlsx' and sheet name 'Sheet1'

2018-05-10 20:07:07 - [TEST_STEP][PASSED] - Statement - actualList = new java.util.ArrayList(): null

2018-05-10 20:07:07 - [TEST_STEP][PASSED] - Statement - For ([i = 0, i < availableStoreList.size(), (i++)]): null

2018-05-10 20:07:07 - [TEST_STEP][PASSED] - Statement - actualList.add(i, availableStoreList.get(i).getText()): null

2018-05-10 20:07:07 - [TEST_STEP][PASSED] - Statement - actualList.add(i, availableStoreList.get(i).getText()): null

2018-05-10 20:07:07 - [TEST_STEP][PASSED] - Statement - actualList.add(i, availableStoreList.get(i).getText()): null

2018-05-10 20:07:07 - [TEST_STEP][PASSED] - Statement - actualList.add(i, availableStoreList.get(i).getText()): null

2018-05-10 20:07:07 - [TEST_STEP][PASSED] - Statement - actualList.add(i, availableStoreList.get(i).getText()): null

2018-05-10 20:07:07 - [TEST_STEP][PASSED] - Statement - actualList.add(i, availableStoreList.get(i).getText()): null

2018-05-10 20:07:07 - [TEST_STEP][PASSED] - Statement - actualList.add(i, availableStoreList.get(i).getText()): null

2018-05-10 20:07:07 - [TEST_STEP][PASSED] - Statement - actualList.add(i, availableStoreList.get(i).getText()): null

2018-05-10 20:07:07 - [TEST_STEP][PASSED] - Statement - actualList.add(i, availableStoreList.get(i).getText()): null

2018-05-10 20:07:07 - [TEST_STEP][PASSED] - Statement - actualList.add(i, availableStoreList.get(i).getText()): null

2018-05-10 20:07:07 - [TEST_STEP][PASSED] - Statement - actualList.add(i, availableStoreList.get(i).getText()): null

2018-05-10 20:07:07 - [TEST_STEP][PASSED] - Statement - actualList.add(i, availableStoreList.get(i).getText()): null

2018-05-10 20:07:07 - [TEST_STEP][PASSED] - Statement - actualList.add(i, availableStoreList.get(i).getText()): null

2018-05-10 20:07:07 - [TEST_STEP][PASSED] - Statement - actualList.add(i, availableStoreList.get(i).getText()): null

2018-05-10 20:07:07 - [TEST_STEP][PASSED] - Statement - actualList.add(i, availableStoreList.get(i).getText()): null

2018-05-10 20:07:07 - [TEST_STEP][PASSED] - Statement - actualList.add(i, availableStoreList.get(i).getText()): null

2018-05-10 20:07:07 - [TEST_STEP][PASSED] - Statement - actualList.add(i, availableStoreList.get(i).getText()): null

2018-05-10 20:07:07 - [TEST_STEP][PASSED] - Statement - actualList.add(i, availableStoreList.get(i).getText()): null

2018-05-10 20:07:07 - [TEST_STEP][PASSED] - Statement - out.println(actualList): null

2018-05-10 20:07:07 - [TEST_STEP][PASSED] - Statement - If (actualList.containsAll(listOfStores)): null

2018-05-10 20:07:07 - [TEST_STEP][PASSED] - Statement - println("Groups & Stores are displayed in Available Groups/Stores listbox"): null

2018-05-10 20:07:07 - [TEST_STEP][PASSED] - uiaction.CommonUIActions.click: uiaction.CommonUIActions.click is PASSED

2018-05-10 20:07:07 - [MESSAGE][PASSED] - uiaction.CommonUIActions.click is PASSED

2018-05-10 20:07:07 - [TEST_STEP][PASSED] - uiaction.CommonUIActions.click: uiaction.CommonUIActions.click is PASSED

2018-05-10 20:07:07 - [MESSAGE][PASSED] - uiaction.CommonUIActions.click is PASSED

2018-05-10 20:07:07 - [TEST_STEP][PASSED] - uiaction.CommonUIActions.back: uiaction.CommonUIActions.back is PASSED

2018-05-10 20:07:08 - [MESSAGE][PASSED] - Navigate back successfully

2018-05-10 20:07:08 - [MESSAGE][PASSED] - uiaction.CommonUIActions.back is PASSED

2018-05-10 20:07:08 - [TEST_STEP][PASSED] - delay: Delayed 5 second(s)

2018-05-10 20:07:13 - [MESSAGE][PASSED] - Delayed 5 second(s)

2018-05-10 20:07:13 - [TEST_STEP][PASSED] - uiaction.CommonUIActions.back: uiaction.CommonUIActions.back is PASSED

2018-05-10 20:07:13 - [MESSAGE][PASSED] - Navigate back successfully

2018-05-10 20:07:13 - [MESSAGE][PASSED] - uiaction.CommonUIActions.back is PASSED

2018-05-10 20:07:13 - [TEST_STEP][PASSED] - delay: Delayed 5 second(s)

2018-05-10 20:07:18 - [MESSAGE][PASSED] - Delayed 5 second(s)

2018-05-10 20:07:18 - [TEST_STEP][PASSED] - uiaction.CommonUIActions.click: uiaction.CommonUIActions.click is PASSED

2018-05-10 20:07:18 - [MESSAGE][PASSED] - uiaction.CommonUIActions.click is PASSED

2018-05-10 20:07:18 - [TEST_STEP][PASSED] - uiaction.CommonUIActions.click: uiaction.CommonUIActions.click is PASSED

2018-05-10 20:07:18 - [MESSAGE][PASSED] - uiaction.CommonUIActions.click is PASSED

2018-05-10 20:07:18 - [TEST_STEP][PASSED] - uiaction.CommonUIActions.click: uiaction.CommonUIActions.click is PASSED

2018-05-10 20:07:18 - [MESSAGE][PASSED] - uiaction.CommonUIActions.click is PASSED

2018-05-10 20:07:18 - [TEST_STEP][PASSED] - uiaction.CommonUIActions.back: uiaction.CommonUIActions.back is PASSED

2018-05-10 20:07:18 - [MESSAGE][PASSED] - Navigate back successfully

2018-05-10 20:07:18 - [MESSAGE][PASSED] - uiaction.CommonUIActions.back is PASSED

2018-05-10 20:07:18 - [TEST_STEP][PASSED] - delay: Delayed 5 second(s)

2018-05-10 20:07:23 - [MESSAGE][PASSED] - Delayed 5 second(s)

2018-05-10 20:07:23 - [TEST_STEP][PASSED] - uiaction.CommonUIActions.back: uiaction.CommonUIActions.back is PASSED

2018-05-10 20:07:23 - [MESSAGE][PASSED] - Navigate back successfully

2018-05-10 20:07:23 - [MESSAGE][PASSED] - uiaction.CommonUIActions.back is PASSED

2018-05-10 20:07:23 - [TEST_STEP][PASSED] - delay: Delayed 5 second(s)

2018-05-10 20:07:28 - [MESSAGE][PASSED] - Delayed 5 second(s)

2018-05-10 20:07:28 - [TEST_STEP][PASSED] - uiaction.CommonUIActions.click: uiaction.CommonUIActions.click is PASSED

2018-05-10 20:07:28 - [MESSAGE][PASSED] - uiaction.CommonUIActions.click is PASSED

2018-05-10 20:07:28 - [TEST_STEP][PASSED] - delay: Delayed 5 second(s)

2018-05-10 20:07:33 - [MESSAGE][PASSED] - Delayed 5 second(s)

2018-05-10 20:07:33 - [TEST_STEP][PASSED] - Statement - secondStoreListBox = driver.findElements(org.openqa.selenium.By.xpath(com.kms.katalon.core.testdata.TestDataFactory.findTestData(OR_file).getValue(2, 11))): Reading excel file with source file 'C:\Users\shalinin\Katalon Studio\HME_Scripts\Data Files\HME_OR.xlsx' and sheet name 'Sheet1'

2018-05-10 20:07:33 - [TEST_STEP][PASSED] - Statement - list = new java.util.ArrayList(): null

2018-05-10 20:07:33 - [TEST_STEP][PASSED] - Statement - For ([i = 0, i < secondStoreListBox.size(), (i++)]): null

2018-05-10 20:07:33 - [TEST_STEP][PASSED] - Statement - If (list.size() == 0): null

2018-05-10 20:07:33 - [TEST_STEP][PASSED] - Statement - println("No Groups/Stores is displayed in Groups/Stores in Group list box"): null

2018-05-10 20:07:33 - [TEST_STEP][PASSED] - uiaction.CommonUIActions.enter: uiaction.CommonUIActions.enter is PASSED

2018-05-10 20:07:33 - [MESSAGE][PASSED] - projectSpecific.Reusability.getTestData is PASSED

2018-05-10 20:07:33 - [MESSAGE][PASSED] - uiaction.CommonUIActions.enter is PASSED

2018-05-10 20:07:33 - [TEST_STEP][PASSED] - uiaction.CommonUIActions.enter: uiaction.CommonUIActions.enter is PASSED

2018-05-10 20:07:33 - [MESSAGE][PASSED] - projectSpecific.Reusability.getTestData is PASSED

2018-05-10 20:07:33 - [MESSAGE][PASSED] - uiaction.CommonUIActions.enter is PASSED

2018-05-10 20:07:33 - [TEST_STEP][PASSED] - uiaction.CommonUIActions.verifyMatch: uiaction.CommonUIActions.verifyMatch is PASSED

2018-05-10 20:07:33 - [MESSAGE][PASSED] - projectSpecific.Reusability.getTestData is PASSED

2018-05-10 20:07:33 - [MESSAGE][PASSED] - Attribute 'value' of object 'Object Repository/ReportingGroupManagement/groupNameTxt' is: 'AutomationGroup1'

2018-05-10 20:07:33 - [MESSAGE][PASSED] - Actual text 'AutomationGroup1' and expected text 'AutomationGroup1' are matched 

2018-05-10 20:07:33 - [MESSAGE][PASSED] - uiaction.CommonUIActions.verifyMatch is PASSED

2018-05-10 20:07:33 - [TEST_STEP][PASSED] - uiaction.CommonUIActions.verifyMatch: uiaction.CommonUIActions.verifyMatch is PASSED

2018-05-10 20:07:33 - [MESSAGE][PASSED] - projectSpecific.Reusability.getTestData is PASSED

2018-05-10 20:07:34 - [MESSAGE][PASSED] - Attribute 'value' of object 'Object Repository/ReportingGroupManagement/groupDescTxt' is: 'South west branch Group 1'

2018-05-10 20:07:34 - [MESSAGE][PASSED] - Actual text 'South west branch Group 1' and expected text 'South west branch Group 1' are matched 

2018-05-10 20:07:34 - [MESSAGE][PASSED] - uiaction.CommonUIActions.verifyMatch is PASSED

2018-05-10 20:07:34 - [TEST_STEP][PASSED] - delay: Delayed 5 second(s)

2018-05-10 20:07:39 - [MESSAGE][PASSED] - Delayed 5 second(s)

2018-05-10 20:07:39 - [TEST_STEP][PASSED] - Statement - StoresCBList = driver.findElements(org.openqa.selenium.By.xpath(com.kms.katalon.core.testdata.TestDataFactory.findTestData(OR_file).getValue(2, 12))): Reading excel file with source file 'C:\Users\shalinin\Katalon Studio\HME_Scripts\Data Files\HME_OR.xlsx' and sheet name 'Sheet1'

2018-05-10 20:07:39 - [TEST_STEP][PASSED] - Statement - storesLabel = driver.findElements(org.openqa.selenium.By.xpath(com.kms.katalon.core.testdata.TestDataFactory.findTestData(OR_file).getValue(2, 10))): Reading excel file with source file 'C:\Users\shalinin\Katalon Studio\HME_Scripts\Data Files\HME_OR.xlsx' and sheet name 'Sheet1'

2018-05-10 20:07:39 - [TEST_STEP][PASSED] - Statement - groupStoresList = new java.util.ArrayList(): null

2018-05-10 20:07:39 - [TEST_STEP][PASSED] - Statement - out.println(StoresCBList.size()): null

2018-05-10 20:07:39 - [TEST_STEP][PASSED] - Statement - size = StoresCBList.size(): null

2018-05-10 20:07:39 - [TEST_STEP][PASSED] - delay: Delayed 5 second(s)

2018-05-10 20:07:44 - [MESSAGE][PASSED] - Delayed 5 second(s)

2018-05-10 20:07:44 - [TEST_STEP][PASSED] - Statement - For ([i = 0, i < size, (i++)]): null

2018-05-10 20:07:44 - [TEST_STEP][PASSED] - Statement - groupStoresList[i] = storesLabel.get(i).getText(): null

2018-05-10 20:07:44 - [TEST_STEP][PASSED] - Statement - StoresCBList.get(i).click(): null

2018-05-10 20:07:44 - [TEST_STEP][PASSED] - Statement - groupStoresList[i] = storesLabel.get(i).getText(): null

2018-05-10 20:07:44 - [TEST_STEP][PASSED] - Statement - StoresCBList.get(i).click(): null

2018-05-10 20:07:44 - [TEST_STEP][PASSED] - Statement - groupStoresList[i] = storesLabel.get(i).getText(): null

2018-05-10 20:07:44 - [TEST_STEP][PASSED] - Statement - StoresCBList.get(i).click(): null

2018-05-10 20:07:44 - [TEST_STEP][PASSED] - Statement - groupStoresList[i] = storesLabel.get(i).getText(): null

2018-05-10 20:07:44 - [TEST_STEP][PASSED] - Statement - StoresCBList.get(i).click(): null

2018-05-10 20:07:44 - [TEST_STEP][PASSED] - Statement - groupStoresList[i] = storesLabel.get(i).getText(): null

2018-05-10 20:07:44 - [TEST_STEP][PASSED] - Statement - StoresCBList.get(i).click(): null

2018-05-10 20:07:44 - [TEST_STEP][PASSED] - Statement - groupStoresList[i] = storesLabel.get(i).getText(): null

2018-05-10 20:07:44 - [TEST_STEP][PASSED] - Statement - StoresCBList.get(i).click(): null

2018-05-10 20:07:44 - [TEST_STEP][PASSED] - Statement - groupStoresList[i] = storesLabel.get(i).getText(): null

2018-05-10 20:07:44 - [TEST_STEP][PASSED] - Statement - StoresCBList.get(i).click(): null

2018-05-10 20:07:44 - [TEST_STEP][PASSED] - Statement - groupStoresList[i] = storesLabel.get(i).getText(): null

2018-05-10 20:07:44 - [TEST_STEP][PASSED] - Statement - StoresCBList.get(i).click(): null

2018-05-10 20:07:44 - [TEST_STEP][PASSED] - Statement - groupStoresList[i] = storesLabel.get(i).getText(): null

2018-05-10 20:07:44 - [TEST_STEP][PASSED] - Statement - StoresCBList.get(i).click(): null

2018-05-10 20:07:44 - [TEST_STEP][PASSED] - Statement - groupStoresList[i] = storesLabel.get(i).getText(): null

2018-05-10 20:07:44 - [TEST_STEP][PASSED] - Statement - StoresCBList.get(i).click(): null

2018-05-10 20:07:44 - [TEST_STEP][PASSED] - Statement - groupStoresList[i] = storesLabel.get(i).getText(): null

2018-05-10 20:07:44 - [TEST_STEP][PASSED] - Statement - StoresCBList.get(i).click(): null

2018-05-10 20:07:44 - [TEST_STEP][PASSED] - Statement - groupStoresList[i] = storesLabel.get(i).getText(): null

2018-05-10 20:07:44 - [TEST_STEP][PASSED] - Statement - StoresCBList.get(i).click(): null

2018-05-10 20:07:44 - [TEST_STEP][PASSED] - Statement - groupStoresList[i] = storesLabel.get(i).getText(): null

2018-05-10 20:07:45 - [TEST_STEP][PASSED] - Statement - StoresCBList.get(i).click(): null

2018-05-10 20:07:45 - [TEST_STEP][PASSED] - Statement - groupStoresList[i] = storesLabel.get(i).getText(): null

2018-05-10 20:07:45 - [TEST_STEP][PASSED] - Statement - StoresCBList.get(i).click(): null

2018-05-10 20:07:45 - [TEST_STEP][PASSED] - Statement - groupStoresList[i] = storesLabel.get(i).getText(): null

2018-05-10 20:07:45 - [TEST_STEP][PASSED] - Statement - StoresCBList.get(i).click(): null

2018-05-10 20:07:45 - [TEST_STEP][PASSED] - Statement - groupStoresList[i] = storesLabel.get(i).getText(): null

2018-05-10 20:07:45 - [TEST_STEP][PASSED] - Statement - StoresCBList.get(i).click(): null

2018-05-10 20:07:45 - [TEST_STEP][PASSED] - Statement - groupStoresList[i] = storesLabel.get(i).getText(): null

2018-05-10 20:07:45 - [TEST_STEP][PASSED] - Statement - StoresCBList.get(i).click(): null

2018-05-10 20:07:45 - [TEST_STEP][PASSED] - Statement - out.println(groupStoresList): null

2018-05-10 20:07:45 - [TEST_STEP][PASSED] - delay: Delayed 10 second(s)

2018-05-10 20:07:55 - [MESSAGE][PASSED] - Delayed 10 second(s)

2018-05-10 20:07:55 - [TEST_STEP][PASSED] - uiaction.CommonUIActions.click: uiaction.CommonUIActions.click is PASSED

2018-05-10 20:07:55 - [MESSAGE][PASSED] - uiaction.CommonUIActions.click is PASSED

2018-05-10 20:07:55 - [TEST_STEP][PASSED] - delay: Delayed 10 second(s)

2018-05-10 20:08:05 - [MESSAGE][PASSED] - Delayed 10 second(s)

2018-05-10 20:08:05 - [TEST_STEP][PASSED] - Statement - secondStoreListBox1 = driver.findElements(org.openqa.selenium.By.xpath(com.kms.katalon.core.testdata.TestDataFactory.findTestData(OR_file).getValue(2, 11))): Reading excel file with source file 'C:\Users\shalinin\Katalon Studio\HME_Scripts\Data Files\HME_OR.xlsx' and sheet name 'Sheet1'

2018-05-10 20:08:05 - [TEST_STEP][PASSED] - Statement - actualList1 = new java.util.ArrayList(): null

2018-05-10 20:08:05 - [TEST_STEP][PASSED] - Statement - For ([i = 0, i < secondStoreListBox1.size(), (i++)]): null

2018-05-10 20:08:05 - [TEST_STEP][PASSED] - Statement - actualList1.add(i, secondStoreListBox1.get(i).getText()): null

2018-05-10 20:08:05 - [TEST_STEP][PASSED] - Statement - actualList1.add(i, secondStoreListBox1.get(i).getText()): null

2018-05-10 20:08:05 - [TEST_STEP][PASSED] - Statement - actualList1.add(i, secondStoreListBox1.get(i).getText()): null

2018-05-10 20:08:05 - [TEST_STEP][PASSED] - Statement - actualList1.add(i, secondStoreListBox1.get(i).getText()): null

2018-05-10 20:08:05 - [TEST_STEP][PASSED] - Statement - actualList1.add(i, secondStoreListBox1.get(i).getText()): null

2018-05-10 20:08:05 - [TEST_STEP][PASSED] - Statement - actualList1.add(i, secondStoreListBox1.get(i).getText()): null

2018-05-10 20:08:05 - [TEST_STEP][PASSED] - Statement - actualList1.add(i, secondStoreListBox1.get(i).getText()): null

2018-05-10 20:08:05 - [TEST_STEP][PASSED] - Statement - actualList1.add(i, secondStoreListBox1.get(i).getText()): null

2018-05-10 20:08:05 - [TEST_STEP][PASSED] - Statement - actualList1.add(i, secondStoreListBox1.get(i).getText()): null

2018-05-10 20:08:05 - [TEST_STEP][PASSED] - Statement - actualList1.add(i, secondStoreListBox1.get(i).getText()): null

2018-05-10 20:08:05 - [TEST_STEP][PASSED] - Statement - actualList1.add(i, secondStoreListBox1.get(i).getText()): null

2018-05-10 20:08:05 - [TEST_STEP][PASSED] - Statement - actualList1.add(i, secondStoreListBox1.get(i).getText()): null

2018-05-10 20:08:05 - [TEST_STEP][PASSED] - Statement - actualList1.add(i, secondStoreListBox1.get(i).getText()): null

2018-05-10 20:08:05 - [TEST_STEP][PASSED] - Statement - actualList1.add(i, secondStoreListBox1.get(i).getText()): null

2018-05-10 20:08:05 - [TEST_STEP][PASSED] - Statement - actualList1.add(i, secondStoreListBox1.get(i).getText()): null

2018-05-10 20:08:05 - [TEST_STEP][PASSED] - Statement - actualList1.add(i, secondStoreListBox1.get(i).getText()): null

2018-05-10 20:08:05 - [TEST_STEP][PASSED] - Statement - actualList1.add(i, secondStoreListBox1.get(i).getText()): null

2018-05-10 20:08:05 - [TEST_STEP][PASSED] - Statement - out.println(actualList1): null

2018-05-10 20:08:05 - [TEST_STEP][PASSED] - delay: Delayed 10 second(s)

2018-05-10 20:08:15 - [MESSAGE][PASSED] - Delayed 10 second(s)

2018-05-10 20:08:15 - [TEST_STEP][PASSED] - Statement - If (actualList1.containsAll(groupStoresList)): null

2018-05-10 20:08:15 - [TEST_STEP][PASSED] - Statement - println("Selected stores are displayed in Group/Stores in Group listbox"): null

2018-05-10 20:08:15 - [TEST_STEP][PASSED] - uiaction.CommonUIActions.click: uiaction.CommonUIActions.click is PASSED

2018-05-10 20:08:15 - [MESSAGE][PASSED] - uiaction.CommonUIActions.click is PASSED

2018-05-10 20:08:15 - [TEST_STEP][PASSED] - delay: Delayed 10 second(s)

2018-05-10 20:08:25 - [MESSAGE][PASSED] - Delayed 10 second(s)

2018-05-10 20:08:25 - [TEST_STEP][PASSED] - uiaction.CommonUIActions.back: uiaction.CommonUIActions.back is PASSED

2018-05-10 20:08:25 - [MESSAGE][PASSED] - Navigate back successfully

2018-05-10 20:08:25 - [MESSAGE][PASSED] - uiaction.CommonUIActions.back is PASSED

2018-05-10 20:08:25 - [TEST_STEP][PASSED] - delay: Delayed 5 second(s)

2018-05-10 20:08:30 - [MESSAGE][PASSED] - Delayed 5 second(s)

2018-05-10 20:08:30 - [TEST_STEP][PASSED] - uiaction.CommonUIActions.back: uiaction.CommonUIActions.back is PASSED

2018-05-10 20:08:31 - [MESSAGE][PASSED] - Navigate back successfully

2018-05-10 20:08:31 - [MESSAGE][PASSED] - uiaction.CommonUIActions.back is PASSED

2018-05-10 20:08:31 - [TEST_STEP][PASSED] - delay: Delayed 5 second(s)

2018-05-10 20:08:36 - [MESSAGE][PASSED] - Delayed 5 second(s)

2018-05-10 20:08:36 - [TEST_STEP][PASSED] - uiaction.CommonUIActions.click: uiaction.CommonUIActions.click is PASSED

2018-05-10 20:08:36 - [MESSAGE][PASSED] - uiaction.CommonUIActions.click is PASSED

2018-05-10 20:08:36 - [TEST_STEP][PASSED] - uiaction.CommonUIActions.click: uiaction.CommonUIActions.click is PASSED

2018-05-10 20:08:36 - [MESSAGE][PASSED] - uiaction.CommonUIActions.click is PASSED

2018-05-10 20:08:36 - [TEST_STEP][PASSED] - uiaction.CommonUIActions.click: uiaction.CommonUIActions.click is PASSED

2018-05-10 20:08:38 - [MESSAGE][PASSED] - uiaction.CommonUIActions.click is PASSED

2018-05-10 20:08:38 - [TEST_STEP][PASSED] - Statement - storesList = driver.findElements(org.openqa.selenium.By.xpath(com.kms.katalon.core.testdata.TestDataFactory.findTestData(OR_file).getValue(2, 16))): Reading excel file with source file 'C:\Users\shalinin\Katalon Studio\HME_Scripts\Data Files\HME_OR.xlsx' and sheet name 'Sheet1'

2018-05-10 20:08:38 - [TEST_STEP][PASSED] - Statement - For ([i = 1, i < storesList.size(), (i++)]): null

2018-05-10 20:08:38 - [TEST_STEP][PASSED] - Statement - reportgroup = "(//div[@class='ctable']/table/tbody/tr[@class='tdata clear'])[" + i + "]/td[7]": null

2018-05-10 20:08:38 - [TEST_STEP][PASSED] - Statement - reportgroupTxt = driver.findElement(org.openqa.selenium.By.xpath(reportgroup)).getText(): null

2018-05-10 20:08:38 - [TEST_STEP][PASSED] - Statement - If (reportgroupTxt == "AutomationGroup1"): null

2018-05-10 20:08:38 - [TEST_STEP][PASSED] - Statement - println("Report group has right group name"): null

2018-05-10 20:08:38 - [TEST_STEP][PASSED] - Statement - reportgroup = "(//div[@class='ctable']/table/tbody/tr[@class='tdata clear'])[" + i + "]/td[7]": null

2018-05-10 20:08:38 - [TEST_STEP][PASSED] - Statement - reportgroupTxt = driver.findElement(org.openqa.selenium.By.xpath(reportgroup)).getText(): null

2018-05-10 20:08:38 - [TEST_STEP][PASSED] - Statement - If (reportgroupTxt == "AutomationGroup1"): null

2018-05-10 20:08:38 - [TEST_STEP][PASSED] - Statement - println("Report group has right group name"): null

2018-05-10 20:08:38 - [TEST_STEP][PASSED] - Statement - reportgroup = "(//div[@class='ctable']/table/tbody/tr[@class='tdata clear'])[" + i + "]/td[7]": null

2018-05-10 20:08:38 - [TEST_STEP][PASSED] - Statement - reportgroupTxt = driver.findElement(org.openqa.selenium.By.xpath(reportgroup)).getText(): null

2018-05-10 20:08:38 - [TEST_STEP][PASSED] - Statement - If (reportgroupTxt == "AutomationGroup1"): null

2018-05-10 20:08:38 - [TEST_STEP][PASSED] - Statement - println("Report group has right group name"): null

2018-05-10 20:08:38 - [TEST_STEP][PASSED] - Statement - reportgroup = "(//div[@class='ctable']/table/tbody/tr[@class='tdata clear'])[" + i + "]/td[7]": null

2018-05-10 20:08:38 - [TEST_STEP][PASSED] - Statement - reportgroupTxt = driver.findElement(org.openqa.selenium.By.xpath(reportgroup)).getText(): null

2018-05-10 20:08:38 - [TEST_STEP][PASSED] - Statement - If (reportgroupTxt == "AutomationGroup1"): null

2018-05-10 20:08:38 - [TEST_STEP][PASSED] - Statement - println("Report group has right group name"): null

2018-05-10 20:08:38 - [TEST_STEP][PASSED] - Statement - reportgroup = "(//div[@class='ctable']/table/tbody/tr[@class='tdata clear'])[" + i + "]/td[7]": null

2018-05-10 20:08:38 - [TEST_STEP][PASSED] - Statement - reportgroupTxt = driver.findElement(org.openqa.selenium.By.xpath(reportgroup)).getText(): null

2018-05-10 20:08:38 - [TEST_STEP][PASSED] - Statement - If (reportgroupTxt == "AutomationGroup1"): null

2018-05-10 20:08:38 - [TEST_STEP][PASSED] - Statement - println("Report group has right group name"): null

2018-05-10 20:08:38 - [TEST_STEP][PASSED] - uiaction.CommonUIActions.click: uiaction.CommonUIActions.click is PASSED

2018-05-10 20:08:38 - [MESSAGE][PASSED] - uiaction.CommonUIActions.click is PASSED

2018-05-10 20:08:38 - [TEST_STEP][PASSED] - delay: Delayed 5 second(s)

2018-05-10 20:08:43 - [MESSAGE][PASSED] - Delayed 5 second(s)

2018-05-10 20:08:43 - [TEST_STEP][PASSED] - uiaction.CommonUIActions.click: uiaction.CommonUIActions.click is PASSED

2018-05-10 20:08:43 - [MESSAGE][PASSED] - uiaction.CommonUIActions.click is PASSED

2018-05-10 20:08:43 - [TEST_STEP][PASSED] - delay: Delayed 5 second(s)

2018-05-10 20:08:48 - [MESSAGE][PASSED] - Delayed 5 second(s)

2018-05-10 20:08:48 - [TEST_STEP][PASSED] - uiaction.CommonUIActions.click: uiaction.CommonUIActions.click is PASSED

2018-05-10 20:08:49 - [MESSAGE][PASSED] - uiaction.CommonUIActions.click is PASSED

2018-05-10 20:08:49 - [TEST_STEP][PASSED] - uiaction.CommonUIActions.click: uiaction.CommonUIActions.click is PASSED

2018-05-10 20:08:49 - [MESSAGE][PASSED] - uiaction.CommonUIActions.click is PASSED

2018-05-10 20:08:49 - [TEST_STEP][PASSED] - uiaction.CommonUIActions.click: uiaction.CommonUIActions.click is PASSED

2018-05-10 20:08:49 - [MESSAGE][PASSED] - uiaction.CommonUIActions.click is PASSED

2018-05-10 20:08:49 - [TEST_STEP][PASSED] - delay: Delayed 10 second(s)

2018-05-10 20:08:59 - [MESSAGE][PASSED] - Delayed 10 second(s)

2018-05-10 20:08:59 - [TEST_STEP][PASSED] - uiaction.CommonUIActions.back: uiaction.CommonUIActions.back is PASSED

2018-05-10 20:08:59 - [MESSAGE][PASSED] - Navigate back successfully

2018-05-10 20:08:59 - [MESSAGE][PASSED] - uiaction.CommonUIActions.back is PASSED

2018-05-10 20:08:59 - [TEST_STEP][PASSED] - delay: Delayed 5 second(s)

2018-05-10 20:09:04 - [MESSAGE][PASSED] - Delayed 5 second(s)

2018-05-10 20:09:04 - [TEST_STEP][PASSED] - uiaction.CommonUIActions.back: uiaction.CommonUIActions.back is PASSED

2018-05-10 20:09:04 - [MESSAGE][PASSED] - Navigate back successfully

2018-05-10 20:09:04 - [MESSAGE][PASSED] - uiaction.CommonUIActions.back is PASSED

2018-05-10 20:09:04 - [TEST_STEP][PASSED] - uiaction.CommonUIActions.click: uiaction.CommonUIActions.click is PASSED

2018-05-10 20:09:05 - [MESSAGE][PASSED] - uiaction.CommonUIActions.click is PASSED

2018-05-10 20:09:05 - [TEST_STEP][PASSED] - uiaction.CommonUIActions.click: uiaction.CommonUIActions.click is PASSED

2018-05-10 20:09:05 - [MESSAGE][PASSED] - uiaction.CommonUIActions.click is PASSED

2018-05-10 20:09:05 - [TEST_STEP][PASSED] - uiaction.CommonUIActions.click: uiaction.CommonUIActions.click is PASSED

2018-05-10 20:09:05 - [MESSAGE][PASSED] - uiaction.CommonUIActions.click is PASSED

2018-05-10 20:09:05 - [TEST_STEP][PASSED] - uiaction.CommonUIActions.click: uiaction.CommonUIActions.click is PASSED

2018-05-10 20:09:06 - [MESSAGE][PASSED] - uiaction.CommonUIActions.click is PASSED

2018-05-10 20:09:06 - [TEST_STEP][PASSED] - Statement - assert TCflag == true: null

2018-05-10 20:09:06 - [TEST_STEP][PASSED] - Start listener action : sampleAfterTestCase: Browser is closed

2018-05-10 20:09:06 - [TEST_STEP][PASSED] - Statement - println(testCaseContext.getTestCaseId()): null

2018-05-10 20:09:06 - [TEST_STEP][PASSED] - Statement - println(testCaseContext.getTestCaseStatus()): null

2018-05-10 20:09:06 - [TEST_STEP][PASSED] - closeBrowser: Browser is closed

2018-05-10 20:09:07 - [MESSAGE][PASSED] - Browser is closed]]></system-out>
         <system-err><![CDATA[]]></system-err>
      </testcase>
      <testcase name="Test Cases/CreateGroupTC/HME-EditGroup-05" classname="Test Cases/CreateGroupTC/HME-EditGroup-05" status="PASSED">
         <system-out><![CDATA[2018-05-10 20:09:07 - [TEST_CASE][PASSED] - Test Cases/CreateGroupTC/HME-EditGroup-05: Browser is closed

2018-05-10 20:09:07 - [TEST_STEP][PASSED] - Start listener action : sampleBeforeTestCase: uiaction.CommonUIActions.deleteAllCookies is PASSED

2018-05-10 20:09:07 - [TEST_STEP][PASSED] - openBrowser: Browser is opened with url: ''

2018-05-10 20:09:10 - [MESSAGE][PASSED] - Browser is opened with url: ''

2018-05-10 20:09:10 - [TEST_STEP][PASSED] - maximizeWindow: Current window maximized

2018-05-10 20:09:11 - [MESSAGE][PASSED] - Current window maximized

2018-05-10 20:09:11 - [TEST_STEP][PASSED] - uiaction.CommonUIActions.deleteAllCookies: uiaction.CommonUIActions.deleteAllCookies is PASSED

2018-05-10 20:09:11 - [MESSAGE][PASSED] - Delete all cookies successfully

2018-05-10 20:09:11 - [MESSAGE][PASSED] - uiaction.CommonUIActions.deleteAllCookies is PASSED

2018-05-10 20:09:12 - [TEST_STEP][PASSED] - Statement - TCflag = true: null

2018-05-10 20:09:12 - [TEST_STEP][PASSED] - Statement - Try: uiaction.CommonUIActions.click is PASSED

2018-05-10 20:09:12 - [TEST_STEP][PASSED] - navigateToUrl: Navigate to 'https://hme-dev-public-cloud-app.azurewebsites.net/' successfully

2018-05-10 20:09:14 - [MESSAGE][PASSED] - Navigate to 'https://hme-dev-public-cloud-app.azurewebsites.net/' successfully

2018-05-10 20:09:14 - [TEST_STEP][PASSED] - projectSpecific.Reusability.login: projectSpecific.Reusability.login is PASSED

2018-05-10 20:09:14 - [MESSAGE][PASSED] - projectSpecific.Reusability.getTestData is PASSED

2018-05-10 20:09:14 - [MESSAGE][PASSED] - projectSpecific.Reusability.getTestData is PASSED

2018-05-10 20:09:15 - [MESSAGE][PASSED] - Text 'selvendrank@nousinfo.com' is set on object 'Object Repository/LoginPage/Username'

2018-05-10 20:09:15 - [MESSAGE][PASSED] - Text 'nous;123' is set on object 'Object Repository/LoginPage/Password'

2018-05-10 20:09:15 - [MESSAGE][PASSED] - Object: 'Object Repository/LoginPage/Login' is clicked on

2018-05-10 20:09:15 - [MESSAGE][PASSED] - projectSpecific.Reusability.login is PASSED

2018-05-10 20:09:15 - [TEST_STEP][PASSED] - delay: Delayed 5 second(s)

2018-05-10 20:09:20 - [MESSAGE][PASSED] - Delayed 5 second(s)

2018-05-10 20:09:20 - [TEST_STEP][PASSED] - uiaction.CommonUIActions.click: uiaction.CommonUIActions.click is PASSED

2018-05-10 20:09:24 - [MESSAGE][PASSED] - uiaction.CommonUIActions.click is PASSED

2018-05-10 20:09:24 - [TEST_STEP][PASSED] - uiaction.CommonUIActions.click: uiaction.CommonUIActions.click is PASSED

2018-05-10 20:09:25 - [MESSAGE][PASSED] - uiaction.CommonUIActions.click is PASSED

2018-05-10 20:09:25 - [TEST_STEP][PASSED] - uiaction.CommonUIActions.click: uiaction.CommonUIActions.click is PASSED

2018-05-10 20:09:25 - [MESSAGE][PASSED] - uiaction.CommonUIActions.click is PASSED

2018-05-10 20:09:25 - [TEST_STEP][PASSED] - verifyElementPresent: Object 'Object Repository/ReportingGroupManagement/reportingGroupDetails' is present

2018-05-10 20:09:25 - [MESSAGE][PASSED] - Object 'Object Repository/ReportingGroupManagement/reportingGroupDetails' is present

2018-05-10 20:09:25 - [TEST_STEP][PASSED] - uiaction.CommonUIActions.enter: uiaction.CommonUIActions.enter is PASSED

2018-05-10 20:09:25 - [MESSAGE][PASSED] - projectSpecific.Reusability.getTestData is PASSED

2018-05-10 20:09:25 - [MESSAGE][PASSED] - uiaction.CommonUIActions.enter is PASSED

2018-05-10 20:09:25 - [TEST_STEP][PASSED] - uiaction.CommonUIActions.enter: uiaction.CommonUIActions.enter is PASSED

2018-05-10 20:09:25 - [MESSAGE][PASSED] - projectSpecific.Reusability.getTestData is PASSED

2018-05-10 20:09:25 - [MESSAGE][PASSED] - uiaction.CommonUIActions.enter is PASSED

2018-05-10 20:09:25 - [TEST_STEP][PASSED] - uiaction.CommonUIActions.click: uiaction.CommonUIActions.click is PASSED

2018-05-10 20:09:25 - [MESSAGE][PASSED] - uiaction.CommonUIActions.click is PASSED

2018-05-10 20:09:25 - [TEST_STEP][PASSED] - delay: Delayed 10 second(s)

2018-05-10 20:09:35 - [MESSAGE][PASSED] - Delayed 10 second(s)

2018-05-10 20:09:35 - [TEST_STEP][PASSED] - uiaction.CommonUIActions.back: uiaction.CommonUIActions.back is PASSED

2018-05-10 20:09:35 - [MESSAGE][PASSED] - Navigate back successfully

2018-05-10 20:09:35 - [MESSAGE][PASSED] - uiaction.CommonUIActions.back is PASSED

2018-05-10 20:09:35 - [TEST_STEP][PASSED] - delay: Delayed 5 second(s)

2018-05-10 20:09:40 - [MESSAGE][PASSED] - Delayed 5 second(s)

2018-05-10 20:09:40 - [TEST_STEP][PASSED] - uiaction.CommonUIActions.back: uiaction.CommonUIActions.back is PASSED

2018-05-10 20:09:40 - [MESSAGE][PASSED] - Navigate back successfully

2018-05-10 20:09:40 - [MESSAGE][PASSED] - uiaction.CommonUIActions.back is PASSED

2018-05-10 20:09:40 - [TEST_STEP][PASSED] - delay: Delayed 5 second(s)

2018-05-10 20:09:45 - [MESSAGE][PASSED] - Delayed 5 second(s)

2018-05-10 20:09:45 - [TEST_STEP][PASSED] - Statement - driver = com.kms.katalon.core.webui.driver.DriverFactory.getWebDriver(): null

2018-05-10 20:09:45 - [TEST_STEP][PASSED] - Statement - groupHierarchyList = driver.findElements(org.openqa.selenium.By.xpath(com.kms.katalon.core.testdata.TestDataFactory.findTestData(OR_file).getValue(2, 13))): Reading excel file with source file 'C:\Users\shalinin\Katalon Studio\HME_Scripts\Data Files\HME_OR.xlsx' and sheet name 'Sheet1'

2018-05-10 20:09:46 - [TEST_STEP][PASSED] - Statement - actualgroupList = new java.util.ArrayList(): null

2018-05-10 20:09:46 - [TEST_STEP][PASSED] - Statement - For ([i = 0, i < groupHierarchyList.size(), (i++)]): null

2018-05-10 20:09:46 - [TEST_STEP][PASSED] - Statement - actualgroupList.add(i, groupHierarchyList.get(i).getText()): null

2018-05-10 20:09:46 - [TEST_STEP][PASSED] - Statement - actualgroupList.add(i, groupHierarchyList.get(i).getText()): null

2018-05-10 20:09:46 - [TEST_STEP][PASSED] - Statement - actualgroupList.add(i, groupHierarchyList.get(i).getText()): null

2018-05-10 20:09:46 - [TEST_STEP][PASSED] - Statement - actualgroupList.add(i, groupHierarchyList.get(i).getText()): null

2018-05-10 20:09:46 - [TEST_STEP][PASSED] - Statement - actualgroupList.add(i, groupHierarchyList.get(i).getText()): null

2018-05-10 20:09:46 - [TEST_STEP][PASSED] - Statement - actualgroupList.add(i, groupHierarchyList.get(i).getText()): null

2018-05-10 20:09:46 - [TEST_STEP][PASSED] - Statement - actualgroupList.add(i, groupHierarchyList.get(i).getText()): null

2018-05-10 20:09:46 - [TEST_STEP][PASSED] - Statement - actualgroupList.add(i, groupHierarchyList.get(i).getText()): null

2018-05-10 20:09:46 - [TEST_STEP][PASSED] - Statement - actualgroupList.add(i, groupHierarchyList.get(i).getText()): null

2018-05-10 20:09:46 - [TEST_STEP][PASSED] - Statement - actualgroupList.add(i, groupHierarchyList.get(i).getText()): null

2018-05-10 20:09:46 - [TEST_STEP][PASSED] - Statement - actualgroupList.add(i, groupHierarchyList.get(i).getText()): null

2018-05-10 20:09:46 - [TEST_STEP][PASSED] - Statement - actualgroupList.add(i, groupHierarchyList.get(i).getText()): null

2018-05-10 20:09:46 - [TEST_STEP][PASSED] - Statement - actualgroupList.add(i, groupHierarchyList.get(i).getText()): null

2018-05-10 20:09:46 - [TEST_STEP][PASSED] - Statement - actualgroupList.add(i, groupHierarchyList.get(i).getText()): null

2018-05-10 20:09:46 - [TEST_STEP][PASSED] - Statement - actualgroupList.add(i, groupHierarchyList.get(i).getText()): null

2018-05-10 20:09:46 - [TEST_STEP][PASSED] - Statement - actualgroupList.add(i, groupHierarchyList.get(i).getText()): null

2018-05-10 20:09:46 - [TEST_STEP][PASSED] - Statement - actualgroupList.add(i, groupHierarchyList.get(i).getText()): null

2018-05-10 20:09:46 - [TEST_STEP][PASSED] - Statement - actualgroupList.add(i, groupHierarchyList.get(i).getText()): null

2018-05-10 20:09:46 - [TEST_STEP][PASSED] - Statement - out.println(actualgroupList): null

2018-05-10 20:09:46 - [TEST_STEP][PASSED] - delay: Delayed 10 second(s)

2018-05-10 20:09:56 - [MESSAGE][PASSED] - Delayed 10 second(s)

2018-05-10 20:09:56 - [TEST_STEP][PASSED] - Statement - groupName = CustomKeywords.projectSpecific.Reusability.getTestData("ReportingGroupManagementPage", "GroupName"): projectSpecific.Reusability.getTestData is PASSED

2018-05-10 20:09:56 - [MESSAGE][PASSED] - projectSpecific.Reusability.getTestData is PASSED

2018-05-10 20:09:56 - [TEST_STEP][PASSED] - Statement - If (actualgroupList.contains(groupName)): null

2018-05-10 20:09:56 - [TEST_STEP][PASSED] - uiaction.CommonUIActions.click: uiaction.CommonUIActions.click is PASSED

2018-05-10 20:09:56 - [MESSAGE][PASSED] - uiaction.CommonUIActions.click is PASSED

2018-05-10 20:09:56 - [TEST_STEP][PASSED] - Statement - println("Automation Group is available in group hierarchy"): null

2018-05-10 20:09:56 - [TEST_STEP][PASSED] - verifyElementPresent: Object 'Object Repository/ReportingGroupManagement/reportingGroupDetails' is present

2018-05-10 20:09:56 - [MESSAGE][PASSED] - Object 'Object Repository/ReportingGroupManagement/reportingGroupDetails' is present

2018-05-10 20:09:56 - [TEST_STEP][PASSED] - delay: Delayed 5 second(s)

2018-05-10 20:10:01 - [MESSAGE][PASSED] - Delayed 5 second(s)

2018-05-10 20:10:01 - [TEST_STEP][PASSED] - uiaction.CommonUIActions.verifyMatch: uiaction.CommonUIActions.verifyMatch is PASSED

2018-05-10 20:10:01 - [MESSAGE][PASSED] - projectSpecific.Reusability.getTestData is PASSED

2018-05-10 20:10:01 - [MESSAGE][PASSED] - Attribute 'value' of object 'Object Repository/ReportingGroupManagement/groupNameTxt' is: 'AutomationGroup'

2018-05-10 20:10:01 - [MESSAGE][PASSED] - Actual text 'AutomationGroup' and expected text 'AutomationGroup' are matched 

2018-05-10 20:10:01 - [MESSAGE][PASSED] - uiaction.CommonUIActions.verifyMatch is PASSED

2018-05-10 20:10:01 - [TEST_STEP][PASSED] - delay: Delayed 5 second(s)

2018-05-10 20:10:06 - [MESSAGE][PASSED] - Delayed 5 second(s)

2018-05-10 20:10:06 - [TEST_STEP][PASSED] - uiaction.CommonUIActions.verifyMatch: uiaction.CommonUIActions.verifyMatch is PASSED

2018-05-10 20:10:06 - [MESSAGE][PASSED] - projectSpecific.Reusability.getTestData is PASSED

2018-05-10 20:10:06 - [MESSAGE][PASSED] - Attribute 'value' of object 'Object Repository/ReportingGroupManagement/groupDescTxt' is: 'South west branch Group 11'

2018-05-10 20:10:06 - [MESSAGE][PASSED] - Actual text 'South west branch Group 11' and expected text 'South west branch Group 11' are matched 

2018-05-10 20:10:06 - [MESSAGE][PASSED] - uiaction.CommonUIActions.verifyMatch is PASSED

2018-05-10 20:10:06 - [TEST_STEP][PASSED] - uiaction.CommonUIActions.click: uiaction.CommonUIActions.click is PASSED

2018-05-10 20:10:06 - [MESSAGE][PASSED] - uiaction.CommonUIActions.click is PASSED

2018-05-10 20:10:06 - [TEST_STEP][PASSED] - delay: Delayed 5 second(s)

2018-05-10 20:10:11 - [MESSAGE][PASSED] - Delayed 5 second(s)

2018-05-10 20:10:11 - [TEST_STEP][PASSED] - uiaction.CommonUIActions.click: uiaction.CommonUIActions.click is PASSED

2018-05-10 20:10:11 - [MESSAGE][PASSED] - uiaction.CommonUIActions.click is PASSED

2018-05-10 20:10:11 - [TEST_STEP][PASSED] - uiaction.CommonUIActions.enter: uiaction.CommonUIActions.enter is PASSED

2018-05-10 20:10:11 - [MESSAGE][PASSED] - projectSpecific.Reusability.getTestData is PASSED

2018-05-10 20:10:11 - [MESSAGE][PASSED] - uiaction.CommonUIActions.enter is PASSED

2018-05-10 20:10:11 - [TEST_STEP][PASSED] - uiaction.CommonUIActions.enter: uiaction.CommonUIActions.enter is PASSED

2018-05-10 20:10:11 - [MESSAGE][PASSED] - projectSpecific.Reusability.getTestData is PASSED

2018-05-10 20:10:12 - [MESSAGE][PASSED] - uiaction.CommonUIActions.enter is PASSED

2018-05-10 20:10:12 - [TEST_STEP][PASSED] - uiaction.CommonUIActions.click: uiaction.CommonUIActions.click is PASSED

2018-05-10 20:10:12 - [MESSAGE][PASSED] - uiaction.CommonUIActions.click is PASSED

2018-05-10 20:10:12 - [TEST_STEP][PASSED] - delay: Delayed 10 second(s)

2018-05-10 20:10:22 - [MESSAGE][PASSED] - Delayed 10 second(s)

2018-05-10 20:10:22 - [TEST_STEP][PASSED] - uiaction.CommonUIActions.back: uiaction.CommonUIActions.back is PASSED

2018-05-10 20:10:22 - [MESSAGE][PASSED] - Navigate back successfully

2018-05-10 20:10:22 - [MESSAGE][PASSED] - uiaction.CommonUIActions.back is PASSED

2018-05-10 20:10:22 - [TEST_STEP][PASSED] - delay: Delayed 5 second(s)

2018-05-10 20:10:27 - [MESSAGE][PASSED] - Delayed 5 second(s)

2018-05-10 20:10:27 - [TEST_STEP][PASSED] - uiaction.CommonUIActions.back: uiaction.CommonUIActions.back is PASSED

2018-05-10 20:10:27 - [MESSAGE][PASSED] - Navigate back successfully

2018-05-10 20:10:27 - [MESSAGE][PASSED] - uiaction.CommonUIActions.back is PASSED

2018-05-10 20:10:27 - [TEST_STEP][PASSED] - delay: Delayed 5 second(s)

2018-05-10 20:10:32 - [MESSAGE][PASSED] - Delayed 5 second(s)

2018-05-10 20:10:32 - [TEST_STEP][PASSED] - uiaction.CommonUIActions.click: uiaction.CommonUIActions.click is PASSED

2018-05-10 20:10:32 - [MESSAGE][PASSED] - uiaction.CommonUIActions.click is PASSED

2018-05-10 20:10:32 - [TEST_STEP][PASSED] - uiaction.CommonUIActions.enter: uiaction.CommonUIActions.enter is PASSED

2018-05-10 20:10:32 - [MESSAGE][PASSED] - projectSpecific.Reusability.getTestData is PASSED

2018-05-10 20:10:32 - [MESSAGE][PASSED] - uiaction.CommonUIActions.enter is PASSED

2018-05-10 20:10:32 - [TEST_STEP][PASSED] - uiaction.CommonUIActions.enter: uiaction.CommonUIActions.enter is PASSED

2018-05-10 20:10:32 - [MESSAGE][PASSED] - projectSpecific.Reusability.getTestData is PASSED

2018-05-10 20:10:32 - [MESSAGE][PASSED] - uiaction.CommonUIActions.enter is PASSED

2018-05-10 20:10:32 - [TEST_STEP][PASSED] - uiaction.CommonUIActions.click: uiaction.CommonUIActions.click is PASSED

2018-05-10 20:10:32 - [MESSAGE][PASSED] - uiaction.CommonUIActions.click is PASSED

2018-05-10 20:10:32 - [TEST_STEP][PASSED] - delay: Delayed 10 second(s)

2018-05-10 20:10:42 - [MESSAGE][PASSED] - Delayed 10 second(s)

2018-05-10 20:10:42 - [TEST_STEP][PASSED] - uiaction.CommonUIActions.back: uiaction.CommonUIActions.back is PASSED

2018-05-10 20:10:42 - [MESSAGE][PASSED] - Navigate back successfully

2018-05-10 20:10:42 - [MESSAGE][PASSED] - uiaction.CommonUIActions.back is PASSED

2018-05-10 20:10:42 - [TEST_STEP][PASSED] - delay: Delayed 5 second(s)

2018-05-10 20:10:47 - [MESSAGE][PASSED] - Delayed 5 second(s)

2018-05-10 20:10:47 - [TEST_STEP][PASSED] - uiaction.CommonUIActions.back: uiaction.CommonUIActions.back is PASSED

2018-05-10 20:10:47 - [MESSAGE][PASSED] - Navigate back successfully

2018-05-10 20:10:47 - [MESSAGE][PASSED] - uiaction.CommonUIActions.back is PASSED

2018-05-10 20:10:47 - [TEST_STEP][PASSED] - delay: Delayed 5 second(s)

2018-05-10 20:10:52 - [MESSAGE][PASSED] - Delayed 5 second(s)

2018-05-10 20:10:52 - [TEST_STEP][PASSED] - uiaction.CommonUIActions.click: uiaction.CommonUIActions.click is PASSED

2018-05-10 20:10:52 - [MESSAGE][PASSED] - uiaction.CommonUIActions.click is PASSED

2018-05-10 20:10:52 - [TEST_STEP][PASSED] - Statement - StoreList = CustomKeywords.projectSpecific.Reusability.getTestData("ReportingGroupManagementPage", "dummyGroupName2"): projectSpecific.Reusability.getTestData is PASSED

2018-05-10 20:10:52 - [MESSAGE][PASSED] - projectSpecific.Reusability.getTestData is PASSED

2018-05-10 20:10:52 - [TEST_STEP][PASSED] - Statement - listOfStores = new java.util.ArrayList(java.util.Arrays.asList(StoreList)): null

2018-05-10 20:10:52 - [TEST_STEP][PASSED] - Statement - out.println(listOfStores): null

2018-05-10 20:10:52 - [TEST_STEP][PASSED] - delay: Delayed 10 second(s)

2018-05-10 20:11:02 - [MESSAGE][PASSED] - Delayed 10 second(s)

2018-05-10 20:11:02 - [TEST_STEP][PASSED] - Statement - availableStoreList = driver.findElements(org.openqa.selenium.By.xpath(com.kms.katalon.core.testdata.TestDataFactory.findTestData(OR_file).getValue(2, 10))): Reading excel file with source file 'C:\Users\shalinin\Katalon Studio\HME_Scripts\Data Files\HME_OR.xlsx' and sheet name 'Sheet1'

2018-05-10 20:11:02 - [TEST_STEP][PASSED] - Statement - actualList = new java.util.ArrayList(): null

2018-05-10 20:11:02 - [TEST_STEP][PASSED] - Statement - For ([i = 0, i < availableStoreList.size(), (i++)]): null

2018-05-10 20:11:02 - [TEST_STEP][PASSED] - Statement - actualList.add(i, availableStoreList.get(i).getText()): null

2018-05-10 20:11:02 - [TEST_STEP][PASSED] - Statement - actualList.add(i, availableStoreList.get(i).getText()): null

2018-05-10 20:11:02 - [TEST_STEP][PASSED] - Statement - actualList.add(i, availableStoreList.get(i).getText()): null

2018-05-10 20:11:02 - [TEST_STEP][PASSED] - Statement - actualList.add(i, availableStoreList.get(i).getText()): null

2018-05-10 20:11:03 - [TEST_STEP][PASSED] - Statement - actualList.add(i, availableStoreList.get(i).getText()): null

2018-05-10 20:11:03 - [TEST_STEP][PASSED] - Statement - actualList.add(i, availableStoreList.get(i).getText()): null

2018-05-10 20:11:03 - [TEST_STEP][PASSED] - Statement - actualList.add(i, availableStoreList.get(i).getText()): null

2018-05-10 20:11:03 - [TEST_STEP][PASSED] - Statement - actualList.add(i, availableStoreList.get(i).getText()): null

2018-05-10 20:11:03 - [TEST_STEP][PASSED] - Statement - actualList.add(i, availableStoreList.get(i).getText()): null

2018-05-10 20:11:03 - [TEST_STEP][PASSED] - Statement - actualList.add(i, availableStoreList.get(i).getText()): null

2018-05-10 20:11:03 - [TEST_STEP][PASSED] - Statement - actualList.add(i, availableStoreList.get(i).getText()): null

2018-05-10 20:11:03 - [TEST_STEP][PASSED] - Statement - actualList.add(i, availableStoreList.get(i).getText()): null

2018-05-10 20:11:03 - [TEST_STEP][PASSED] - Statement - actualList.add(i, availableStoreList.get(i).getText()): null

2018-05-10 20:11:03 - [TEST_STEP][PASSED] - Statement - actualList.add(i, availableStoreList.get(i).getText()): null

2018-05-10 20:11:03 - [TEST_STEP][PASSED] - Statement - actualList.add(i, availableStoreList.get(i).getText()): null

2018-05-10 20:11:03 - [TEST_STEP][PASSED] - Statement - actualList.add(i, availableStoreList.get(i).getText()): null

2018-05-10 20:11:03 - [TEST_STEP][PASSED] - Statement - actualList.add(i, availableStoreList.get(i).getText()): null

2018-05-10 20:11:03 - [TEST_STEP][PASSED] - Statement - actualList.add(i, availableStoreList.get(i).getText()): null

2018-05-10 20:11:03 - [TEST_STEP][PASSED] - Statement - actualList.add(i, availableStoreList.get(i).getText()): null

2018-05-10 20:11:03 - [TEST_STEP][PASSED] - Statement - out.println(actualList): null

2018-05-10 20:11:03 - [TEST_STEP][PASSED] - Statement - If (actualList.containsAll(listOfStores)): null

2018-05-10 20:11:03 - [TEST_STEP][PASSED] - Statement - println("Actual list contains the required stores or groups"): null

2018-05-10 20:11:03 - [TEST_STEP][PASSED] - uiaction.CommonUIActions.click: uiaction.CommonUIActions.click is PASSED

2018-05-10 20:11:03 - [MESSAGE][PASSED] - uiaction.CommonUIActions.click is PASSED

2018-05-10 20:11:03 - [TEST_STEP][PASSED] - uiaction.CommonUIActions.click: uiaction.CommonUIActions.click is PASSED

2018-05-10 20:11:03 - [MESSAGE][PASSED] - uiaction.CommonUIActions.click is PASSED

2018-05-10 20:11:03 - [TEST_STEP][PASSED] - uiaction.CommonUIActions.back: uiaction.CommonUIActions.back is PASSED

2018-05-10 20:11:03 - [MESSAGE][PASSED] - Navigate back successfully

2018-05-10 20:11:03 - [MESSAGE][PASSED] - uiaction.CommonUIActions.back is PASSED

2018-05-10 20:11:03 - [TEST_STEP][PASSED] - delay: Delayed 5 second(s)

2018-05-10 20:11:08 - [MESSAGE][PASSED] - Delayed 5 second(s)

2018-05-10 20:11:08 - [TEST_STEP][PASSED] - uiaction.CommonUIActions.back: uiaction.CommonUIActions.back is PASSED

2018-05-10 20:11:08 - [MESSAGE][PASSED] - Navigate back successfully

2018-05-10 20:11:08 - [MESSAGE][PASSED] - uiaction.CommonUIActions.back is PASSED

2018-05-10 20:11:08 - [TEST_STEP][PASSED] - delay: Delayed 5 second(s)

2018-05-10 20:11:13 - [MESSAGE][PASSED] - Delayed 5 second(s)

2018-05-10 20:11:13 - [TEST_STEP][PASSED] - uiaction.CommonUIActions.click: uiaction.CommonUIActions.click is PASSED

2018-05-10 20:11:13 - [MESSAGE][PASSED] - uiaction.CommonUIActions.click is PASSED

2018-05-10 20:11:13 - [TEST_STEP][PASSED] - uiaction.CommonUIActions.click: uiaction.CommonUIActions.click is PASSED

2018-05-10 20:11:13 - [MESSAGE][PASSED] - uiaction.CommonUIActions.click is PASSED

2018-05-10 20:11:13 - [TEST_STEP][PASSED] - uiaction.CommonUIActions.click: uiaction.CommonUIActions.click is PASSED

2018-05-10 20:11:13 - [MESSAGE][PASSED] - uiaction.CommonUIActions.click is PASSED

2018-05-10 20:11:13 - [TEST_STEP][PASSED] - uiaction.CommonUIActions.back: uiaction.CommonUIActions.back is PASSED

2018-05-10 20:11:13 - [MESSAGE][PASSED] - Navigate back successfully

2018-05-10 20:11:13 - [MESSAGE][PASSED] - uiaction.CommonUIActions.back is PASSED

2018-05-10 20:11:13 - [TEST_STEP][PASSED] - delay: Delayed 5 second(s)

2018-05-10 20:11:18 - [MESSAGE][PASSED] - Delayed 5 second(s)

2018-05-10 20:11:18 - [TEST_STEP][PASSED] - uiaction.CommonUIActions.back: uiaction.CommonUIActions.back is PASSED

2018-05-10 20:11:18 - [MESSAGE][PASSED] - Navigate back successfully

2018-05-10 20:11:18 - [MESSAGE][PASSED] - uiaction.CommonUIActions.back is PASSED

2018-05-10 20:11:18 - [TEST_STEP][PASSED] - delay: Delayed 5 second(s)

2018-05-10 20:11:23 - [MESSAGE][PASSED] - Delayed 5 second(s)

2018-05-10 20:11:23 - [TEST_STEP][PASSED] - uiaction.CommonUIActions.click: uiaction.CommonUIActions.click is PASSED

2018-05-10 20:11:23 - [MESSAGE][PASSED] - uiaction.CommonUIActions.click is PASSED

2018-05-10 20:11:23 - [TEST_STEP][PASSED] - delay: Delayed 10 second(s)

2018-05-10 20:11:33 - [MESSAGE][PASSED] - Delayed 10 second(s)

2018-05-10 20:11:33 - [TEST_STEP][PASSED] - Statement - StoresCBList = driver.findElements(org.openqa.selenium.By.xpath(com.kms.katalon.core.testdata.TestDataFactory.findTestData(OR_file).getValue(2, 12))): Reading excel file with source file 'C:\Users\shalinin\Katalon Studio\HME_Scripts\Data Files\HME_OR.xlsx' and sheet name 'Sheet1'

2018-05-10 20:11:33 - [TEST_STEP][PASSED] - Statement - storesLabel = driver.findElements(org.openqa.selenium.By.xpath(com.kms.katalon.core.testdata.TestDataFactory.findTestData(OR_file).getValue(2, 10))): Reading excel file with source file 'C:\Users\shalinin\Katalon Studio\HME_Scripts\Data Files\HME_OR.xlsx' and sheet name 'Sheet1'

2018-05-10 20:11:33 - [TEST_STEP][PASSED] - Statement - groupStoresList = new java.util.ArrayList(): null

2018-05-10 20:11:33 - [TEST_STEP][PASSED] - Statement - groupStoresList1 = new java.util.ArrayList(): null

2018-05-10 20:11:33 - [TEST_STEP][PASSED] - Statement - out.println(StoresCBList.size()): null

2018-05-10 20:11:33 - [TEST_STEP][PASSED] - delay: Delayed 10 second(s)

2018-05-10 20:11:43 - [MESSAGE][PASSED] - Delayed 10 second(s)

2018-05-10 20:11:43 - [TEST_STEP][PASSED] - Statement - For ([i = 0, i < StoresCBList.size(), (i++)]): null

2018-05-10 20:11:43 - [TEST_STEP][PASSED] - Statement - groupStoresList[i] = storesLabel.get(i).getText(): null

2018-05-10 20:11:43 - [TEST_STEP][PASSED] - Statement - StoresCBList.get(i).click(): null

2018-05-10 20:11:44 - [TEST_STEP][PASSED] - Statement - groupStoresList[i] = storesLabel.get(i).getText(): null

2018-05-10 20:11:44 - [TEST_STEP][PASSED] - Statement - StoresCBList.get(i).click(): null

2018-05-10 20:11:44 - [TEST_STEP][PASSED] - Statement - groupStoresList[i] = storesLabel.get(i).getText(): null

2018-05-10 20:11:44 - [TEST_STEP][PASSED] - Statement - StoresCBList.get(i).click(): null

2018-05-10 20:11:44 - [TEST_STEP][PASSED] - Statement - groupStoresList[i] = storesLabel.get(i).getText(): null

2018-05-10 20:11:44 - [TEST_STEP][PASSED] - Statement - StoresCBList.get(i).click(): null

2018-05-10 20:11:44 - [TEST_STEP][PASSED] - Statement - groupStoresList[i] = storesLabel.get(i).getText(): null

2018-05-10 20:11:44 - [TEST_STEP][PASSED] - Statement - StoresCBList.get(i).click(): null

2018-05-10 20:11:44 - [TEST_STEP][PASSED] - Statement - groupStoresList[i] = storesLabel.get(i).getText(): null

2018-05-10 20:11:44 - [TEST_STEP][PASSED] - Statement - StoresCBList.get(i).click(): null

2018-05-10 20:11:44 - [TEST_STEP][PASSED] - Statement - groupStoresList[i] = storesLabel.get(i).getText(): null

2018-05-10 20:11:44 - [TEST_STEP][PASSED] - Statement - StoresCBList.get(i).click(): null

2018-05-10 20:11:44 - [TEST_STEP][PASSED] - Statement - groupStoresList[i] = storesLabel.get(i).getText(): null

2018-05-10 20:11:44 - [TEST_STEP][PASSED] - Statement - StoresCBList.get(i).click(): null

2018-05-10 20:11:44 - [TEST_STEP][PASSED] - Statement - groupStoresList[i] = storesLabel.get(i).getText(): null

2018-05-10 20:11:44 - [TEST_STEP][PASSED] - Statement - StoresCBList.get(i).click(): null

2018-05-10 20:11:44 - [TEST_STEP][PASSED] - Statement - groupStoresList[i] = storesLabel.get(i).getText(): null

2018-05-10 20:11:44 - [TEST_STEP][PASSED] - Statement - StoresCBList.get(i).click(): null

2018-05-10 20:11:44 - [TEST_STEP][PASSED] - Statement - groupStoresList[i] = storesLabel.get(i).getText(): null

2018-05-10 20:11:44 - [TEST_STEP][PASSED] - Statement - StoresCBList.get(i).click(): null

2018-05-10 20:11:44 - [TEST_STEP][PASSED] - Statement - groupStoresList[i] = storesLabel.get(i).getText(): null

2018-05-10 20:11:44 - [TEST_STEP][PASSED] - Statement - StoresCBList.get(i).click(): null

2018-05-10 20:11:44 - [TEST_STEP][PASSED] - Statement - groupStoresList[i] = storesLabel.get(i).getText(): null

2018-05-10 20:11:44 - [TEST_STEP][PASSED] - Statement - StoresCBList.get(i).click(): null

2018-05-10 20:11:44 - [TEST_STEP][PASSED] - Statement - groupStoresList[i] = storesLabel.get(i).getText(): null

2018-05-10 20:11:44 - [TEST_STEP][PASSED] - Statement - StoresCBList.get(i).click(): null

2018-05-10 20:11:44 - [TEST_STEP][PASSED] - Statement - groupStoresList[i] = storesLabel.get(i).getText(): null

2018-05-10 20:11:44 - [TEST_STEP][PASSED] - Statement - StoresCBList.get(i).click(): null

2018-05-10 20:11:44 - [TEST_STEP][PASSED] - Statement - groupStoresList[i] = storesLabel.get(i).getText(): null

2018-05-10 20:11:44 - [TEST_STEP][PASSED] - Statement - StoresCBList.get(i).click(): null

2018-05-10 20:11:44 - [TEST_STEP][PASSED] - Statement - groupStoresList[i] = storesLabel.get(i).getText(): null

2018-05-10 20:11:44 - [TEST_STEP][PASSED] - Statement - StoresCBList.get(i).click(): null

2018-05-10 20:11:45 - [TEST_STEP][PASSED] - Statement - out.println(groupStoresList): null

2018-05-10 20:11:45 - [TEST_STEP][PASSED] - Statement - size = groupStoresList.size(): null

2018-05-10 20:11:45 - [TEST_STEP][PASSED] - Statement - For ([i = 0, i < StoresCBList.size() - 10, (i++)]): null

2018-05-10 20:11:45 - [TEST_STEP][PASSED] - Statement - groupStoresList1[i] = storesLabel.get(i).getText(): null

2018-05-10 20:11:45 - [TEST_STEP][PASSED] - Statement - groupStoresList1[i] = storesLabel.get(i).getText(): null

2018-05-10 20:11:45 - [TEST_STEP][PASSED] - Statement - groupStoresList1[i] = storesLabel.get(i).getText(): null

2018-05-10 20:11:45 - [TEST_STEP][PASSED] - Statement - groupStoresList1[i] = storesLabel.get(i).getText(): null

2018-05-10 20:11:45 - [TEST_STEP][PASSED] - Statement - groupStoresList1[i] = storesLabel.get(i).getText(): null

2018-05-10 20:11:45 - [TEST_STEP][PASSED] - Statement - groupStoresList1[i] = storesLabel.get(i).getText(): null

2018-05-10 20:11:45 - [TEST_STEP][PASSED] - Statement - groupStoresList1[i] = storesLabel.get(i).getText(): null

2018-05-10 20:11:45 - [TEST_STEP][PASSED] - delay: Delayed 10 second(s)

2018-05-10 20:11:55 - [MESSAGE][PASSED] - Delayed 10 second(s)

2018-05-10 20:11:55 - [TEST_STEP][PASSED] - uiaction.CommonUIActions.click: uiaction.CommonUIActions.click is PASSED

2018-05-10 20:11:55 - [MESSAGE][PASSED] - uiaction.CommonUIActions.click is PASSED

2018-05-10 20:11:55 - [TEST_STEP][PASSED] - delay: Delayed 5 second(s)

2018-05-10 20:12:00 - [MESSAGE][PASSED] - Delayed 5 second(s)

2018-05-10 20:12:00 - [TEST_STEP][PASSED] - Statement - secondStoreListBox = driver.findElements(org.openqa.selenium.By.xpath(com.kms.katalon.core.testdata.TestDataFactory.findTestData(OR_file).getValue(2, 11))): Reading excel file with source file 'C:\Users\shalinin\Katalon Studio\HME_Scripts\Data Files\HME_OR.xlsx' and sheet name 'Sheet1'

2018-05-10 20:12:00 - [TEST_STEP][PASSED] - Statement - actualList1 = new java.util.ArrayList(): null

2018-05-10 20:12:00 - [TEST_STEP][PASSED] - Statement - For ([i = 0, i < secondStoreListBox.size(), (i++)]): null

2018-05-10 20:12:00 - [TEST_STEP][PASSED] - Statement - actualList1.add(i, secondStoreListBox.get(i).getText()): null

2018-05-10 20:12:00 - [TEST_STEP][PASSED] - Statement - actualList1.add(i, secondStoreListBox.get(i).getText()): null

2018-05-10 20:12:00 - [TEST_STEP][PASSED] - Statement - actualList1.add(i, secondStoreListBox.get(i).getText()): null

2018-05-10 20:12:00 - [TEST_STEP][PASSED] - Statement - actualList1.add(i, secondStoreListBox.get(i).getText()): null

2018-05-10 20:12:00 - [TEST_STEP][PASSED] - Statement - actualList1.add(i, secondStoreListBox.get(i).getText()): null

2018-05-10 20:12:00 - [TEST_STEP][PASSED] - Statement - actualList1.add(i, secondStoreListBox.get(i).getText()): null

2018-05-10 20:12:00 - [TEST_STEP][PASSED] - Statement - actualList1.add(i, secondStoreListBox.get(i).getText()): null

2018-05-10 20:12:00 - [TEST_STEP][PASSED] - Statement - actualList1.add(i, secondStoreListBox.get(i).getText()): null

2018-05-10 20:12:00 - [TEST_STEP][PASSED] - Statement - actualList1.add(i, secondStoreListBox.get(i).getText()): null

2018-05-10 20:12:00 - [TEST_STEP][PASSED] - Statement - actualList1.add(i, secondStoreListBox.get(i).getText()): null

2018-05-10 20:12:00 - [TEST_STEP][PASSED] - Statement - actualList1.add(i, secondStoreListBox.get(i).getText()): null

2018-05-10 20:12:00 - [TEST_STEP][PASSED] - Statement - actualList1.add(i, secondStoreListBox.get(i).getText()): null

2018-05-10 20:12:00 - [TEST_STEP][PASSED] - Statement - actualList1.add(i, secondStoreListBox.get(i).getText()): null

2018-05-10 20:12:00 - [TEST_STEP][PASSED] - Statement - actualList1.add(i, secondStoreListBox.get(i).getText()): null

2018-05-10 20:12:00 - [TEST_STEP][PASSED] - Statement - actualList1.add(i, secondStoreListBox.get(i).getText()): null

2018-05-10 20:12:00 - [TEST_STEP][PASSED] - Statement - actualList1.add(i, secondStoreListBox.get(i).getText()): null

2018-05-10 20:12:00 - [TEST_STEP][PASSED] - Statement - actualList1.add(i, secondStoreListBox.get(i).getText()): null

2018-05-10 20:12:00 - [TEST_STEP][PASSED] - Statement - out.println(actualList1): null

2018-05-10 20:12:00 - [TEST_STEP][PASSED] - delay: Delayed 10 second(s)

2018-05-10 20:12:10 - [MESSAGE][PASSED] - Delayed 10 second(s)

2018-05-10 20:12:10 - [TEST_STEP][PASSED] - Statement - If (actualList1.containsAll(groupStoresList)): null

2018-05-10 20:12:10 - [TEST_STEP][PASSED] - Statement - println("Moved stores are displayed in Group/Stores in Group listbox"): null

2018-05-10 20:12:10 - [TEST_STEP][PASSED] - uiaction.CommonUIActions.click: uiaction.CommonUIActions.click is PASSED

2018-05-10 20:12:10 - [MESSAGE][PASSED] - uiaction.CommonUIActions.click is PASSED

2018-05-10 20:12:10 - [TEST_STEP][PASSED] - delay: Delayed 10 second(s)

2018-05-10 20:12:20 - [MESSAGE][PASSED] - Delayed 10 second(s)

2018-05-10 20:12:20 - [TEST_STEP][PASSED] - uiaction.CommonUIActions.back: uiaction.CommonUIActions.back is PASSED

2018-05-10 20:12:20 - [MESSAGE][PASSED] - Navigate back successfully

2018-05-10 20:12:20 - [MESSAGE][PASSED] - uiaction.CommonUIActions.back is PASSED

2018-05-10 20:12:20 - [TEST_STEP][PASSED] - delay: Delayed 5 second(s)

2018-05-10 20:12:25 - [MESSAGE][PASSED] - Delayed 5 second(s)

2018-05-10 20:12:25 - [TEST_STEP][PASSED] - uiaction.CommonUIActions.back: uiaction.CommonUIActions.back is PASSED

2018-05-10 20:12:25 - [MESSAGE][PASSED] - Navigate back successfully

2018-05-10 20:12:25 - [MESSAGE][PASSED] - uiaction.CommonUIActions.back is PASSED

2018-05-10 20:12:25 - [TEST_STEP][PASSED] - delay: Delayed 5 second(s)

2018-05-10 20:12:30 - [MESSAGE][PASSED] - Delayed 5 second(s)

2018-05-10 20:12:30 - [TEST_STEP][PASSED] - uiaction.CommonUIActions.click: uiaction.CommonUIActions.click is PASSED

2018-05-10 20:12:30 - [MESSAGE][PASSED] - uiaction.CommonUIActions.click is PASSED

2018-05-10 20:12:30 - [TEST_STEP][PASSED] - Statement - subGroupList = new java.util.ArrayList(): null

2018-05-10 20:12:30 - [TEST_STEP][PASSED] - Statement - For ([i = 1, i <= size, (i++)]): null

2018-05-10 20:12:30 - [TEST_STEP][PASSED] - Statement - groupXpath = "(//span[@title='" + groupName + "']/following-sibling::ul/li/span[3]/span[2])[" + i + "]": null

2018-05-10 20:12:30 - [TEST_STEP][PASSED] - Statement - println(groupXpath): null

2018-05-10 20:12:30 - [TEST_STEP][PASSED] - Statement - childgroup = driver.findElement(org.openqa.selenium.By.xpath(groupXpath)).getText(): null

2018-05-10 20:12:30 - [TEST_STEP][PASSED] - Statement - println(childgroup): null

2018-05-10 20:12:30 - [TEST_STEP][PASSED] - Statement - subGroupList[i - 1] = childgroup: null

2018-05-10 20:12:30 - [TEST_STEP][PASSED] - Statement - groupXpath = "(//span[@title='" + groupName + "']/following-sibling::ul/li/span[3]/span[2])[" + i + "]": null

2018-05-10 20:12:30 - [TEST_STEP][PASSED] - Statement - println(groupXpath): null

2018-05-10 20:12:30 - [TEST_STEP][PASSED] - Statement - childgroup = driver.findElement(org.openqa.selenium.By.xpath(groupXpath)).getText(): null

2018-05-10 20:12:30 - [TEST_STEP][PASSED] - Statement - println(childgroup): null

2018-05-10 20:12:30 - [TEST_STEP][PASSED] - Statement - subGroupList[i - 1] = childgroup: null

2018-05-10 20:12:30 - [TEST_STEP][PASSED] - Statement - groupXpath = "(//span[@title='" + groupName + "']/following-sibling::ul/li/span[3]/span[2])[" + i + "]": null

2018-05-10 20:12:30 - [TEST_STEP][PASSED] - Statement - println(groupXpath): null

2018-05-10 20:12:30 - [TEST_STEP][PASSED] - Statement - childgroup = driver.findElement(org.openqa.selenium.By.xpath(groupXpath)).getText(): null

2018-05-10 20:12:31 - [TEST_STEP][PASSED] - Statement - println(childgroup): null

2018-05-10 20:12:31 - [TEST_STEP][PASSED] - Statement - subGroupList[i - 1] = childgroup: null

2018-05-10 20:12:31 - [TEST_STEP][PASSED] - Statement - groupXpath = "(//span[@title='" + groupName + "']/following-sibling::ul/li/span[3]/span[2])[" + i + "]": null

2018-05-10 20:12:31 - [TEST_STEP][PASSED] - Statement - println(groupXpath): null

2018-05-10 20:12:31 - [TEST_STEP][PASSED] - Statement - childgroup = driver.findElement(org.openqa.selenium.By.xpath(groupXpath)).getText(): null

2018-05-10 20:12:31 - [TEST_STEP][PASSED] - Statement - println(childgroup): null

2018-05-10 20:12:31 - [TEST_STEP][PASSED] - Statement - subGroupList[i - 1] = childgroup: null

2018-05-10 20:12:31 - [TEST_STEP][PASSED] - Statement - groupXpath = "(//span[@title='" + groupName + "']/following-sibling::ul/li/span[3]/span[2])[" + i + "]": null

2018-05-10 20:12:31 - [TEST_STEP][PASSED] - Statement - println(groupXpath): null

2018-05-10 20:12:31 - [TEST_STEP][PASSED] - Statement - childgroup = driver.findElement(org.openqa.selenium.By.xpath(groupXpath)).getText(): null

2018-05-10 20:12:31 - [TEST_STEP][PASSED] - Statement - println(childgroup): null

2018-05-10 20:12:31 - [TEST_STEP][PASSED] - Statement - subGroupList[i - 1] = childgroup: null

2018-05-10 20:12:31 - [TEST_STEP][PASSED] - Statement - groupXpath = "(//span[@title='" + groupName + "']/following-sibling::ul/li/span[3]/span[2])[" + i + "]": null

2018-05-10 20:12:31 - [TEST_STEP][PASSED] - Statement - println(groupXpath): null

2018-05-10 20:12:31 - [TEST_STEP][PASSED] - Statement - childgroup = driver.findElement(org.openqa.selenium.By.xpath(groupXpath)).getText(): null

2018-05-10 20:12:31 - [TEST_STEP][PASSED] - Statement - println(childgroup): null

2018-05-10 20:12:31 - [TEST_STEP][PASSED] - Statement - subGroupList[i - 1] = childgroup: null

2018-05-10 20:12:31 - [TEST_STEP][PASSED] - Statement - groupXpath = "(//span[@title='" + groupName + "']/following-sibling::ul/li/span[3]/span[2])[" + i + "]": null

2018-05-10 20:12:31 - [TEST_STEP][PASSED] - Statement - println(groupXpath): null

2018-05-10 20:12:31 - [TEST_STEP][PASSED] - Statement - childgroup = driver.findElement(org.openqa.selenium.By.xpath(groupXpath)).getText(): null

2018-05-10 20:12:31 - [TEST_STEP][PASSED] - Statement - println(childgroup): null

2018-05-10 20:12:31 - [TEST_STEP][PASSED] - Statement - subGroupList[i - 1] = childgroup: null

2018-05-10 20:12:31 - [TEST_STEP][PASSED] - Statement - groupXpath = "(//span[@title='" + groupName + "']/following-sibling::ul/li/span[3]/span[2])[" + i + "]": null

2018-05-10 20:12:31 - [TEST_STEP][PASSED] - Statement - println(groupXpath): null

2018-05-10 20:12:31 - [TEST_STEP][PASSED] - Statement - childgroup = driver.findElement(org.openqa.selenium.By.xpath(groupXpath)).getText(): null

2018-05-10 20:12:31 - [TEST_STEP][PASSED] - Statement - println(childgroup): null

2018-05-10 20:12:31 - [TEST_STEP][PASSED] - Statement - subGroupList[i - 1] = childgroup: null

2018-05-10 20:12:31 - [TEST_STEP][PASSED] - Statement - groupXpath = "(//span[@title='" + groupName + "']/following-sibling::ul/li/span[3]/span[2])[" + i + "]": null

2018-05-10 20:12:31 - [TEST_STEP][PASSED] - Statement - println(groupXpath): null

2018-05-10 20:12:31 - [TEST_STEP][PASSED] - Statement - childgroup = driver.findElement(org.openqa.selenium.By.xpath(groupXpath)).getText(): null

2018-05-10 20:12:31 - [TEST_STEP][PASSED] - Statement - println(childgroup): null

2018-05-10 20:12:31 - [TEST_STEP][PASSED] - Statement - subGroupList[i - 1] = childgroup: null

2018-05-10 20:12:31 - [TEST_STEP][PASSED] - Statement - groupXpath = "(//span[@title='" + groupName + "']/following-sibling::ul/li/span[3]/span[2])[" + i + "]": null

2018-05-10 20:12:31 - [TEST_STEP][PASSED] - Statement - println(groupXpath): null

2018-05-10 20:12:31 - [TEST_STEP][PASSED] - Statement - childgroup = driver.findElement(org.openqa.selenium.By.xpath(groupXpath)).getText(): null

2018-05-10 20:12:31 - [TEST_STEP][PASSED] - Statement - println(childgroup): null

2018-05-10 20:12:31 - [TEST_STEP][PASSED] - Statement - subGroupList[i - 1] = childgroup: null

2018-05-10 20:12:31 - [TEST_STEP][PASSED] - Statement - groupXpath = "(//span[@title='" + groupName + "']/following-sibling::ul/li/span[3]/span[2])[" + i + "]": null

2018-05-10 20:12:31 - [TEST_STEP][PASSED] - Statement - println(groupXpath): null

2018-05-10 20:12:31 - [TEST_STEP][PASSED] - Statement - childgroup = driver.findElement(org.openqa.selenium.By.xpath(groupXpath)).getText(): null

2018-05-10 20:12:31 - [TEST_STEP][PASSED] - Statement - println(childgroup): null

2018-05-10 20:12:31 - [TEST_STEP][PASSED] - Statement - subGroupList[i - 1] = childgroup: null

2018-05-10 20:12:31 - [TEST_STEP][PASSED] - Statement - groupXpath = "(//span[@title='" + groupName + "']/following-sibling::ul/li/span[3]/span[2])[" + i + "]": null

2018-05-10 20:12:31 - [TEST_STEP][PASSED] - Statement - println(groupXpath): null

2018-05-10 20:12:31 - [TEST_STEP][PASSED] - Statement - childgroup = driver.findElement(org.openqa.selenium.By.xpath(groupXpath)).getText(): null

2018-05-10 20:12:31 - [TEST_STEP][PASSED] - Statement - println(childgroup): null

2018-05-10 20:12:31 - [TEST_STEP][PASSED] - Statement - subGroupList[i - 1] = childgroup: null

2018-05-10 20:12:31 - [TEST_STEP][PASSED] - Statement - groupXpath = "(//span[@title='" + groupName + "']/following-sibling::ul/li/span[3]/span[2])[" + i + "]": null

2018-05-10 20:12:31 - [TEST_STEP][PASSED] - Statement - println(groupXpath): null

2018-05-10 20:12:31 - [TEST_STEP][PASSED] - Statement - childgroup = driver.findElement(org.openqa.selenium.By.xpath(groupXpath)).getText(): null

2018-05-10 20:12:31 - [TEST_STEP][PASSED] - Statement - println(childgroup): null

2018-05-10 20:12:31 - [TEST_STEP][PASSED] - Statement - subGroupList[i - 1] = childgroup: null

2018-05-10 20:12:31 - [TEST_STEP][PASSED] - Statement - groupXpath = "(//span[@title='" + groupName + "']/following-sibling::ul/li/span[3]/span[2])[" + i + "]": null

2018-05-10 20:12:31 - [TEST_STEP][PASSED] - Statement - println(groupXpath): null

2018-05-10 20:12:31 - [TEST_STEP][PASSED] - Statement - childgroup = driver.findElement(org.openqa.selenium.By.xpath(groupXpath)).getText(): null

2018-05-10 20:12:31 - [TEST_STEP][PASSED] - Statement - println(childgroup): null

2018-05-10 20:12:31 - [TEST_STEP][PASSED] - Statement - subGroupList[i - 1] = childgroup: null

2018-05-10 20:12:31 - [TEST_STEP][PASSED] - Statement - groupXpath = "(//span[@title='" + groupName + "']/following-sibling::ul/li/span[3]/span[2])[" + i + "]": null

2018-05-10 20:12:31 - [TEST_STEP][PASSED] - Statement - println(groupXpath): null

2018-05-10 20:12:31 - [TEST_STEP][PASSED] - Statement - childgroup = driver.findElement(org.openqa.selenium.By.xpath(groupXpath)).getText(): null

2018-05-10 20:12:31 - [TEST_STEP][PASSED] - Statement - println(childgroup): null

2018-05-10 20:12:31 - [TEST_STEP][PASSED] - Statement - subGroupList[i - 1] = childgroup: null

2018-05-10 20:12:31 - [TEST_STEP][PASSED] - Statement - groupXpath = "(//span[@title='" + groupName + "']/following-sibling::ul/li/span[3]/span[2])[" + i + "]": null

2018-05-10 20:12:31 - [TEST_STEP][PASSED] - Statement - println(groupXpath): null

2018-05-10 20:12:31 - [TEST_STEP][PASSED] - Statement - childgroup = driver.findElement(org.openqa.selenium.By.xpath(groupXpath)).getText(): null

2018-05-10 20:12:31 - [TEST_STEP][PASSED] - Statement - println(childgroup): null

2018-05-10 20:12:31 - [TEST_STEP][PASSED] - Statement - subGroupList[i - 1] = childgroup: null

2018-05-10 20:12:31 - [TEST_STEP][PASSED] - Statement - groupXpath = "(//span[@title='" + groupName + "']/following-sibling::ul/li/span[3]/span[2])[" + i + "]": null

2018-05-10 20:12:31 - [TEST_STEP][PASSED] - Statement - println(groupXpath): null

2018-05-10 20:12:31 - [TEST_STEP][PASSED] - Statement - childgroup = driver.findElement(org.openqa.selenium.By.xpath(groupXpath)).getText(): null

2018-05-10 20:12:31 - [TEST_STEP][PASSED] - Statement - println(childgroup): null

2018-05-10 20:12:31 - [TEST_STEP][PASSED] - Statement - subGroupList[i - 1] = childgroup: null

2018-05-10 20:12:31 - [TEST_STEP][PASSED] - Statement - println(subGroupList): null

2018-05-10 20:12:31 - [TEST_STEP][PASSED] - Statement - println(groupStoresList1): null

2018-05-10 20:12:31 - [TEST_STEP][PASSED] - Statement - If (subGroupList.containsAll(groupStoresList1)): null

2018-05-10 20:12:31 - [TEST_STEP][PASSED] - Statement - println("Parent group have all the associated stores and groups"): null

2018-05-10 20:12:31 - [TEST_STEP][PASSED] - uiaction.CommonUIActions.click: uiaction.CommonUIActions.click is PASSED

2018-05-10 20:12:33 - [MESSAGE][PASSED] - uiaction.CommonUIActions.click is PASSED

2018-05-10 20:12:33 - [TEST_STEP][PASSED] - Statement - storesList = driver.findElements(org.openqa.selenium.By.xpath(com.kms.katalon.core.testdata.TestDataFactory.findTestData(OR_file).getValue(2, 16))): Reading excel file with source file 'C:\Users\shalinin\Katalon Studio\HME_Scripts\Data Files\HME_OR.xlsx' and sheet name 'Sheet1'

2018-05-10 20:12:33 - [TEST_STEP][PASSED] - Statement - For ([i = 1, i < storesList.size(), (i++)]): null

2018-05-10 20:12:33 - [TEST_STEP][PASSED] - Statement - reportgroup = "(//div[@class='ctable']/table/tbody/tr[@class='tdata clear'])[" + i + "]/td[7]": null

2018-05-10 20:12:33 - [TEST_STEP][PASSED] - Statement - reportgroupTxt = driver.findElement(org.openqa.selenium.By.xpath(reportgroup)).getText(): null

2018-05-10 20:12:33 - [TEST_STEP][PASSED] - Statement - If (reportgroupTxt == "AutomationGroup"): null

2018-05-10 20:12:33 - [TEST_STEP][PASSED] - Statement - println("Report group has right group name"): null

2018-05-10 20:12:33 - [TEST_STEP][PASSED] - Statement - reportgroup = "(//div[@class='ctable']/table/tbody/tr[@class='tdata clear'])[" + i + "]/td[7]": null

2018-05-10 20:12:33 - [TEST_STEP][PASSED] - Statement - reportgroupTxt = driver.findElement(org.openqa.selenium.By.xpath(reportgroup)).getText(): null

2018-05-10 20:12:33 - [TEST_STEP][PASSED] - Statement - If (reportgroupTxt == "AutomationGroup"): null

2018-05-10 20:12:33 - [TEST_STEP][PASSED] - Statement - println("Report group has right group name"): null

2018-05-10 20:12:33 - [TEST_STEP][PASSED] - Statement - reportgroup = "(//div[@class='ctable']/table/tbody/tr[@class='tdata clear'])[" + i + "]/td[7]": null

2018-05-10 20:12:33 - [TEST_STEP][PASSED] - Statement - reportgroupTxt = driver.findElement(org.openqa.selenium.By.xpath(reportgroup)).getText(): null

2018-05-10 20:12:33 - [TEST_STEP][PASSED] - Statement - If (reportgroupTxt == "AutomationGroup"): null

2018-05-10 20:12:33 - [TEST_STEP][PASSED] - Statement - println("Report group has right group name"): null

2018-05-10 20:12:33 - [TEST_STEP][PASSED] - Statement - reportgroup = "(//div[@class='ctable']/table/tbody/tr[@class='tdata clear'])[" + i + "]/td[7]": null

2018-05-10 20:12:33 - [TEST_STEP][PASSED] - Statement - reportgroupTxt = driver.findElement(org.openqa.selenium.By.xpath(reportgroup)).getText(): null

2018-05-10 20:12:33 - [TEST_STEP][PASSED] - Statement - If (reportgroupTxt == "AutomationGroup"): null

2018-05-10 20:12:33 - [TEST_STEP][PASSED] - Statement - println("Report group has right group name"): null

2018-05-10 20:12:33 - [TEST_STEP][PASSED] - Statement - reportgroup = "(//div[@class='ctable']/table/tbody/tr[@class='tdata clear'])[" + i + "]/td[7]": null

2018-05-10 20:12:33 - [TEST_STEP][PASSED] - Statement - reportgroupTxt = driver.findElement(org.openqa.selenium.By.xpath(reportgroup)).getText(): null

2018-05-10 20:12:33 - [TEST_STEP][PASSED] - Statement - If (reportgroupTxt == "AutomationGroup"): null

2018-05-10 20:12:33 - [TEST_STEP][PASSED] - Statement - println("Report group has right group name"): null

2018-05-10 20:12:33 - [TEST_STEP][PASSED] - uiaction.CommonUIActions.click: uiaction.CommonUIActions.click is PASSED

2018-05-10 20:12:33 - [MESSAGE][PASSED] - uiaction.CommonUIActions.click is PASSED

2018-05-10 20:12:33 - [TEST_STEP][PASSED] - uiaction.CommonUIActions.click: uiaction.CommonUIActions.click is PASSED

2018-05-10 20:12:35 - [MESSAGE][PASSED] - uiaction.CommonUIActions.click is PASSED

2018-05-10 20:12:35 - [TEST_STEP][PASSED] - uiaction.CommonUIActions.click: uiaction.CommonUIActions.click is PASSED

2018-05-10 20:12:35 - [MESSAGE][PASSED] - uiaction.CommonUIActions.click is PASSED

2018-05-10 20:12:35 - [TEST_STEP][PASSED] - delay: Delayed 10 second(s)

2018-05-10 20:12:45 - [MESSAGE][PASSED] - Delayed 10 second(s)

2018-05-10 20:12:45 - [TEST_STEP][PASSED] - uiaction.CommonUIActions.click: uiaction.CommonUIActions.click is PASSED

2018-05-10 20:12:45 - [MESSAGE][PASSED] - uiaction.CommonUIActions.click is PASSED

2018-05-10 20:12:45 - [TEST_STEP][PASSED] - uiaction.CommonUIActions.click: uiaction.CommonUIActions.click is PASSED

2018-05-10 20:12:45 - [MESSAGE][PASSED] - uiaction.CommonUIActions.click is PASSED

2018-05-10 20:12:45 - [TEST_STEP][PASSED] - uiaction.CommonUIActions.click: uiaction.CommonUIActions.click is PASSED

2018-05-10 20:12:45 - [MESSAGE][PASSED] - uiaction.CommonUIActions.click is PASSED

2018-05-10 20:12:45 - [TEST_STEP][PASSED] - delay: Delayed 10 second(s)

2018-05-10 20:12:55 - [MESSAGE][PASSED] - Delayed 10 second(s)

2018-05-10 20:12:55 - [TEST_STEP][PASSED] - uiaction.CommonUIActions.back: uiaction.CommonUIActions.back is PASSED

2018-05-10 20:12:55 - [MESSAGE][PASSED] - Navigate back successfully

2018-05-10 20:12:55 - [MESSAGE][PASSED] - uiaction.CommonUIActions.back is PASSED

2018-05-10 20:12:55 - [TEST_STEP][PASSED] - delay: Delayed 5 second(s)

2018-05-10 20:13:00 - [MESSAGE][PASSED] - Delayed 5 second(s)

2018-05-10 20:13:00 - [TEST_STEP][PASSED] - uiaction.CommonUIActions.back: uiaction.CommonUIActions.back is PASSED

2018-05-10 20:13:00 - [MESSAGE][PASSED] - Navigate back successfully

2018-05-10 20:13:00 - [MESSAGE][PASSED] - uiaction.CommonUIActions.back is PASSED

2018-05-10 20:13:00 - [TEST_STEP][PASSED] - uiaction.CommonUIActions.click: uiaction.CommonUIActions.click is PASSED

2018-05-10 20:13:01 - [MESSAGE][PASSED] - uiaction.CommonUIActions.click is PASSED

2018-05-10 20:13:01 - [TEST_STEP][PASSED] - uiaction.CommonUIActions.click: uiaction.CommonUIActions.click is PASSED

2018-05-10 20:13:01 - [MESSAGE][PASSED] - uiaction.CommonUIActions.click is PASSED

2018-05-10 20:13:01 - [TEST_STEP][PASSED] - uiaction.CommonUIActions.click: uiaction.CommonUIActions.click is PASSED

2018-05-10 20:13:01 - [MESSAGE][PASSED] - uiaction.CommonUIActions.click is PASSED

2018-05-10 20:13:01 - [TEST_STEP][PASSED] - uiaction.CommonUIActions.click: uiaction.CommonUIActions.click is PASSED

2018-05-10 20:13:03 - [MESSAGE][PASSED] - uiaction.CommonUIActions.click is PASSED

2018-05-10 20:13:03 - [TEST_STEP][PASSED] - Statement - assert TCflag == true: null

2018-05-10 20:13:03 - [TEST_STEP][PASSED] - Start listener action : sampleAfterTestCase: Browser is closed

2018-05-10 20:13:03 - [TEST_STEP][PASSED] - Statement - println(testCaseContext.getTestCaseId()): null

2018-05-10 20:13:03 - [TEST_STEP][PASSED] - Statement - println(testCaseContext.getTestCaseStatus()): null

2018-05-10 20:13:03 - [TEST_STEP][PASSED] - closeBrowser: Browser is closed

2018-05-10 20:13:04 - [MESSAGE][PASSED] - Browser is closed]]></system-out>
         <system-err><![CDATA[]]></system-err>
      </testcase>
      <testcase name="Test Cases/CreateGroupTC/HME-ReportingGroupManagement-03" classname="Test Cases/CreateGroupTC/HME-ReportingGroupManagement-03" status="PASSED">
         <system-out><![CDATA[2018-05-10 20:13:04 - [TEST_CASE][PASSED] - Test Cases/CreateGroupTC/HME-ReportingGroupManagement-03: Browser is closed

2018-05-10 20:13:04 - [TEST_STEP][PASSED] - Start listener action : sampleBeforeTestCase: uiaction.CommonUIActions.deleteAllCookies is PASSED

2018-05-10 20:13:04 - [TEST_STEP][PASSED] - openBrowser: Browser is opened with url: ''

2018-05-10 20:13:06 - [MESSAGE][PASSED] - Browser is opened with url: ''

2018-05-10 20:13:06 - [TEST_STEP][PASSED] - maximizeWindow: Current window maximized

2018-05-10 20:13:07 - [MESSAGE][PASSED] - Current window maximized

2018-05-10 20:13:07 - [TEST_STEP][PASSED] - uiaction.CommonUIActions.deleteAllCookies: uiaction.CommonUIActions.deleteAllCookies is PASSED

2018-05-10 20:13:07 - [MESSAGE][PASSED] - Delete all cookies successfully

2018-05-10 20:13:07 - [MESSAGE][PASSED] - uiaction.CommonUIActions.deleteAllCookies is PASSED

2018-05-10 20:13:08 - [TEST_STEP][PASSED] - Statement - TCflag = true: null

2018-05-10 20:13:08 - [TEST_STEP][PASSED] - Statement - Try: uiaction.CommonUIActions.click is PASSED

2018-05-10 20:13:08 - [TEST_STEP][PASSED] - navigateToUrl: Navigate to 'https://hme-dev-public-cloud-app.azurewebsites.net/' successfully

2018-05-10 20:13:10 - [MESSAGE][PASSED] - Navigate to 'https://hme-dev-public-cloud-app.azurewebsites.net/' successfully

2018-05-10 20:13:10 - [TEST_STEP][PASSED] - Statement - driver = com.kms.katalon.core.webui.driver.DriverFactory.getWebDriver(): null

2018-05-10 20:13:10 - [TEST_STEP][PASSED] - projectSpecific.Reusability.login: projectSpecific.Reusability.login is PASSED

2018-05-10 20:13:10 - [MESSAGE][PASSED] - projectSpecific.Reusability.getTestData is PASSED

2018-05-10 20:13:10 - [MESSAGE][PASSED] - projectSpecific.Reusability.getTestData is PASSED

2018-05-10 20:13:11 - [MESSAGE][PASSED] - Text 'selvendrank@nousinfo.com' is set on object 'Object Repository/LoginPage/Username'

2018-05-10 20:13:11 - [MESSAGE][PASSED] - Text 'nous;123' is set on object 'Object Repository/LoginPage/Password'

2018-05-10 20:13:11 - [MESSAGE][PASSED] - Object: 'Object Repository/LoginPage/Login' is clicked on

2018-05-10 20:13:11 - [MESSAGE][PASSED] - projectSpecific.Reusability.login is PASSED

2018-05-10 20:13:11 - [TEST_STEP][PASSED] - uiaction.CommonUIActions.click: uiaction.CommonUIActions.click is PASSED

2018-05-10 20:13:22 - [MESSAGE][PASSED] - uiaction.CommonUIActions.click is PASSED

2018-05-10 20:13:22 - [TEST_STEP][PASSED] - delay: Delayed 10 second(s)

2018-05-10 20:13:32 - [MESSAGE][PASSED] - Delayed 10 second(s)

2018-05-10 20:13:32 - [TEST_STEP][PASSED] - uiaction.CommonUIActions.click: uiaction.CommonUIActions.click is PASSED

2018-05-10 20:13:34 - [MESSAGE][PASSED] - uiaction.CommonUIActions.click is PASSED

2018-05-10 20:13:34 - [TEST_STEP][PASSED] - verifyElementPresent: Object 'Object Repository/StorePage/StoreListHeading' is present

2018-05-10 20:13:34 - [MESSAGE][PASSED] - Object 'Object Repository/StorePage/StoreListHeading' is present

2018-05-10 20:13:34 - [TEST_STEP][PASSED] - uiaction.CommonUIActions.click: uiaction.CommonUIActions.click is PASSED

2018-05-10 20:13:35 - [MESSAGE][PASSED] - uiaction.CommonUIActions.click is PASSED

2018-05-10 20:13:35 - [TEST_STEP][PASSED] - verifyElementPresent: Object 'Object Repository/StorePage/ManageLeaderGroupsButton' is present

2018-05-10 20:13:35 - [MESSAGE][PASSED] - Object 'Object Repository/StorePage/ManageLeaderGroupsButton' is present

2018-05-10 20:13:35 - [TEST_STEP][PASSED] - verifyElementPresent: Object 'Object Repository/StorePage/ManageReportGroupsButtton' is present

2018-05-10 20:13:35 - [MESSAGE][PASSED] - Object 'Object Repository/StorePage/ManageReportGroupsButtton' is present

2018-05-10 20:13:35 - [TEST_STEP][PASSED] - uiaction.CommonUIActions.click: uiaction.CommonUIActions.click is PASSED

2018-05-10 20:13:37 - [MESSAGE][PASSED] - uiaction.CommonUIActions.click is PASSED

2018-05-10 20:13:37 - [TEST_STEP][PASSED] - verifyElementPresent: Object 'Object Repository/ReportingGroupManagement/addNewGroup' is present

2018-05-10 20:13:37 - [MESSAGE][PASSED] - Object 'Object Repository/ReportingGroupManagement/addNewGroup' is present

2018-05-10 20:13:37 - [TEST_STEP][PASSED] - uiaction.CommonUIActions.click: uiaction.CommonUIActions.click is PASSED

2018-05-10 20:13:37 - [MESSAGE][PASSED] - uiaction.CommonUIActions.click is PASSED

2018-05-10 20:13:37 - [TEST_STEP][PASSED] - uiaction.CommonUIActions.click: uiaction.CommonUIActions.click is PASSED

2018-05-10 20:13:37 - [MESSAGE][PASSED] - uiaction.CommonUIActions.click is PASSED

2018-05-10 20:13:37 - [TEST_STEP][PASSED] - uiaction.CommonUIActions.enter: uiaction.CommonUIActions.enter is PASSED

2018-05-10 20:13:37 - [MESSAGE][PASSED] - projectSpecific.Reusability.getTestData is PASSED

2018-05-10 20:13:37 - [MESSAGE][PASSED] - uiaction.CommonUIActions.enter is PASSED

2018-05-10 20:13:37 - [TEST_STEP][PASSED] - uiaction.CommonUIActions.click: uiaction.CommonUIActions.click is PASSED

2018-05-10 20:13:37 - [MESSAGE][PASSED] - uiaction.CommonUIActions.click is PASSED

2018-05-10 20:13:37 - [TEST_STEP][PASSED] - uiaction.CommonUIActions.enter: uiaction.CommonUIActions.enter is PASSED

2018-05-10 20:13:37 - [MESSAGE][PASSED] - projectSpecific.Reusability.getTestData is PASSED

2018-05-10 20:13:37 - [MESSAGE][PASSED] - uiaction.CommonUIActions.enter is PASSED

2018-05-10 20:13:37 - [TEST_STEP][PASSED] - uiaction.CommonUIActions.click: uiaction.CommonUIActions.click is PASSED

2018-05-10 20:13:37 - [MESSAGE][PASSED] - uiaction.CommonUIActions.click is PASSED

2018-05-10 20:13:37 - [TEST_STEP][PASSED] - delay: Delayed 10 second(s)

2018-05-10 20:13:47 - [MESSAGE][PASSED] - Delayed 10 second(s)

2018-05-10 20:13:47 - [TEST_STEP][PASSED] - back: Navigate back successfully

2018-05-10 20:13:48 - [MESSAGE][PASSED] - Navigate back successfully

2018-05-10 20:13:48 - [TEST_STEP][PASSED] - delay: Delayed 5 second(s)

2018-05-10 20:13:53 - [MESSAGE][PASSED] - Delayed 5 second(s)

2018-05-10 20:13:53 - [TEST_STEP][PASSED] - back: Navigate back successfully

2018-05-10 20:13:53 - [MESSAGE][PASSED] - Navigate back successfully

2018-05-10 20:13:53 - [TEST_STEP][PASSED] - delay: Delayed 5 second(s)

2018-05-10 20:13:58 - [MESSAGE][PASSED] - Delayed 5 second(s)

2018-05-10 20:13:58 - [TEST_STEP][PASSED] - Statement - index = 0: null

2018-05-10 20:13:58 - [TEST_STEP][PASSED] - Statement - groupName = CustomKeywords.projectSpecific.Reusability.getTestData("ReportingGroupManagementPage", "groupNameTC3"): projectSpecific.Reusability.getTestData is PASSED

2018-05-10 20:13:58 - [MESSAGE][PASSED] - projectSpecific.Reusability.getTestData is PASSED

2018-05-10 20:13:58 - [TEST_STEP][PASSED] - Statement - groupHierarchyList = driver.findElements(org.openqa.selenium.By.xpath(com.kms.katalon.core.testdata.TestDataFactory.findTestData(OR_file).getValue(2, 13))): Reading excel file with source file 'C:\Users\shalinin\Katalon Studio\HME_Scripts\Data Files\HME_OR.xlsx' and sheet name 'Sheet1'

2018-05-10 20:13:58 - [TEST_STEP][PASSED] - Statement - For ([i = 0, i < groupHierarchyList.size(), (i++)]): null

2018-05-10 20:13:58 - [TEST_STEP][PASSED] - Statement - If (groupHierarchyList.get(i).getText().equals(groupName)): null

2018-05-10 20:13:58 - [TEST_STEP][PASSED] - Statement - If (groupHierarchyList.get(i).getText().equals(groupName)): null

2018-05-10 20:13:58 - [TEST_STEP][PASSED] - Statement - If (groupHierarchyList.get(i).getText().equals(groupName)): null

2018-05-10 20:13:58 - [TEST_STEP][PASSED] - Statement - If (groupHierarchyList.get(i).getText().equals(groupName)): null

2018-05-10 20:13:58 - [TEST_STEP][PASSED] - Statement - If (groupHierarchyList.get(i).getText().equals(groupName)): null

2018-05-10 20:13:58 - [TEST_STEP][PASSED] - Statement - If (groupHierarchyList.get(i).getText().equals(groupName)): null

2018-05-10 20:13:58 - [TEST_STEP][PASSED] - Statement - If (groupHierarchyList.get(i).getText().equals(groupName)): null

2018-05-10 20:13:58 - [TEST_STEP][PASSED] - Statement - If (groupHierarchyList.get(i).getText().equals(groupName)): null

2018-05-10 20:13:58 - [TEST_STEP][PASSED] - Statement - index = i: null

2018-05-10 20:13:58 - [TEST_STEP][PASSED] - Statement - Break: null

2018-05-10 20:13:58 - [TEST_STEP][PASSED] - delay: Delayed 10 second(s)

2018-05-10 20:14:08 - [MESSAGE][PASSED] - Delayed 10 second(s)

2018-05-10 20:14:08 - [TEST_STEP][PASSED] - Statement - If (index != 0): uiaction.CommonUIActions.click is PASSED

2018-05-10 20:14:08 - [TEST_STEP][PASSED] - Statement - println("Group is available in group hierarchy"): null

2018-05-10 20:14:08 - [TEST_STEP][PASSED] - Statement - xpath = "//span[text()='" + groupName + "']": null

2018-05-10 20:14:08 - [TEST_STEP][PASSED] - Statement - out.println(xpath): null

2018-05-10 20:14:08 - [TEST_STEP][PASSED] - Statement - driver.findElement(org.openqa.selenium.By.xpath(xpath)).click(): null

2018-05-10 20:14:08 - [TEST_STEP][PASSED] - delay: Delayed 10 second(s)

2018-05-10 20:14:18 - [MESSAGE][PASSED] - Delayed 10 second(s)

2018-05-10 20:14:18 - [TEST_STEP][PASSED] - uiaction.CommonUIActions.click: uiaction.CommonUIActions.click is PASSED

2018-05-10 20:14:18 - [MESSAGE][PASSED] - uiaction.CommonUIActions.click is PASSED

2018-05-10 20:14:18 - [TEST_STEP][PASSED] - uiaction.CommonUIActions.click: uiaction.CommonUIActions.click is PASSED

2018-05-10 20:14:18 - [MESSAGE][PASSED] - uiaction.CommonUIActions.click is PASSED

2018-05-10 20:14:18 - [TEST_STEP][PASSED] - uiaction.CommonUIActions.click: uiaction.CommonUIActions.click is PASSED

2018-05-10 20:14:20 - [MESSAGE][PASSED] - uiaction.CommonUIActions.click is PASSED

2018-05-10 20:14:20 - [TEST_STEP][PASSED] - Statement - assert TCflag == true: null

2018-05-10 20:14:20 - [TEST_STEP][PASSED] - Start listener action : sampleAfterTestCase: Browser is closed

2018-05-10 20:14:20 - [TEST_STEP][PASSED] - Statement - println(testCaseContext.getTestCaseId()): null

2018-05-10 20:14:20 - [TEST_STEP][PASSED] - Statement - println(testCaseContext.getTestCaseStatus()): null

2018-05-10 20:14:20 - [TEST_STEP][PASSED] - closeBrowser: Browser is closed

2018-05-10 20:14:20 - [MESSAGE][PASSED] - Browser is closed]]></system-out>
         <system-err><![CDATA[]]></system-err>
      </testcase>
      <testcase name="Test Cases/CreateGroupTC/HME-StoreDetailsPage-09" classname="Test Cases/CreateGroupTC/HME-StoreDetailsPage-09" status="FAILED">
         <failure type="FAILED" message="com.kms.katalon.core.webui.exception.WebElementNotFoundException: Web element with id: 'Object Repository/StorePage/StoreListHeading' located by 'By.xpath: //div[@class='settings_search clear']/h3' not found"/>
         <system-out><![CDATA[2018-05-10 20:14:20 - [TEST_CASE][FAILED] - Test Cases/CreateGroupTC/HME-StoreDetailsPage-09: Test Cases/CreateGroupTC/HME-StoreDetailsPage-09 FAILED because (of) com.kms.katalon.core.webui.exception.WebElementNotFoundException: Web element with id: 'Object Repository/StorePage/StoreListHeading' located by 'By.xpath: //div[@class='settings_search clear']/h3' not found

2018-05-10 20:14:20 - [TEST_STEP][PASSED] - Start listener action : sampleBeforeTestCase: uiaction.CommonUIActions.deleteAllCookies is PASSED

2018-05-10 20:14:20 - [TEST_STEP][PASSED] - openBrowser: Browser is opened with url: ''

2018-05-10 20:14:23 - [MESSAGE][PASSED] - Browser is opened with url: ''

2018-05-10 20:14:23 - [TEST_STEP][PASSED] - maximizeWindow: Current window maximized

2018-05-10 20:14:24 - [MESSAGE][PASSED] - Current window maximized

2018-05-10 20:14:24 - [TEST_STEP][PASSED] - uiaction.CommonUIActions.deleteAllCookies: uiaction.CommonUIActions.deleteAllCookies is PASSED

2018-05-10 20:14:24 - [MESSAGE][PASSED] - Delete all cookies successfully

2018-05-10 20:14:24 - [MESSAGE][PASSED] - uiaction.CommonUIActions.deleteAllCookies is PASSED

2018-05-10 20:14:24 - [TEST_STEP][PASSED] - Statement - TCflag = true: null

2018-05-10 20:14:24 - [TEST_STEP][FAILED] - Statement - Try: null

2018-05-10 20:14:24 - [TEST_STEP][PASSED] - navigateToUrl: Navigate to 'https://hme-dev-public-cloud-app.azurewebsites.net/' successfully

2018-05-10 20:14:27 - [MESSAGE][PASSED] - Navigate to 'https://hme-dev-public-cloud-app.azurewebsites.net/' successfully

2018-05-10 20:14:27 - [TEST_STEP][PASSED] - projectSpecific.Reusability.login: projectSpecific.Reusability.login is PASSED

2018-05-10 20:14:27 - [MESSAGE][PASSED] - projectSpecific.Reusability.getTestData is PASSED

2018-05-10 20:14:27 - [MESSAGE][PASSED] - projectSpecific.Reusability.getTestData is PASSED

2018-05-10 20:14:27 - [MESSAGE][PASSED] - Text 'selvendrank@nousinfo.com' is set on object 'Object Repository/LoginPage/Username'

2018-05-10 20:14:27 - [MESSAGE][PASSED] - Text 'nous;123' is set on object 'Object Repository/LoginPage/Password'

2018-05-10 20:14:27 - [MESSAGE][PASSED] - Object: 'Object Repository/LoginPage/Login' is clicked on

2018-05-10 20:14:27 - [MESSAGE][PASSED] - projectSpecific.Reusability.login is PASSED

2018-05-10 20:14:27 - [TEST_STEP][PASSED] - delay: Delayed 10 second(s)

2018-05-10 20:14:37 - [MESSAGE][PASSED] - Delayed 10 second(s)

2018-05-10 20:14:37 - [TEST_STEP][PASSED] - uiaction.CommonUIActions.click: uiaction.CommonUIActions.click is PASSED

2018-05-10 20:14:38 - [MESSAGE][PASSED] - uiaction.CommonUIActions.click is PASSED

2018-05-10 20:14:38 - [TEST_STEP][PASSED] - delay: Delayed 5 second(s)

2018-05-10 20:14:43 - [MESSAGE][PASSED] - Delayed 5 second(s)

2018-05-10 20:14:43 - [TEST_STEP][PASSED] - uiaction.CommonUIActions.click: uiaction.CommonUIActions.click is PASSED

2018-05-10 20:15:04 - [MESSAGE][PASSED] - uiaction.CommonUIActions.click is PASSED

2018-05-10 20:15:04 - [TEST_STEP][FAILED] - verifyElementPresent: com.kms.katalon.core.webui.exception.WebElementNotFoundException: Web element with id: 'Object Repository/StorePage/StoreListHeading' located by 'By.xpath: //div[@class='settings_search clear']/h3' not found

2018-05-10 20:15:44 - [MESSAGE][FAILED] - com.kms.katalon.core.webui.exception.WebElementNotFoundException: Web element with id: 'Object Repository/StorePage/StoreListHeading' located by 'By.xpath: //div[@class='settings_search clear']/h3' not found
[[ATTACHMENT|C:\\Users\\shalinin\\Katalon Studio\\HME_Scripts\\Reports\\RegressionSuite\\20180510_200236\\1525963544633.png]]

2018-05-10 20:15:44 - [TEST_STEP][PASSED] - Statement - storeDetails = CustomKeywords.projectSpecific.Reusability.getTestData("StorePage", "StoreDetails"): projectSpecific.Reusability.getTestData is PASSED

2018-05-10 20:15:44 - [MESSAGE][PASSED] - projectSpecific.Reusability.getTestData is PASSED

2018-05-10 20:15:44 - [TEST_STEP][PASSED] - Statement - storedetail_label = CustomKeywords.projectSpecific.Reusability.getTestData("StorePage", "Store_labels"): projectSpecific.Reusability.getTestData is PASSED

2018-05-10 20:15:44 - [MESSAGE][PASSED] - projectSpecific.Reusability.getTestData is PASSED

2018-05-10 20:15:44 - [TEST_STEP][PASSED] - uiaction.CommonUIActions.click: uiaction.CommonUIActions.click is PASSED

2018-05-10 20:16:09 - [MESSAGE][PASSED] - uiaction.CommonUIActions.click is PASSED

2018-05-10 20:16:09 - [TEST_STEP][PASSED] - verifyElementPresent: Object 'Object Repository/HomePage/Verify_store' is present

2018-05-10 20:16:09 - [MESSAGE][PASSED] - Object 'Object Repository/HomePage/Verify_store' is present

2018-05-10 20:16:09 - [TEST_STEP][PASSED] - Statement - driver = com.kms.katalon.core.webui.driver.DriverFactory.getWebDriver(): null

2018-05-10 20:16:09 - [TEST_STEP][PASSED] - Statement - storeHeaders = driver.findElements(org.openqa.selenium.By.xpath(com.kms.katalon.core.testdata.TestDataFactory.findTestData(OR_file).getValue(2, 1))): Reading excel file with source file 'C:\Users\shalinin\Katalon Studio\HME_Scripts\Data Files\HME_OR.xlsx' and sheet name 'Sheet1'

2018-05-10 20:16:09 - [TEST_STEP][PASSED] - Statement - storeArraylabels = storedetail_label.split(",,"): null

2018-05-10 20:16:09 - [TEST_STEP][PASSED] - Statement - storeListlabels = new java.util.ArrayList(java.util.Arrays.asList(storeArraylabels)): null

2018-05-10 20:16:09 - [TEST_STEP][PASSED] - Statement - storeListlabels.unique(): null

2018-05-10 20:16:09 - [TEST_STEP][PASSED] - Statement - out.println(storeListlabels): null

2018-05-10 20:16:09 - [TEST_STEP][PASSED] - Statement - count = 1: null

2018-05-10 20:16:09 - [TEST_STEP][PASSED] - Statement - For ([i = 1, i < storeHeaders.size(), (i++)]): null

2018-05-10 20:16:09 - [TEST_STEP][PASSED] - Statement - execFlag = com.kms.katalon.core.webui.keyword.WebUiBuiltInKeywords.verifyMatch(storeHeaders.get(i).getText().trim(), storeListlabels[i].toString().trim(), false): Actual text 'Brand' and expected text 'Brand' are matched 

2018-05-10 20:16:09 - [MESSAGE][PASSED] - Actual text 'Brand' and expected text 'Brand' are matched 

2018-05-10 20:16:09 - [TEST_STEP][PASSED] - Statement - If (execFlag): null

2018-05-10 20:16:09 - [TEST_STEP][PASSED] - Statement - (count++): null

2018-05-10 20:16:09 - [TEST_STEP][PASSED] - Statement - execFlag = com.kms.katalon.core.webui.keyword.WebUiBuiltInKeywords.verifyMatch(storeHeaders.get(i).getText().trim(), storeListlabels[i].toString().trim(), false): Actual text 'Store' and expected text 'Store' are matched 

2018-05-10 20:16:09 - [MESSAGE][PASSED] - Actual text 'Store' and expected text 'Store' are matched 

2018-05-10 20:16:09 - [TEST_STEP][PASSED] - Statement - If (execFlag): null

2018-05-10 20:16:09 - [TEST_STEP][PASSED] - Statement - (count++): null

2018-05-10 20:16:09 - [TEST_STEP][PASSED] - Statement - execFlag = com.kms.katalon.core.webui.keyword.WebUiBuiltInKeywords.verifyMatch(storeHeaders.get(i).getText().trim(), storeListlabels[i].toString().trim(), false): Actual text 'Store Address' and expected text 'Store Address' are matched 

2018-05-10 20:16:09 - [MESSAGE][PASSED] - Actual text 'Store Address' and expected text 'Store Address' are matched 

2018-05-10 20:16:09 - [TEST_STEP][PASSED] - Statement - If (execFlag): null

2018-05-10 20:16:09 - [TEST_STEP][PASSED] - Statement - (count++): null

2018-05-10 20:16:09 - [TEST_STEP][PASSED] - Statement - execFlag = com.kms.katalon.core.webui.keyword.WebUiBuiltInKeywords.verifyMatch(storeHeaders.get(i).getText().trim(), storeListlabels[i].toString().trim(), false): Actual text 'City, State' and expected text 'City, State' are matched 

2018-05-10 20:16:09 - [MESSAGE][PASSED] - Actual text 'City, State' and expected text 'City, State' are matched 

2018-05-10 20:16:09 - [TEST_STEP][PASSED] - Statement - If (execFlag): null

2018-05-10 20:16:09 - [TEST_STEP][PASSED] - Statement - (count++): null

2018-05-10 20:16:09 - [TEST_STEP][PASSED] - Statement - execFlag = com.kms.katalon.core.webui.keyword.WebUiBuiltInKeywords.verifyMatch(storeHeaders.get(i).getText().trim(), storeListlabels[i].toString().trim(), false): Actual text 'Leaderboard Groups' and expected text 'Leaderboard Groups' are matched 

2018-05-10 20:16:09 - [MESSAGE][PASSED] - Actual text 'Leaderboard Groups' and expected text 'Leaderboard Groups' are matched 

2018-05-10 20:16:09 - [TEST_STEP][PASSED] - Statement - If (execFlag): null

2018-05-10 20:16:09 - [TEST_STEP][PASSED] - Statement - (count++): null

2018-05-10 20:16:09 - [TEST_STEP][PASSED] - Statement - execFlag = com.kms.katalon.core.webui.keyword.WebUiBuiltInKeywords.verifyMatch(storeHeaders.get(i).getText().trim(), storeListlabels[i].toString().trim(), false): Actual text 'Report Group' and expected text 'Report Group' are matched 

2018-05-10 20:16:09 - [MESSAGE][PASSED] - Actual text 'Report Group' and expected text 'Report Group' are matched 

2018-05-10 20:16:09 - [TEST_STEP][PASSED] - Statement - If (execFlag): null

2018-05-10 20:16:09 - [TEST_STEP][PASSED] - Statement - (count++): null

2018-05-10 20:16:09 - [TEST_STEP][PASSED] - Statement - execFlag = com.kms.katalon.core.webui.keyword.WebUiBuiltInKeywords.verifyMatch(storeHeaders.get(i).getText().trim(), storeListlabels[i].toString().trim(), false): Actual text 'System Name' and expected text 'System Name' are matched 

2018-05-10 20:16:09 - [MESSAGE][PASSED] - Actual text 'System Name' and expected text 'System Name' are matched 

2018-05-10 20:16:09 - [TEST_STEP][PASSED] - Statement - If (execFlag): null

2018-05-10 20:16:09 - [TEST_STEP][PASSED] - Statement - (count++): null

2018-05-10 20:16:09 - [TEST_STEP][PASSED] - Statement - execFlag = com.kms.katalon.core.webui.keyword.WebUiBuiltInKeywords.verifyMatch(storeHeaders.get(i).getText().trim(), storeListlabels[i].toString().trim(), false): Actual text 'System Version' and expected text 'System Version' are matched 

2018-05-10 20:16:09 - [MESSAGE][PASSED] - Actual text 'System Version' and expected text 'System Version' are matched 

2018-05-10 20:16:09 - [TEST_STEP][PASSED] - Statement - If (execFlag): null

2018-05-10 20:16:09 - [TEST_STEP][PASSED] - Statement - (count++): null

2018-05-10 20:16:09 - [TEST_STEP][PASSED] - Statement - execFlag = com.kms.katalon.core.webui.keyword.WebUiBuiltInKeywords.verifyMatch(storeHeaders.get(i).getText().trim(), storeListlabels[i].toString().trim(), false): Actual text 'System Status' and expected text 'System Status' are matched 

2018-05-10 20:16:09 - [MESSAGE][PASSED] - Actual text 'System Status' and expected text 'System Status' are matched 

2018-05-10 20:16:09 - [TEST_STEP][PASSED] - Statement - If (execFlag): null

2018-05-10 20:16:09 - [TEST_STEP][PASSED] - Statement - (count++): null

2018-05-10 20:16:09 - [TEST_STEP][PASSED] - Statement - If (count == storeHeaders.size()): Taking screenshot successfully

2018-05-10 20:16:09 - [TEST_STEP][PASSED] - takeScreenshot: Taking screenshot successfully

2018-05-10 20:16:09 - [MESSAGE][PASSED] - Taking screenshot successfully
[[ATTACHMENT|C:\\Users\\shalinin\\Katalon Studio\\HME_Scripts\\Reports\\RegressionSuite\\20180510_200236\\1525963569670.png]]

2018-05-10 20:16:09 - [TEST_STEP][PASSED] - uiaction.CommonUIActions.click: uiaction.CommonUIActions.click is PASSED

2018-05-10 20:16:11 - [MESSAGE][PASSED] - uiaction.CommonUIActions.click is PASSED

2018-05-10 20:16:11 - [TEST_STEP][PASSED] - verifyElementPresent: Object 'Object Repository/StorePage/storedetailslabel' is present

2018-05-10 20:16:11 - [MESSAGE][PASSED] - Object 'Object Repository/StorePage/storedetailslabel' is present

2018-05-10 20:16:11 - [TEST_STEP][PASSED] - verifyElementPresent: Object 'Object Repository/StorePage/zoomlabel' is present

2018-05-10 20:16:11 - [MESSAGE][PASSED] - Object 'Object Repository/StorePage/zoomlabel' is present

2018-05-10 20:16:11 - [TEST_STEP][PASSED] - Statement - defaultareaselected = com.kms.katalon.core.webui.keyword.WebUiBuiltInKeywords.getAttribute(com.kms.katalon.core.testobject.ObjectRepository.findTestObject(StorePage/defaultstoredetsails), "aria-selected"): Attribute 'aria-selected' of object 'Object Repository/StorePage/defaultstoredetsails' is: 'true'

2018-05-10 20:16:11 - [MESSAGE][PASSED] - Attribute 'aria-selected' of object 'Object Repository/StorePage/defaultstoredetsails' is: 'true'

2018-05-10 20:16:11 - [TEST_STEP][PASSED] - Statement - If (defaultareaselected): null

2018-05-10 20:16:11 - [TEST_STEP][PASSED] - Statement - out.println("Store Details is set by default"): null

2018-05-10 20:16:11 - [TEST_STEP][PASSED] - Statement - storeArray = storeDetails.split(","): null

2018-05-10 20:16:11 - [TEST_STEP][PASSED] - Statement - storeList = new java.util.ArrayList(java.util.Arrays.asList(storeArray)): null

2018-05-10 20:16:11 - [TEST_STEP][PASSED] - Statement - storeList.unique(): null

2018-05-10 20:16:11 - [TEST_STEP][PASSED] - Statement - out.println(storeList): null

2018-05-10 20:16:11 - [TEST_STEP][PASSED] - Statement - storeElements = driver.findElements(org.openqa.selenium.By.xpath(com.kms.katalon.core.testdata.TestDataFactory.findTestData(OR_file).getValue(2, 2))): Reading excel file with source file 'C:\Users\shalinin\Katalon Studio\HME_Scripts\Data Files\HME_OR.xlsx' and sheet name 'Sheet1'

2018-05-10 20:16:11 - [TEST_STEP][PASSED] - Statement - actualList = new java.util.ArrayList(): null

2018-05-10 20:16:11 - [TEST_STEP][PASSED] - Statement - For ([i = 0, i < storeElements.size(), (i++)]): null

2018-05-10 20:16:11 - [TEST_STEP][PASSED] - Statement - actualList.add(i, storeElements.get(i).getText()): null

2018-05-10 20:16:11 - [TEST_STEP][PASSED] - Statement - actualList.add(i, storeElements.get(i).getText()): null

2018-05-10 20:16:11 - [TEST_STEP][PASSED] - Statement - actualList.add(i, storeElements.get(i).getText()): null

2018-05-10 20:16:11 - [TEST_STEP][PASSED] - Statement - actualList.add(i, storeElements.get(i).getText()): null

2018-05-10 20:16:11 - [TEST_STEP][PASSED] - Statement - actualList.add(i, storeElements.get(i).getText()): null

2018-05-10 20:16:11 - [TEST_STEP][PASSED] - Statement - actualList.add(i, storeElements.get(i).getText()): null

2018-05-10 20:16:11 - [TEST_STEP][PASSED] - Statement - actualList.add(i, storeElements.get(i).getText()): null

2018-05-10 20:16:11 - [TEST_STEP][PASSED] - Statement - actualList.add(i, storeElements.get(i).getText()): null

2018-05-10 20:16:11 - [TEST_STEP][PASSED] - Statement - actualList.add(i, storeElements.get(i).getText()): null

2018-05-10 20:16:11 - [TEST_STEP][PASSED] - Statement - actualList.add(i, storeElements.get(i).getText()): null

2018-05-10 20:16:12 - [TEST_STEP][PASSED] - Statement - actualList.add(i, storeElements.get(i).getText()): null

2018-05-10 20:16:12 - [TEST_STEP][PASSED] - Statement - actualList.add(i, storeElements.get(i).getText()): null

2018-05-10 20:16:12 - [TEST_STEP][PASSED] - Statement - actualList.add(i, storeElements.get(i).getText()): null

2018-05-10 20:16:12 - [TEST_STEP][PASSED] - Statement - actualList.add(i, storeElements.get(i).getText()): null

2018-05-10 20:16:12 - [TEST_STEP][PASSED] - Statement - actualList.add(i, storeElements.get(i).getText()): null

2018-05-10 20:16:12 - [TEST_STEP][PASSED] - Statement - out.println(actualList): null

2018-05-10 20:16:12 - [TEST_STEP][PASSED] - Statement - execFlag1 = true: null

2018-05-10 20:16:12 - [TEST_STEP][PASSED] - Statement - For ([j = 0, j < actualList.size(), (j++)]): null

2018-05-10 20:16:12 - [TEST_STEP][PASSED] - Statement - execFlag1 = com.kms.katalon.core.webui.keyword.WebUiBuiltInKeywords.verifyMatch(storeList.get(j).toString().trim(), actualList.get(j).toString().trim(), false): Actual text 'Brand' and expected text 'Brand' are matched 

2018-05-10 20:16:12 - [MESSAGE][PASSED] - Actual text 'Brand' and expected text 'Brand' are matched 

2018-05-10 20:16:12 - [TEST_STEP][PASSED] - Statement - If (!(execFlag1)): null

2018-05-10 20:16:12 - [TEST_STEP][PASSED] - Statement - execFlag1 = com.kms.katalon.core.webui.keyword.WebUiBuiltInKeywords.verifyMatch(storeList.get(j).toString().trim(), actualList.get(j).toString().trim(), false): Actual text 'Store Name' and expected text 'Store Name' are matched 

2018-05-10 20:16:12 - [MESSAGE][PASSED] - Actual text 'Store Name' and expected text 'Store Name' are matched 

2018-05-10 20:16:12 - [TEST_STEP][PASSED] - Statement - If (!(execFlag1)): null

2018-05-10 20:16:12 - [TEST_STEP][PASSED] - Statement - execFlag1 = com.kms.katalon.core.webui.keyword.WebUiBuiltInKeywords.verifyMatch(storeList.get(j).toString().trim(), actualList.get(j).toString().trim(), false): Actual text 'Store Number' and expected text 'Store Number' are matched 

2018-05-10 20:16:12 - [MESSAGE][PASSED] - Actual text 'Store Number' and expected text 'Store Number' are matched 

2018-05-10 20:16:12 - [TEST_STEP][PASSED] - Statement - If (!(execFlag1)): null

2018-05-10 20:16:12 - [TEST_STEP][PASSED] - Statement - execFlag1 = com.kms.katalon.core.webui.keyword.WebUiBuiltInKeywords.verifyMatch(storeList.get(j).toString().trim(), actualList.get(j).toString().trim(), false): Actual text 'Group:' and expected text 'Group:' are matched 

2018-05-10 20:16:12 - [MESSAGE][PASSED] - Actual text 'Group:' and expected text 'Group:' are matched 

2018-05-10 20:16:12 - [TEST_STEP][PASSED] - Statement - If (!(execFlag1)): null

2018-05-10 20:16:12 - [TEST_STEP][PASSED] - Statement - execFlag1 = com.kms.katalon.core.webui.keyword.WebUiBuiltInKeywords.verifyMatch(storeList.get(j).toString().trim(), actualList.get(j).toString().trim(), false): Actual text 'Report Group:' and expected text 'Report Group:' are matched 

2018-05-10 20:16:12 - [MESSAGE][PASSED] - Actual text 'Report Group:' and expected text 'Report Group:' are matched 

2018-05-10 20:16:12 - [TEST_STEP][PASSED] - Statement - If (!(execFlag1)): null

2018-05-10 20:16:12 - [TEST_STEP][PASSED] - Statement - execFlag1 = com.kms.katalon.core.webui.keyword.WebUiBuiltInKeywords.verifyMatch(storeList.get(j).toString().trim(), actualList.get(j).toString().trim(), false): Actual text 'Address Line 1' and expected text 'Address Line 1' are matched 

2018-05-10 20:16:12 - [MESSAGE][PASSED] - Actual text 'Address Line 1' and expected text 'Address Line 1' are matched 

2018-05-10 20:16:12 - [TEST_STEP][PASSED] - Statement - If (!(execFlag1)): null

2018-05-10 20:16:12 - [TEST_STEP][PASSED] - Statement - execFlag1 = com.kms.katalon.core.webui.keyword.WebUiBuiltInKeywords.verifyMatch(storeList.get(j).toString().trim(), actualList.get(j).toString().trim(), false): Actual text 'Address Line 2' and expected text 'Address Line 2' are matched 

2018-05-10 20:16:12 - [MESSAGE][PASSED] - Actual text 'Address Line 2' and expected text 'Address Line 2' are matched 

2018-05-10 20:16:12 - [TEST_STEP][PASSED] - Statement - If (!(execFlag1)): null

2018-05-10 20:16:12 - [TEST_STEP][PASSED] - Statement - execFlag1 = com.kms.katalon.core.webui.keyword.WebUiBuiltInKeywords.verifyMatch(storeList.get(j).toString().trim(), actualList.get(j).toString().trim(), false): Actual text 'Address Line 3' and expected text 'Address Line 3' are matched 

2018-05-10 20:16:12 - [MESSAGE][PASSED] - Actual text 'Address Line 3' and expected text 'Address Line 3' are matched 

2018-05-10 20:16:12 - [TEST_STEP][PASSED] - Statement - If (!(execFlag1)): null

2018-05-10 20:16:12 - [TEST_STEP][PASSED] - Statement - execFlag1 = com.kms.katalon.core.webui.keyword.WebUiBuiltInKeywords.verifyMatch(storeList.get(j).toString().trim(), actualList.get(j).toString().trim(), false): Actual text 'Address Line 4' and expected text 'Address Line 4' are matched 

2018-05-10 20:16:12 - [MESSAGE][PASSED] - Actual text 'Address Line 4' and expected text 'Address Line 4' are matched 

2018-05-10 20:16:12 - [TEST_STEP][PASSED] - Statement - If (!(execFlag1)): null

2018-05-10 20:16:12 - [TEST_STEP][PASSED] - Statement - execFlag1 = com.kms.katalon.core.webui.keyword.WebUiBuiltInKeywords.verifyMatch(storeList.get(j).toString().trim(), actualList.get(j).toString().trim(), false): Actual text 'City' and expected text 'City' are matched 

2018-05-10 20:16:12 - [MESSAGE][PASSED] - Actual text 'City' and expected text 'City' are matched 

2018-05-10 20:16:12 - [TEST_STEP][PASSED] - Statement - If (!(execFlag1)): null

2018-05-10 20:16:12 - [TEST_STEP][PASSED] - Statement - execFlag1 = com.kms.katalon.core.webui.keyword.WebUiBuiltInKeywords.verifyMatch(storeList.get(j).toString().trim(), actualList.get(j).toString().trim(), false): Actual text 'Region: *' and expected text 'Region: *' are matched 

2018-05-10 20:16:12 - [MESSAGE][PASSED] - Actual text 'Region: *' and expected text 'Region: *' are matched 

2018-05-10 20:16:12 - [TEST_STEP][PASSED] - Statement - If (!(execFlag1)): null

2018-05-10 20:16:12 - [TEST_STEP][PASSED] - Statement - execFlag1 = com.kms.katalon.core.webui.keyword.WebUiBuiltInKeywords.verifyMatch(storeList.get(j).toString().trim(), actualList.get(j).toString().trim(), false): Actual text 'Zip:' and expected text 'Zip:' are matched 

2018-05-10 20:16:12 - [MESSAGE][PASSED] - Actual text 'Zip:' and expected text 'Zip:' are matched 

2018-05-10 20:16:12 - [TEST_STEP][PASSED] - Statement - If (!(execFlag1)): null

2018-05-10 20:16:12 - [TEST_STEP][PASSED] - Statement - execFlag1 = com.kms.katalon.core.webui.keyword.WebUiBuiltInKeywords.verifyMatch(storeList.get(j).toString().trim(), actualList.get(j).toString().trim(), false): Actual text 'Country:' and expected text 'Country:' are matched 

2018-05-10 20:16:12 - [MESSAGE][PASSED] - Actual text 'Country:' and expected text 'Country:' are matched 

2018-05-10 20:16:12 - [TEST_STEP][PASSED] - Statement - If (!(execFlag1)): null

2018-05-10 20:16:12 - [TEST_STEP][PASSED] - Statement - execFlag1 = com.kms.katalon.core.webui.keyword.WebUiBuiltInKeywords.verifyMatch(storeList.get(j).toString().trim(), actualList.get(j).toString().trim(), false): Actual text 'Phone:' and expected text 'Phone:' are matched 

2018-05-10 20:16:12 - [MESSAGE][PASSED] - Actual text 'Phone:' and expected text 'Phone:' are matched 

2018-05-10 20:16:12 - [TEST_STEP][PASSED] - Statement - If (!(execFlag1)): null

2018-05-10 20:16:12 - [TEST_STEP][PASSED] - Statement - execFlag1 = com.kms.katalon.core.webui.keyword.WebUiBuiltInKeywords.verifyMatch(storeList.get(j).toString().trim(), actualList.get(j).toString().trim(), false): Actual text 'Fax:' and expected text 'Fax:' are matched 

2018-05-10 20:16:12 - [MESSAGE][PASSED] - Actual text 'Fax:' and expected text 'Fax:' are matched 

2018-05-10 20:16:12 - [TEST_STEP][PASSED] - Statement - If (!(execFlag1)): null

2018-05-10 20:16:12 - [TEST_STEP][PASSED] - Statement - If (execFlag1): null

2018-05-10 20:16:12 - [TEST_STEP][PASSED] - Statement - out.println("Store details labels are verified"): null

2018-05-10 20:16:12 - [TEST_STEP][PASSED] - Statement - editfield = com.kms.katalon.core.webui.keyword.WebUiBuiltInKeywords.clearText(com.kms.katalon.core.testobject.ObjectRepository.findTestObject(StorePage/storeName)): Text of object 'Object Repository/StorePage/storeName' is cleared

2018-05-10 20:16:16 - [MESSAGE][PASSED] - Text of object 'Object Repository/StorePage/storeName' is cleared

2018-05-10 20:16:16 - [TEST_STEP][PASSED] - Statement - If (editfield): null

2018-05-10 20:16:16 - [TEST_STEP][PASSED] - Statement - out.println("The store name is editable field"): null

2018-05-10 20:16:16 - [TEST_STEP][PASSED] - Statement - inputFields = driver.findElements(org.openqa.selenium.By.xpath(com.kms.katalon.core.testdata.TestDataFactory.findTestData(OR_file).getValue(2, 3))): Reading excel file with source file 'C:\Users\shalinin\Katalon Studio\HME_Scripts\Data Files\HME_OR.xlsx' and sheet name 'Sheet1'

2018-05-10 20:16:16 - [TEST_STEP][PASSED] - Statement - inputFieldsResults = new java.util.ArrayList(): null

2018-05-10 20:16:16 - [TEST_STEP][PASSED] - Statement - index = 3: null

2018-05-10 20:16:16 - [TEST_STEP][PASSED] - Statement - For ([i = 0, i < inputFields.size(), (i++)]): null

2018-05-10 20:16:16 - [TEST_STEP][PASSED] - Statement - xpathval = "//form[@name='store_submit']/table/tbody/tr[" + index + "]//input": null

2018-05-10 20:16:16 - [TEST_STEP][PASSED] - Statement - LinkToSearch = com.kms.katalon.core.webui.keyword.WebUiBuiltInKeywords.modifyObjectProperty(com.kms.katalon.core.testobject.ObjectRepository.findTestObject(StorePage/storeInputValue), "xpath", "equals", xpathval, true): Modify property of object successfully

2018-05-10 20:16:16 - [MESSAGE][PASSED] - Modify property of object successfully

2018-05-10 20:16:16 - [TEST_STEP][PASSED] - Statement - attr1 = com.kms.katalon.core.webui.keyword.WebUiBuiltInKeywords.getAttribute(LinkToSearch, "disabled"): Attribute 'disabled' of object 'Object Repository/StorePage/storeInputValue' is: 'true'

2018-05-10 20:16:16 - [MESSAGE][PASSED] - Attribute 'disabled' of object 'Object Repository/StorePage/storeInputValue' is: 'true'

2018-05-10 20:16:16 - [TEST_STEP][PASSED] - Statement - If (attr1): null

2018-05-10 20:16:16 - [TEST_STEP][PASSED] - Statement - xpathval = "//form[@name='store_submit']/table/tbody/tr[" + index + "]//input": null

2018-05-10 20:16:16 - [TEST_STEP][PASSED] - Statement - LinkToSearch = com.kms.katalon.core.webui.keyword.WebUiBuiltInKeywords.modifyObjectProperty(com.kms.katalon.core.testobject.ObjectRepository.findTestObject(StorePage/storeInputValue), "xpath", "equals", xpathval, true): Modify property of object successfully

2018-05-10 20:16:16 - [MESSAGE][PASSED] - Modify property of object successfully

2018-05-10 20:16:16 - [TEST_STEP][PASSED] - Statement - attr1 = com.kms.katalon.core.webui.keyword.WebUiBuiltInKeywords.getAttribute(LinkToSearch, "disabled"): Attribute 'disabled' of object 'Object Repository/StorePage/storeInputValue' is: 'true'

2018-05-10 20:16:16 - [MESSAGE][PASSED] - Attribute 'disabled' of object 'Object Repository/StorePage/storeInputValue' is: 'true'

2018-05-10 20:16:16 - [TEST_STEP][PASSED] - Statement - If (attr1): null

2018-05-10 20:16:16 - [TEST_STEP][PASSED] - Statement - xpathval = "//form[@name='store_submit']/table/tbody/tr[" + index + "]//input": null

2018-05-10 20:16:16 - [TEST_STEP][PASSED] - Statement - LinkToSearch = com.kms.katalon.core.webui.keyword.WebUiBuiltInKeywords.modifyObjectProperty(com.kms.katalon.core.testobject.ObjectRepository.findTestObject(StorePage/storeInputValue), "xpath", "equals", xpathval, true): Modify property of object successfully

2018-05-10 20:16:16 - [MESSAGE][PASSED] - Modify property of object successfully

2018-05-10 20:16:16 - [TEST_STEP][PASSED] - Statement - attr1 = com.kms.katalon.core.webui.keyword.WebUiBuiltInKeywords.getAttribute(LinkToSearch, "disabled"): Attribute 'disabled' of object 'Object Repository/StorePage/storeInputValue' is: 'true'

2018-05-10 20:16:16 - [MESSAGE][PASSED] - Attribute 'disabled' of object 'Object Repository/StorePage/storeInputValue' is: 'true'

2018-05-10 20:16:16 - [TEST_STEP][PASSED] - Statement - If (attr1): null

2018-05-10 20:16:16 - [TEST_STEP][PASSED] - Statement - xpathval = "//form[@name='store_submit']/table/tbody/tr[" + index + "]//input": null

2018-05-10 20:16:16 - [TEST_STEP][PASSED] - Statement - LinkToSearch = com.kms.katalon.core.webui.keyword.WebUiBuiltInKeywords.modifyObjectProperty(com.kms.katalon.core.testobject.ObjectRepository.findTestObject(StorePage/storeInputValue), "xpath", "equals", xpathval, true): Modify property of object successfully

2018-05-10 20:16:16 - [MESSAGE][PASSED] - Modify property of object successfully

2018-05-10 20:16:16 - [TEST_STEP][PASSED] - Statement - attr1 = com.kms.katalon.core.webui.keyword.WebUiBuiltInKeywords.getAttribute(LinkToSearch, "disabled"): Attribute 'disabled' of object 'Object Repository/StorePage/storeInputValue' is: 'true'

2018-05-10 20:16:16 - [MESSAGE][PASSED] - Attribute 'disabled' of object 'Object Repository/StorePage/storeInputValue' is: 'true'

2018-05-10 20:16:16 - [TEST_STEP][PASSED] - Statement - If (attr1): null

2018-05-10 20:16:16 - [TEST_STEP][PASSED] - Statement - xpathval = "//form[@name='store_submit']/table/tbody/tr[" + index + "]//input": null

2018-05-10 20:16:16 - [TEST_STEP][PASSED] - Statement - LinkToSearch = com.kms.katalon.core.webui.keyword.WebUiBuiltInKeywords.modifyObjectProperty(com.kms.katalon.core.testobject.ObjectRepository.findTestObject(StorePage/storeInputValue), "xpath", "equals", xpathval, true): Modify property of object successfully

2018-05-10 20:16:16 - [MESSAGE][PASSED] - Modify property of object successfully

2018-05-10 20:16:16 - [TEST_STEP][PASSED] - Statement - attr1 = com.kms.katalon.core.webui.keyword.WebUiBuiltInKeywords.getAttribute(LinkToSearch, "disabled"): Attribute 'disabled' of object 'Object Repository/StorePage/storeInputValue' is: 'true'

2018-05-10 20:16:16 - [MESSAGE][PASSED] - Attribute 'disabled' of object 'Object Repository/StorePage/storeInputValue' is: 'true'

2018-05-10 20:16:16 - [TEST_STEP][PASSED] - Statement - If (attr1): null

2018-05-10 20:16:16 - [TEST_STEP][PASSED] - Statement - xpathval = "//form[@name='store_submit']/table/tbody/tr[" + index + "]//input": null

2018-05-10 20:16:16 - [TEST_STEP][PASSED] - Statement - LinkToSearch = com.kms.katalon.core.webui.keyword.WebUiBuiltInKeywords.modifyObjectProperty(com.kms.katalon.core.testobject.ObjectRepository.findTestObject(StorePage/storeInputValue), "xpath", "equals", xpathval, true): Modify property of object successfully

2018-05-10 20:16:16 - [MESSAGE][PASSED] - Modify property of object successfully

2018-05-10 20:16:16 - [TEST_STEP][PASSED] - Statement - attr1 = com.kms.katalon.core.webui.keyword.WebUiBuiltInKeywords.getAttribute(LinkToSearch, "disabled"): Attribute 'disabled' of object 'Object Repository/StorePage/storeInputValue' is: 'true'

2018-05-10 20:16:16 - [MESSAGE][PASSED] - Attribute 'disabled' of object 'Object Repository/StorePage/storeInputValue' is: 'true'

2018-05-10 20:16:16 - [TEST_STEP][PASSED] - Statement - If (attr1): null

2018-05-10 20:16:16 - [TEST_STEP][PASSED] - Statement - xpathval = "//form[@name='store_submit']/table/tbody/tr[" + index + "]//input": null

2018-05-10 20:16:16 - [TEST_STEP][PASSED] - Statement - LinkToSearch = com.kms.katalon.core.webui.keyword.WebUiBuiltInKeywords.modifyObjectProperty(com.kms.katalon.core.testobject.ObjectRepository.findTestObject(StorePage/storeInputValue), "xpath", "equals", xpathval, true): Modify property of object successfully

2018-05-10 20:16:16 - [MESSAGE][PASSED] - Modify property of object successfully

2018-05-10 20:16:16 - [TEST_STEP][PASSED] - Statement - attr1 = com.kms.katalon.core.webui.keyword.WebUiBuiltInKeywords.getAttribute(LinkToSearch, "disabled"): Attribute 'disabled' of object 'Object Repository/StorePage/storeInputValue' is: 'true'

2018-05-10 20:16:16 - [MESSAGE][PASSED] - Attribute 'disabled' of object 'Object Repository/StorePage/storeInputValue' is: 'true'

2018-05-10 20:16:16 - [TEST_STEP][PASSED] - Statement - If (attr1): null

2018-05-10 20:16:16 - [TEST_STEP][PASSED] - Statement - xpathval = "//form[@name='store_submit']/table/tbody/tr[" + index + "]//input": null

2018-05-10 20:16:16 - [TEST_STEP][PASSED] - Statement - LinkToSearch = com.kms.katalon.core.webui.keyword.WebUiBuiltInKeywords.modifyObjectProperty(com.kms.katalon.core.testobject.ObjectRepository.findTestObject(StorePage/storeInputValue), "xpath", "equals", xpathval, true): Modify property of object successfully

2018-05-10 20:16:16 - [MESSAGE][PASSED] - Modify property of object successfully

2018-05-10 20:16:16 - [TEST_STEP][PASSED] - Statement - attr1 = com.kms.katalon.core.webui.keyword.WebUiBuiltInKeywords.getAttribute(LinkToSearch, "disabled"): Attribute 'disabled' of object 'Object Repository/StorePage/storeInputValue' is: 'true'

2018-05-10 20:16:16 - [MESSAGE][PASSED] - Attribute 'disabled' of object 'Object Repository/StorePage/storeInputValue' is: 'true'

2018-05-10 20:16:16 - [TEST_STEP][PASSED] - Statement - If (attr1): null

2018-05-10 20:16:16 - [TEST_STEP][PASSED] - Statement - xpathval = "//form[@name='store_submit']/table/tbody/tr[" + index + "]//input": null

2018-05-10 20:16:16 - [TEST_STEP][PASSED] - Statement - LinkToSearch = com.kms.katalon.core.webui.keyword.WebUiBuiltInKeywords.modifyObjectProperty(com.kms.katalon.core.testobject.ObjectRepository.findTestObject(StorePage/storeInputValue), "xpath", "equals", xpathval, true): Modify property of object successfully

2018-05-10 20:16:16 - [MESSAGE][PASSED] - Modify property of object successfully

2018-05-10 20:16:16 - [TEST_STEP][PASSED] - Statement - attr1 = com.kms.katalon.core.webui.keyword.WebUiBuiltInKeywords.getAttribute(LinkToSearch, "disabled"): Attribute 'disabled' of object 'Object Repository/StorePage/storeInputValue' is: 'true'

2018-05-10 20:16:16 - [MESSAGE][PASSED] - Attribute 'disabled' of object 'Object Repository/StorePage/storeInputValue' is: 'true'

2018-05-10 20:16:16 - [TEST_STEP][PASSED] - Statement - If (attr1): null

2018-05-10 20:16:16 - [TEST_STEP][PASSED] - Statement - xpathval = "//form[@name='store_submit']/table/tbody/tr[" + index + "]//input": null

2018-05-10 20:16:16 - [TEST_STEP][PASSED] - Statement - LinkToSearch = com.kms.katalon.core.webui.keyword.WebUiBuiltInKeywords.modifyObjectProperty(com.kms.katalon.core.testobject.ObjectRepository.findTestObject(StorePage/storeInputValue), "xpath", "equals", xpathval, true): Modify property of object successfully

2018-05-10 20:16:16 - [MESSAGE][PASSED] - Modify property of object successfully

2018-05-10 20:16:16 - [TEST_STEP][PASSED] - Statement - attr1 = com.kms.katalon.core.webui.keyword.WebUiBuiltInKeywords.getAttribute(LinkToSearch, "disabled"): Attribute 'disabled' of object 'Object Repository/StorePage/storeInputValue' is: 'true'

2018-05-10 20:16:16 - [MESSAGE][PASSED] - Attribute 'disabled' of object 'Object Repository/StorePage/storeInputValue' is: 'true'

2018-05-10 20:16:16 - [TEST_STEP][PASSED] - Statement - If (attr1): null

2018-05-10 20:16:16 - [TEST_STEP][PASSED] - Statement - xpathval = "//form[@name='store_submit']/table/tbody/tr[" + index + "]//input": null

2018-05-10 20:16:16 - [TEST_STEP][PASSED] - Statement - LinkToSearch = com.kms.katalon.core.webui.keyword.WebUiBuiltInKeywords.modifyObjectProperty(com.kms.katalon.core.testobject.ObjectRepository.findTestObject(StorePage/storeInputValue), "xpath", "equals", xpathval, true): Modify property of object successfully

2018-05-10 20:16:16 - [MESSAGE][PASSED] - Modify property of object successfully

2018-05-10 20:16:16 - [TEST_STEP][PASSED] - Statement - attr1 = com.kms.katalon.core.webui.keyword.WebUiBuiltInKeywords.getAttribute(LinkToSearch, "disabled"): Attribute 'disabled' of object 'Object Repository/StorePage/storeInputValue' is: 'true'

2018-05-10 20:16:16 - [MESSAGE][PASSED] - Attribute 'disabled' of object 'Object Repository/StorePage/storeInputValue' is: 'true'

2018-05-10 20:16:16 - [TEST_STEP][PASSED] - Statement - If (attr1): null

2018-05-10 20:16:16 - [TEST_STEP][PASSED] - Statement - xpathval = "//form[@name='store_submit']/table/tbody/tr[" + index + "]//input": null

2018-05-10 20:16:16 - [TEST_STEP][PASSED] - Statement - LinkToSearch = com.kms.katalon.core.webui.keyword.WebUiBuiltInKeywords.modifyObjectProperty(com.kms.katalon.core.testobject.ObjectRepository.findTestObject(StorePage/storeInputValue), "xpath", "equals", xpathval, true): Modify property of object successfully

2018-05-10 20:16:16 - [MESSAGE][PASSED] - Modify property of object successfully

2018-05-10 20:16:16 - [TEST_STEP][PASSED] - Statement - attr1 = com.kms.katalon.core.webui.keyword.WebUiBuiltInKeywords.getAttribute(LinkToSearch, "disabled"): Attribute 'disabled' of object 'Object Repository/StorePage/storeInputValue' is: 'true'

2018-05-10 20:16:16 - [MESSAGE][PASSED] - Attribute 'disabled' of object 'Object Repository/StorePage/storeInputValue' is: 'true'

2018-05-10 20:16:16 - [TEST_STEP][PASSED] - Statement - If (attr1): null

2018-05-10 20:16:16 - [TEST_STEP][PASSED] - Statement - xpathval = "//form[@name='store_submit']/table/tbody/tr[" + index + "]//input": null

2018-05-10 20:16:16 - [TEST_STEP][PASSED] - Statement - LinkToSearch = com.kms.katalon.core.webui.keyword.WebUiBuiltInKeywords.modifyObjectProperty(com.kms.katalon.core.testobject.ObjectRepository.findTestObject(StorePage/storeInputValue), "xpath", "equals", xpathval, true): Modify property of object successfully

2018-05-10 20:16:16 - [MESSAGE][PASSED] - Modify property of object successfully

2018-05-10 20:16:16 - [TEST_STEP][PASSED] - Statement - attr1 = com.kms.katalon.core.webui.keyword.WebUiBuiltInKeywords.getAttribute(LinkToSearch, "disabled"): Attribute 'disabled' of object 'Object Repository/StorePage/storeInputValue' is: 'true'

2018-05-10 20:16:16 - [MESSAGE][PASSED] - Attribute 'disabled' of object 'Object Repository/StorePage/storeInputValue' is: 'true'

2018-05-10 20:16:16 - [TEST_STEP][PASSED] - Statement - If (attr1): null

2018-05-10 20:16:16 - [TEST_STEP][PASSED] - Statement - s = inputFieldsResults[1]: null

2018-05-10 20:16:16 - [TEST_STEP][PASSED] - Statement - isEditable = false: null

2018-05-10 20:16:16 - [TEST_STEP][PASSED] - Statement - For ([j = 2, j < inputFieldsResults.size(), (j++)]): null

2018-05-10 20:16:16 - [TEST_STEP][PASSED] - Statement - s1 = inputFieldsResults[j]: null

2018-05-10 20:16:16 - [TEST_STEP][PASSED] - Statement - If (!(s1.equals(s))): null

2018-05-10 20:16:16 - [TEST_STEP][PASSED] - Statement - s1 = inputFieldsResults[j]: null

2018-05-10 20:16:16 - [TEST_STEP][PASSED] - Statement - If (!(s1.equals(s))): null

2018-05-10 20:16:16 - [TEST_STEP][PASSED] - Statement - s1 = inputFieldsResults[j]: null

2018-05-10 20:16:16 - [TEST_STEP][PASSED] - Statement - If (!(s1.equals(s))): null

2018-05-10 20:16:16 - [TEST_STEP][PASSED] - Statement - s1 = inputFieldsResults[j]: null

2018-05-10 20:16:16 - [TEST_STEP][PASSED] - Statement - If (!(s1.equals(s))): null

2018-05-10 20:16:16 - [TEST_STEP][PASSED] - Statement - s1 = inputFieldsResults[j]: null

2018-05-10 20:16:16 - [TEST_STEP][PASSED] - Statement - If (!(s1.equals(s))): null

2018-05-10 20:16:16 - [TEST_STEP][PASSED] - Statement - s1 = inputFieldsResults[j]: null

2018-05-10 20:16:16 - [TEST_STEP][PASSED] - Statement - If (!(s1.equals(s))): null

2018-05-10 20:16:16 - [TEST_STEP][PASSED] - Statement - s1 = inputFieldsResults[j]: null

2018-05-10 20:16:16 - [TEST_STEP][PASSED] - Statement - If (!(s1.equals(s))): null

2018-05-10 20:16:16 - [TEST_STEP][PASSED] - Statement - s1 = inputFieldsResults[j]: null

2018-05-10 20:16:16 - [TEST_STEP][PASSED] - Statement - If (!(s1.equals(s))): null

2018-05-10 20:16:16 - [TEST_STEP][PASSED] - Statement - s1 = inputFieldsResults[j]: null

2018-05-10 20:16:16 - [TEST_STEP][PASSED] - Statement - If (!(s1.equals(s))): null

2018-05-10 20:16:16 - [TEST_STEP][PASSED] - Statement - s1 = inputFieldsResults[j]: null

2018-05-10 20:16:16 - [TEST_STEP][PASSED] - Statement - If (!(s1.equals(s))): null

2018-05-10 20:16:16 - [TEST_STEP][PASSED] - Statement - s1 = inputFieldsResults[j]: null

2018-05-10 20:16:16 - [TEST_STEP][PASSED] - Statement - If (!(s1.equals(s))): null

2018-05-10 20:16:16 - [TEST_STEP][PASSED] - Statement - If (!(isEditable)): null

2018-05-10 20:16:16 - [TEST_STEP][PASSED] - Statement - out.println("Store fields are not editable"): null

2018-05-10 20:16:16 - [TEST_STEP][PASSED] - Statement - attrDisabled = com.kms.katalon.core.webui.keyword.WebUiBuiltInKeywords.getAttribute(com.kms.katalon.core.testobject.ObjectRepository.findTestObject(StorePage/storebrandName), "disabled"): Attribute 'disabled' of object 'Object Repository/StorePage/storebrandName' is: 'true'

2018-05-10 20:16:16 - [MESSAGE][PASSED] - Attribute 'disabled' of object 'Object Repository/StorePage/storebrandName' is: 'true'

2018-05-10 20:16:16 - [TEST_STEP][PASSED] - Statement - If (attrDisabled): null

2018-05-10 20:16:16 - [TEST_STEP][PASSED] - Statement - out.println("Store brand is disabled"): null

2018-05-10 20:16:16 - [TEST_STEP][PASSED] - Statement - attrDisabled = com.kms.katalon.core.webui.keyword.WebUiBuiltInKeywords.getAttribute(com.kms.katalon.core.testobject.ObjectRepository.findTestObject(StorePage/storeCountryName), "disabled"): Attribute 'disabled' of object 'Object Repository/StorePage/storeCountryName' is: 'true'

2018-05-10 20:16:16 - [MESSAGE][PASSED] - Attribute 'disabled' of object 'Object Repository/StorePage/storeCountryName' is: 'true'

2018-05-10 20:16:16 - [TEST_STEP][PASSED] - Statement - If (attrDisabled): null

2018-05-10 20:16:16 - [TEST_STEP][PASSED] - Statement - out.println("Store countryName is disabled"): null

2018-05-10 20:16:16 - [TEST_STEP][PASSED] - Statement - assert TCflag == true: null

2018-05-10 20:16:16 - [TEST_STEP][PASSED] - Start listener action : sampleAfterTestCase: Browser is closed

2018-05-10 20:16:16 - [TEST_STEP][PASSED] - Statement - println(testCaseContext.getTestCaseId()): null

2018-05-10 20:16:16 - [TEST_STEP][PASSED] - Statement - println(testCaseContext.getTestCaseStatus()): null

2018-05-10 20:16:16 - [TEST_STEP][PASSED] - closeBrowser: Browser is closed

2018-05-10 20:16:17 - [MESSAGE][PASSED] - Browser is closed]]></system-out>
         <system-err><![CDATA[2018-05-10 20:14:20 - [TEST_CASE][FAILED] - Test Cases/CreateGroupTC/HME-StoreDetailsPage-09: Test Cases/CreateGroupTC/HME-StoreDetailsPage-09 FAILED because (of) com.kms.katalon.core.webui.exception.WebElementNotFoundException: Web element with id: 'Object Repository/StorePage/StoreListHeading' located by 'By.xpath: //div[@class='settings_search clear']/h3' not found]]></system-err>
      </testcase>
      <testcase name="Test Cases/CreateGroupTC/HME-StoreListPage-01" classname="Test Cases/CreateGroupTC/HME-StoreListPage-01" status="PASSED">
         <system-out><![CDATA[2018-05-10 20:16:17 - [TEST_CASE][PASSED] - Test Cases/CreateGroupTC/HME-StoreListPage-01: Browser is closed

2018-05-10 20:16:17 - [TEST_STEP][PASSED] - Start listener action : sampleBeforeTestCase: uiaction.CommonUIActions.deleteAllCookies is PASSED

2018-05-10 20:16:17 - [TEST_STEP][PASSED] - openBrowser: Browser is opened with url: ''

2018-05-10 20:16:19 - [MESSAGE][PASSED] - Browser is opened with url: ''

2018-05-10 20:16:19 - [TEST_STEP][PASSED] - maximizeWindow: Current window maximized

2018-05-10 20:16:20 - [MESSAGE][PASSED] - Current window maximized

2018-05-10 20:16:20 - [TEST_STEP][PASSED] - uiaction.CommonUIActions.deleteAllCookies: uiaction.CommonUIActions.deleteAllCookies is PASSED

2018-05-10 20:16:21 - [MESSAGE][PASSED] - Delete all cookies successfully

2018-05-10 20:16:21 - [MESSAGE][PASSED] - uiaction.CommonUIActions.deleteAllCookies is PASSED

2018-05-10 20:16:21 - [TEST_STEP][PASSED] - Statement - TCflag = true: null

2018-05-10 20:16:21 - [TEST_STEP][PASSED] - Statement - Try: uiaction.CommonUIActions.click is PASSED

2018-05-10 20:16:21 - [TEST_STEP][PASSED] - navigateToUrl: Navigate to 'https://hme-dev-public-cloud-app.azurewebsites.net/' successfully

2018-05-10 20:16:24 - [MESSAGE][PASSED] - Navigate to 'https://hme-dev-public-cloud-app.azurewebsites.net/' successfully

2018-05-10 20:16:24 - [TEST_STEP][PASSED] - Statement - driver = com.kms.katalon.core.webui.driver.DriverFactory.getWebDriver(): null

2018-05-10 20:16:24 - [TEST_STEP][PASSED] - projectSpecific.Reusability.login: projectSpecific.Reusability.login is PASSED

2018-05-10 20:16:24 - [MESSAGE][PASSED] - projectSpecific.Reusability.getTestData is PASSED

2018-05-10 20:16:24 - [MESSAGE][PASSED] - projectSpecific.Reusability.getTestData is PASSED

2018-05-10 20:16:24 - [MESSAGE][PASSED] - Text 'selvendrank@nousinfo.com' is set on object 'Object Repository/LoginPage/Username'

2018-05-10 20:16:24 - [MESSAGE][PASSED] - Text 'nous;123' is set on object 'Object Repository/LoginPage/Password'

2018-05-10 20:16:24 - [MESSAGE][PASSED] - Object: 'Object Repository/LoginPage/Login' is clicked on

2018-05-10 20:16:24 - [MESSAGE][PASSED] - projectSpecific.Reusability.login is PASSED

2018-05-10 20:16:24 - [TEST_STEP][PASSED] - uiaction.CommonUIActions.click: uiaction.CommonUIActions.click is PASSED

2018-05-10 20:16:33 - [MESSAGE][PASSED] - uiaction.CommonUIActions.click is PASSED

2018-05-10 20:16:33 - [TEST_STEP][PASSED] - delay: Delayed 10 second(s)

2018-05-10 20:16:43 - [MESSAGE][PASSED] - Delayed 10 second(s)

2018-05-10 20:16:43 - [TEST_STEP][PASSED] - uiaction.CommonUIActions.click: uiaction.CommonUIActions.click is PASSED

2018-05-10 20:16:44 - [MESSAGE][PASSED] - uiaction.CommonUIActions.click is PASSED

2018-05-10 20:16:44 - [TEST_STEP][PASSED] - verifyElementPresent: Object 'Object Repository/StorePage/StoreListHeading' is present

2018-05-10 20:16:44 - [MESSAGE][PASSED] - Object 'Object Repository/StorePage/StoreListHeading' is present

2018-05-10 20:16:44 - [TEST_STEP][PASSED] - uiaction.CommonUIActions.click: uiaction.CommonUIActions.click is PASSED

2018-05-10 20:16:45 - [MESSAGE][PASSED] - uiaction.CommonUIActions.click is PASSED

2018-05-10 20:16:45 - [TEST_STEP][PASSED] - verifyElementPresent: Object 'Object Repository/StorePage/ManageLeaderGroupsButton' is present

2018-05-10 20:16:45 - [MESSAGE][PASSED] - Object 'Object Repository/StorePage/ManageLeaderGroupsButton' is present

2018-05-10 20:16:45 - [TEST_STEP][PASSED] - verifyElementPresent: Object 'Object Repository/StorePage/ManageReportGroupsButtton' is present

2018-05-10 20:16:45 - [MESSAGE][PASSED] - Object 'Object Repository/StorePage/ManageReportGroupsButtton' is present

2018-05-10 20:16:45 - [TEST_STEP][PASSED] - uiaction.CommonUIActions.click: uiaction.CommonUIActions.click is PASSED

2018-05-10 20:16:47 - [MESSAGE][PASSED] - uiaction.CommonUIActions.click is PASSED

2018-05-10 20:16:47 - [TEST_STEP][PASSED] - Statement - assert TCflag == true: null

2018-05-10 20:16:47 - [TEST_STEP][PASSED] - Start listener action : sampleAfterTestCase: Browser is closed

2018-05-10 20:16:47 - [TEST_STEP][PASSED] - Statement - println(testCaseContext.getTestCaseId()): null

2018-05-10 20:16:47 - [TEST_STEP][PASSED] - Statement - println(testCaseContext.getTestCaseStatus()): null

2018-05-10 20:16:47 - [TEST_STEP][PASSED] - closeBrowser: Browser is closed

2018-05-10 20:16:47 - [MESSAGE][PASSED] - Browser is closed]]></system-out>
         <system-err><![CDATA[]]></system-err>
      </testcase>
      <testcase name="Test Cases/CreateGroupTC/HME-StoreListPage-02" classname="Test Cases/CreateGroupTC/HME-StoreListPage-02" status="PASSED">
         <system-out><![CDATA[2018-05-10 20:16:47 - [TEST_CASE][PASSED] - Test Cases/CreateGroupTC/HME-StoreListPage-02: Browser is closed

2018-05-10 20:16:47 - [TEST_STEP][PASSED] - Start listener action : sampleBeforeTestCase: uiaction.CommonUIActions.deleteAllCookies is PASSED

2018-05-10 20:16:47 - [TEST_STEP][PASSED] - openBrowser: Browser is opened with url: ''

2018-05-10 20:16:50 - [MESSAGE][PASSED] - Browser is opened with url: ''

2018-05-10 20:16:50 - [TEST_STEP][PASSED] - maximizeWindow: Current window maximized

2018-05-10 20:16:51 - [MESSAGE][PASSED] - Current window maximized

2018-05-10 20:16:51 - [TEST_STEP][PASSED] - uiaction.CommonUIActions.deleteAllCookies: uiaction.CommonUIActions.deleteAllCookies is PASSED

2018-05-10 20:16:51 - [MESSAGE][PASSED] - Delete all cookies successfully

2018-05-10 20:16:51 - [MESSAGE][PASSED] - uiaction.CommonUIActions.deleteAllCookies is PASSED

2018-05-10 20:16:51 - [TEST_STEP][PASSED] - Statement - TCflag = true: null

2018-05-10 20:16:51 - [TEST_STEP][PASSED] - Statement - Try: uiaction.CommonUIActions.click is PASSED

2018-05-10 20:16:51 - [TEST_STEP][PASSED] - navigateToUrl: Navigate to 'https://hme-dev-public-cloud-app.azurewebsites.net/' successfully

2018-05-10 20:16:54 - [MESSAGE][PASSED] - Navigate to 'https://hme-dev-public-cloud-app.azurewebsites.net/' successfully

2018-05-10 20:16:54 - [TEST_STEP][PASSED] - projectSpecific.Reusability.login: projectSpecific.Reusability.login is PASSED

2018-05-10 20:16:54 - [MESSAGE][PASSED] - projectSpecific.Reusability.getTestData is PASSED

2018-05-10 20:16:54 - [MESSAGE][PASSED] - projectSpecific.Reusability.getTestData is PASSED

2018-05-10 20:16:54 - [MESSAGE][PASSED] - Text 'sangeetha_gokul@yahoo.com' is set on object 'Object Repository/LoginPage/Username'

2018-05-10 20:16:54 - [MESSAGE][PASSED] - Text 'gvcd6bjk5g' is set on object 'Object Repository/LoginPage/Password'

2018-05-10 20:16:54 - [MESSAGE][PASSED] - Object: 'Object Repository/LoginPage/Login' is clicked on

2018-05-10 20:16:54 - [MESSAGE][PASSED] - projectSpecific.Reusability.login is PASSED

2018-05-10 20:16:54 - [TEST_STEP][PASSED] - delay: Delayed 10 second(s)

2018-05-10 20:17:04 - [MESSAGE][PASSED] - Delayed 10 second(s)

2018-05-10 20:17:04 - [TEST_STEP][PASSED] - uiaction.CommonUIActions.click: uiaction.CommonUIActions.click is PASSED

2018-05-10 20:17:05 - [MESSAGE][PASSED] - uiaction.CommonUIActions.click is PASSED

2018-05-10 20:17:05 - [TEST_STEP][PASSED] - delay: Delayed 10 second(s)

2018-05-10 20:17:15 - [MESSAGE][PASSED] - Delayed 10 second(s)

2018-05-10 20:17:15 - [TEST_STEP][PASSED] - uiaction.CommonUIActions.click: uiaction.CommonUIActions.click is PASSED

2018-05-10 20:17:16 - [MESSAGE][PASSED] - uiaction.CommonUIActions.click is PASSED

2018-05-10 20:17:16 - [TEST_STEP][PASSED] - verifyElementPresent: Object 'Object Repository/StorePage/StoreListHeading' is present

2018-05-10 20:17:16 - [MESSAGE][PASSED] - Object 'Object Repository/StorePage/StoreListHeading' is present

2018-05-10 20:17:16 - [TEST_STEP][PASSED] - uiaction.CommonUIActions.click: uiaction.CommonUIActions.click is PASSED

2018-05-10 20:17:17 - [MESSAGE][PASSED] - uiaction.CommonUIActions.click is PASSED

2018-05-10 20:17:17 - [TEST_STEP][PASSED] - verifyElementNotPresent: Web element with id: 'Object Repository/StorePage/ManageLeaderGroupsButton' located by 'By.xpath: //span[text()='Manage Leaderboard Groups']/..' is not present after '5' second(s)

2018-05-10 20:17:17 - [MESSAGE][PASSED] - Web element with id: 'Object Repository/StorePage/ManageLeaderGroupsButton' located by 'By.xpath: //span[text()='Manage Leaderboard Groups']/..' is not present after '5' second(s)

2018-05-10 20:17:17 - [TEST_STEP][PASSED] - verifyElementNotPresent: Web element with id: 'Object Repository/StorePage/ManageReportGroupsButtton' located by 'By.xpath: //span[text()='Manage Report Groups']/..' is not present after '5' second(s)

2018-05-10 20:17:17 - [MESSAGE][PASSED] - Web element with id: 'Object Repository/StorePage/ManageReportGroupsButtton' located by 'By.xpath: //span[text()='Manage Report Groups']/..' is not present after '5' second(s)

2018-05-10 20:17:17 - [TEST_STEP][PASSED] - uiaction.CommonUIActions.click: uiaction.CommonUIActions.click is PASSED

2018-05-10 20:17:19 - [MESSAGE][PASSED] - uiaction.CommonUIActions.click is PASSED

2018-05-10 20:17:19 - [TEST_STEP][PASSED] - Statement - assert TCflag == true: null

2018-05-10 20:17:19 - [TEST_STEP][PASSED] - Start listener action : sampleAfterTestCase: Browser is closed

2018-05-10 20:17:19 - [TEST_STEP][PASSED] - Statement - println(testCaseContext.getTestCaseId()): null

2018-05-10 20:17:19 - [TEST_STEP][PASSED] - Statement - println(testCaseContext.getTestCaseStatus()): null

2018-05-10 20:17:19 - [TEST_STEP][PASSED] - closeBrowser: Browser is closed

2018-05-10 20:17:19 - [MESSAGE][PASSED] - Browser is closed]]></system-out>
         <system-err><![CDATA[]]></system-err>
      </testcase>
      <testcase name="Test Cases/CreateGroupTC/HME-CreateGroup-08" classname="Test Cases/CreateGroupTC/HME-CreateGroup-08" status="PASSED">
         <system-out><![CDATA[2018-05-10 20:17:19 - [TEST_CASE][PASSED] - Test Cases/CreateGroupTC/HME-CreateGroup-08: Browser is closed

2018-05-10 20:17:19 - [TEST_STEP][PASSED] - Start listener action : sampleBeforeTestCase: uiaction.CommonUIActions.deleteAllCookies is PASSED

2018-05-10 20:17:19 - [TEST_STEP][PASSED] - openBrowser: Browser is opened with url: ''

2018-05-10 20:17:21 - [MESSAGE][PASSED] - Browser is opened with url: ''

2018-05-10 20:17:21 - [TEST_STEP][PASSED] - maximizeWindow: Current window maximized

2018-05-10 20:17:23 - [MESSAGE][PASSED] - Current window maximized

2018-05-10 20:17:23 - [TEST_STEP][PASSED] - uiaction.CommonUIActions.deleteAllCookies: uiaction.CommonUIActions.deleteAllCookies is PASSED

2018-05-10 20:17:23 - [MESSAGE][PASSED] - Delete all cookies successfully

2018-05-10 20:17:23 - [MESSAGE][PASSED] - uiaction.CommonUIActions.deleteAllCookies is PASSED

2018-05-10 20:17:23 - [TEST_STEP][PASSED] - Statement - TCflag = true: null

2018-05-10 20:17:23 - [TEST_STEP][PASSED] - Statement - Try: null

2018-05-10 20:17:23 - [TEST_STEP][PASSED] - navigateToUrl: Navigate to 'https://hme-dev-public-cloud-app.azurewebsites.net/' successfully

2018-05-10 20:17:26 - [MESSAGE][PASSED] - Navigate to 'https://hme-dev-public-cloud-app.azurewebsites.net/' successfully

2018-05-10 20:17:26 - [TEST_STEP][PASSED] - projectSpecific.Reusability.login: projectSpecific.Reusability.login is PASSED

2018-05-10 20:17:26 - [MESSAGE][PASSED] - projectSpecific.Reusability.getTestData is PASSED

2018-05-10 20:17:26 - [MESSAGE][PASSED] - projectSpecific.Reusability.getTestData is PASSED

2018-05-10 20:17:26 - [MESSAGE][PASSED] - Text 'selvendrank@nousinfo.com' is set on object 'Object Repository/LoginPage/Username'

2018-05-10 20:17:26 - [MESSAGE][PASSED] - Text 'nous;123' is set on object 'Object Repository/LoginPage/Password'

2018-05-10 20:17:26 - [MESSAGE][PASSED] - Object: 'Object Repository/LoginPage/Login' is clicked on

2018-05-10 20:17:26 - [MESSAGE][PASSED] - projectSpecific.Reusability.login is PASSED

2018-05-10 20:17:26 - [TEST_STEP][PASSED] - delay: Delayed 10 second(s)

2018-05-10 20:17:36 - [MESSAGE][PASSED] - Delayed 10 second(s)

2018-05-10 20:17:36 - [TEST_STEP][PASSED] - Statement - driver = com.kms.katalon.core.webui.driver.DriverFactory.getWebDriver(): null

2018-05-10 20:17:36 - [TEST_STEP][PASSED] - uiaction.CommonUIActions.click: uiaction.CommonUIActions.click is PASSED

2018-05-10 20:17:38 - [MESSAGE][PASSED] - uiaction.CommonUIActions.click is PASSED

2018-05-10 20:17:38 - [TEST_STEP][PASSED] - uiaction.CommonUIActions.click: uiaction.CommonUIActions.click is PASSED

2018-05-10 20:17:39 - [MESSAGE][PASSED] - uiaction.CommonUIActions.click is PASSED

2018-05-10 20:17:39 - [TEST_STEP][PASSED] - uiaction.CommonUIActions.click: uiaction.CommonUIActions.click is PASSED

2018-05-10 20:17:39 - [MESSAGE][PASSED] - uiaction.CommonUIActions.click is PASSED

2018-05-10 20:17:39 - [TEST_STEP][PASSED] - delay: Delayed 10 second(s)

2018-05-10 20:17:49 - [MESSAGE][PASSED] - Delayed 10 second(s)

2018-05-10 20:17:49 - [TEST_STEP][PASSED] - Statement - existingGroup = CustomKeywords.projectSpecific.Reusability.getTestData("ReportingGroupManagementPage", "alreadyDeletedGroup"): projectSpecific.Reusability.getTestData is PASSED

2018-05-10 20:17:49 - [MESSAGE][PASSED] - projectSpecific.Reusability.getTestData is PASSED

2018-05-10 20:17:49 - [TEST_STEP][PASSED] - uiaction.CommonUIActions.enter: uiaction.CommonUIActions.enter is PASSED

2018-05-10 20:17:50 - [MESSAGE][PASSED] - uiaction.CommonUIActions.enter is PASSED

2018-05-10 20:17:50 - [TEST_STEP][PASSED] - uiaction.CommonUIActions.enter: uiaction.CommonUIActions.enter is PASSED

2018-05-10 20:17:50 - [MESSAGE][PASSED] - projectSpecific.Reusability.getTestData is PASSED

2018-05-10 20:17:50 - [MESSAGE][PASSED] - uiaction.CommonUIActions.enter is PASSED

2018-05-10 20:17:50 - [TEST_STEP][PASSED] - delay: Delayed 10 second(s)

2018-05-10 20:18:00 - [MESSAGE][PASSED] - Delayed 10 second(s)

2018-05-10 20:18:00 - [TEST_STEP][PASSED] - uiaction.CommonUIActions.click: uiaction.CommonUIActions.click is PASSED

2018-05-10 20:18:00 - [MESSAGE][PASSED] - uiaction.CommonUIActions.click is PASSED

2018-05-10 20:18:00 - [TEST_STEP][PASSED] - back: Navigate back successfully

2018-05-10 20:18:00 - [MESSAGE][PASSED] - Navigate back successfully

2018-05-10 20:18:00 - [TEST_STEP][PASSED] - delay: Delayed 10 second(s)

2018-05-10 20:18:10 - [MESSAGE][PASSED] - Delayed 10 second(s)

2018-05-10 20:18:10 - [TEST_STEP][PASSED] - back: Navigate back successfully

2018-05-10 20:18:10 - [MESSAGE][PASSED] - Navigate back successfully

2018-05-10 20:18:10 - [TEST_STEP][PASSED] - delay: Delayed 10 second(s)

2018-05-10 20:18:20 - [MESSAGE][PASSED] - Delayed 10 second(s)

2018-05-10 20:18:20 - [TEST_STEP][PASSED] - Statement - groupHierarchyList = driver.findElements(org.openqa.selenium.By.xpath(com.kms.katalon.core.testdata.TestDataFactory.findTestData(OR_file).getValue(2, 13))): Reading excel file with source file 'C:\Users\shalinin\Katalon Studio\HME_Scripts\Data Files\HME_OR.xlsx' and sheet name 'Sheet1'

2018-05-10 20:18:20 - [TEST_STEP][PASSED] - Statement - exists = false: null

2018-05-10 20:18:20 - [TEST_STEP][PASSED] - Statement - For ([i = 0, i < groupHierarchyList.size(), (i++)]): null

2018-05-10 20:18:20 - [TEST_STEP][PASSED] - Statement - If (groupHierarchyList.get(i).getText().equals(existingGroup)): null

2018-05-10 20:18:20 - [TEST_STEP][PASSED] - Statement - If (groupHierarchyList.get(i).getText().equals(existingGroup)): null

2018-05-10 20:18:20 - [TEST_STEP][PASSED] - Statement - If (groupHierarchyList.get(i).getText().equals(existingGroup)): null

2018-05-10 20:18:20 - [TEST_STEP][PASSED] - Statement - If (groupHierarchyList.get(i).getText().equals(existingGroup)): null

2018-05-10 20:18:20 - [TEST_STEP][PASSED] - Statement - If (groupHierarchyList.get(i).getText().equals(existingGroup)): null

2018-05-10 20:18:20 - [TEST_STEP][PASSED] - Statement - If (groupHierarchyList.get(i).getText().equals(existingGroup)): null

2018-05-10 20:18:20 - [TEST_STEP][PASSED] - Statement - println("group exists"): null

2018-05-10 20:18:20 - [TEST_STEP][PASSED] - Statement - exists = true: null

2018-05-10 20:18:20 - [TEST_STEP][PASSED] - Statement - Break: null

2018-05-10 20:18:20 - [TEST_STEP][PASSED] - Statement - If (!(exists)): null

2018-05-10 20:18:20 - [TEST_STEP][PASSED] - Statement - groupXpath = "//span[text()='" + existingGroup + "']": null

2018-05-10 20:18:20 - [TEST_STEP][PASSED] - Statement - println(groupXpath): null

2018-05-10 20:18:20 - [TEST_STEP][PASSED] - Statement - driver.findElement(org.openqa.selenium.By.xpath(groupXpath)).click(): null

2018-05-10 20:18:20 - [TEST_STEP][PASSED] - delay: Delayed 10 second(s)

2018-05-10 20:18:30 - [MESSAGE][PASSED] - Delayed 10 second(s)

2018-05-10 20:18:30 - [TEST_STEP][PASSED] - uiaction.CommonUIActions.click: uiaction.CommonUIActions.click is PASSED

2018-05-10 20:18:30 - [MESSAGE][PASSED] - uiaction.CommonUIActions.click is PASSED

2018-05-10 20:18:30 - [TEST_STEP][PASSED] - delay: Delayed 10 second(s)

2018-05-10 20:18:40 - [MESSAGE][PASSED] - Delayed 10 second(s)

2018-05-10 20:18:40 - [TEST_STEP][PASSED] - Statement - confirmToDeleteText = CustomKeywords.uiaction.CommonUIActions.getText(com.kms.katalon.core.testobject.ObjectRepository.findTestObject(ReportingGroupManagement/confirmToDeleteText)): uiaction.CommonUIActions.getText is PASSED

2018-05-10 20:18:40 - [MESSAGE][PASSED] - uiaction.CommonUIActions.getText is PASSED

2018-05-10 20:18:40 - [TEST_STEP][PASSED] - Statement - confirmToDeleteText2 = CustomKeywords.projectSpecific.Reusability.getTestData("ReportingGroupManagementPage", "confirmDeleteTxt"): projectSpecific.Reusability.getTestData is PASSED

2018-05-10 20:18:40 - [MESSAGE][PASSED] - projectSpecific.Reusability.getTestData is PASSED

2018-05-10 20:18:40 - [TEST_STEP][PASSED] - verifyMatch: Actual text 'Confirm to Delete
Are you sure you want to remove this group?
Yes
No' and expected text 'Confirm to Delete
Are you sure you want to remove this group?
Yes
No' are matched 

2018-05-10 20:18:40 - [MESSAGE][PASSED] - Actual text 'Confirm to Delete
Are you sure you want to remove this group?
Yes
No' and expected text 'Confirm to Delete
Are you sure you want to remove this group?
Yes
No' are matched 

2018-05-10 20:18:40 - [TEST_STEP][PASSED] - verifyElementPresent: Object 'Object Repository/ReportingGroupManagement/confirmToDelNoBtn' is present

2018-05-10 20:18:40 - [MESSAGE][PASSED] - Object 'Object Repository/ReportingGroupManagement/confirmToDelNoBtn' is present

2018-05-10 20:18:40 - [TEST_STEP][PASSED] - verifyElementPresent: Object 'Object Repository/ReportingGroupManagement/confirmToDelBtn' is present

2018-05-10 20:18:40 - [MESSAGE][PASSED] - Object 'Object Repository/ReportingGroupManagement/confirmToDelBtn' is present

2018-05-10 20:18:40 - [TEST_STEP][PASSED] - uiaction.CommonUIActions.click: uiaction.CommonUIActions.click is PASSED

2018-05-10 20:18:40 - [MESSAGE][PASSED] - uiaction.CommonUIActions.click is PASSED

2018-05-10 20:18:40 - [TEST_STEP][PASSED] - back: Navigate back successfully

2018-05-10 20:18:40 - [MESSAGE][PASSED] - Navigate back successfully

2018-05-10 20:18:40 - [TEST_STEP][PASSED] - delay: Delayed 10 second(s)

2018-05-10 20:18:50 - [MESSAGE][PASSED] - Delayed 10 second(s)

2018-05-10 20:18:50 - [TEST_STEP][PASSED] - back: Navigate back successfully

2018-05-10 20:18:50 - [MESSAGE][PASSED] - Navigate back successfully

2018-05-10 20:18:51 - [TEST_STEP][PASSED] - delay: Delayed 10 second(s)

2018-05-10 20:19:01 - [MESSAGE][PASSED] - Delayed 10 second(s)

2018-05-10 20:19:01 - [TEST_STEP][PASSED] - Statement - groupHierarchyList = driver.findElements(org.openqa.selenium.By.xpath(com.kms.katalon.core.testdata.TestDataFactory.findTestData(OR_file).getValue(2, 13))): Reading excel file with source file 'C:\Users\shalinin\Katalon Studio\HME_Scripts\Data Files\HME_OR.xlsx' and sheet name 'Sheet1'

2018-05-10 20:19:01 - [TEST_STEP][PASSED] - Statement - groupSize = groupHierarchyList.size(): null

2018-05-10 20:19:01 - [TEST_STEP][PASSED] - Statement - existingGroupName = groupHierarchyList.get(groupSize - 1).getText(): null

2018-05-10 20:19:01 - [TEST_STEP][PASSED] - uiaction.CommonUIActions.click: uiaction.CommonUIActions.click is PASSED

2018-05-10 20:19:01 - [MESSAGE][PASSED] - uiaction.CommonUIActions.click is PASSED

2018-05-10 20:19:01 - [TEST_STEP][PASSED] - verifyElementPresent: Object 'Object Repository/ReportingGroupManagement/reportingGroupDetails' is present

2018-05-10 20:19:01 - [MESSAGE][PASSED] - Object 'Object Repository/ReportingGroupManagement/reportingGroupDetails' is present

2018-05-10 20:19:01 - [TEST_STEP][PASSED] - Statement - println(existingGroupName): null

2018-05-10 20:19:01 - [TEST_STEP][PASSED] - uiaction.CommonUIActions.enter: uiaction.CommonUIActions.enter is PASSED

2018-05-10 20:19:01 - [MESSAGE][PASSED] - uiaction.CommonUIActions.enter is PASSED

2018-05-10 20:19:01 - [TEST_STEP][PASSED] - uiaction.CommonUIActions.click: uiaction.CommonUIActions.click is PASSED

2018-05-10 20:19:01 - [MESSAGE][PASSED] - uiaction.CommonUIActions.click is PASSED

2018-05-10 20:19:01 - [TEST_STEP][PASSED] - delay: Delayed 10 second(s)

2018-05-10 20:19:11 - [MESSAGE][PASSED] - Delayed 10 second(s)

2018-05-10 20:19:11 - [TEST_STEP][PASSED] - Statement - groupalreadyExists = CustomKeywords.projectSpecific.Reusability.getTestData("ReportingGroupManagementPage", "groupAlreadyMessage"): projectSpecific.Reusability.getTestData is PASSED

2018-05-10 20:19:11 - [MESSAGE][PASSED] - projectSpecific.Reusability.getTestData is PASSED

2018-05-10 20:19:11 - [TEST_STEP][PASSED] - Statement - groupalreadyText = CustomKeywords.uiaction.CommonUIActions.getText(com.kms.katalon.core.testobject.ObjectRepository.findTestObject(ReportingGroupManagement/groupCreationErrorMessage)): uiaction.CommonUIActions.getText is PASSED

2018-05-10 20:19:11 - [MESSAGE][PASSED] - uiaction.CommonUIActions.getText is PASSED

2018-05-10 20:19:11 - [TEST_STEP][PASSED] - verifyMatch: Actual text 'Group already exist in the user account' and expected text 'Group already exist in the user account' are matched 

2018-05-10 20:19:11 - [MESSAGE][PASSED] - Actual text 'Group already exist in the user account' and expected text 'Group already exist in the user account' are matched 

2018-05-10 20:19:11 - [TEST_STEP][PASSED] - uiaction.CommonUIActions.click: uiaction.CommonUIActions.click is PASSED

2018-05-10 20:19:11 - [MESSAGE][PASSED] - uiaction.CommonUIActions.click is PASSED

2018-05-10 20:19:11 - [TEST_STEP][PASSED] - Statement - com.kms.katalon.core.webui.common.WebUiCommonHelper.findWebElement(com.kms.katalon.core.testobject.ObjectRepository.findTestObject(ReportingGroupManagement/groupNameTxt), 30).clear(): Found 1 web elements with id: 'Object Repository/ReportingGroupManagement/groupNameTxt' located by 'By.xpath: //input[@type='text']' in '30' second(s)

2018-05-10 20:19:11 - [TEST_STEP][PASSED] - uiaction.CommonUIActions.click: uiaction.CommonUIActions.click is PASSED

2018-05-10 20:19:11 - [MESSAGE][PASSED] - uiaction.CommonUIActions.click is PASSED

2018-05-10 20:19:11 - [TEST_STEP][PASSED] - delay: Delayed 10 second(s)

2018-05-10 20:19:21 - [MESSAGE][PASSED] - Delayed 10 second(s)

2018-05-10 20:19:21 - [TEST_STEP][PASSED] - Statement - groupNameBlankMessage = CustomKeywords.projectSpecific.Reusability.getTestData("ReportingGroupManagementPage", "groupNameBlankMessage"): projectSpecific.Reusability.getTestData is PASSED

2018-05-10 20:19:21 - [MESSAGE][PASSED] - projectSpecific.Reusability.getTestData is PASSED

2018-05-10 20:19:21 - [TEST_STEP][PASSED] - Statement - blankText = CustomKeywords.uiaction.CommonUIActions.getText(com.kms.katalon.core.testobject.ObjectRepository.findTestObject(ReportingGroupManagement/groupCreationErrorMessage)): uiaction.CommonUIActions.getText is PASSED

2018-05-10 20:19:21 - [MESSAGE][PASSED] - uiaction.CommonUIActions.getText is PASSED

2018-05-10 20:19:21 - [TEST_STEP][PASSED] - verifyMatch: Actual text 'Group name may not be blank.' and expected text 'Group name may not be blank.' are matched 

2018-05-10 20:19:21 - [MESSAGE][PASSED] - Actual text 'Group name may not be blank.' and expected text 'Group name may not be blank.' are matched 

2018-05-10 20:19:21 - [TEST_STEP][PASSED] - back: Navigate back successfully

2018-05-10 20:19:21 - [MESSAGE][PASSED] - Navigate back successfully

2018-05-10 20:19:21 - [TEST_STEP][PASSED] - delay: Delayed 10 second(s)

2018-05-10 20:19:31 - [MESSAGE][PASSED] - Delayed 10 second(s)

2018-05-10 20:19:31 - [TEST_STEP][PASSED] - back: Navigate back successfully

2018-05-10 20:19:31 - [MESSAGE][PASSED] - Navigate back successfully

2018-05-10 20:19:31 - [TEST_STEP][PASSED] - delay: Delayed 10 second(s)

2018-05-10 20:19:41 - [MESSAGE][PASSED] - Delayed 10 second(s)

2018-05-10 20:19:41 - [TEST_STEP][PASSED] - uiaction.CommonUIActions.click: uiaction.CommonUIActions.click is PASSED

2018-05-10 20:19:42 - [MESSAGE][PASSED] - uiaction.CommonUIActions.click is PASSED

2018-05-10 20:19:42 - [TEST_STEP][PASSED] - uiaction.CommonUIActions.enter: uiaction.CommonUIActions.enter is PASSED

2018-05-10 20:19:42 - [MESSAGE][PASSED] - uiaction.CommonUIActions.enter is PASSED

2018-05-10 20:19:42 - [TEST_STEP][PASSED] - uiaction.CommonUIActions.enter: uiaction.CommonUIActions.enter is PASSED

2018-05-10 20:19:42 - [MESSAGE][PASSED] - projectSpecific.Reusability.getTestData is PASSED

2018-05-10 20:19:42 - [MESSAGE][PASSED] - uiaction.CommonUIActions.enter is PASSED

2018-05-10 20:19:42 - [TEST_STEP][PASSED] - uiaction.CommonUIActions.click: uiaction.CommonUIActions.click is PASSED

2018-05-10 20:19:42 - [MESSAGE][PASSED] - uiaction.CommonUIActions.click is PASSED

2018-05-10 20:19:42 - [TEST_STEP][PASSED] - back: Navigate back successfully

2018-05-10 20:19:42 - [MESSAGE][PASSED] - Navigate back successfully

2018-05-10 20:19:42 - [TEST_STEP][PASSED] - delay: Delayed 10 second(s)

2018-05-10 20:19:52 - [MESSAGE][PASSED] - Delayed 10 second(s)

2018-05-10 20:19:52 - [TEST_STEP][PASSED] - back: Navigate back successfully

2018-05-10 20:19:52 - [MESSAGE][PASSED] - Navigate back successfully

2018-05-10 20:19:52 - [TEST_STEP][PASSED] - delay: Delayed 10 second(s)

2018-05-10 20:20:02 - [MESSAGE][PASSED] - Delayed 10 second(s)

2018-05-10 20:20:02 - [TEST_STEP][PASSED] - Statement - groupHierarchyList = driver.findElements(org.openqa.selenium.By.xpath(com.kms.katalon.core.testdata.TestDataFactory.findTestData(OR_file).getValue(2, 13))): Reading excel file with source file 'C:\Users\shalinin\Katalon Studio\HME_Scripts\Data Files\HME_OR.xlsx' and sheet name 'Sheet1'

2018-05-10 20:20:02 - [TEST_STEP][PASSED] - Statement - exists = false: null

2018-05-10 20:20:02 - [TEST_STEP][PASSED] - Statement - For ([i = 0, i < groupHierarchyList.size(), (i++)]): null

2018-05-10 20:20:02 - [TEST_STEP][PASSED] - Statement - If (groupHierarchyList.get(i).getText().equals(existingGroup)): null

2018-05-10 20:20:02 - [TEST_STEP][PASSED] - Statement - If (groupHierarchyList.get(i).getText().equals(existingGroup)): null

2018-05-10 20:20:02 - [TEST_STEP][PASSED] - Statement - If (groupHierarchyList.get(i).getText().equals(existingGroup)): null

2018-05-10 20:20:02 - [TEST_STEP][PASSED] - Statement - If (groupHierarchyList.get(i).getText().equals(existingGroup)): null

2018-05-10 20:20:02 - [TEST_STEP][PASSED] - Statement - If (groupHierarchyList.get(i).getText().equals(existingGroup)): null

2018-05-10 20:20:02 - [TEST_STEP][PASSED] - Statement - If (groupHierarchyList.get(i).getText().equals(existingGroup)): null

2018-05-10 20:20:02 - [TEST_STEP][PASSED] - Statement - println("group is existing in GroupList"): null

2018-05-10 20:20:02 - [TEST_STEP][PASSED] - Statement - exists = true: null

2018-05-10 20:20:02 - [TEST_STEP][PASSED] - Statement - Break: null

2018-05-10 20:20:02 - [TEST_STEP][PASSED] - Statement - If (!(exists)): null

2018-05-10 20:20:02 - [TEST_STEP][PASSED] - Statement - groupXpath = "//span[text()='" + existingGroup + "']": null

2018-05-10 20:20:02 - [TEST_STEP][PASSED] - Statement - println(groupXpath): null

2018-05-10 20:20:02 - [TEST_STEP][PASSED] - Statement - driver.findElement(org.openqa.selenium.By.xpath(groupXpath)).click(): null

2018-05-10 20:20:02 - [TEST_STEP][PASSED] - delay: Delayed 10 second(s)

2018-05-10 20:20:12 - [MESSAGE][PASSED] - Delayed 10 second(s)

2018-05-10 20:20:12 - [TEST_STEP][PASSED] - uiaction.CommonUIActions.click: uiaction.CommonUIActions.click is PASSED

2018-05-10 20:20:12 - [MESSAGE][PASSED] - uiaction.CommonUIActions.click is PASSED

2018-05-10 20:20:12 - [TEST_STEP][PASSED] - uiaction.CommonUIActions.click: uiaction.CommonUIActions.click is PASSED

2018-05-10 20:20:12 - [MESSAGE][PASSED] - uiaction.CommonUIActions.click is PASSED

2018-05-10 20:20:12 - [TEST_STEP][PASSED] - back: Navigate back successfully

2018-05-10 20:20:12 - [MESSAGE][PASSED] - Navigate back successfully

2018-05-10 20:20:12 - [TEST_STEP][PASSED] - delay: Delayed 10 second(s)

2018-05-10 20:20:22 - [MESSAGE][PASSED] - Delayed 10 second(s)

2018-05-10 20:20:22 - [TEST_STEP][PASSED] - back: Navigate back successfully

2018-05-10 20:20:22 - [MESSAGE][PASSED] - Navigate back successfully

2018-05-10 20:20:22 - [TEST_STEP][PASSED] - delay: Delayed 10 second(s)

2018-05-10 20:20:32 - [MESSAGE][PASSED] - Delayed 10 second(s)

2018-05-10 20:20:32 - [TEST_STEP][PASSED] - uiaction.CommonUIActions.click: uiaction.CommonUIActions.click is PASSED

2018-05-10 20:20:33 - [MESSAGE][PASSED] - uiaction.CommonUIActions.click is PASSED

2018-05-10 20:20:33 - [TEST_STEP][PASSED] - verifyElementPresent: Object 'Object Repository/ReportingGroupManagement/reportingGroupDetails' is present

2018-05-10 20:20:33 - [MESSAGE][PASSED] - Object 'Object Repository/ReportingGroupManagement/reportingGroupDetails' is present

2018-05-10 20:20:33 - [TEST_STEP][PASSED] - Statement - groupNamewith50characters = "thisgroupnamehas50characters50characters50charact": null

2018-05-10 20:20:33 - [TEST_STEP][PASSED] - uiaction.CommonUIActions.enter: uiaction.CommonUIActions.enter is PASSED

2018-05-10 20:20:33 - [MESSAGE][PASSED] - uiaction.CommonUIActions.enter is PASSED

2018-05-10 20:20:33 - [TEST_STEP][PASSED] - uiaction.CommonUIActions.enter: uiaction.CommonUIActions.enter is PASSED

2018-05-10 20:20:33 - [MESSAGE][PASSED] - projectSpecific.Reusability.getTestData is PASSED

2018-05-10 20:20:33 - [MESSAGE][PASSED] - uiaction.CommonUIActions.enter is PASSED

2018-05-10 20:20:33 - [TEST_STEP][PASSED] - uiaction.CommonUIActions.click: uiaction.CommonUIActions.click is PASSED

2018-05-10 20:20:33 - [MESSAGE][PASSED] - uiaction.CommonUIActions.click is PASSED

2018-05-10 20:20:33 - [TEST_STEP][PASSED] - back: Navigate back successfully

2018-05-10 20:20:33 - [MESSAGE][PASSED] - Navigate back successfully

2018-05-10 20:20:33 - [TEST_STEP][PASSED] - delay: Delayed 10 second(s)

2018-05-10 20:20:43 - [MESSAGE][PASSED] - Delayed 10 second(s)

2018-05-10 20:20:43 - [TEST_STEP][PASSED] - back: Navigate back successfully

2018-05-10 20:20:43 - [MESSAGE][PASSED] - Navigate back successfully

2018-05-10 20:20:43 - [TEST_STEP][PASSED] - delay: Delayed 10 second(s)

2018-05-10 20:20:53 - [MESSAGE][PASSED] - Delayed 10 second(s)

2018-05-10 20:20:53 - [TEST_STEP][PASSED] - Statement - groupHierarchyList = driver.findElements(org.openqa.selenium.By.xpath(com.kms.katalon.core.testdata.TestDataFactory.findTestData(OR_file).getValue(2, 13))): Reading excel file with source file 'C:\Users\shalinin\Katalon Studio\HME_Scripts\Data Files\HME_OR.xlsx' and sheet name 'Sheet1'

2018-05-10 20:20:53 - [TEST_STEP][PASSED] - Statement - exists = false: null

2018-05-10 20:20:53 - [TEST_STEP][PASSED] - Statement - For ([i = 0, i < groupHierarchyList.size(), (i++)]): null

2018-05-10 20:20:53 - [TEST_STEP][PASSED] - Statement - If (groupHierarchyList.get(i).getText().equals(groupNamewith50characters)): null

2018-05-10 20:20:53 - [TEST_STEP][PASSED] - Statement - If (groupHierarchyList.get(i).getText().equals(groupNamewith50characters)): null

2018-05-10 20:20:53 - [TEST_STEP][PASSED] - Statement - If (groupHierarchyList.get(i).getText().equals(groupNamewith50characters)): null

2018-05-10 20:20:53 - [TEST_STEP][PASSED] - Statement - If (groupHierarchyList.get(i).getText().equals(groupNamewith50characters)): null

2018-05-10 20:20:53 - [TEST_STEP][PASSED] - Statement - If (groupHierarchyList.get(i).getText().equals(groupNamewith50characters)): null

2018-05-10 20:20:53 - [TEST_STEP][PASSED] - Statement - If (groupHierarchyList.get(i).getText().equals(groupNamewith50characters)): null

2018-05-10 20:20:53 - [TEST_STEP][PASSED] - Statement - If (groupHierarchyList.get(i).getText().equals(groupNamewith50characters)): null

2018-05-10 20:20:53 - [TEST_STEP][PASSED] - Statement - If (groupHierarchyList.get(i).getText().equals(groupNamewith50characters)): null

2018-05-10 20:20:53 - [TEST_STEP][PASSED] - Statement - If (groupHierarchyList.get(i).getText().equals(groupNamewith50characters)): null

2018-05-10 20:20:53 - [TEST_STEP][PASSED] - Statement - If (groupHierarchyList.get(i).getText().equals(groupNamewith50characters)): null

2018-05-10 20:20:53 - [TEST_STEP][PASSED] - Statement - If (groupHierarchyList.get(i).getText().equals(groupNamewith50characters)): null

2018-05-10 20:20:53 - [TEST_STEP][PASSED] - Statement - println("group with 50 characters in name exists"): null

2018-05-10 20:20:53 - [TEST_STEP][PASSED] - Statement - exists = true: null

2018-05-10 20:20:53 - [TEST_STEP][PASSED] - Statement - Break: null

2018-05-10 20:20:53 - [TEST_STEP][PASSED] - Statement - If (!(exists)): null

2018-05-10 20:20:53 - [TEST_STEP][PASSED] - Statement - groupXpath = "//span[text()='" + groupNamewith50characters + "']": null

2018-05-10 20:20:53 - [TEST_STEP][PASSED] - Statement - println(groupXpath): null

2018-05-10 20:20:53 - [TEST_STEP][PASSED] - Statement - driver.findElement(org.openqa.selenium.By.xpath(groupXpath)).click(): null

2018-05-10 20:20:53 - [TEST_STEP][PASSED] - uiaction.CommonUIActions.click: uiaction.CommonUIActions.click is PASSED

2018-05-10 20:20:53 - [MESSAGE][PASSED] - uiaction.CommonUIActions.click is PASSED

2018-05-10 20:20:53 - [TEST_STEP][PASSED] - uiaction.CommonUIActions.click: uiaction.CommonUIActions.click is PASSED

2018-05-10 20:20:53 - [MESSAGE][PASSED] - uiaction.CommonUIActions.click is PASSED

2018-05-10 20:20:53 - [TEST_STEP][PASSED] - back: Navigate back successfully

2018-05-10 20:20:53 - [MESSAGE][PASSED] - Navigate back successfully

2018-05-10 20:20:53 - [TEST_STEP][PASSED] - delay: Delayed 10 second(s)

2018-05-10 20:21:03 - [MESSAGE][PASSED] - Delayed 10 second(s)

2018-05-10 20:21:03 - [TEST_STEP][PASSED] - back: Navigate back successfully

2018-05-10 20:21:03 - [MESSAGE][PASSED] - Navigate back successfully

2018-05-10 20:21:03 - [TEST_STEP][PASSED] - delay: Delayed 10 second(s)

2018-05-10 20:21:13 - [MESSAGE][PASSED] - Delayed 10 second(s)

2018-05-10 20:21:13 - [TEST_STEP][PASSED] - uiaction.CommonUIActions.click: uiaction.CommonUIActions.click is PASSED

2018-05-10 20:21:14 - [MESSAGE][PASSED] - uiaction.CommonUIActions.click is PASSED

2018-05-10 20:21:14 - [TEST_STEP][PASSED] - verifyElementPresent: Object 'Object Repository/ReportingGroupManagement/reportingGroupDetails' is present

2018-05-10 20:21:14 - [MESSAGE][PASSED] - Object 'Object Repository/ReportingGroupManagement/reportingGroupDetails' is present

2018-05-10 20:21:14 - [TEST_STEP][PASSED] - Statement - groupName200characters = "groupNamewithmorethan200charactersgroupNamewithmorethan200charactersgroupNamewithmorethan200charactersgroupNamewithmorethan200charactersgroupNamewithmorethan200charactersgroupNamewithmorethan200charactersgroupNamewithmorethan200characters": null

2018-05-10 20:21:14 - [TEST_STEP][PASSED] - uiaction.CommonUIActions.enter: uiaction.CommonUIActions.enter is PASSED

2018-05-10 20:21:14 - [MESSAGE][PASSED] - uiaction.CommonUIActions.enter is PASSED

2018-05-10 20:21:14 - [TEST_STEP][PASSED] - delay: Delayed 10 second(s)

2018-05-10 20:21:24 - [MESSAGE][PASSED] - Delayed 10 second(s)

2018-05-10 20:21:24 - [TEST_STEP][PASSED] - Statement - groupNameEntered = CustomKeywords.uiaction.CommonUIActions.getText(com.kms.katalon.core.testobject.ObjectRepository.findTestObject(ReportingGroupManagement/groupNameTxt)): uiaction.CommonUIActions.getText is PASSED

2018-05-10 20:21:24 - [MESSAGE][PASSED] - uiaction.CommonUIActions.getText is PASSED

2018-05-10 20:21:24 - [TEST_STEP][PASSED] - Statement - exists = true: null

2018-05-10 20:21:24 - [TEST_STEP][PASSED] - Statement - If (!(groupNameEntered.equals(groupName200characters))): null

2018-05-10 20:21:24 - [TEST_STEP][PASSED] - Statement - println("Cannot create group with 200 characters"): null

2018-05-10 20:21:24 - [TEST_STEP][PASSED] - Statement - exists = false: null

2018-05-10 20:21:24 - [TEST_STEP][PASSED] - Statement - If (!(exists)): null

2018-05-10 20:21:24 - [TEST_STEP][PASSED] - Statement - If (!(TCflag)): null

2018-05-10 20:21:24 - [TEST_STEP][PASSED] - uiaction.CommonUIActions.click: uiaction.CommonUIActions.click is PASSED

2018-05-10 20:21:26 - [MESSAGE][PASSED] - uiaction.CommonUIActions.click is PASSED

2018-05-10 20:21:26 - [TEST_STEP][PASSED] - Statement - assert TCflag == true: null

2018-05-10 20:21:26 - [TEST_STEP][PASSED] - Start listener action : sampleAfterTestCase: Browser is closed

2018-05-10 20:21:26 - [TEST_STEP][PASSED] - Statement - println(testCaseContext.getTestCaseId()): null

2018-05-10 20:21:26 - [TEST_STEP][PASSED] - Statement - println(testCaseContext.getTestCaseStatus()): null

2018-05-10 20:21:26 - [TEST_STEP][PASSED] - closeBrowser: Browser is closed

2018-05-10 20:21:26 - [MESSAGE][PASSED] - Browser is closed]]></system-out>
         <system-err><![CDATA[]]></system-err>
      </testcase>
      <testcase name="Test Cases/CreateGroupTC/HME-DeleteGroup-07" classname="Test Cases/CreateGroupTC/HME-DeleteGroup-07" status="PASSED">
         <system-out><![CDATA[2018-05-10 20:21:26 - [TEST_CASE][PASSED] - Test Cases/CreateGroupTC/HME-DeleteGroup-07: Browser is closed

2018-05-10 20:21:26 - [TEST_STEP][PASSED] - Start listener action : sampleBeforeTestCase: uiaction.CommonUIActions.deleteAllCookies is PASSED

2018-05-10 20:21:26 - [TEST_STEP][PASSED] - openBrowser: Browser is opened with url: ''

2018-05-10 20:21:28 - [MESSAGE][PASSED] - Browser is opened with url: ''

2018-05-10 20:21:28 - [TEST_STEP][PASSED] - maximizeWindow: Current window maximized

2018-05-10 20:21:30 - [MESSAGE][PASSED] - Current window maximized

2018-05-10 20:21:30 - [TEST_STEP][PASSED] - uiaction.CommonUIActions.deleteAllCookies: uiaction.CommonUIActions.deleteAllCookies is PASSED

2018-05-10 20:21:30 - [MESSAGE][PASSED] - Delete all cookies successfully

2018-05-10 20:21:30 - [MESSAGE][PASSED] - uiaction.CommonUIActions.deleteAllCookies is PASSED

2018-05-10 20:21:30 - [TEST_STEP][PASSED] - Statement - TCflag = true: null

2018-05-10 20:21:30 - [TEST_STEP][PASSED] - Statement - Try: null

2018-05-10 20:21:30 - [TEST_STEP][PASSED] - navigateToUrl: Navigate to 'https://hme-dev-public-cloud-app.azurewebsites.net/' successfully

2018-05-10 20:21:33 - [MESSAGE][PASSED] - Navigate to 'https://hme-dev-public-cloud-app.azurewebsites.net/' successfully

2018-05-10 20:21:33 - [TEST_STEP][PASSED] - projectSpecific.Reusability.login: projectSpecific.Reusability.login is PASSED

2018-05-10 20:21:33 - [MESSAGE][PASSED] - projectSpecific.Reusability.getTestData is PASSED

2018-05-10 20:21:33 - [MESSAGE][PASSED] - projectSpecific.Reusability.getTestData is PASSED

2018-05-10 20:21:33 - [MESSAGE][PASSED] - Text 'selvendrank@nousinfo.com' is set on object 'Object Repository/LoginPage/Username'

2018-05-10 20:21:33 - [MESSAGE][PASSED] - Text 'nous;123' is set on object 'Object Repository/LoginPage/Password'

2018-05-10 20:21:33 - [MESSAGE][PASSED] - Object: 'Object Repository/LoginPage/Login' is clicked on

2018-05-10 20:21:33 - [MESSAGE][PASSED] - projectSpecific.Reusability.login is PASSED

2018-05-10 20:21:33 - [TEST_STEP][PASSED] - delay: Delayed 5 second(s)

2018-05-10 20:21:38 - [MESSAGE][PASSED] - Delayed 5 second(s)

2018-05-10 20:21:38 - [TEST_STEP][PASSED] - uiaction.CommonUIActions.click: uiaction.CommonUIActions.click is PASSED

2018-05-10 20:21:44 - [MESSAGE][PASSED] - uiaction.CommonUIActions.click is PASSED

2018-05-10 20:21:44 - [TEST_STEP][PASSED] - uiaction.CommonUIActions.click: uiaction.CommonUIActions.click is PASSED

2018-05-10 20:21:45 - [MESSAGE][PASSED] - uiaction.CommonUIActions.click is PASSED

2018-05-10 20:21:45 - [TEST_STEP][PASSED] - Statement - driver = com.kms.katalon.core.webui.driver.DriverFactory.getWebDriver(): null

2018-05-10 20:21:45 - [TEST_STEP][PASSED] - uiaction.CommonUIActions.click: uiaction.CommonUIActions.click is PASSED

2018-05-10 20:21:45 - [MESSAGE][PASSED] - uiaction.CommonUIActions.click is PASSED

2018-05-10 20:21:45 - [TEST_STEP][PASSED] - verifyElementPresent: Object 'Object Repository/ReportingGroupManagement/reportingGroupDetails' is present

2018-05-10 20:21:45 - [MESSAGE][PASSED] - Object 'Object Repository/ReportingGroupManagement/reportingGroupDetails' is present

2018-05-10 20:21:45 - [TEST_STEP][PASSED] - uiaction.CommonUIActions.enter: uiaction.CommonUIActions.enter is PASSED

2018-05-10 20:21:45 - [MESSAGE][PASSED] - projectSpecific.Reusability.getTestData is PASSED

2018-05-10 20:21:45 - [MESSAGE][PASSED] - uiaction.CommonUIActions.enter is PASSED

2018-05-10 20:21:45 - [TEST_STEP][PASSED] - uiaction.CommonUIActions.enter: uiaction.CommonUIActions.enter is PASSED

2018-05-10 20:21:45 - [MESSAGE][PASSED] - projectSpecific.Reusability.getTestData is PASSED

2018-05-10 20:21:45 - [MESSAGE][PASSED] - uiaction.CommonUIActions.enter is PASSED

2018-05-10 20:21:45 - [TEST_STEP][PASSED] - delay: Delayed 5 second(s)

2018-05-10 20:21:50 - [MESSAGE][PASSED] - Delayed 5 second(s)

2018-05-10 20:21:50 - [TEST_STEP][PASSED] - Statement - StoresCBList1 = driver.findElements(org.openqa.selenium.By.xpath(com.kms.katalon.core.testdata.TestDataFactory.findTestData(OR_file).getValue(2, 12))): Reading excel file with source file 'C:\Users\shalinin\Katalon Studio\HME_Scripts\Data Files\HME_OR.xlsx' and sheet name 'Sheet1'

2018-05-10 20:21:50 - [TEST_STEP][PASSED] - Statement - storesLabel = driver.findElements(org.openqa.selenium.By.xpath(com.kms.katalon.core.testdata.TestDataFactory.findTestData(OR_file).getValue(2, 10))): Reading excel file with source file 'C:\Users\shalinin\Katalon Studio\HME_Scripts\Data Files\HME_OR.xlsx' and sheet name 'Sheet1'

2018-05-10 20:21:51 - [TEST_STEP][PASSED] - Statement - groupStoresList = new java.util.ArrayList(): null

2018-05-10 20:21:51 - [TEST_STEP][PASSED] - Statement - out.println(StoresCBList1.size()): null

2018-05-10 20:21:51 - [TEST_STEP][PASSED] - Statement - size = StoresCBList1.size(): null

2018-05-10 20:21:51 - [TEST_STEP][PASSED] - Statement - For ([i = 0, i < size, (i++)]): null

2018-05-10 20:21:51 - [TEST_STEP][PASSED] - Statement - groupStoresList[i] = storesLabel.get(i).getText(): null

2018-05-10 20:21:51 - [TEST_STEP][PASSED] - Statement - StoresCBList1.get(i).click(): null

2018-05-10 20:21:51 - [TEST_STEP][PASSED] - Statement - groupStoresList[i] = storesLabel.get(i).getText(): null

2018-05-10 20:21:51 - [TEST_STEP][PASSED] - Statement - StoresCBList1.get(i).click(): null

2018-05-10 20:21:51 - [TEST_STEP][PASSED] - Statement - groupStoresList[i] = storesLabel.get(i).getText(): null

2018-05-10 20:21:51 - [TEST_STEP][PASSED] - Statement - StoresCBList1.get(i).click(): null

2018-05-10 20:21:51 - [TEST_STEP][PASSED] - Statement - groupStoresList[i] = storesLabel.get(i).getText(): null

2018-05-10 20:21:51 - [TEST_STEP][PASSED] - Statement - StoresCBList1.get(i).click(): null

2018-05-10 20:21:51 - [TEST_STEP][PASSED] - Statement - groupStoresList[i] = storesLabel.get(i).getText(): null

2018-05-10 20:21:51 - [TEST_STEP][PASSED] - Statement - StoresCBList1.get(i).click(): null

2018-05-10 20:21:51 - [TEST_STEP][PASSED] - Statement - groupStoresList[i] = storesLabel.get(i).getText(): null

2018-05-10 20:21:51 - [TEST_STEP][PASSED] - Statement - StoresCBList1.get(i).click(): null

2018-05-10 20:21:51 - [TEST_STEP][PASSED] - Statement - groupStoresList[i] = storesLabel.get(i).getText(): null

2018-05-10 20:21:51 - [TEST_STEP][PASSED] - Statement - StoresCBList1.get(i).click(): null

2018-05-10 20:21:51 - [TEST_STEP][PASSED] - Statement - groupStoresList[i] = storesLabel.get(i).getText(): null

2018-05-10 20:21:51 - [TEST_STEP][PASSED] - Statement - StoresCBList1.get(i).click(): null

2018-05-10 20:21:51 - [TEST_STEP][PASSED] - Statement - groupStoresList[i] = storesLabel.get(i).getText(): null

2018-05-10 20:21:51 - [TEST_STEP][PASSED] - Statement - StoresCBList1.get(i).click(): null

2018-05-10 20:21:51 - [TEST_STEP][PASSED] - Statement - groupStoresList[i] = storesLabel.get(i).getText(): null

2018-05-10 20:21:51 - [TEST_STEP][PASSED] - Statement - StoresCBList1.get(i).click(): null

2018-05-10 20:21:51 - [TEST_STEP][PASSED] - Statement - groupStoresList[i] = storesLabel.get(i).getText(): null

2018-05-10 20:21:51 - [TEST_STEP][PASSED] - Statement - StoresCBList1.get(i).click(): null

2018-05-10 20:21:51 - [TEST_STEP][PASSED] - Statement - groupStoresList[i] = storesLabel.get(i).getText(): null

2018-05-10 20:21:51 - [TEST_STEP][PASSED] - Statement - StoresCBList1.get(i).click(): null

2018-05-10 20:21:51 - [TEST_STEP][PASSED] - Statement - groupStoresList[i] = storesLabel.get(i).getText(): null

2018-05-10 20:21:51 - [TEST_STEP][PASSED] - Statement - StoresCBList1.get(i).click(): null

2018-05-10 20:21:51 - [TEST_STEP][PASSED] - Statement - groupStoresList[i] = storesLabel.get(i).getText(): null

2018-05-10 20:21:51 - [TEST_STEP][PASSED] - Statement - StoresCBList1.get(i).click(): null

2018-05-10 20:21:51 - [TEST_STEP][PASSED] - Statement - groupStoresList[i] = storesLabel.get(i).getText(): null

2018-05-10 20:21:51 - [TEST_STEP][PASSED] - Statement - StoresCBList1.get(i).click(): null

2018-05-10 20:21:51 - [TEST_STEP][PASSED] - Statement - groupStoresList[i] = storesLabel.get(i).getText(): null

2018-05-10 20:21:51 - [TEST_STEP][PASSED] - Statement - StoresCBList1.get(i).click(): null

2018-05-10 20:21:51 - [TEST_STEP][PASSED] - Statement - groupStoresList[i] = storesLabel.get(i).getText(): null

2018-05-10 20:21:51 - [TEST_STEP][PASSED] - Statement - StoresCBList1.get(i).click(): null

2018-05-10 20:21:51 - [TEST_STEP][PASSED] - Statement - out.println(groupStoresList): null

2018-05-10 20:21:51 - [TEST_STEP][PASSED] - uiaction.CommonUIActions.click: uiaction.CommonUIActions.click is PASSED

2018-05-10 20:21:52 - [MESSAGE][PASSED] - uiaction.CommonUIActions.click is PASSED

2018-05-10 20:21:52 - [TEST_STEP][PASSED] - delay: Delayed 5 second(s)

2018-05-10 20:21:57 - [MESSAGE][PASSED] - Delayed 5 second(s)

2018-05-10 20:21:57 - [TEST_STEP][PASSED] - Statement - secondStoreListBox1 = driver.findElements(org.openqa.selenium.By.xpath(com.kms.katalon.core.testdata.TestDataFactory.findTestData(OR_file).getValue(2, 11))): Reading excel file with source file 'C:\Users\shalinin\Katalon Studio\HME_Scripts\Data Files\HME_OR.xlsx' and sheet name 'Sheet1'

2018-05-10 20:21:57 - [TEST_STEP][PASSED] - Statement - actualList1 = new java.util.ArrayList(): null

2018-05-10 20:21:57 - [TEST_STEP][PASSED] - Statement - For ([i = 0, i < secondStoreListBox1.size(), (i++)]): null

2018-05-10 20:21:57 - [TEST_STEP][PASSED] - Statement - actualList1.add(i, secondStoreListBox1.get(i).getText()): null

2018-05-10 20:21:57 - [TEST_STEP][PASSED] - Statement - actualList1.add(i, secondStoreListBox1.get(i).getText()): null

2018-05-10 20:21:57 - [TEST_STEP][PASSED] - Statement - actualList1.add(i, secondStoreListBox1.get(i).getText()): null

2018-05-10 20:21:57 - [TEST_STEP][PASSED] - Statement - actualList1.add(i, secondStoreListBox1.get(i).getText()): null

2018-05-10 20:21:57 - [TEST_STEP][PASSED] - Statement - actualList1.add(i, secondStoreListBox1.get(i).getText()): null

2018-05-10 20:21:57 - [TEST_STEP][PASSED] - Statement - actualList1.add(i, secondStoreListBox1.get(i).getText()): null

2018-05-10 20:21:57 - [TEST_STEP][PASSED] - Statement - actualList1.add(i, secondStoreListBox1.get(i).getText()): null

2018-05-10 20:21:57 - [TEST_STEP][PASSED] - Statement - actualList1.add(i, secondStoreListBox1.get(i).getText()): null

2018-05-10 20:21:57 - [TEST_STEP][PASSED] - Statement - actualList1.add(i, secondStoreListBox1.get(i).getText()): null

2018-05-10 20:21:57 - [TEST_STEP][PASSED] - Statement - actualList1.add(i, secondStoreListBox1.get(i).getText()): null

2018-05-10 20:21:57 - [TEST_STEP][PASSED] - Statement - actualList1.add(i, secondStoreListBox1.get(i).getText()): null

2018-05-10 20:21:57 - [TEST_STEP][PASSED] - Statement - actualList1.add(i, secondStoreListBox1.get(i).getText()): null

2018-05-10 20:21:57 - [TEST_STEP][PASSED] - Statement - actualList1.add(i, secondStoreListBox1.get(i).getText()): null

2018-05-10 20:21:57 - [TEST_STEP][PASSED] - Statement - actualList1.add(i, secondStoreListBox1.get(i).getText()): null

2018-05-10 20:21:57 - [TEST_STEP][PASSED] - Statement - actualList1.add(i, secondStoreListBox1.get(i).getText()): null

2018-05-10 20:21:57 - [TEST_STEP][PASSED] - Statement - actualList1.add(i, secondStoreListBox1.get(i).getText()): null

2018-05-10 20:21:57 - [TEST_STEP][PASSED] - Statement - actualList1.add(i, secondStoreListBox1.get(i).getText()): null

2018-05-10 20:21:57 - [TEST_STEP][PASSED] - Statement - out.println(actualList1): null

2018-05-10 20:21:57 - [TEST_STEP][PASSED] - delay: Delayed 10 second(s)

2018-05-10 20:22:07 - [MESSAGE][PASSED] - Delayed 10 second(s)

2018-05-10 20:22:07 - [TEST_STEP][PASSED] - Statement - exists = false: null

2018-05-10 20:22:07 - [TEST_STEP][PASSED] - Statement - If (actualList1.containsAll(groupStoresList)): null

2018-05-10 20:22:07 - [TEST_STEP][PASSED] - Statement - exists = true: null

2018-05-10 20:22:07 - [TEST_STEP][PASSED] - Statement - println("Selected stores are displayed in Group/Stores in Group listbox"): null

2018-05-10 20:22:07 - [TEST_STEP][PASSED] - Statement - StoresCBList1 = driver.findElements(org.openqa.selenium.By.xpath(com.kms.katalon.core.testdata.TestDataFactory.findTestData(OR_file).getValue(2, 12))): Reading excel file with source file 'C:\Users\shalinin\Katalon Studio\HME_Scripts\Data Files\HME_OR.xlsx' and sheet name 'Sheet1'

2018-05-10 20:22:07 - [TEST_STEP][PASSED] - Statement - storesLabel = driver.findElements(org.openqa.selenium.By.xpath(com.kms.katalon.core.testdata.TestDataFactory.findTestData(OR_file).getValue(2, 10))): Reading excel file with source file 'C:\Users\shalinin\Katalon Studio\HME_Scripts\Data Files\HME_OR.xlsx' and sheet name 'Sheet1'

2018-05-10 20:22:07 - [TEST_STEP][PASSED] - Statement - storesLabelList = new java.util.ArrayList(): null

2018-05-10 20:22:07 - [TEST_STEP][PASSED] - Statement - For ([i = 0, i < storesLabel.size(), (i++)]): null

2018-05-10 20:22:07 - [TEST_STEP][PASSED] - Statement - println("storesLabel" + storesLabelList): null

2018-05-10 20:22:07 - [TEST_STEP][PASSED] - uiaction.CommonUIActions.click: uiaction.CommonUIActions.click is PASSED

2018-05-10 20:22:07 - [MESSAGE][PASSED] - uiaction.CommonUIActions.click is PASSED

2018-05-10 20:22:07 - [TEST_STEP][PASSED] - delay: Delayed 10 second(s)

2018-05-10 20:22:17 - [MESSAGE][PASSED] - Delayed 10 second(s)

2018-05-10 20:22:17 - [TEST_STEP][PASSED] - back: Navigate back successfully

2018-05-10 20:22:17 - [MESSAGE][PASSED] - Navigate back successfully

2018-05-10 20:22:17 - [TEST_STEP][PASSED] - delay: Delayed 10 second(s)

2018-05-10 20:22:27 - [MESSAGE][PASSED] - Delayed 10 second(s)

2018-05-10 20:22:27 - [TEST_STEP][PASSED] - back: Navigate back successfully

2018-05-10 20:22:27 - [MESSAGE][PASSED] - Navigate back successfully

2018-05-10 20:22:27 - [TEST_STEP][PASSED] - delay: Delayed 10 second(s)

2018-05-10 20:22:37 - [MESSAGE][PASSED] - Delayed 10 second(s)

2018-05-10 20:22:37 - [TEST_STEP][PASSED] - Statement - groupHierarchyList = driver.findElements(org.openqa.selenium.By.xpath(com.kms.katalon.core.testdata.TestDataFactory.findTestData(OR_file).getValue(2, 13))): Reading excel file with source file 'C:\Users\shalinin\Katalon Studio\HME_Scripts\Data Files\HME_OR.xlsx' and sheet name 'Sheet1'

2018-05-10 20:22:37 - [TEST_STEP][PASSED] - Statement - actualgroupList = new java.util.ArrayList(): null

2018-05-10 20:22:37 - [TEST_STEP][PASSED] - Statement - For ([i = 0, i < groupHierarchyList.size(), (i++)]): null

2018-05-10 20:22:37 - [TEST_STEP][PASSED] - Statement - actualgroupList.add(i, groupHierarchyList.get(i).getText()): null

2018-05-10 20:22:37 - [TEST_STEP][PASSED] - Statement - groupXpath = "//span[text()='" + CustomKeywords.projectSpecific.Reusability.getTestData("ReportingGroupManagementPage", "groupNameTC7") + "']": projectSpecific.Reusability.getTestData is PASSED

2018-05-10 20:22:37 - [MESSAGE][PASSED] - projectSpecific.Reusability.getTestData is PASSED

2018-05-10 20:22:37 - [TEST_STEP][PASSED] - Statement - println(groupXpath): null

2018-05-10 20:22:37 - [TEST_STEP][PASSED] - Statement - driver.findElement(org.openqa.selenium.By.xpath(groupXpath)).click(): null

2018-05-10 20:22:37 - [TEST_STEP][PASSED] - delay: Delayed 10 second(s)

2018-05-10 20:22:47 - [MESSAGE][PASSED] - Delayed 10 second(s)

2018-05-10 20:22:47 - [TEST_STEP][PASSED] - Statement - groupNameAttr = com.kms.katalon.core.webui.keyword.WebUiBuiltInKeywords.getAttribute(com.kms.katalon.core.testobject.ObjectRepository.findTestObject(ReportingGroupManagement/groupNameTxt), "value"): Attribute 'value' of object 'Object Repository/ReportingGroupManagement/groupNameTxt' is: 'Group TC7'

2018-05-10 20:22:47 - [MESSAGE][PASSED] - Attribute 'value' of object 'Object Repository/ReportingGroupManagement/groupNameTxt' is: 'Group TC7'

2018-05-10 20:22:47 - [TEST_STEP][PASSED] - verifyMatch: Actual text 'Group TC7' and expected text 'Group TC7' are matched 

2018-05-10 20:22:47 - [MESSAGE][PASSED] - projectSpecific.Reusability.getTestData is PASSED

2018-05-10 20:22:47 - [MESSAGE][PASSED] - Actual text 'Group TC7' and expected text 'Group TC7' are matched 

2018-05-10 20:22:47 - [TEST_STEP][PASSED] - Statement - groupDescAttr = com.kms.katalon.core.webui.keyword.WebUiBuiltInKeywords.getAttribute(com.kms.katalon.core.testobject.ObjectRepository.findTestObject(ReportingGroupManagement/groupDescTxt), "value"): Attribute 'value' of object 'Object Repository/ReportingGroupManagement/groupDescTxt' is: 'South west branch Group 1'

2018-05-10 20:22:47 - [MESSAGE][PASSED] - Attribute 'value' of object 'Object Repository/ReportingGroupManagement/groupDescTxt' is: 'South west branch Group 1'

2018-05-10 20:22:47 - [TEST_STEP][PASSED] - verifyMatch: Actual text 'South west branch Group 1' and expected text 'South west branch Group 1' are matched 

2018-05-10 20:22:47 - [MESSAGE][PASSED] - projectSpecific.Reusability.getTestData is PASSED

2018-05-10 20:22:47 - [MESSAGE][PASSED] - Actual text 'South west branch Group 1' and expected text 'South west branch Group 1' are matched 

2018-05-10 20:22:47 - [TEST_STEP][PASSED] - Statement - availableStoreList = driver.findElements(org.openqa.selenium.By.xpath(com.kms.katalon.core.testdata.TestDataFactory.findTestData(OR_file).getValue(2, 10))): Reading excel file with source file 'C:\Users\shalinin\Katalon Studio\HME_Scripts\Data Files\HME_OR.xlsx' and sheet name 'Sheet1'

2018-05-10 20:22:47 - [TEST_STEP][PASSED] - Statement - actualList = new java.util.ArrayList(): null

2018-05-10 20:22:47 - [TEST_STEP][PASSED] - Statement - For ([i = 0, i < availableStoreList.size(), (i++)]): null

2018-05-10 20:22:47 - [TEST_STEP][PASSED] - Statement - out.println(actualList): null

2018-05-10 20:22:47 - [TEST_STEP][PASSED] - Statement - out.println(storesLabelList): null

2018-05-10 20:22:47 - [TEST_STEP][PASSED] - Statement - If (actualList.containsAll(storesLabelList)): null

2018-05-10 20:22:47 - [TEST_STEP][PASSED] - Statement - println("Selected stores are displayed in Group/Stores in Group listbox"): null

2018-05-10 20:22:47 - [TEST_STEP][PASSED] - Statement - secondStoreListBox1 = driver.findElements(org.openqa.selenium.By.xpath(com.kms.katalon.core.testdata.TestDataFactory.findTestData(OR_file).getValue(2, 11))): Reading excel file with source file 'C:\Users\shalinin\Katalon Studio\HME_Scripts\Data Files\HME_OR.xlsx' and sheet name 'Sheet1'

2018-05-10 20:22:47 - [TEST_STEP][PASSED] - Statement - actualList2 = new java.util.ArrayList(): null

2018-05-10 20:22:47 - [TEST_STEP][PASSED] - Statement - For ([i = 0, i < secondStoreListBox1.size(), (i++)]): null

2018-05-10 20:22:47 - [TEST_STEP][PASSED] - Statement - out.println(actualList2): null

2018-05-10 20:22:47 - [TEST_STEP][PASSED] - Statement - If (actualList1.containsAll(actualList2)): null

2018-05-10 20:22:47 - [TEST_STEP][PASSED] - Statement - println("Selected stores are displayed in Group/Stores in Group listbox"): null

2018-05-10 20:22:47 - [TEST_STEP][PASSED] - uiaction.CommonUIActions.click: uiaction.CommonUIActions.click is PASSED

2018-05-10 20:22:48 - [MESSAGE][PASSED] - uiaction.CommonUIActions.click is PASSED

2018-05-10 20:22:48 - [TEST_STEP][PASSED] - delay: Delayed 10 second(s)

2018-05-10 20:22:58 - [MESSAGE][PASSED] - Delayed 10 second(s)

2018-05-10 20:22:58 - [TEST_STEP][PASSED] - Statement - confirmToDeleteText = CustomKeywords.uiaction.CommonUIActions.getText(com.kms.katalon.core.testobject.ObjectRepository.findTestObject(ReportingGroupManagement/confirmToDeleteText)): uiaction.CommonUIActions.getText is PASSED

2018-05-10 20:22:58 - [MESSAGE][PASSED] - uiaction.CommonUIActions.getText is PASSED

2018-05-10 20:22:58 - [TEST_STEP][PASSED] - Statement - confirmToDeleteText2 = CustomKeywords.projectSpecific.Reusability.getTestData("ReportingGroupManagementPage", "confirmDeleteTxt"): projectSpecific.Reusability.getTestData is PASSED

2018-05-10 20:22:58 - [MESSAGE][PASSED] - projectSpecific.Reusability.getTestData is PASSED

2018-05-10 20:22:58 - [TEST_STEP][PASSED] - verifyMatch: Actual text 'Confirm to Delete
Are you sure you want to remove this group?
Yes
No' and expected text 'Confirm to Delete
Are you sure you want to remove this group?
Yes
No' are matched 

2018-05-10 20:22:58 - [MESSAGE][PASSED] - Actual text 'Confirm to Delete
Are you sure you want to remove this group?
Yes
No' and expected text 'Confirm to Delete
Are you sure you want to remove this group?
Yes
No' are matched 

2018-05-10 20:22:58 - [TEST_STEP][PASSED] - verifyElementPresent: Object 'Object Repository/ReportingGroupManagement/confirmToDelNoBtn' is present

2018-05-10 20:22:58 - [MESSAGE][PASSED] - Object 'Object Repository/ReportingGroupManagement/confirmToDelNoBtn' is present

2018-05-10 20:22:58 - [TEST_STEP][PASSED] - verifyElementPresent: Object 'Object Repository/ReportingGroupManagement/confirmToDelBtn' is present

2018-05-10 20:22:58 - [MESSAGE][PASSED] - Object 'Object Repository/ReportingGroupManagement/confirmToDelBtn' is present

2018-05-10 20:22:58 - [TEST_STEP][PASSED] - uiaction.CommonUIActions.click: uiaction.CommonUIActions.click is PASSED

2018-05-10 20:22:58 - [MESSAGE][PASSED] - uiaction.CommonUIActions.click is PASSED

2018-05-10 20:22:58 - [TEST_STEP][PASSED] - Statement - groupNameAttr = com.kms.katalon.core.webui.keyword.WebUiBuiltInKeywords.getAttribute(com.kms.katalon.core.testobject.ObjectRepository.findTestObject(ReportingGroupManagement/groupNameTxt), "value"): Attribute 'value' of object 'Object Repository/ReportingGroupManagement/groupNameTxt' is: 'Group TC7'

2018-05-10 20:22:58 - [MESSAGE][PASSED] - Attribute 'value' of object 'Object Repository/ReportingGroupManagement/groupNameTxt' is: 'Group TC7'

2018-05-10 20:22:58 - [TEST_STEP][PASSED] - verifyMatch: Actual text 'Group TC7' and expected text 'Group TC7' are matched 

2018-05-10 20:22:58 - [MESSAGE][PASSED] - projectSpecific.Reusability.getTestData is PASSED

2018-05-10 20:22:58 - [MESSAGE][PASSED] - Actual text 'Group TC7' and expected text 'Group TC7' are matched 

2018-05-10 20:22:58 - [TEST_STEP][PASSED] - uiaction.CommonUIActions.click: uiaction.CommonUIActions.click is PASSED

2018-05-10 20:22:58 - [MESSAGE][PASSED] - uiaction.CommonUIActions.click is PASSED

2018-05-10 20:22:58 - [TEST_STEP][PASSED] - delay: Delayed 10 second(s)

2018-05-10 20:23:08 - [MESSAGE][PASSED] - Delayed 10 second(s)

2018-05-10 20:23:08 - [TEST_STEP][PASSED] - Statement - confirmToDeleteText = CustomKeywords.uiaction.CommonUIActions.getText(com.kms.katalon.core.testobject.ObjectRepository.findTestObject(ReportingGroupManagement/confirmToDeleteText)): uiaction.CommonUIActions.getText is PASSED

2018-05-10 20:23:08 - [MESSAGE][PASSED] - uiaction.CommonUIActions.getText is PASSED

2018-05-10 20:23:08 - [TEST_STEP][PASSED] - Statement - confirmToDeleteText2 = CustomKeywords.projectSpecific.Reusability.getTestData("ReportingGroupManagementPage", "confirmDeleteTxt"): projectSpecific.Reusability.getTestData is PASSED

2018-05-10 20:23:08 - [MESSAGE][PASSED] - projectSpecific.Reusability.getTestData is PASSED

2018-05-10 20:23:08 - [TEST_STEP][PASSED] - verifyMatch: Actual text 'Confirm to Delete
Are you sure you want to remove this group?
Yes
No' and expected text 'Confirm to Delete
Are you sure you want to remove this group?
Yes
No' are matched 

2018-05-10 20:23:08 - [MESSAGE][PASSED] - Actual text 'Confirm to Delete
Are you sure you want to remove this group?
Yes
No' and expected text 'Confirm to Delete
Are you sure you want to remove this group?
Yes
No' are matched 

2018-05-10 20:23:08 - [TEST_STEP][PASSED] - uiaction.CommonUIActions.click: uiaction.CommonUIActions.click is PASSED

2018-05-10 20:23:08 - [MESSAGE][PASSED] - uiaction.CommonUIActions.click is PASSED

2018-05-10 20:23:08 - [TEST_STEP][PASSED] - back: Navigate back successfully

2018-05-10 20:23:08 - [MESSAGE][PASSED] - Navigate back successfully

2018-05-10 20:23:08 - [TEST_STEP][PASSED] - delay: Delayed 10 second(s)

2018-05-10 20:23:18 - [MESSAGE][PASSED] - Delayed 10 second(s)

2018-05-10 20:23:18 - [TEST_STEP][PASSED] - back: Navigate back successfully

2018-05-10 20:23:18 - [MESSAGE][PASSED] - Navigate back successfully

2018-05-10 20:23:18 - [TEST_STEP][PASSED] - delay: Delayed 10 second(s)

2018-05-10 20:23:28 - [MESSAGE][PASSED] - Delayed 10 second(s)

2018-05-10 20:23:28 - [TEST_STEP][PASSED] - Statement - groupHierarchyList2 = driver.findElements(org.openqa.selenium.By.xpath(com.kms.katalon.core.testdata.TestDataFactory.findTestData(OR_file).getValue(2, 13))): Reading excel file with source file 'C:\Users\shalinin\Katalon Studio\HME_Scripts\Data Files\HME_OR.xlsx' and sheet name 'Sheet1'

2018-05-10 20:23:28 - [TEST_STEP][PASSED] - Statement - actualgroupList2 = new java.util.ArrayList(): null

2018-05-10 20:23:28 - [TEST_STEP][PASSED] - Statement - For ([i = 0, i < groupHierarchyList2.size(), (i++)]): null

2018-05-10 20:23:28 - [TEST_STEP][PASSED] - Statement - actualgroupList2[i] = groupHierarchyList2.get(i).getText(): null

2018-05-10 20:23:28 - [TEST_STEP][PASSED] - Statement - actualgroupList2[i] = groupHierarchyList2.get(i).getText(): null

2018-05-10 20:23:28 - [TEST_STEP][PASSED] - Statement - actualgroupList2[i] = groupHierarchyList2.get(i).getText(): null

2018-05-10 20:23:28 - [TEST_STEP][PASSED] - Statement - actualgroupList2[i] = groupHierarchyList2.get(i).getText(): null

2018-05-10 20:23:28 - [TEST_STEP][PASSED] - Statement - actualgroupList2[i] = groupHierarchyList2.get(i).getText(): null

2018-05-10 20:23:28 - [TEST_STEP][PASSED] - Statement - actualgroupList2[i] = groupHierarchyList2.get(i).getText(): null

2018-05-10 20:23:28 - [TEST_STEP][PASSED] - Statement - actualgroupList2[i] = groupHierarchyList2.get(i).getText(): null

2018-05-10 20:23:28 - [TEST_STEP][PASSED] - Statement - actualgroupList2[i] = groupHierarchyList2.get(i).getText(): null

2018-05-10 20:23:28 - [TEST_STEP][PASSED] - Statement - actualgroupList2[i] = groupHierarchyList2.get(i).getText(): null

2018-05-10 20:23:28 - [TEST_STEP][PASSED] - Statement - actualgroupList2[i] = groupHierarchyList2.get(i).getText(): null

2018-05-10 20:23:28 - [TEST_STEP][PASSED] - Statement - actualgroupList2[i] = groupHierarchyList2.get(i).getText(): null

2018-05-10 20:23:28 - [TEST_STEP][PASSED] - Statement - actualgroupList2[i] = groupHierarchyList2.get(i).getText(): null

2018-05-10 20:23:28 - [TEST_STEP][PASSED] - Statement - actualgroupList2[i] = groupHierarchyList2.get(i).getText(): null

2018-05-10 20:23:28 - [TEST_STEP][PASSED] - Statement - actualgroupList2[i] = groupHierarchyList2.get(i).getText(): null

2018-05-10 20:23:28 - [TEST_STEP][PASSED] - Statement - actualgroupList2[i] = groupHierarchyList2.get(i).getText(): null

2018-05-10 20:23:28 - [TEST_STEP][PASSED] - Statement - actualgroupList2[i] = groupHierarchyList2.get(i).getText(): null

2018-05-10 20:23:28 - [TEST_STEP][PASSED] - Statement - actualgroupList2[i] = groupHierarchyList2.get(i).getText(): null

2018-05-10 20:23:28 - [TEST_STEP][PASSED] - Statement - out.println(actualgroupList2): null

2018-05-10 20:23:28 - [TEST_STEP][PASSED] - Statement - groupName = CustomKeywords.projectSpecific.Reusability.getTestData("ReportingGroupManagementPage", "groupNameTC7"): projectSpecific.Reusability.getTestData is PASSED

2018-05-10 20:23:28 - [MESSAGE][PASSED] - projectSpecific.Reusability.getTestData is PASSED

2018-05-10 20:23:28 - [TEST_STEP][PASSED] - Statement - If (actualgroupList2.contains(groupName)): null

2018-05-10 20:23:28 - [TEST_STEP][PASSED] - Statement - Else: Taking screenshot successfully

2018-05-10 20:23:28 - [TEST_STEP][PASSED] - Statement - println("Required group is not available in tree structure"): null

2018-05-10 20:23:28 - [TEST_STEP][PASSED] - Statement - If (!(TCflag)): null

2018-05-10 20:23:28 - [TEST_STEP][PASSED] - takeScreenshot: Taking screenshot successfully

2018-05-10 20:23:29 - [MESSAGE][PASSED] - Taking screenshot successfully
[[ATTACHMENT|C:\\Users\\shalinin\\Katalon Studio\\HME_Scripts\\Reports\\RegressionSuite\\20180510_200236\\1525964008933.png]]

2018-05-10 20:23:29 - [TEST_STEP][PASSED] - uiaction.CommonUIActions.click: uiaction.CommonUIActions.click is PASSED

2018-05-10 20:23:29 - [MESSAGE][PASSED] - uiaction.CommonUIActions.click is PASSED

2018-05-10 20:23:29 - [TEST_STEP][PASSED] - verifyElementPresent: Object 'Object Repository/ReportingGroupManagement/reportingGroupDetails' is present

2018-05-10 20:23:29 - [MESSAGE][PASSED] - Object 'Object Repository/ReportingGroupManagement/reportingGroupDetails' is present

2018-05-10 20:23:29 - [TEST_STEP][PASSED] - Statement - storesLabel = driver.findElements(org.openqa.selenium.By.xpath(com.kms.katalon.core.testdata.TestDataFactory.findTestData(OR_file).getValue(2, 10))): Reading excel file with source file 'C:\Users\shalinin\Katalon Studio\HME_Scripts\Data Files\HME_OR.xlsx' and sheet name 'Sheet1'

2018-05-10 20:23:29 - [TEST_STEP][PASSED] - Statement - groupStoresList = new java.util.ArrayList(): null

2018-05-10 20:23:29 - [TEST_STEP][PASSED] - Statement - For ([i = 0, i < storesLabel.size(), (i++)]): null

2018-05-10 20:23:29 - [TEST_STEP][PASSED] - Statement - If (actualgroupList2.containsAll(groupStoresList)): null

2018-05-10 20:23:29 - [TEST_STEP][PASSED] - Statement - println("Selected stores are displayed in Group/Stores in Group listbox"): null

2018-05-10 20:23:29 - [TEST_STEP][PASSED] - delay: Delayed 5 second(s)

2018-05-10 20:23:34 - [MESSAGE][PASSED] - Delayed 5 second(s)

2018-05-10 20:23:34 - [TEST_STEP][PASSED] - uiaction.CommonUIActions.click: uiaction.CommonUIActions.click is PASSED

2018-05-10 20:23:36 - [MESSAGE][PASSED] - uiaction.CommonUIActions.click is PASSED

2018-05-10 20:23:36 - [TEST_STEP][PASSED] - Statement - storesList = driver.findElements(org.openqa.selenium.By.xpath(com.kms.katalon.core.testdata.TestDataFactory.findTestData(OR_file).getValue(2, 16))): Reading excel file with source file 'C:\Users\shalinin\Katalon Studio\HME_Scripts\Data Files\HME_OR.xlsx' and sheet name 'Sheet1'

2018-05-10 20:23:36 - [TEST_STEP][PASSED] - Statement - For ([i = 1, i < storesList.size(), (i++)]): null

2018-05-10 20:23:36 - [TEST_STEP][PASSED] - Statement - reportgroup = "(//div[@class='ctable']/table/tbody/tr[@class='tdata clear'])[" + i + "]/td[7]": null

2018-05-10 20:23:36 - [TEST_STEP][PASSED] - Statement - reportgroupTxt = driver.findElement(org.openqa.selenium.By.xpath(reportgroup)).getText(): null

2018-05-10 20:23:36 - [TEST_STEP][PASSED] - Statement - If (reportgroupTxt == ""): null

2018-05-10 20:23:36 - [TEST_STEP][PASSED] - Statement - println("Report group does not have group name"): null

2018-05-10 20:23:36 - [TEST_STEP][PASSED] - Statement - reportgroup = "(//div[@class='ctable']/table/tbody/tr[@class='tdata clear'])[" + i + "]/td[7]": null

2018-05-10 20:23:36 - [TEST_STEP][PASSED] - Statement - reportgroupTxt = driver.findElement(org.openqa.selenium.By.xpath(reportgroup)).getText(): null

2018-05-10 20:23:36 - [TEST_STEP][PASSED] - Statement - If (reportgroupTxt == ""): null

2018-05-10 20:23:36 - [TEST_STEP][PASSED] - Statement - println("Report group does not have group name"): null

2018-05-10 20:23:36 - [TEST_STEP][PASSED] - Statement - reportgroup = "(//div[@class='ctable']/table/tbody/tr[@class='tdata clear'])[" + i + "]/td[7]": null

2018-05-10 20:23:36 - [TEST_STEP][PASSED] - Statement - reportgroupTxt = driver.findElement(org.openqa.selenium.By.xpath(reportgroup)).getText(): null

2018-05-10 20:23:36 - [TEST_STEP][PASSED] - Statement - If (reportgroupTxt == ""): null

2018-05-10 20:23:36 - [TEST_STEP][PASSED] - Statement - println("Report group does not have group name"): null

2018-05-10 20:23:36 - [TEST_STEP][PASSED] - Statement - reportgroup = "(//div[@class='ctable']/table/tbody/tr[@class='tdata clear'])[" + i + "]/td[7]": null

2018-05-10 20:23:36 - [TEST_STEP][PASSED] - Statement - reportgroupTxt = driver.findElement(org.openqa.selenium.By.xpath(reportgroup)).getText(): null

2018-05-10 20:23:36 - [TEST_STEP][PASSED] - Statement - If (reportgroupTxt == ""): null

2018-05-10 20:23:36 - [TEST_STEP][PASSED] - Statement - println("Report group does not have group name"): null

2018-05-10 20:23:36 - [TEST_STEP][PASSED] - Statement - reportgroup = "(//div[@class='ctable']/table/tbody/tr[@class='tdata clear'])[" + i + "]/td[7]": null

2018-05-10 20:23:36 - [TEST_STEP][PASSED] - Statement - reportgroupTxt = driver.findElement(org.openqa.selenium.By.xpath(reportgroup)).getText(): null

2018-05-10 20:23:36 - [TEST_STEP][PASSED] - Statement - If (reportgroupTxt == ""): null

2018-05-10 20:23:36 - [TEST_STEP][PASSED] - Statement - println("Report group does not have group name"): null

2018-05-10 20:23:36 - [TEST_STEP][PASSED] - uiaction.CommonUIActions.click: uiaction.CommonUIActions.click is PASSED

2018-05-10 20:23:36 - [MESSAGE][PASSED] - uiaction.CommonUIActions.click is PASSED

2018-05-10 20:23:36 - [TEST_STEP][PASSED] - uiaction.CommonUIActions.click: uiaction.CommonUIActions.click is PASSED

2018-05-10 20:23:36 - [MESSAGE][PASSED] - uiaction.CommonUIActions.click is PASSED

2018-05-10 20:23:36 - [TEST_STEP][PASSED] - verifyElementPresent: Object 'Object Repository/ReportingGroupManagement/reportingGroupDetails' is present

2018-05-10 20:23:36 - [MESSAGE][PASSED] - Object 'Object Repository/ReportingGroupManagement/reportingGroupDetails' is present

2018-05-10 20:23:36 - [TEST_STEP][PASSED] - uiaction.CommonUIActions.enter: uiaction.CommonUIActions.enter is PASSED

2018-05-10 20:23:36 - [MESSAGE][PASSED] - projectSpecific.Reusability.getTestData is PASSED

2018-05-10 20:23:36 - [MESSAGE][PASSED] - uiaction.CommonUIActions.enter is PASSED

2018-05-10 20:23:36 - [TEST_STEP][PASSED] - uiaction.CommonUIActions.enter: uiaction.CommonUIActions.enter is PASSED

2018-05-10 20:23:37 - [MESSAGE][PASSED] - projectSpecific.Reusability.getTestData is PASSED

2018-05-10 20:23:37 - [MESSAGE][PASSED] - uiaction.CommonUIActions.enter is PASSED

2018-05-10 20:23:37 - [TEST_STEP][PASSED] - uiaction.CommonUIActions.click: uiaction.CommonUIActions.click is PASSED

2018-05-10 20:23:37 - [MESSAGE][PASSED] - uiaction.CommonUIActions.click is PASSED

2018-05-10 20:23:37 - [TEST_STEP][PASSED] - delay: Delayed 10 second(s)

2018-05-10 20:23:47 - [MESSAGE][PASSED] - Delayed 10 second(s)

2018-05-10 20:23:47 - [TEST_STEP][PASSED] - uiaction.CommonUIActions.back: uiaction.CommonUIActions.back is PASSED

2018-05-10 20:23:47 - [MESSAGE][PASSED] - Navigate back successfully

2018-05-10 20:23:47 - [MESSAGE][PASSED] - uiaction.CommonUIActions.back is PASSED

2018-05-10 20:23:47 - [TEST_STEP][PASSED] - delay: Delayed 5 second(s)

2018-05-10 20:23:52 - [MESSAGE][PASSED] - Delayed 5 second(s)

2018-05-10 20:23:52 - [TEST_STEP][PASSED] - uiaction.CommonUIActions.enter: uiaction.CommonUIActions.enter is PASSED

2018-05-10 20:23:52 - [MESSAGE][PASSED] - projectSpecific.Reusability.getTestData is PASSED

2018-05-10 20:23:52 - [MESSAGE][PASSED] - uiaction.CommonUIActions.enter is PASSED

2018-05-10 20:23:52 - [TEST_STEP][PASSED] - uiaction.CommonUIActions.enter: uiaction.CommonUIActions.enter is PASSED

2018-05-10 20:23:52 - [MESSAGE][PASSED] - projectSpecific.Reusability.getTestData is PASSED

2018-05-10 20:23:52 - [MESSAGE][PASSED] - uiaction.CommonUIActions.enter is PASSED

2018-05-10 20:23:52 - [TEST_STEP][PASSED] - uiaction.CommonUIActions.click: uiaction.CommonUIActions.click is PASSED

2018-05-10 20:23:52 - [MESSAGE][PASSED] - uiaction.CommonUIActions.click is PASSED

2018-05-10 20:23:52 - [TEST_STEP][PASSED] - delay: Delayed 5 second(s)

2018-05-10 20:23:57 - [MESSAGE][PASSED] - Delayed 5 second(s)

2018-05-10 20:23:57 - [TEST_STEP][PASSED] - uiaction.CommonUIActions.back: uiaction.CommonUIActions.back is PASSED

2018-05-10 20:23:57 - [MESSAGE][PASSED] - Navigate back successfully

2018-05-10 20:23:57 - [MESSAGE][PASSED] - uiaction.CommonUIActions.back is PASSED

2018-05-10 20:23:57 - [TEST_STEP][PASSED] - delay: Delayed 5 second(s)

2018-05-10 20:24:02 - [MESSAGE][PASSED] - Delayed 5 second(s)

2018-05-10 20:24:02 - [TEST_STEP][PASSED] - uiaction.CommonUIActions.back: uiaction.CommonUIActions.back is PASSED

2018-05-10 20:24:02 - [MESSAGE][PASSED] - Navigate back successfully

2018-05-10 20:24:02 - [MESSAGE][PASSED] - uiaction.CommonUIActions.back is PASSED

2018-05-10 20:24:02 - [TEST_STEP][PASSED] - delay: Delayed 5 second(s)

2018-05-10 20:24:07 - [MESSAGE][PASSED] - Delayed 5 second(s)

2018-05-10 20:24:07 - [TEST_STEP][PASSED] - uiaction.CommonUIActions.click: uiaction.CommonUIActions.click is PASSED

2018-05-10 20:24:07 - [MESSAGE][PASSED] - uiaction.CommonUIActions.click is PASSED

2018-05-10 20:24:07 - [TEST_STEP][PASSED] - Statement - StoreList = CustomKeywords.projectSpecific.Reusability.getTestData("ReportingGroupManagementPage", "dummyGroupName2"): projectSpecific.Reusability.getTestData is PASSED

2018-05-10 20:24:07 - [MESSAGE][PASSED] - projectSpecific.Reusability.getTestData is PASSED

2018-05-10 20:24:07 - [TEST_STEP][PASSED] - Statement - listOfStores = new java.util.ArrayList(java.util.Arrays.asList(StoreList)): null

2018-05-10 20:24:07 - [TEST_STEP][PASSED] - Statement - out.println(listOfStores): null

2018-05-10 20:24:07 - [TEST_STEP][PASSED] - delay: Delayed 10 second(s)

2018-05-10 20:24:17 - [MESSAGE][PASSED] - Delayed 10 second(s)

2018-05-10 20:24:17 - [TEST_STEP][PASSED] - Statement - availableStoreList = driver.findElements(org.openqa.selenium.By.xpath(com.kms.katalon.core.testdata.TestDataFactory.findTestData(OR_file).getValue(2, 10))): Reading excel file with source file 'C:\Users\shalinin\Katalon Studio\HME_Scripts\Data Files\HME_OR.xlsx' and sheet name 'Sheet1'

2018-05-10 20:24:17 - [TEST_STEP][PASSED] - Statement - actualList = new java.util.ArrayList(): null

2018-05-10 20:24:17 - [TEST_STEP][PASSED] - Statement - For ([i = 0, i < availableStoreList.size(), (i++)]): null

2018-05-10 20:24:17 - [TEST_STEP][PASSED] - Statement - actualList.add(i, availableStoreList.get(i).getText()): null

2018-05-10 20:24:17 - [TEST_STEP][PASSED] - Statement - actualList.add(i, availableStoreList.get(i).getText()): null

2018-05-10 20:24:17 - [TEST_STEP][PASSED] - Statement - actualList.add(i, availableStoreList.get(i).getText()): null

2018-05-10 20:24:17 - [TEST_STEP][PASSED] - Statement - actualList.add(i, availableStoreList.get(i).getText()): null

2018-05-10 20:24:17 - [TEST_STEP][PASSED] - Statement - actualList.add(i, availableStoreList.get(i).getText()): null

2018-05-10 20:24:17 - [TEST_STEP][PASSED] - Statement - actualList.add(i, availableStoreList.get(i).getText()): null

2018-05-10 20:24:17 - [TEST_STEP][PASSED] - Statement - actualList.add(i, availableStoreList.get(i).getText()): null

2018-05-10 20:24:17 - [TEST_STEP][PASSED] - Statement - actualList.add(i, availableStoreList.get(i).getText()): null

2018-05-10 20:24:17 - [TEST_STEP][PASSED] - Statement - actualList.add(i, availableStoreList.get(i).getText()): null

2018-05-10 20:24:18 - [TEST_STEP][PASSED] - Statement - actualList.add(i, availableStoreList.get(i).getText()): null

2018-05-10 20:24:18 - [TEST_STEP][PASSED] - Statement - actualList.add(i, availableStoreList.get(i).getText()): null

2018-05-10 20:24:18 - [TEST_STEP][PASSED] - Statement - actualList.add(i, availableStoreList.get(i).getText()): null

2018-05-10 20:24:18 - [TEST_STEP][PASSED] - Statement - actualList.add(i, availableStoreList.get(i).getText()): null

2018-05-10 20:24:18 - [TEST_STEP][PASSED] - Statement - actualList.add(i, availableStoreList.get(i).getText()): null

2018-05-10 20:24:18 - [TEST_STEP][PASSED] - Statement - actualList.add(i, availableStoreList.get(i).getText()): null

2018-05-10 20:24:18 - [TEST_STEP][PASSED] - Statement - actualList.add(i, availableStoreList.get(i).getText()): null

2018-05-10 20:24:18 - [TEST_STEP][PASSED] - Statement - actualList.add(i, availableStoreList.get(i).getText()): null

2018-05-10 20:24:18 - [TEST_STEP][PASSED] - Statement - actualList.add(i, availableStoreList.get(i).getText()): null

2018-05-10 20:24:18 - [TEST_STEP][PASSED] - Statement - out.println(actualList): null

2018-05-10 20:24:18 - [TEST_STEP][PASSED] - Statement - If (actualList.containsAll(listOfStores)): null

2018-05-10 20:24:18 - [TEST_STEP][PASSED] - Statement - println("Groups & Stores are displayed in Available Groups/Stores listbox"): null

2018-05-10 20:24:18 - [TEST_STEP][PASSED] - uiaction.CommonUIActions.click: uiaction.CommonUIActions.click is PASSED

2018-05-10 20:24:18 - [MESSAGE][PASSED] - uiaction.CommonUIActions.click is PASSED

2018-05-10 20:24:18 - [TEST_STEP][PASSED] - uiaction.CommonUIActions.click: uiaction.CommonUIActions.click is PASSED

2018-05-10 20:24:18 - [MESSAGE][PASSED] - uiaction.CommonUIActions.click is PASSED

2018-05-10 20:24:18 - [TEST_STEP][PASSED] - uiaction.CommonUIActions.back: uiaction.CommonUIActions.back is PASSED

2018-05-10 20:24:18 - [MESSAGE][PASSED] - Navigate back successfully

2018-05-10 20:24:18 - [MESSAGE][PASSED] - uiaction.CommonUIActions.back is PASSED

2018-05-10 20:24:18 - [TEST_STEP][PASSED] - delay: Delayed 5 second(s)

2018-05-10 20:24:23 - [MESSAGE][PASSED] - Delayed 5 second(s)

2018-05-10 20:24:23 - [TEST_STEP][PASSED] - uiaction.CommonUIActions.back: uiaction.CommonUIActions.back is PASSED

2018-05-10 20:24:23 - [MESSAGE][PASSED] - Navigate back successfully

2018-05-10 20:24:23 - [MESSAGE][PASSED] - uiaction.CommonUIActions.back is PASSED

2018-05-10 20:24:23 - [TEST_STEP][PASSED] - delay: Delayed 5 second(s)

2018-05-10 20:24:28 - [MESSAGE][PASSED] - Delayed 5 second(s)

2018-05-10 20:24:28 - [TEST_STEP][PASSED] - uiaction.CommonUIActions.click: uiaction.CommonUIActions.click is PASSED

2018-05-10 20:24:28 - [MESSAGE][PASSED] - uiaction.CommonUIActions.click is PASSED

2018-05-10 20:24:28 - [TEST_STEP][PASSED] - uiaction.CommonUIActions.click: uiaction.CommonUIActions.click is PASSED

2018-05-10 20:24:28 - [MESSAGE][PASSED] - uiaction.CommonUIActions.click is PASSED

2018-05-10 20:24:28 - [TEST_STEP][PASSED] - uiaction.CommonUIActions.click: uiaction.CommonUIActions.click is PASSED

2018-05-10 20:24:28 - [MESSAGE][PASSED] - uiaction.CommonUIActions.click is PASSED

2018-05-10 20:24:28 - [TEST_STEP][PASSED] - uiaction.CommonUIActions.back: uiaction.CommonUIActions.back is PASSED

2018-05-10 20:24:28 - [MESSAGE][PASSED] - Navigate back successfully

2018-05-10 20:24:28 - [MESSAGE][PASSED] - uiaction.CommonUIActions.back is PASSED

2018-05-10 20:24:28 - [TEST_STEP][PASSED] - delay: Delayed 5 second(s)

2018-05-10 20:24:33 - [MESSAGE][PASSED] - Delayed 5 second(s)

2018-05-10 20:24:33 - [TEST_STEP][PASSED] - uiaction.CommonUIActions.back: uiaction.CommonUIActions.back is PASSED

2018-05-10 20:24:33 - [MESSAGE][PASSED] - Navigate back successfully

2018-05-10 20:24:33 - [MESSAGE][PASSED] - uiaction.CommonUIActions.back is PASSED

2018-05-10 20:24:33 - [TEST_STEP][PASSED] - delay: Delayed 5 second(s)

2018-05-10 20:24:38 - [MESSAGE][PASSED] - Delayed 5 second(s)

2018-05-10 20:24:38 - [TEST_STEP][PASSED] - uiaction.CommonUIActions.click: uiaction.CommonUIActions.click is PASSED

2018-05-10 20:24:38 - [MESSAGE][PASSED] - uiaction.CommonUIActions.click is PASSED

2018-05-10 20:24:38 - [TEST_STEP][PASSED] - delay: Delayed 5 second(s)

2018-05-10 20:24:43 - [MESSAGE][PASSED] - Delayed 5 second(s)

2018-05-10 20:24:43 - [TEST_STEP][PASSED] - uiaction.CommonUIActions.enter: uiaction.CommonUIActions.enter is PASSED

2018-05-10 20:24:43 - [MESSAGE][PASSED] - projectSpecific.Reusability.getTestData is PASSED

2018-05-10 20:24:43 - [MESSAGE][PASSED] - uiaction.CommonUIActions.enter is PASSED

2018-05-10 20:24:43 - [TEST_STEP][PASSED] - uiaction.CommonUIActions.enter: uiaction.CommonUIActions.enter is PASSED

2018-05-10 20:24:44 - [MESSAGE][PASSED] - projectSpecific.Reusability.getTestData is PASSED

2018-05-10 20:24:44 - [MESSAGE][PASSED] - uiaction.CommonUIActions.enter is PASSED

2018-05-10 20:24:44 - [TEST_STEP][PASSED] - delay: Delayed 5 second(s)

2018-05-10 20:24:49 - [MESSAGE][PASSED] - Delayed 5 second(s)

2018-05-10 20:24:49 - [TEST_STEP][PASSED] - Statement - StoresCBList = driver.findElements(org.openqa.selenium.By.xpath(com.kms.katalon.core.testdata.TestDataFactory.findTestData(OR_file).getValue(2, 12))): Reading excel file with source file 'C:\Users\shalinin\Katalon Studio\HME_Scripts\Data Files\HME_OR.xlsx' and sheet name 'Sheet1'

2018-05-10 20:24:49 - [TEST_STEP][PASSED] - Statement - storesLabel = driver.findElements(org.openqa.selenium.By.xpath(com.kms.katalon.core.testdata.TestDataFactory.findTestData(OR_file).getValue(2, 10))): Reading excel file with source file 'C:\Users\shalinin\Katalon Studio\HME_Scripts\Data Files\HME_OR.xlsx' and sheet name 'Sheet1'

2018-05-10 20:24:49 - [TEST_STEP][PASSED] - Statement - groupStoresList = new java.util.ArrayList(): null

2018-05-10 20:24:49 - [TEST_STEP][PASSED] - Statement - out.println(StoresCBList.size()): null

2018-05-10 20:24:49 - [TEST_STEP][PASSED] - Statement - size = StoresCBList.size(): null

2018-05-10 20:24:49 - [TEST_STEP][PASSED] - delay: Delayed 5 second(s)

2018-05-10 20:24:54 - [MESSAGE][PASSED] - Delayed 5 second(s)

2018-05-10 20:24:54 - [TEST_STEP][PASSED] - Statement - For ([i = 0, i < size, (i++)]): null

2018-05-10 20:24:54 - [TEST_STEP][PASSED] - Statement - groupStoresList[i] = storesLabel.get(i).getText(): null

2018-05-10 20:24:54 - [TEST_STEP][PASSED] - Statement - StoresCBList.get(i).click(): null

2018-05-10 20:24:54 - [TEST_STEP][PASSED] - Statement - groupStoresList[i] = storesLabel.get(i).getText(): null

2018-05-10 20:24:54 - [TEST_STEP][PASSED] - Statement - StoresCBList.get(i).click(): null

2018-05-10 20:24:54 - [TEST_STEP][PASSED] - Statement - groupStoresList[i] = storesLabel.get(i).getText(): null

2018-05-10 20:24:54 - [TEST_STEP][PASSED] - Statement - StoresCBList.get(i).click(): null

2018-05-10 20:24:54 - [TEST_STEP][PASSED] - Statement - groupStoresList[i] = storesLabel.get(i).getText(): null

2018-05-10 20:24:54 - [TEST_STEP][PASSED] - Statement - StoresCBList.get(i).click(): null

2018-05-10 20:24:54 - [TEST_STEP][PASSED] - Statement - groupStoresList[i] = storesLabel.get(i).getText(): null

2018-05-10 20:24:54 - [TEST_STEP][PASSED] - Statement - StoresCBList.get(i).click(): null

2018-05-10 20:24:54 - [TEST_STEP][PASSED] - Statement - groupStoresList[i] = storesLabel.get(i).getText(): null

2018-05-10 20:24:54 - [TEST_STEP][PASSED] - Statement - StoresCBList.get(i).click(): null

2018-05-10 20:24:54 - [TEST_STEP][PASSED] - Statement - groupStoresList[i] = storesLabel.get(i).getText(): null

2018-05-10 20:24:54 - [TEST_STEP][PASSED] - Statement - StoresCBList.get(i).click(): null

2018-05-10 20:24:54 - [TEST_STEP][PASSED] - Statement - groupStoresList[i] = storesLabel.get(i).getText(): null

2018-05-10 20:24:54 - [TEST_STEP][PASSED] - Statement - StoresCBList.get(i).click(): null

2018-05-10 20:24:54 - [TEST_STEP][PASSED] - Statement - groupStoresList[i] = storesLabel.get(i).getText(): null

2018-05-10 20:24:54 - [TEST_STEP][PASSED] - Statement - StoresCBList.get(i).click(): null

2018-05-10 20:24:54 - [TEST_STEP][PASSED] - Statement - groupStoresList[i] = storesLabel.get(i).getText(): null

2018-05-10 20:24:54 - [TEST_STEP][PASSED] - Statement - StoresCBList.get(i).click(): null

2018-05-10 20:24:54 - [TEST_STEP][PASSED] - Statement - groupStoresList[i] = storesLabel.get(i).getText(): null

2018-05-10 20:24:54 - [TEST_STEP][PASSED] - Statement - StoresCBList.get(i).click(): null

2018-05-10 20:24:54 - [TEST_STEP][PASSED] - Statement - groupStoresList[i] = storesLabel.get(i).getText(): null

2018-05-10 20:24:54 - [TEST_STEP][PASSED] - Statement - StoresCBList.get(i).click(): null

2018-05-10 20:24:54 - [TEST_STEP][PASSED] - Statement - groupStoresList[i] = storesLabel.get(i).getText(): null

2018-05-10 20:24:54 - [TEST_STEP][PASSED] - Statement - StoresCBList.get(i).click(): null

2018-05-10 20:24:54 - [TEST_STEP][PASSED] - Statement - groupStoresList[i] = storesLabel.get(i).getText(): null

2018-05-10 20:24:54 - [TEST_STEP][PASSED] - Statement - StoresCBList.get(i).click(): null

2018-05-10 20:24:54 - [TEST_STEP][PASSED] - Statement - groupStoresList[i] = storesLabel.get(i).getText(): null

2018-05-10 20:24:55 - [TEST_STEP][PASSED] - Statement - StoresCBList.get(i).click(): null

2018-05-10 20:24:55 - [TEST_STEP][PASSED] - Statement - groupStoresList[i] = storesLabel.get(i).getText(): null

2018-05-10 20:24:55 - [TEST_STEP][PASSED] - Statement - StoresCBList.get(i).click(): null

2018-05-10 20:24:55 - [TEST_STEP][PASSED] - Statement - groupStoresList[i] = storesLabel.get(i).getText(): null

2018-05-10 20:24:55 - [TEST_STEP][PASSED] - Statement - StoresCBList.get(i).click(): null

2018-05-10 20:24:55 - [TEST_STEP][PASSED] - Statement - out.println(groupStoresList): null

2018-05-10 20:24:55 - [TEST_STEP][PASSED] - delay: Delayed 10 second(s)

2018-05-10 20:25:05 - [MESSAGE][PASSED] - Delayed 10 second(s)

2018-05-10 20:25:05 - [TEST_STEP][PASSED] - uiaction.CommonUIActions.click: uiaction.CommonUIActions.click is PASSED

2018-05-10 20:25:05 - [MESSAGE][PASSED] - uiaction.CommonUIActions.click is PASSED

2018-05-10 20:25:05 - [TEST_STEP][PASSED] - delay: Delayed 10 second(s)

2018-05-10 20:25:15 - [MESSAGE][PASSED] - Delayed 10 second(s)

2018-05-10 20:25:15 - [TEST_STEP][PASSED] - Statement - secondStoreListBox1 = driver.findElements(org.openqa.selenium.By.xpath(com.kms.katalon.core.testdata.TestDataFactory.findTestData(OR_file).getValue(2, 11))): Reading excel file with source file 'C:\Users\shalinin\Katalon Studio\HME_Scripts\Data Files\HME_OR.xlsx' and sheet name 'Sheet1'

2018-05-10 20:25:15 - [TEST_STEP][PASSED] - Statement - actualList1 = new java.util.ArrayList(): null

2018-05-10 20:25:15 - [TEST_STEP][PASSED] - Statement - For ([i = 0, i < secondStoreListBox1.size(), (i++)]): null

2018-05-10 20:25:15 - [TEST_STEP][PASSED] - Statement - actualList1.add(i, secondStoreListBox1.get(i).getText()): null

2018-05-10 20:25:15 - [TEST_STEP][PASSED] - Statement - actualList1.add(i, secondStoreListBox1.get(i).getText()): null

2018-05-10 20:25:15 - [TEST_STEP][PASSED] - Statement - actualList1.add(i, secondStoreListBox1.get(i).getText()): null

2018-05-10 20:25:15 - [TEST_STEP][PASSED] - Statement - actualList1.add(i, secondStoreListBox1.get(i).getText()): null

2018-05-10 20:25:15 - [TEST_STEP][PASSED] - Statement - actualList1.add(i, secondStoreListBox1.get(i).getText()): null

2018-05-10 20:25:15 - [TEST_STEP][PASSED] - Statement - actualList1.add(i, secondStoreListBox1.get(i).getText()): null

2018-05-10 20:25:15 - [TEST_STEP][PASSED] - Statement - actualList1.add(i, secondStoreListBox1.get(i).getText()): null

2018-05-10 20:25:15 - [TEST_STEP][PASSED] - Statement - actualList1.add(i, secondStoreListBox1.get(i).getText()): null

2018-05-10 20:25:15 - [TEST_STEP][PASSED] - Statement - actualList1.add(i, secondStoreListBox1.get(i).getText()): null

2018-05-10 20:25:15 - [TEST_STEP][PASSED] - Statement - actualList1.add(i, secondStoreListBox1.get(i).getText()): null

2018-05-10 20:25:15 - [TEST_STEP][PASSED] - Statement - actualList1.add(i, secondStoreListBox1.get(i).getText()): null

2018-05-10 20:25:15 - [TEST_STEP][PASSED] - Statement - actualList1.add(i, secondStoreListBox1.get(i).getText()): null

2018-05-10 20:25:15 - [TEST_STEP][PASSED] - Statement - actualList1.add(i, secondStoreListBox1.get(i).getText()): null

2018-05-10 20:25:15 - [TEST_STEP][PASSED] - Statement - actualList1.add(i, secondStoreListBox1.get(i).getText()): null

2018-05-10 20:25:15 - [TEST_STEP][PASSED] - Statement - actualList1.add(i, secondStoreListBox1.get(i).getText()): null

2018-05-10 20:25:15 - [TEST_STEP][PASSED] - Statement - actualList1.add(i, secondStoreListBox1.get(i).getText()): null

2018-05-10 20:25:15 - [TEST_STEP][PASSED] - Statement - actualList1.add(i, secondStoreListBox1.get(i).getText()): null

2018-05-10 20:25:15 - [TEST_STEP][PASSED] - Statement - out.println(actualList1): null

2018-05-10 20:25:15 - [TEST_STEP][PASSED] - delay: Delayed 10 second(s)

2018-05-10 20:25:25 - [MESSAGE][PASSED] - Delayed 10 second(s)

2018-05-10 20:25:25 - [TEST_STEP][PASSED] - Statement - If (actualList1.containsAll(groupStoresList)): null

2018-05-10 20:25:25 - [TEST_STEP][PASSED] - Statement - println("Selected stores are displayed in Group/Stores in Group listbox"): null

2018-05-10 20:25:25 - [TEST_STEP][PASSED] - uiaction.CommonUIActions.click: uiaction.CommonUIActions.click is PASSED

2018-05-10 20:25:25 - [MESSAGE][PASSED] - uiaction.CommonUIActions.click is PASSED

2018-05-10 20:25:25 - [TEST_STEP][PASSED] - delay: Delayed 10 second(s)

2018-05-10 20:25:35 - [MESSAGE][PASSED] - Delayed 10 second(s)

2018-05-10 20:25:35 - [TEST_STEP][PASSED] - uiaction.CommonUIActions.back: uiaction.CommonUIActions.back is PASSED

2018-05-10 20:25:35 - [MESSAGE][PASSED] - Navigate back successfully

2018-05-10 20:25:35 - [MESSAGE][PASSED] - uiaction.CommonUIActions.back is PASSED

2018-05-10 20:25:35 - [TEST_STEP][PASSED] - delay: Delayed 5 second(s)

2018-05-10 20:25:40 - [MESSAGE][PASSED] - Delayed 5 second(s)

2018-05-10 20:25:40 - [TEST_STEP][PASSED] - uiaction.CommonUIActions.back: uiaction.CommonUIActions.back is PASSED

2018-05-10 20:25:40 - [MESSAGE][PASSED] - Navigate back successfully

2018-05-10 20:25:40 - [MESSAGE][PASSED] - uiaction.CommonUIActions.back is PASSED

2018-05-10 20:25:40 - [TEST_STEP][PASSED] - delay: Delayed 5 second(s)

2018-05-10 20:25:45 - [MESSAGE][PASSED] - Delayed 5 second(s)

2018-05-10 20:25:45 - [TEST_STEP][PASSED] - uiaction.CommonUIActions.click: uiaction.CommonUIActions.click is PASSED

2018-05-10 20:25:45 - [MESSAGE][PASSED] - uiaction.CommonUIActions.click is PASSED

2018-05-10 20:25:45 - [TEST_STEP][PASSED] - uiaction.CommonUIActions.click: uiaction.CommonUIActions.click is PASSED

2018-05-10 20:25:46 - [MESSAGE][PASSED] - uiaction.CommonUIActions.click is PASSED

2018-05-10 20:25:46 - [TEST_STEP][PASSED] - delay: Delayed 10 second(s)

2018-05-10 20:25:56 - [MESSAGE][PASSED] - Delayed 10 second(s)

2018-05-10 20:25:56 - [TEST_STEP][PASSED] - uiaction.CommonUIActions.click: uiaction.CommonUIActions.click is PASSED

2018-05-10 20:25:56 - [MESSAGE][PASSED] - uiaction.CommonUIActions.click is PASSED

2018-05-10 20:25:56 - [TEST_STEP][PASSED] - uiaction.CommonUIActions.click: uiaction.CommonUIActions.click is PASSED

2018-05-10 20:25:57 - [MESSAGE][PASSED] - uiaction.CommonUIActions.click is PASSED

2018-05-10 20:25:57 - [TEST_STEP][PASSED] - Statement - assert TCflag == true: null

2018-05-10 20:25:57 - [TEST_STEP][PASSED] - Start listener action : sampleAfterTestCase: Browser is closed

2018-05-10 20:25:57 - [TEST_STEP][PASSED] - Statement - println(testCaseContext.getTestCaseId()): null

2018-05-10 20:25:57 - [TEST_STEP][PASSED] - Statement - println(testCaseContext.getTestCaseStatus()): null

2018-05-10 20:25:57 - [TEST_STEP][PASSED] - closeBrowser: Browser is closed

2018-05-10 20:25:58 - [MESSAGE][PASSED] - Browser is closed]]></system-out>
         <system-err><![CDATA[]]></system-err>
      </testcase>
      <testcase name="Test Cases/GoalStatisticsTC/HME-Goal Statistics Report-01" classname="Test Cases/GoalStatisticsTC/HME-Goal Statistics Report-01" status="PASSED">
         <system-out><![CDATA[2018-05-10 20:25:58 - [TEST_CASE][PASSED] - Test Cases/GoalStatisticsTC/HME-Goal Statistics Report-01: Browser is closed

2018-05-10 20:25:58 - [TEST_STEP][PASSED] - Start listener action : sampleBeforeTestCase: uiaction.CommonUIActions.deleteAllCookies is PASSED

2018-05-10 20:25:58 - [TEST_STEP][PASSED] - openBrowser: Browser is opened with url: ''

2018-05-10 20:26:00 - [MESSAGE][PASSED] - Browser is opened with url: ''

2018-05-10 20:26:00 - [TEST_STEP][PASSED] - maximizeWindow: Current window maximized

2018-05-10 20:26:01 - [MESSAGE][PASSED] - Current window maximized

2018-05-10 20:26:01 - [TEST_STEP][PASSED] - uiaction.CommonUIActions.deleteAllCookies: uiaction.CommonUIActions.deleteAllCookies is PASSED

2018-05-10 20:26:02 - [MESSAGE][PASSED] - Delete all cookies successfully

2018-05-10 20:26:02 - [MESSAGE][PASSED] - uiaction.CommonUIActions.deleteAllCookies is PASSED

2018-05-10 20:26:02 - [TEST_STEP][PASSED] - Statement - TCflag = true: null

2018-05-10 20:26:02 - [TEST_STEP][PASSED] - Statement - Try: uiaction.CommonUIActions.click is PASSED

2018-05-10 20:26:02 - [TEST_STEP][PASSED] - navigateToUrl: Navigate to 'https://hme-dev-public-cloud-app.azurewebsites.net/' successfully

2018-05-10 20:26:04 - [MESSAGE][PASSED] - Navigate to 'https://hme-dev-public-cloud-app.azurewebsites.net/' successfully

2018-05-10 20:26:04 - [TEST_STEP][PASSED] - projectSpecific.Reusability.login: projectSpecific.Reusability.login is PASSED

2018-05-10 20:26:04 - [MESSAGE][PASSED] - projectSpecific.Reusability.getTestData is PASSED

2018-05-10 20:26:04 - [MESSAGE][PASSED] - projectSpecific.Reusability.getTestData is PASSED

2018-05-10 20:26:04 - [MESSAGE][PASSED] - Text 'selvendrank@nousinfo.com' is set on object 'Object Repository/LoginPage/Username'

2018-05-10 20:26:05 - [MESSAGE][PASSED] - Text 'nous;123' is set on object 'Object Repository/LoginPage/Password'

2018-05-10 20:26:05 - [MESSAGE][PASSED] - Object: 'Object Repository/LoginPage/Login' is clicked on

2018-05-10 20:26:05 - [MESSAGE][PASSED] - projectSpecific.Reusability.login is PASSED

2018-05-10 20:26:05 - [TEST_STEP][PASSED] - delay: Delayed 10 second(s)

2018-05-10 20:26:15 - [MESSAGE][PASSED] - Delayed 10 second(s)

2018-05-10 20:26:15 - [TEST_STEP][PASSED] - uiaction.CommonUIActions.click: uiaction.CommonUIActions.click is PASSED

2018-05-10 20:26:16 - [MESSAGE][PASSED] - uiaction.CommonUIActions.click is PASSED

2018-05-10 20:26:16 - [TEST_STEP][PASSED] - uiaction.CommonUIActions.click: uiaction.CommonUIActions.click is PASSED

2018-05-10 20:26:18 - [MESSAGE][PASSED] - uiaction.CommonUIActions.click is PASSED

2018-05-10 20:26:18 - [TEST_STEP][PASSED] - uiaction.CommonUIActions.click: uiaction.CommonUIActions.click is PASSED

2018-05-10 20:26:18 - [MESSAGE][PASSED] - uiaction.CommonUIActions.click is PASSED

2018-05-10 20:26:18 - [TEST_STEP][PASSED] - uiaction.CommonUIActions.click: uiaction.CommonUIActions.click is PASSED

2018-05-10 20:26:21 - [MESSAGE][PASSED] - uiaction.CommonUIActions.click is PASSED

2018-05-10 20:26:21 - [TEST_STEP][PASSED] - Statement - storenumber = CustomKeywords.uiaction.CommonUIActions.getText(com.kms.katalon.core.testobject.ObjectRepository.findTestObject(StorePage/storeID)): uiaction.CommonUIActions.getText is PASSED

2018-05-10 20:26:21 - [MESSAGE][PASSED] - uiaction.CommonUIActions.getText is PASSED

2018-05-10 20:26:21 - [TEST_STEP][PASSED] - Statement - out.println(" the store number is--" + storenumber.trim()): null

2018-05-10 20:26:21 - [TEST_STEP][PASSED] - uiaction.CommonUIActions.click: uiaction.CommonUIActions.click is PASSED

2018-05-10 20:26:23 - [MESSAGE][PASSED] - uiaction.CommonUIActions.click is PASSED

2018-05-10 20:26:23 - [TEST_STEP][PASSED] - verifyElementPresent: Object 'Object Repository/SummarizedReportPage/SummaryReportheader' is present

2018-05-10 20:26:23 - [MESSAGE][PASSED] - Object 'Object Repository/SummarizedReportPage/SummaryReportheader' is present

2018-05-10 20:26:23 - [TEST_STEP][PASSED] - Statement - println("Summary Reports screen will be displayed"): null

2018-05-10 20:26:23 - [TEST_STEP][PASSED] - uiaction.CommonUIActions.click: uiaction.CommonUIActions.click is PASSED

2018-05-10 20:26:24 - [MESSAGE][PASSED] - uiaction.CommonUIActions.click is PASSED

2018-05-10 20:26:24 - [TEST_STEP][PASSED] - uiaction.CommonUIActions.click: uiaction.CommonUIActions.click is PASSED

2018-05-10 20:26:26 - [MESSAGE][PASSED] - uiaction.CommonUIActions.click is PASSED

2018-05-10 20:26:26 - [TEST_STEP][PASSED] - uiaction.CommonUIActions.click: uiaction.CommonUIActions.click is PASSED

2018-05-10 20:26:27 - [MESSAGE][PASSED] - uiaction.CommonUIActions.click is PASSED

2018-05-10 20:26:27 - [TEST_STEP][PASSED] - uiaction.CommonUIActions.click: uiaction.CommonUIActions.click is PASSED

2018-05-10 20:26:27 - [MESSAGE][PASSED] - uiaction.CommonUIActions.click is PASSED

2018-05-10 20:26:27 - [TEST_STEP][PASSED] - uiaction.CommonUIActions.enter: uiaction.CommonUIActions.enter is PASSED

2018-05-10 20:26:27 - [MESSAGE][PASSED] - projectSpecific.Reusability.getTestData is PASSED

2018-05-10 20:26:27 - [MESSAGE][PASSED] - uiaction.CommonUIActions.enter is PASSED

2018-05-10 20:26:27 - [TEST_STEP][PASSED] - uiaction.CommonUIActions.enter: uiaction.CommonUIActions.enter is PASSED

2018-05-10 20:26:27 - [MESSAGE][PASSED] - projectSpecific.Reusability.getTestData is PASSED

2018-05-10 20:26:27 - [MESSAGE][PASSED] - uiaction.CommonUIActions.enter is PASSED

2018-05-10 20:26:27 - [TEST_STEP][PASSED] - uiaction.CommonUIActions.click: uiaction.CommonUIActions.click is PASSED

2018-05-10 20:26:27 - [MESSAGE][PASSED] - uiaction.CommonUIActions.click is PASSED

2018-05-10 20:26:27 - [TEST_STEP][PASSED] - delay: Delayed 10 second(s)

2018-05-10 20:26:37 - [MESSAGE][PASSED] - Delayed 10 second(s)

2018-05-10 20:26:37 - [TEST_STEP][PASSED] - uiaction.CommonUIActions.back: uiaction.CommonUIActions.back is PASSED

2018-05-10 20:26:37 - [MESSAGE][PASSED] - Navigate back successfully

2018-05-10 20:26:37 - [MESSAGE][PASSED] - uiaction.CommonUIActions.back is PASSED

2018-05-10 20:26:37 - [TEST_STEP][PASSED] - delay: Delayed 5 second(s)

2018-05-10 20:26:42 - [MESSAGE][PASSED] - Delayed 5 second(s)

2018-05-10 20:26:42 - [TEST_STEP][PASSED] - uiaction.CommonUIActions.enter: uiaction.CommonUIActions.enter is PASSED

2018-05-10 20:26:42 - [MESSAGE][PASSED] - projectSpecific.Reusability.getTestData is PASSED

2018-05-10 20:26:42 - [MESSAGE][PASSED] - uiaction.CommonUIActions.enter is PASSED

2018-05-10 20:26:42 - [TEST_STEP][PASSED] - uiaction.CommonUIActions.enter: uiaction.CommonUIActions.enter is PASSED

2018-05-10 20:26:42 - [MESSAGE][PASSED] - projectSpecific.Reusability.getTestData is PASSED

2018-05-10 20:26:42 - [MESSAGE][PASSED] - uiaction.CommonUIActions.enter is PASSED

2018-05-10 20:26:42 - [TEST_STEP][PASSED] - uiaction.CommonUIActions.click: uiaction.CommonUIActions.click is PASSED

2018-05-10 20:26:42 - [MESSAGE][PASSED] - uiaction.CommonUIActions.click is PASSED

2018-05-10 20:26:42 - [TEST_STEP][PASSED] - delay: Delayed 10 second(s)

2018-05-10 20:26:52 - [MESSAGE][PASSED] - Delayed 10 second(s)

2018-05-10 20:26:52 - [TEST_STEP][PASSED] - uiaction.CommonUIActions.back: uiaction.CommonUIActions.back is PASSED

2018-05-10 20:26:52 - [MESSAGE][PASSED] - Navigate back successfully

2018-05-10 20:26:52 - [MESSAGE][PASSED] - uiaction.CommonUIActions.back is PASSED

2018-05-10 20:26:52 - [TEST_STEP][PASSED] - uiaction.CommonUIActions.enter: uiaction.CommonUIActions.enter is PASSED

2018-05-10 20:26:52 - [MESSAGE][PASSED] - projectSpecific.Reusability.getTestData is PASSED

2018-05-10 20:26:52 - [MESSAGE][PASSED] - uiaction.CommonUIActions.enter is PASSED

2018-05-10 20:26:52 - [TEST_STEP][PASSED] - uiaction.CommonUIActions.enter: uiaction.CommonUIActions.enter is PASSED

2018-05-10 20:26:52 - [MESSAGE][PASSED] - projectSpecific.Reusability.getTestData is PASSED

2018-05-10 20:26:52 - [MESSAGE][PASSED] - uiaction.CommonUIActions.enter is PASSED

2018-05-10 20:26:52 - [TEST_STEP][PASSED] - Statement - group1 = CustomKeywords.projectSpecific.Reusability.getTestData("ReportingGroupManagementPage", "Summarygrpname1"): projectSpecific.Reusability.getTestData is PASSED

2018-05-10 20:26:52 - [MESSAGE][PASSED] - projectSpecific.Reusability.getTestData is PASSED

2018-05-10 20:26:52 - [TEST_STEP][PASSED] - Statement - group2 = CustomKeywords.projectSpecific.Reusability.getTestData("ReportingGroupManagementPage", "Summarygrpname2"): projectSpecific.Reusability.getTestData is PASSED

2018-05-10 20:26:53 - [MESSAGE][PASSED] - projectSpecific.Reusability.getTestData is PASSED

2018-05-10 20:26:53 - [TEST_STEP][PASSED] - Statement - groupmain = CustomKeywords.projectSpecific.Reusability.getTestData("ReportingGroupManagementPage", "Summarygrp"): projectSpecific.Reusability.getTestData is PASSED

2018-05-10 20:26:53 - [MESSAGE][PASSED] - projectSpecific.Reusability.getTestData is PASSED

2018-05-10 20:26:53 - [TEST_STEP][PASSED] - delay: Delayed 10 second(s)

2018-05-10 20:27:03 - [MESSAGE][PASSED] - Delayed 10 second(s)

2018-05-10 20:27:03 - [TEST_STEP][PASSED] - Statement - driver = com.kms.katalon.core.webui.driver.DriverFactory.getWebDriver(): null

2018-05-10 20:27:03 - [TEST_STEP][PASSED] - Statement - grouplist = driver.findElements(org.openqa.selenium.By.xpath("//ul[@class='unlinked-grouplist']/li")): null

2018-05-10 20:27:03 - [TEST_STEP][PASSED] - delay: Delayed 10 second(s)

2018-05-10 20:27:13 - [MESSAGE][PASSED] - Delayed 10 second(s)

2018-05-10 20:27:13 - [TEST_STEP][PASSED] - Statement - For ([i = 0, i < grouplist.size(), (i++)]): null

2018-05-10 20:27:13 - [TEST_STEP][PASSED] - Statement - println(grouplist.get(i).getText()): null

2018-05-10 20:27:13 - [TEST_STEP][PASSED] - Statement - If (grouplist.get(i).getText().contains(storenumber.trim())): null

2018-05-10 20:27:13 - [TEST_STEP][PASSED] - Statement - println(grouplist.get(i).getText()): null

2018-05-10 20:27:13 - [TEST_STEP][PASSED] - Statement - If (grouplist.get(i).getText().contains(storenumber.trim())): null

2018-05-10 20:27:13 - [TEST_STEP][PASSED] - Statement - println(grouplist.get(i).getText()): null

2018-05-10 20:27:13 - [TEST_STEP][PASSED] - Statement - If (grouplist.get(i).getText().contains(storenumber.trim())): null

2018-05-10 20:27:13 - [TEST_STEP][PASSED] - Statement - println(grouplist.get(i).getText()): null

2018-05-10 20:27:13 - [TEST_STEP][PASSED] - Statement - If (grouplist.get(i).getText().contains(storenumber.trim())): null

2018-05-10 20:27:13 - [TEST_STEP][PASSED] - Statement - println(grouplist.get(i).getText()): null

2018-05-10 20:27:13 - [TEST_STEP][PASSED] - Statement - If (grouplist.get(i).getText().contains(storenumber.trim())): null

2018-05-10 20:27:13 - [TEST_STEP][PASSED] - Statement - println(grouplist.get(i).getText()): null

2018-05-10 20:27:13 - [TEST_STEP][PASSED] - Statement - If (grouplist.get(i).getText().contains(storenumber.trim())): null

2018-05-10 20:27:13 - [TEST_STEP][PASSED] - Statement - println(grouplist.get(i).getText()): null

2018-05-10 20:27:13 - [TEST_STEP][PASSED] - Statement - If (grouplist.get(i).getText().contains(storenumber.trim())): null

2018-05-10 20:27:13 - [TEST_STEP][PASSED] - Statement - println(grouplist.get(i).getText()): null

2018-05-10 20:27:13 - [TEST_STEP][PASSED] - Statement - If (grouplist.get(i).getText().contains(storenumber.trim())): null

2018-05-10 20:27:13 - [TEST_STEP][PASSED] - Statement - println(grouplist.get(i).getText()): null

2018-05-10 20:27:13 - [TEST_STEP][PASSED] - Statement - If (grouplist.get(i).getText().contains(storenumber.trim())): null

2018-05-10 20:27:13 - [TEST_STEP][PASSED] - Statement - println(grouplist.get(i).getText()): null

2018-05-10 20:27:13 - [TEST_STEP][PASSED] - Statement - If (grouplist.get(i).getText().contains(storenumber.trim())): null

2018-05-10 20:27:13 - [TEST_STEP][PASSED] - Statement - println(grouplist.get(i).getText()): null

2018-05-10 20:27:13 - [TEST_STEP][PASSED] - Statement - If (grouplist.get(i).getText().contains(storenumber.trim())): null

2018-05-10 20:27:13 - [TEST_STEP][PASSED] - Statement - println(grouplist.get(i).getText()): null

2018-05-10 20:27:13 - [TEST_STEP][PASSED] - Statement - If (grouplist.get(i).getText().contains(storenumber.trim())): null

2018-05-10 20:27:13 - [TEST_STEP][PASSED] - Statement - println(grouplist.get(i).getText()): null

2018-05-10 20:27:13 - [TEST_STEP][PASSED] - Statement - If (grouplist.get(i).getText().contains(storenumber.trim())): null

2018-05-10 20:27:13 - [TEST_STEP][PASSED] - Statement - println(grouplist.get(i).getText()): null

2018-05-10 20:27:13 - [TEST_STEP][PASSED] - Statement - If (grouplist.get(i).getText().contains(storenumber.trim())): null

2018-05-10 20:27:13 - [TEST_STEP][PASSED] - Statement - println(grouplist.get(i).getText()): null

2018-05-10 20:27:13 - [TEST_STEP][PASSED] - Statement - If (grouplist.get(i).getText().contains(storenumber.trim())): null

2018-05-10 20:27:13 - [TEST_STEP][PASSED] - Statement - println(grouplist.get(i).getText()): null

2018-05-10 20:27:13 - [TEST_STEP][PASSED] - Statement - If (grouplist.get(i).getText().contains(storenumber.trim())): null

2018-05-10 20:27:13 - [TEST_STEP][PASSED] - Statement - println(grouplist.get(i).getText()): null

2018-05-10 20:27:13 - [TEST_STEP][PASSED] - Statement - If (grouplist.get(i).getText().contains(storenumber.trim())): null

2018-05-10 20:27:13 - [TEST_STEP][PASSED] - Statement - driver.findElement(org.openqa.selenium.By.xpath("(//ul[@class='unlinked-grouplist']/li/label)[" + i + 1 + "]")).click(): null

2018-05-10 20:27:13 - [TEST_STEP][PASSED] - Statement - driver.findElement(org.openqa.selenium.By.xpath("//button[contains(text(),'>')]")).click(): null

2018-05-10 20:27:13 - [TEST_STEP][PASSED] - Statement - Break: null

2018-05-10 20:27:13 - [TEST_STEP][PASSED] - delay: Delayed 10 second(s)

2018-05-10 20:27:23 - [MESSAGE][PASSED] - Delayed 10 second(s)

2018-05-10 20:27:23 - [TEST_STEP][PASSED] - uiaction.CommonUIActions.click: uiaction.CommonUIActions.click is PASSED

2018-05-10 20:27:23 - [MESSAGE][PASSED] - uiaction.CommonUIActions.click is PASSED

2018-05-10 20:27:23 - [TEST_STEP][PASSED] - uiaction.CommonUIActions.click: uiaction.CommonUIActions.click is PASSED

2018-05-10 20:27:23 - [MESSAGE][PASSED] - uiaction.CommonUIActions.click is PASSED

2018-05-10 20:27:23 - [TEST_STEP][PASSED] - delay: Delayed 10 second(s)

2018-05-10 20:27:33 - [MESSAGE][PASSED] - Delayed 10 second(s)

2018-05-10 20:27:33 - [TEST_STEP][PASSED] - uiaction.CommonUIActions.click: uiaction.CommonUIActions.click is PASSED

2018-05-10 20:27:33 - [MESSAGE][PASSED] - uiaction.CommonUIActions.click is PASSED

2018-05-10 20:27:33 - [TEST_STEP][PASSED] - delay: Delayed 10 second(s)

2018-05-10 20:27:43 - [MESSAGE][PASSED] - Delayed 10 second(s)

2018-05-10 20:27:43 - [TEST_STEP][PASSED] - Statement - driver.findElement(org.openqa.selenium.By.xpath("//span[contains(text(),'" + groupmain + "')]/../../../../span[1]")).click(): null

2018-05-10 20:27:44 - [TEST_STEP][PASSED] - delay: Delayed 10 second(s)

2018-05-10 20:27:54 - [MESSAGE][PASSED] - Delayed 10 second(s)

2018-05-10 20:27:54 - [TEST_STEP][PASSED] - Statement - driver.findElement(org.openqa.selenium.By.xpath("//span[contains(text(),'" + storenumber.trim() + "')]")).isDisplayed(): null

2018-05-10 20:27:54 - [TEST_STEP][PASSED] - delay: Delayed 4 second(s)

2018-05-10 20:27:58 - [MESSAGE][PASSED] - Delayed 4 second(s)

2018-05-10 20:27:58 - [TEST_STEP][PASSED] - uiaction.CommonUIActions.click: uiaction.CommonUIActions.click is PASSED

2018-05-10 20:27:58 - [MESSAGE][PASSED] - uiaction.CommonUIActions.click is PASSED

2018-05-10 20:27:58 - [TEST_STEP][PASSED] - Statement - storesCheckBoxList = driver.findElements(org.openqa.selenium.By.xpath(com.kms.katalon.core.testdata.TestDataFactory.findTestData(OR_file).getValue(2, 4))): Reading excel file with source file 'C:\Users\shalinin\Katalon Studio\HME_Scripts\Data Files\HME_OR.xlsx' and sheet name 'Sheet1'

2018-05-10 20:27:58 - [TEST_STEP][PASSED] - Statement - storesCheckBoxListChecked = driver.findElements(org.openqa.selenium.By.xpath(com.kms.katalon.core.testdata.TestDataFactory.findTestData(OR_file).getValue(2, 14))): Reading excel file with source file 'C:\Users\shalinin\Katalon Studio\HME_Scripts\Data Files\HME_OR.xlsx' and sheet name 'Sheet1'

2018-05-10 20:27:58 - [TEST_STEP][PASSED] - Statement - If (storesCheckBoxList.size() == storesCheckBoxListChecked.size()): null

2018-05-10 20:27:58 - [TEST_STEP][PASSED] - Statement - out.println("All Store checkboxes are checked after selecting SelectAll button"): null

2018-05-10 20:27:58 - [TEST_STEP][PASSED] - delay: Delayed 4 second(s)

2018-05-10 20:28:02 - [MESSAGE][PASSED] - Delayed 4 second(s)

2018-05-10 20:28:02 - [TEST_STEP][PASSED] - uiaction.CommonUIActions.click: uiaction.CommonUIActions.click is PASSED

2018-05-10 20:28:02 - [MESSAGE][PASSED] - uiaction.CommonUIActions.click is PASSED

2018-05-10 20:28:02 - [TEST_STEP][PASSED] - delay: Delayed 4 second(s)

2018-05-10 20:28:06 - [MESSAGE][PASSED] - Delayed 4 second(s)

2018-05-10 20:28:06 - [TEST_STEP][PASSED] - Statement - driver.findElement(org.openqa.selenium.By.xpath("//span[contains(text(),'" + groupmain + "')]/../../../../span[2]")).click(): null

2018-05-10 20:28:06 - [TEST_STEP][PASSED] - Statement - defaulttimemeasureoption = CustomKeywords.uiaction.CommonUIActions.getText(com.kms.katalon.core.testobject.ObjectRepository.findTestObject(ReportsPage/defaulttimemeasujreoptiondisplayed)): uiaction.CommonUIActions.getText is PASSED

2018-05-10 20:28:06 - [MESSAGE][PASSED] - uiaction.CommonUIActions.getText is PASSED

2018-05-10 20:28:06 - [TEST_STEP][PASSED] - Statement - If (defaulttimemeasureoption == "Day"): null

2018-05-10 20:28:06 - [TEST_STEP][PASSED] - Statement - out.println("Default time measure value displayed as 'Day' "): null

2018-05-10 20:28:06 - [TEST_STEP][PASSED] - Statement - timemeasureoptions = driver.findElements(org.openqa.selenium.By.xpath("//select[@class='time-measures']/option")): null

2018-05-10 20:28:06 - [TEST_STEP][PASSED] - Statement - timemeasureoption_excel = CustomKeywords.projectSpecific.Reusability.getTestData("ReportsPage", "timemeasureoptions"): projectSpecific.Reusability.getTestData is PASSED

2018-05-10 20:28:06 - [MESSAGE][PASSED] - projectSpecific.Reusability.getTestData is PASSED

2018-05-10 20:28:06 - [TEST_STEP][PASSED] - Statement - timemeasureoption_excelsplit = timemeasureoption_excel.split(","): null

2018-05-10 20:28:06 - [TEST_STEP][PASSED] - Statement - For ([i = 0, i < timemeasureoptions.size(), (i++)]): null

2018-05-10 20:28:06 - [TEST_STEP][PASSED] - Statement - If (timemeasureoptions.get(i).getText() == timemeasureoption_excelsplit[i]): null

2018-05-10 20:28:06 - [TEST_STEP][PASSED] - Statement - out.println("Options are displayed correctly "): null

2018-05-10 20:28:06 - [TEST_STEP][PASSED] - Statement - If (timemeasureoptions.get(i).getText() == timemeasureoption_excelsplit[i]): null

2018-05-10 20:28:06 - [TEST_STEP][PASSED] - Statement - out.println("Options are displayed correctly "): null

2018-05-10 20:28:06 - [TEST_STEP][PASSED] - Statement - If (timemeasureoptions.get(i).getText() == timemeasureoption_excelsplit[i]): null

2018-05-10 20:28:06 - [TEST_STEP][PASSED] - Statement - out.println("Options are displayed correctly "): null

2018-05-10 20:28:06 - [TEST_STEP][PASSED] - Statement - If (timemeasureoptions.get(i).getText() == timemeasureoption_excelsplit[i]): null

2018-05-10 20:28:06 - [TEST_STEP][PASSED] - Statement - out.println("Options are displayed correctly "): null

2018-05-10 20:28:06 - [TEST_STEP][PASSED] - Statement - default_from_date = CustomKeywords.uiaction.CommonUIActions.getAttribute(com.kms.katalon.core.testobject.ObjectRepository.findTestObject(ReportsPage/Fromdatedisplay), "value"): uiaction.CommonUIActions.getAttribute is PASSED

2018-05-10 20:28:06 - [MESSAGE][PASSED] - Attribute 'value' of object 'Object Repository/ReportsPage/Fromdatedisplay' is: '05/10/2018'

2018-05-10 20:28:06 - [MESSAGE][PASSED] - uiaction.CommonUIActions.getAttribute is PASSED

2018-05-10 20:28:06 - [TEST_STEP][PASSED] - Statement - default_to_date = CustomKeywords.uiaction.CommonUIActions.getAttribute(com.kms.katalon.core.testobject.ObjectRepository.findTestObject(ReportsPage/reporttodatedisplayed), "value"): uiaction.CommonUIActions.getAttribute is PASSED

2018-05-10 20:28:06 - [MESSAGE][PASSED] - Attribute 'value' of object 'Object Repository/ReportsPage/reporttodatedisplayed' is: '05/10/2018'

2018-05-10 20:28:06 - [MESSAGE][PASSED] - uiaction.CommonUIActions.getAttribute is PASSED

2018-05-10 20:28:06 - [TEST_STEP][PASSED] - Statement - dateFormat = new java.text.SimpleDateFormat(MM/dd/yyyy): null

2018-05-10 20:28:06 - [TEST_STEP][PASSED] - Statement - date = new java.util.Date(): null

2018-05-10 20:28:06 - [TEST_STEP][PASSED] - Statement - fromdate = dateFormat.format(date): null

2018-05-10 20:28:06 - [TEST_STEP][PASSED] - Statement - If (default_from_date == fromdate): null

2018-05-10 20:28:06 - [TEST_STEP][PASSED] - Statement - out.println("From date is displayed current date "): null

2018-05-10 20:28:06 - [TEST_STEP][PASSED] - Statement - If (default_to_date == fromdate): null

2018-05-10 20:28:06 - [TEST_STEP][PASSED] - Statement - out.println("To date is displayed current date "): null

2018-05-10 20:28:06 - [TEST_STEP][PASSED] - uiaction.CommonUIActions.click: uiaction.CommonUIActions.click is PASSED

2018-05-10 20:28:06 - [MESSAGE][PASSED] - uiaction.CommonUIActions.click is PASSED

2018-05-10 20:28:06 - [TEST_STEP][PASSED] - Statement - opencheckbox = CustomKeywords.uiaction.CommonUIActions.isEnabled(com.kms.katalon.core.testobject.ObjectRepository.findTestObject(ReportsPage/Report_opencheckbox)): uiaction.CommonUIActions.isEnabled is PASSED

2018-05-10 20:28:06 - [MESSAGE][PASSED] - uiaction.CommonUIActions.isEnabled is PASSED

2018-05-10 20:28:06 - [TEST_STEP][PASSED] - Statement - If (!(opencheckbox)): null

2018-05-10 20:28:06 - [TEST_STEP][PASSED] - Statement - out.println("Open checkbox is checked bydefault"): null

2018-05-10 20:28:06 - [TEST_STEP][PASSED] - uiaction.CommonUIActions.click: uiaction.CommonUIActions.click is PASSED

2018-05-10 20:28:06 - [MESSAGE][PASSED] - uiaction.CommonUIActions.click is PASSED

2018-05-10 20:28:06 - [TEST_STEP][PASSED] - uiaction.CommonUIActions.click: uiaction.CommonUIActions.click is PASSED

2018-05-10 20:28:06 - [MESSAGE][PASSED] - uiaction.CommonUIActions.click is PASSED

2018-05-10 20:28:06 - [TEST_STEP][PASSED] - verifyElementPresent: Object 'Object Repository/ReportsPage/advancedoption_am' is present

2018-05-10 20:28:07 - [MESSAGE][PASSED] - Object 'Object Repository/ReportsPage/advancedoption_am' is present

2018-05-10 20:28:07 - [TEST_STEP][PASSED] - verifyElementPresent: Object 'Object Repository/ReportsPage/advanceoptions_pm' is present

2018-05-10 20:28:07 - [MESSAGE][PASSED] - Object 'Object Repository/ReportsPage/advanceoptions_pm' is present

2018-05-10 20:28:07 - [TEST_STEP][PASSED] - Statement - driver.findElement(org.openqa.selenium.By.xpath("(//span[contains(text(),'?')])[3]")).click(): null

2018-05-10 20:28:07 - [TEST_STEP][PASSED] - uiaction.CommonUIActions.click: uiaction.CommonUIActions.click is PASSED

2018-05-10 20:28:07 - [MESSAGE][PASSED] - uiaction.CommonUIActions.click is PASSED

2018-05-10 20:28:07 - [TEST_STEP][PASSED] - verifyElementPresent: Object 'Object Repository/ReportsPage/type_timeslice' is present

2018-05-10 20:28:07 - [MESSAGE][PASSED] - Object 'Object Repository/ReportsPage/type_timeslice' is present

2018-05-10 20:28:07 - [TEST_STEP][PASSED] - verifyElementPresent: Object 'Object Repository/ReportsPage/Type_Cumulative' is present

2018-05-10 20:28:07 - [MESSAGE][PASSED] - Object 'Object Repository/ReportsPage/Type_Cumulative' is present

2018-05-10 20:28:07 - [TEST_STEP][PASSED] - Statement - cumulativecheckbox = CustomKeywords.uiaction.CommonUIActions.isEnabled(com.kms.katalon.core.testobject.ObjectRepository.findTestObject(ReportsPage/Type_Cumulative)): uiaction.CommonUIActions.isEnabled is PASSED

2018-05-10 20:28:07 - [MESSAGE][PASSED] - uiaction.CommonUIActions.isEnabled is PASSED

2018-05-10 20:28:07 - [TEST_STEP][PASSED] - Statement - If (cumulativecheckbox): null

2018-05-10 20:28:07 - [TEST_STEP][PASSED] - Statement - out.println("Cumulative checkbox is checked bydefault"): null

2018-05-10 20:28:07 - [TEST_STEP][PASSED] - verifyElementPresent: Object 'Object Repository/ReportsPage/Include_logesttime' is present

2018-05-10 20:28:07 - [MESSAGE][PASSED] - Object 'Object Repository/ReportsPage/Include_logesttime' is present

2018-05-10 20:28:07 - [TEST_STEP][PASSED] - verifyElementPresent: Object 'Object Repository/ReportsPage/Include_systemstatestics' is present

2018-05-10 20:28:07 - [MESSAGE][PASSED] - Object 'Object Repository/ReportsPage/Include_systemstatestics' is present

2018-05-10 20:28:07 - [TEST_STEP][PASSED] - verifyElementPresent: Object 'Object Repository/ReportsPage/Format_secands' is present

2018-05-10 20:28:07 - [MESSAGE][PASSED] - Object 'Object Repository/ReportsPage/Format_secands' is present

2018-05-10 20:28:07 - [TEST_STEP][PASSED] - verifyElementPresent: Object 'Object Repository/ReportsPage/Format_minute' is present

2018-05-10 20:28:07 - [MESSAGE][PASSED] - Object 'Object Repository/ReportsPage/Format_minute' is present

2018-05-10 20:28:07 - [TEST_STEP][PASSED] - verifyElementPresent: Object 'Object Repository/ReportsPage/Report_savedreport' is present

2018-05-10 20:28:07 - [MESSAGE][PASSED] - Object 'Object Repository/ReportsPage/Report_savedreport' is present

2018-05-10 20:28:07 - [TEST_STEP][PASSED] - Statement - fromdatecritiria = CustomKeywords.uiaction.CommonUIActions.getText(com.kms.katalon.core.testobject.ObjectRepository.findTestObject(ReportsPage/critiria_fromdate)): uiaction.CommonUIActions.getText is PASSED

2018-05-10 20:28:07 - [MESSAGE][PASSED] - uiaction.CommonUIActions.getText is PASSED

2018-05-10 20:28:07 - [TEST_STEP][PASSED] - Statement - fromdatecritiriasplit = fromdatecritiria.split(":"): null

2018-05-10 20:28:07 - [TEST_STEP][PASSED] - Statement - If (fromdatecritiriasplit[1] == fromdate): null

2018-05-10 20:28:07 - [TEST_STEP][PASSED] - Statement - out.println("From date displaying current date"): null

2018-05-10 20:28:07 - [TEST_STEP][PASSED] - Statement - todatecritiria = CustomKeywords.uiaction.CommonUIActions.getText(com.kms.katalon.core.testobject.ObjectRepository.findTestObject(ReportsPage/critiria_todate)): uiaction.CommonUIActions.getText is PASSED

2018-05-10 20:28:07 - [MESSAGE][PASSED] - uiaction.CommonUIActions.getText is PASSED

2018-05-10 20:28:07 - [TEST_STEP][PASSED] - Statement - todatecritiriasplit = todatecritiria.split(":"): null

2018-05-10 20:28:07 - [TEST_STEP][PASSED] - Statement - If (todatecritiriasplit[1] == fromdate): null

2018-05-10 20:28:07 - [TEST_STEP][PASSED] - Statement - out.println("To date displaying current date"): null

2018-05-10 20:28:07 - [TEST_STEP][PASSED] - verifyElementPresent: Object 'Object Repository/ReportsPage/report_saveastemplate' is present

2018-05-10 20:28:07 - [MESSAGE][PASSED] - Object 'Object Repository/ReportsPage/report_saveastemplate' is present

2018-05-10 20:28:07 - [TEST_STEP][PASSED] - verifyElementPresent: Object 'Object Repository/ReportsPage/templatename_field' is present

2018-05-10 20:28:07 - [MESSAGE][PASSED] - Object 'Object Repository/ReportsPage/templatename_field' is present

2018-05-10 20:28:07 - [TEST_STEP][PASSED] - verifyElementPresent: Object 'Object Repository/ReportsPage/report_submit' is present

2018-05-10 20:28:07 - [MESSAGE][PASSED] - Object 'Object Repository/ReportsPage/report_submit' is present

2018-05-10 20:28:07 - [TEST_STEP][PASSED] - click: Object: 'Object Repository/ReportsPage/report_submit' is clicked on

2018-05-10 20:28:07 - [MESSAGE][PASSED] - Object: 'Object Repository/ReportsPage/report_submit' is clicked on

2018-05-10 20:28:07 - [TEST_STEP][PASSED] - Statement - summHeading = CustomKeywords.projectSpecific.Reusability.getTestData("SummarizedReportPage", "Goalstatestics"): projectSpecific.Reusability.getTestData is PASSED

2018-05-10 20:28:07 - [MESSAGE][PASSED] - projectSpecific.Reusability.getTestData is PASSED

2018-05-10 20:28:07 - [TEST_STEP][PASSED] - delay: Delayed 10 second(s)

2018-05-10 20:28:17 - [MESSAGE][PASSED] - Delayed 10 second(s)

2018-05-10 20:28:17 - [TEST_STEP][PASSED] - verifyElementText: Actual text and expected text of test object 'Object Repository/SummarizedReportPage/report_goal_stastics' are matched.

2018-05-10 20:28:17 - [MESSAGE][PASSED] - Actual text and expected text of test object 'Object Repository/SummarizedReportPage/report_goal_stastics' are matched.

2018-05-10 20:28:17 - [TEST_STEP][PASSED] - delay: Delayed 5 second(s)

2018-05-10 20:28:22 - [MESSAGE][PASSED] - Delayed 5 second(s)

2018-05-10 20:28:22 - [TEST_STEP][PASSED] - uiaction.CommonUIActions.click: uiaction.CommonUIActions.click is PASSED

2018-05-10 20:28:23 - [MESSAGE][PASSED] - uiaction.CommonUIActions.click is PASSED

2018-05-10 20:28:23 - [TEST_STEP][PASSED] - uiaction.CommonUIActions.click: uiaction.CommonUIActions.click is PASSED

2018-05-10 20:28:25 - [MESSAGE][PASSED] - uiaction.CommonUIActions.click is PASSED

2018-05-10 20:28:25 - [TEST_STEP][PASSED] - uiaction.CommonUIActions.click: uiaction.CommonUIActions.click is PASSED

2018-05-10 20:28:25 - [MESSAGE][PASSED] - uiaction.CommonUIActions.click is PASSED

2018-05-10 20:28:25 - [TEST_STEP][PASSED] - delay: Delayed 5 second(s)

2018-05-10 20:28:30 - [MESSAGE][PASSED] - Delayed 5 second(s)

2018-05-10 20:28:30 - [TEST_STEP][PASSED] - uiaction.CommonUIActions.click: uiaction.CommonUIActions.click is PASSED

2018-05-10 20:28:30 - [MESSAGE][PASSED] - uiaction.CommonUIActions.click is PASSED

2018-05-10 20:28:30 - [TEST_STEP][PASSED] - delay: Delayed 5 second(s)

2018-05-10 20:28:35 - [MESSAGE][PASSED] - Delayed 5 second(s)

2018-05-10 20:28:35 - [TEST_STEP][PASSED] - uiaction.CommonUIActions.click: uiaction.CommonUIActions.click is PASSED

2018-05-10 20:28:35 - [MESSAGE][PASSED] - uiaction.CommonUIActions.click is PASSED

2018-05-10 20:28:35 - [TEST_STEP][PASSED] - uiaction.CommonUIActions.click: uiaction.CommonUIActions.click is PASSED

2018-05-10 20:28:35 - [MESSAGE][PASSED] - uiaction.CommonUIActions.click is PASSED

2018-05-10 20:28:35 - [TEST_STEP][PASSED] - uiaction.CommonUIActions.back: uiaction.CommonUIActions.back is PASSED

2018-05-10 20:28:35 - [MESSAGE][PASSED] - Navigate back successfully

2018-05-10 20:28:35 - [MESSAGE][PASSED] - uiaction.CommonUIActions.back is PASSED

2018-05-10 20:28:35 - [TEST_STEP][PASSED] - delay: Delayed 5 second(s)

2018-05-10 20:28:40 - [MESSAGE][PASSED] - Delayed 5 second(s)

2018-05-10 20:28:40 - [TEST_STEP][PASSED] - uiaction.CommonUIActions.back: uiaction.CommonUIActions.back is PASSED

2018-05-10 20:28:40 - [MESSAGE][PASSED] - Navigate back successfully

2018-05-10 20:28:40 - [MESSAGE][PASSED] - uiaction.CommonUIActions.back is PASSED

2018-05-10 20:28:40 - [TEST_STEP][PASSED] - delay: Delayed 5 second(s)

2018-05-10 20:28:45 - [MESSAGE][PASSED] - Delayed 5 second(s)

2018-05-10 20:28:45 - [TEST_STEP][PASSED] - uiaction.CommonUIActions.click: uiaction.CommonUIActions.click is PASSED

2018-05-10 20:28:45 - [MESSAGE][PASSED] - uiaction.CommonUIActions.click is PASSED

2018-05-10 20:28:45 - [TEST_STEP][PASSED] - uiaction.CommonUIActions.click: uiaction.CommonUIActions.click is PASSED

2018-05-10 20:28:45 - [MESSAGE][PASSED] - uiaction.CommonUIActions.click is PASSED

2018-05-10 20:28:45 - [TEST_STEP][PASSED] - uiaction.CommonUIActions.click: uiaction.CommonUIActions.click is PASSED

2018-05-10 20:28:46 - [MESSAGE][PASSED] - uiaction.CommonUIActions.click is PASSED

2018-05-10 20:28:46 - [TEST_STEP][PASSED] - uiaction.CommonUIActions.back: uiaction.CommonUIActions.back is PASSED

2018-05-10 20:28:46 - [MESSAGE][PASSED] - Navigate back successfully

2018-05-10 20:28:46 - [MESSAGE][PASSED] - uiaction.CommonUIActions.back is PASSED

2018-05-10 20:28:46 - [TEST_STEP][PASSED] - delay: Delayed 5 second(s)

2018-05-10 20:28:51 - [MESSAGE][PASSED] - Delayed 5 second(s)

2018-05-10 20:28:51 - [TEST_STEP][PASSED] - uiaction.CommonUIActions.back: uiaction.CommonUIActions.back is PASSED

2018-05-10 20:28:51 - [MESSAGE][PASSED] - Navigate back successfully

2018-05-10 20:28:51 - [MESSAGE][PASSED] - uiaction.CommonUIActions.back is PASSED

2018-05-10 20:28:51 - [TEST_STEP][PASSED] - delay: Delayed 5 second(s)

2018-05-10 20:28:56 - [MESSAGE][PASSED] - Delayed 5 second(s)

2018-05-10 20:28:56 - [TEST_STEP][PASSED] - uiaction.CommonUIActions.click: uiaction.CommonUIActions.click is PASSED

2018-05-10 20:28:56 - [MESSAGE][PASSED] - uiaction.CommonUIActions.click is PASSED

2018-05-10 20:28:56 - [TEST_STEP][PASSED] - uiaction.CommonUIActions.click: uiaction.CommonUIActions.click is PASSED

2018-05-10 20:28:56 - [MESSAGE][PASSED] - uiaction.CommonUIActions.click is PASSED

2018-05-10 20:28:56 - [TEST_STEP][PASSED] - uiaction.CommonUIActions.click: uiaction.CommonUIActions.click is PASSED

2018-05-10 20:28:56 - [MESSAGE][PASSED] - uiaction.CommonUIActions.click is PASSED

2018-05-10 20:28:56 - [TEST_STEP][PASSED] - uiaction.CommonUIActions.click: uiaction.CommonUIActions.click is PASSED

2018-05-10 20:28:58 - [MESSAGE][PASSED] - uiaction.CommonUIActions.click is PASSED

2018-05-10 20:28:58 - [TEST_STEP][PASSED] - Statement - assert TCflag == true: null

2018-05-10 20:28:58 - [TEST_STEP][PASSED] - Start listener action : sampleAfterTestCase: Browser is closed

2018-05-10 20:28:58 - [TEST_STEP][PASSED] - Statement - println(testCaseContext.getTestCaseId()): null

2018-05-10 20:28:58 - [TEST_STEP][PASSED] - Statement - println(testCaseContext.getTestCaseStatus()): null

2018-05-10 20:28:58 - [TEST_STEP][PASSED] - closeBrowser: Browser is closed

2018-05-10 20:28:58 - [MESSAGE][PASSED] - Browser is closed]]></system-out>
         <system-err><![CDATA[]]></system-err>
      </testcase>
      <testcase name="Test Cases/SummaryReportsTC/HME-Summary Report-01" classname="Test Cases/SummaryReportsTC/HME-Summary Report-01" status="PASSED">
         <system-out><![CDATA[2018-05-10 20:28:58 - [TEST_CASE][PASSED] - Test Cases/SummaryReportsTC/HME-Summary Report-01: Browser is closed

2018-05-10 20:28:58 - [TEST_STEP][PASSED] - Start listener action : sampleBeforeTestCase: uiaction.CommonUIActions.deleteAllCookies is PASSED

2018-05-10 20:28:58 - [TEST_STEP][PASSED] - openBrowser: Browser is opened with url: ''

2018-05-10 20:29:01 - [MESSAGE][PASSED] - Browser is opened with url: ''

2018-05-10 20:29:01 - [TEST_STEP][PASSED] - maximizeWindow: Current window maximized

2018-05-10 20:29:02 - [MESSAGE][PASSED] - Current window maximized

2018-05-10 20:29:02 - [TEST_STEP][PASSED] - uiaction.CommonUIActions.deleteAllCookies: uiaction.CommonUIActions.deleteAllCookies is PASSED

2018-05-10 20:29:02 - [MESSAGE][PASSED] - Delete all cookies successfully

2018-05-10 20:29:02 - [MESSAGE][PASSED] - uiaction.CommonUIActions.deleteAllCookies is PASSED

2018-05-10 20:29:02 - [TEST_STEP][PASSED] - Statement - TCflag = true: null

2018-05-10 20:29:02 - [TEST_STEP][PASSED] - Statement - Try: uiaction.CommonUIActions.click is PASSED

2018-05-10 20:29:02 - [TEST_STEP][PASSED] - navigateToUrl: Navigate to 'https://hme-dev-public-cloud-app.azurewebsites.net/' successfully

2018-05-10 20:29:05 - [MESSAGE][PASSED] - Navigate to 'https://hme-dev-public-cloud-app.azurewebsites.net/' successfully

2018-05-10 20:29:05 - [TEST_STEP][PASSED] - projectSpecific.Reusability.login: projectSpecific.Reusability.login is PASSED

2018-05-10 20:29:05 - [MESSAGE][PASSED] - projectSpecific.Reusability.getTestData is PASSED

2018-05-10 20:29:05 - [MESSAGE][PASSED] - projectSpecific.Reusability.getTestData is PASSED

2018-05-10 20:29:05 - [MESSAGE][PASSED] - Text 'selvendrank@nousinfo.com' is set on object 'Object Repository/LoginPage/Username'

2018-05-10 20:29:05 - [MESSAGE][PASSED] - Text 'nous;123' is set on object 'Object Repository/LoginPage/Password'

2018-05-10 20:29:05 - [MESSAGE][PASSED] - Object: 'Object Repository/LoginPage/Login' is clicked on

2018-05-10 20:29:05 - [MESSAGE][PASSED] - projectSpecific.Reusability.login is PASSED

2018-05-10 20:29:05 - [TEST_STEP][PASSED] - delay: Delayed 10 second(s)

2018-05-10 20:29:15 - [MESSAGE][PASSED] - Delayed 10 second(s)

2018-05-10 20:29:15 - [TEST_STEP][PASSED] - uiaction.CommonUIActions.click: uiaction.CommonUIActions.click is PASSED

2018-05-10 20:29:16 - [MESSAGE][PASSED] - uiaction.CommonUIActions.click is PASSED

2018-05-10 20:29:16 - [TEST_STEP][PASSED] - verifyElementPresent: Object 'Object Repository/SummarizedReportPage/SummaryReportheader' is present

2018-05-10 20:29:16 - [MESSAGE][PASSED] - Object 'Object Repository/SummarizedReportPage/SummaryReportheader' is present

2018-05-10 20:29:16 - [TEST_STEP][PASSED] - Statement - println("Summary Reports screen will be displayed"): null

2018-05-10 20:29:16 - [TEST_STEP][PASSED] - uiaction.CommonUIActions.click: uiaction.CommonUIActions.click is PASSED

2018-05-10 20:29:17 - [MESSAGE][PASSED] - uiaction.CommonUIActions.click is PASSED

2018-05-10 20:29:17 - [TEST_STEP][PASSED] - uiaction.CommonUIActions.click: uiaction.CommonUIActions.click is PASSED

2018-05-10 20:29:19 - [MESSAGE][PASSED] - uiaction.CommonUIActions.click is PASSED

2018-05-10 20:29:19 - [TEST_STEP][PASSED] - uiaction.CommonUIActions.click: uiaction.CommonUIActions.click is PASSED

2018-05-10 20:29:20 - [MESSAGE][PASSED] - uiaction.CommonUIActions.click is PASSED

2018-05-10 20:29:20 - [TEST_STEP][PASSED] - uiaction.CommonUIActions.click: uiaction.CommonUIActions.click is PASSED

2018-05-10 20:29:20 - [MESSAGE][PASSED] - uiaction.CommonUIActions.click is PASSED

2018-05-10 20:29:20 - [TEST_STEP][PASSED] - uiaction.CommonUIActions.enter: uiaction.CommonUIActions.enter is PASSED

2018-05-10 20:29:20 - [MESSAGE][PASSED] - projectSpecific.Reusability.getTestData is PASSED

2018-05-10 20:29:20 - [MESSAGE][PASSED] - uiaction.CommonUIActions.enter is PASSED

2018-05-10 20:29:20 - [TEST_STEP][PASSED] - uiaction.CommonUIActions.enter: uiaction.CommonUIActions.enter is PASSED

2018-05-10 20:29:20 - [MESSAGE][PASSED] - projectSpecific.Reusability.getTestData is PASSED

2018-05-10 20:29:20 - [MESSAGE][PASSED] - uiaction.CommonUIActions.enter is PASSED

2018-05-10 20:29:20 - [TEST_STEP][PASSED] - uiaction.CommonUIActions.click: uiaction.CommonUIActions.click is PASSED

2018-05-10 20:29:20 - [MESSAGE][PASSED] - uiaction.CommonUIActions.click is PASSED

2018-05-10 20:29:20 - [TEST_STEP][PASSED] - delay: Delayed 10 second(s)

2018-05-10 20:29:30 - [MESSAGE][PASSED] - Delayed 10 second(s)

2018-05-10 20:29:30 - [TEST_STEP][PASSED] - uiaction.CommonUIActions.back: uiaction.CommonUIActions.back is PASSED

2018-05-10 20:29:30 - [MESSAGE][PASSED] - Navigate back successfully

2018-05-10 20:29:30 - [MESSAGE][PASSED] - uiaction.CommonUIActions.back is PASSED

2018-05-10 20:29:30 - [TEST_STEP][PASSED] - delay: Delayed 5 second(s)

2018-05-10 20:29:35 - [MESSAGE][PASSED] - Delayed 5 second(s)

2018-05-10 20:29:35 - [TEST_STEP][PASSED] - uiaction.CommonUIActions.enter: uiaction.CommonUIActions.enter is PASSED

2018-05-10 20:29:35 - [MESSAGE][PASSED] - projectSpecific.Reusability.getTestData is PASSED

2018-05-10 20:29:35 - [MESSAGE][PASSED] - uiaction.CommonUIActions.enter is PASSED

2018-05-10 20:29:35 - [TEST_STEP][PASSED] - uiaction.CommonUIActions.enter: uiaction.CommonUIActions.enter is PASSED

2018-05-10 20:29:35 - [MESSAGE][PASSED] - projectSpecific.Reusability.getTestData is PASSED

2018-05-10 20:29:35 - [MESSAGE][PASSED] - uiaction.CommonUIActions.enter is PASSED

2018-05-10 20:29:35 - [TEST_STEP][PASSED] - uiaction.CommonUIActions.click: uiaction.CommonUIActions.click is PASSED

2018-05-10 20:29:35 - [MESSAGE][PASSED] - uiaction.CommonUIActions.click is PASSED

2018-05-10 20:29:35 - [TEST_STEP][PASSED] - delay: Delayed 10 second(s)

2018-05-10 20:29:45 - [MESSAGE][PASSED] - Delayed 10 second(s)

2018-05-10 20:29:45 - [TEST_STEP][PASSED] - uiaction.CommonUIActions.back: uiaction.CommonUIActions.back is PASSED

2018-05-10 20:29:45 - [MESSAGE][PASSED] - Navigate back successfully

2018-05-10 20:29:45 - [MESSAGE][PASSED] - uiaction.CommonUIActions.back is PASSED

2018-05-10 20:29:46 - [TEST_STEP][PASSED] - uiaction.CommonUIActions.enter: uiaction.CommonUIActions.enter is PASSED

2018-05-10 20:29:46 - [MESSAGE][PASSED] - projectSpecific.Reusability.getTestData is PASSED

2018-05-10 20:29:46 - [MESSAGE][PASSED] - uiaction.CommonUIActions.enter is PASSED

2018-05-10 20:29:46 - [TEST_STEP][PASSED] - uiaction.CommonUIActions.enter: uiaction.CommonUIActions.enter is PASSED

2018-05-10 20:29:46 - [MESSAGE][PASSED] - projectSpecific.Reusability.getTestData is PASSED

2018-05-10 20:29:46 - [MESSAGE][PASSED] - uiaction.CommonUIActions.enter is PASSED

2018-05-10 20:29:46 - [TEST_STEP][PASSED] - Statement - group1 = CustomKeywords.projectSpecific.Reusability.getTestData("ReportingGroupManagementPage", "Summarygrpname1"): projectSpecific.Reusability.getTestData is PASSED

2018-05-10 20:29:46 - [MESSAGE][PASSED] - projectSpecific.Reusability.getTestData is PASSED

2018-05-10 20:29:46 - [TEST_STEP][PASSED] - Statement - group2 = CustomKeywords.projectSpecific.Reusability.getTestData("ReportingGroupManagementPage", "Summarygrpname2"): projectSpecific.Reusability.getTestData is PASSED

2018-05-10 20:29:46 - [MESSAGE][PASSED] - projectSpecific.Reusability.getTestData is PASSED

2018-05-10 20:29:46 - [TEST_STEP][PASSED] - Statement - groupmain = CustomKeywords.projectSpecific.Reusability.getTestData("ReportingGroupManagementPage", "Summarygrp"): projectSpecific.Reusability.getTestData is PASSED

2018-05-10 20:29:46 - [MESSAGE][PASSED] - projectSpecific.Reusability.getTestData is PASSED

2018-05-10 20:29:46 - [TEST_STEP][PASSED] - delay: Delayed 10 second(s)

2018-05-10 20:29:56 - [MESSAGE][PASSED] - Delayed 10 second(s)

2018-05-10 20:29:56 - [TEST_STEP][PASSED] - Statement - driver = com.kms.katalon.core.webui.driver.DriverFactory.getWebDriver(): null

2018-05-10 20:29:56 - [TEST_STEP][PASSED] - Statement - grouplist = driver.findElements(org.openqa.selenium.By.xpath("//ul[@class='unlinked-grouplist']/li")): null

2018-05-10 20:29:56 - [TEST_STEP][PASSED] - delay: Delayed 10 second(s)

2018-05-10 20:30:06 - [MESSAGE][PASSED] - Delayed 10 second(s)

2018-05-10 20:30:06 - [TEST_STEP][PASSED] - Statement - For ([i = 0, i < grouplist.size(), (i++)]): null

2018-05-10 20:30:06 - [TEST_STEP][PASSED] - Statement - If (grouplist.get(i).getText() == group1): null

2018-05-10 20:30:06 - [TEST_STEP][PASSED] - Statement - If (grouplist.get(i).getText() == group1): null

2018-05-10 20:30:06 - [TEST_STEP][PASSED] - Statement - If (grouplist.get(i).getText() == group1): null

2018-05-10 20:30:06 - [TEST_STEP][PASSED] - Statement - If (grouplist.get(i).getText() == group1): null

2018-05-10 20:30:06 - [TEST_STEP][PASSED] - Statement - println(grouplist.get(i).getText()): null

2018-05-10 20:30:06 - [TEST_STEP][PASSED] - Statement - println(group1): null

2018-05-10 20:30:06 - [TEST_STEP][PASSED] - Statement - driver.findElement(org.openqa.selenium.By.xpath("(//ul[@class='unlinked-grouplist']/li/label)[" + i + 1 + "]")).click(): null

2018-05-10 20:30:06 - [TEST_STEP][PASSED] - Statement - driver.findElement(org.openqa.selenium.By.xpath("(//ul[@class='unlinked-grouplist']/li/label)[" + i + 2 + "]")).click(): null

2018-05-10 20:30:06 - [TEST_STEP][PASSED] - Statement - driver.findElement(org.openqa.selenium.By.xpath("//button[contains(text(),'>')]")).click(): null

2018-05-10 20:30:06 - [TEST_STEP][PASSED] - Statement - Break: null

2018-05-10 20:30:06 - [TEST_STEP][PASSED] - delay: Delayed 10 second(s)

2018-05-10 20:30:16 - [MESSAGE][PASSED] - Delayed 10 second(s)

2018-05-10 20:30:16 - [TEST_STEP][PASSED] - uiaction.CommonUIActions.click: uiaction.CommonUIActions.click is PASSED

2018-05-10 20:30:16 - [MESSAGE][PASSED] - uiaction.CommonUIActions.click is PASSED

2018-05-10 20:30:16 - [TEST_STEP][PASSED] - uiaction.CommonUIActions.click: uiaction.CommonUIActions.click is PASSED

2018-05-10 20:30:16 - [MESSAGE][PASSED] - uiaction.CommonUIActions.click is PASSED

2018-05-10 20:30:16 - [TEST_STEP][PASSED] - delay: Delayed 10 second(s)

2018-05-10 20:30:26 - [MESSAGE][PASSED] - Delayed 10 second(s)

2018-05-10 20:30:26 - [TEST_STEP][PASSED] - uiaction.CommonUIActions.click: uiaction.CommonUIActions.click is PASSED

2018-05-10 20:30:26 - [MESSAGE][PASSED] - uiaction.CommonUIActions.click is PASSED

2018-05-10 20:30:26 - [TEST_STEP][PASSED] - delay: Delayed 10 second(s)

2018-05-10 20:30:36 - [MESSAGE][PASSED] - Delayed 10 second(s)

2018-05-10 20:30:36 - [TEST_STEP][PASSED] - Statement - driver.findElement(org.openqa.selenium.By.xpath("//span[contains(text(),'" + groupmain + "')]/../../../../span[1]")).click(): null

2018-05-10 20:30:36 - [TEST_STEP][PASSED] - Statement - driver.findElement(org.openqa.selenium.By.xpath("//span[contains(text(),'" + group1 + "')]")).isDisplayed(): null

2018-05-10 20:30:36 - [TEST_STEP][PASSED] - Statement - driver.findElement(org.openqa.selenium.By.xpath("//span[contains(text(),'" + group2 + "')]")).isDisplayed(): null

2018-05-10 20:30:36 - [TEST_STEP][PASSED] - delay: Delayed 10 second(s)

2018-05-10 20:30:46 - [MESSAGE][PASSED] - Delayed 10 second(s)

2018-05-10 20:30:46 - [TEST_STEP][PASSED] - Statement - driver.findElement(org.openqa.selenium.By.xpath("//span[contains(text(),'" + groupmain + "')]")).isDisplayed(): null

2018-05-10 20:30:47 - [TEST_STEP][PASSED] - Statement - driver.findElement(org.openqa.selenium.By.xpath("//span[contains(text(),'" + group1 + "')]")).isDisplayed(): null

2018-05-10 20:30:47 - [TEST_STEP][PASSED] - Statement - driver.findElement(org.openqa.selenium.By.xpath("//span[contains(text(),'" + group2 + "')]")).isDisplayed(): null

2018-05-10 20:30:47 - [TEST_STEP][PASSED] - delay: Delayed 4 second(s)

2018-05-10 20:30:51 - [MESSAGE][PASSED] - Delayed 4 second(s)

2018-05-10 20:30:51 - [TEST_STEP][PASSED] - uiaction.CommonUIActions.click: uiaction.CommonUIActions.click is PASSED

2018-05-10 20:30:51 - [MESSAGE][PASSED] - uiaction.CommonUIActions.click is PASSED

2018-05-10 20:30:51 - [TEST_STEP][PASSED] - Statement - storesCheckBoxList = driver.findElements(org.openqa.selenium.By.xpath(com.kms.katalon.core.testdata.TestDataFactory.findTestData(OR_file).getValue(2, 4))): Reading excel file with source file 'C:\Users\shalinin\Katalon Studio\HME_Scripts\Data Files\HME_OR.xlsx' and sheet name 'Sheet1'

2018-05-10 20:30:51 - [TEST_STEP][PASSED] - Statement - storesCheckBoxListChecked = driver.findElements(org.openqa.selenium.By.xpath(com.kms.katalon.core.testdata.TestDataFactory.findTestData(OR_file).getValue(2, 14))): Reading excel file with source file 'C:\Users\shalinin\Katalon Studio\HME_Scripts\Data Files\HME_OR.xlsx' and sheet name 'Sheet1'

2018-05-10 20:30:51 - [TEST_STEP][PASSED] - Statement - If (storesCheckBoxList.size() == storesCheckBoxListChecked.size()): null

2018-05-10 20:30:51 - [TEST_STEP][PASSED] - Statement - out.println("All Store checkboxes are checked after selecting SelectAll button"): null

2018-05-10 20:30:51 - [TEST_STEP][PASSED] - delay: Delayed 4 second(s)

2018-05-10 20:30:55 - [MESSAGE][PASSED] - Delayed 4 second(s)

2018-05-10 20:30:55 - [TEST_STEP][PASSED] - Statement - defaulttimemeasureoption = CustomKeywords.uiaction.CommonUIActions.getText(com.kms.katalon.core.testobject.ObjectRepository.findTestObject(ReportsPage/defaulttimemeasujreoptiondisplayed)): uiaction.CommonUIActions.getText is PASSED

2018-05-10 20:30:55 - [MESSAGE][PASSED] - uiaction.CommonUIActions.getText is PASSED

2018-05-10 20:30:55 - [TEST_STEP][PASSED] - Statement - If (defaulttimemeasureoption == "Day"): null

2018-05-10 20:30:55 - [TEST_STEP][PASSED] - Statement - out.println("Default time measure value displayed as 'Day' "): null

2018-05-10 20:30:55 - [TEST_STEP][PASSED] - Statement - timemeasureoptions = driver.findElements(org.openqa.selenium.By.xpath("//select[@class='time-measures']/option")): null

2018-05-10 20:30:55 - [TEST_STEP][PASSED] - Statement - timemeasureoption_excel = CustomKeywords.projectSpecific.Reusability.getTestData("ReportsPage", "timemeasureoptions"): projectSpecific.Reusability.getTestData is PASSED

2018-05-10 20:30:55 - [MESSAGE][PASSED] - projectSpecific.Reusability.getTestData is PASSED

2018-05-10 20:30:55 - [TEST_STEP][PASSED] - Statement - timemeasureoption_excelsplit = timemeasureoption_excel.split(","): null

2018-05-10 20:30:55 - [TEST_STEP][PASSED] - Statement - For ([i = 0, i < timemeasureoptions.size(), (i++)]): null

2018-05-10 20:30:55 - [TEST_STEP][PASSED] - Statement - If (timemeasureoptions.get(i).getText() == timemeasureoption_excelsplit[i]): null

2018-05-10 20:30:55 - [TEST_STEP][PASSED] - Statement - out.println("Options are displayed correctly "): null

2018-05-10 20:30:55 - [TEST_STEP][PASSED] - Statement - If (timemeasureoptions.get(i).getText() == timemeasureoption_excelsplit[i]): null

2018-05-10 20:30:55 - [TEST_STEP][PASSED] - Statement - out.println("Options are displayed correctly "): null

2018-05-10 20:30:55 - [TEST_STEP][PASSED] - Statement - If (timemeasureoptions.get(i).getText() == timemeasureoption_excelsplit[i]): null

2018-05-10 20:30:55 - [TEST_STEP][PASSED] - Statement - out.println("Options are displayed correctly "): null

2018-05-10 20:30:55 - [TEST_STEP][PASSED] - Statement - If (timemeasureoptions.get(i).getText() == timemeasureoption_excelsplit[i]): null

2018-05-10 20:30:55 - [TEST_STEP][PASSED] - Statement - out.println("Options are displayed correctly "): null

2018-05-10 20:30:55 - [TEST_STEP][PASSED] - Statement - default_from_date = CustomKeywords.uiaction.CommonUIActions.getAttribute(com.kms.katalon.core.testobject.ObjectRepository.findTestObject(ReportsPage/Fromdatedisplay), "value"): uiaction.CommonUIActions.getAttribute is PASSED

2018-05-10 20:30:55 - [MESSAGE][PASSED] - Attribute 'value' of object 'Object Repository/ReportsPage/Fromdatedisplay' is: '05/10/2018'

2018-05-10 20:30:55 - [MESSAGE][PASSED] - uiaction.CommonUIActions.getAttribute is PASSED

2018-05-10 20:30:55 - [TEST_STEP][PASSED] - Statement - default_to_date = CustomKeywords.uiaction.CommonUIActions.getAttribute(com.kms.katalon.core.testobject.ObjectRepository.findTestObject(ReportsPage/reporttodatedisplayed), "value"): uiaction.CommonUIActions.getAttribute is PASSED

2018-05-10 20:30:55 - [MESSAGE][PASSED] - Attribute 'value' of object 'Object Repository/ReportsPage/reporttodatedisplayed' is: '05/10/2018'

2018-05-10 20:30:55 - [MESSAGE][PASSED] - uiaction.CommonUIActions.getAttribute is PASSED

2018-05-10 20:30:55 - [TEST_STEP][PASSED] - Statement - dateFormat = new java.text.SimpleDateFormat(MM/dd/yyyy): null

2018-05-10 20:30:55 - [TEST_STEP][PASSED] - Statement - date = new java.util.Date(): null

2018-05-10 20:30:55 - [TEST_STEP][PASSED] - Statement - fromdate = dateFormat.format(date): null

2018-05-10 20:30:55 - [TEST_STEP][PASSED] - Statement - If (default_from_date == fromdate): null

2018-05-10 20:30:55 - [TEST_STEP][PASSED] - Statement - out.println("From date is displayed current date "): null

2018-05-10 20:30:55 - [TEST_STEP][PASSED] - Statement - If (default_to_date == fromdate): null

2018-05-10 20:30:55 - [TEST_STEP][PASSED] - Statement - out.println("To date is displayed current date "): null

2018-05-10 20:30:55 - [TEST_STEP][PASSED] - uiaction.CommonUIActions.click: uiaction.CommonUIActions.click is PASSED

2018-05-10 20:30:55 - [MESSAGE][PASSED] - uiaction.CommonUIActions.click is PASSED

2018-05-10 20:30:55 - [TEST_STEP][PASSED] - Statement - opencheckbox = CustomKeywords.uiaction.CommonUIActions.isEnabled(com.kms.katalon.core.testobject.ObjectRepository.findTestObject(ReportsPage/Report_opencheckbox)): uiaction.CommonUIActions.isEnabled is PASSED

2018-05-10 20:30:55 - [MESSAGE][PASSED] - uiaction.CommonUIActions.isEnabled is PASSED

2018-05-10 20:30:55 - [TEST_STEP][PASSED] - Statement - If (!(opencheckbox)): null

2018-05-10 20:30:55 - [TEST_STEP][PASSED] - Statement - out.println("Open checkbox is checked bydefault"): null

2018-05-10 20:30:55 - [TEST_STEP][PASSED] - uiaction.CommonUIActions.click: uiaction.CommonUIActions.click is PASSED

2018-05-10 20:30:55 - [MESSAGE][PASSED] - uiaction.CommonUIActions.click is PASSED

2018-05-10 20:30:55 - [TEST_STEP][PASSED] - uiaction.CommonUIActions.click: uiaction.CommonUIActions.click is PASSED

2018-05-10 20:30:55 - [MESSAGE][PASSED] - uiaction.CommonUIActions.click is PASSED

2018-05-10 20:30:55 - [TEST_STEP][PASSED] - verifyElementPresent: Object 'Object Repository/ReportsPage/advancedoption_am' is present

2018-05-10 20:30:55 - [MESSAGE][PASSED] - Object 'Object Repository/ReportsPage/advancedoption_am' is present

2018-05-10 20:30:55 - [TEST_STEP][PASSED] - verifyElementPresent: Object 'Object Repository/ReportsPage/advanceoptions_pm' is present

2018-05-10 20:30:55 - [MESSAGE][PASSED] - Object 'Object Repository/ReportsPage/advanceoptions_pm' is present

2018-05-10 20:30:55 - [TEST_STEP][PASSED] - verifyElementPresent: Object 'Object Repository/ReportsPage/type_timeslice' is present

2018-05-10 20:30:55 - [MESSAGE][PASSED] - Object 'Object Repository/ReportsPage/type_timeslice' is present

2018-05-10 20:30:55 - [TEST_STEP][PASSED] - verifyElementPresent: Object 'Object Repository/ReportsPage/Type_Cumulative' is present

2018-05-10 20:30:55 - [MESSAGE][PASSED] - Object 'Object Repository/ReportsPage/Type_Cumulative' is present

2018-05-10 20:30:55 - [TEST_STEP][PASSED] - Statement - cumulativecheckbox = CustomKeywords.uiaction.CommonUIActions.isEnabled(com.kms.katalon.core.testobject.ObjectRepository.findTestObject(ReportsPage/Type_Cumulative)): uiaction.CommonUIActions.isEnabled is PASSED

2018-05-10 20:30:55 - [MESSAGE][PASSED] - uiaction.CommonUIActions.isEnabled is PASSED

2018-05-10 20:30:55 - [TEST_STEP][PASSED] - Statement - If (cumulativecheckbox): null

2018-05-10 20:30:55 - [TEST_STEP][PASSED] - Statement - out.println("Cumulative checkbox is checked bydefault"): null

2018-05-10 20:30:55 - [TEST_STEP][PASSED] - verifyElementPresent: Object 'Object Repository/ReportsPage/Include_logesttime' is present

2018-05-10 20:30:55 - [MESSAGE][PASSED] - Object 'Object Repository/ReportsPage/Include_logesttime' is present

2018-05-10 20:30:55 - [TEST_STEP][PASSED] - verifyElementPresent: Object 'Object Repository/ReportsPage/Include_systemstatestics' is present

2018-05-10 20:30:55 - [MESSAGE][PASSED] - Object 'Object Repository/ReportsPage/Include_systemstatestics' is present

2018-05-10 20:30:55 - [TEST_STEP][PASSED] - verifyElementPresent: Object 'Object Repository/ReportsPage/Format_secands' is present

2018-05-10 20:30:55 - [MESSAGE][PASSED] - Object 'Object Repository/ReportsPage/Format_secands' is present

2018-05-10 20:30:55 - [TEST_STEP][PASSED] - verifyElementPresent: Object 'Object Repository/ReportsPage/Format_minute' is present

2018-05-10 20:30:55 - [MESSAGE][PASSED] - Object 'Object Repository/ReportsPage/Format_minute' is present

2018-05-10 20:30:55 - [TEST_STEP][PASSED] - verifyElementPresent: Object 'Object Repository/ReportsPage/Report_savedreport' is present

2018-05-10 20:30:55 - [MESSAGE][PASSED] - Object 'Object Repository/ReportsPage/Report_savedreport' is present

2018-05-10 20:30:55 - [TEST_STEP][PASSED] - Statement - fromdatecritiria = CustomKeywords.uiaction.CommonUIActions.getText(com.kms.katalon.core.testobject.ObjectRepository.findTestObject(ReportsPage/critiria_fromdate)): uiaction.CommonUIActions.getText is PASSED

2018-05-10 20:30:55 - [MESSAGE][PASSED] - uiaction.CommonUIActions.getText is PASSED

2018-05-10 20:30:55 - [TEST_STEP][PASSED] - Statement - fromdatecritiriasplit = fromdatecritiria.split(":"): null

2018-05-10 20:30:55 - [TEST_STEP][PASSED] - Statement - If (fromdatecritiriasplit[1] == fromdate): null

2018-05-10 20:30:55 - [TEST_STEP][PASSED] - Statement - out.println("From date displaying current date"): null

2018-05-10 20:30:55 - [TEST_STEP][PASSED] - Statement - todatecritiria = CustomKeywords.uiaction.CommonUIActions.getText(com.kms.katalon.core.testobject.ObjectRepository.findTestObject(ReportsPage/critiria_todate)): uiaction.CommonUIActions.getText is PASSED

2018-05-10 20:30:55 - [MESSAGE][PASSED] - uiaction.CommonUIActions.getText is PASSED

2018-05-10 20:30:55 - [TEST_STEP][PASSED] - Statement - todatecritiriasplit = todatecritiria.split(":"): null

2018-05-10 20:30:55 - [TEST_STEP][PASSED] - Statement - If (todatecritiriasplit[1] == fromdate): null

2018-05-10 20:30:55 - [TEST_STEP][PASSED] - Statement - out.println("To date displaying current date"): null

2018-05-10 20:30:55 - [TEST_STEP][PASSED] - verifyElementPresent: Object 'Object Repository/ReportsPage/report_saveastemplate' is present

2018-05-10 20:30:56 - [MESSAGE][PASSED] - Object 'Object Repository/ReportsPage/report_saveastemplate' is present

2018-05-10 20:30:56 - [TEST_STEP][PASSED] - verifyElementPresent: Object 'Object Repository/ReportsPage/templatename_field' is present

2018-05-10 20:30:56 - [MESSAGE][PASSED] - Object 'Object Repository/ReportsPage/templatename_field' is present

2018-05-10 20:30:56 - [TEST_STEP][PASSED] - verifyElementPresent: Object 'Object Repository/ReportsPage/report_submit' is present

2018-05-10 20:30:56 - [MESSAGE][PASSED] - Object 'Object Repository/ReportsPage/report_submit' is present

2018-05-10 20:30:56 - [TEST_STEP][PASSED] - uiaction.CommonUIActions.click: uiaction.CommonUIActions.click is PASSED

2018-05-10 20:30:57 - [MESSAGE][PASSED] - uiaction.CommonUIActions.click is PASSED

2018-05-10 20:30:57 - [TEST_STEP][PASSED] - uiaction.CommonUIActions.click: uiaction.CommonUIActions.click is PASSED

2018-05-10 20:30:58 - [MESSAGE][PASSED] - uiaction.CommonUIActions.click is PASSED

2018-05-10 20:30:58 - [TEST_STEP][PASSED] - uiaction.CommonUIActions.click: uiaction.CommonUIActions.click is PASSED

2018-05-10 20:30:58 - [MESSAGE][PASSED] - uiaction.CommonUIActions.click is PASSED

2018-05-10 20:30:58 - [TEST_STEP][PASSED] - delay: Delayed 5 second(s)

2018-05-10 20:31:03 - [MESSAGE][PASSED] - Delayed 5 second(s)

2018-05-10 20:31:03 - [TEST_STEP][PASSED] - uiaction.CommonUIActions.click: uiaction.CommonUIActions.click is PASSED

2018-05-10 20:31:04 - [MESSAGE][PASSED] - uiaction.CommonUIActions.click is PASSED

2018-05-10 20:31:04 - [TEST_STEP][PASSED] - delay: Delayed 5 second(s)

2018-05-10 20:31:09 - [MESSAGE][PASSED] - Delayed 5 second(s)

2018-05-10 20:31:09 - [TEST_STEP][PASSED] - uiaction.CommonUIActions.click: uiaction.CommonUIActions.click is PASSED

2018-05-10 20:31:09 - [MESSAGE][PASSED] - uiaction.CommonUIActions.click is PASSED

2018-05-10 20:31:09 - [TEST_STEP][PASSED] - uiaction.CommonUIActions.click: uiaction.CommonUIActions.click is PASSED

2018-05-10 20:31:09 - [MESSAGE][PASSED] - uiaction.CommonUIActions.click is PASSED

2018-05-10 20:31:09 - [TEST_STEP][PASSED] - uiaction.CommonUIActions.back: uiaction.CommonUIActions.back is PASSED

2018-05-10 20:31:09 - [MESSAGE][PASSED] - Navigate back successfully

2018-05-10 20:31:09 - [MESSAGE][PASSED] - uiaction.CommonUIActions.back is PASSED

2018-05-10 20:31:09 - [TEST_STEP][PASSED] - delay: Delayed 5 second(s)

2018-05-10 20:31:14 - [MESSAGE][PASSED] - Delayed 5 second(s)

2018-05-10 20:31:14 - [TEST_STEP][PASSED] - uiaction.CommonUIActions.back: uiaction.CommonUIActions.back is PASSED

2018-05-10 20:31:14 - [MESSAGE][PASSED] - Navigate back successfully

2018-05-10 20:31:14 - [MESSAGE][PASSED] - uiaction.CommonUIActions.back is PASSED

2018-05-10 20:31:14 - [TEST_STEP][PASSED] - delay: Delayed 5 second(s)

2018-05-10 20:31:19 - [MESSAGE][PASSED] - Delayed 5 second(s)

2018-05-10 20:31:19 - [TEST_STEP][PASSED] - uiaction.CommonUIActions.click: uiaction.CommonUIActions.click is PASSED

2018-05-10 20:31:19 - [MESSAGE][PASSED] - uiaction.CommonUIActions.click is PASSED

2018-05-10 20:31:19 - [TEST_STEP][PASSED] - uiaction.CommonUIActions.click: uiaction.CommonUIActions.click is PASSED

2018-05-10 20:31:19 - [MESSAGE][PASSED] - uiaction.CommonUIActions.click is PASSED

2018-05-10 20:31:19 - [TEST_STEP][PASSED] - uiaction.CommonUIActions.click: uiaction.CommonUIActions.click is PASSED

2018-05-10 20:31:19 - [MESSAGE][PASSED] - uiaction.CommonUIActions.click is PASSED

2018-05-10 20:31:19 - [TEST_STEP][PASSED] - uiaction.CommonUIActions.back: uiaction.CommonUIActions.back is PASSED

2018-05-10 20:31:19 - [MESSAGE][PASSED] - Navigate back successfully

2018-05-10 20:31:19 - [MESSAGE][PASSED] - uiaction.CommonUIActions.back is PASSED

2018-05-10 20:31:19 - [TEST_STEP][PASSED] - delay: Delayed 5 second(s)

2018-05-10 20:31:24 - [MESSAGE][PASSED] - Delayed 5 second(s)

2018-05-10 20:31:24 - [TEST_STEP][PASSED] - uiaction.CommonUIActions.back: uiaction.CommonUIActions.back is PASSED

2018-05-10 20:31:24 - [MESSAGE][PASSED] - Navigate back successfully

2018-05-10 20:31:24 - [MESSAGE][PASSED] - uiaction.CommonUIActions.back is PASSED

2018-05-10 20:31:24 - [TEST_STEP][PASSED] - delay: Delayed 5 second(s)

2018-05-10 20:31:29 - [MESSAGE][PASSED] - Delayed 5 second(s)

2018-05-10 20:31:29 - [TEST_STEP][PASSED] - uiaction.CommonUIActions.click: uiaction.CommonUIActions.click is PASSED

2018-05-10 20:31:29 - [MESSAGE][PASSED] - uiaction.CommonUIActions.click is PASSED

2018-05-10 20:31:29 - [TEST_STEP][PASSED] - uiaction.CommonUIActions.click: uiaction.CommonUIActions.click is PASSED

2018-05-10 20:31:29 - [MESSAGE][PASSED] - uiaction.CommonUIActions.click is PASSED

2018-05-10 20:31:29 - [TEST_STEP][PASSED] - uiaction.CommonUIActions.click: uiaction.CommonUIActions.click is PASSED

2018-05-10 20:31:29 - [MESSAGE][PASSED] - uiaction.CommonUIActions.click is PASSED

2018-05-10 20:31:29 - [TEST_STEP][PASSED] - uiaction.CommonUIActions.click: uiaction.CommonUIActions.click is PASSED

2018-05-10 20:31:34 - [MESSAGE][PASSED] - uiaction.CommonUIActions.click is PASSED

2018-05-10 20:31:34 - [TEST_STEP][PASSED] - Statement - assert TCflag == true: null

2018-05-10 20:31:34 - [TEST_STEP][PASSED] - Start listener action : sampleAfterTestCase: Browser is closed

2018-05-10 20:31:34 - [TEST_STEP][PASSED] - Statement - println(testCaseContext.getTestCaseId()): null

2018-05-10 20:31:34 - [TEST_STEP][PASSED] - Statement - println(testCaseContext.getTestCaseStatus()): null

2018-05-10 20:31:34 - [TEST_STEP][PASSED] - closeBrowser: Browser is closed

2018-05-10 20:31:35 - [MESSAGE][PASSED] - Browser is closed]]></system-out>
         <system-err><![CDATA[]]></system-err>
      </testcase>
      <testcase name="Test Cases/SummaryReportsTC/HME-Summary Report-07" classname="Test Cases/SummaryReportsTC/HME-Summary Report-07" status="PASSED">
         <system-out><![CDATA[2018-05-10 20:31:35 - [TEST_CASE][PASSED] - Test Cases/SummaryReportsTC/HME-Summary Report-07: Browser is closed

2018-05-10 20:31:35 - [TEST_STEP][PASSED] - Start listener action : sampleBeforeTestCase: uiaction.CommonUIActions.deleteAllCookies is PASSED

2018-05-10 20:31:35 - [TEST_STEP][PASSED] - openBrowser: Browser is opened with url: ''

2018-05-10 20:31:37 - [MESSAGE][PASSED] - Browser is opened with url: ''

2018-05-10 20:31:37 - [TEST_STEP][PASSED] - maximizeWindow: Current window maximized

2018-05-10 20:31:38 - [MESSAGE][PASSED] - Current window maximized

2018-05-10 20:31:38 - [TEST_STEP][PASSED] - uiaction.CommonUIActions.deleteAllCookies: uiaction.CommonUIActions.deleteAllCookies is PASSED

2018-05-10 20:31:38 - [MESSAGE][PASSED] - Delete all cookies successfully

2018-05-10 20:31:38 - [MESSAGE][PASSED] - uiaction.CommonUIActions.deleteAllCookies is PASSED

2018-05-10 20:31:39 - [TEST_STEP][PASSED] - Statement - TCflag = true: null

2018-05-10 20:31:39 - [TEST_STEP][PASSED] - Statement - Try: uiaction.CommonUIActions.click is PASSED

2018-05-10 20:31:39 - [TEST_STEP][PASSED] - navigateToUrl: Navigate to 'https://hme-dev-public-cloud-app.azurewebsites.net/' successfully

2018-05-10 20:31:41 - [MESSAGE][PASSED] - Navigate to 'https://hme-dev-public-cloud-app.azurewebsites.net/' successfully

2018-05-10 20:31:41 - [TEST_STEP][PASSED] - projectSpecific.Reusability.login: projectSpecific.Reusability.login is PASSED

2018-05-10 20:31:41 - [MESSAGE][PASSED] - projectSpecific.Reusability.getTestData is PASSED

2018-05-10 20:31:41 - [MESSAGE][PASSED] - projectSpecific.Reusability.getTestData is PASSED

2018-05-10 20:31:41 - [MESSAGE][PASSED] - Text 'selvendrank@nousinfo.com' is set on object 'Object Repository/LoginPage/Username'

2018-05-10 20:31:41 - [MESSAGE][PASSED] - Text 'nous;123' is set on object 'Object Repository/LoginPage/Password'

2018-05-10 20:31:42 - [MESSAGE][PASSED] - Object: 'Object Repository/LoginPage/Login' is clicked on

2018-05-10 20:31:42 - [MESSAGE][PASSED] - projectSpecific.Reusability.login is PASSED

2018-05-10 20:31:42 - [TEST_STEP][PASSED] - uiaction.CommonUIActions.click: uiaction.CommonUIActions.click is PASSED

2018-05-10 20:31:51 - [MESSAGE][PASSED] - uiaction.CommonUIActions.click is PASSED

2018-05-10 20:31:51 - [TEST_STEP][PASSED] - delay: Delayed 10 second(s)

2018-05-10 20:32:01 - [MESSAGE][PASSED] - Delayed 10 second(s)

2018-05-10 20:32:01 - [TEST_STEP][PASSED] - uiaction.CommonUIActions.click: uiaction.CommonUIActions.click is PASSED

2018-05-10 20:32:02 - [MESSAGE][PASSED] - uiaction.CommonUIActions.click is PASSED

2018-05-10 20:32:02 - [TEST_STEP][PASSED] - uiaction.CommonUIActions.click: uiaction.CommonUIActions.click is PASSED

2018-05-10 20:32:04 - [MESSAGE][PASSED] - uiaction.CommonUIActions.click is PASSED

2018-05-10 20:32:04 - [TEST_STEP][PASSED] - uiaction.CommonUIActions.click: uiaction.CommonUIActions.click is PASSED

2018-05-10 20:32:04 - [MESSAGE][PASSED] - uiaction.CommonUIActions.click is PASSED

2018-05-10 20:32:04 - [TEST_STEP][PASSED] - uiaction.CommonUIActions.click: uiaction.CommonUIActions.click is PASSED

2018-05-10 20:32:05 - [MESSAGE][PASSED] - uiaction.CommonUIActions.click is PASSED

2018-05-10 20:32:05 - [TEST_STEP][PASSED] - Statement - storeID = CustomKeywords.uiaction.CommonUIActions.getText(com.kms.katalon.core.testobject.ObjectRepository.findTestObject(StorePage/storeID)): uiaction.CommonUIActions.getText is PASSED

2018-05-10 20:32:05 - [MESSAGE][PASSED] - uiaction.CommonUIActions.getText is PASSED

2018-05-10 20:32:05 - [TEST_STEP][PASSED] - Statement - storenumber = storeID.trim(): null

2018-05-10 20:32:05 - [TEST_STEP][PASSED] - Statement - println(storenumber): null

2018-05-10 20:32:05 - [TEST_STEP][PASSED] - uiaction.CommonUIActions.click: uiaction.CommonUIActions.click is PASSED

2018-05-10 20:32:06 - [MESSAGE][PASSED] - uiaction.CommonUIActions.click is PASSED

2018-05-10 20:32:06 - [TEST_STEP][PASSED] - delay: Delayed 10 second(s)

2018-05-10 20:32:16 - [MESSAGE][PASSED] - Delayed 10 second(s)

2018-05-10 20:32:16 - [TEST_STEP][PASSED] - uiaction.CommonUIActions.click: uiaction.CommonUIActions.click is PASSED

2018-05-10 20:32:18 - [MESSAGE][PASSED] - uiaction.CommonUIActions.click is PASSED

2018-05-10 20:32:18 - [TEST_STEP][PASSED] - uiaction.CommonUIActions.click: uiaction.CommonUIActions.click is PASSED

2018-05-10 20:32:19 - [MESSAGE][PASSED] - uiaction.CommonUIActions.click is PASSED

2018-05-10 20:32:19 - [TEST_STEP][PASSED] - uiaction.CommonUIActions.click: uiaction.CommonUIActions.click is PASSED

2018-05-10 20:32:19 - [MESSAGE][PASSED] - uiaction.CommonUIActions.click is PASSED

2018-05-10 20:32:19 - [TEST_STEP][PASSED] - uiaction.CommonUIActions.enter: uiaction.CommonUIActions.enter is PASSED

2018-05-10 20:32:19 - [MESSAGE][PASSED] - projectSpecific.Reusability.getTestData is PASSED

2018-05-10 20:32:19 - [MESSAGE][PASSED] - uiaction.CommonUIActions.enter is PASSED

2018-05-10 20:32:19 - [TEST_STEP][PASSED] - uiaction.CommonUIActions.enter: uiaction.CommonUIActions.enter is PASSED

2018-05-10 20:32:19 - [MESSAGE][PASSED] - projectSpecific.Reusability.getTestData is PASSED

2018-05-10 20:32:19 - [MESSAGE][PASSED] - uiaction.CommonUIActions.enter is PASSED

2018-05-10 20:32:19 - [TEST_STEP][PASSED] - delay: Delayed 10 second(s)

2018-05-10 20:32:29 - [MESSAGE][PASSED] - Delayed 10 second(s)

2018-05-10 20:32:29 - [TEST_STEP][PASSED] - Statement - driver = com.kms.katalon.core.webui.driver.DriverFactory.getWebDriver(): null

2018-05-10 20:32:29 - [TEST_STEP][PASSED] - Statement - grouplist = driver.findElements(org.openqa.selenium.By.xpath("//ul[@class='unlinked-grouplist']/li")): null

2018-05-10 20:32:29 - [TEST_STEP][PASSED] - delay: Delayed 5 second(s)

2018-05-10 20:32:34 - [MESSAGE][PASSED] - Delayed 5 second(s)

2018-05-10 20:32:34 - [TEST_STEP][PASSED] - Statement - For ([i = 0, i < grouplist.size(), (i++)]): null

2018-05-10 20:32:34 - [TEST_STEP][PASSED] - Statement - println(grouplist.get(i).getText()): null

2018-05-10 20:32:34 - [TEST_STEP][PASSED] - Statement - If (grouplist.get(i).getText().contains(storenumber)): null

2018-05-10 20:32:34 - [TEST_STEP][PASSED] - Statement - println(grouplist.get(i).getText()): null

2018-05-10 20:32:34 - [TEST_STEP][PASSED] - Statement - If (grouplist.get(i).getText().contains(storenumber)): null

2018-05-10 20:32:34 - [TEST_STEP][PASSED] - Statement - println(grouplist.get(i).getText()): null

2018-05-10 20:32:34 - [TEST_STEP][PASSED] - Statement - If (grouplist.get(i).getText().contains(storenumber)): null

2018-05-10 20:32:34 - [TEST_STEP][PASSED] - Statement - println(grouplist.get(i).getText()): null

2018-05-10 20:32:34 - [TEST_STEP][PASSED] - Statement - If (grouplist.get(i).getText().contains(storenumber)): null

2018-05-10 20:32:34 - [TEST_STEP][PASSED] - Statement - println(grouplist.get(i).getText()): null

2018-05-10 20:32:34 - [TEST_STEP][PASSED] - Statement - If (grouplist.get(i).getText().contains(storenumber)): null

2018-05-10 20:32:34 - [TEST_STEP][PASSED] - Statement - println(grouplist.get(i).getText()): null

2018-05-10 20:32:34 - [TEST_STEP][PASSED] - Statement - If (grouplist.get(i).getText().contains(storenumber)): null

2018-05-10 20:32:34 - [TEST_STEP][PASSED] - Statement - println(grouplist.get(i).getText()): null

2018-05-10 20:32:34 - [TEST_STEP][PASSED] - Statement - If (grouplist.get(i).getText().contains(storenumber)): null

2018-05-10 20:32:34 - [TEST_STEP][PASSED] - Statement - println(grouplist.get(i).getText()): null

2018-05-10 20:32:34 - [TEST_STEP][PASSED] - Statement - If (grouplist.get(i).getText().contains(storenumber)): null

2018-05-10 20:32:34 - [TEST_STEP][PASSED] - Statement - println(grouplist.get(i).getText()): null

2018-05-10 20:32:34 - [TEST_STEP][PASSED] - Statement - If (grouplist.get(i).getText().contains(storenumber)): null

2018-05-10 20:32:34 - [TEST_STEP][PASSED] - Statement - println(grouplist.get(i).getText()): null

2018-05-10 20:32:34 - [TEST_STEP][PASSED] - Statement - If (grouplist.get(i).getText().contains(storenumber)): null

2018-05-10 20:32:34 - [TEST_STEP][PASSED] - Statement - println(grouplist.get(i).getText()): null

2018-05-10 20:32:34 - [TEST_STEP][PASSED] - Statement - If (grouplist.get(i).getText().contains(storenumber)): null

2018-05-10 20:32:34 - [TEST_STEP][PASSED] - Statement - println(grouplist.get(i).getText()): null

2018-05-10 20:32:34 - [TEST_STEP][PASSED] - Statement - If (grouplist.get(i).getText().contains(storenumber)): null

2018-05-10 20:32:34 - [TEST_STEP][PASSED] - Statement - println(grouplist.get(i).getText()): null

2018-05-10 20:32:34 - [TEST_STEP][PASSED] - Statement - If (grouplist.get(i).getText().contains(storenumber)): null

2018-05-10 20:32:34 - [TEST_STEP][PASSED] - Statement - println(grouplist.get(i).getText()): null

2018-05-10 20:32:34 - [TEST_STEP][PASSED] - Statement - If (grouplist.get(i).getText().contains(storenumber)): null

2018-05-10 20:32:34 - [TEST_STEP][PASSED] - Statement - driver.findElement(org.openqa.selenium.By.xpath("(//ul[@class='unlinked-grouplist']/li/label)[" + i + 1 + "]")).click(): null

2018-05-10 20:32:35 - [TEST_STEP][PASSED] - Statement - driver.findElement(org.openqa.selenium.By.xpath("//button[contains(text(),'>')]")).click(): null

2018-05-10 20:32:35 - [TEST_STEP][PASSED] - Statement - Break: null

2018-05-10 20:32:35 - [TEST_STEP][PASSED] - delay: Delayed 10 second(s)

2018-05-10 20:32:45 - [MESSAGE][PASSED] - Delayed 10 second(s)

2018-05-10 20:32:45 - [TEST_STEP][PASSED] - uiaction.CommonUIActions.click: uiaction.CommonUIActions.click is PASSED

2018-05-10 20:32:45 - [MESSAGE][PASSED] - uiaction.CommonUIActions.click is PASSED

2018-05-10 20:32:45 - [TEST_STEP][PASSED] - uiaction.CommonUIActions.click: uiaction.CommonUIActions.click is PASSED

2018-05-10 20:32:45 - [MESSAGE][PASSED] - uiaction.CommonUIActions.click is PASSED

2018-05-10 20:32:45 - [TEST_STEP][PASSED] - delay: Delayed 10 second(s)

2018-05-10 20:32:55 - [MESSAGE][PASSED] - Delayed 10 second(s)

2018-05-10 20:32:55 - [TEST_STEP][PASSED] - uiaction.CommonUIActions.click: uiaction.CommonUIActions.click is PASSED

2018-05-10 20:32:55 - [MESSAGE][PASSED] - uiaction.CommonUIActions.click is PASSED

2018-05-10 20:32:55 - [TEST_STEP][PASSED] - delay: Delayed 10 second(s)

2018-05-10 20:33:05 - [MESSAGE][PASSED] - Delayed 10 second(s)

2018-05-10 20:33:05 - [TEST_STEP][PASSED] - Statement - groupmain = CustomKeywords.projectSpecific.Reusability.getTestData("ReportingGroupManagementPage", "dummyGroupName1"): projectSpecific.Reusability.getTestData is PASSED

2018-05-10 20:33:05 - [MESSAGE][PASSED] - projectSpecific.Reusability.getTestData is PASSED

2018-05-10 20:33:05 - [TEST_STEP][PASSED] - Statement - driver.findElement(org.openqa.selenium.By.xpath("//span[contains(text(),'" + groupmain + "')]/../../../../span[1]")).click(): null

2018-05-10 20:33:05 - [TEST_STEP][PASSED] - Statement - driver.findElement(org.openqa.selenium.By.xpath("//span[contains(text(),'" + storenumber.trim() + "')]")).isDisplayed(): null

2018-05-10 20:33:05 - [TEST_STEP][PASSED] - Statement - driver.findElement(org.openqa.selenium.By.xpath("//span[contains(text(),'" + groupmain + "')]/../../../../span[2]")).click(): null

2018-05-10 20:33:05 - [TEST_STEP][PASSED] - Statement - storesInCriteriaTextBox = CustomKeywords.uiaction.CommonUIActions.getText(com.kms.katalon.core.testobject.ObjectRepository.findTestObject(ReportsPage/cretiria_store)): uiaction.CommonUIActions.getText is PASSED

2018-05-10 20:33:05 - [MESSAGE][PASSED] - uiaction.CommonUIActions.getText is PASSED

2018-05-10 20:33:05 - [TEST_STEP][PASSED] - Statement - If (storesInCriteriaTextBox.contains(storenumber)): null

2018-05-10 20:33:05 - [TEST_STEP][PASSED] - Statement - println("Store is displayed in Criteria free text box"): null

2018-05-10 20:33:05 - [TEST_STEP][PASSED] - click: Object: 'Object Repository/ReportsPage/timeSelection' is clicked on

2018-05-10 20:33:05 - [MESSAGE][PASSED] - Object: 'Object Repository/ReportsPage/timeSelection' is clicked on

2018-05-10 20:33:05 - [TEST_STEP][PASSED] - click: Object: 'Object Repository/ReportsPage/weekTimeOption' is clicked on

2018-05-10 20:33:05 - [MESSAGE][PASSED] - Object: 'Object Repository/ReportsPage/weekTimeOption' is clicked on

2018-05-10 20:33:05 - [TEST_STEP][PASSED] - click: Object: 'Object Repository/ReportsPage/summaryReportHeading' is clicked on

2018-05-10 20:33:05 - [MESSAGE][PASSED] - Object: 'Object Repository/ReportsPage/summaryReportHeading' is clicked on

2018-05-10 20:33:05 - [TEST_STEP][PASSED] - verifyElementText: Actual text and expected text of test object 'Object Repository/ReportsPage/weekTimeOption' are matched.

2018-05-10 20:33:05 - [MESSAGE][PASSED] - projectSpecific.Reusability.getTestData is PASSED

2018-05-10 20:33:06 - [MESSAGE][PASSED] - Actual text and expected text of test object 'Object Repository/ReportsPage/weekTimeOption' are matched.

2018-05-10 20:33:06 - [TEST_STEP][PASSED] - verifyElementText: Actual text and expected text of test object 'Object Repository/ReportsPage/criteriaTimeMeasure' are matched.

2018-05-10 20:33:06 - [MESSAGE][PASSED] - projectSpecific.Reusability.getTestData is PASSED

2018-05-10 20:33:06 - [MESSAGE][PASSED] - Actual text and expected text of test object 'Object Repository/ReportsPage/criteriaTimeMeasure' are matched.

2018-05-10 20:33:06 - [TEST_STEP][PASSED] - delay: Delayed 5 second(s)

2018-05-10 20:33:11 - [MESSAGE][PASSED] - Delayed 5 second(s)

2018-05-10 20:33:11 - [TEST_STEP][PASSED] - click: Object: 'Object Repository/ReportsPage/fromDateSelector' is clicked on

2018-05-10 20:33:11 - [MESSAGE][PASSED] - Object: 'Object Repository/ReportsPage/fromDateSelector' is clicked on

2018-05-10 20:33:11 - [TEST_STEP][PASSED] - delay: Delayed 5 second(s)

2018-05-10 20:33:16 - [MESSAGE][PASSED] - Delayed 5 second(s)

2018-05-10 20:33:16 - [TEST_STEP][PASSED] - Statement - monthText = com.kms.katalon.core.webui.keyword.WebUiBuiltInKeywords.getText(com.kms.katalon.core.testobject.ObjectRepository.findTestObject(ReportsPage/monthText)): Text of object 'Object Repository/ReportsPage/monthText' is: 'May 2018'

2018-05-10 20:33:16 - [MESSAGE][PASSED] - Text of object 'Object Repository/ReportsPage/monthText' is: 'May 2018'

2018-05-10 20:33:16 - [TEST_STEP][PASSED] - Statement - monthTextArray = monthText.split(" "): null

2018-05-10 20:33:16 - [TEST_STEP][PASSED] - Statement - month = monthTextArray[0]: null

2018-05-10 20:33:16 - [TEST_STEP][PASSED] - Statement - monthTextValue = CustomKeywords.projectSpecific.Reusability.getTestData("ReportsPage", "JanMonth"): projectSpecific.Reusability.getTestData is PASSED

2018-05-10 20:33:16 - [MESSAGE][PASSED] - projectSpecific.Reusability.getTestData is PASSED

2018-05-10 20:33:16 - [TEST_STEP][PASSED] - Statement - If (!(monthTextValue.equals(month))): null

2018-05-10 20:33:16 - [TEST_STEP][PASSED] - Statement - While (!(monthTextValue.equals(month))): null

2018-05-10 20:33:16 - [TEST_STEP][PASSED] - click: Object: 'Object Repository/ReportsPage/previousDateSelector' is clicked on

2018-05-10 20:33:16 - [MESSAGE][PASSED] - Object: 'Object Repository/ReportsPage/previousDateSelector' is clicked on

2018-05-10 20:33:16 - [TEST_STEP][PASSED] - Statement - monthText = com.kms.katalon.core.webui.keyword.WebUiBuiltInKeywords.getText(com.kms.katalon.core.testobject.ObjectRepository.findTestObject(ReportsPage/monthText)): Text of object 'Object Repository/ReportsPage/monthText' is: 'April 2018'

2018-05-10 20:33:16 - [MESSAGE][PASSED] - Text of object 'Object Repository/ReportsPage/monthText' is: 'April 2018'

2018-05-10 20:33:16 - [TEST_STEP][PASSED] - Statement - monthTextArray = monthText.split(" "): null

2018-05-10 20:33:16 - [TEST_STEP][PASSED] - Statement - month = monthTextArray[0]: null

2018-05-10 20:33:16 - [TEST_STEP][PASSED] - click: Object: 'Object Repository/ReportsPage/previousDateSelector' is clicked on

2018-05-10 20:33:16 - [MESSAGE][PASSED] - Object: 'Object Repository/ReportsPage/previousDateSelector' is clicked on

2018-05-10 20:33:16 - [TEST_STEP][PASSED] - Statement - monthText = com.kms.katalon.core.webui.keyword.WebUiBuiltInKeywords.getText(com.kms.katalon.core.testobject.ObjectRepository.findTestObject(ReportsPage/monthText)): Text of object 'Object Repository/ReportsPage/monthText' is: 'March 2018'

2018-05-10 20:33:16 - [MESSAGE][PASSED] - Text of object 'Object Repository/ReportsPage/monthText' is: 'March 2018'

2018-05-10 20:33:16 - [TEST_STEP][PASSED] - Statement - monthTextArray = monthText.split(" "): null

2018-05-10 20:33:16 - [TEST_STEP][PASSED] - Statement - month = monthTextArray[0]: null

2018-05-10 20:33:16 - [TEST_STEP][PASSED] - click: Object: 'Object Repository/ReportsPage/previousDateSelector' is clicked on

2018-05-10 20:33:16 - [MESSAGE][PASSED] - Object: 'Object Repository/ReportsPage/previousDateSelector' is clicked on

2018-05-10 20:33:16 - [TEST_STEP][PASSED] - Statement - monthText = com.kms.katalon.core.webui.keyword.WebUiBuiltInKeywords.getText(com.kms.katalon.core.testobject.ObjectRepository.findTestObject(ReportsPage/monthText)): Text of object 'Object Repository/ReportsPage/monthText' is: 'February 2018'

2018-05-10 20:33:16 - [MESSAGE][PASSED] - Text of object 'Object Repository/ReportsPage/monthText' is: 'February 2018'

2018-05-10 20:33:16 - [TEST_STEP][PASSED] - Statement - monthTextArray = monthText.split(" "): null

2018-05-10 20:33:16 - [TEST_STEP][PASSED] - Statement - month = monthTextArray[0]: null

2018-05-10 20:33:16 - [TEST_STEP][PASSED] - click: Object: 'Object Repository/ReportsPage/previousDateSelector' is clicked on

2018-05-10 20:33:16 - [MESSAGE][PASSED] - Object: 'Object Repository/ReportsPage/previousDateSelector' is clicked on

2018-05-10 20:33:16 - [TEST_STEP][PASSED] - Statement - monthText = com.kms.katalon.core.webui.keyword.WebUiBuiltInKeywords.getText(com.kms.katalon.core.testobject.ObjectRepository.findTestObject(ReportsPage/monthText)): Text of object 'Object Repository/ReportsPage/monthText' is: 'January 2018'

2018-05-10 20:33:16 - [MESSAGE][PASSED] - Text of object 'Object Repository/ReportsPage/monthText' is: 'January 2018'

2018-05-10 20:33:16 - [TEST_STEP][PASSED] - Statement - monthTextArray = monthText.split(" "): null

2018-05-10 20:33:16 - [TEST_STEP][PASSED] - Statement - month = monthTextArray[0]: null

2018-05-10 20:33:16 - [TEST_STEP][PASSED] - Statement - data = CustomKeywords.projectSpecific.Reusability.getTestData("ReportsPage", "StartDate"): projectSpecific.Reusability.getTestData is PASSED

2018-05-10 20:33:16 - [MESSAGE][PASSED] - projectSpecific.Reusability.getTestData is PASSED

2018-05-10 20:33:16 - [TEST_STEP][PASSED] - Statement - startDate = "(//td[text()='" + data + "'])[1]": null

2018-05-10 20:33:16 - [TEST_STEP][PASSED] - Statement - println(startDate): null

2018-05-10 20:33:16 - [TEST_STEP][PASSED] - Statement - startdateEle = driver.findElement(org.openqa.selenium.By.xpath(startDate)): null

2018-05-10 20:33:16 - [TEST_STEP][PASSED] - Statement - startdateEle.click(): null

2018-05-10 20:33:16 - [TEST_STEP][PASSED] - delay: Delayed 5 second(s)

2018-05-10 20:33:21 - [MESSAGE][PASSED] - Delayed 5 second(s)

2018-05-10 20:33:21 - [TEST_STEP][PASSED] - click: Object: 'Object Repository/ReportsPage/toDateSelector' is clicked on

2018-05-10 20:33:21 - [MESSAGE][PASSED] - Object: 'Object Repository/ReportsPage/toDateSelector' is clicked on

2018-05-10 20:33:21 - [TEST_STEP][PASSED] - Statement - monthText = com.kms.katalon.core.webui.keyword.WebUiBuiltInKeywords.getText(com.kms.katalon.core.testobject.ObjectRepository.findTestObject(ReportsPage/monthText2)): Text of object 'Object Repository/ReportsPage/monthText2' is: 'May 2018'

2018-05-10 20:33:21 - [MESSAGE][PASSED] - Text of object 'Object Repository/ReportsPage/monthText2' is: 'May 2018'

2018-05-10 20:33:21 - [TEST_STEP][PASSED] - Statement - monthTextArray = monthText.split(" "): null

2018-05-10 20:33:21 - [TEST_STEP][PASSED] - Statement - month = monthTextArray[0]: null

2018-05-10 20:33:21 - [TEST_STEP][PASSED] - Statement - monthTextValue1 = CustomKeywords.projectSpecific.Reusability.getTestData("ReportsPage", "Month"): projectSpecific.Reusability.getTestData is PASSED

2018-05-10 20:33:21 - [MESSAGE][PASSED] - projectSpecific.Reusability.getTestData is PASSED

2018-05-10 20:33:21 - [TEST_STEP][PASSED] - Statement - If (!(monthTextValue1.equals(month))): null

2018-05-10 20:33:21 - [TEST_STEP][PASSED] - Statement - While (!(monthTextValue1.equals(month))): null

2018-05-10 20:33:21 - [TEST_STEP][PASSED] - click: Object: 'Object Repository/ReportsPage/previousDateSelector2' is clicked on

2018-05-10 20:33:21 - [MESSAGE][PASSED] - Object: 'Object Repository/ReportsPage/previousDateSelector2' is clicked on

2018-05-10 20:33:21 - [TEST_STEP][PASSED] - Statement - monthText = com.kms.katalon.core.webui.keyword.WebUiBuiltInKeywords.getText(com.kms.katalon.core.testobject.ObjectRepository.findTestObject(ReportsPage/monthText2)): Text of object 'Object Repository/ReportsPage/monthText2' is: 'April 2018'

2018-05-10 20:33:21 - [MESSAGE][PASSED] - Text of object 'Object Repository/ReportsPage/monthText2' is: 'April 2018'

2018-05-10 20:33:21 - [TEST_STEP][PASSED] - Statement - monthTextArray = monthText.split(" "): null

2018-05-10 20:33:21 - [TEST_STEP][PASSED] - Statement - month = monthTextArray[0]: null

2018-05-10 20:33:21 - [TEST_STEP][PASSED] - click: Object: 'Object Repository/ReportsPage/previousDateSelector2' is clicked on

2018-05-10 20:33:21 - [MESSAGE][PASSED] - Object: 'Object Repository/ReportsPage/previousDateSelector2' is clicked on

2018-05-10 20:33:21 - [TEST_STEP][PASSED] - Statement - monthText = com.kms.katalon.core.webui.keyword.WebUiBuiltInKeywords.getText(com.kms.katalon.core.testobject.ObjectRepository.findTestObject(ReportsPage/monthText2)): Text of object 'Object Repository/ReportsPage/monthText2' is: 'March 2018'

2018-05-10 20:33:21 - [MESSAGE][PASSED] - Text of object 'Object Repository/ReportsPage/monthText2' is: 'March 2018'

2018-05-10 20:33:21 - [TEST_STEP][PASSED] - Statement - monthTextArray = monthText.split(" "): null

2018-05-10 20:33:21 - [TEST_STEP][PASSED] - Statement - month = monthTextArray[0]: null

2018-05-10 20:33:21 - [TEST_STEP][PASSED] - Statement - endDate = CustomKeywords.projectSpecific.Reusability.getTestData("ReportsPage", "EndDate"): projectSpecific.Reusability.getTestData is PASSED

2018-05-10 20:33:21 - [MESSAGE][PASSED] - projectSpecific.Reusability.getTestData is PASSED

2018-05-10 20:33:21 - [TEST_STEP][PASSED] - Statement - toDate = "(//td[text()='" + endDate + "'])[2]": null

2018-05-10 20:33:21 - [TEST_STEP][PASSED] - Statement - toDateEle = driver.findElement(org.openqa.selenium.By.xpath(toDate)): null

2018-05-10 20:33:21 - [TEST_STEP][PASSED] - Statement - toDateEle.click(): null

2018-05-10 20:33:21 - [TEST_STEP][PASSED] - delay: Delayed 5 second(s)

2018-05-10 20:33:26 - [MESSAGE][PASSED] - Delayed 5 second(s)

2018-05-10 20:33:26 - [TEST_STEP][PASSED] - Statement - dateAttr = com.kms.katalon.core.webui.keyword.WebUiBuiltInKeywords.getAttribute(com.kms.katalon.core.testobject.ObjectRepository.findTestObject(ReportsPage/selectedDate1), "value"): Attribute 'value' of object 'Object Repository/ReportsPage/selectedDate1' is: '01/01/2018'

2018-05-10 20:33:27 - [MESSAGE][PASSED] - Attribute 'value' of object 'Object Repository/ReportsPage/selectedDate1' is: '01/01/2018'

2018-05-10 20:33:27 - [TEST_STEP][PASSED] - Statement - fromDateValue = CustomKeywords.projectSpecific.Reusability.getTestData("ReportsPage", "fromDateJan"): projectSpecific.Reusability.getTestData is PASSED

2018-05-10 20:33:27 - [MESSAGE][PASSED] - projectSpecific.Reusability.getTestData is PASSED

2018-05-10 20:33:27 - [TEST_STEP][PASSED] - Statement - If (!(dateAttr.equals(fromDateValue))): null

2018-05-10 20:33:27 - [TEST_STEP][PASSED] - Statement - dateAttr = com.kms.katalon.core.webui.keyword.WebUiBuiltInKeywords.getAttribute(com.kms.katalon.core.testobject.ObjectRepository.findTestObject(ReportsPage/selectedDate2), "value"): Attribute 'value' of object 'Object Repository/ReportsPage/selectedDate2' is: '03/14/2018'

2018-05-10 20:33:27 - [MESSAGE][PASSED] - Attribute 'value' of object 'Object Repository/ReportsPage/selectedDate2' is: '03/14/2018'

2018-05-10 20:33:27 - [TEST_STEP][PASSED] - Statement - toDateValue = CustomKeywords.projectSpecific.Reusability.getTestData("ReportsPage", "toDate"): projectSpecific.Reusability.getTestData is PASSED

2018-05-10 20:33:27 - [MESSAGE][PASSED] - projectSpecific.Reusability.getTestData is PASSED

2018-05-10 20:33:27 - [TEST_STEP][PASSED] - Statement - If (!(dateAttr.equals(toDateValue))): null

2018-05-10 20:33:27 - [TEST_STEP][PASSED] - click: Object: 'Object Repository/ReportsPage/generateReport' is clicked on

2018-05-10 20:33:27 - [MESSAGE][PASSED] - Object: 'Object Repository/ReportsPage/generateReport' is clicked on

2018-05-10 20:33:27 - [TEST_STEP][PASSED] - Statement - errMessage = CustomKeywords.uiaction.CommonUIActions.getText(com.kms.katalon.core.testobject.ObjectRepository.findTestObject(ReportsPage/invalidRange)): uiaction.CommonUIActions.getText is PASSED

2018-05-10 20:33:27 - [MESSAGE][PASSED] - uiaction.CommonUIActions.getText is PASSED

2018-05-10 20:33:27 - [TEST_STEP][PASSED] - Statement - errMsgText = CustomKeywords.projectSpecific.Reusability.getTestData("ReportsPage", "DateErrorMsg"): projectSpecific.Reusability.getTestData is PASSED

2018-05-10 20:33:27 - [MESSAGE][PASSED] - projectSpecific.Reusability.getTestData is PASSED

2018-05-10 20:33:27 - [TEST_STEP][PASSED] - verifyMatch: Actual text 'Date range invalid. For Week Reports select any 2 month period.' and expected text 'Date range invalid. For Week Reports select any 2 month period.' are matched 

2018-05-10 20:33:27 - [MESSAGE][PASSED] - Actual text 'Date range invalid. For Week Reports select any 2 month period.' and expected text 'Date range invalid. For Week Reports select any 2 month period.' are matched 

2018-05-10 20:33:27 - [TEST_STEP][PASSED] - delay: Delayed 5 second(s)

2018-05-10 20:33:32 - [MESSAGE][PASSED] - Delayed 5 second(s)

2018-05-10 20:33:32 - [TEST_STEP][PASSED] - click: Object: 'Object Repository/ReportsPage/fromDateSelector' is clicked on

2018-05-10 20:33:32 - [MESSAGE][PASSED] - Object: 'Object Repository/ReportsPage/fromDateSelector' is clicked on

2018-05-10 20:33:32 - [TEST_STEP][PASSED] - delay: Delayed 5 second(s)

2018-05-10 20:33:37 - [MESSAGE][PASSED] - Delayed 5 second(s)

2018-05-10 20:33:37 - [TEST_STEP][PASSED] - Statement - monthText = com.kms.katalon.core.webui.keyword.WebUiBuiltInKeywords.getText(com.kms.katalon.core.testobject.ObjectRepository.findTestObject(ReportsPage/monthText)): Text of object 'Object Repository/ReportsPage/monthText' is: 'January 2018'

2018-05-10 20:33:37 - [MESSAGE][PASSED] - Text of object 'Object Repository/ReportsPage/monthText' is: 'January 2018'

2018-05-10 20:33:37 - [TEST_STEP][PASSED] - Statement - monthTextArray = monthText.split(" "): null

2018-05-10 20:33:37 - [TEST_STEP][PASSED] - Statement - month = monthTextArray[0]: null

2018-05-10 20:33:37 - [TEST_STEP][PASSED] - Statement - monthTextValue = CustomKeywords.projectSpecific.Reusability.getTestData("ReportsPage", "JanMonth"): projectSpecific.Reusability.getTestData is PASSED

2018-05-10 20:33:37 - [MESSAGE][PASSED] - projectSpecific.Reusability.getTestData is PASSED

2018-05-10 20:33:37 - [TEST_STEP][PASSED] - Statement - If (!(monthTextValue.equals(month))): null

2018-05-10 20:33:37 - [TEST_STEP][PASSED] - Statement - data = CustomKeywords.projectSpecific.Reusability.getTestData("ReportsPage", "StartDate"): projectSpecific.Reusability.getTestData is PASSED

2018-05-10 20:33:37 - [MESSAGE][PASSED] - projectSpecific.Reusability.getTestData is PASSED

2018-05-10 20:33:37 - [TEST_STEP][PASSED] - Statement - startDate = "(//td[text()='" + data + "'])[1]": null

2018-05-10 20:33:37 - [TEST_STEP][PASSED] - Statement - println(startDate): null

2018-05-10 20:33:37 - [TEST_STEP][PASSED] - Statement - startdateEle = driver.findElement(org.openqa.selenium.By.xpath(startDate)): null

2018-05-10 20:33:37 - [TEST_STEP][PASSED] - Statement - startdateEle.click(): null

2018-05-10 20:33:37 - [TEST_STEP][PASSED] - delay: Delayed 5 second(s)

2018-05-10 20:33:42 - [MESSAGE][PASSED] - Delayed 5 second(s)

2018-05-10 20:33:42 - [TEST_STEP][PASSED] - click: Object: 'Object Repository/ReportsPage/toDateSelector' is clicked on

2018-05-10 20:33:42 - [MESSAGE][PASSED] - Object: 'Object Repository/ReportsPage/toDateSelector' is clicked on

2018-05-10 20:33:42 - [TEST_STEP][PASSED] - Statement - monthText = com.kms.katalon.core.webui.keyword.WebUiBuiltInKeywords.getText(com.kms.katalon.core.testobject.ObjectRepository.findTestObject(ReportsPage/monthText2)): Text of object 'Object Repository/ReportsPage/monthText2' is: 'March 2018'

2018-05-10 20:33:42 - [MESSAGE][PASSED] - Text of object 'Object Repository/ReportsPage/monthText2' is: 'March 2018'

2018-05-10 20:33:42 - [TEST_STEP][PASSED] - Statement - monthTextArray = monthText.split(" "): null

2018-05-10 20:33:42 - [TEST_STEP][PASSED] - Statement - month = monthTextArray[0]: null

2018-05-10 20:33:42 - [TEST_STEP][PASSED] - Statement - monthTextValue1 = CustomKeywords.projectSpecific.Reusability.getTestData("ReportsPage", "Month"): projectSpecific.Reusability.getTestData is PASSED

2018-05-10 20:33:42 - [MESSAGE][PASSED] - projectSpecific.Reusability.getTestData is PASSED

2018-05-10 20:33:42 - [TEST_STEP][PASSED] - Statement - If (!(monthTextValue1.equals(month))): null

2018-05-10 20:33:42 - [TEST_STEP][PASSED] - Statement - endDate = CustomKeywords.projectSpecific.Reusability.getTestData("ReportsPage", "EndDate2"): projectSpecific.Reusability.getTestData is PASSED

2018-05-10 20:33:42 - [MESSAGE][PASSED] - projectSpecific.Reusability.getTestData is PASSED

2018-05-10 20:33:42 - [TEST_STEP][PASSED] - Statement - toDate = "(//td[text()='" + endDate + "'])[3]": null

2018-05-10 20:33:42 - [TEST_STEP][PASSED] - Statement - toDateEle = driver.findElement(org.openqa.selenium.By.xpath(toDate)): null

2018-05-10 20:33:42 - [TEST_STEP][PASSED] - Statement - toDateEle.click(): null

2018-05-10 20:33:42 - [TEST_STEP][PASSED] - delay: Delayed 5 second(s)

2018-05-10 20:33:47 - [MESSAGE][PASSED] - Delayed 5 second(s)

2018-05-10 20:33:47 - [TEST_STEP][PASSED] - Statement - dateAttr = com.kms.katalon.core.webui.keyword.WebUiBuiltInKeywords.getAttribute(com.kms.katalon.core.testobject.ObjectRepository.findTestObject(ReportsPage/selectedDate1), "value"): Attribute 'value' of object 'Object Repository/ReportsPage/selectedDate1' is: '01/01/2018'

2018-05-10 20:33:47 - [MESSAGE][PASSED] - Attribute 'value' of object 'Object Repository/ReportsPage/selectedDate1' is: '01/01/2018'

2018-05-10 20:33:47 - [TEST_STEP][PASSED] - Statement - fromDateValue = CustomKeywords.projectSpecific.Reusability.getTestData("ReportsPage", "fromDateJan"): projectSpecific.Reusability.getTestData is PASSED

2018-05-10 20:33:47 - [MESSAGE][PASSED] - projectSpecific.Reusability.getTestData is PASSED

2018-05-10 20:33:47 - [TEST_STEP][PASSED] - Statement - If (!(dateAttr.equals(fromDateValue))): null

2018-05-10 20:33:47 - [TEST_STEP][PASSED] - Statement - dateAttr = com.kms.katalon.core.webui.keyword.WebUiBuiltInKeywords.getAttribute(com.kms.katalon.core.testobject.ObjectRepository.findTestObject(ReportsPage/selectedDate2), "value"): Attribute 'value' of object 'Object Repository/ReportsPage/selectedDate2' is: '03/04/2018'

2018-05-10 20:33:47 - [MESSAGE][PASSED] - Attribute 'value' of object 'Object Repository/ReportsPage/selectedDate2' is: '03/04/2018'

2018-05-10 20:33:47 - [TEST_STEP][PASSED] - Statement - toDateValue = CustomKeywords.projectSpecific.Reusability.getTestData("ReportsPage", "toDate2"): projectSpecific.Reusability.getTestData is PASSED

2018-05-10 20:33:47 - [MESSAGE][PASSED] - projectSpecific.Reusability.getTestData is PASSED

2018-05-10 20:33:47 - [TEST_STEP][PASSED] - Statement - If (!(dateAttr.equals(toDateValue))): null

2018-05-10 20:33:47 - [TEST_STEP][PASSED] - click: Object: 'Object Repository/ReportsPage/generateReport' is clicked on

2018-05-10 20:33:47 - [MESSAGE][PASSED] - Object: 'Object Repository/ReportsPage/generateReport' is clicked on

2018-05-10 20:33:47 - [TEST_STEP][PASSED] - delay: Delayed 10 second(s)

2018-05-10 20:33:57 - [MESSAGE][PASSED] - Delayed 10 second(s)

2018-05-10 20:33:57 - [TEST_STEP][PASSED] - Statement - summHeading = CustomKeywords.projectSpecific.Reusability.getTestData("SummarizedReportPage", "summaryHeading"): projectSpecific.Reusability.getTestData is PASSED

2018-05-10 20:33:57 - [MESSAGE][PASSED] - projectSpecific.Reusability.getTestData is PASSED

2018-05-10 20:33:57 - [TEST_STEP][PASSED] - verifyElementText: Actual text and expected text of test object 'Object Repository/SummarizedReportPage/summaryReport' are matched.

2018-05-10 20:33:57 - [MESSAGE][PASSED] - Actual text and expected text of test object 'Object Repository/SummarizedReportPage/summaryReport' are matched.

2018-05-10 20:33:57 - [TEST_STEP][PASSED] - uiaction.CommonUIActions.click: uiaction.CommonUIActions.click is PASSED

2018-05-10 20:33:59 - [MESSAGE][PASSED] - uiaction.CommonUIActions.click is PASSED

2018-05-10 20:33:59 - [TEST_STEP][PASSED] - delay: Delayed 5 second(s)

2018-05-10 20:34:04 - [MESSAGE][PASSED] - Delayed 5 second(s)

2018-05-10 20:34:04 - [TEST_STEP][PASSED] - uiaction.CommonUIActions.click: uiaction.CommonUIActions.click is PASSED

2018-05-10 20:34:05 - [MESSAGE][PASSED] - uiaction.CommonUIActions.click is PASSED

2018-05-10 20:34:05 - [TEST_STEP][PASSED] - uiaction.CommonUIActions.click: uiaction.CommonUIActions.click is PASSED

2018-05-10 20:34:06 - [MESSAGE][PASSED] - uiaction.CommonUIActions.click is PASSED

2018-05-10 20:34:06 - [TEST_STEP][PASSED] - delay: Delayed 10 second(s)

2018-05-10 20:34:16 - [MESSAGE][PASSED] - Delayed 10 second(s)

2018-05-10 20:34:16 - [TEST_STEP][PASSED] - uiaction.CommonUIActions.click: uiaction.CommonUIActions.click is PASSED

2018-05-10 20:34:16 - [MESSAGE][PASSED] - uiaction.CommonUIActions.click is PASSED

2018-05-10 20:34:16 - [TEST_STEP][PASSED] - delay: Delayed 5 second(s)

2018-05-10 20:34:21 - [MESSAGE][PASSED] - Delayed 5 second(s)

2018-05-10 20:34:21 - [TEST_STEP][PASSED] - uiaction.CommonUIActions.click: uiaction.CommonUIActions.click is PASSED

2018-05-10 20:34:21 - [MESSAGE][PASSED] - uiaction.CommonUIActions.click is PASSED

2018-05-10 20:34:21 - [TEST_STEP][PASSED] - uiaction.CommonUIActions.click: uiaction.CommonUIActions.click is PASSED

2018-05-10 20:34:21 - [MESSAGE][PASSED] - uiaction.CommonUIActions.click is PASSED

2018-05-10 20:34:21 - [TEST_STEP][PASSED] - uiaction.CommonUIActions.click: uiaction.CommonUIActions.click is PASSED

2018-05-10 20:34:21 - [MESSAGE][PASSED] - uiaction.CommonUIActions.click is PASSED

2018-05-10 20:34:21 - [TEST_STEP][PASSED] - delay: Delayed 10 second(s)

2018-05-10 20:34:31 - [MESSAGE][PASSED] - Delayed 10 second(s)

2018-05-10 20:34:31 - [TEST_STEP][PASSED] - uiaction.CommonUIActions.back: uiaction.CommonUIActions.back is PASSED

2018-05-10 20:34:31 - [MESSAGE][PASSED] - Navigate back successfully

2018-05-10 20:34:31 - [MESSAGE][PASSED] - uiaction.CommonUIActions.back is PASSED

2018-05-10 20:34:31 - [TEST_STEP][PASSED] - delay: Delayed 5 second(s)

2018-05-10 20:34:36 - [MESSAGE][PASSED] - Delayed 5 second(s)

2018-05-10 20:34:36 - [TEST_STEP][PASSED] - uiaction.CommonUIActions.click: uiaction.CommonUIActions.click is PASSED

2018-05-10 20:34:36 - [MESSAGE][PASSED] - uiaction.CommonUIActions.click is PASSED

2018-05-10 20:34:36 - [TEST_STEP][PASSED] - uiaction.CommonUIActions.click: uiaction.CommonUIActions.click is PASSED

2018-05-10 20:34:36 - [MESSAGE][PASSED] - uiaction.CommonUIActions.click is PASSED

2018-05-10 20:34:36 - [TEST_STEP][PASSED] - uiaction.CommonUIActions.click: uiaction.CommonUIActions.click is PASSED

2018-05-10 20:34:38 - [MESSAGE][PASSED] - uiaction.CommonUIActions.click is PASSED

2018-05-10 20:34:38 - [TEST_STEP][PASSED] - Statement - assert TCflag == true: null

2018-05-10 20:34:38 - [TEST_STEP][PASSED] - Start listener action : sampleAfterTestCase: Browser is closed

2018-05-10 20:34:38 - [TEST_STEP][PASSED] - Statement - println(testCaseContext.getTestCaseId()): null

2018-05-10 20:34:38 - [TEST_STEP][PASSED] - Statement - println(testCaseContext.getTestCaseStatus()): null

2018-05-10 20:34:38 - [TEST_STEP][PASSED] - closeBrowser: Browser is closed

2018-05-10 20:34:38 - [MESSAGE][PASSED] - Browser is closed]]></system-out>
         <system-err><![CDATA[]]></system-err>
      </testcase>
      <testcase name="Test Cases/SummaryReportsTC/HME-Summary Report-08" classname="Test Cases/SummaryReportsTC/HME-Summary Report-08" status="PASSED">
         <system-out><![CDATA[2018-05-10 20:34:38 - [TEST_CASE][PASSED] - Test Cases/SummaryReportsTC/HME-Summary Report-08: Browser is closed

2018-05-10 20:34:38 - [TEST_STEP][PASSED] - Start listener action : sampleBeforeTestCase: uiaction.CommonUIActions.deleteAllCookies is PASSED

2018-05-10 20:34:38 - [TEST_STEP][PASSED] - openBrowser: Browser is opened with url: ''

2018-05-10 20:34:41 - [MESSAGE][PASSED] - Browser is opened with url: ''

2018-05-10 20:34:41 - [TEST_STEP][PASSED] - maximizeWindow: Current window maximized

2018-05-10 20:34:42 - [MESSAGE][PASSED] - Current window maximized

2018-05-10 20:34:42 - [TEST_STEP][PASSED] - uiaction.CommonUIActions.deleteAllCookies: uiaction.CommonUIActions.deleteAllCookies is PASSED

2018-05-10 20:34:42 - [MESSAGE][PASSED] - Delete all cookies successfully

2018-05-10 20:34:42 - [MESSAGE][PASSED] - uiaction.CommonUIActions.deleteAllCookies is PASSED

2018-05-10 20:34:42 - [TEST_STEP][PASSED] - Statement - TCflag = true: null

2018-05-10 20:34:42 - [TEST_STEP][PASSED] - Statement - Try: uiaction.CommonUIActions.click is PASSED

2018-05-10 20:34:42 - [TEST_STEP][PASSED] - navigateToUrl: Navigate to 'https://hme-dev-public-cloud-app.azurewebsites.net/' successfully

2018-05-10 20:34:45 - [MESSAGE][PASSED] - Navigate to 'https://hme-dev-public-cloud-app.azurewebsites.net/' successfully

2018-05-10 20:34:45 - [TEST_STEP][PASSED] - projectSpecific.Reusability.login: projectSpecific.Reusability.login is PASSED

2018-05-10 20:34:45 - [MESSAGE][PASSED] - projectSpecific.Reusability.getTestData is PASSED

2018-05-10 20:34:45 - [MESSAGE][PASSED] - projectSpecific.Reusability.getTestData is PASSED

2018-05-10 20:34:45 - [MESSAGE][PASSED] - Text 'selvendrank@nousinfo.com' is set on object 'Object Repository/LoginPage/Username'

2018-05-10 20:34:45 - [MESSAGE][PASSED] - Text 'nous;123' is set on object 'Object Repository/LoginPage/Password'

2018-05-10 20:34:45 - [MESSAGE][PASSED] - Object: 'Object Repository/LoginPage/Login' is clicked on

2018-05-10 20:34:45 - [MESSAGE][PASSED] - projectSpecific.Reusability.login is PASSED

2018-05-10 20:34:45 - [TEST_STEP][PASSED] - uiaction.CommonUIActions.click: uiaction.CommonUIActions.click is PASSED

2018-05-10 20:34:56 - [MESSAGE][PASSED] - uiaction.CommonUIActions.click is PASSED

2018-05-10 20:34:56 - [TEST_STEP][PASSED] - delay: Delayed 10 second(s)

2018-05-10 20:35:06 - [MESSAGE][PASSED] - Delayed 10 second(s)

2018-05-10 20:35:06 - [TEST_STEP][PASSED] - uiaction.CommonUIActions.click: uiaction.CommonUIActions.click is PASSED

2018-05-10 20:35:07 - [MESSAGE][PASSED] - uiaction.CommonUIActions.click is PASSED

2018-05-10 20:35:07 - [TEST_STEP][PASSED] - uiaction.CommonUIActions.click: uiaction.CommonUIActions.click is PASSED

2018-05-10 20:35:09 - [MESSAGE][PASSED] - uiaction.CommonUIActions.click is PASSED

2018-05-10 20:35:09 - [TEST_STEP][PASSED] - uiaction.CommonUIActions.click: uiaction.CommonUIActions.click is PASSED

2018-05-10 20:35:09 - [MESSAGE][PASSED] - uiaction.CommonUIActions.click is PASSED

2018-05-10 20:35:09 - [TEST_STEP][PASSED] - uiaction.CommonUIActions.click: uiaction.CommonUIActions.click is PASSED

2018-05-10 20:35:11 - [MESSAGE][PASSED] - uiaction.CommonUIActions.click is PASSED

2018-05-10 20:35:11 - [TEST_STEP][PASSED] - Statement - storeID = CustomKeywords.uiaction.CommonUIActions.getText(com.kms.katalon.core.testobject.ObjectRepository.findTestObject(StorePage/storeID)): uiaction.CommonUIActions.getText is PASSED

2018-05-10 20:35:11 - [MESSAGE][PASSED] - uiaction.CommonUIActions.getText is PASSED

2018-05-10 20:35:11 - [TEST_STEP][PASSED] - Statement - storenumber = storeID.trim(): null

2018-05-10 20:35:11 - [TEST_STEP][PASSED] - Statement - println(storenumber): null

2018-05-10 20:35:11 - [TEST_STEP][PASSED] - uiaction.CommonUIActions.click: uiaction.CommonUIActions.click is PASSED

2018-05-10 20:35:11 - [MESSAGE][PASSED] - uiaction.CommonUIActions.click is PASSED

2018-05-10 20:35:11 - [TEST_STEP][PASSED] - delay: Delayed 10 second(s)

2018-05-10 20:35:21 - [MESSAGE][PASSED] - Delayed 10 second(s)

2018-05-10 20:35:21 - [TEST_STEP][PASSED] - uiaction.CommonUIActions.click: uiaction.CommonUIActions.click is PASSED

2018-05-10 20:35:23 - [MESSAGE][PASSED] - uiaction.CommonUIActions.click is PASSED

2018-05-10 20:35:23 - [TEST_STEP][PASSED] - uiaction.CommonUIActions.click: uiaction.CommonUIActions.click is PASSED

2018-05-10 20:35:24 - [MESSAGE][PASSED] - uiaction.CommonUIActions.click is PASSED

2018-05-10 20:35:24 - [TEST_STEP][PASSED] - uiaction.CommonUIActions.click: uiaction.CommonUIActions.click is PASSED

2018-05-10 20:35:24 - [MESSAGE][PASSED] - uiaction.CommonUIActions.click is PASSED

2018-05-10 20:35:24 - [TEST_STEP][PASSED] - uiaction.CommonUIActions.enter: uiaction.CommonUIActions.enter is PASSED

2018-05-10 20:35:24 - [MESSAGE][PASSED] - projectSpecific.Reusability.getTestData is PASSED

2018-05-10 20:35:25 - [MESSAGE][PASSED] - uiaction.CommonUIActions.enter is PASSED

2018-05-10 20:35:25 - [TEST_STEP][PASSED] - uiaction.CommonUIActions.enter: uiaction.CommonUIActions.enter is PASSED

2018-05-10 20:35:25 - [MESSAGE][PASSED] - projectSpecific.Reusability.getTestData is PASSED

2018-05-10 20:35:25 - [MESSAGE][PASSED] - uiaction.CommonUIActions.enter is PASSED

2018-05-10 20:35:25 - [TEST_STEP][PASSED] - delay: Delayed 10 second(s)

2018-05-10 20:35:35 - [MESSAGE][PASSED] - Delayed 10 second(s)

2018-05-10 20:35:35 - [TEST_STEP][PASSED] - Statement - driver = com.kms.katalon.core.webui.driver.DriverFactory.getWebDriver(): null

2018-05-10 20:35:35 - [TEST_STEP][PASSED] - Statement - grouplist = driver.findElements(org.openqa.selenium.By.xpath("//ul[@class='unlinked-grouplist']/li")): null

2018-05-10 20:35:35 - [TEST_STEP][PASSED] - delay: Delayed 5 second(s)

2018-05-10 20:35:40 - [MESSAGE][PASSED] - Delayed 5 second(s)

2018-05-10 20:35:40 - [TEST_STEP][PASSED] - Statement - For ([i = 0, i < grouplist.size(), (i++)]): null

2018-05-10 20:35:40 - [TEST_STEP][PASSED] - Statement - println(grouplist.get(i).getText()): null

2018-05-10 20:35:40 - [TEST_STEP][PASSED] - Statement - If (grouplist.get(i).getText().contains(storenumber)): null

2018-05-10 20:35:40 - [TEST_STEP][PASSED] - Statement - println(grouplist.get(i).getText()): null

2018-05-10 20:35:40 - [TEST_STEP][PASSED] - Statement - If (grouplist.get(i).getText().contains(storenumber)): null

2018-05-10 20:35:40 - [TEST_STEP][PASSED] - Statement - println(grouplist.get(i).getText()): null

2018-05-10 20:35:40 - [TEST_STEP][PASSED] - Statement - If (grouplist.get(i).getText().contains(storenumber)): null

2018-05-10 20:35:40 - [TEST_STEP][PASSED] - Statement - println(grouplist.get(i).getText()): null

2018-05-10 20:35:40 - [TEST_STEP][PASSED] - Statement - If (grouplist.get(i).getText().contains(storenumber)): null

2018-05-10 20:35:40 - [TEST_STEP][PASSED] - Statement - println(grouplist.get(i).getText()): null

2018-05-10 20:35:40 - [TEST_STEP][PASSED] - Statement - If (grouplist.get(i).getText().contains(storenumber)): null

2018-05-10 20:35:40 - [TEST_STEP][PASSED] - Statement - println(grouplist.get(i).getText()): null

2018-05-10 20:35:40 - [TEST_STEP][PASSED] - Statement - If (grouplist.get(i).getText().contains(storenumber)): null

2018-05-10 20:35:40 - [TEST_STEP][PASSED] - Statement - println(grouplist.get(i).getText()): null

2018-05-10 20:35:40 - [TEST_STEP][PASSED] - Statement - If (grouplist.get(i).getText().contains(storenumber)): null

2018-05-10 20:35:40 - [TEST_STEP][PASSED] - Statement - println(grouplist.get(i).getText()): null

2018-05-10 20:35:40 - [TEST_STEP][PASSED] - Statement - If (grouplist.get(i).getText().contains(storenumber)): null

2018-05-10 20:35:40 - [TEST_STEP][PASSED] - Statement - println(grouplist.get(i).getText()): null

2018-05-10 20:35:40 - [TEST_STEP][PASSED] - Statement - If (grouplist.get(i).getText().contains(storenumber)): null

2018-05-10 20:35:40 - [TEST_STEP][PASSED] - Statement - println(grouplist.get(i).getText()): null

2018-05-10 20:35:40 - [TEST_STEP][PASSED] - Statement - If (grouplist.get(i).getText().contains(storenumber)): null

2018-05-10 20:35:40 - [TEST_STEP][PASSED] - Statement - println(grouplist.get(i).getText()): null

2018-05-10 20:35:40 - [TEST_STEP][PASSED] - Statement - If (grouplist.get(i).getText().contains(storenumber)): null

2018-05-10 20:35:40 - [TEST_STEP][PASSED] - Statement - println(grouplist.get(i).getText()): null

2018-05-10 20:35:40 - [TEST_STEP][PASSED] - Statement - If (grouplist.get(i).getText().contains(storenumber)): null

2018-05-10 20:35:40 - [TEST_STEP][PASSED] - Statement - println(grouplist.get(i).getText()): null

2018-05-10 20:35:40 - [TEST_STEP][PASSED] - Statement - If (grouplist.get(i).getText().contains(storenumber)): null

2018-05-10 20:35:40 - [TEST_STEP][PASSED] - Statement - println(grouplist.get(i).getText()): null

2018-05-10 20:35:40 - [TEST_STEP][PASSED] - Statement - If (grouplist.get(i).getText().contains(storenumber)): null

2018-05-10 20:35:40 - [TEST_STEP][PASSED] - Statement - driver.findElement(org.openqa.selenium.By.xpath("(//ul[@class='unlinked-grouplist']/li/label)[" + i + 1 + "]")).click(): null

2018-05-10 20:35:40 - [TEST_STEP][PASSED] - Statement - driver.findElement(org.openqa.selenium.By.xpath("//button[contains(text(),'>')]")).click(): null

2018-05-10 20:35:40 - [TEST_STEP][PASSED] - Statement - Break: null

2018-05-10 20:35:40 - [TEST_STEP][PASSED] - delay: Delayed 10 second(s)

2018-05-10 20:35:50 - [MESSAGE][PASSED] - Delayed 10 second(s)

2018-05-10 20:35:50 - [TEST_STEP][PASSED] - uiaction.CommonUIActions.click: uiaction.CommonUIActions.click is PASSED

2018-05-10 20:35:50 - [MESSAGE][PASSED] - uiaction.CommonUIActions.click is PASSED

2018-05-10 20:35:50 - [TEST_STEP][PASSED] - uiaction.CommonUIActions.click: uiaction.CommonUIActions.click is PASSED

2018-05-10 20:35:50 - [MESSAGE][PASSED] - uiaction.CommonUIActions.click is PASSED

2018-05-10 20:35:50 - [TEST_STEP][PASSED] - delay: Delayed 10 second(s)

2018-05-10 20:36:00 - [MESSAGE][PASSED] - Delayed 10 second(s)

2018-05-10 20:36:00 - [TEST_STEP][PASSED] - uiaction.CommonUIActions.click: uiaction.CommonUIActions.click is PASSED

2018-05-10 20:36:01 - [MESSAGE][PASSED] - uiaction.CommonUIActions.click is PASSED

2018-05-10 20:36:01 - [TEST_STEP][PASSED] - delay: Delayed 10 second(s)

2018-05-10 20:36:11 - [MESSAGE][PASSED] - Delayed 10 second(s)

2018-05-10 20:36:11 - [TEST_STEP][PASSED] - Statement - groupmain = CustomKeywords.projectSpecific.Reusability.getTestData("ReportingGroupManagementPage", "dummyGroupName1"): projectSpecific.Reusability.getTestData is PASSED

2018-05-10 20:36:11 - [MESSAGE][PASSED] - projectSpecific.Reusability.getTestData is PASSED

2018-05-10 20:36:11 - [TEST_STEP][PASSED] - Statement - driver.findElement(org.openqa.selenium.By.xpath("//span[contains(text(),'" + groupmain + "')]/../../../../span[1]")).click(): null

2018-05-10 20:36:11 - [TEST_STEP][PASSED] - Statement - driver.findElement(org.openqa.selenium.By.xpath("//span[contains(text(),'" + storenumber.trim() + "')]")).isDisplayed(): null

2018-05-10 20:36:11 - [TEST_STEP][PASSED] - Statement - driver.findElement(org.openqa.selenium.By.xpath("//span[contains(text(),'" + groupmain + "')]/../../../../span[2]")).click(): null

2018-05-10 20:36:11 - [TEST_STEP][PASSED] - Statement - storesInCriteriaTextBox = CustomKeywords.uiaction.CommonUIActions.getText(com.kms.katalon.core.testobject.ObjectRepository.findTestObject(ReportsPage/cretiria_store)): uiaction.CommonUIActions.getText is PASSED

2018-05-10 20:36:11 - [MESSAGE][PASSED] - uiaction.CommonUIActions.getText is PASSED

2018-05-10 20:36:11 - [TEST_STEP][PASSED] - Statement - If (storesInCriteriaTextBox.contains(storenumber)): null

2018-05-10 20:36:11 - [TEST_STEP][PASSED] - Statement - println("Store is displayed in Criteria free text box"): null

2018-05-10 20:36:11 - [TEST_STEP][PASSED] - click: Object: 'Object Repository/ReportsPage/timeSelection' is clicked on

2018-05-10 20:36:11 - [MESSAGE][PASSED] - Object: 'Object Repository/ReportsPage/timeSelection' is clicked on

2018-05-10 20:36:11 - [TEST_STEP][PASSED] - click: Object: 'Object Repository/ReportsPage/dayTimeOption' is clicked on

2018-05-10 20:36:11 - [MESSAGE][PASSED] - Object: 'Object Repository/ReportsPage/dayTimeOption' is clicked on

2018-05-10 20:36:11 - [TEST_STEP][PASSED] - click: Object: 'Object Repository/ReportsPage/summaryReportHeading' is clicked on

2018-05-10 20:36:11 - [MESSAGE][PASSED] - Object: 'Object Repository/ReportsPage/summaryReportHeading' is clicked on

2018-05-10 20:36:11 - [TEST_STEP][PASSED] - verifyElementText: Actual text and expected text of test object 'Object Repository/ReportsPage/dayTimeOption' are matched.

2018-05-10 20:36:11 - [MESSAGE][PASSED] - projectSpecific.Reusability.getTestData is PASSED

2018-05-10 20:36:11 - [MESSAGE][PASSED] - Actual text and expected text of test object 'Object Repository/ReportsPage/dayTimeOption' are matched.

2018-05-10 20:36:11 - [TEST_STEP][PASSED] - verifyElementText: Actual text and expected text of test object 'Object Repository/ReportsPage/criteriaTimeMeasureForDay' are matched.

2018-05-10 20:36:11 - [MESSAGE][PASSED] - projectSpecific.Reusability.getTestData is PASSED

2018-05-10 20:36:11 - [MESSAGE][PASSED] - Actual text and expected text of test object 'Object Repository/ReportsPage/criteriaTimeMeasureForDay' are matched.

2018-05-10 20:36:11 - [TEST_STEP][PASSED] - delay: Delayed 5 second(s)

2018-05-10 20:36:16 - [MESSAGE][PASSED] - Delayed 5 second(s)

2018-05-10 20:36:16 - [TEST_STEP][PASSED] - click: Object: 'Object Repository/ReportsPage/fromDateSelector' is clicked on

2018-05-10 20:36:16 - [MESSAGE][PASSED] - Object: 'Object Repository/ReportsPage/fromDateSelector' is clicked on

2018-05-10 20:36:16 - [TEST_STEP][PASSED] - delay: Delayed 5 second(s)

2018-05-10 20:36:21 - [MESSAGE][PASSED] - Delayed 5 second(s)

2018-05-10 20:36:21 - [TEST_STEP][PASSED] - Statement - monthText = com.kms.katalon.core.webui.keyword.WebUiBuiltInKeywords.getText(com.kms.katalon.core.testobject.ObjectRepository.findTestObject(ReportsPage/monthText)): Text of object 'Object Repository/ReportsPage/monthText' is: 'May 2018'

2018-05-10 20:36:21 - [MESSAGE][PASSED] - Text of object 'Object Repository/ReportsPage/monthText' is: 'May 2018'

2018-05-10 20:36:21 - [TEST_STEP][PASSED] - Statement - monthTextArray = monthText.split(" "): null

2018-05-10 20:36:21 - [TEST_STEP][PASSED] - Statement - month = monthTextArray[0]: null

2018-05-10 20:36:21 - [TEST_STEP][PASSED] - Statement - monthTextValue = CustomKeywords.projectSpecific.Reusability.getTestData("ReportsPage", "JanMonth"): projectSpecific.Reusability.getTestData is PASSED

2018-05-10 20:36:21 - [MESSAGE][PASSED] - projectSpecific.Reusability.getTestData is PASSED

2018-05-10 20:36:21 - [TEST_STEP][PASSED] - Statement - If (!(monthTextValue.equals(month))): null

2018-05-10 20:36:21 - [TEST_STEP][PASSED] - Statement - While (!(monthTextValue.equals(month))): null

2018-05-10 20:36:21 - [TEST_STEP][PASSED] - click: Object: 'Object Repository/ReportsPage/previousDateSelector' is clicked on

2018-05-10 20:36:21 - [MESSAGE][PASSED] - Object: 'Object Repository/ReportsPage/previousDateSelector' is clicked on

2018-05-10 20:36:21 - [TEST_STEP][PASSED] - Statement - monthText = com.kms.katalon.core.webui.keyword.WebUiBuiltInKeywords.getText(com.kms.katalon.core.testobject.ObjectRepository.findTestObject(ReportsPage/monthText)): Text of object 'Object Repository/ReportsPage/monthText' is: 'April 2018'

2018-05-10 20:36:21 - [MESSAGE][PASSED] - Text of object 'Object Repository/ReportsPage/monthText' is: 'April 2018'

2018-05-10 20:36:21 - [TEST_STEP][PASSED] - Statement - monthTextArray = monthText.split(" "): null

2018-05-10 20:36:21 - [TEST_STEP][PASSED] - Statement - month = monthTextArray[0]: null

2018-05-10 20:36:21 - [TEST_STEP][PASSED] - click: Object: 'Object Repository/ReportsPage/previousDateSelector' is clicked on

2018-05-10 20:36:21 - [MESSAGE][PASSED] - Object: 'Object Repository/ReportsPage/previousDateSelector' is clicked on

2018-05-10 20:36:21 - [TEST_STEP][PASSED] - Statement - monthText = com.kms.katalon.core.webui.keyword.WebUiBuiltInKeywords.getText(com.kms.katalon.core.testobject.ObjectRepository.findTestObject(ReportsPage/monthText)): Text of object 'Object Repository/ReportsPage/monthText' is: 'March 2018'

2018-05-10 20:36:21 - [MESSAGE][PASSED] - Text of object 'Object Repository/ReportsPage/monthText' is: 'March 2018'

2018-05-10 20:36:21 - [TEST_STEP][PASSED] - Statement - monthTextArray = monthText.split(" "): null

2018-05-10 20:36:21 - [TEST_STEP][PASSED] - Statement - month = monthTextArray[0]: null

2018-05-10 20:36:21 - [TEST_STEP][PASSED] - click: Object: 'Object Repository/ReportsPage/previousDateSelector' is clicked on

2018-05-10 20:36:21 - [MESSAGE][PASSED] - Object: 'Object Repository/ReportsPage/previousDateSelector' is clicked on

2018-05-10 20:36:21 - [TEST_STEP][PASSED] - Statement - monthText = com.kms.katalon.core.webui.keyword.WebUiBuiltInKeywords.getText(com.kms.katalon.core.testobject.ObjectRepository.findTestObject(ReportsPage/monthText)): Text of object 'Object Repository/ReportsPage/monthText' is: 'February 2018'

2018-05-10 20:36:22 - [MESSAGE][PASSED] - Text of object 'Object Repository/ReportsPage/monthText' is: 'February 2018'

2018-05-10 20:36:22 - [TEST_STEP][PASSED] - Statement - monthTextArray = monthText.split(" "): null

2018-05-10 20:36:22 - [TEST_STEP][PASSED] - Statement - month = monthTextArray[0]: null

2018-05-10 20:36:22 - [TEST_STEP][PASSED] - click: Object: 'Object Repository/ReportsPage/previousDateSelector' is clicked on

2018-05-10 20:36:22 - [MESSAGE][PASSED] - Object: 'Object Repository/ReportsPage/previousDateSelector' is clicked on

2018-05-10 20:36:22 - [TEST_STEP][PASSED] - Statement - monthText = com.kms.katalon.core.webui.keyword.WebUiBuiltInKeywords.getText(com.kms.katalon.core.testobject.ObjectRepository.findTestObject(ReportsPage/monthText)): Text of object 'Object Repository/ReportsPage/monthText' is: 'January 2018'

2018-05-10 20:36:22 - [MESSAGE][PASSED] - Text of object 'Object Repository/ReportsPage/monthText' is: 'January 2018'

2018-05-10 20:36:22 - [TEST_STEP][PASSED] - Statement - monthTextArray = monthText.split(" "): null

2018-05-10 20:36:22 - [TEST_STEP][PASSED] - Statement - month = monthTextArray[0]: null

2018-05-10 20:36:22 - [TEST_STEP][PASSED] - Statement - data = CustomKeywords.projectSpecific.Reusability.getTestData("ReportsPage", "StartDate"): projectSpecific.Reusability.getTestData is PASSED

2018-05-10 20:36:22 - [MESSAGE][PASSED] - projectSpecific.Reusability.getTestData is PASSED

2018-05-10 20:36:22 - [TEST_STEP][PASSED] - Statement - startDate = "(//td[text()='" + data + "'])[1]": null

2018-05-10 20:36:22 - [TEST_STEP][PASSED] - Statement - println(startDate): null

2018-05-10 20:36:22 - [TEST_STEP][PASSED] - Statement - startdateEle = driver.findElement(org.openqa.selenium.By.xpath(startDate)): null

2018-05-10 20:36:22 - [TEST_STEP][PASSED] - Statement - startdateEle.click(): null

2018-05-10 20:36:22 - [TEST_STEP][PASSED] - delay: Delayed 5 second(s)

2018-05-10 20:36:27 - [MESSAGE][PASSED] - Delayed 5 second(s)

2018-05-10 20:36:27 - [TEST_STEP][PASSED] - click: Object: 'Object Repository/ReportsPage/toDateSelector' is clicked on

2018-05-10 20:36:27 - [MESSAGE][PASSED] - Object: 'Object Repository/ReportsPage/toDateSelector' is clicked on

2018-05-10 20:36:27 - [TEST_STEP][PASSED] - Statement - monthText = com.kms.katalon.core.webui.keyword.WebUiBuiltInKeywords.getText(com.kms.katalon.core.testobject.ObjectRepository.findTestObject(ReportsPage/monthText2)): Text of object 'Object Repository/ReportsPage/monthText2' is: 'May 2018'

2018-05-10 20:36:27 - [MESSAGE][PASSED] - Text of object 'Object Repository/ReportsPage/monthText2' is: 'May 2018'

2018-05-10 20:36:27 - [TEST_STEP][PASSED] - Statement - monthTextArray = monthText.split(" "): null

2018-05-10 20:36:27 - [TEST_STEP][PASSED] - Statement - month = monthTextArray[0]: null

2018-05-10 20:36:27 - [TEST_STEP][PASSED] - Statement - monthTextValue1 = CustomKeywords.projectSpecific.Reusability.getTestData("ReportsPage", "FebMonth"): projectSpecific.Reusability.getTestData is PASSED

2018-05-10 20:36:27 - [MESSAGE][PASSED] - projectSpecific.Reusability.getTestData is PASSED

2018-05-10 20:36:27 - [TEST_STEP][PASSED] - Statement - If (!(monthTextValue1.equals(month))): null

2018-05-10 20:36:27 - [TEST_STEP][PASSED] - Statement - While (!(monthTextValue1.equals(month))): null

2018-05-10 20:36:27 - [TEST_STEP][PASSED] - click: Object: 'Object Repository/ReportsPage/previousDateSelector2' is clicked on

2018-05-10 20:36:27 - [MESSAGE][PASSED] - Object: 'Object Repository/ReportsPage/previousDateSelector2' is clicked on

2018-05-10 20:36:27 - [TEST_STEP][PASSED] - Statement - monthText = com.kms.katalon.core.webui.keyword.WebUiBuiltInKeywords.getText(com.kms.katalon.core.testobject.ObjectRepository.findTestObject(ReportsPage/monthText2)): Text of object 'Object Repository/ReportsPage/monthText2' is: 'April 2018'

2018-05-10 20:36:27 - [MESSAGE][PASSED] - Text of object 'Object Repository/ReportsPage/monthText2' is: 'April 2018'

2018-05-10 20:36:27 - [TEST_STEP][PASSED] - Statement - monthTextArray = monthText.split(" "): null

2018-05-10 20:36:27 - [TEST_STEP][PASSED] - Statement - month = monthTextArray[0]: null

2018-05-10 20:36:27 - [TEST_STEP][PASSED] - click: Object: 'Object Repository/ReportsPage/previousDateSelector2' is clicked on

2018-05-10 20:36:27 - [MESSAGE][PASSED] - Object: 'Object Repository/ReportsPage/previousDateSelector2' is clicked on

2018-05-10 20:36:27 - [TEST_STEP][PASSED] - Statement - monthText = com.kms.katalon.core.webui.keyword.WebUiBuiltInKeywords.getText(com.kms.katalon.core.testobject.ObjectRepository.findTestObject(ReportsPage/monthText2)): Text of object 'Object Repository/ReportsPage/monthText2' is: 'March 2018'

2018-05-10 20:36:27 - [MESSAGE][PASSED] - Text of object 'Object Repository/ReportsPage/monthText2' is: 'March 2018'

2018-05-10 20:36:27 - [TEST_STEP][PASSED] - Statement - monthTextArray = monthText.split(" "): null

2018-05-10 20:36:27 - [TEST_STEP][PASSED] - Statement - month = monthTextArray[0]: null

2018-05-10 20:36:27 - [TEST_STEP][PASSED] - click: Object: 'Object Repository/ReportsPage/previousDateSelector2' is clicked on

2018-05-10 20:36:27 - [MESSAGE][PASSED] - Object: 'Object Repository/ReportsPage/previousDateSelector2' is clicked on

2018-05-10 20:36:27 - [TEST_STEP][PASSED] - Statement - monthText = com.kms.katalon.core.webui.keyword.WebUiBuiltInKeywords.getText(com.kms.katalon.core.testobject.ObjectRepository.findTestObject(ReportsPage/monthText2)): Text of object 'Object Repository/ReportsPage/monthText2' is: 'February 2018'

2018-05-10 20:36:27 - [MESSAGE][PASSED] - Text of object 'Object Repository/ReportsPage/monthText2' is: 'February 2018'

2018-05-10 20:36:27 - [TEST_STEP][PASSED] - Statement - monthTextArray = monthText.split(" "): null

2018-05-10 20:36:27 - [TEST_STEP][PASSED] - Statement - month = monthTextArray[0]: null

2018-05-10 20:36:27 - [TEST_STEP][PASSED] - Statement - endDate = CustomKeywords.projectSpecific.Reusability.getTestData("ReportsPage", "EndDate3"): projectSpecific.Reusability.getTestData is PASSED

2018-05-10 20:36:27 - [MESSAGE][PASSED] - projectSpecific.Reusability.getTestData is PASSED

2018-05-10 20:36:27 - [TEST_STEP][PASSED] - Statement - toDate = "(//td[text()='" + endDate + "'])[2]": null

2018-05-10 20:36:27 - [TEST_STEP][PASSED] - Statement - toDateEle = driver.findElement(org.openqa.selenium.By.xpath(toDate)): null

2018-05-10 20:36:27 - [TEST_STEP][PASSED] - Statement - toDateEle.click(): null

2018-05-10 20:36:27 - [TEST_STEP][PASSED] - delay: Delayed 5 second(s)

2018-05-10 20:36:32 - [MESSAGE][PASSED] - Delayed 5 second(s)

2018-05-10 20:36:32 - [TEST_STEP][PASSED] - Statement - dateAttr = com.kms.katalon.core.webui.keyword.WebUiBuiltInKeywords.getAttribute(com.kms.katalon.core.testobject.ObjectRepository.findTestObject(ReportsPage/selectedDate1), "value"): Attribute 'value' of object 'Object Repository/ReportsPage/selectedDate1' is: '01/01/2018'

2018-05-10 20:36:32 - [MESSAGE][PASSED] - Attribute 'value' of object 'Object Repository/ReportsPage/selectedDate1' is: '01/01/2018'

2018-05-10 20:36:32 - [TEST_STEP][PASSED] - Statement - fromDateValue = CustomKeywords.projectSpecific.Reusability.getTestData("ReportsPage", "fromDateJan"): projectSpecific.Reusability.getTestData is PASSED

2018-05-10 20:36:32 - [MESSAGE][PASSED] - projectSpecific.Reusability.getTestData is PASSED

2018-05-10 20:36:32 - [TEST_STEP][PASSED] - Statement - If (!(dateAttr.equals(fromDateValue))): null

2018-05-10 20:36:32 - [TEST_STEP][PASSED] - Statement - dateAttr = com.kms.katalon.core.webui.keyword.WebUiBuiltInKeywords.getAttribute(com.kms.katalon.core.testobject.ObjectRepository.findTestObject(ReportsPage/selectedDate2), "value"): Attribute 'value' of object 'Object Repository/ReportsPage/selectedDate2' is: '02/11/2018'

2018-05-10 20:36:32 - [MESSAGE][PASSED] - Attribute 'value' of object 'Object Repository/ReportsPage/selectedDate2' is: '02/11/2018'

2018-05-10 20:36:32 - [TEST_STEP][PASSED] - Statement - toDateValue = CustomKeywords.projectSpecific.Reusability.getTestData("ReportsPage", "toDate3"): projectSpecific.Reusability.getTestData is PASSED

2018-05-10 20:36:32 - [MESSAGE][PASSED] - projectSpecific.Reusability.getTestData is PASSED

2018-05-10 20:36:32 - [TEST_STEP][PASSED] - Statement - If (!(dateAttr.equals(toDateValue))): null

2018-05-10 20:36:32 - [TEST_STEP][PASSED] - click: Object: 'Object Repository/ReportsPage/generateReport' is clicked on

2018-05-10 20:36:32 - [MESSAGE][PASSED] - Object: 'Object Repository/ReportsPage/generateReport' is clicked on

2018-05-10 20:36:32 - [TEST_STEP][PASSED] - Statement - errMessage = CustomKeywords.uiaction.CommonUIActions.getText(com.kms.katalon.core.testobject.ObjectRepository.findTestObject(ReportsPage/errorMsg)): uiaction.CommonUIActions.getText is PASSED

2018-05-10 20:36:32 - [MESSAGE][PASSED] - uiaction.CommonUIActions.getText is PASSED

2018-05-10 20:36:32 - [TEST_STEP][PASSED] - Statement - errMsgText = CustomKeywords.projectSpecific.Reusability.getTestData("ReportsPage", "DateErrorMsg1"): projectSpecific.Reusability.getTestData is PASSED

2018-05-10 20:36:32 - [MESSAGE][PASSED] - projectSpecific.Reusability.getTestData is PASSED

2018-05-10 20:36:32 - [TEST_STEP][PASSED] - verifyMatch: Actual text 'Date range invalid. For Day Reports select any 1 month period.' and expected text 'Date range invalid. For Day Reports select any 1 month period.' are matched 

2018-05-10 20:36:32 - [MESSAGE][PASSED] - Actual text 'Date range invalid. For Day Reports select any 1 month period.' and expected text 'Date range invalid. For Day Reports select any 1 month period.' are matched 

2018-05-10 20:36:32 - [TEST_STEP][PASSED] - delay: Delayed 5 second(s)

2018-05-10 20:36:37 - [MESSAGE][PASSED] - Delayed 5 second(s)

2018-05-10 20:36:37 - [TEST_STEP][PASSED] - click: Object: 'Object Repository/ReportsPage/fromDateSelector' is clicked on

2018-05-10 20:36:37 - [MESSAGE][PASSED] - Object: 'Object Repository/ReportsPage/fromDateSelector' is clicked on

2018-05-10 20:36:37 - [TEST_STEP][PASSED] - delay: Delayed 5 second(s)

2018-05-10 20:36:42 - [MESSAGE][PASSED] - Delayed 5 second(s)

2018-05-10 20:36:42 - [TEST_STEP][PASSED] - Statement - monthText = com.kms.katalon.core.webui.keyword.WebUiBuiltInKeywords.getText(com.kms.katalon.core.testobject.ObjectRepository.findTestObject(ReportsPage/monthText)): Text of object 'Object Repository/ReportsPage/monthText' is: 'January 2018'

2018-05-10 20:36:42 - [MESSAGE][PASSED] - Text of object 'Object Repository/ReportsPage/monthText' is: 'January 2018'

2018-05-10 20:36:42 - [TEST_STEP][PASSED] - Statement - monthTextArray = monthText.split(" "): null

2018-05-10 20:36:42 - [TEST_STEP][PASSED] - Statement - month = monthTextArray[0]: null

2018-05-10 20:36:42 - [TEST_STEP][PASSED] - Statement - monthTextValue = CustomKeywords.projectSpecific.Reusability.getTestData("ReportsPage", "JanMonth"): projectSpecific.Reusability.getTestData is PASSED

2018-05-10 20:36:42 - [MESSAGE][PASSED] - projectSpecific.Reusability.getTestData is PASSED

2018-05-10 20:36:42 - [TEST_STEP][PASSED] - Statement - If (!(monthTextValue.equals(month))): null

2018-05-10 20:36:42 - [TEST_STEP][PASSED] - Statement - data = CustomKeywords.projectSpecific.Reusability.getTestData("ReportsPage", "StartDate"): projectSpecific.Reusability.getTestData is PASSED

2018-05-10 20:36:42 - [MESSAGE][PASSED] - projectSpecific.Reusability.getTestData is PASSED

2018-05-10 20:36:42 - [TEST_STEP][PASSED] - Statement - startDate = "(//td[text()='" + data + "'])[1]": null

2018-05-10 20:36:43 - [TEST_STEP][PASSED] - Statement - println(startDate): null

2018-05-10 20:36:43 - [TEST_STEP][PASSED] - Statement - startdateEle = driver.findElement(org.openqa.selenium.By.xpath(startDate)): null

2018-05-10 20:36:43 - [TEST_STEP][PASSED] - Statement - startdateEle.click(): null

2018-05-10 20:36:43 - [TEST_STEP][PASSED] - delay: Delayed 5 second(s)

2018-05-10 20:36:48 - [MESSAGE][PASSED] - Delayed 5 second(s)

2018-05-10 20:36:48 - [TEST_STEP][PASSED] - click: Object: 'Object Repository/ReportsPage/toDateSelector' is clicked on

2018-05-10 20:36:48 - [MESSAGE][PASSED] - Object: 'Object Repository/ReportsPage/toDateSelector' is clicked on

2018-05-10 20:36:48 - [TEST_STEP][PASSED] - Statement - monthText = com.kms.katalon.core.webui.keyword.WebUiBuiltInKeywords.getText(com.kms.katalon.core.testobject.ObjectRepository.findTestObject(ReportsPage/monthText2)): Text of object 'Object Repository/ReportsPage/monthText2' is: 'February 2018'

2018-05-10 20:36:48 - [MESSAGE][PASSED] - Text of object 'Object Repository/ReportsPage/monthText2' is: 'February 2018'

2018-05-10 20:36:48 - [TEST_STEP][PASSED] - Statement - monthTextArray = monthText.split(" "): null

2018-05-10 20:36:48 - [TEST_STEP][PASSED] - Statement - month = monthTextArray[0]: null

2018-05-10 20:36:48 - [TEST_STEP][PASSED] - Statement - monthTextValue1 = CustomKeywords.projectSpecific.Reusability.getTestData("ReportsPage", "FebMonth"): projectSpecific.Reusability.getTestData is PASSED

2018-05-10 20:36:48 - [MESSAGE][PASSED] - projectSpecific.Reusability.getTestData is PASSED

2018-05-10 20:36:48 - [TEST_STEP][PASSED] - Statement - If (!(monthTextValue1.equals(month))): null

2018-05-10 20:36:48 - [TEST_STEP][PASSED] - Statement - endDate = CustomKeywords.projectSpecific.Reusability.getTestData("ReportsPage", "EndDate4"): projectSpecific.Reusability.getTestData is PASSED

2018-05-10 20:36:48 - [MESSAGE][PASSED] - projectSpecific.Reusability.getTestData is PASSED

2018-05-10 20:36:48 - [TEST_STEP][PASSED] - Statement - toDate = "(//td[text()='" + endDate + "'])[3]": null

2018-05-10 20:36:48 - [TEST_STEP][PASSED] - Statement - println(toDate): null

2018-05-10 20:36:48 - [TEST_STEP][PASSED] - Statement - toDateEle = driver.findElement(org.openqa.selenium.By.xpath(toDate)): null

2018-05-10 20:36:48 - [TEST_STEP][PASSED] - Statement - toDateEle.click(): null

2018-05-10 20:36:48 - [TEST_STEP][PASSED] - delay: Delayed 5 second(s)

2018-05-10 20:36:53 - [MESSAGE][PASSED] - Delayed 5 second(s)

2018-05-10 20:36:53 - [TEST_STEP][PASSED] - Statement - dateAttr = com.kms.katalon.core.webui.keyword.WebUiBuiltInKeywords.getAttribute(com.kms.katalon.core.testobject.ObjectRepository.findTestObject(ReportsPage/selectedDate1), "value"): Attribute 'value' of object 'Object Repository/ReportsPage/selectedDate1' is: '01/01/2018'

2018-05-10 20:36:53 - [MESSAGE][PASSED] - Attribute 'value' of object 'Object Repository/ReportsPage/selectedDate1' is: '01/01/2018'

2018-05-10 20:36:53 - [TEST_STEP][PASSED] - Statement - fromDateValue = CustomKeywords.projectSpecific.Reusability.getTestData("ReportsPage", "fromDateJan"): projectSpecific.Reusability.getTestData is PASSED

2018-05-10 20:36:53 - [MESSAGE][PASSED] - projectSpecific.Reusability.getTestData is PASSED

2018-05-10 20:36:53 - [TEST_STEP][PASSED] - Statement - If (!(dateAttr.equals(fromDateValue))): null

2018-05-10 20:36:53 - [TEST_STEP][PASSED] - Statement - dateAttr = com.kms.katalon.core.webui.keyword.WebUiBuiltInKeywords.getAttribute(com.kms.katalon.core.testobject.ObjectRepository.findTestObject(ReportsPage/selectedDate2), "value"): Attribute 'value' of object 'Object Repository/ReportsPage/selectedDate2' is: '02/01/2018'

2018-05-10 20:36:53 - [MESSAGE][PASSED] - Attribute 'value' of object 'Object Repository/ReportsPage/selectedDate2' is: '02/01/2018'

2018-05-10 20:36:53 - [TEST_STEP][PASSED] - Statement - toDateValue = CustomKeywords.projectSpecific.Reusability.getTestData("ReportsPage", "toDate4"): projectSpecific.Reusability.getTestData is PASSED

2018-05-10 20:36:53 - [MESSAGE][PASSED] - projectSpecific.Reusability.getTestData is PASSED

2018-05-10 20:36:53 - [TEST_STEP][PASSED] - Statement - If (!(dateAttr.equals(toDateValue))): null

2018-05-10 20:36:53 - [TEST_STEP][PASSED] - click: Object: 'Object Repository/ReportsPage/generateReport' is clicked on

2018-05-10 20:36:53 - [MESSAGE][PASSED] - Object: 'Object Repository/ReportsPage/generateReport' is clicked on

2018-05-10 20:36:53 - [TEST_STEP][PASSED] - delay: Delayed 10 second(s)

2018-05-10 20:37:03 - [MESSAGE][PASSED] - Delayed 10 second(s)

2018-05-10 20:37:03 - [TEST_STEP][PASSED] - Statement - summHeading = CustomKeywords.projectSpecific.Reusability.getTestData("SummarizedReportPage", "summaryHeading"): projectSpecific.Reusability.getTestData is PASSED

2018-05-10 20:37:03 - [MESSAGE][PASSED] - projectSpecific.Reusability.getTestData is PASSED

2018-05-10 20:37:03 - [TEST_STEP][PASSED] - verifyElementText: Actual text and expected text of test object 'Object Repository/SummarizedReportPage/summaryReport' are matched.

2018-05-10 20:37:03 - [MESSAGE][PASSED] - Actual text and expected text of test object 'Object Repository/SummarizedReportPage/summaryReport' are matched.

2018-05-10 20:37:03 - [TEST_STEP][PASSED] - uiaction.CommonUIActions.click: uiaction.CommonUIActions.click is PASSED

2018-05-10 20:37:06 - [MESSAGE][PASSED] - uiaction.CommonUIActions.click is PASSED

2018-05-10 20:37:06 - [TEST_STEP][PASSED] - delay: Delayed 5 second(s)

2018-05-10 20:37:11 - [MESSAGE][PASSED] - Delayed 5 second(s)

2018-05-10 20:37:11 - [TEST_STEP][PASSED] - uiaction.CommonUIActions.click: uiaction.CommonUIActions.click is PASSED

2018-05-10 20:37:12 - [MESSAGE][PASSED] - uiaction.CommonUIActions.click is PASSED

2018-05-10 20:37:12 - [TEST_STEP][PASSED] - uiaction.CommonUIActions.click: uiaction.CommonUIActions.click is PASSED

2018-05-10 20:37:13 - [MESSAGE][PASSED] - uiaction.CommonUIActions.click is PASSED

2018-05-10 20:37:13 - [TEST_STEP][PASSED] - delay: Delayed 10 second(s)

2018-05-10 20:37:23 - [MESSAGE][PASSED] - Delayed 10 second(s)

2018-05-10 20:37:23 - [TEST_STEP][PASSED] - uiaction.CommonUIActions.click: uiaction.CommonUIActions.click is PASSED

2018-05-10 20:37:23 - [MESSAGE][PASSED] - uiaction.CommonUIActions.click is PASSED

2018-05-10 20:37:23 - [TEST_STEP][PASSED] - delay: Delayed 5 second(s)

2018-05-10 20:37:28 - [MESSAGE][PASSED] - Delayed 5 second(s)

2018-05-10 20:37:28 - [TEST_STEP][PASSED] - uiaction.CommonUIActions.click: uiaction.CommonUIActions.click is PASSED

2018-05-10 20:37:28 - [MESSAGE][PASSED] - uiaction.CommonUIActions.click is PASSED

2018-05-10 20:37:28 - [TEST_STEP][PASSED] - uiaction.CommonUIActions.click: uiaction.CommonUIActions.click is PASSED

2018-05-10 20:37:28 - [MESSAGE][PASSED] - uiaction.CommonUIActions.click is PASSED

2018-05-10 20:37:28 - [TEST_STEP][PASSED] - uiaction.CommonUIActions.click: uiaction.CommonUIActions.click is PASSED

2018-05-10 20:37:28 - [MESSAGE][PASSED] - uiaction.CommonUIActions.click is PASSED

2018-05-10 20:37:28 - [TEST_STEP][PASSED] - delay: Delayed 10 second(s)

2018-05-10 20:37:38 - [MESSAGE][PASSED] - Delayed 10 second(s)

2018-05-10 20:37:38 - [TEST_STEP][PASSED] - uiaction.CommonUIActions.back: uiaction.CommonUIActions.back is PASSED

2018-05-10 20:37:38 - [MESSAGE][PASSED] - Navigate back successfully

2018-05-10 20:37:38 - [MESSAGE][PASSED] - uiaction.CommonUIActions.back is PASSED

2018-05-10 20:37:38 - [TEST_STEP][PASSED] - delay: Delayed 5 second(s)

2018-05-10 20:37:43 - [MESSAGE][PASSED] - Delayed 5 second(s)

2018-05-10 20:37:43 - [TEST_STEP][PASSED] - uiaction.CommonUIActions.click: uiaction.CommonUIActions.click is PASSED

2018-05-10 20:37:43 - [MESSAGE][PASSED] - uiaction.CommonUIActions.click is PASSED

2018-05-10 20:37:43 - [TEST_STEP][PASSED] - uiaction.CommonUIActions.click: uiaction.CommonUIActions.click is PASSED

2018-05-10 20:37:43 - [MESSAGE][PASSED] - uiaction.CommonUIActions.click is PASSED

2018-05-10 20:37:43 - [TEST_STEP][PASSED] - uiaction.CommonUIActions.click: uiaction.CommonUIActions.click is PASSED

2018-05-10 20:37:45 - [MESSAGE][PASSED] - uiaction.CommonUIActions.click is PASSED

2018-05-10 20:37:45 - [TEST_STEP][PASSED] - Statement - assert TCflag == true: null

2018-05-10 20:37:45 - [TEST_STEP][PASSED] - Start listener action : sampleAfterTestCase: Browser is closed

2018-05-10 20:37:45 - [TEST_STEP][PASSED] - Statement - println(testCaseContext.getTestCaseId()): null

2018-05-10 20:37:45 - [TEST_STEP][PASSED] - Statement - println(testCaseContext.getTestCaseStatus()): null

2018-05-10 20:37:45 - [TEST_STEP][PASSED] - closeBrowser: Browser is closed

2018-05-10 20:37:45 - [MESSAGE][PASSED] - Browser is closed]]></system-out>
         <system-err><![CDATA[]]></system-err>
      </testcase>
      <testcase name="Test Cases/SummaryReportsTC/HME-Summary Report-09" classname="Test Cases/SummaryReportsTC/HME-Summary Report-09" status="PASSED">
         <system-out><![CDATA[2018-05-10 20:37:45 - [TEST_CASE][PASSED] - Test Cases/SummaryReportsTC/HME-Summary Report-09: Browser is closed

2018-05-10 20:37:46 - [TEST_STEP][PASSED] - Start listener action : sampleBeforeTestCase: uiaction.CommonUIActions.deleteAllCookies is PASSED

2018-05-10 20:37:46 - [TEST_STEP][PASSED] - openBrowser: Browser is opened with url: ''

2018-05-10 20:37:48 - [MESSAGE][PASSED] - Browser is opened with url: ''

2018-05-10 20:37:48 - [TEST_STEP][PASSED] - maximizeWindow: Current window maximized

2018-05-10 20:37:49 - [MESSAGE][PASSED] - Current window maximized

2018-05-10 20:37:49 - [TEST_STEP][PASSED] - uiaction.CommonUIActions.deleteAllCookies: uiaction.CommonUIActions.deleteAllCookies is PASSED

2018-05-10 20:37:49 - [MESSAGE][PASSED] - Delete all cookies successfully

2018-05-10 20:37:49 - [MESSAGE][PASSED] - uiaction.CommonUIActions.deleteAllCookies is PASSED

2018-05-10 20:37:49 - [TEST_STEP][PASSED] - Statement - TCflag = true: null

2018-05-10 20:37:49 - [TEST_STEP][PASSED] - Statement - Try: uiaction.CommonUIActions.click is PASSED

2018-05-10 20:37:49 - [TEST_STEP][PASSED] - navigateToUrl: Navigate to 'https://hme-dev-public-cloud-app.azurewebsites.net/' successfully

2018-05-10 20:37:52 - [MESSAGE][PASSED] - Navigate to 'https://hme-dev-public-cloud-app.azurewebsites.net/' successfully

2018-05-10 20:37:52 - [TEST_STEP][PASSED] - projectSpecific.Reusability.login: projectSpecific.Reusability.login is PASSED

2018-05-10 20:37:52 - [MESSAGE][PASSED] - projectSpecific.Reusability.getTestData is PASSED

2018-05-10 20:37:52 - [MESSAGE][PASSED] - projectSpecific.Reusability.getTestData is PASSED

2018-05-10 20:37:52 - [MESSAGE][PASSED] - Text 'selvendrank@nousinfo.com' is set on object 'Object Repository/LoginPage/Username'

2018-05-10 20:37:52 - [MESSAGE][PASSED] - Text 'nous;123' is set on object 'Object Repository/LoginPage/Password'

2018-05-10 20:37:52 - [MESSAGE][PASSED] - Object: 'Object Repository/LoginPage/Login' is clicked on

2018-05-10 20:37:52 - [MESSAGE][PASSED] - projectSpecific.Reusability.login is PASSED

2018-05-10 20:37:52 - [TEST_STEP][PASSED] - uiaction.CommonUIActions.click: uiaction.CommonUIActions.click is PASSED

2018-05-10 20:38:01 - [MESSAGE][PASSED] - uiaction.CommonUIActions.click is PASSED

2018-05-10 20:38:01 - [TEST_STEP][PASSED] - delay: Delayed 10 second(s)

2018-05-10 20:38:11 - [MESSAGE][PASSED] - Delayed 10 second(s)

2018-05-10 20:38:11 - [TEST_STEP][PASSED] - uiaction.CommonUIActions.click: uiaction.CommonUIActions.click is PASSED

2018-05-10 20:38:13 - [MESSAGE][PASSED] - uiaction.CommonUIActions.click is PASSED

2018-05-10 20:38:13 - [TEST_STEP][PASSED] - uiaction.CommonUIActions.click: uiaction.CommonUIActions.click is PASSED

2018-05-10 20:38:14 - [MESSAGE][PASSED] - uiaction.CommonUIActions.click is PASSED

2018-05-10 20:38:14 - [TEST_STEP][PASSED] - uiaction.CommonUIActions.click: uiaction.CommonUIActions.click is PASSED

2018-05-10 20:38:15 - [MESSAGE][PASSED] - uiaction.CommonUIActions.click is PASSED

2018-05-10 20:38:15 - [TEST_STEP][PASSED] - uiaction.CommonUIActions.click: uiaction.CommonUIActions.click is PASSED

2018-05-10 20:38:16 - [MESSAGE][PASSED] - uiaction.CommonUIActions.click is PASSED

2018-05-10 20:38:16 - [TEST_STEP][PASSED] - Statement - storeID = CustomKeywords.uiaction.CommonUIActions.getText(com.kms.katalon.core.testobject.ObjectRepository.findTestObject(StorePage/storeID)): uiaction.CommonUIActions.getText is PASSED

2018-05-10 20:38:16 - [MESSAGE][PASSED] - uiaction.CommonUIActions.getText is PASSED

2018-05-10 20:38:16 - [TEST_STEP][PASSED] - Statement - storenumber = storeID.trim(): null

2018-05-10 20:38:16 - [TEST_STEP][PASSED] - Statement - println(storenumber): null

2018-05-10 20:38:16 - [TEST_STEP][PASSED] - uiaction.CommonUIActions.click: uiaction.CommonUIActions.click is PASSED

2018-05-10 20:38:17 - [MESSAGE][PASSED] - uiaction.CommonUIActions.click is PASSED

2018-05-10 20:38:17 - [TEST_STEP][PASSED] - delay: Delayed 10 second(s)

2018-05-10 20:38:27 - [MESSAGE][PASSED] - Delayed 10 second(s)

2018-05-10 20:38:27 - [TEST_STEP][PASSED] - uiaction.CommonUIActions.click: uiaction.CommonUIActions.click is PASSED

2018-05-10 20:38:28 - [MESSAGE][PASSED] - uiaction.CommonUIActions.click is PASSED

2018-05-10 20:38:28 - [TEST_STEP][PASSED] - uiaction.CommonUIActions.click: uiaction.CommonUIActions.click is PASSED

2018-05-10 20:38:30 - [MESSAGE][PASSED] - uiaction.CommonUIActions.click is PASSED

2018-05-10 20:38:30 - [TEST_STEP][PASSED] - uiaction.CommonUIActions.click: uiaction.CommonUIActions.click is PASSED

2018-05-10 20:38:30 - [MESSAGE][PASSED] - uiaction.CommonUIActions.click is PASSED

2018-05-10 20:38:30 - [TEST_STEP][PASSED] - uiaction.CommonUIActions.enter: uiaction.CommonUIActions.enter is PASSED

2018-05-10 20:38:30 - [MESSAGE][PASSED] - projectSpecific.Reusability.getTestData is PASSED

2018-05-10 20:38:30 - [MESSAGE][PASSED] - uiaction.CommonUIActions.enter is PASSED

2018-05-10 20:38:30 - [TEST_STEP][PASSED] - uiaction.CommonUIActions.enter: uiaction.CommonUIActions.enter is PASSED

2018-05-10 20:38:30 - [MESSAGE][PASSED] - projectSpecific.Reusability.getTestData is PASSED

2018-05-10 20:38:30 - [MESSAGE][PASSED] - uiaction.CommonUIActions.enter is PASSED

2018-05-10 20:38:30 - [TEST_STEP][PASSED] - delay: Delayed 10 second(s)

2018-05-10 20:38:40 - [MESSAGE][PASSED] - Delayed 10 second(s)

2018-05-10 20:38:40 - [TEST_STEP][PASSED] - Statement - driver = com.kms.katalon.core.webui.driver.DriverFactory.getWebDriver(): null

2018-05-10 20:38:40 - [TEST_STEP][PASSED] - Statement - grouplist = driver.findElements(org.openqa.selenium.By.xpath("//ul[@class='unlinked-grouplist']/li")): null

2018-05-10 20:38:40 - [TEST_STEP][PASSED] - delay: Delayed 5 second(s)

2018-05-10 20:38:45 - [MESSAGE][PASSED] - Delayed 5 second(s)

2018-05-10 20:38:45 - [TEST_STEP][PASSED] - Statement - For ([i = 0, i < grouplist.size(), (i++)]): null

2018-05-10 20:38:45 - [TEST_STEP][PASSED] - Statement - println(grouplist.get(i).getText()): null

2018-05-10 20:38:45 - [TEST_STEP][PASSED] - Statement - If (grouplist.get(i).getText().contains(storenumber)): null

2018-05-10 20:38:45 - [TEST_STEP][PASSED] - Statement - println(grouplist.get(i).getText()): null

2018-05-10 20:38:45 - [TEST_STEP][PASSED] - Statement - If (grouplist.get(i).getText().contains(storenumber)): null

2018-05-10 20:38:45 - [TEST_STEP][PASSED] - Statement - println(grouplist.get(i).getText()): null

2018-05-10 20:38:45 - [TEST_STEP][PASSED] - Statement - If (grouplist.get(i).getText().contains(storenumber)): null

2018-05-10 20:38:45 - [TEST_STEP][PASSED] - Statement - println(grouplist.get(i).getText()): null

2018-05-10 20:38:45 - [TEST_STEP][PASSED] - Statement - If (grouplist.get(i).getText().contains(storenumber)): null

2018-05-10 20:38:45 - [TEST_STEP][PASSED] - Statement - println(grouplist.get(i).getText()): null

2018-05-10 20:38:45 - [TEST_STEP][PASSED] - Statement - If (grouplist.get(i).getText().contains(storenumber)): null

2018-05-10 20:38:45 - [TEST_STEP][PASSED] - Statement - println(grouplist.get(i).getText()): null

2018-05-10 20:38:45 - [TEST_STEP][PASSED] - Statement - If (grouplist.get(i).getText().contains(storenumber)): null

2018-05-10 20:38:45 - [TEST_STEP][PASSED] - Statement - println(grouplist.get(i).getText()): null

2018-05-10 20:38:45 - [TEST_STEP][PASSED] - Statement - If (grouplist.get(i).getText().contains(storenumber)): null

2018-05-10 20:38:45 - [TEST_STEP][PASSED] - Statement - println(grouplist.get(i).getText()): null

2018-05-10 20:38:45 - [TEST_STEP][PASSED] - Statement - If (grouplist.get(i).getText().contains(storenumber)): null

2018-05-10 20:38:45 - [TEST_STEP][PASSED] - Statement - println(grouplist.get(i).getText()): null

2018-05-10 20:38:45 - [TEST_STEP][PASSED] - Statement - If (grouplist.get(i).getText().contains(storenumber)): null

2018-05-10 20:38:45 - [TEST_STEP][PASSED] - Statement - println(grouplist.get(i).getText()): null

2018-05-10 20:38:45 - [TEST_STEP][PASSED] - Statement - If (grouplist.get(i).getText().contains(storenumber)): null

2018-05-10 20:38:45 - [TEST_STEP][PASSED] - Statement - println(grouplist.get(i).getText()): null

2018-05-10 20:38:45 - [TEST_STEP][PASSED] - Statement - If (grouplist.get(i).getText().contains(storenumber)): null

2018-05-10 20:38:45 - [TEST_STEP][PASSED] - Statement - println(grouplist.get(i).getText()): null

2018-05-10 20:38:45 - [TEST_STEP][PASSED] - Statement - If (grouplist.get(i).getText().contains(storenumber)): null

2018-05-10 20:38:45 - [TEST_STEP][PASSED] - Statement - println(grouplist.get(i).getText()): null

2018-05-10 20:38:46 - [TEST_STEP][PASSED] - Statement - If (grouplist.get(i).getText().contains(storenumber)): null

2018-05-10 20:38:46 - [TEST_STEP][PASSED] - Statement - println(grouplist.get(i).getText()): null

2018-05-10 20:38:46 - [TEST_STEP][PASSED] - Statement - If (grouplist.get(i).getText().contains(storenumber)): null

2018-05-10 20:38:46 - [TEST_STEP][PASSED] - Statement - driver.findElement(org.openqa.selenium.By.xpath("(//ul[@class='unlinked-grouplist']/li/label)[" + i + 1 + "]")).click(): null

2018-05-10 20:38:46 - [TEST_STEP][PASSED] - Statement - driver.findElement(org.openqa.selenium.By.xpath("//button[contains(text(),'>')]")).click(): null

2018-05-10 20:38:46 - [TEST_STEP][PASSED] - Statement - Break: null

2018-05-10 20:38:46 - [TEST_STEP][PASSED] - delay: Delayed 10 second(s)

2018-05-10 20:38:56 - [MESSAGE][PASSED] - Delayed 10 second(s)

2018-05-10 20:38:56 - [TEST_STEP][PASSED] - uiaction.CommonUIActions.click: uiaction.CommonUIActions.click is PASSED

2018-05-10 20:38:56 - [MESSAGE][PASSED] - uiaction.CommonUIActions.click is PASSED

2018-05-10 20:38:56 - [TEST_STEP][PASSED] - uiaction.CommonUIActions.click: uiaction.CommonUIActions.click is PASSED

2018-05-10 20:38:56 - [MESSAGE][PASSED] - uiaction.CommonUIActions.click is PASSED

2018-05-10 20:38:56 - [TEST_STEP][PASSED] - delay: Delayed 10 second(s)

2018-05-10 20:39:06 - [MESSAGE][PASSED] - Delayed 10 second(s)

2018-05-10 20:39:06 - [TEST_STEP][PASSED] - uiaction.CommonUIActions.click: uiaction.CommonUIActions.click is PASSED

2018-05-10 20:39:06 - [MESSAGE][PASSED] - uiaction.CommonUIActions.click is PASSED

2018-05-10 20:39:06 - [TEST_STEP][PASSED] - delay: Delayed 10 second(s)

2018-05-10 20:39:16 - [MESSAGE][PASSED] - Delayed 10 second(s)

2018-05-10 20:39:16 - [TEST_STEP][PASSED] - Statement - groupmain = CustomKeywords.projectSpecific.Reusability.getTestData("ReportingGroupManagementPage", "dummyGroupName1"): projectSpecific.Reusability.getTestData is PASSED

2018-05-10 20:39:16 - [MESSAGE][PASSED] - projectSpecific.Reusability.getTestData is PASSED

2018-05-10 20:39:16 - [TEST_STEP][PASSED] - Statement - driver.findElement(org.openqa.selenium.By.xpath("//span[contains(text(),'" + groupmain + "')]/../../../../span[1]")).click(): null

2018-05-10 20:39:16 - [TEST_STEP][PASSED] - Statement - driver.findElement(org.openqa.selenium.By.xpath("//span[contains(text(),'" + storenumber.trim() + "')]")).isDisplayed(): null

2018-05-10 20:39:16 - [TEST_STEP][PASSED] - Statement - driver.findElement(org.openqa.selenium.By.xpath("//span[contains(text(),'" + groupmain + "')]/../../../../span[2]")).click(): null

2018-05-10 20:39:16 - [TEST_STEP][PASSED] - Statement - storesInCriteriaTextBox = CustomKeywords.uiaction.CommonUIActions.getText(com.kms.katalon.core.testobject.ObjectRepository.findTestObject(ReportsPage/cretiria_store)): uiaction.CommonUIActions.getText is PASSED

2018-05-10 20:39:16 - [MESSAGE][PASSED] - uiaction.CommonUIActions.getText is PASSED

2018-05-10 20:39:16 - [TEST_STEP][PASSED] - Statement - If (storesInCriteriaTextBox.contains(storenumber)): null

2018-05-10 20:39:16 - [TEST_STEP][PASSED] - Statement - println("Store is displayed in Criteria free text box"): null

2018-05-10 20:39:16 - [TEST_STEP][PASSED] - click: Object: 'Object Repository/ReportsPage/timeSelection' is clicked on

2018-05-10 20:39:16 - [MESSAGE][PASSED] - Object: 'Object Repository/ReportsPage/timeSelection' is clicked on

2018-05-10 20:39:16 - [TEST_STEP][PASSED] - click: Object: 'Object Repository/ReportsPage/daypartTimeOption' is clicked on

2018-05-10 20:39:16 - [MESSAGE][PASSED] - Object: 'Object Repository/ReportsPage/daypartTimeOption' is clicked on

2018-05-10 20:39:16 - [TEST_STEP][PASSED] - click: Object: 'Object Repository/ReportsPage/summaryReportHeading' is clicked on

2018-05-10 20:39:16 - [MESSAGE][PASSED] - Object: 'Object Repository/ReportsPage/summaryReportHeading' is clicked on

2018-05-10 20:39:16 - [TEST_STEP][PASSED] - verifyElementText: Actual text and expected text of test object 'Object Repository/ReportsPage/daypartTimeOption' are matched.

2018-05-10 20:39:16 - [MESSAGE][PASSED] - projectSpecific.Reusability.getTestData is PASSED

2018-05-10 20:39:16 - [MESSAGE][PASSED] - Actual text and expected text of test object 'Object Repository/ReportsPage/daypartTimeOption' are matched.

2018-05-10 20:39:16 - [TEST_STEP][PASSED] - verifyElementText: Actual text and expected text of test object 'Object Repository/ReportsPage/criteriaTimeMeasureFordaypart' are matched.

2018-05-10 20:39:16 - [MESSAGE][PASSED] - projectSpecific.Reusability.getTestData is PASSED

2018-05-10 20:39:17 - [MESSAGE][PASSED] - Actual text and expected text of test object 'Object Repository/ReportsPage/criteriaTimeMeasureFordaypart' are matched.

2018-05-10 20:39:17 - [TEST_STEP][PASSED] - delay: Delayed 5 second(s)

2018-05-10 20:39:22 - [MESSAGE][PASSED] - Delayed 5 second(s)

2018-05-10 20:39:22 - [TEST_STEP][PASSED] - click: Object: 'Object Repository/ReportsPage/fromDateSelector' is clicked on

2018-05-10 20:39:22 - [MESSAGE][PASSED] - Object: 'Object Repository/ReportsPage/fromDateSelector' is clicked on

2018-05-10 20:39:22 - [TEST_STEP][PASSED] - delay: Delayed 5 second(s)

2018-05-10 20:39:27 - [MESSAGE][PASSED] - Delayed 5 second(s)

2018-05-10 20:39:27 - [TEST_STEP][PASSED] - Statement - monthText = com.kms.katalon.core.webui.keyword.WebUiBuiltInKeywords.getText(com.kms.katalon.core.testobject.ObjectRepository.findTestObject(ReportsPage/monthText)): Text of object 'Object Repository/ReportsPage/monthText' is: 'May 2018'

2018-05-10 20:39:27 - [MESSAGE][PASSED] - Text of object 'Object Repository/ReportsPage/monthText' is: 'May 2018'

2018-05-10 20:39:27 - [TEST_STEP][PASSED] - Statement - monthTextArray = monthText.split(" "): null

2018-05-10 20:39:27 - [TEST_STEP][PASSED] - Statement - month = monthTextArray[0]: null

2018-05-10 20:39:27 - [TEST_STEP][PASSED] - Statement - monthTextValue = CustomKeywords.projectSpecific.Reusability.getTestData("ReportsPage", "JanMonth"): projectSpecific.Reusability.getTestData is PASSED

2018-05-10 20:39:27 - [MESSAGE][PASSED] - projectSpecific.Reusability.getTestData is PASSED

2018-05-10 20:39:27 - [TEST_STEP][PASSED] - Statement - If (!(monthTextValue.equals(month))): null

2018-05-10 20:39:27 - [TEST_STEP][PASSED] - Statement - While (!(monthTextValue.equals(month))): null

2018-05-10 20:39:27 - [TEST_STEP][PASSED] - click: Object: 'Object Repository/ReportsPage/previousDateSelector' is clicked on

2018-05-10 20:39:27 - [MESSAGE][PASSED] - Object: 'Object Repository/ReportsPage/previousDateSelector' is clicked on

2018-05-10 20:39:27 - [TEST_STEP][PASSED] - Statement - monthText = com.kms.katalon.core.webui.keyword.WebUiBuiltInKeywords.getText(com.kms.katalon.core.testobject.ObjectRepository.findTestObject(ReportsPage/monthText)): Text of object 'Object Repository/ReportsPage/monthText' is: 'April 2018'

2018-05-10 20:39:27 - [MESSAGE][PASSED] - Text of object 'Object Repository/ReportsPage/monthText' is: 'April 2018'

2018-05-10 20:39:27 - [TEST_STEP][PASSED] - Statement - monthTextArray = monthText.split(" "): null

2018-05-10 20:39:27 - [TEST_STEP][PASSED] - Statement - month = monthTextArray[0]: null

2018-05-10 20:39:27 - [TEST_STEP][PASSED] - click: Object: 'Object Repository/ReportsPage/previousDateSelector' is clicked on

2018-05-10 20:39:27 - [MESSAGE][PASSED] - Object: 'Object Repository/ReportsPage/previousDateSelector' is clicked on

2018-05-10 20:39:27 - [TEST_STEP][PASSED] - Statement - monthText = com.kms.katalon.core.webui.keyword.WebUiBuiltInKeywords.getText(com.kms.katalon.core.testobject.ObjectRepository.findTestObject(ReportsPage/monthText)): Text of object 'Object Repository/ReportsPage/monthText' is: 'March 2018'

2018-05-10 20:39:27 - [MESSAGE][PASSED] - Text of object 'Object Repository/ReportsPage/monthText' is: 'March 2018'

2018-05-10 20:39:27 - [TEST_STEP][PASSED] - Statement - monthTextArray = monthText.split(" "): null

2018-05-10 20:39:27 - [TEST_STEP][PASSED] - Statement - month = monthTextArray[0]: null

2018-05-10 20:39:27 - [TEST_STEP][PASSED] - click: Object: 'Object Repository/ReportsPage/previousDateSelector' is clicked on

2018-05-10 20:39:27 - [MESSAGE][PASSED] - Object: 'Object Repository/ReportsPage/previousDateSelector' is clicked on

2018-05-10 20:39:27 - [TEST_STEP][PASSED] - Statement - monthText = com.kms.katalon.core.webui.keyword.WebUiBuiltInKeywords.getText(com.kms.katalon.core.testobject.ObjectRepository.findTestObject(ReportsPage/monthText)): Text of object 'Object Repository/ReportsPage/monthText' is: 'February 2018'

2018-05-10 20:39:27 - [MESSAGE][PASSED] - Text of object 'Object Repository/ReportsPage/monthText' is: 'February 2018'

2018-05-10 20:39:27 - [TEST_STEP][PASSED] - Statement - monthTextArray = monthText.split(" "): null

2018-05-10 20:39:27 - [TEST_STEP][PASSED] - Statement - month = monthTextArray[0]: null

2018-05-10 20:39:27 - [TEST_STEP][PASSED] - click: Object: 'Object Repository/ReportsPage/previousDateSelector' is clicked on

2018-05-10 20:39:27 - [MESSAGE][PASSED] - Object: 'Object Repository/ReportsPage/previousDateSelector' is clicked on

2018-05-10 20:39:27 - [TEST_STEP][PASSED] - Statement - monthText = com.kms.katalon.core.webui.keyword.WebUiBuiltInKeywords.getText(com.kms.katalon.core.testobject.ObjectRepository.findTestObject(ReportsPage/monthText)): Text of object 'Object Repository/ReportsPage/monthText' is: 'January 2018'

2018-05-10 20:39:27 - [MESSAGE][PASSED] - Text of object 'Object Repository/ReportsPage/monthText' is: 'January 2018'

2018-05-10 20:39:27 - [TEST_STEP][PASSED] - Statement - monthTextArray = monthText.split(" "): null

2018-05-10 20:39:27 - [TEST_STEP][PASSED] - Statement - month = monthTextArray[0]: null

2018-05-10 20:39:27 - [TEST_STEP][PASSED] - Statement - data = CustomKeywords.projectSpecific.Reusability.getTestData("ReportsPage", "StartDate"): projectSpecific.Reusability.getTestData is PASSED

2018-05-10 20:39:27 - [MESSAGE][PASSED] - projectSpecific.Reusability.getTestData is PASSED

2018-05-10 20:39:27 - [TEST_STEP][PASSED] - Statement - startDate = "(//td[text()='" + data + "'])[1]": null

2018-05-10 20:39:27 - [TEST_STEP][PASSED] - Statement - println(startDate): null

2018-05-10 20:39:27 - [TEST_STEP][PASSED] - Statement - startdateEle = driver.findElement(org.openqa.selenium.By.xpath(startDate)): null

2018-05-10 20:39:27 - [TEST_STEP][PASSED] - Statement - startdateEle.click(): null

2018-05-10 20:39:27 - [TEST_STEP][PASSED] - delay: Delayed 5 second(s)

2018-05-10 20:39:32 - [MESSAGE][PASSED] - Delayed 5 second(s)

2018-05-10 20:39:32 - [TEST_STEP][PASSED] - click: Object: 'Object Repository/ReportsPage/toDateSelector' is clicked on

2018-05-10 20:39:32 - [MESSAGE][PASSED] - Object: 'Object Repository/ReportsPage/toDateSelector' is clicked on

2018-05-10 20:39:32 - [TEST_STEP][PASSED] - Statement - monthText = com.kms.katalon.core.webui.keyword.WebUiBuiltInKeywords.getText(com.kms.katalon.core.testobject.ObjectRepository.findTestObject(ReportsPage/monthText2)): Text of object 'Object Repository/ReportsPage/monthText2' is: 'May 2018'

2018-05-10 20:39:32 - [MESSAGE][PASSED] - Text of object 'Object Repository/ReportsPage/monthText2' is: 'May 2018'

2018-05-10 20:39:32 - [TEST_STEP][PASSED] - Statement - monthTextArray = monthText.split(" "): null

2018-05-10 20:39:32 - [TEST_STEP][PASSED] - Statement - month = monthTextArray[0]: null

2018-05-10 20:39:32 - [TEST_STEP][PASSED] - Statement - monthTextValue1 = CustomKeywords.projectSpecific.Reusability.getTestData("ReportsPage", "JanMonth"): projectSpecific.Reusability.getTestData is PASSED

2018-05-10 20:39:32 - [MESSAGE][PASSED] - projectSpecific.Reusability.getTestData is PASSED

2018-05-10 20:39:32 - [TEST_STEP][PASSED] - Statement - If (!(monthTextValue1.equals(month))): null

2018-05-10 20:39:32 - [TEST_STEP][PASSED] - Statement - While (!(monthTextValue1.equals(month))): null

2018-05-10 20:39:32 - [TEST_STEP][PASSED] - click: Object: 'Object Repository/ReportsPage/previousDateSelector2' is clicked on

2018-05-10 20:39:32 - [MESSAGE][PASSED] - Object: 'Object Repository/ReportsPage/previousDateSelector2' is clicked on

2018-05-10 20:39:32 - [TEST_STEP][PASSED] - Statement - monthText = com.kms.katalon.core.webui.keyword.WebUiBuiltInKeywords.getText(com.kms.katalon.core.testobject.ObjectRepository.findTestObject(ReportsPage/monthText2)): Text of object 'Object Repository/ReportsPage/monthText2' is: 'April 2018'

2018-05-10 20:39:32 - [MESSAGE][PASSED] - Text of object 'Object Repository/ReportsPage/monthText2' is: 'April 2018'

2018-05-10 20:39:32 - [TEST_STEP][PASSED] - Statement - monthTextArray = monthText.split(" "): null

2018-05-10 20:39:32 - [TEST_STEP][PASSED] - Statement - month = monthTextArray[0]: null

2018-05-10 20:39:32 - [TEST_STEP][PASSED] - click: Object: 'Object Repository/ReportsPage/previousDateSelector2' is clicked on

2018-05-10 20:39:32 - [MESSAGE][PASSED] - Object: 'Object Repository/ReportsPage/previousDateSelector2' is clicked on

2018-05-10 20:39:32 - [TEST_STEP][PASSED] - Statement - monthText = com.kms.katalon.core.webui.keyword.WebUiBuiltInKeywords.getText(com.kms.katalon.core.testobject.ObjectRepository.findTestObject(ReportsPage/monthText2)): Text of object 'Object Repository/ReportsPage/monthText2' is: 'March 2018'

2018-05-10 20:39:32 - [MESSAGE][PASSED] - Text of object 'Object Repository/ReportsPage/monthText2' is: 'March 2018'

2018-05-10 20:39:32 - [TEST_STEP][PASSED] - Statement - monthTextArray = monthText.split(" "): null

2018-05-10 20:39:32 - [TEST_STEP][PASSED] - Statement - month = monthTextArray[0]: null

2018-05-10 20:39:32 - [TEST_STEP][PASSED] - click: Object: 'Object Repository/ReportsPage/previousDateSelector2' is clicked on

2018-05-10 20:39:32 - [MESSAGE][PASSED] - Object: 'Object Repository/ReportsPage/previousDateSelector2' is clicked on

2018-05-10 20:39:32 - [TEST_STEP][PASSED] - Statement - monthText = com.kms.katalon.core.webui.keyword.WebUiBuiltInKeywords.getText(com.kms.katalon.core.testobject.ObjectRepository.findTestObject(ReportsPage/monthText2)): Text of object 'Object Repository/ReportsPage/monthText2' is: 'February 2018'

2018-05-10 20:39:32 - [MESSAGE][PASSED] - Text of object 'Object Repository/ReportsPage/monthText2' is: 'February 2018'

2018-05-10 20:39:32 - [TEST_STEP][PASSED] - Statement - monthTextArray = monthText.split(" "): null

2018-05-10 20:39:32 - [TEST_STEP][PASSED] - Statement - month = monthTextArray[0]: null

2018-05-10 20:39:32 - [TEST_STEP][PASSED] - click: Object: 'Object Repository/ReportsPage/previousDateSelector2' is clicked on

2018-05-10 20:39:32 - [MESSAGE][PASSED] - Object: 'Object Repository/ReportsPage/previousDateSelector2' is clicked on

2018-05-10 20:39:32 - [TEST_STEP][PASSED] - Statement - monthText = com.kms.katalon.core.webui.keyword.WebUiBuiltInKeywords.getText(com.kms.katalon.core.testobject.ObjectRepository.findTestObject(ReportsPage/monthText2)): Text of object 'Object Repository/ReportsPage/monthText2' is: 'January 2018'

2018-05-10 20:39:32 - [MESSAGE][PASSED] - Text of object 'Object Repository/ReportsPage/monthText2' is: 'January 2018'

2018-05-10 20:39:32 - [TEST_STEP][PASSED] - Statement - monthTextArray = monthText.split(" "): null

2018-05-10 20:39:32 - [TEST_STEP][PASSED] - Statement - month = monthTextArray[0]: null

2018-05-10 20:39:32 - [TEST_STEP][PASSED] - Statement - endDate = CustomKeywords.projectSpecific.Reusability.getTestData("ReportsPage", "EndDate5"): projectSpecific.Reusability.getTestData is PASSED

2018-05-10 20:39:32 - [MESSAGE][PASSED] - projectSpecific.Reusability.getTestData is PASSED

2018-05-10 20:39:32 - [TEST_STEP][PASSED] - Statement - toDate = "(//td[text()='" + endDate + "'])[2]": null

2018-05-10 20:39:32 - [TEST_STEP][PASSED] - Statement - toDateEle = driver.findElement(org.openqa.selenium.By.xpath(toDate)): null

2018-05-10 20:39:32 - [TEST_STEP][PASSED] - Statement - toDateEle.click(): null

2018-05-10 20:39:33 - [TEST_STEP][PASSED] - delay: Delayed 5 second(s)

2018-05-10 20:39:38 - [MESSAGE][PASSED] - Delayed 5 second(s)

2018-05-10 20:39:38 - [TEST_STEP][PASSED] - Statement - dateAttr = com.kms.katalon.core.webui.keyword.WebUiBuiltInKeywords.getAttribute(com.kms.katalon.core.testobject.ObjectRepository.findTestObject(ReportsPage/selectedDate1), "value"): Attribute 'value' of object 'Object Repository/ReportsPage/selectedDate1' is: '01/01/2018'

2018-05-10 20:39:38 - [MESSAGE][PASSED] - Attribute 'value' of object 'Object Repository/ReportsPage/selectedDate1' is: '01/01/2018'

2018-05-10 20:39:38 - [TEST_STEP][PASSED] - Statement - fromDateValue = CustomKeywords.projectSpecific.Reusability.getTestData("ReportsPage", "fromDateJan"): projectSpecific.Reusability.getTestData is PASSED

2018-05-10 20:39:38 - [MESSAGE][PASSED] - projectSpecific.Reusability.getTestData is PASSED

2018-05-10 20:39:38 - [TEST_STEP][PASSED] - Statement - If (!(dateAttr.equals(fromDateValue))): null

2018-05-10 20:39:38 - [TEST_STEP][PASSED] - Statement - dateAttr = com.kms.katalon.core.webui.keyword.WebUiBuiltInKeywords.getAttribute(com.kms.katalon.core.testobject.ObjectRepository.findTestObject(ReportsPage/selectedDate2), "value"): Attribute 'value' of object 'Object Repository/ReportsPage/selectedDate2' is: '01/16/2018'

2018-05-10 20:39:38 - [MESSAGE][PASSED] - Attribute 'value' of object 'Object Repository/ReportsPage/selectedDate2' is: '01/16/2018'

2018-05-10 20:39:38 - [TEST_STEP][PASSED] - Statement - toDateValue = CustomKeywords.projectSpecific.Reusability.getTestData("ReportsPage", "toDate5"): projectSpecific.Reusability.getTestData is PASSED

2018-05-10 20:39:38 - [MESSAGE][PASSED] - projectSpecific.Reusability.getTestData is PASSED

2018-05-10 20:39:38 - [TEST_STEP][PASSED] - Statement - If (!(dateAttr.equals(toDateValue))): null

2018-05-10 20:39:38 - [TEST_STEP][PASSED] - click: Object: 'Object Repository/ReportsPage/generateReport' is clicked on

2018-05-10 20:39:38 - [MESSAGE][PASSED] - Object: 'Object Repository/ReportsPage/generateReport' is clicked on

2018-05-10 20:39:38 - [TEST_STEP][PASSED] - Statement - errMessage = CustomKeywords.uiaction.CommonUIActions.getText(com.kms.katalon.core.testobject.ObjectRepository.findTestObject(ReportsPage/errorMsg)): uiaction.CommonUIActions.getText is PASSED

2018-05-10 20:39:38 - [MESSAGE][PASSED] - uiaction.CommonUIActions.getText is PASSED

2018-05-10 20:39:38 - [TEST_STEP][PASSED] - Statement - errMsgText = CustomKeywords.projectSpecific.Reusability.getTestData("ReportsPage", "DateErrorMsg2"): projectSpecific.Reusability.getTestData is PASSED

2018-05-10 20:39:38 - [MESSAGE][PASSED] - projectSpecific.Reusability.getTestData is PASSED

2018-05-10 20:39:38 - [TEST_STEP][PASSED] - verifyMatch: Actual text 'Date range invalid. For Daypart Reports select any 2 week period.' and expected text 'Date range invalid. For Daypart Reports select any 2 week period.' are matched 

2018-05-10 20:39:38 - [MESSAGE][PASSED] - Actual text 'Date range invalid. For Daypart Reports select any 2 week period.' and expected text 'Date range invalid. For Daypart Reports select any 2 week period.' are matched 

2018-05-10 20:39:38 - [TEST_STEP][PASSED] - delay: Delayed 5 second(s)

2018-05-10 20:39:43 - [MESSAGE][PASSED] - Delayed 5 second(s)

2018-05-10 20:39:43 - [TEST_STEP][PASSED] - click: Object: 'Object Repository/ReportsPage/fromDateSelector' is clicked on

2018-05-10 20:39:43 - [MESSAGE][PASSED] - Object: 'Object Repository/ReportsPage/fromDateSelector' is clicked on

2018-05-10 20:39:43 - [TEST_STEP][PASSED] - delay: Delayed 5 second(s)

2018-05-10 20:39:48 - [MESSAGE][PASSED] - Delayed 5 second(s)

2018-05-10 20:39:48 - [TEST_STEP][PASSED] - Statement - monthText = com.kms.katalon.core.webui.keyword.WebUiBuiltInKeywords.getText(com.kms.katalon.core.testobject.ObjectRepository.findTestObject(ReportsPage/monthText)): Text of object 'Object Repository/ReportsPage/monthText' is: 'January 2018'

2018-05-10 20:39:48 - [MESSAGE][PASSED] - Text of object 'Object Repository/ReportsPage/monthText' is: 'January 2018'

2018-05-10 20:39:48 - [TEST_STEP][PASSED] - Statement - monthTextArray = monthText.split(" "): null

2018-05-10 20:39:48 - [TEST_STEP][PASSED] - Statement - month = monthTextArray[0]: null

2018-05-10 20:39:48 - [TEST_STEP][PASSED] - Statement - monthTextValue = CustomKeywords.projectSpecific.Reusability.getTestData("ReportsPage", "JanMonth"): projectSpecific.Reusability.getTestData is PASSED

2018-05-10 20:39:48 - [MESSAGE][PASSED] - projectSpecific.Reusability.getTestData is PASSED

2018-05-10 20:39:48 - [TEST_STEP][PASSED] - Statement - If (!(monthTextValue.equals(month))): null

2018-05-10 20:39:48 - [TEST_STEP][PASSED] - Statement - data = CustomKeywords.projectSpecific.Reusability.getTestData("ReportsPage", "StartDate"): projectSpecific.Reusability.getTestData is PASSED

2018-05-10 20:39:48 - [MESSAGE][PASSED] - projectSpecific.Reusability.getTestData is PASSED

2018-05-10 20:39:48 - [TEST_STEP][PASSED] - Statement - startDate = "(//td[text()='" + data + "'])[1]": null

2018-05-10 20:39:48 - [TEST_STEP][PASSED] - Statement - println(startDate): null

2018-05-10 20:39:48 - [TEST_STEP][PASSED] - Statement - startdateEle = driver.findElement(org.openqa.selenium.By.xpath(startDate)): null

2018-05-10 20:39:48 - [TEST_STEP][PASSED] - Statement - startdateEle.click(): null

2018-05-10 20:39:48 - [TEST_STEP][PASSED] - delay: Delayed 5 second(s)

2018-05-10 20:39:53 - [MESSAGE][PASSED] - Delayed 5 second(s)

2018-05-10 20:39:53 - [TEST_STEP][PASSED] - click: Object: 'Object Repository/ReportsPage/toDateSelector' is clicked on

2018-05-10 20:39:53 - [MESSAGE][PASSED] - Object: 'Object Repository/ReportsPage/toDateSelector' is clicked on

2018-05-10 20:39:53 - [TEST_STEP][PASSED] - Statement - monthText = com.kms.katalon.core.webui.keyword.WebUiBuiltInKeywords.getText(com.kms.katalon.core.testobject.ObjectRepository.findTestObject(ReportsPage/monthText2)): Text of object 'Object Repository/ReportsPage/monthText2' is: 'January 2018'

2018-05-10 20:39:53 - [MESSAGE][PASSED] - Text of object 'Object Repository/ReportsPage/monthText2' is: 'January 2018'

2018-05-10 20:39:53 - [TEST_STEP][PASSED] - Statement - monthTextArray = monthText.split(" "): null

2018-05-10 20:39:53 - [TEST_STEP][PASSED] - Statement - month = monthTextArray[0]: null

2018-05-10 20:39:53 - [TEST_STEP][PASSED] - Statement - monthTextValue1 = CustomKeywords.projectSpecific.Reusability.getTestData("ReportsPage", "JanMonth"): projectSpecific.Reusability.getTestData is PASSED

2018-05-10 20:39:53 - [MESSAGE][PASSED] - projectSpecific.Reusability.getTestData is PASSED

2018-05-10 20:39:53 - [TEST_STEP][PASSED] - Statement - If (!(monthTextValue1.equals(month))): null

2018-05-10 20:39:53 - [TEST_STEP][PASSED] - Statement - endDate = CustomKeywords.projectSpecific.Reusability.getTestData("ReportsPage", "EndDate6"): projectSpecific.Reusability.getTestData is PASSED

2018-05-10 20:39:53 - [MESSAGE][PASSED] - projectSpecific.Reusability.getTestData is PASSED

2018-05-10 20:39:53 - [TEST_STEP][PASSED] - Statement - toDate = "(//td[text()='" + endDate + "'])[2]": null

2018-05-10 20:39:53 - [TEST_STEP][PASSED] - Statement - toDateEle = driver.findElement(org.openqa.selenium.By.xpath(toDate)): null

2018-05-10 20:39:53 - [TEST_STEP][PASSED] - Statement - toDateEle.click(): null

2018-05-10 20:39:53 - [TEST_STEP][PASSED] - delay: Delayed 5 second(s)

2018-05-10 20:39:58 - [MESSAGE][PASSED] - Delayed 5 second(s)

2018-05-10 20:39:58 - [TEST_STEP][PASSED] - Statement - dateAttr = com.kms.katalon.core.webui.keyword.WebUiBuiltInKeywords.getAttribute(com.kms.katalon.core.testobject.ObjectRepository.findTestObject(ReportsPage/selectedDate1), "value"): Attribute 'value' of object 'Object Repository/ReportsPage/selectedDate1' is: '01/01/2018'

2018-05-10 20:39:58 - [MESSAGE][PASSED] - Attribute 'value' of object 'Object Repository/ReportsPage/selectedDate1' is: '01/01/2018'

2018-05-10 20:39:58 - [TEST_STEP][PASSED] - Statement - fromDateValue = CustomKeywords.projectSpecific.Reusability.getTestData("ReportsPage", "fromDateJan"): projectSpecific.Reusability.getTestData is PASSED

2018-05-10 20:39:58 - [MESSAGE][PASSED] - projectSpecific.Reusability.getTestData is PASSED

2018-05-10 20:39:58 - [TEST_STEP][PASSED] - Statement - If (!(dateAttr.equals(fromDateValue))): null

2018-05-10 20:39:58 - [TEST_STEP][PASSED] - Statement - dateAttr = com.kms.katalon.core.webui.keyword.WebUiBuiltInKeywords.getAttribute(com.kms.katalon.core.testobject.ObjectRepository.findTestObject(ReportsPage/selectedDate2), "value"): Attribute 'value' of object 'Object Repository/ReportsPage/selectedDate2' is: '01/15/2018'

2018-05-10 20:39:58 - [MESSAGE][PASSED] - Attribute 'value' of object 'Object Repository/ReportsPage/selectedDate2' is: '01/15/2018'

2018-05-10 20:39:58 - [TEST_STEP][PASSED] - Statement - toDateValue = CustomKeywords.projectSpecific.Reusability.getTestData("ReportsPage", "toDate6"): projectSpecific.Reusability.getTestData is PASSED

2018-05-10 20:39:58 - [MESSAGE][PASSED] - projectSpecific.Reusability.getTestData is PASSED

2018-05-10 20:39:58 - [TEST_STEP][PASSED] - Statement - If (!(dateAttr.equals(toDateValue))): null

2018-05-10 20:39:58 - [TEST_STEP][PASSED] - click: Object: 'Object Repository/ReportsPage/generateReport' is clicked on

2018-05-10 20:39:58 - [MESSAGE][PASSED] - Object: 'Object Repository/ReportsPage/generateReport' is clicked on

2018-05-10 20:39:58 - [TEST_STEP][PASSED] - delay: Delayed 10 second(s)

2018-05-10 20:40:08 - [MESSAGE][PASSED] - Delayed 10 second(s)

2018-05-10 20:40:08 - [TEST_STEP][PASSED] - Statement - summHeading = CustomKeywords.projectSpecific.Reusability.getTestData("SummarizedReportPage", "summaryHeading"): projectSpecific.Reusability.getTestData is PASSED

2018-05-10 20:40:08 - [MESSAGE][PASSED] - projectSpecific.Reusability.getTestData is PASSED

2018-05-10 20:40:08 - [TEST_STEP][PASSED] - verifyElementText: Actual text and expected text of test object 'Object Repository/SummarizedReportPage/summaryReport' are matched.

2018-05-10 20:40:08 - [MESSAGE][PASSED] - Actual text and expected text of test object 'Object Repository/SummarizedReportPage/summaryReport' are matched.

2018-05-10 20:40:08 - [TEST_STEP][PASSED] - uiaction.CommonUIActions.click: uiaction.CommonUIActions.click is PASSED

2018-05-10 20:40:10 - [MESSAGE][PASSED] - uiaction.CommonUIActions.click is PASSED

2018-05-10 20:40:10 - [TEST_STEP][PASSED] - delay: Delayed 5 second(s)

2018-05-10 20:40:15 - [MESSAGE][PASSED] - Delayed 5 second(s)

2018-05-10 20:40:15 - [TEST_STEP][PASSED] - uiaction.CommonUIActions.click: uiaction.CommonUIActions.click is PASSED

2018-05-10 20:40:16 - [MESSAGE][PASSED] - uiaction.CommonUIActions.click is PASSED

2018-05-10 20:40:16 - [TEST_STEP][PASSED] - uiaction.CommonUIActions.click: uiaction.CommonUIActions.click is PASSED

2018-05-10 20:40:16 - [MESSAGE][PASSED] - uiaction.CommonUIActions.click is PASSED

2018-05-10 20:40:16 - [TEST_STEP][PASSED] - delay: Delayed 10 second(s)

2018-05-10 20:40:26 - [MESSAGE][PASSED] - Delayed 10 second(s)

2018-05-10 20:40:26 - [TEST_STEP][PASSED] - uiaction.CommonUIActions.click: uiaction.CommonUIActions.click is PASSED

2018-05-10 20:40:26 - [MESSAGE][PASSED] - uiaction.CommonUIActions.click is PASSED

2018-05-10 20:40:26 - [TEST_STEP][PASSED] - delay: Delayed 5 second(s)

2018-05-10 20:40:31 - [MESSAGE][PASSED] - Delayed 5 second(s)

2018-05-10 20:40:31 - [TEST_STEP][PASSED] - uiaction.CommonUIActions.click: uiaction.CommonUIActions.click is PASSED

2018-05-10 20:40:31 - [MESSAGE][PASSED] - uiaction.CommonUIActions.click is PASSED

2018-05-10 20:40:31 - [TEST_STEP][PASSED] - uiaction.CommonUIActions.click: uiaction.CommonUIActions.click is PASSED

2018-05-10 20:40:32 - [MESSAGE][PASSED] - uiaction.CommonUIActions.click is PASSED

2018-05-10 20:40:32 - [TEST_STEP][PASSED] - uiaction.CommonUIActions.click: uiaction.CommonUIActions.click is PASSED

2018-05-10 20:40:32 - [MESSAGE][PASSED] - uiaction.CommonUIActions.click is PASSED

2018-05-10 20:40:32 - [TEST_STEP][PASSED] - delay: Delayed 10 second(s)

2018-05-10 20:40:42 - [MESSAGE][PASSED] - Delayed 10 second(s)

2018-05-10 20:40:42 - [TEST_STEP][PASSED] - uiaction.CommonUIActions.back: uiaction.CommonUIActions.back is PASSED

2018-05-10 20:40:42 - [MESSAGE][PASSED] - Navigate back successfully

2018-05-10 20:40:42 - [MESSAGE][PASSED] - uiaction.CommonUIActions.back is PASSED

2018-05-10 20:40:42 - [TEST_STEP][PASSED] - delay: Delayed 5 second(s)

2018-05-10 20:40:47 - [MESSAGE][PASSED] - Delayed 5 second(s)

2018-05-10 20:40:47 - [TEST_STEP][PASSED] - uiaction.CommonUIActions.click: uiaction.CommonUIActions.click is PASSED

2018-05-10 20:40:47 - [MESSAGE][PASSED] - uiaction.CommonUIActions.click is PASSED

2018-05-10 20:40:47 - [TEST_STEP][PASSED] - uiaction.CommonUIActions.click: uiaction.CommonUIActions.click is PASSED

2018-05-10 20:40:47 - [MESSAGE][PASSED] - uiaction.CommonUIActions.click is PASSED

2018-05-10 20:40:47 - [TEST_STEP][PASSED] - uiaction.CommonUIActions.click: uiaction.CommonUIActions.click is PASSED

2018-05-10 20:40:50 - [MESSAGE][PASSED] - uiaction.CommonUIActions.click is PASSED

2018-05-10 20:40:50 - [TEST_STEP][PASSED] - Statement - assert TCflag == true: null

2018-05-10 20:40:50 - [TEST_STEP][PASSED] - Start listener action : sampleAfterTestCase: Browser is closed

2018-05-10 20:40:50 - [TEST_STEP][PASSED] - Statement - println(testCaseContext.getTestCaseId()): null

2018-05-10 20:40:50 - [TEST_STEP][PASSED] - Statement - println(testCaseContext.getTestCaseStatus()): null

2018-05-10 20:40:50 - [TEST_STEP][PASSED] - closeBrowser: Browser is closed

2018-05-10 20:40:50 - [MESSAGE][PASSED] - Browser is closed]]></system-out>
         <system-err><![CDATA[]]></system-err>
      </testcase>
      <testcase name="Test Cases/SummaryReportsTC/HME-Summary Report-10" classname="Test Cases/SummaryReportsTC/HME-Summary Report-10" status="PASSED">
         <system-out><![CDATA[2018-05-10 20:40:50 - [TEST_CASE][PASSED] - Test Cases/SummaryReportsTC/HME-Summary Report-10: Browser is closed

2018-05-10 20:40:50 - [TEST_STEP][PASSED] - Start listener action : sampleBeforeTestCase: uiaction.CommonUIActions.deleteAllCookies is PASSED

2018-05-10 20:40:50 - [TEST_STEP][PASSED] - openBrowser: Browser is opened with url: ''

2018-05-10 20:40:52 - [MESSAGE][PASSED] - Browser is opened with url: ''

2018-05-10 20:40:52 - [TEST_STEP][PASSED] - maximizeWindow: Current window maximized

2018-05-10 20:40:54 - [MESSAGE][PASSED] - Current window maximized

2018-05-10 20:40:54 - [TEST_STEP][PASSED] - uiaction.CommonUIActions.deleteAllCookies: uiaction.CommonUIActions.deleteAllCookies is PASSED

2018-05-10 20:40:54 - [MESSAGE][PASSED] - Delete all cookies successfully

2018-05-10 20:40:54 - [MESSAGE][PASSED] - uiaction.CommonUIActions.deleteAllCookies is PASSED

2018-05-10 20:40:54 - [TEST_STEP][PASSED] - Statement - TCflag = true: null

2018-05-10 20:40:54 - [TEST_STEP][PASSED] - Statement - Try: uiaction.CommonUIActions.click is PASSED

2018-05-10 20:40:54 - [TEST_STEP][PASSED] - navigateToUrl: Navigate to 'https://hme-dev-public-cloud-app.azurewebsites.net/' successfully

2018-05-10 20:40:57 - [MESSAGE][PASSED] - Navigate to 'https://hme-dev-public-cloud-app.azurewebsites.net/' successfully

2018-05-10 20:40:57 - [TEST_STEP][PASSED] - projectSpecific.Reusability.login: projectSpecific.Reusability.login is PASSED

2018-05-10 20:40:57 - [MESSAGE][PASSED] - projectSpecific.Reusability.getTestData is PASSED

2018-05-10 20:40:57 - [MESSAGE][PASSED] - projectSpecific.Reusability.getTestData is PASSED

2018-05-10 20:40:57 - [MESSAGE][PASSED] - Text 'selvendrank@nousinfo.com' is set on object 'Object Repository/LoginPage/Username'

2018-05-10 20:40:57 - [MESSAGE][PASSED] - Text 'nous;123' is set on object 'Object Repository/LoginPage/Password'

2018-05-10 20:40:57 - [MESSAGE][PASSED] - Object: 'Object Repository/LoginPage/Login' is clicked on

2018-05-10 20:40:57 - [MESSAGE][PASSED] - projectSpecific.Reusability.login is PASSED

2018-05-10 20:40:57 - [TEST_STEP][PASSED] - uiaction.CommonUIActions.click: uiaction.CommonUIActions.click is PASSED

2018-05-10 20:41:06 - [MESSAGE][PASSED] - uiaction.CommonUIActions.click is PASSED

2018-05-10 20:41:06 - [TEST_STEP][PASSED] - delay: Delayed 10 second(s)

2018-05-10 20:41:16 - [MESSAGE][PASSED] - Delayed 10 second(s)

2018-05-10 20:41:16 - [TEST_STEP][PASSED] - uiaction.CommonUIActions.click: uiaction.CommonUIActions.click is PASSED

2018-05-10 20:41:17 - [MESSAGE][PASSED] - uiaction.CommonUIActions.click is PASSED

2018-05-10 20:41:17 - [TEST_STEP][PASSED] - uiaction.CommonUIActions.click: uiaction.CommonUIActions.click is PASSED

2018-05-10 20:41:19 - [MESSAGE][PASSED] - uiaction.CommonUIActions.click is PASSED

2018-05-10 20:41:19 - [TEST_STEP][PASSED] - uiaction.CommonUIActions.click: uiaction.CommonUIActions.click is PASSED

2018-05-10 20:41:19 - [MESSAGE][PASSED] - uiaction.CommonUIActions.click is PASSED

2018-05-10 20:41:19 - [TEST_STEP][PASSED] - uiaction.CommonUIActions.click: uiaction.CommonUIActions.click is PASSED

2018-05-10 20:41:21 - [MESSAGE][PASSED] - uiaction.CommonUIActions.click is PASSED

2018-05-10 20:41:21 - [TEST_STEP][PASSED] - Statement - storeID = CustomKeywords.uiaction.CommonUIActions.getText(com.kms.katalon.core.testobject.ObjectRepository.findTestObject(StorePage/storeID)): uiaction.CommonUIActions.getText is PASSED

2018-05-10 20:41:21 - [MESSAGE][PASSED] - uiaction.CommonUIActions.getText is PASSED

2018-05-10 20:41:21 - [TEST_STEP][PASSED] - Statement - storenumber = storeID.trim(): null

2018-05-10 20:41:21 - [TEST_STEP][PASSED] - Statement - println(storenumber): null

2018-05-10 20:41:21 - [TEST_STEP][PASSED] - uiaction.CommonUIActions.click: uiaction.CommonUIActions.click is PASSED

2018-05-10 20:41:21 - [MESSAGE][PASSED] - uiaction.CommonUIActions.click is PASSED

2018-05-10 20:41:21 - [TEST_STEP][PASSED] - delay: Delayed 10 second(s)

2018-05-10 20:41:31 - [MESSAGE][PASSED] - Delayed 10 second(s)

2018-05-10 20:41:31 - [TEST_STEP][PASSED] - uiaction.CommonUIActions.click: uiaction.CommonUIActions.click is PASSED

2018-05-10 20:41:33 - [MESSAGE][PASSED] - uiaction.CommonUIActions.click is PASSED

2018-05-10 20:41:33 - [TEST_STEP][PASSED] - uiaction.CommonUIActions.click: uiaction.CommonUIActions.click is PASSED

2018-05-10 20:41:34 - [MESSAGE][PASSED] - uiaction.CommonUIActions.click is PASSED

2018-05-10 20:41:34 - [TEST_STEP][PASSED] - uiaction.CommonUIActions.click: uiaction.CommonUIActions.click is PASSED

2018-05-10 20:41:35 - [MESSAGE][PASSED] - uiaction.CommonUIActions.click is PASSED

2018-05-10 20:41:35 - [TEST_STEP][PASSED] - uiaction.CommonUIActions.click: uiaction.CommonUIActions.click is PASSED

2018-05-10 20:41:36 - [MESSAGE][PASSED] - uiaction.CommonUIActions.click is PASSED

2018-05-10 20:41:36 - [TEST_STEP][PASSED] - Statement - storeID1 = CustomKeywords.uiaction.CommonUIActions.getText(com.kms.katalon.core.testobject.ObjectRepository.findTestObject(StorePage/storeID)): uiaction.CommonUIActions.getText is PASSED

2018-05-10 20:41:36 - [MESSAGE][PASSED] - uiaction.CommonUIActions.getText is PASSED

2018-05-10 20:41:36 - [TEST_STEP][PASSED] - Statement - storenumber1 = storeID1.trim(): null

2018-05-10 20:41:36 - [TEST_STEP][PASSED] - Statement - println(storenumber1): null

2018-05-10 20:41:36 - [TEST_STEP][PASSED] - uiaction.CommonUIActions.click: uiaction.CommonUIActions.click is PASSED

2018-05-10 20:41:37 - [MESSAGE][PASSED] - uiaction.CommonUIActions.click is PASSED

2018-05-10 20:41:37 - [TEST_STEP][PASSED] - delay: Delayed 10 second(s)

2018-05-10 20:41:47 - [MESSAGE][PASSED] - Delayed 10 second(s)

2018-05-10 20:41:47 - [TEST_STEP][PASSED] - uiaction.CommonUIActions.click: uiaction.CommonUIActions.click is PASSED

2018-05-10 20:41:48 - [MESSAGE][PASSED] - uiaction.CommonUIActions.click is PASSED

2018-05-10 20:41:48 - [TEST_STEP][PASSED] - uiaction.CommonUIActions.click: uiaction.CommonUIActions.click is PASSED

2018-05-10 20:41:50 - [MESSAGE][PASSED] - uiaction.CommonUIActions.click is PASSED

2018-05-10 20:41:50 - [TEST_STEP][PASSED] - uiaction.CommonUIActions.click: uiaction.CommonUIActions.click is PASSED

2018-05-10 20:41:50 - [MESSAGE][PASSED] - uiaction.CommonUIActions.click is PASSED

2018-05-10 20:41:50 - [TEST_STEP][PASSED] - uiaction.CommonUIActions.enter: uiaction.CommonUIActions.enter is PASSED

2018-05-10 20:41:50 - [MESSAGE][PASSED] - projectSpecific.Reusability.getTestData is PASSED

2018-05-10 20:41:50 - [MESSAGE][PASSED] - uiaction.CommonUIActions.enter is PASSED

2018-05-10 20:41:50 - [TEST_STEP][PASSED] - uiaction.CommonUIActions.enter: uiaction.CommonUIActions.enter is PASSED

2018-05-10 20:41:50 - [MESSAGE][PASSED] - projectSpecific.Reusability.getTestData is PASSED

2018-05-10 20:41:50 - [MESSAGE][PASSED] - uiaction.CommonUIActions.enter is PASSED

2018-05-10 20:41:50 - [TEST_STEP][PASSED] - delay: Delayed 10 second(s)

2018-05-10 20:42:00 - [MESSAGE][PASSED] - Delayed 10 second(s)

2018-05-10 20:42:00 - [TEST_STEP][PASSED] - Statement - driver = com.kms.katalon.core.webui.driver.DriverFactory.getWebDriver(): null

2018-05-10 20:42:00 - [TEST_STEP][PASSED] - Statement - grouplist = driver.findElements(org.openqa.selenium.By.xpath("//ul[@class='unlinked-grouplist']/li")): null

2018-05-10 20:42:00 - [TEST_STEP][PASSED] - delay: Delayed 5 second(s)

2018-05-10 20:42:05 - [MESSAGE][PASSED] - Delayed 5 second(s)

2018-05-10 20:42:05 - [TEST_STEP][PASSED] - Statement - For ([i = 0, i < grouplist.size(), (i++)]): null

2018-05-10 20:42:05 - [TEST_STEP][PASSED] - Statement - println(grouplist.get(i).getText()): null

2018-05-10 20:42:05 - [TEST_STEP][PASSED] - Statement - If (grouplist.get(i).getText().contains(storenumber)): null

2018-05-10 20:42:05 - [TEST_STEP][PASSED] - Statement - println(grouplist.get(i).getText()): null

2018-05-10 20:42:05 - [TEST_STEP][PASSED] - Statement - If (grouplist.get(i).getText().contains(storenumber)): null

2018-05-10 20:42:05 - [TEST_STEP][PASSED] - Statement - println(grouplist.get(i).getText()): null

2018-05-10 20:42:05 - [TEST_STEP][PASSED] - Statement - If (grouplist.get(i).getText().contains(storenumber)): null

2018-05-10 20:42:05 - [TEST_STEP][PASSED] - Statement - println(grouplist.get(i).getText()): null

2018-05-10 20:42:05 - [TEST_STEP][PASSED] - Statement - If (grouplist.get(i).getText().contains(storenumber)): null

2018-05-10 20:42:05 - [TEST_STEP][PASSED] - Statement - println(grouplist.get(i).getText()): null

2018-05-10 20:42:05 - [TEST_STEP][PASSED] - Statement - If (grouplist.get(i).getText().contains(storenumber)): null

2018-05-10 20:42:05 - [TEST_STEP][PASSED] - Statement - println(grouplist.get(i).getText()): null

2018-05-10 20:42:05 - [TEST_STEP][PASSED] - Statement - If (grouplist.get(i).getText().contains(storenumber)): null

2018-05-10 20:42:05 - [TEST_STEP][PASSED] - Statement - println(grouplist.get(i).getText()): null

2018-05-10 20:42:05 - [TEST_STEP][PASSED] - Statement - If (grouplist.get(i).getText().contains(storenumber)): null

2018-05-10 20:42:05 - [TEST_STEP][PASSED] - Statement - println(grouplist.get(i).getText()): null

2018-05-10 20:42:05 - [TEST_STEP][PASSED] - Statement - If (grouplist.get(i).getText().contains(storenumber)): null

2018-05-10 20:42:05 - [TEST_STEP][PASSED] - Statement - println(grouplist.get(i).getText()): null

2018-05-10 20:42:05 - [TEST_STEP][PASSED] - Statement - If (grouplist.get(i).getText().contains(storenumber)): null

2018-05-10 20:42:05 - [TEST_STEP][PASSED] - Statement - println(grouplist.get(i).getText()): null

2018-05-10 20:42:05 - [TEST_STEP][PASSED] - Statement - If (grouplist.get(i).getText().contains(storenumber)): null

2018-05-10 20:42:05 - [TEST_STEP][PASSED] - Statement - println(grouplist.get(i).getText()): null

2018-05-10 20:42:05 - [TEST_STEP][PASSED] - Statement - If (grouplist.get(i).getText().contains(storenumber)): null

2018-05-10 20:42:05 - [TEST_STEP][PASSED] - Statement - println(grouplist.get(i).getText()): null

2018-05-10 20:42:05 - [TEST_STEP][PASSED] - Statement - If (grouplist.get(i).getText().contains(storenumber)): null

2018-05-10 20:42:05 - [TEST_STEP][PASSED] - Statement - println(grouplist.get(i).getText()): null

2018-05-10 20:42:05 - [TEST_STEP][PASSED] - Statement - If (grouplist.get(i).getText().contains(storenumber)): null

2018-05-10 20:42:05 - [TEST_STEP][PASSED] - Statement - println(grouplist.get(i).getText()): null

2018-05-10 20:42:05 - [TEST_STEP][PASSED] - Statement - If (grouplist.get(i).getText().contains(storenumber)): null

2018-05-10 20:42:05 - [TEST_STEP][PASSED] - Statement - driver.findElement(org.openqa.selenium.By.xpath("(//ul[@class='unlinked-grouplist']/li/label)[" + i + 1 + "]")).click(): null

2018-05-10 20:42:05 - [TEST_STEP][PASSED] - Statement - driver.findElement(org.openqa.selenium.By.xpath("//button[contains(text(),'>')]")).click(): null

2018-05-10 20:42:05 - [TEST_STEP][PASSED] - Statement - Break: null

2018-05-10 20:42:05 - [TEST_STEP][PASSED] - delay: Delayed 10 second(s)

2018-05-10 20:42:15 - [MESSAGE][PASSED] - Delayed 10 second(s)

2018-05-10 20:42:15 - [TEST_STEP][PASSED] - uiaction.CommonUIActions.click: uiaction.CommonUIActions.click is PASSED

2018-05-10 20:42:16 - [MESSAGE][PASSED] - uiaction.CommonUIActions.click is PASSED

2018-05-10 20:42:16 - [TEST_STEP][PASSED] - uiaction.CommonUIActions.click: uiaction.CommonUIActions.click is PASSED

2018-05-10 20:42:16 - [MESSAGE][PASSED] - uiaction.CommonUIActions.click is PASSED

2018-05-10 20:42:16 - [TEST_STEP][PASSED] - delay: Delayed 10 second(s)

2018-05-10 20:42:26 - [MESSAGE][PASSED] - Delayed 10 second(s)

2018-05-10 20:42:26 - [TEST_STEP][PASSED] - uiaction.CommonUIActions.click: uiaction.CommonUIActions.click is PASSED

2018-05-10 20:42:26 - [MESSAGE][PASSED] - uiaction.CommonUIActions.click is PASSED

2018-05-10 20:42:26 - [TEST_STEP][PASSED] - delay: Delayed 10 second(s)

2018-05-10 20:42:36 - [MESSAGE][PASSED] - Delayed 10 second(s)

2018-05-10 20:42:36 - [TEST_STEP][PASSED] - Statement - groupmain = CustomKeywords.projectSpecific.Reusability.getTestData("ReportingGroupManagementPage", "dummyGroupName1"): projectSpecific.Reusability.getTestData is PASSED

2018-05-10 20:42:36 - [MESSAGE][PASSED] - projectSpecific.Reusability.getTestData is PASSED

2018-05-10 20:42:36 - [TEST_STEP][PASSED] - Statement - driver.findElement(org.openqa.selenium.By.xpath("//span[contains(text(),'" + groupmain + "')]/../../../../span[1]")).click(): null

2018-05-10 20:42:36 - [TEST_STEP][PASSED] - Statement - driver.findElement(org.openqa.selenium.By.xpath("//span[contains(text(),'" + storenumber.trim() + "')]")).isDisplayed(): null

2018-05-10 20:42:36 - [TEST_STEP][PASSED] - Statement - driver.findElement(org.openqa.selenium.By.xpath("//span[contains(text(),'" + groupmain + "')]/../../../../span[2]")).click(): null

2018-05-10 20:42:36 - [TEST_STEP][PASSED] - Statement - storesInCriteriaTextBox = CustomKeywords.uiaction.CommonUIActions.getText(com.kms.katalon.core.testobject.ObjectRepository.findTestObject(ReportsPage/cretiria_store)): uiaction.CommonUIActions.getText is PASSED

2018-05-10 20:42:36 - [MESSAGE][PASSED] - uiaction.CommonUIActions.getText is PASSED

2018-05-10 20:42:36 - [TEST_STEP][PASSED] - Statement - If (storesInCriteriaTextBox.contains(storenumber)): null

2018-05-10 20:42:36 - [TEST_STEP][PASSED] - Statement - println("Store is displayed in Criteria free text box"): null

2018-05-10 20:42:36 - [TEST_STEP][PASSED] - click: Object: 'Object Repository/ReportsPage/timeSelection' is clicked on

2018-05-10 20:42:36 - [MESSAGE][PASSED] - Object: 'Object Repository/ReportsPage/timeSelection' is clicked on

2018-05-10 20:42:36 - [TEST_STEP][PASSED] - click: Object: 'Object Repository/ReportsPage/rawDataReportTimeOption' is clicked on

2018-05-10 20:42:36 - [MESSAGE][PASSED] - Object: 'Object Repository/ReportsPage/rawDataReportTimeOption' is clicked on

2018-05-10 20:42:36 - [TEST_STEP][PASSED] - click: Object: 'Object Repository/ReportsPage/summaryReportHeading' is clicked on

2018-05-10 20:42:36 - [MESSAGE][PASSED] - Object: 'Object Repository/ReportsPage/summaryReportHeading' is clicked on

2018-05-10 20:42:36 - [TEST_STEP][PASSED] - verifyElementText: Actual text and expected text of test object 'Object Repository/ReportsPage/rawDataReportTimeOption' are matched.

2018-05-10 20:42:36 - [MESSAGE][PASSED] - projectSpecific.Reusability.getTestData is PASSED

2018-05-10 20:42:36 - [MESSAGE][PASSED] - Actual text and expected text of test object 'Object Repository/ReportsPage/rawDataReportTimeOption' are matched.

2018-05-10 20:42:36 - [TEST_STEP][PASSED] - verifyElementText: Actual text and expected text of test object 'Object Repository/ReportsPage/criteriaTimeMeasureForRawData' are matched.

2018-05-10 20:42:36 - [MESSAGE][PASSED] - projectSpecific.Reusability.getTestData is PASSED

2018-05-10 20:42:36 - [MESSAGE][PASSED] - Actual text and expected text of test object 'Object Repository/ReportsPage/criteriaTimeMeasureForRawData' are matched.

2018-05-10 20:42:36 - [TEST_STEP][PASSED] - delay: Delayed 5 second(s)

2018-05-10 20:42:41 - [MESSAGE][PASSED] - Delayed 5 second(s)

2018-05-10 20:42:41 - [TEST_STEP][PASSED] - click: Object: 'Object Repository/ReportsPage/fromDateSelector' is clicked on

2018-05-10 20:42:42 - [MESSAGE][PASSED] - Object: 'Object Repository/ReportsPage/fromDateSelector' is clicked on

2018-05-10 20:42:42 - [TEST_STEP][PASSED] - delay: Delayed 5 second(s)

2018-05-10 20:42:47 - [MESSAGE][PASSED] - Delayed 5 second(s)

2018-05-10 20:42:47 - [TEST_STEP][PASSED] - Statement - monthText = com.kms.katalon.core.webui.keyword.WebUiBuiltInKeywords.getText(com.kms.katalon.core.testobject.ObjectRepository.findTestObject(ReportsPage/monthText)): Text of object 'Object Repository/ReportsPage/monthText' is: 'May 2018'

2018-05-10 20:42:47 - [MESSAGE][PASSED] - Text of object 'Object Repository/ReportsPage/monthText' is: 'May 2018'

2018-05-10 20:42:47 - [TEST_STEP][PASSED] - Statement - monthTextArray = monthText.split(" "): null

2018-05-10 20:42:47 - [TEST_STEP][PASSED] - Statement - month = monthTextArray[0]: null

2018-05-10 20:42:47 - [TEST_STEP][PASSED] - Statement - monthTextValue = CustomKeywords.projectSpecific.Reusability.getTestData("ReportsPage", "JanMonth"): projectSpecific.Reusability.getTestData is PASSED

2018-05-10 20:42:47 - [MESSAGE][PASSED] - projectSpecific.Reusability.getTestData is PASSED

2018-05-10 20:42:47 - [TEST_STEP][PASSED] - Statement - If (!(monthTextValue.equals(month))): null

2018-05-10 20:42:47 - [TEST_STEP][PASSED] - Statement - While (!(monthTextValue.equals(month))): null

2018-05-10 20:42:47 - [TEST_STEP][PASSED] - click: Object: 'Object Repository/ReportsPage/previousDateSelector' is clicked on

2018-05-10 20:42:47 - [MESSAGE][PASSED] - Object: 'Object Repository/ReportsPage/previousDateSelector' is clicked on

2018-05-10 20:42:47 - [TEST_STEP][PASSED] - Statement - monthText = com.kms.katalon.core.webui.keyword.WebUiBuiltInKeywords.getText(com.kms.katalon.core.testobject.ObjectRepository.findTestObject(ReportsPage/monthText)): Text of object 'Object Repository/ReportsPage/monthText' is: 'April 2018'

2018-05-10 20:42:47 - [MESSAGE][PASSED] - Text of object 'Object Repository/ReportsPage/monthText' is: 'April 2018'

2018-05-10 20:42:47 - [TEST_STEP][PASSED] - Statement - monthTextArray = monthText.split(" "): null

2018-05-10 20:42:47 - [TEST_STEP][PASSED] - Statement - month = monthTextArray[0]: null

2018-05-10 20:42:47 - [TEST_STEP][PASSED] - click: Object: 'Object Repository/ReportsPage/previousDateSelector' is clicked on

2018-05-10 20:42:47 - [MESSAGE][PASSED] - Object: 'Object Repository/ReportsPage/previousDateSelector' is clicked on

2018-05-10 20:42:47 - [TEST_STEP][PASSED] - Statement - monthText = com.kms.katalon.core.webui.keyword.WebUiBuiltInKeywords.getText(com.kms.katalon.core.testobject.ObjectRepository.findTestObject(ReportsPage/monthText)): Text of object 'Object Repository/ReportsPage/monthText' is: 'March 2018'

2018-05-10 20:42:47 - [MESSAGE][PASSED] - Text of object 'Object Repository/ReportsPage/monthText' is: 'March 2018'

2018-05-10 20:42:47 - [TEST_STEP][PASSED] - Statement - monthTextArray = monthText.split(" "): null

2018-05-10 20:42:47 - [TEST_STEP][PASSED] - Statement - month = monthTextArray[0]: null

2018-05-10 20:42:47 - [TEST_STEP][PASSED] - click: Object: 'Object Repository/ReportsPage/previousDateSelector' is clicked on

2018-05-10 20:42:47 - [MESSAGE][PASSED] - Object: 'Object Repository/ReportsPage/previousDateSelector' is clicked on

2018-05-10 20:42:47 - [TEST_STEP][PASSED] - Statement - monthText = com.kms.katalon.core.webui.keyword.WebUiBuiltInKeywords.getText(com.kms.katalon.core.testobject.ObjectRepository.findTestObject(ReportsPage/monthText)): Text of object 'Object Repository/ReportsPage/monthText' is: 'February 2018'

2018-05-10 20:42:47 - [MESSAGE][PASSED] - Text of object 'Object Repository/ReportsPage/monthText' is: 'February 2018'

2018-05-10 20:42:47 - [TEST_STEP][PASSED] - Statement - monthTextArray = monthText.split(" "): null

2018-05-10 20:42:47 - [TEST_STEP][PASSED] - Statement - month = monthTextArray[0]: null

2018-05-10 20:42:47 - [TEST_STEP][PASSED] - click: Object: 'Object Repository/ReportsPage/previousDateSelector' is clicked on

2018-05-10 20:42:47 - [MESSAGE][PASSED] - Object: 'Object Repository/ReportsPage/previousDateSelector' is clicked on

2018-05-10 20:42:47 - [TEST_STEP][PASSED] - Statement - monthText = com.kms.katalon.core.webui.keyword.WebUiBuiltInKeywords.getText(com.kms.katalon.core.testobject.ObjectRepository.findTestObject(ReportsPage/monthText)): Text of object 'Object Repository/ReportsPage/monthText' is: 'January 2018'

2018-05-10 20:42:47 - [MESSAGE][PASSED] - Text of object 'Object Repository/ReportsPage/monthText' is: 'January 2018'

2018-05-10 20:42:47 - [TEST_STEP][PASSED] - Statement - monthTextArray = monthText.split(" "): null

2018-05-10 20:42:47 - [TEST_STEP][PASSED] - Statement - month = monthTextArray[0]: null

2018-05-10 20:42:47 - [TEST_STEP][PASSED] - Statement - data = CustomKeywords.projectSpecific.Reusability.getTestData("ReportsPage", "StartDate"): projectSpecific.Reusability.getTestData is PASSED

2018-05-10 20:42:47 - [MESSAGE][PASSED] - projectSpecific.Reusability.getTestData is PASSED

2018-05-10 20:42:47 - [TEST_STEP][PASSED] - Statement - startDate = "(//td[text()='" + data + "'])[1]": null

2018-05-10 20:42:47 - [TEST_STEP][PASSED] - Statement - println(startDate): null

2018-05-10 20:42:47 - [TEST_STEP][PASSED] - Statement - startdateEle = driver.findElement(org.openqa.selenium.By.xpath(startDate)): null

2018-05-10 20:42:47 - [TEST_STEP][PASSED] - Statement - startdateEle.click(): null

2018-05-10 20:42:47 - [TEST_STEP][PASSED] - delay: Delayed 5 second(s)

2018-05-10 20:42:52 - [MESSAGE][PASSED] - Delayed 5 second(s)

2018-05-10 20:42:52 - [TEST_STEP][PASSED] - click: Object: 'Object Repository/ReportsPage/toDateSelector' is clicked on

2018-05-10 20:42:52 - [MESSAGE][PASSED] - Object: 'Object Repository/ReportsPage/toDateSelector' is clicked on

2018-05-10 20:42:52 - [TEST_STEP][PASSED] - Statement - monthText = com.kms.katalon.core.webui.keyword.WebUiBuiltInKeywords.getText(com.kms.katalon.core.testobject.ObjectRepository.findTestObject(ReportsPage/monthText2)): Text of object 'Object Repository/ReportsPage/monthText2' is: 'May 2018'

2018-05-10 20:42:52 - [MESSAGE][PASSED] - Text of object 'Object Repository/ReportsPage/monthText2' is: 'May 2018'

2018-05-10 20:42:52 - [TEST_STEP][PASSED] - Statement - monthTextArray = monthText.split(" "): null

2018-05-10 20:42:52 - [TEST_STEP][PASSED] - Statement - month = monthTextArray[0]: null

2018-05-10 20:42:52 - [TEST_STEP][PASSED] - Statement - monthTextValue1 = CustomKeywords.projectSpecific.Reusability.getTestData("ReportsPage", "JanMonth"): projectSpecific.Reusability.getTestData is PASSED

2018-05-10 20:42:52 - [MESSAGE][PASSED] - projectSpecific.Reusability.getTestData is PASSED

2018-05-10 20:42:52 - [TEST_STEP][PASSED] - Statement - If (!(monthTextValue1.equals(month))): null

2018-05-10 20:42:52 - [TEST_STEP][PASSED] - Statement - While (!(monthTextValue1.equals(month))): null

2018-05-10 20:42:52 - [TEST_STEP][PASSED] - click: Object: 'Object Repository/ReportsPage/previousDateSelector2' is clicked on

2018-05-10 20:42:52 - [MESSAGE][PASSED] - Object: 'Object Repository/ReportsPage/previousDateSelector2' is clicked on

2018-05-10 20:42:52 - [TEST_STEP][PASSED] - Statement - monthText = com.kms.katalon.core.webui.keyword.WebUiBuiltInKeywords.getText(com.kms.katalon.core.testobject.ObjectRepository.findTestObject(ReportsPage/monthText2)): Text of object 'Object Repository/ReportsPage/monthText2' is: 'April 2018'

2018-05-10 20:42:52 - [MESSAGE][PASSED] - Text of object 'Object Repository/ReportsPage/monthText2' is: 'April 2018'

2018-05-10 20:42:52 - [TEST_STEP][PASSED] - Statement - monthTextArray = monthText.split(" "): null

2018-05-10 20:42:52 - [TEST_STEP][PASSED] - Statement - month = monthTextArray[0]: null

2018-05-10 20:42:52 - [TEST_STEP][PASSED] - click: Object: 'Object Repository/ReportsPage/previousDateSelector2' is clicked on

2018-05-10 20:42:52 - [MESSAGE][PASSED] - Object: 'Object Repository/ReportsPage/previousDateSelector2' is clicked on

2018-05-10 20:42:52 - [TEST_STEP][PASSED] - Statement - monthText = com.kms.katalon.core.webui.keyword.WebUiBuiltInKeywords.getText(com.kms.katalon.core.testobject.ObjectRepository.findTestObject(ReportsPage/monthText2)): Text of object 'Object Repository/ReportsPage/monthText2' is: 'March 2018'

2018-05-10 20:42:52 - [MESSAGE][PASSED] - Text of object 'Object Repository/ReportsPage/monthText2' is: 'March 2018'

2018-05-10 20:42:52 - [TEST_STEP][PASSED] - Statement - monthTextArray = monthText.split(" "): null

2018-05-10 20:42:52 - [TEST_STEP][PASSED] - Statement - month = monthTextArray[0]: null

2018-05-10 20:42:52 - [TEST_STEP][PASSED] - click: Object: 'Object Repository/ReportsPage/previousDateSelector2' is clicked on

2018-05-10 20:42:52 - [MESSAGE][PASSED] - Object: 'Object Repository/ReportsPage/previousDateSelector2' is clicked on

2018-05-10 20:42:52 - [TEST_STEP][PASSED] - Statement - monthText = com.kms.katalon.core.webui.keyword.WebUiBuiltInKeywords.getText(com.kms.katalon.core.testobject.ObjectRepository.findTestObject(ReportsPage/monthText2)): Text of object 'Object Repository/ReportsPage/monthText2' is: 'February 2018'

2018-05-10 20:42:52 - [MESSAGE][PASSED] - Text of object 'Object Repository/ReportsPage/monthText2' is: 'February 2018'

2018-05-10 20:42:52 - [TEST_STEP][PASSED] - Statement - monthTextArray = monthText.split(" "): null

2018-05-10 20:42:52 - [TEST_STEP][PASSED] - Statement - month = monthTextArray[0]: null

2018-05-10 20:42:52 - [TEST_STEP][PASSED] - click: Object: 'Object Repository/ReportsPage/previousDateSelector2' is clicked on

2018-05-10 20:42:52 - [MESSAGE][PASSED] - Object: 'Object Repository/ReportsPage/previousDateSelector2' is clicked on

2018-05-10 20:42:52 - [TEST_STEP][PASSED] - Statement - monthText = com.kms.katalon.core.webui.keyword.WebUiBuiltInKeywords.getText(com.kms.katalon.core.testobject.ObjectRepository.findTestObject(ReportsPage/monthText2)): Text of object 'Object Repository/ReportsPage/monthText2' is: 'January 2018'

2018-05-10 20:42:52 - [MESSAGE][PASSED] - Text of object 'Object Repository/ReportsPage/monthText2' is: 'January 2018'

2018-05-10 20:42:52 - [TEST_STEP][PASSED] - Statement - monthTextArray = monthText.split(" "): null

2018-05-10 20:42:52 - [TEST_STEP][PASSED] - Statement - month = monthTextArray[0]: null

2018-05-10 20:42:52 - [TEST_STEP][PASSED] - Statement - endDate = CustomKeywords.projectSpecific.Reusability.getTestData("ReportsPage", "EndDate7"): projectSpecific.Reusability.getTestData is PASSED

2018-05-10 20:42:52 - [MESSAGE][PASSED] - projectSpecific.Reusability.getTestData is PASSED

2018-05-10 20:42:52 - [TEST_STEP][PASSED] - Statement - toDate = "(//td[text()='" + endDate + "'])[3]": null

2018-05-10 20:42:52 - [TEST_STEP][PASSED] - Statement - toDateEle = driver.findElement(org.openqa.selenium.By.xpath(toDate)): null

2018-05-10 20:42:52 - [TEST_STEP][PASSED] - Statement - toDateEle.click(): null

2018-05-10 20:42:52 - [TEST_STEP][PASSED] - delay: Delayed 5 second(s)

2018-05-10 20:42:57 - [MESSAGE][PASSED] - Delayed 5 second(s)

2018-05-10 20:42:57 - [TEST_STEP][PASSED] - Statement - dateAttr = com.kms.katalon.core.webui.keyword.WebUiBuiltInKeywords.getAttribute(com.kms.katalon.core.testobject.ObjectRepository.findTestObject(ReportsPage/selectedDate1), "value"): Attribute 'value' of object 'Object Repository/ReportsPage/selectedDate1' is: '01/01/2018'

2018-05-10 20:42:58 - [MESSAGE][PASSED] - Attribute 'value' of object 'Object Repository/ReportsPage/selectedDate1' is: '01/01/2018'

2018-05-10 20:42:58 - [TEST_STEP][PASSED] - Statement - fromDateValue = CustomKeywords.projectSpecific.Reusability.getTestData("ReportsPage", "fromDateJan"): projectSpecific.Reusability.getTestData is PASSED

2018-05-10 20:42:58 - [MESSAGE][PASSED] - projectSpecific.Reusability.getTestData is PASSED

2018-05-10 20:42:58 - [TEST_STEP][PASSED] - Statement - If (!(dateAttr.equals(fromDateValue))): null

2018-05-10 20:42:58 - [TEST_STEP][PASSED] - Statement - dateAttr = com.kms.katalon.core.webui.keyword.WebUiBuiltInKeywords.getAttribute(com.kms.katalon.core.testobject.ObjectRepository.findTestObject(ReportsPage/selectedDate2), "value"): Attribute 'value' of object 'Object Repository/ReportsPage/selectedDate2' is: '01/02/2018'

2018-05-10 20:42:58 - [MESSAGE][PASSED] - Attribute 'value' of object 'Object Repository/ReportsPage/selectedDate2' is: '01/02/2018'

2018-05-10 20:42:58 - [TEST_STEP][PASSED] - Statement - toDateValue = CustomKeywords.projectSpecific.Reusability.getTestData("ReportsPage", "toDate7"): projectSpecific.Reusability.getTestData is PASSED

2018-05-10 20:42:58 - [MESSAGE][PASSED] - projectSpecific.Reusability.getTestData is PASSED

2018-05-10 20:42:58 - [TEST_STEP][PASSED] - Statement - If (!(dateAttr.equals(toDateValue))): null

2018-05-10 20:42:58 - [TEST_STEP][PASSED] - click: Object: 'Object Repository/ReportsPage/generateReport' is clicked on

2018-05-10 20:42:58 - [MESSAGE][PASSED] - Object: 'Object Repository/ReportsPage/generateReport' is clicked on

2018-05-10 20:42:58 - [TEST_STEP][PASSED] - Statement - errMessage = CustomKeywords.uiaction.CommonUIActions.getText(com.kms.katalon.core.testobject.ObjectRepository.findTestObject(ReportsPage/errorMsg)): uiaction.CommonUIActions.getText is PASSED

2018-05-10 20:42:58 - [MESSAGE][PASSED] - uiaction.CommonUIActions.getText is PASSED

2018-05-10 20:42:58 - [TEST_STEP][PASSED] - Statement - errMsgText = CustomKeywords.projectSpecific.Reusability.getTestData("ReportsPage", "DateErrorMsg3"): projectSpecific.Reusability.getTestData is PASSED

2018-05-10 20:42:58 - [MESSAGE][PASSED] - projectSpecific.Reusability.getTestData is PASSED

2018-05-10 20:42:58 - [TEST_STEP][PASSED] - verifyMatch: Actual text 'Date range invalid. For Raw Data Reports select a single day.' and expected text 'Date range invalid. For Raw Data Reports select a single day.' are matched 

2018-05-10 20:42:58 - [MESSAGE][PASSED] - Actual text 'Date range invalid. For Raw Data Reports select a single day.' and expected text 'Date range invalid. For Raw Data Reports select a single day.' are matched 

2018-05-10 20:42:58 - [TEST_STEP][PASSED] - Statement - driver.findElement(org.openqa.selenium.By.xpath("//span[contains(text(),'" + groupmain + "')]/../../../../span[2]")).click(): null

2018-05-10 20:42:58 - [TEST_STEP][PASSED] - Statement - driver.findElement(org.openqa.selenium.By.xpath("//span[contains(text(),'" + storenumber1.trim() + "')]")).click(): null

2018-05-10 20:42:58 - [TEST_STEP][PASSED] - delay: Delayed 5 second(s)

2018-05-10 20:43:03 - [MESSAGE][PASSED] - Delayed 5 second(s)

2018-05-10 20:43:03 - [TEST_STEP][PASSED] - click: Object: 'Object Repository/ReportsPage/fromDateSelector' is clicked on

2018-05-10 20:43:03 - [MESSAGE][PASSED] - Object: 'Object Repository/ReportsPage/fromDateSelector' is clicked on

2018-05-10 20:43:03 - [TEST_STEP][PASSED] - delay: Delayed 5 second(s)

2018-05-10 20:43:08 - [MESSAGE][PASSED] - Delayed 5 second(s)

2018-05-10 20:43:08 - [TEST_STEP][PASSED] - Statement - monthText = com.kms.katalon.core.webui.keyword.WebUiBuiltInKeywords.getText(com.kms.katalon.core.testobject.ObjectRepository.findTestObject(ReportsPage/monthText)): Text of object 'Object Repository/ReportsPage/monthText' is: 'January 2018'

2018-05-10 20:43:08 - [MESSAGE][PASSED] - Text of object 'Object Repository/ReportsPage/monthText' is: 'January 2018'

2018-05-10 20:43:08 - [TEST_STEP][PASSED] - Statement - monthTextArray = monthText.split(" "): null

2018-05-10 20:43:08 - [TEST_STEP][PASSED] - Statement - month = monthTextArray[0]: null

2018-05-10 20:43:08 - [TEST_STEP][PASSED] - Statement - monthTextValue = CustomKeywords.projectSpecific.Reusability.getTestData("ReportsPage", "JanMonth"): projectSpecific.Reusability.getTestData is PASSED

2018-05-10 20:43:08 - [MESSAGE][PASSED] - projectSpecific.Reusability.getTestData is PASSED

2018-05-10 20:43:08 - [TEST_STEP][PASSED] - Statement - If (!(monthTextValue.equals(month))): null

2018-05-10 20:43:08 - [TEST_STEP][PASSED] - Statement - data = CustomKeywords.projectSpecific.Reusability.getTestData("ReportsPage", "StartDate"): projectSpecific.Reusability.getTestData is PASSED

2018-05-10 20:43:08 - [MESSAGE][PASSED] - projectSpecific.Reusability.getTestData is PASSED

2018-05-10 20:43:08 - [TEST_STEP][PASSED] - Statement - startDate = "(//td[text()='" + data + "'])[1]": null

2018-05-10 20:43:08 - [TEST_STEP][PASSED] - Statement - println(startDate): null

2018-05-10 20:43:08 - [TEST_STEP][PASSED] - Statement - startdateEle = driver.findElement(org.openqa.selenium.By.xpath(startDate)): null

2018-05-10 20:43:08 - [TEST_STEP][PASSED] - Statement - startdateEle.click(): null

2018-05-10 20:43:08 - [TEST_STEP][PASSED] - delay: Delayed 5 second(s)

2018-05-10 20:43:13 - [MESSAGE][PASSED] - Delayed 5 second(s)

2018-05-10 20:43:13 - [TEST_STEP][PASSED] - click: Object: 'Object Repository/ReportsPage/toDateSelector' is clicked on

2018-05-10 20:43:13 - [MESSAGE][PASSED] - Object: 'Object Repository/ReportsPage/toDateSelector' is clicked on

2018-05-10 20:43:13 - [TEST_STEP][PASSED] - Statement - monthText = com.kms.katalon.core.webui.keyword.WebUiBuiltInKeywords.getText(com.kms.katalon.core.testobject.ObjectRepository.findTestObject(ReportsPage/monthText2)): Text of object 'Object Repository/ReportsPage/monthText2' is: 'January 2018'

2018-05-10 20:43:13 - [MESSAGE][PASSED] - Text of object 'Object Repository/ReportsPage/monthText2' is: 'January 2018'

2018-05-10 20:43:13 - [TEST_STEP][PASSED] - Statement - monthTextArray = monthText.split(" "): null

2018-05-10 20:43:13 - [TEST_STEP][PASSED] - Statement - month = monthTextArray[0]: null

2018-05-10 20:43:13 - [TEST_STEP][PASSED] - Statement - monthTextValue1 = CustomKeywords.projectSpecific.Reusability.getTestData("ReportsPage", "JanMonth"): projectSpecific.Reusability.getTestData is PASSED

2018-05-10 20:43:13 - [MESSAGE][PASSED] - projectSpecific.Reusability.getTestData is PASSED

2018-05-10 20:43:13 - [TEST_STEP][PASSED] - Statement - If (!(monthTextValue1.equals(month))): null

2018-05-10 20:43:13 - [TEST_STEP][PASSED] - Statement - endDate = CustomKeywords.projectSpecific.Reusability.getTestData("ReportsPage", "EndDate4"): projectSpecific.Reusability.getTestData is PASSED

2018-05-10 20:43:13 - [MESSAGE][PASSED] - projectSpecific.Reusability.getTestData is PASSED

2018-05-10 20:43:13 - [TEST_STEP][PASSED] - Statement - toDate = "(//td[text()='" + endDate + "'])[3]": null

2018-05-10 20:43:13 - [TEST_STEP][PASSED] - Statement - toDateEle = driver.findElement(org.openqa.selenium.By.xpath(toDate)): null

2018-05-10 20:43:13 - [TEST_STEP][PASSED] - Statement - toDateEle.click(): null

2018-05-10 20:43:13 - [TEST_STEP][PASSED] - delay: Delayed 5 second(s)

2018-05-10 20:43:18 - [MESSAGE][PASSED] - Delayed 5 second(s)

2018-05-10 20:43:18 - [TEST_STEP][PASSED] - Statement - dateAttr = com.kms.katalon.core.webui.keyword.WebUiBuiltInKeywords.getAttribute(com.kms.katalon.core.testobject.ObjectRepository.findTestObject(ReportsPage/selectedDate1), "value"): Attribute 'value' of object 'Object Repository/ReportsPage/selectedDate1' is: '01/01/2018'

2018-05-10 20:43:18 - [MESSAGE][PASSED] - Attribute 'value' of object 'Object Repository/ReportsPage/selectedDate1' is: '01/01/2018'

2018-05-10 20:43:18 - [TEST_STEP][PASSED] - Statement - fromDateValue = CustomKeywords.projectSpecific.Reusability.getTestData("ReportsPage", "fromDateJan"): projectSpecific.Reusability.getTestData is PASSED

2018-05-10 20:43:18 - [MESSAGE][PASSED] - projectSpecific.Reusability.getTestData is PASSED

2018-05-10 20:43:18 - [TEST_STEP][PASSED] - Statement - If (!(dateAttr.equals(fromDateValue))): null

2018-05-10 20:43:18 - [TEST_STEP][PASSED] - Statement - dateAttr = com.kms.katalon.core.webui.keyword.WebUiBuiltInKeywords.getAttribute(com.kms.katalon.core.testobject.ObjectRepository.findTestObject(ReportsPage/selectedDate2), "value"): Attribute 'value' of object 'Object Repository/ReportsPage/selectedDate2' is: '01/01/2018'

2018-05-10 20:43:18 - [MESSAGE][PASSED] - Attribute 'value' of object 'Object Repository/ReportsPage/selectedDate2' is: '01/01/2018'

2018-05-10 20:43:18 - [TEST_STEP][PASSED] - Statement - toDateValue = CustomKeywords.projectSpecific.Reusability.getTestData("ReportsPage", "fromDateJan"): projectSpecific.Reusability.getTestData is PASSED

2018-05-10 20:43:18 - [MESSAGE][PASSED] - projectSpecific.Reusability.getTestData is PASSED

2018-05-10 20:43:18 - [TEST_STEP][PASSED] - Statement - If (!(dateAttr.equals(toDateValue))): null

2018-05-10 20:43:18 - [TEST_STEP][PASSED] - click: Object: 'Object Repository/ReportsPage/generateReport' is clicked on

2018-05-10 20:43:18 - [MESSAGE][PASSED] - Object: 'Object Repository/ReportsPage/generateReport' is clicked on

2018-05-10 20:43:18 - [TEST_STEP][PASSED] - delay: Delayed 10 second(s)

2018-05-10 20:43:28 - [MESSAGE][PASSED] - Delayed 10 second(s)

2018-05-10 20:43:28 - [TEST_STEP][PASSED] - Statement - reportHeading = CustomKeywords.projectSpecific.Reusability.getTestData("SummarizedReportPage", "rawCarDataReportHeading"): projectSpecific.Reusability.getTestData is PASSED

2018-05-10 20:43:29 - [MESSAGE][PASSED] - projectSpecific.Reusability.getTestData is PASSED

2018-05-10 20:43:29 - [TEST_STEP][PASSED] - verifyElementText: Actual text and expected text of test object 'Object Repository/SummarizedReportPage/rawCarDataHeading' are matched.

2018-05-10 20:43:29 - [MESSAGE][PASSED] - Actual text and expected text of test object 'Object Repository/SummarizedReportPage/rawCarDataHeading' are matched.

2018-05-10 20:43:29 - [TEST_STEP][PASSED] - uiaction.CommonUIActions.click: uiaction.CommonUIActions.click is PASSED

2018-05-10 20:43:30 - [MESSAGE][PASSED] - uiaction.CommonUIActions.click is PASSED

2018-05-10 20:43:30 - [TEST_STEP][PASSED] - delay: Delayed 5 second(s)

2018-05-10 20:43:35 - [MESSAGE][PASSED] - Delayed 5 second(s)

2018-05-10 20:43:35 - [TEST_STEP][PASSED] - uiaction.CommonUIActions.click: uiaction.CommonUIActions.click is PASSED

2018-05-10 20:43:36 - [MESSAGE][PASSED] - uiaction.CommonUIActions.click is PASSED

2018-05-10 20:43:36 - [TEST_STEP][PASSED] - uiaction.CommonUIActions.click: uiaction.CommonUIActions.click is PASSED

2018-05-10 20:43:36 - [MESSAGE][PASSED] - uiaction.CommonUIActions.click is PASSED

2018-05-10 20:43:36 - [TEST_STEP][PASSED] - delay: Delayed 10 second(s)

2018-05-10 20:43:46 - [MESSAGE][PASSED] - Delayed 10 second(s)

2018-05-10 20:43:46 - [TEST_STEP][PASSED] - uiaction.CommonUIActions.click: uiaction.CommonUIActions.click is PASSED

2018-05-10 20:43:47 - [MESSAGE][PASSED] - uiaction.CommonUIActions.click is PASSED

2018-05-10 20:43:47 - [TEST_STEP][PASSED] - delay: Delayed 5 second(s)

2018-05-10 20:43:52 - [MESSAGE][PASSED] - Delayed 5 second(s)

2018-05-10 20:43:52 - [TEST_STEP][PASSED] - uiaction.CommonUIActions.click: uiaction.CommonUIActions.click is PASSED

2018-05-10 20:43:52 - [MESSAGE][PASSED] - uiaction.CommonUIActions.click is PASSED

2018-05-10 20:43:52 - [TEST_STEP][PASSED] - uiaction.CommonUIActions.click: uiaction.CommonUIActions.click is PASSED

2018-05-10 20:43:52 - [MESSAGE][PASSED] - uiaction.CommonUIActions.click is PASSED

2018-05-10 20:43:52 - [TEST_STEP][PASSED] - uiaction.CommonUIActions.click: uiaction.CommonUIActions.click is PASSED

2018-05-10 20:43:52 - [MESSAGE][PASSED] - uiaction.CommonUIActions.click is PASSED

2018-05-10 20:43:52 - [TEST_STEP][PASSED] - delay: Delayed 10 second(s)

2018-05-10 20:44:02 - [MESSAGE][PASSED] - Delayed 10 second(s)

2018-05-10 20:44:02 - [TEST_STEP][PASSED] - uiaction.CommonUIActions.back: uiaction.CommonUIActions.back is PASSED

2018-05-10 20:44:02 - [MESSAGE][PASSED] - Navigate back successfully

2018-05-10 20:44:02 - [MESSAGE][PASSED] - uiaction.CommonUIActions.back is PASSED

2018-05-10 20:44:02 - [TEST_STEP][PASSED] - delay: Delayed 5 second(s)

2018-05-10 20:44:07 - [MESSAGE][PASSED] - Delayed 5 second(s)

2018-05-10 20:44:07 - [TEST_STEP][PASSED] - uiaction.CommonUIActions.click: uiaction.CommonUIActions.click is PASSED

2018-05-10 20:44:07 - [MESSAGE][PASSED] - uiaction.CommonUIActions.click is PASSED

2018-05-10 20:44:07 - [TEST_STEP][PASSED] - uiaction.CommonUIActions.click: uiaction.CommonUIActions.click is PASSED

2018-05-10 20:44:07 - [MESSAGE][PASSED] - uiaction.CommonUIActions.click is PASSED

2018-05-10 20:44:07 - [TEST_STEP][PASSED] - uiaction.CommonUIActions.click: uiaction.CommonUIActions.click is PASSED

2018-05-10 20:44:09 - [MESSAGE][PASSED] - uiaction.CommonUIActions.click is PASSED

2018-05-10 20:44:09 - [TEST_STEP][PASSED] - Statement - assert TCflag == true: null

2018-05-10 20:44:09 - [TEST_STEP][PASSED] - Start listener action : sampleAfterTestCase: Browser is closed

2018-05-10 20:44:09 - [TEST_STEP][PASSED] - Statement - println(testCaseContext.getTestCaseId()): null

2018-05-10 20:44:09 - [TEST_STEP][PASSED] - Statement - println(testCaseContext.getTestCaseStatus()): null

2018-05-10 20:44:09 - [TEST_STEP][PASSED] - closeBrowser: Browser is closed

2018-05-10 20:44:09 - [MESSAGE][PASSED] - Browser is closed]]></system-out>
         <system-err><![CDATA[]]></system-err>
      </testcase>
      <system-out><![CDATA[2018-05-10 20:02:39 - [TEST_SUITE][FAILED] - RegressionSuite: Test Cases/CreateGroupTC/HME-StoreDetailsPage-09 FAILED because (of) com.kms.katalon.core.webui.exception.WebElementNotFoundException: Web element with id: 'Object Repository/StorePage/StoreListHeading' located by 'By.xpath: //div[@class='settings_search clear']/h3' not found]]></system-out>
      <system-err><![CDATA[2018-05-10 20:02:39 - [TEST_SUITE][FAILED] - RegressionSuite: Test Cases/CreateGroupTC/HME-StoreDetailsPage-09 FAILED because (of) com.kms.katalon.core.webui.exception.WebElementNotFoundException: Web element with id: 'Object Repository/StorePage/StoreListHeading' located by 'By.xpath: //div[@class='settings_search clear']/h3' not found]]></system-err>
   </testsuite>
</testsuites>
