<?xml version="1.0" encoding="UTF-8"?>
<testsuites name="RegressionSuite" time="1131" tests="4" failures="1" errors="0">
   <testsuite name="RegressionSuite" tests="4" failures="1" errors="0" time="1131" timestamp="2018-05-28 17:43:03" hostname="shalinin - NIBC2129.nousinfo.com" id="Test Suites/RegressionSuite">
      <properties>
         <property name="deviceName" value=""/>
         <property name="devicePlatform" value=""/>
         <property name="logFolder" value="C:\\Users\\shalinin\\Katalon Studio\\HME_Scripts\\Reports\\RegressionSuite\\20180528_174301"/>
         <property name="logFiles" value="C:\\Users\\shalinin\\Katalon Studio\\HME_Scripts\\Reports\\RegressionSuite\\20180528_174301\\execution0.log"/>
         <property name="attachments" value="C:\\Users\\shalinin\\Katalon Studio\\HME_Scripts\\Reports\\RegressionSuite\\20180528_174301\\1527509614823.png, C:\\Users\\shalinin\\Katalon Studio\\HME_Scripts\\Reports\\RegressionSuite\\20180528_174301\\1527509882840.png, C:\\Users\\shalinin\\Katalon Studio\\HME_Scripts\\Reports\\RegressionSuite\\20180528_174301\\1527509893557.png"/>
         <property name="hostName" value="shalinin - NIBC2129.nousinfo.com"/>
         <property name="os" value="Windows 7 64bit"/>
         <property name="katalonVersion" value="5.3.1.1"/>
         <property name="browser" value="Chrome 66.0.3359.181"/>
         <property name="hostAddress" value="192.168.24.72"/>
         <property name="sessionId" value="5a603af49a6eb94d274db6493fe15761"/>
         <property name="seleniumVersion" value="3.7.1"/>
         <property name="proxyInformation" value="ProxyInformation{proxyOption=NO_PROXY, proxyServerType=HTTP, password=, proxyServerAddress=, proxyServerPort=0}"/>
         <property name="platform" value="Windows 7"/>
      </properties>
      <testcase name="Test Cases/MasqueradeTC/HME-Masquerade-07" classname="Test Cases/MasqueradeTC/HME-Masquerade-07" status="PASSED">
         <system-out><![CDATA[2018-05-28 17:43:03 - [TEST_CASE][PASSED] - Test Cases/MasqueradeTC/HME-Masquerade-07: Browser is closed

2018-05-28 17:43:03 - [TEST_STEP][PASSED] - Start listener action : sampleBeforeTestCase: uiaction.CommonUIActions.deleteAllCookies is PASSED

2018-05-28 17:43:03 - [TEST_STEP][PASSED] - openBrowser: Browser is opened with url: ''

2018-05-28 17:43:06 - [MESSAGE][PASSED] - Browser is opened with url: ''

2018-05-28 17:43:06 - [TEST_STEP][PASSED] - maximizeWindow: Current window maximized

2018-05-28 17:43:07 - [MESSAGE][PASSED] - Current window maximized

2018-05-28 17:43:07 - [TEST_STEP][PASSED] - uiaction.CommonUIActions.deleteAllCookies: uiaction.CommonUIActions.deleteAllCookies is PASSED

2018-05-28 17:43:08 - [MESSAGE][PASSED] - Delete all cookies successfully

2018-05-28 17:43:08 - [MESSAGE][PASSED] - uiaction.CommonUIActions.deleteAllCookies is PASSED

2018-05-28 17:43:08 - [TEST_STEP][PASSED] - Statement - TCflag = true: null

2018-05-28 17:43:08 - [TEST_STEP][PASSED] - Statement - Try: uiaction.CommonUIActions.click is PASSED

2018-05-28 17:43:08 - [TEST_STEP][PASSED] - navigateToUrl: Navigate to 'https://hme-dev-public-cloud-app.azurewebsites.net/admin' successfully

2018-05-28 17:43:11 - [MESSAGE][PASSED] - Navigate to 'https://hme-dev-public-cloud-app.azurewebsites.net/admin' successfully

2018-05-28 17:43:11 - [TEST_STEP][PASSED] - projectSpecific.Reusability.login: projectSpecific.Reusability.login is PASSED

2018-05-28 17:43:11 - [MESSAGE][PASSED] - projectSpecific.Reusability.getTestData is PASSED

2018-05-28 17:43:11 - [MESSAGE][PASSED] - projectSpecific.Reusability.getTestData is PASSED

2018-05-28 17:43:12 - [MESSAGE][PASSED] - Text 'nous-abhradipr@hme.com' is set on object 'Object Repository/LoginPage/Username'

2018-05-28 17:43:12 - [MESSAGE][PASSED] - Text '6Qt*qmL88' is set on object 'Object Repository/LoginPage/Password'

2018-05-28 17:43:12 - [MESSAGE][PASSED] - Object: 'Object Repository/LoginPage/Login' is clicked on

2018-05-28 17:43:12 - [MESSAGE][PASSED] - projectSpecific.Reusability.login is PASSED

2018-05-28 17:43:12 - [TEST_STEP][PASSED] - delay: Delayed 15 second(s)

2018-05-28 17:43:27 - [MESSAGE][PASSED] - Delayed 15 second(s)

2018-05-28 17:43:27 - [TEST_STEP][PASSED] - verifyElementPresent: Object 'Object Repository/HomePage/loggedinUser' is present

2018-05-28 17:43:27 - [MESSAGE][PASSED] - Object 'Object Repository/HomePage/loggedinUser' is present

2018-05-28 17:43:27 - [TEST_STEP][PASSED] - Statement - loggedInUser = CustomKeywords.uiaction.CommonUIActions.getText(com.kms.katalon.core.testobject.ObjectRepository.findTestObject(Object Repository/HomePage/loggedinUser)): uiaction.CommonUIActions.getText is PASSED

2018-05-28 17:43:27 - [MESSAGE][PASSED] - uiaction.CommonUIActions.getText is PASSED

2018-05-28 17:43:27 - [TEST_STEP][PASSED] - Statement - loggedInUser = loggedInUser.trim(): null

2018-05-28 17:43:27 - [TEST_STEP][PASSED] - Statement - loggedinText = CustomKeywords.projectSpecific.Reusability.getTestData("HomePage", "loggedinText"): projectSpecific.Reusability.getTestData is PASSED

2018-05-28 17:43:27 - [MESSAGE][PASSED] - projectSpecific.Reusability.getTestData is PASSED

2018-05-28 17:43:27 - [TEST_STEP][PASSED] - Statement - If (loggedInUser.equals(loggedinText)): null

2018-05-28 17:43:27 - [TEST_STEP][PASSED] - Statement - welcomeUser = CustomKeywords.uiaction.CommonUIActions.getText(com.kms.katalon.core.testobject.ObjectRepository.findTestObject(Object Repository/HomePage/welcomeUserText)): uiaction.CommonUIActions.getText is PASSED

2018-05-28 17:43:27 - [MESSAGE][PASSED] - uiaction.CommonUIActions.getText is PASSED

2018-05-28 17:43:27 - [TEST_STEP][PASSED] - Statement - welcomeUser = welcomeUser.trim(): null

2018-05-28 17:43:27 - [TEST_STEP][PASSED] - Statement - welcomeText = CustomKeywords.projectSpecific.Reusability.getTestData("HomePage", "welcomeText"): projectSpecific.Reusability.getTestData is PASSED

2018-05-28 17:43:27 - [MESSAGE][PASSED] - projectSpecific.Reusability.getTestData is PASSED

2018-05-28 17:43:27 - [TEST_STEP][PASSED] - Statement - If (welcomeUser.equals(welcomeText)): null

2018-05-28 17:43:27 - [TEST_STEP][PASSED] - uiaction.CommonUIActions.click: uiaction.CommonUIActions.click is PASSED

2018-05-28 17:43:33 - [MESSAGE][PASSED] - uiaction.CommonUIActions.click is PASSED

2018-05-28 17:43:33 - [TEST_STEP][PASSED] - verifyElementPresent: Object 'Object Repository/StorePage/storeListHeading2' is present

2018-05-28 17:43:33 - [MESSAGE][PASSED] - Object 'Object Repository/StorePage/storeListHeading2' is present

2018-05-28 17:43:33 - [TEST_STEP][PASSED] - verifyElementPresent: Object 'Object Repository/StorePage/storeList' is present

2018-05-28 17:43:33 - [MESSAGE][PASSED] - Object 'Object Repository/StorePage/storeList' is present

2018-05-28 17:43:33 - [TEST_STEP][PASSED] - uiaction.CommonUIActions.click: uiaction.CommonUIActions.click is PASSED

2018-05-28 17:43:34 - [MESSAGE][PASSED] - uiaction.CommonUIActions.click is PASSED

2018-05-28 17:43:34 - [TEST_STEP][PASSED] - verifyElementPresent: Object 'Object Repository/StorePage/storedetailslabel' is present

2018-05-28 17:43:34 - [MESSAGE][PASSED] - Object 'Object Repository/StorePage/storedetailslabel' is present

2018-05-28 17:43:34 - [TEST_STEP][PASSED] - verifyElementPresent: Object 'Object Repository/StorePage/zoomlabel' is present

2018-05-28 17:43:34 - [MESSAGE][PASSED] - Object 'Object Repository/StorePage/zoomlabel' is present

2018-05-28 17:43:34 - [TEST_STEP][PASSED] - Statement - storedetail_label = CustomKeywords.projectSpecific.Reusability.getTestData("StorePage", "admin_Store_Labels"): projectSpecific.Reusability.getTestData is PASSED

2018-05-28 17:43:34 - [MESSAGE][PASSED] - projectSpecific.Reusability.getTestData is PASSED

2018-05-28 17:43:34 - [TEST_STEP][PASSED] - Statement - defaultareaselected = com.kms.katalon.core.webui.keyword.WebUiBuiltInKeywords.getAttribute(com.kms.katalon.core.testobject.ObjectRepository.findTestObject(StorePage/defaultstoredetsails), "aria-selected"): Attribute 'aria-selected' of object 'Object Repository/StorePage/defaultstoredetsails' is: 'true'

2018-05-28 17:43:34 - [MESSAGE][PASSED] - Attribute 'aria-selected' of object 'Object Repository/StorePage/defaultstoredetsails' is: 'true'

2018-05-28 17:43:34 - [TEST_STEP][PASSED] - Statement - If (defaultareaselected): null

2018-05-28 17:43:34 - [TEST_STEP][PASSED] - Statement - out.println("Store Details is set by default"): null

2018-05-28 17:43:34 - [TEST_STEP][PASSED] - Statement - driver = com.kms.katalon.core.webui.driver.DriverFactory.getWebDriver(): null

2018-05-28 17:43:34 - [TEST_STEP][PASSED] - Statement - storeHeaders = driver.findElements(org.openqa.selenium.By.xpath(com.kms.katalon.core.testdata.TestDataFactory.findTestData(OR_file).getValue(2, 1))): Reading excel file with source file 'C:\Users\shalinin\Katalon Studio\HME_Scripts\Data Files\HME_OR.xlsx' and sheet name 'Sheet1'

2018-05-28 17:43:34 - [TEST_STEP][PASSED] - Statement - storeArraylabels = storedetail_label.split(","): null

2018-05-28 17:43:34 - [TEST_STEP][PASSED] - Statement - storeListlabels = new java.util.ArrayList(java.util.Arrays.asList(storeArraylabels)): null

2018-05-28 17:43:34 - [TEST_STEP][PASSED] - Statement - storeListlabels.unique(): null

2018-05-28 17:43:34 - [TEST_STEP][PASSED] - Statement - out.println(storeListlabels): null

2018-05-28 17:43:34 - [TEST_STEP][PASSED] - Statement - count = 0: null

2018-05-28 17:43:34 - [TEST_STEP][PASSED] - Statement - For ([i = 0, i < storeHeaders.size(), (i++)]): null

2018-05-28 17:43:34 - [TEST_STEP][PASSED] - Statement - storeHeadingText = storeHeaders.get(i).getText().trim(): null

2018-05-28 17:43:34 - [TEST_STEP][PASSED] - Statement - storeHeadingText = storeHeadingText.replace("*", ""): null

2018-05-28 17:43:34 - [TEST_STEP][PASSED] - Statement - execFlag = com.kms.katalon.core.webui.keyword.WebUiBuiltInKeywords.verifyMatch(storeHeadingText, storeListlabels[i].toString().trim(), false): Actual text '' and expected text '' are matched 

2018-05-28 17:43:34 - [MESSAGE][PASSED] - Actual text '' and expected text '' are matched 

2018-05-28 17:43:34 - [TEST_STEP][PASSED] - Statement - If (execFlag): null

2018-05-28 17:43:34 - [TEST_STEP][PASSED] - Statement - (count++): null

2018-05-28 17:43:34 - [TEST_STEP][PASSED] - Statement - storeHeadingText = storeHeaders.get(i).getText().trim(): null

2018-05-28 17:43:34 - [TEST_STEP][PASSED] - Statement - storeHeadingText = storeHeadingText.replace("*", ""): null

2018-05-28 17:43:34 - [TEST_STEP][PASSED] - Statement - execFlag = com.kms.katalon.core.webui.keyword.WebUiBuiltInKeywords.verifyMatch(storeHeadingText, storeListlabels[i].toString().trim(), false): Actual text 'Company Name' and expected text 'Company Name' are matched 

2018-05-28 17:43:34 - [MESSAGE][PASSED] - Actual text 'Company Name' and expected text 'Company Name' are matched 

2018-05-28 17:43:34 - [TEST_STEP][PASSED] - Statement - If (execFlag): null

2018-05-28 17:43:34 - [TEST_STEP][PASSED] - Statement - (count++): null

2018-05-28 17:43:34 - [TEST_STEP][PASSED] - Statement - storeHeadingText = storeHeaders.get(i).getText().trim(): null

2018-05-28 17:43:34 - [TEST_STEP][PASSED] - Statement - storeHeadingText = storeHeadingText.replace("*", ""): null

2018-05-28 17:43:34 - [TEST_STEP][PASSED] - Statement - execFlag = com.kms.katalon.core.webui.keyword.WebUiBuiltInKeywords.verifyMatch(storeHeadingText, storeListlabels[i].toString().trim(), false): Actual text 'Brand' and expected text 'Brand' are matched 

2018-05-28 17:43:34 - [MESSAGE][PASSED] - Actual text 'Brand' and expected text 'Brand' are matched 

2018-05-28 17:43:34 - [TEST_STEP][PASSED] - Statement - If (execFlag): null

2018-05-28 17:43:34 - [TEST_STEP][PASSED] - Statement - (count++): null

2018-05-28 17:43:34 - [TEST_STEP][PASSED] - Statement - storeHeadingText = storeHeaders.get(i).getText().trim(): null

2018-05-28 17:43:34 - [TEST_STEP][PASSED] - Statement - storeHeadingText = storeHeadingText.replace("*", ""): null

2018-05-28 17:43:34 - [TEST_STEP][PASSED] - Statement - execFlag = com.kms.katalon.core.webui.keyword.WebUiBuiltInKeywords.verifyMatch(storeHeadingText, storeListlabels[i].toString().trim(), false): Actual text 'Store #' and expected text 'Store #' are matched 

2018-05-28 17:43:34 - [MESSAGE][PASSED] - Actual text 'Store #' and expected text 'Store #' are matched 

2018-05-28 17:43:34 - [TEST_STEP][PASSED] - Statement - If (execFlag): null

2018-05-28 17:43:34 - [TEST_STEP][PASSED] - Statement - (count++): null

2018-05-28 17:43:34 - [TEST_STEP][PASSED] - Statement - storeHeadingText = storeHeaders.get(i).getText().trim(): null

2018-05-28 17:43:34 - [TEST_STEP][PASSED] - Statement - storeHeadingText = storeHeadingText.replace("*", ""): null

2018-05-28 17:43:34 - [TEST_STEP][PASSED] - Statement - execFlag = com.kms.katalon.core.webui.keyword.WebUiBuiltInKeywords.verifyMatch(storeHeadingText, storeListlabels[i].toString().trim(), false): Actual text 'Store Name' and expected text 'Store Name' are matched 

2018-05-28 17:43:34 - [MESSAGE][PASSED] - Actual text 'Store Name' and expected text 'Store Name' are matched 

2018-05-28 17:43:34 - [TEST_STEP][PASSED] - Statement - If (execFlag): null

2018-05-28 17:43:34 - [TEST_STEP][PASSED] - Statement - (count++): null

2018-05-28 17:43:34 - [TEST_STEP][PASSED] - Statement - storeHeadingText = storeHeaders.get(i).getText().trim(): null

2018-05-28 17:43:34 - [TEST_STEP][PASSED] - Statement - storeHeadingText = storeHeadingText.replace("*", ""): null

2018-05-28 17:43:34 - [TEST_STEP][PASSED] - Statement - execFlag = com.kms.katalon.core.webui.keyword.WebUiBuiltInKeywords.verifyMatch(storeHeadingText, storeListlabels[i].toString().trim(), false): Actual text 'Store Address' and expected text 'Store Address' are matched 

2018-05-28 17:43:34 - [MESSAGE][PASSED] - Actual text 'Store Address' and expected text 'Store Address' are matched 

2018-05-28 17:43:34 - [TEST_STEP][PASSED] - Statement - If (execFlag): null

2018-05-28 17:43:34 - [TEST_STEP][PASSED] - Statement - (count++): null

2018-05-28 17:43:34 - [TEST_STEP][PASSED] - Statement - storeHeadingText = storeHeaders.get(i).getText().trim(): null

2018-05-28 17:43:34 - [TEST_STEP][PASSED] - Statement - storeHeadingText = storeHeadingText.replace("*", ""): null

2018-05-28 17:43:34 - [TEST_STEP][PASSED] - Statement - execFlag = com.kms.katalon.core.webui.keyword.WebUiBuiltInKeywords.verifyMatch(storeHeadingText, storeListlabels[i].toString().trim(), false): Actual text 'Serial #' and expected text 'Serial #' are matched 

2018-05-28 17:43:34 - [MESSAGE][PASSED] - Actual text 'Serial #' and expected text 'Serial #' are matched 

2018-05-28 17:43:34 - [TEST_STEP][PASSED] - Statement - If (execFlag): null

2018-05-28 17:43:34 - [TEST_STEP][PASSED] - Statement - (count++): null

2018-05-28 17:43:34 - [TEST_STEP][PASSED] - Statement - storeHeadingText = storeHeaders.get(i).getText().trim(): null

2018-05-28 17:43:34 - [TEST_STEP][PASSED] - Statement - storeHeadingText = storeHeadingText.replace("*", ""): null

2018-05-28 17:43:34 - [TEST_STEP][PASSED] - Statement - execFlag = com.kms.katalon.core.webui.keyword.WebUiBuiltInKeywords.verifyMatch(storeHeadingText, storeListlabels[i].toString().trim(), false): Actual text 'Version' and expected text 'Version' are matched 

2018-05-28 17:43:34 - [MESSAGE][PASSED] - Actual text 'Version' and expected text 'Version' are matched 

2018-05-28 17:43:34 - [TEST_STEP][PASSED] - Statement - If (execFlag): null

2018-05-28 17:43:34 - [TEST_STEP][PASSED] - Statement - (count++): null

2018-05-28 17:43:34 - [TEST_STEP][PASSED] - Statement - storeHeadingText = storeHeaders.get(i).getText().trim(): null

2018-05-28 17:43:34 - [TEST_STEP][PASSED] - Statement - storeHeadingText = storeHeadingText.replace("*", ""): null

2018-05-28 17:43:34 - [TEST_STEP][PASSED] - Statement - execFlag = com.kms.katalon.core.webui.keyword.WebUiBuiltInKeywords.verifyMatch(storeHeadingText, storeListlabels[i].toString().trim(), false): Actual text 'Subscription' and expected text 'Subscription' are matched 

2018-05-28 17:43:34 - [MESSAGE][PASSED] - Actual text 'Subscription' and expected text 'Subscription' are matched 

2018-05-28 17:43:34 - [TEST_STEP][PASSED] - Statement - If (execFlag): null

2018-05-28 17:43:34 - [TEST_STEP][PASSED] - Statement - (count++): null

2018-05-28 17:43:34 - [TEST_STEP][PASSED] - Statement - storeHeadingText = storeHeaders.get(i).getText().trim(): null

2018-05-28 17:43:34 - [TEST_STEP][PASSED] - Statement - storeHeadingText = storeHeadingText.replace("*", ""): null

2018-05-28 17:43:34 - [TEST_STEP][PASSED] - Statement - execFlag = com.kms.katalon.core.webui.keyword.WebUiBuiltInKeywords.verifyMatch(storeHeadingText, storeListlabels[i].toString().trim(), false): Actual text 'Status' and expected text 'Status' are matched 

2018-05-28 17:43:34 - [MESSAGE][PASSED] - Actual text 'Status' and expected text 'Status' are matched 

2018-05-28 17:43:34 - [TEST_STEP][PASSED] - Statement - If (execFlag): null

2018-05-28 17:43:34 - [TEST_STEP][PASSED] - Statement - (count++): null

2018-05-28 17:43:34 - [TEST_STEP][PASSED] - Statement - If (count == storeHeaders.size()): Taking screenshot successfully

2018-05-28 17:43:34 - [TEST_STEP][PASSED] - takeScreenshot: Taking screenshot successfully

2018-05-28 17:43:35 - [MESSAGE][PASSED] - Taking screenshot successfully
[[ATTACHMENT|C:\\Users\\shalinin\\Katalon Studio\\HME_Scripts\\Reports\\RegressionSuite\\20180528_174301\\1527509614823.png]]

2018-05-28 17:43:35 - [TEST_STEP][PASSED] - Statement - storeDetails = CustomKeywords.projectSpecific.Reusability.getTestData("StorePage", "admin_Store_Details"): projectSpecific.Reusability.getTestData is PASSED

2018-05-28 17:43:35 - [MESSAGE][PASSED] - projectSpecific.Reusability.getTestData is PASSED

2018-05-28 17:43:35 - [TEST_STEP][PASSED] - Statement - storeArray = storeDetails.split(","): null

2018-05-28 17:43:35 - [TEST_STEP][PASSED] - Statement - storeList = new java.util.ArrayList(java.util.Arrays.asList(storeArray)): null

2018-05-28 17:43:35 - [TEST_STEP][PASSED] - Statement - storeList.unique(): null

2018-05-28 17:43:35 - [TEST_STEP][PASSED] - Statement - out.println(storeList): null

2018-05-28 17:43:35 - [TEST_STEP][PASSED] - Statement - storeElements = driver.findElements(org.openqa.selenium.By.xpath(com.kms.katalon.core.testdata.TestDataFactory.findTestData(OR_file).getValue(2, 21))): Reading excel file with source file 'C:\Users\shalinin\Katalon Studio\HME_Scripts\Data Files\HME_OR.xlsx' and sheet name 'Sheet1'

2018-05-28 17:43:35 - [TEST_STEP][PASSED] - Statement - actualList = new java.util.ArrayList(): null

2018-05-28 17:43:35 - [TEST_STEP][PASSED] - Statement - For ([i = 0, i < storeElements.size(), (i++)]): null

2018-05-28 17:43:35 - [TEST_STEP][PASSED] - Statement - actualList.add(i, storeElements.get(i).getText()): null

2018-05-28 17:43:35 - [TEST_STEP][PASSED] - Statement - actualList.add(i, storeElements.get(i).getText()): null

2018-05-28 17:43:35 - [TEST_STEP][PASSED] - Statement - actualList.add(i, storeElements.get(i).getText()): null

2018-05-28 17:43:35 - [TEST_STEP][PASSED] - Statement - actualList.add(i, storeElements.get(i).getText()): null

2018-05-28 17:43:35 - [TEST_STEP][PASSED] - Statement - actualList.add(i, storeElements.get(i).getText()): null

2018-05-28 17:43:35 - [TEST_STEP][PASSED] - Statement - actualList.add(i, storeElements.get(i).getText()): null

2018-05-28 17:43:35 - [TEST_STEP][PASSED] - Statement - actualList.add(i, storeElements.get(i).getText()): null

2018-05-28 17:43:35 - [TEST_STEP][PASSED] - Statement - actualList.add(i, storeElements.get(i).getText()): null

2018-05-28 17:43:35 - [TEST_STEP][PASSED] - Statement - actualList.add(i, storeElements.get(i).getText()): null

2018-05-28 17:43:35 - [TEST_STEP][PASSED] - Statement - actualList.add(i, storeElements.get(i).getText()): null

2018-05-28 17:43:35 - [TEST_STEP][PASSED] - Statement - actualList.add(i, storeElements.get(i).getText()): null

2018-05-28 17:43:35 - [TEST_STEP][PASSED] - Statement - actualList.add(i, storeElements.get(i).getText()): null

2018-05-28 17:43:35 - [TEST_STEP][PASSED] - Statement - actualList.add(i, storeElements.get(i).getText()): null

2018-05-28 17:43:35 - [TEST_STEP][PASSED] - Statement - actualList.add(i, storeElements.get(i).getText()): null

2018-05-28 17:43:35 - [TEST_STEP][PASSED] - Statement - out.println(actualList): null

2018-05-28 17:43:35 - [TEST_STEP][PASSED] - Statement - execFlag1 = true: null

2018-05-28 17:43:35 - [TEST_STEP][PASSED] - Statement - For ([j = 0, j < actualList.size(), (j++)]): null

2018-05-28 17:43:35 - [TEST_STEP][PASSED] - Statement - execFlag1 = com.kms.katalon.core.webui.keyword.WebUiBuiltInKeywords.verifyMatch(storeList.get(j).toString().trim(), actualList.get(j).toString().trim(), false): Actual text 'Brand: *' and expected text 'Brand: *' are matched 

2018-05-28 17:43:35 - [MESSAGE][PASSED] - Actual text 'Brand: *' and expected text 'Brand: *' are matched 

2018-05-28 17:43:35 - [TEST_STEP][PASSED] - Statement - If (!(execFlag1)): null

2018-05-28 17:43:35 - [TEST_STEP][PASSED] - Statement - execFlag1 = com.kms.katalon.core.webui.keyword.WebUiBuiltInKeywords.verifyMatch(storeList.get(j).toString().trim(), actualList.get(j).toString().trim(), false): Actual text 'Store Name:' and expected text 'Store Name:' are matched 

2018-05-28 17:43:35 - [MESSAGE][PASSED] - Actual text 'Store Name:' and expected text 'Store Name:' are matched 

2018-05-28 17:43:35 - [TEST_STEP][PASSED] - Statement - If (!(execFlag1)): null

2018-05-28 17:43:35 - [TEST_STEP][PASSED] - Statement - execFlag1 = com.kms.katalon.core.webui.keyword.WebUiBuiltInKeywords.verifyMatch(storeList.get(j).toString().trim(), actualList.get(j).toString().trim(), false): Actual text 'Store Number: *' and expected text 'Store Number: *' are matched 

2018-05-28 17:43:35 - [MESSAGE][PASSED] - Actual text 'Store Number: *' and expected text 'Store Number: *' are matched 

2018-05-28 17:43:35 - [TEST_STEP][PASSED] - Statement - If (!(execFlag1)): null

2018-05-28 17:43:35 - [TEST_STEP][PASSED] - Statement - execFlag1 = com.kms.katalon.core.webui.keyword.WebUiBuiltInKeywords.verifyMatch(storeList.get(j).toString().trim(), actualList.get(j).toString().trim(), false): Actual text 'Address Line 1: *' and expected text 'Address Line 1: *' are matched 

2018-05-28 17:43:35 - [MESSAGE][PASSED] - Actual text 'Address Line 1: *' and expected text 'Address Line 1: *' are matched 

2018-05-28 17:43:35 - [TEST_STEP][PASSED] - Statement - If (!(execFlag1)): null

2018-05-28 17:43:35 - [TEST_STEP][PASSED] - Statement - execFlag1 = com.kms.katalon.core.webui.keyword.WebUiBuiltInKeywords.verifyMatch(storeList.get(j).toString().trim(), actualList.get(j).toString().trim(), false): Actual text 'Address Line 2:' and expected text 'Address Line 2:' are matched 

2018-05-28 17:43:35 - [MESSAGE][PASSED] - Actual text 'Address Line 2:' and expected text 'Address Line 2:' are matched 

2018-05-28 17:43:35 - [TEST_STEP][PASSED] - Statement - If (!(execFlag1)): null

2018-05-28 17:43:35 - [TEST_STEP][PASSED] - Statement - execFlag1 = com.kms.katalon.core.webui.keyword.WebUiBuiltInKeywords.verifyMatch(storeList.get(j).toString().trim(), actualList.get(j).toString().trim(), false): Actual text 'Address Line 3:' and expected text 'Address Line 3:' are matched 

2018-05-28 17:43:35 - [MESSAGE][PASSED] - Actual text 'Address Line 3:' and expected text 'Address Line 3:' are matched 

2018-05-28 17:43:35 - [TEST_STEP][PASSED] - Statement - If (!(execFlag1)): null

2018-05-28 17:43:35 - [TEST_STEP][PASSED] - Statement - execFlag1 = com.kms.katalon.core.webui.keyword.WebUiBuiltInKeywords.verifyMatch(storeList.get(j).toString().trim(), actualList.get(j).toString().trim(), false): Actual text 'Address Line 4:' and expected text 'Address Line 4:' are matched 

2018-05-28 17:43:35 - [MESSAGE][PASSED] - Actual text 'Address Line 4:' and expected text 'Address Line 4:' are matched 

2018-05-28 17:43:35 - [TEST_STEP][PASSED] - Statement - If (!(execFlag1)): null

2018-05-28 17:43:35 - [TEST_STEP][PASSED] - Statement - execFlag1 = com.kms.katalon.core.webui.keyword.WebUiBuiltInKeywords.verifyMatch(storeList.get(j).toString().trim(), actualList.get(j).toString().trim(), false): Actual text 'City: *' and expected text 'City: *' are matched 

2018-05-28 17:43:35 - [MESSAGE][PASSED] - Actual text 'City: *' and expected text 'City: *' are matched 

2018-05-28 17:43:35 - [TEST_STEP][PASSED] - Statement - If (!(execFlag1)): null

2018-05-28 17:43:35 - [TEST_STEP][PASSED] - Statement - execFlag1 = com.kms.katalon.core.webui.keyword.WebUiBuiltInKeywords.verifyMatch(storeList.get(j).toString().trim(), actualList.get(j).toString().trim(), false): Actual text 'Region: *' and expected text 'Region: *' are matched 

2018-05-28 17:43:35 - [MESSAGE][PASSED] - Actual text 'Region: *' and expected text 'Region: *' are matched 

2018-05-28 17:43:35 - [TEST_STEP][PASSED] - Statement - If (!(execFlag1)): null

2018-05-28 17:43:35 - [TEST_STEP][PASSED] - Statement - execFlag1 = com.kms.katalon.core.webui.keyword.WebUiBuiltInKeywords.verifyMatch(storeList.get(j).toString().trim(), actualList.get(j).toString().trim(), false): Actual text 'Zip: *' and expected text 'Zip: *' are matched 

2018-05-28 17:43:35 - [MESSAGE][PASSED] - Actual text 'Zip: *' and expected text 'Zip: *' are matched 

2018-05-28 17:43:35 - [TEST_STEP][PASSED] - Statement - If (!(execFlag1)): null

2018-05-28 17:43:35 - [TEST_STEP][PASSED] - Statement - execFlag1 = com.kms.katalon.core.webui.keyword.WebUiBuiltInKeywords.verifyMatch(storeList.get(j).toString().trim(), actualList.get(j).toString().trim(), false): Actual text 'Country: *' and expected text 'Country: *' are matched 

2018-05-28 17:43:35 - [MESSAGE][PASSED] - Actual text 'Country: *' and expected text 'Country: *' are matched 

2018-05-28 17:43:35 - [TEST_STEP][PASSED] - Statement - If (!(execFlag1)): null

2018-05-28 17:43:35 - [TEST_STEP][PASSED] - Statement - execFlag1 = com.kms.katalon.core.webui.keyword.WebUiBuiltInKeywords.verifyMatch(storeList.get(j).toString().trim(), actualList.get(j).toString().trim(), false): Actual text 'Timezone: *' and expected text 'Timezone: *' are matched 

2018-05-28 17:43:35 - [MESSAGE][PASSED] - Actual text 'Timezone: *' and expected text 'Timezone: *' are matched 

2018-05-28 17:43:35 - [TEST_STEP][PASSED] - Statement - If (!(execFlag1)): null

2018-05-28 17:43:35 - [TEST_STEP][PASSED] - Statement - execFlag1 = com.kms.katalon.core.webui.keyword.WebUiBuiltInKeywords.verifyMatch(storeList.get(j).toString().trim(), actualList.get(j).toString().trim(), false): Actual text 'Phone: *' and expected text 'Phone: *' are matched 

2018-05-28 17:43:35 - [MESSAGE][PASSED] - Actual text 'Phone: *' and expected text 'Phone: *' are matched 

2018-05-28 17:43:35 - [TEST_STEP][PASSED] - Statement - If (!(execFlag1)): null

2018-05-28 17:43:35 - [TEST_STEP][PASSED] - Statement - execFlag1 = com.kms.katalon.core.webui.keyword.WebUiBuiltInKeywords.verifyMatch(storeList.get(j).toString().trim(), actualList.get(j).toString().trim(), false): Actual text 'Fax:' and expected text 'Fax:' are matched 

2018-05-28 17:43:35 - [MESSAGE][PASSED] - Actual text 'Fax:' and expected text 'Fax:' are matched 

2018-05-28 17:43:35 - [TEST_STEP][PASSED] - Statement - If (!(execFlag1)): null

2018-05-28 17:43:35 - [TEST_STEP][PASSED] - Statement - If (execFlag1): null

2018-05-28 17:43:35 - [TEST_STEP][PASSED] - Statement - out.println("Store details labels are verified"): null

2018-05-28 17:43:35 - [TEST_STEP][PASSED] - Statement - attrDisabled = com.kms.katalon.core.webui.keyword.WebUiBuiltInKeywords.getAttribute(com.kms.katalon.core.testobject.ObjectRepository.findTestObject(StorePage/brandSelect), "disabled"): Attribute 'disabled' of object 'Object Repository/StorePage/brandSelect' is: 'true'

2018-05-28 17:43:35 - [MESSAGE][PASSED] - Attribute 'disabled' of object 'Object Repository/StorePage/brandSelect' is: 'true'

2018-05-28 17:43:35 - [TEST_STEP][PASSED] - Statement - If (attrDisabled): null

2018-05-28 17:43:35 - [TEST_STEP][PASSED] - Statement - out.println("Brand name is not editable field"): null

2018-05-28 17:43:35 - [TEST_STEP][PASSED] - Statement - inputFields = driver.findElements(org.openqa.selenium.By.xpath(com.kms.katalon.core.testdata.TestDataFactory.findTestData(OR_file).getValue(2, 22))): Reading excel file with source file 'C:\Users\shalinin\Katalon Studio\HME_Scripts\Data Files\HME_OR.xlsx' and sheet name 'Sheet1'

2018-05-28 17:43:35 - [TEST_STEP][PASSED] - Statement - inputFieldsResults = new java.util.ArrayList(): null

2018-05-28 17:43:35 - [TEST_STEP][PASSED] - Statement - For ([i = 0, i < inputFields.size(), (i++)]): Delayed 3 second(s)

2018-05-28 17:43:35 - [TEST_STEP][PASSED] - Statement - If (i != 1): null

2018-05-28 17:43:35 - [TEST_STEP][PASSED] - Statement - attr = inputFields[i].getAttribute("disabled"): null

2018-05-28 17:43:35 - [TEST_STEP][PASSED] - Statement - If (attr): null

2018-05-28 17:43:35 - [TEST_STEP][PASSED] - delay: Delayed 3 second(s)

2018-05-28 17:43:38 - [MESSAGE][PASSED] - Delayed 3 second(s)

2018-05-28 17:43:38 - [TEST_STEP][PASSED] - Statement - If (i != 1): null

2018-05-28 17:43:38 - [TEST_STEP][PASSED] - Statement - Else: null

2018-05-28 17:43:38 - [TEST_STEP][PASSED] - Statement - inputFieldsResults[i] = "disabled": null

2018-05-28 17:43:38 - [TEST_STEP][PASSED] - delay: Delayed 3 second(s)

2018-05-28 17:43:41 - [MESSAGE][PASSED] - Delayed 3 second(s)

2018-05-28 17:43:41 - [TEST_STEP][PASSED] - Statement - If (i != 1): null

2018-05-28 17:43:41 - [TEST_STEP][PASSED] - Statement - attr = inputFields[i].getAttribute("disabled"): null

2018-05-28 17:43:41 - [TEST_STEP][PASSED] - Statement - If (attr): null

2018-05-28 17:43:41 - [TEST_STEP][PASSED] - delay: Delayed 3 second(s)

2018-05-28 17:43:44 - [MESSAGE][PASSED] - Delayed 3 second(s)

2018-05-28 17:43:44 - [TEST_STEP][PASSED] - Statement - If (i != 1): null

2018-05-28 17:43:44 - [TEST_STEP][PASSED] - Statement - attr = inputFields[i].getAttribute("disabled"): null

2018-05-28 17:43:44 - [TEST_STEP][PASSED] - Statement - If (attr): null

2018-05-28 17:43:44 - [TEST_STEP][PASSED] - delay: Delayed 3 second(s)

2018-05-28 17:43:47 - [MESSAGE][PASSED] - Delayed 3 second(s)

2018-05-28 17:43:47 - [TEST_STEP][PASSED] - Statement - If (i != 1): null

2018-05-28 17:43:47 - [TEST_STEP][PASSED] - Statement - attr = inputFields[i].getAttribute("disabled"): null

2018-05-28 17:43:47 - [TEST_STEP][PASSED] - Statement - If (attr): null

2018-05-28 17:43:47 - [TEST_STEP][PASSED] - delay: Delayed 3 second(s)

2018-05-28 17:43:50 - [MESSAGE][PASSED] - Delayed 3 second(s)

2018-05-28 17:43:50 - [TEST_STEP][PASSED] - Statement - If (i != 1): null

2018-05-28 17:43:50 - [TEST_STEP][PASSED] - Statement - attr = inputFields[i].getAttribute("disabled"): null

2018-05-28 17:43:50 - [TEST_STEP][PASSED] - Statement - If (attr): null

2018-05-28 17:43:50 - [TEST_STEP][PASSED] - delay: Delayed 3 second(s)

2018-05-28 17:43:53 - [MESSAGE][PASSED] - Delayed 3 second(s)

2018-05-28 17:43:53 - [TEST_STEP][PASSED] - Statement - If (i != 1): null

2018-05-28 17:43:53 - [TEST_STEP][PASSED] - Statement - attr = inputFields[i].getAttribute("disabled"): null

2018-05-28 17:43:53 - [TEST_STEP][PASSED] - Statement - If (attr): null

2018-05-28 17:43:53 - [TEST_STEP][PASSED] - delay: Delayed 3 second(s)

2018-05-28 17:43:56 - [MESSAGE][PASSED] - Delayed 3 second(s)

2018-05-28 17:43:56 - [TEST_STEP][PASSED] - Statement - If (i != 1): null

2018-05-28 17:43:56 - [TEST_STEP][PASSED] - Statement - attr = inputFields[i].getAttribute("disabled"): null

2018-05-28 17:43:56 - [TEST_STEP][PASSED] - Statement - If (attr): null

2018-05-28 17:43:56 - [TEST_STEP][PASSED] - delay: Delayed 3 second(s)

2018-05-28 17:43:59 - [MESSAGE][PASSED] - Delayed 3 second(s)

2018-05-28 17:43:59 - [TEST_STEP][PASSED] - Statement - If (i != 1): null

2018-05-28 17:43:59 - [TEST_STEP][PASSED] - Statement - attr = inputFields[i].getAttribute("disabled"): null

2018-05-28 17:43:59 - [TEST_STEP][PASSED] - Statement - If (attr): null

2018-05-28 17:43:59 - [TEST_STEP][PASSED] - delay: Delayed 3 second(s)

2018-05-28 17:44:02 - [MESSAGE][PASSED] - Delayed 3 second(s)

2018-05-28 17:44:02 - [TEST_STEP][PASSED] - Statement - If (i != 1): null

2018-05-28 17:44:02 - [TEST_STEP][PASSED] - Statement - attr = inputFields[i].getAttribute("disabled"): null

2018-05-28 17:44:02 - [TEST_STEP][PASSED] - Statement - If (attr): null

2018-05-28 17:44:02 - [TEST_STEP][PASSED] - delay: Delayed 3 second(s)

2018-05-28 17:44:05 - [MESSAGE][PASSED] - Delayed 3 second(s)

2018-05-28 17:44:05 - [TEST_STEP][PASSED] - Statement - s = inputFieldsResults[1]: null

2018-05-28 17:44:05 - [TEST_STEP][PASSED] - Statement - isEditable = false: null

2018-05-28 17:44:05 - [TEST_STEP][PASSED] - Statement - For ([j = 2, j < inputFieldsResults.size(), (j++)]): null

2018-05-28 17:44:05 - [TEST_STEP][PASSED] - Statement - s1 = inputFieldsResults[j]: null

2018-05-28 17:44:05 - [TEST_STEP][PASSED] - Statement - If (!(s1.equals(s))): null

2018-05-28 17:44:05 - [TEST_STEP][PASSED] - Statement - s1 = inputFieldsResults[j]: null

2018-05-28 17:44:05 - [TEST_STEP][PASSED] - Statement - If (!(s1.equals(s))): null

2018-05-28 17:44:05 - [TEST_STEP][PASSED] - Statement - s1 = inputFieldsResults[j]: null

2018-05-28 17:44:05 - [TEST_STEP][PASSED] - Statement - If (!(s1.equals(s))): null

2018-05-28 17:44:05 - [TEST_STEP][PASSED] - Statement - s1 = inputFieldsResults[j]: null

2018-05-28 17:44:05 - [TEST_STEP][PASSED] - Statement - If (!(s1.equals(s))): null

2018-05-28 17:44:05 - [TEST_STEP][PASSED] - Statement - s1 = inputFieldsResults[j]: null

2018-05-28 17:44:05 - [TEST_STEP][PASSED] - Statement - If (!(s1.equals(s))): null

2018-05-28 17:44:05 - [TEST_STEP][PASSED] - Statement - s1 = inputFieldsResults[j]: null

2018-05-28 17:44:05 - [TEST_STEP][PASSED] - Statement - If (!(s1.equals(s))): null

2018-05-28 17:44:05 - [TEST_STEP][PASSED] - Statement - s1 = inputFieldsResults[j]: null

2018-05-28 17:44:05 - [TEST_STEP][PASSED] - Statement - If (!(s1.equals(s))): null

2018-05-28 17:44:05 - [TEST_STEP][PASSED] - Statement - s1 = inputFieldsResults[j]: null

2018-05-28 17:44:05 - [TEST_STEP][PASSED] - Statement - If (!(s1.equals(s))): null

2018-05-28 17:44:05 - [TEST_STEP][PASSED] - Statement - If (!(isEditable)): null

2018-05-28 17:44:05 - [TEST_STEP][PASSED] - Statement - out.println("Store fields are not editable"): null

2018-05-28 17:44:05 - [TEST_STEP][PASSED] - Statement - attrDisabled = com.kms.katalon.core.webui.keyword.WebUiBuiltInKeywords.getAttribute(com.kms.katalon.core.testobject.ObjectRepository.findTestObject(StorePage/store_City), "disabled"): Attribute 'disabled' of object 'Object Repository/StorePage/store_City' is: 'true'

2018-05-28 17:44:05 - [MESSAGE][PASSED] - Attribute 'disabled' of object 'Object Repository/StorePage/store_City' is: 'true'

2018-05-28 17:44:05 - [TEST_STEP][PASSED] - Statement - If (attrDisabled): null

2018-05-28 17:44:05 - [TEST_STEP][PASSED] - Statement - out.println("Store City is disabled"): null

2018-05-28 17:44:05 - [TEST_STEP][PASSED] - Statement - attrDisabled = com.kms.katalon.core.webui.keyword.WebUiBuiltInKeywords.getAttribute(com.kms.katalon.core.testobject.ObjectRepository.findTestObject(StorePage/store_Region), "disabled"): Attribute 'disabled' of object 'Object Repository/StorePage/store_Region' is: 'true'

2018-05-28 17:44:05 - [MESSAGE][PASSED] - Attribute 'disabled' of object 'Object Repository/StorePage/store_Region' is: 'true'

2018-05-28 17:44:05 - [TEST_STEP][PASSED] - Statement - If (attrDisabled): null

2018-05-28 17:44:05 - [TEST_STEP][PASSED] - Statement - out.println("Store Region is disabled"): null

2018-05-28 17:44:05 - [TEST_STEP][PASSED] - Statement - attrDisabled = com.kms.katalon.core.webui.keyword.WebUiBuiltInKeywords.getAttribute(com.kms.katalon.core.testobject.ObjectRepository.findTestObject(StorePage/store_Country), "disabled"): Attribute 'disabled' of object 'Object Repository/StorePage/store_Country' is: 'true'

2018-05-28 17:44:05 - [MESSAGE][PASSED] - Attribute 'disabled' of object 'Object Repository/StorePage/store_Country' is: 'true'

2018-05-28 17:44:05 - [TEST_STEP][PASSED] - Statement - If (attrDisabled): null

2018-05-28 17:44:05 - [TEST_STEP][PASSED] - Statement - out.println("Store Country is disabled"): null

2018-05-28 17:44:05 - [TEST_STEP][PASSED] - Statement - attrDisabled = com.kms.katalon.core.webui.keyword.WebUiBuiltInKeywords.verifyElementClickable(com.kms.katalon.core.testobject.ObjectRepository.findTestObject(StorePage/store_timeZone)): Object 'Object Repository/StorePage/store_timeZone' is clickable

2018-05-28 17:44:05 - [MESSAGE][PASSED] - Object 'Object Repository/StorePage/store_timeZone' is clickable

2018-05-28 17:44:05 - [TEST_STEP][PASSED] - Statement - If (attrDisabled): null

2018-05-28 17:44:05 - [TEST_STEP][PASSED] - Statement - out.println("Store timeZone is enabled"): null

2018-05-28 17:44:05 - [TEST_STEP][PASSED] - uiaction.CommonUIActions.click: uiaction.CommonUIActions.click is PASSED

2018-05-28 17:44:06 - [MESSAGE][PASSED] - uiaction.CommonUIActions.click is PASSED

2018-05-28 17:44:06 - [TEST_STEP][PASSED] - uiaction.CommonUIActions.click: uiaction.CommonUIActions.click is PASSED

2018-05-28 17:44:06 - [MESSAGE][PASSED] - uiaction.CommonUIActions.click is PASSED

2018-05-28 17:44:06 - [TEST_STEP][PASSED] - Statement - searchUserText = CustomKeywords.projectSpecific.Reusability.getTestData("UsersPage", "userSearchText1"): projectSpecific.Reusability.getTestData is PASSED

2018-05-28 17:44:06 - [MESSAGE][PASSED] - projectSpecific.Reusability.getTestData is PASSED

2018-05-28 17:44:06 - [TEST_STEP][PASSED] - uiaction.CommonUIActions.enter: uiaction.CommonUIActions.enter is PASSED

2018-05-28 17:44:06 - [MESSAGE][PASSED] - uiaction.CommonUIActions.enter is PASSED

2018-05-28 17:44:06 - [TEST_STEP][PASSED] - uiaction.CommonUIActions.click: uiaction.CommonUIActions.click is PASSED

2018-05-28 17:44:07 - [MESSAGE][PASSED] - uiaction.CommonUIActions.click is PASSED

2018-05-28 17:44:07 - [TEST_STEP][PASSED] - uiaction.CommonUIActions.click: uiaction.CommonUIActions.click is PASSED

2018-05-28 17:44:09 - [MESSAGE][PASSED] - uiaction.CommonUIActions.click is PASSED

2018-05-28 17:44:09 - [TEST_STEP][PASSED] - delay: Delayed 10 second(s)

2018-05-28 17:44:19 - [MESSAGE][PASSED] - Delayed 10 second(s)

2018-05-28 17:44:19 - [TEST_STEP][PASSED] - uiaction.CommonUIActions.click: uiaction.CommonUIActions.click is PASSED

2018-05-28 17:44:21 - [MESSAGE][PASSED] - uiaction.CommonUIActions.click is PASSED

2018-05-28 17:44:21 - [TEST_STEP][PASSED] - delay: Delayed 10 second(s)

2018-05-28 17:44:31 - [MESSAGE][PASSED] - Delayed 10 second(s)

2018-05-28 17:44:31 - [TEST_STEP][PASSED] - Statement - userStoreList = driver.findElements(org.openqa.selenium.By.xpath(com.kms.katalon.core.testdata.TestDataFactory.findTestData(OR_file).getValue(2, 23))): Reading excel file with source file 'C:\Users\shalinin\Katalon Studio\HME_Scripts\Data Files\HME_OR.xlsx' and sheet name 'Sheet1'

2018-05-28 17:44:31 - [TEST_STEP][PASSED] - Statement - userstoreListSize = userStoreList.size(): null

2018-05-28 17:44:31 - [TEST_STEP][PASSED] - uiaction.CommonUIActions.click: uiaction.CommonUIActions.click is PASSED

2018-05-28 17:44:40 - [MESSAGE][PASSED] - uiaction.CommonUIActions.click is PASSED

2018-05-28 17:44:40 - [TEST_STEP][PASSED] - delay: Delayed 10 second(s)

2018-05-28 17:44:50 - [MESSAGE][PASSED] - Delayed 10 second(s)

2018-05-28 17:44:50 - [TEST_STEP][PASSED] - Statement - adminStoreList = driver.findElements(org.openqa.selenium.By.xpath(com.kms.katalon.core.testdata.TestDataFactory.findTestData(OR_file).getValue(2, 23))): Reading excel file with source file 'C:\Users\shalinin\Katalon Studio\HME_Scripts\Data Files\HME_OR.xlsx' and sheet name 'Sheet1'

2018-05-28 17:44:50 - [TEST_STEP][PASSED] - Statement - adminstoreListSize = adminStoreList.size(): null

2018-05-28 17:44:50 - [TEST_STEP][PASSED] - Statement - If (userstoreListSize != adminstoreListSize || adminstoreListSize == 0): null

2018-05-28 17:44:50 - [TEST_STEP][PASSED] - Statement - out.println(searchUserText + " User can see only stores related to him or No Stores are found"): null

2018-05-28 17:44:50 - [TEST_STEP][PASSED] - uiaction.CommonUIActions.click: uiaction.CommonUIActions.click is PASSED

2018-05-28 17:44:50 - [MESSAGE][PASSED] - uiaction.CommonUIActions.click is PASSED

2018-05-28 17:44:50 - [TEST_STEP][PASSED] - Statement - assert TCflag == true: null

2018-05-28 17:44:50 - [TEST_STEP][PASSED] - Start listener action : sampleAfterTestCase: Browser is closed

2018-05-28 17:44:50 - [TEST_STEP][PASSED] - Statement - println(testCaseContext.getTestCaseId()): null

2018-05-28 17:44:50 - [TEST_STEP][PASSED] - Statement - println(testCaseContext.getTestCaseStatus()): null

2018-05-28 17:44:50 - [TEST_STEP][PASSED] - closeBrowser: Browser is closed

2018-05-28 17:44:51 - [MESSAGE][PASSED] - Browser is closed]]></system-out>
         <system-err><![CDATA[]]></system-err>
      </testcase>
      <testcase name="Test Cases/GoalStatisticsTC/HME-Goal Statistics Report-07" classname="Test Cases/GoalStatisticsTC/HME-Goal Statistics Report-07" status="FAILED">
         <failure type="FAILED" message="com.kms.katalon.core.webui.exception.WebElementNotFoundException: Web element with id: 'Object Repository/SummarizedReportPage/Summary_avaragereport' located by 'By.xpath: //span[contains(text(),'AVERAGE TIME')]' not found"/>
         <system-out><![CDATA[2018-05-28 17:44:51 - [TEST_CASE][FAILED] - Test Cases/GoalStatisticsTC/HME-Goal Statistics Report-07: Test Cases/GoalStatisticsTC/HME-Goal Statistics Report-07 FAILED because (of) com.kms.katalon.core.webui.exception.WebElementNotFoundException: Web element with id: 'Object Repository/SummarizedReportPage/Summary_avaragereport' located by 'By.xpath: //span[contains(text(),'AVERAGE TIME')]' not found

2018-05-28 17:44:51 - [TEST_STEP][PASSED] - Start listener action : sampleBeforeTestCase: uiaction.CommonUIActions.deleteAllCookies is PASSED

2018-05-28 17:44:51 - [TEST_STEP][PASSED] - openBrowser: Browser is opened with url: ''

2018-05-28 17:44:53 - [MESSAGE][PASSED] - Browser is opened with url: ''

2018-05-28 17:44:53 - [TEST_STEP][PASSED] - maximizeWindow: Current window maximized

2018-05-28 17:44:55 - [MESSAGE][PASSED] - Current window maximized

2018-05-28 17:44:55 - [TEST_STEP][PASSED] - uiaction.CommonUIActions.deleteAllCookies: uiaction.CommonUIActions.deleteAllCookies is PASSED

2018-05-28 17:44:55 - [MESSAGE][PASSED] - Delete all cookies successfully

2018-05-28 17:44:55 - [MESSAGE][PASSED] - uiaction.CommonUIActions.deleteAllCookies is PASSED

2018-05-28 17:44:55 - [TEST_STEP][PASSED] - Statement - TCflag = true: null

2018-05-28 17:44:55 - [TEST_STEP][FAILED] - Statement - Try: uiaction.CommonUIActions.click is PASSED

2018-05-28 17:44:55 - [TEST_STEP][PASSED] - navigateToUrl: Navigate to 'https://hme-dev-public-cloud-app.azurewebsites.net/' successfully

2018-05-28 17:44:58 - [MESSAGE][PASSED] - Navigate to 'https://hme-dev-public-cloud-app.azurewebsites.net/' successfully

2018-05-28 17:44:58 - [TEST_STEP][PASSED] - projectSpecific.Reusability.login: projectSpecific.Reusability.login is PASSED

2018-05-28 17:44:58 - [MESSAGE][PASSED] - projectSpecific.Reusability.getTestData is PASSED

2018-05-28 17:44:58 - [MESSAGE][PASSED] - projectSpecific.Reusability.getTestData is PASSED

2018-05-28 17:44:59 - [MESSAGE][PASSED] - Text 'selvendrank@nousinfo.com' is set on object 'Object Repository/LoginPage/Username'

2018-05-28 17:44:59 - [MESSAGE][PASSED] - Text 'nous;123' is set on object 'Object Repository/LoginPage/Password'

2018-05-28 17:44:59 - [MESSAGE][PASSED] - Object: 'Object Repository/LoginPage/Login' is clicked on

2018-05-28 17:44:59 - [MESSAGE][PASSED] - projectSpecific.Reusability.login is PASSED

2018-05-28 17:44:59 - [TEST_STEP][PASSED] - delay: Delayed 10 second(s)

2018-05-28 17:45:09 - [MESSAGE][PASSED] - Delayed 10 second(s)

2018-05-28 17:45:09 - [TEST_STEP][PASSED] - uiaction.CommonUIActions.click: uiaction.CommonUIActions.click is PASSED

2018-05-28 17:45:32 - [MESSAGE][PASSED] - uiaction.CommonUIActions.click is PASSED

2018-05-28 17:45:32 - [TEST_STEP][PASSED] - uiaction.CommonUIActions.click: uiaction.CommonUIActions.click is PASSED

2018-05-28 17:45:34 - [MESSAGE][PASSED] - uiaction.CommonUIActions.click is PASSED

2018-05-28 17:45:34 - [TEST_STEP][PASSED] - uiaction.CommonUIActions.click: uiaction.CommonUIActions.click is PASSED

2018-05-28 17:45:34 - [MESSAGE][PASSED] - uiaction.CommonUIActions.click is PASSED

2018-05-28 17:45:34 - [TEST_STEP][PASSED] - uiaction.CommonUIActions.click: uiaction.CommonUIActions.click is PASSED

2018-05-28 17:45:39 - [MESSAGE][PASSED] - uiaction.CommonUIActions.click is PASSED

2018-05-28 17:45:39 - [TEST_STEP][PASSED] - delay: Delayed 10 second(s)

2018-05-28 17:45:49 - [MESSAGE][PASSED] - Delayed 10 second(s)

2018-05-28 17:45:49 - [TEST_STEP][PASSED] - Statement - storenumber = CustomKeywords.uiaction.CommonUIActions.getText(com.kms.katalon.core.testobject.ObjectRepository.findTestObject(StorePage/storeID)): uiaction.CommonUIActions.getText is PASSED

2018-05-28 17:45:50 - [MESSAGE][PASSED] - uiaction.CommonUIActions.getText is PASSED

2018-05-28 17:45:50 - [TEST_STEP][PASSED] - Statement - out.println(" the store number is--" + storenumber.trim()): null

2018-05-28 17:45:50 - [TEST_STEP][PASSED] - uiaction.CommonUIActions.click: uiaction.CommonUIActions.click is PASSED

2018-05-28 17:45:51 - [MESSAGE][PASSED] - uiaction.CommonUIActions.click is PASSED

2018-05-28 17:45:51 - [TEST_STEP][PASSED] - verifyElementPresent: Object 'Object Repository/SummarizedReportPage/SummaryReportheader' is present

2018-05-28 17:45:51 - [MESSAGE][PASSED] - Object 'Object Repository/SummarizedReportPage/SummaryReportheader' is present

2018-05-28 17:45:51 - [TEST_STEP][PASSED] - Statement - println("Summary Reports screen will be displayed"): null

2018-05-28 17:45:51 - [TEST_STEP][PASSED] - uiaction.CommonUIActions.click: uiaction.CommonUIActions.click is PASSED

2018-05-28 17:45:54 - [MESSAGE][PASSED] - uiaction.CommonUIActions.click is PASSED

2018-05-28 17:45:54 - [TEST_STEP][PASSED] - uiaction.CommonUIActions.click: uiaction.CommonUIActions.click is PASSED

2018-05-28 17:46:05 - [MESSAGE][PASSED] - uiaction.CommonUIActions.click is PASSED

2018-05-28 17:46:05 - [TEST_STEP][PASSED] - uiaction.CommonUIActions.click: uiaction.CommonUIActions.click is PASSED

2018-05-28 17:46:07 - [MESSAGE][PASSED] - uiaction.CommonUIActions.click is PASSED

2018-05-28 17:46:07 - [TEST_STEP][PASSED] - uiaction.CommonUIActions.click: uiaction.CommonUIActions.click is PASSED

2018-05-28 17:46:07 - [MESSAGE][PASSED] - uiaction.CommonUIActions.click is PASSED

2018-05-28 17:46:07 - [TEST_STEP][PASSED] - uiaction.CommonUIActions.enter: uiaction.CommonUIActions.enter is PASSED

2018-05-28 17:46:07 - [MESSAGE][PASSED] - projectSpecific.Reusability.getTestData is PASSED

2018-05-28 17:46:07 - [MESSAGE][PASSED] - uiaction.CommonUIActions.enter is PASSED

2018-05-28 17:46:07 - [TEST_STEP][PASSED] - uiaction.CommonUIActions.enter: uiaction.CommonUIActions.enter is PASSED

2018-05-28 17:46:07 - [MESSAGE][PASSED] - projectSpecific.Reusability.getTestData is PASSED

2018-05-28 17:46:07 - [MESSAGE][PASSED] - uiaction.CommonUIActions.enter is PASSED

2018-05-28 17:46:07 - [TEST_STEP][PASSED] - Statement - groupmain = CustomKeywords.projectSpecific.Reusability.getTestData("ReportingGroupManagementPage", "Summarygrp"): projectSpecific.Reusability.getTestData is PASSED

2018-05-28 17:46:07 - [MESSAGE][PASSED] - projectSpecific.Reusability.getTestData is PASSED

2018-05-28 17:46:07 - [TEST_STEP][PASSED] - delay: Delayed 10 second(s)

2018-05-28 17:46:17 - [MESSAGE][PASSED] - Delayed 10 second(s)

2018-05-28 17:46:17 - [TEST_STEP][PASSED] - Statement - driver = com.kms.katalon.core.webui.driver.DriverFactory.getWebDriver(): null

2018-05-28 17:46:17 - [TEST_STEP][PASSED] - Statement - grouplist = driver.findElements(org.openqa.selenium.By.xpath("//ul[@class='unlinked-grouplist']/li")): null

2018-05-28 17:46:17 - [TEST_STEP][PASSED] - delay: Delayed 10 second(s)

2018-05-28 17:46:27 - [MESSAGE][PASSED] - Delayed 10 second(s)

2018-05-28 17:46:27 - [TEST_STEP][PASSED] - Statement - For ([i = 0, i < grouplist.size(), (i++)]): null

2018-05-28 17:46:27 - [TEST_STEP][PASSED] - Statement - println(grouplist.get(i).getText()): null

2018-05-28 17:46:27 - [TEST_STEP][PASSED] - Statement - If (grouplist.get(i).getText().contains(storenumber.trim())): null

2018-05-28 17:46:27 - [TEST_STEP][PASSED] - Statement - println(grouplist.get(i).getText()): null

2018-05-28 17:46:27 - [TEST_STEP][PASSED] - Statement - If (grouplist.get(i).getText().contains(storenumber.trim())): null

2018-05-28 17:46:27 - [TEST_STEP][PASSED] - Statement - println(grouplist.get(i).getText()): null

2018-05-28 17:46:27 - [TEST_STEP][PASSED] - Statement - If (grouplist.get(i).getText().contains(storenumber.trim())): null

2018-05-28 17:46:27 - [TEST_STEP][PASSED] - Statement - println(grouplist.get(i).getText()): null

2018-05-28 17:46:27 - [TEST_STEP][PASSED] - Statement - If (grouplist.get(i).getText().contains(storenumber.trim())): null

2018-05-28 17:46:27 - [TEST_STEP][PASSED] - Statement - println(grouplist.get(i).getText()): null

2018-05-28 17:46:27 - [TEST_STEP][PASSED] - Statement - If (grouplist.get(i).getText().contains(storenumber.trim())): null

2018-05-28 17:46:27 - [TEST_STEP][PASSED] - Statement - println(grouplist.get(i).getText()): null

2018-05-28 17:46:27 - [TEST_STEP][PASSED] - Statement - If (grouplist.get(i).getText().contains(storenumber.trim())): null

2018-05-28 17:46:27 - [TEST_STEP][PASSED] - Statement - driver.findElement(org.openqa.selenium.By.xpath("(//ul[@class='unlinked-grouplist']/li/label)[" + i + 1 + "]")).click(): null

2018-05-28 17:46:27 - [TEST_STEP][PASSED] - Statement - driver.findElement(org.openqa.selenium.By.xpath("//button[contains(text(),'>')]")).click(): null

2018-05-28 17:46:27 - [TEST_STEP][PASSED] - Statement - Break: null

2018-05-28 17:46:27 - [TEST_STEP][PASSED] - delay: Delayed 10 second(s)

2018-05-28 17:46:37 - [MESSAGE][PASSED] - Delayed 10 second(s)

2018-05-28 17:46:37 - [TEST_STEP][PASSED] - uiaction.CommonUIActions.click: uiaction.CommonUIActions.click is PASSED

2018-05-28 17:46:38 - [MESSAGE][PASSED] - uiaction.CommonUIActions.click is PASSED

2018-05-28 17:46:38 - [TEST_STEP][PASSED] - uiaction.CommonUIActions.click: uiaction.CommonUIActions.click is PASSED

2018-05-28 17:46:38 - [MESSAGE][PASSED] - uiaction.CommonUIActions.click is PASSED

2018-05-28 17:46:38 - [TEST_STEP][PASSED] - delay: Delayed 10 second(s)

2018-05-28 17:46:48 - [MESSAGE][PASSED] - Delayed 10 second(s)

2018-05-28 17:46:48 - [TEST_STEP][PASSED] - uiaction.CommonUIActions.click: uiaction.CommonUIActions.click is PASSED

2018-05-28 17:46:48 - [MESSAGE][PASSED] - uiaction.CommonUIActions.click is PASSED

2018-05-28 17:46:48 - [TEST_STEP][PASSED] - delay: Delayed 10 second(s)

2018-05-28 17:46:58 - [MESSAGE][PASSED] - Delayed 10 second(s)

2018-05-28 17:46:58 - [TEST_STEP][PASSED] - Statement - driver.findElement(org.openqa.selenium.By.xpath("//span[contains(text(),'" + groupmain + "')]/../../../../span[1]")).click(): null

2018-05-28 17:46:58 - [TEST_STEP][PASSED] - delay: Delayed 10 second(s)

2018-05-28 17:47:08 - [MESSAGE][PASSED] - Delayed 10 second(s)

2018-05-28 17:47:08 - [TEST_STEP][PASSED] - Statement - driver.findElement(org.openqa.selenium.By.xpath("//span[contains(text(),'" + storenumber.trim() + "')]")).isDisplayed(): null

2018-05-28 17:47:08 - [TEST_STEP][PASSED] - delay: Delayed 4 second(s)

2018-05-28 17:47:12 - [MESSAGE][PASSED] - Delayed 4 second(s)

2018-05-28 17:47:12 - [TEST_STEP][PASSED] - uiaction.CommonUIActions.click: uiaction.CommonUIActions.click is PASSED

2018-05-28 17:47:12 - [MESSAGE][PASSED] - uiaction.CommonUIActions.click is PASSED

2018-05-28 17:47:12 - [TEST_STEP][PASSED] - Statement - storesCheckBoxList = driver.findElements(org.openqa.selenium.By.xpath(com.kms.katalon.core.testdata.TestDataFactory.findTestData(OR_file).getValue(2, 4))): Reading excel file with source file 'C:\Users\shalinin\Katalon Studio\HME_Scripts\Data Files\HME_OR.xlsx' and sheet name 'Sheet1'

2018-05-28 17:47:12 - [TEST_STEP][PASSED] - Statement - storesCheckBoxListChecked = driver.findElements(org.openqa.selenium.By.xpath(com.kms.katalon.core.testdata.TestDataFactory.findTestData(OR_file).getValue(2, 14))): Reading excel file with source file 'C:\Users\shalinin\Katalon Studio\HME_Scripts\Data Files\HME_OR.xlsx' and sheet name 'Sheet1'

2018-05-28 17:47:12 - [TEST_STEP][PASSED] - Statement - If (storesCheckBoxList.size() == storesCheckBoxListChecked.size()): null

2018-05-28 17:47:12 - [TEST_STEP][PASSED] - Statement - out.println("All Store checkboxes are checked after selecting SelectAll button"): null

2018-05-28 17:47:12 - [TEST_STEP][PASSED] - delay: Delayed 4 second(s)

2018-05-28 17:47:16 - [MESSAGE][PASSED] - Delayed 4 second(s)

2018-05-28 17:47:16 - [TEST_STEP][PASSED] - uiaction.CommonUIActions.click: uiaction.CommonUIActions.click is PASSED

2018-05-28 17:47:16 - [MESSAGE][PASSED] - uiaction.CommonUIActions.click is PASSED

2018-05-28 17:47:16 - [TEST_STEP][PASSED] - delay: Delayed 4 second(s)

2018-05-28 17:47:20 - [MESSAGE][PASSED] - Delayed 4 second(s)

2018-05-28 17:47:20 - [TEST_STEP][PASSED] - Statement - driver.findElement(org.openqa.selenium.By.xpath("//span[contains(text(),'" + groupmain + "')]/../../../../span[2]")).click(): null

2018-05-28 17:47:21 - [TEST_STEP][PASSED] - Statement - defaulttimemeasureoption = CustomKeywords.uiaction.CommonUIActions.getText(com.kms.katalon.core.testobject.ObjectRepository.findTestObject(ReportsPage/defaulttimemeasujreoptiondisplayed)): uiaction.CommonUIActions.getText is PASSED

2018-05-28 17:47:21 - [MESSAGE][PASSED] - uiaction.CommonUIActions.getText is PASSED

2018-05-28 17:47:21 - [TEST_STEP][PASSED] - Statement - If (defaulttimemeasureoption == "Day"): null

2018-05-28 17:47:21 - [TEST_STEP][PASSED] - Statement - out.println("Default time measure value displayed as 'Day' "): null

2018-05-28 17:47:21 - [TEST_STEP][PASSED] - delay: Delayed 5 second(s)

2018-05-28 17:47:26 - [MESSAGE][PASSED] - Delayed 5 second(s)

2018-05-28 17:47:26 - [TEST_STEP][PASSED] - click: Object: 'Object Repository/ReportsPage/fromDateSelector' is clicked on

2018-05-28 17:47:26 - [MESSAGE][PASSED] - Object: 'Object Repository/ReportsPage/fromDateSelector' is clicked on

2018-05-28 17:47:26 - [TEST_STEP][PASSED] - delay: Delayed 5 second(s)

2018-05-28 17:47:31 - [MESSAGE][PASSED] - Delayed 5 second(s)

2018-05-28 17:47:31 - [TEST_STEP][PASSED] - Statement - monthText = com.kms.katalon.core.webui.keyword.WebUiBuiltInKeywords.getText(com.kms.katalon.core.testobject.ObjectRepository.findTestObject(ReportsPage/monthText)): Text of object 'Object Repository/ReportsPage/monthText' is: 'May 2018'

2018-05-28 17:47:31 - [MESSAGE][PASSED] - Text of object 'Object Repository/ReportsPage/monthText' is: 'May 2018'

2018-05-28 17:47:31 - [TEST_STEP][PASSED] - Statement - monthTextArray = monthText.split(" "): null

2018-05-28 17:47:31 - [TEST_STEP][PASSED] - Statement - month = monthTextArray[0]: null

2018-05-28 17:47:31 - [TEST_STEP][PASSED] - Statement - monthTextValue = CustomKeywords.projectSpecific.Reusability.getTestData("ReportsPage", "Month"): projectSpecific.Reusability.getTestData is PASSED

2018-05-28 17:47:31 - [MESSAGE][PASSED] - projectSpecific.Reusability.getTestData is PASSED

2018-05-28 17:47:31 - [TEST_STEP][PASSED] - Statement - If (!(monthTextValue.equals(month))): null

2018-05-28 17:47:31 - [TEST_STEP][PASSED] - Statement - While (!(monthTextValue.equals(month))): null

2018-05-28 17:47:31 - [TEST_STEP][PASSED] - click: Object: 'Object Repository/ReportsPage/previousDateSelector' is clicked on

2018-05-28 17:47:31 - [MESSAGE][PASSED] - Object: 'Object Repository/ReportsPage/previousDateSelector' is clicked on

2018-05-28 17:47:31 - [TEST_STEP][PASSED] - Statement - monthText = com.kms.katalon.core.webui.keyword.WebUiBuiltInKeywords.getText(com.kms.katalon.core.testobject.ObjectRepository.findTestObject(ReportsPage/monthText)): Text of object 'Object Repository/ReportsPage/monthText' is: 'April 2018'

2018-05-28 17:47:31 - [MESSAGE][PASSED] - Text of object 'Object Repository/ReportsPage/monthText' is: 'April 2018'

2018-05-28 17:47:31 - [TEST_STEP][PASSED] - Statement - monthTextArray = monthText.split(" "): null

2018-05-28 17:47:31 - [TEST_STEP][PASSED] - Statement - month = monthTextArray[0]: null

2018-05-28 17:47:31 - [TEST_STEP][PASSED] - click: Object: 'Object Repository/ReportsPage/previousDateSelector' is clicked on

2018-05-28 17:47:31 - [MESSAGE][PASSED] - Object: 'Object Repository/ReportsPage/previousDateSelector' is clicked on

2018-05-28 17:47:31 - [TEST_STEP][PASSED] - Statement - monthText = com.kms.katalon.core.webui.keyword.WebUiBuiltInKeywords.getText(com.kms.katalon.core.testobject.ObjectRepository.findTestObject(ReportsPage/monthText)): Text of object 'Object Repository/ReportsPage/monthText' is: 'March 2018'

2018-05-28 17:47:31 - [MESSAGE][PASSED] - Text of object 'Object Repository/ReportsPage/monthText' is: 'March 2018'

2018-05-28 17:47:31 - [TEST_STEP][PASSED] - Statement - monthTextArray = monthText.split(" "): null

2018-05-28 17:47:31 - [TEST_STEP][PASSED] - Statement - month = monthTextArray[0]: null

2018-05-28 17:47:31 - [TEST_STEP][PASSED] - Statement - data = CustomKeywords.projectSpecific.Reusability.getTestData("ReportsPage", "StartDate_TC7"): projectSpecific.Reusability.getTestData is PASSED

2018-05-28 17:47:31 - [MESSAGE][PASSED] - projectSpecific.Reusability.getTestData is PASSED

2018-05-28 17:47:31 - [TEST_STEP][PASSED] - Statement - startDate = "(//td[text()='" + data + "'])[1]": null

2018-05-28 17:47:31 - [TEST_STEP][PASSED] - Statement - println(startDate): null

2018-05-28 17:47:31 - [TEST_STEP][PASSED] - Statement - startdateEle = driver.findElement(org.openqa.selenium.By.xpath(startDate)): null

2018-05-28 17:47:31 - [TEST_STEP][PASSED] - Statement - startdateEle.click(): null

2018-05-28 17:47:31 - [TEST_STEP][PASSED] - delay: Delayed 5 second(s)

2018-05-28 17:47:36 - [MESSAGE][PASSED] - Delayed 5 second(s)

2018-05-28 17:47:36 - [TEST_STEP][PASSED] - click: Object: 'Object Repository/ReportsPage/toDateSelector' is clicked on

2018-05-28 17:47:36 - [MESSAGE][PASSED] - Object: 'Object Repository/ReportsPage/toDateSelector' is clicked on

2018-05-28 17:47:36 - [TEST_STEP][PASSED] - Statement - monthText = com.kms.katalon.core.webui.keyword.WebUiBuiltInKeywords.getText(com.kms.katalon.core.testobject.ObjectRepository.findTestObject(ReportsPage/monthText2)): Text of object 'Object Repository/ReportsPage/monthText2' is: 'May 2018'

2018-05-28 17:47:36 - [MESSAGE][PASSED] - Text of object 'Object Repository/ReportsPage/monthText2' is: 'May 2018'

2018-05-28 17:47:36 - [TEST_STEP][PASSED] - Statement - monthTextArray = monthText.split(" "): null

2018-05-28 17:47:36 - [TEST_STEP][PASSED] - Statement - month = monthTextArray[0]: null

2018-05-28 17:47:36 - [TEST_STEP][PASSED] - Statement - If (!(monthTextValue.equals(month))): null

2018-05-28 17:47:36 - [TEST_STEP][PASSED] - Statement - While (!(monthTextValue.equals(month))): null

2018-05-28 17:47:36 - [TEST_STEP][PASSED] - click: Object: 'Object Repository/ReportsPage/previousDateSelector2' is clicked on

2018-05-28 17:47:36 - [MESSAGE][PASSED] - Object: 'Object Repository/ReportsPage/previousDateSelector2' is clicked on

2018-05-28 17:47:36 - [TEST_STEP][PASSED] - Statement - monthText = com.kms.katalon.core.webui.keyword.WebUiBuiltInKeywords.getText(com.kms.katalon.core.testobject.ObjectRepository.findTestObject(ReportsPage/monthText2)): Text of object 'Object Repository/ReportsPage/monthText2' is: 'April 2018'

2018-05-28 17:47:36 - [MESSAGE][PASSED] - Text of object 'Object Repository/ReportsPage/monthText2' is: 'April 2018'

2018-05-28 17:47:36 - [TEST_STEP][PASSED] - Statement - monthTextArray = monthText.split(" "): null

2018-05-28 17:47:36 - [TEST_STEP][PASSED] - Statement - month = monthTextArray[0]: null

2018-05-28 17:47:36 - [TEST_STEP][PASSED] - click: Object: 'Object Repository/ReportsPage/previousDateSelector2' is clicked on

2018-05-28 17:47:36 - [MESSAGE][PASSED] - Object: 'Object Repository/ReportsPage/previousDateSelector2' is clicked on

2018-05-28 17:47:36 - [TEST_STEP][PASSED] - Statement - monthText = com.kms.katalon.core.webui.keyword.WebUiBuiltInKeywords.getText(com.kms.katalon.core.testobject.ObjectRepository.findTestObject(ReportsPage/monthText2)): Text of object 'Object Repository/ReportsPage/monthText2' is: 'March 2018'

2018-05-28 17:47:36 - [MESSAGE][PASSED] - Text of object 'Object Repository/ReportsPage/monthText2' is: 'March 2018'

2018-05-28 17:47:36 - [TEST_STEP][PASSED] - Statement - monthTextArray = monthText.split(" "): null

2018-05-28 17:47:36 - [TEST_STEP][PASSED] - Statement - month = monthTextArray[0]: null

2018-05-28 17:47:36 - [TEST_STEP][PASSED] - Statement - endDate = CustomKeywords.projectSpecific.Reusability.getTestData("ReportsPage", "EndDate3"): projectSpecific.Reusability.getTestData is PASSED

2018-05-28 17:47:36 - [MESSAGE][PASSED] - projectSpecific.Reusability.getTestData is PASSED

2018-05-28 17:47:36 - [TEST_STEP][PASSED] - Statement - toDate = "(//td[text()='" + endDate + "'])[2]": null

2018-05-28 17:47:36 - [TEST_STEP][PASSED] - Statement - toDateEle = driver.findElement(org.openqa.selenium.By.xpath(toDate)): null

2018-05-28 17:47:36 - [TEST_STEP][PASSED] - Statement - toDateEle.click(): null

2018-05-28 17:47:37 - [TEST_STEP][PASSED] - delay: Delayed 5 second(s)

2018-05-28 17:47:42 - [MESSAGE][PASSED] - Delayed 5 second(s)

2018-05-28 17:47:42 - [TEST_STEP][PASSED] - Statement - dateAttr = com.kms.katalon.core.webui.keyword.WebUiBuiltInKeywords.getAttribute(com.kms.katalon.core.testobject.ObjectRepository.findTestObject(ReportsPage/selectedDate1), "value"): Attribute 'value' of object 'Object Repository/ReportsPage/selectedDate1' is: '03/10/2018'

2018-05-28 17:47:42 - [MESSAGE][PASSED] - Attribute 'value' of object 'Object Repository/ReportsPage/selectedDate1' is: '03/10/2018'

2018-05-28 17:47:42 - [TEST_STEP][PASSED] - Statement - fromDateValue = CustomKeywords.projectSpecific.Reusability.getTestData("ReportsPage", "toDate_March"): projectSpecific.Reusability.getTestData is PASSED

2018-05-28 17:47:42 - [MESSAGE][PASSED] - projectSpecific.Reusability.getTestData is PASSED

2018-05-28 17:47:42 - [TEST_STEP][PASSED] - Statement - If (!(dateAttr.equals(fromDateValue))): null

2018-05-28 17:47:42 - [TEST_STEP][PASSED] - Statement - dateAttr = com.kms.katalon.core.webui.keyword.WebUiBuiltInKeywords.getAttribute(com.kms.katalon.core.testobject.ObjectRepository.findTestObject(ReportsPage/selectedDate2), "value"): Attribute 'value' of object 'Object Repository/ReportsPage/selectedDate2' is: '03/11/2018'

2018-05-28 17:47:42 - [MESSAGE][PASSED] - Attribute 'value' of object 'Object Repository/ReportsPage/selectedDate2' is: '03/11/2018'

2018-05-28 17:47:42 - [TEST_STEP][PASSED] - Statement - toDateValue = CustomKeywords.projectSpecific.Reusability.getTestData("ReportsPage", "TOdate_TC7"): projectSpecific.Reusability.getTestData is PASSED

2018-05-28 17:47:42 - [MESSAGE][PASSED] - projectSpecific.Reusability.getTestData is PASSED

2018-05-28 17:47:42 - [TEST_STEP][PASSED] - Statement - If (!(dateAttr.equals(toDateValue))): null

2018-05-28 17:47:42 - [TEST_STEP][PASSED] - uiaction.CommonUIActions.click: uiaction.CommonUIActions.click is PASSED

2018-05-28 17:47:42 - [MESSAGE][PASSED] - uiaction.CommonUIActions.click is PASSED

2018-05-28 17:47:42 - [TEST_STEP][PASSED] - click: Object: 'Object Repository/ReportsPage/report_submit' is clicked on

2018-05-28 17:47:42 - [MESSAGE][PASSED] - Object: 'Object Repository/ReportsPage/report_submit' is clicked on

2018-05-28 17:47:42 - [TEST_STEP][PASSED] - delay: Delayed 10 second(s)

2018-05-28 17:47:52 - [MESSAGE][PASSED] - Delayed 10 second(s)

2018-05-28 17:47:52 - [TEST_STEP][FAILED] - verifyElementPresent: com.kms.katalon.core.webui.exception.WebElementNotFoundException: Web element with id: 'Object Repository/SummarizedReportPage/Summary_avaragereport' located by 'By.xpath: //span[contains(text(),'AVERAGE TIME')]' not found

2018-05-28 17:48:03 - [MESSAGE][FAILED] - com.kms.katalon.core.webui.exception.WebElementNotFoundException: Web element with id: 'Object Repository/SummarizedReportPage/Summary_avaragereport' located by 'By.xpath: //span[contains(text(),'AVERAGE TIME')]' not found
[[ATTACHMENT|C:\\Users\\shalinin\\Katalon Studio\\HME_Scripts\\Reports\\RegressionSuite\\20180528_174301\\1527509882840.png]]

2018-05-28 17:48:03 - [TEST_STEP][FAILED] - verifyElementPresent: com.kms.katalon.core.webui.exception.WebElementNotFoundException: Web element with id: 'Object Repository/SummarizedReportPage/summary_avaragetimemin_sec' located by 'By.xpath: (//span[contains(text(),'(min:sec)')])[1]' not found

2018-05-28 17:48:13 - [MESSAGE][FAILED] - com.kms.katalon.core.webui.exception.WebElementNotFoundException: Web element with id: 'Object Repository/SummarizedReportPage/summary_avaragetimemin_sec' located by 'By.xpath: (//span[contains(text(),'(min:sec)')])[1]' not found
[[ATTACHMENT|C:\\Users\\shalinin\\Katalon Studio\\HME_Scripts\\Reports\\RegressionSuite\\20180528_174301\\1527509893557.png]]

2018-05-28 17:48:13 - [TEST_STEP][PASSED] - Statement - averagetime_headersfromapp = driver.findElements(org.openqa.selenium.By.xpath("//table[@class='summaryreport-table']//th[@class='reportTableAttributesHeading']")): null

2018-05-28 17:48:13 - [TEST_STEP][PASSED] - Statement - averagetime_headersfrom_excel = CustomKeywords.projectSpecific.Reusability.getTestData("ReportsPage", "averagetime_headers_08"): projectSpecific.Reusability.getTestData is PASSED

2018-05-28 17:48:13 - [MESSAGE][PASSED] - projectSpecific.Reusability.getTestData is PASSED

2018-05-28 17:48:13 - [TEST_STEP][PASSED] - Statement - averagetime_excelsplit = averagetime_headersfrom_excel.split(","): null

2018-05-28 17:48:13 - [TEST_STEP][PASSED] - Statement - For ([i = 0, i < averagetime_headersfromapp.size(), (i++)]): null

2018-05-28 17:48:13 - [TEST_STEP][PASSED] - delay: Delayed 5 second(s)

2018-05-28 17:48:18 - [MESSAGE][PASSED] - Delayed 5 second(s)

2018-05-28 17:48:18 - [TEST_STEP][PASSED] - uiaction.CommonUIActions.click: uiaction.CommonUIActions.click is PASSED

2018-05-28 17:48:22 - [MESSAGE][PASSED] - uiaction.CommonUIActions.click is PASSED

2018-05-28 17:48:22 - [TEST_STEP][PASSED] - delay: Delayed 5 second(s)

2018-05-28 17:48:27 - [MESSAGE][PASSED] - Delayed 5 second(s)

2018-05-28 17:48:27 - [TEST_STEP][PASSED] - uiaction.CommonUIActions.click: uiaction.CommonUIActions.click is PASSED

2018-05-28 17:48:38 - [MESSAGE][PASSED] - uiaction.CommonUIActions.click is PASSED

2018-05-28 17:48:38 - [TEST_STEP][PASSED] - delay: Delayed 5 second(s)

2018-05-28 17:48:43 - [MESSAGE][PASSED] - Delayed 5 second(s)

2018-05-28 17:48:43 - [TEST_STEP][PASSED] - uiaction.CommonUIActions.click: uiaction.CommonUIActions.click is PASSED

2018-05-28 17:48:44 - [MESSAGE][PASSED] - uiaction.CommonUIActions.click is PASSED

2018-05-28 17:48:44 - [TEST_STEP][PASSED] - delay: Delayed 10 second(s)

2018-05-28 17:48:54 - [MESSAGE][PASSED] - Delayed 10 second(s)

2018-05-28 17:48:54 - [TEST_STEP][PASSED] - uiaction.CommonUIActions.click: uiaction.CommonUIActions.click is PASSED

2018-05-28 17:48:54 - [MESSAGE][PASSED] - uiaction.CommonUIActions.click is PASSED

2018-05-28 17:48:54 - [TEST_STEP][PASSED] - uiaction.CommonUIActions.click: uiaction.CommonUIActions.click is PASSED

2018-05-28 17:48:54 - [MESSAGE][PASSED] - uiaction.CommonUIActions.click is PASSED

2018-05-28 17:48:54 - [TEST_STEP][PASSED] - uiaction.CommonUIActions.click: uiaction.CommonUIActions.click is PASSED

2018-05-28 17:48:54 - [MESSAGE][PASSED] - uiaction.CommonUIActions.click is PASSED

2018-05-28 17:48:54 - [TEST_STEP][PASSED] - uiaction.CommonUIActions.click: uiaction.CommonUIActions.click is PASSED

2018-05-28 17:48:57 - [MESSAGE][PASSED] - uiaction.CommonUIActions.click is PASSED

2018-05-28 17:48:57 - [TEST_STEP][PASSED] - Statement - assert TCflag == true: null

2018-05-28 17:48:57 - [TEST_STEP][PASSED] - Start listener action : sampleAfterTestCase: Browser is closed

2018-05-28 17:48:57 - [TEST_STEP][PASSED] - Statement - println(testCaseContext.getTestCaseId()): null

2018-05-28 17:48:57 - [TEST_STEP][PASSED] - Statement - println(testCaseContext.getTestCaseStatus()): null

2018-05-28 17:48:57 - [TEST_STEP][PASSED] - closeBrowser: Browser is closed

2018-05-28 17:48:58 - [MESSAGE][PASSED] - Browser is closed]]></system-out>
         <system-err><![CDATA[2018-05-28 17:44:51 - [TEST_CASE][FAILED] - Test Cases/GoalStatisticsTC/HME-Goal Statistics Report-07: Test Cases/GoalStatisticsTC/HME-Goal Statistics Report-07 FAILED because (of) com.kms.katalon.core.webui.exception.WebElementNotFoundException: Web element with id: 'Object Repository/SummarizedReportPage/Summary_avaragereport' located by 'By.xpath: //span[contains(text(),'AVERAGE TIME')]' not found]]></system-err>
      </testcase>
      <testcase name="Test Cases/GoalStatisticsTC/HME-Goal Statistics Report-08" classname="Test Cases/GoalStatisticsTC/HME-Goal Statistics Report-08" status="PASSED">
         <system-out><![CDATA[2018-05-28 17:48:58 - [TEST_CASE][PASSED] - Test Cases/GoalStatisticsTC/HME-Goal Statistics Report-08: Browser is closed

2018-05-28 17:48:58 - [TEST_STEP][PASSED] - Start listener action : sampleBeforeTestCase: uiaction.CommonUIActions.deleteAllCookies is PASSED

2018-05-28 17:48:58 - [TEST_STEP][PASSED] - openBrowser: Browser is opened with url: ''

2018-05-28 17:49:00 - [MESSAGE][PASSED] - Browser is opened with url: ''

2018-05-28 17:49:00 - [TEST_STEP][PASSED] - maximizeWindow: Current window maximized

2018-05-28 17:49:01 - [MESSAGE][PASSED] - Current window maximized

2018-05-28 17:49:01 - [TEST_STEP][PASSED] - uiaction.CommonUIActions.deleteAllCookies: uiaction.CommonUIActions.deleteAllCookies is PASSED

2018-05-28 17:49:01 - [MESSAGE][PASSED] - Delete all cookies successfully

2018-05-28 17:49:01 - [MESSAGE][PASSED] - uiaction.CommonUIActions.deleteAllCookies is PASSED

2018-05-28 17:49:02 - [TEST_STEP][PASSED] - Statement - TCflag = true: null

2018-05-28 17:49:02 - [TEST_STEP][PASSED] - Statement - Try: uiaction.CommonUIActions.click is PASSED

2018-05-28 17:49:02 - [TEST_STEP][PASSED] - navigateToUrl: Navigate to 'https://hme-dev-public-cloud-app.azurewebsites.net/' successfully

2018-05-28 17:49:04 - [MESSAGE][PASSED] - Navigate to 'https://hme-dev-public-cloud-app.azurewebsites.net/' successfully

2018-05-28 17:49:04 - [TEST_STEP][PASSED] - projectSpecific.Reusability.login: projectSpecific.Reusability.login is PASSED

2018-05-28 17:49:04 - [MESSAGE][PASSED] - projectSpecific.Reusability.getTestData is PASSED

2018-05-28 17:49:04 - [MESSAGE][PASSED] - projectSpecific.Reusability.getTestData is PASSED

2018-05-28 17:49:05 - [MESSAGE][PASSED] - Text 'selvendrank@nousinfo.com' is set on object 'Object Repository/LoginPage/Username'

2018-05-28 17:49:05 - [MESSAGE][PASSED] - Text 'nous;123' is set on object 'Object Repository/LoginPage/Password'

2018-05-28 17:49:05 - [MESSAGE][PASSED] - Object: 'Object Repository/LoginPage/Login' is clicked on

2018-05-28 17:49:05 - [MESSAGE][PASSED] - projectSpecific.Reusability.login is PASSED

2018-05-28 17:49:05 - [TEST_STEP][PASSED] - delay: Delayed 10 second(s)

2018-05-28 17:49:15 - [MESSAGE][PASSED] - Delayed 10 second(s)

2018-05-28 17:49:15 - [TEST_STEP][PASSED] - uiaction.CommonUIActions.click: uiaction.CommonUIActions.click is PASSED

2018-05-28 17:49:36 - [MESSAGE][PASSED] - uiaction.CommonUIActions.click is PASSED

2018-05-28 17:49:36 - [TEST_STEP][PASSED] - uiaction.CommonUIActions.click: uiaction.CommonUIActions.click is PASSED

2018-05-28 17:49:38 - [MESSAGE][PASSED] - uiaction.CommonUIActions.click is PASSED

2018-05-28 17:49:38 - [TEST_STEP][PASSED] - Statement - storelabel = com.kms.katalon.core.webui.keyword.WebUiBuiltInKeywords.getAttribute(com.kms.katalon.core.testobject.ObjectRepository.findTestObject(StorePage/storeName), "value"): Attribute 'value' of object 'Object Repository/StorePage/storeName' is: 'McDonald3'

2018-05-28 17:49:38 - [MESSAGE][PASSED] - Attribute 'value' of object 'Object Repository/StorePage/storeName' is: 'McDonald3'

2018-05-28 17:49:38 - [TEST_STEP][PASSED] - Statement - storelabel = storelabel.trim(): null

2018-05-28 17:49:38 - [TEST_STEP][PASSED] - Statement - out.println(" the storename is--" + storelabel.trim()): null

2018-05-28 17:49:38 - [TEST_STEP][PASSED] - delay: Delayed 5 second(s)

2018-05-28 17:49:43 - [MESSAGE][PASSED] - Delayed 5 second(s)

2018-05-28 17:49:43 - [TEST_STEP][PASSED] - uiaction.CommonUIActions.click: uiaction.CommonUIActions.click is PASSED

2018-05-28 17:49:43 - [MESSAGE][PASSED] - uiaction.CommonUIActions.click is PASSED

2018-05-28 17:49:43 - [TEST_STEP][PASSED] - uiaction.CommonUIActions.click: uiaction.CommonUIActions.click is PASSED

2018-05-28 17:49:49 - [MESSAGE][PASSED] - uiaction.CommonUIActions.click is PASSED

2018-05-28 17:49:49 - [TEST_STEP][PASSED] - Statement - storenumber = CustomKeywords.uiaction.CommonUIActions.getText(com.kms.katalon.core.testobject.ObjectRepository.findTestObject(StorePage/storeID)): uiaction.CommonUIActions.getText is PASSED

2018-05-28 17:49:49 - [MESSAGE][PASSED] - uiaction.CommonUIActions.getText is PASSED

2018-05-28 17:49:49 - [TEST_STEP][PASSED] - Statement - out.println(" the store number is--" + storenumber.trim()): null

2018-05-28 17:49:49 - [TEST_STEP][PASSED] - uiaction.CommonUIActions.click: uiaction.CommonUIActions.click is PASSED

2018-05-28 17:49:50 - [MESSAGE][PASSED] - uiaction.CommonUIActions.click is PASSED

2018-05-28 17:49:50 - [TEST_STEP][PASSED] - verifyElementPresent: Object 'Object Repository/SummarizedReportPage/SummaryReportheader' is present

2018-05-28 17:49:50 - [MESSAGE][PASSED] - Object 'Object Repository/SummarizedReportPage/SummaryReportheader' is present

2018-05-28 17:49:50 - [TEST_STEP][PASSED] - Statement - println("Summary Reports screen will be displayed"): null

2018-05-28 17:49:50 - [TEST_STEP][PASSED] - uiaction.CommonUIActions.click: uiaction.CommonUIActions.click is PASSED

2018-05-28 17:49:53 - [MESSAGE][PASSED] - uiaction.CommonUIActions.click is PASSED

2018-05-28 17:49:53 - [TEST_STEP][PASSED] - uiaction.CommonUIActions.click: uiaction.CommonUIActions.click is PASSED

2018-05-28 17:50:04 - [MESSAGE][PASSED] - uiaction.CommonUIActions.click is PASSED

2018-05-28 17:50:04 - [TEST_STEP][PASSED] - uiaction.CommonUIActions.click: uiaction.CommonUIActions.click is PASSED

2018-05-28 17:50:05 - [MESSAGE][PASSED] - uiaction.CommonUIActions.click is PASSED

2018-05-28 17:50:05 - [TEST_STEP][PASSED] - uiaction.CommonUIActions.click: uiaction.CommonUIActions.click is PASSED

2018-05-28 17:50:06 - [MESSAGE][PASSED] - uiaction.CommonUIActions.click is PASSED

2018-05-28 17:50:06 - [TEST_STEP][PASSED] - uiaction.CommonUIActions.enter: uiaction.CommonUIActions.enter is PASSED

2018-05-28 17:50:06 - [MESSAGE][PASSED] - projectSpecific.Reusability.getTestData is PASSED

2018-05-28 17:50:06 - [MESSAGE][PASSED] - uiaction.CommonUIActions.enter is PASSED

2018-05-28 17:50:06 - [TEST_STEP][PASSED] - uiaction.CommonUIActions.enter: uiaction.CommonUIActions.enter is PASSED

2018-05-28 17:50:06 - [MESSAGE][PASSED] - projectSpecific.Reusability.getTestData is PASSED

2018-05-28 17:50:06 - [MESSAGE][PASSED] - uiaction.CommonUIActions.enter is PASSED

2018-05-28 17:50:06 - [TEST_STEP][PASSED] - Statement - groupmain = CustomKeywords.projectSpecific.Reusability.getTestData("ReportingGroupManagementPage", "Summarygrp"): projectSpecific.Reusability.getTestData is PASSED

2018-05-28 17:50:06 - [MESSAGE][PASSED] - projectSpecific.Reusability.getTestData is PASSED

2018-05-28 17:50:06 - [TEST_STEP][PASSED] - delay: Delayed 10 second(s)

2018-05-28 17:50:16 - [MESSAGE][PASSED] - Delayed 10 second(s)

2018-05-28 17:50:16 - [TEST_STEP][PASSED] - Statement - driver = com.kms.katalon.core.webui.driver.DriverFactory.getWebDriver(): null

2018-05-28 17:50:16 - [TEST_STEP][PASSED] - Statement - grouplist = driver.findElements(org.openqa.selenium.By.xpath("//ul[@class='unlinked-grouplist']/li")): null

2018-05-28 17:50:16 - [TEST_STEP][PASSED] - delay: Delayed 10 second(s)

2018-05-28 17:50:26 - [MESSAGE][PASSED] - Delayed 10 second(s)

2018-05-28 17:50:26 - [TEST_STEP][PASSED] - Statement - For ([i = 0, i < grouplist.size(), (i++)]): null

2018-05-28 17:50:26 - [TEST_STEP][PASSED] - Statement - println(grouplist.get(i).getText()): null

2018-05-28 17:50:26 - [TEST_STEP][PASSED] - Statement - If (grouplist.get(i).getText().contains(storelabel.trim())): null

2018-05-28 17:50:26 - [TEST_STEP][PASSED] - Statement - println(grouplist.get(i).getText()): null

2018-05-28 17:50:26 - [TEST_STEP][PASSED] - Statement - If (grouplist.get(i).getText().contains(storelabel.trim())): null

2018-05-28 17:50:26 - [TEST_STEP][PASSED] - Statement - println(grouplist.get(i).getText()): null

2018-05-28 17:50:26 - [TEST_STEP][PASSED] - Statement - If (grouplist.get(i).getText().contains(storelabel.trim())): null

2018-05-28 17:50:26 - [TEST_STEP][PASSED] - Statement - println(grouplist.get(i).getText()): null

2018-05-28 17:50:26 - [TEST_STEP][PASSED] - Statement - If (grouplist.get(i).getText().contains(storelabel.trim())): null

2018-05-28 17:50:26 - [TEST_STEP][PASSED] - Statement - println(grouplist.get(i).getText()): null

2018-05-28 17:50:26 - [TEST_STEP][PASSED] - Statement - If (grouplist.get(i).getText().contains(storelabel.trim())): null

2018-05-28 17:50:26 - [TEST_STEP][PASSED] - Statement - driver.findElement(org.openqa.selenium.By.xpath("(//ul[@class='unlinked-grouplist']/li/label)[" + i + 1 + "]")).click(): null

2018-05-28 17:50:26 - [TEST_STEP][PASSED] - Statement - driver.findElement(org.openqa.selenium.By.xpath("//button[contains(text(),'>')]")).click(): null

2018-05-28 17:50:26 - [TEST_STEP][PASSED] - Statement - Break: null

2018-05-28 17:50:26 - [TEST_STEP][PASSED] - delay: Delayed 10 second(s)

2018-05-28 17:50:36 - [MESSAGE][PASSED] - Delayed 10 second(s)

2018-05-28 17:50:36 - [TEST_STEP][PASSED] - uiaction.CommonUIActions.click: uiaction.CommonUIActions.click is PASSED

2018-05-28 17:50:36 - [MESSAGE][PASSED] - uiaction.CommonUIActions.click is PASSED

2018-05-28 17:50:36 - [TEST_STEP][PASSED] - uiaction.CommonUIActions.click: uiaction.CommonUIActions.click is PASSED

2018-05-28 17:50:36 - [MESSAGE][PASSED] - uiaction.CommonUIActions.click is PASSED

2018-05-28 17:50:36 - [TEST_STEP][PASSED] - delay: Delayed 10 second(s)

2018-05-28 17:50:46 - [MESSAGE][PASSED] - Delayed 10 second(s)

2018-05-28 17:50:46 - [TEST_STEP][PASSED] - uiaction.CommonUIActions.click: uiaction.CommonUIActions.click is PASSED

2018-05-28 17:50:47 - [MESSAGE][PASSED] - uiaction.CommonUIActions.click is PASSED

2018-05-28 17:50:47 - [TEST_STEP][PASSED] - delay: Delayed 10 second(s)

2018-05-28 17:50:57 - [MESSAGE][PASSED] - Delayed 10 second(s)

2018-05-28 17:50:57 - [TEST_STEP][PASSED] - Statement - driver.findElement(org.openqa.selenium.By.xpath("//span[contains(text(),'" + groupmain + "')]/../../../../span[1]")).click(): null

2018-05-28 17:50:57 - [TEST_STEP][PASSED] - delay: Delayed 4 second(s)

2018-05-28 17:51:01 - [MESSAGE][PASSED] - Delayed 4 second(s)

2018-05-28 17:51:01 - [TEST_STEP][PASSED] - uiaction.CommonUIActions.click: uiaction.CommonUIActions.click is PASSED

2018-05-28 17:51:01 - [MESSAGE][PASSED] - uiaction.CommonUIActions.click is PASSED

2018-05-28 17:51:01 - [TEST_STEP][PASSED] - Statement - storesCheckBoxList = driver.findElements(org.openqa.selenium.By.xpath(com.kms.katalon.core.testdata.TestDataFactory.findTestData(OR_file).getValue(2, 4))): Reading excel file with source file 'C:\Users\shalinin\Katalon Studio\HME_Scripts\Data Files\HME_OR.xlsx' and sheet name 'Sheet1'

2018-05-28 17:51:01 - [TEST_STEP][PASSED] - Statement - storesCheckBoxListChecked = driver.findElements(org.openqa.selenium.By.xpath(com.kms.katalon.core.testdata.TestDataFactory.findTestData(OR_file).getValue(2, 14))): Reading excel file with source file 'C:\Users\shalinin\Katalon Studio\HME_Scripts\Data Files\HME_OR.xlsx' and sheet name 'Sheet1'

2018-05-28 17:51:01 - [TEST_STEP][PASSED] - Statement - If (storesCheckBoxList.size() == storesCheckBoxListChecked.size()): null

2018-05-28 17:51:01 - [TEST_STEP][PASSED] - Statement - out.println("All Store checkboxes are checked after selecting SelectAll button"): null

2018-05-28 17:51:01 - [TEST_STEP][PASSED] - delay: Delayed 4 second(s)

2018-05-28 17:51:05 - [MESSAGE][PASSED] - Delayed 4 second(s)

2018-05-28 17:51:05 - [TEST_STEP][PASSED] - uiaction.CommonUIActions.click: uiaction.CommonUIActions.click is PASSED

2018-05-28 17:51:05 - [MESSAGE][PASSED] - uiaction.CommonUIActions.click is PASSED

2018-05-28 17:51:05 - [TEST_STEP][PASSED] - delay: Delayed 4 second(s)

2018-05-28 17:51:09 - [MESSAGE][PASSED] - Delayed 4 second(s)

2018-05-28 17:51:09 - [TEST_STEP][PASSED] - Statement - driver.findElement(org.openqa.selenium.By.xpath("//span[contains(text(),'" + groupmain + "')]/../../../../span[2]")).click(): null

2018-05-28 17:51:09 - [TEST_STEP][PASSED] - Statement - timemeasureoptions = driver.findElements(org.openqa.selenium.By.xpath("//select[@class='time-measures']/option")): null

2018-05-28 17:51:09 - [TEST_STEP][PASSED] - Statement - count = 0: null

2018-05-28 17:51:09 - [TEST_STEP][PASSED] - Statement - For ([i = 0, i < timemeasureoptions.size(), (i++)]): null

2018-05-28 17:51:09 - [TEST_STEP][PASSED] - Statement - println(timemeasureoptions.get(i).getText()): null

2018-05-28 17:51:09 - [TEST_STEP][PASSED] - Statement - If (timemeasureoptions.get(i).getText() == "Week"): null

2018-05-28 17:51:09 - [TEST_STEP][PASSED] - Statement - println(timemeasureoptions.get(i).getText()): null

2018-05-28 17:51:09 - [TEST_STEP][PASSED] - Statement - If (timemeasureoptions.get(i).getText() == "Week"): null

2018-05-28 17:51:09 - [TEST_STEP][PASSED] - Statement - println(timemeasureoptions.get(i).getText()): null

2018-05-28 17:51:09 - [TEST_STEP][PASSED] - Statement - If (timemeasureoptions.get(i).getText() == "Week"): null

2018-05-28 17:51:09 - [TEST_STEP][PASSED] - Statement - timemeasureoptions[i].click(): null

2018-05-28 17:51:09 - [TEST_STEP][PASSED] - Statement - (count++): null

2018-05-28 17:51:09 - [TEST_STEP][PASSED] - Statement - Break: null

2018-05-28 17:51:09 - [TEST_STEP][PASSED] - Statement - If (count < 4): null

2018-05-28 17:51:09 - [TEST_STEP][PASSED] - Statement - out.println("Week option is selected"): null

2018-05-28 17:51:09 - [TEST_STEP][PASSED] - delay: Delayed 5 second(s)

2018-05-28 17:51:14 - [MESSAGE][PASSED] - Delayed 5 second(s)

2018-05-28 17:51:14 - [TEST_STEP][PASSED] - click: Object: 'Object Repository/ReportsPage/fromDateSelector' is clicked on

2018-05-28 17:51:14 - [MESSAGE][PASSED] - Object: 'Object Repository/ReportsPage/fromDateSelector' is clicked on

2018-05-28 17:51:14 - [TEST_STEP][PASSED] - delay: Delayed 5 second(s)

2018-05-28 17:51:19 - [MESSAGE][PASSED] - Delayed 5 second(s)

2018-05-28 17:51:19 - [TEST_STEP][PASSED] - Statement - monthText = com.kms.katalon.core.webui.keyword.WebUiBuiltInKeywords.getText(com.kms.katalon.core.testobject.ObjectRepository.findTestObject(ReportsPage/monthText)): Text of object 'Object Repository/ReportsPage/monthText' is: 'May 2018'

2018-05-28 17:51:19 - [MESSAGE][PASSED] - Text of object 'Object Repository/ReportsPage/monthText' is: 'May 2018'

2018-05-28 17:51:19 - [TEST_STEP][PASSED] - Statement - monthTextArray = monthText.split(" "): null

2018-05-28 17:51:19 - [TEST_STEP][PASSED] - Statement - month = monthTextArray[0]: null

2018-05-28 17:51:19 - [TEST_STEP][PASSED] - Statement - monthTextValue = CustomKeywords.projectSpecific.Reusability.getTestData("ReportsPage", "Month"): projectSpecific.Reusability.getTestData is PASSED

2018-05-28 17:51:20 - [MESSAGE][PASSED] - projectSpecific.Reusability.getTestData is PASSED

2018-05-28 17:51:20 - [TEST_STEP][PASSED] - Statement - If (!(monthTextValue.equals(month))): null

2018-05-28 17:51:20 - [TEST_STEP][PASSED] - Statement - While (!(monthTextValue.equals(month))): null

2018-05-28 17:51:20 - [TEST_STEP][PASSED] - click: Object: 'Object Repository/ReportsPage/previousDateSelector' is clicked on

2018-05-28 17:51:20 - [MESSAGE][PASSED] - Object: 'Object Repository/ReportsPage/previousDateSelector' is clicked on

2018-05-28 17:51:20 - [TEST_STEP][PASSED] - Statement - monthText = com.kms.katalon.core.webui.keyword.WebUiBuiltInKeywords.getText(com.kms.katalon.core.testobject.ObjectRepository.findTestObject(ReportsPage/monthText)): Text of object 'Object Repository/ReportsPage/monthText' is: 'April 2018'

2018-05-28 17:51:20 - [MESSAGE][PASSED] - Text of object 'Object Repository/ReportsPage/monthText' is: 'April 2018'

2018-05-28 17:51:20 - [TEST_STEP][PASSED] - Statement - monthTextArray = monthText.split(" "): null

2018-05-28 17:51:20 - [TEST_STEP][PASSED] - Statement - month = monthTextArray[0]: null

2018-05-28 17:51:20 - [TEST_STEP][PASSED] - click: Object: 'Object Repository/ReportsPage/previousDateSelector' is clicked on

2018-05-28 17:51:20 - [MESSAGE][PASSED] - Object: 'Object Repository/ReportsPage/previousDateSelector' is clicked on

2018-05-28 17:51:20 - [TEST_STEP][PASSED] - Statement - monthText = com.kms.katalon.core.webui.keyword.WebUiBuiltInKeywords.getText(com.kms.katalon.core.testobject.ObjectRepository.findTestObject(ReportsPage/monthText)): Text of object 'Object Repository/ReportsPage/monthText' is: 'March 2018'

2018-05-28 17:51:20 - [MESSAGE][PASSED] - Text of object 'Object Repository/ReportsPage/monthText' is: 'March 2018'

2018-05-28 17:51:20 - [TEST_STEP][PASSED] - Statement - monthTextArray = monthText.split(" "): null

2018-05-28 17:51:20 - [TEST_STEP][PASSED] - Statement - month = monthTextArray[0]: null

2018-05-28 17:51:20 - [TEST_STEP][PASSED] - Statement - data = CustomKeywords.projectSpecific.Reusability.getTestData("ReportsPage", "startdate_TC8"): projectSpecific.Reusability.getTestData is PASSED

2018-05-28 17:51:20 - [MESSAGE][PASSED] - projectSpecific.Reusability.getTestData is PASSED

2018-05-28 17:51:20 - [TEST_STEP][PASSED] - Statement - startDate = "(//td[text()='" + data + "'])[1]": null

2018-05-28 17:51:20 - [TEST_STEP][PASSED] - Statement - println(startDate): null

2018-05-28 17:51:20 - [TEST_STEP][PASSED] - Statement - startdateEle = driver.findElement(org.openqa.selenium.By.xpath(startDate)): null

2018-05-28 17:51:20 - [TEST_STEP][PASSED] - Statement - startdateEle.click(): null

2018-05-28 17:51:20 - [TEST_STEP][PASSED] - delay: Delayed 5 second(s)

2018-05-28 17:51:25 - [MESSAGE][PASSED] - Delayed 5 second(s)

2018-05-28 17:51:25 - [TEST_STEP][PASSED] - click: Object: 'Object Repository/ReportsPage/toDateSelector' is clicked on

2018-05-28 17:51:25 - [MESSAGE][PASSED] - Object: 'Object Repository/ReportsPage/toDateSelector' is clicked on

2018-05-28 17:51:25 - [TEST_STEP][PASSED] - Statement - monthText = com.kms.katalon.core.webui.keyword.WebUiBuiltInKeywords.getText(com.kms.katalon.core.testobject.ObjectRepository.findTestObject(ReportsPage/monthText2)): Text of object 'Object Repository/ReportsPage/monthText2' is: 'May 2018'

2018-05-28 17:51:25 - [MESSAGE][PASSED] - Text of object 'Object Repository/ReportsPage/monthText2' is: 'May 2018'

2018-05-28 17:51:25 - [TEST_STEP][PASSED] - Statement - monthTextArray = monthText.split(" "): null

2018-05-28 17:51:25 - [TEST_STEP][PASSED] - Statement - month = monthTextArray[0]: null

2018-05-28 17:51:25 - [TEST_STEP][PASSED] - Statement - If (!(monthTextValue.equals(month))): null

2018-05-28 17:51:25 - [TEST_STEP][PASSED] - Statement - While (!(monthTextValue.equals(month))): null

2018-05-28 17:51:25 - [TEST_STEP][PASSED] - click: Object: 'Object Repository/ReportsPage/previousDateSelector2' is clicked on

2018-05-28 17:51:25 - [MESSAGE][PASSED] - Object: 'Object Repository/ReportsPage/previousDateSelector2' is clicked on

2018-05-28 17:51:25 - [TEST_STEP][PASSED] - Statement - monthText = com.kms.katalon.core.webui.keyword.WebUiBuiltInKeywords.getText(com.kms.katalon.core.testobject.ObjectRepository.findTestObject(ReportsPage/monthText2)): Text of object 'Object Repository/ReportsPage/monthText2' is: 'April 2018'

2018-05-28 17:51:25 - [MESSAGE][PASSED] - Text of object 'Object Repository/ReportsPage/monthText2' is: 'April 2018'

2018-05-28 17:51:25 - [TEST_STEP][PASSED] - Statement - monthTextArray = monthText.split(" "): null

2018-05-28 17:51:25 - [TEST_STEP][PASSED] - Statement - month = monthTextArray[0]: null

2018-05-28 17:51:25 - [TEST_STEP][PASSED] - click: Object: 'Object Repository/ReportsPage/previousDateSelector2' is clicked on

2018-05-28 17:51:25 - [MESSAGE][PASSED] - Object: 'Object Repository/ReportsPage/previousDateSelector2' is clicked on

2018-05-28 17:51:25 - [TEST_STEP][PASSED] - Statement - monthText = com.kms.katalon.core.webui.keyword.WebUiBuiltInKeywords.getText(com.kms.katalon.core.testobject.ObjectRepository.findTestObject(ReportsPage/monthText2)): Text of object 'Object Repository/ReportsPage/monthText2' is: 'March 2018'

2018-05-28 17:51:25 - [MESSAGE][PASSED] - Text of object 'Object Repository/ReportsPage/monthText2' is: 'March 2018'

2018-05-28 17:51:25 - [TEST_STEP][PASSED] - Statement - monthTextArray = monthText.split(" "): null

2018-05-28 17:51:25 - [TEST_STEP][PASSED] - Statement - month = monthTextArray[0]: null

2018-05-28 17:51:25 - [TEST_STEP][PASSED] - Statement - endDate = CustomKeywords.projectSpecific.Reusability.getTestData("ReportsPage", "EndDate"): projectSpecific.Reusability.getTestData is PASSED

2018-05-28 17:51:25 - [MESSAGE][PASSED] - projectSpecific.Reusability.getTestData is PASSED

2018-05-28 17:51:25 - [TEST_STEP][PASSED] - Statement - toDate = "(//td[text()='" + endDate + "'])[2]": null

2018-05-28 17:51:25 - [TEST_STEP][PASSED] - Statement - toDateEle = driver.findElement(org.openqa.selenium.By.xpath(toDate)): null

2018-05-28 17:51:25 - [TEST_STEP][PASSED] - Statement - toDateEle.click(): null

2018-05-28 17:51:25 - [TEST_STEP][PASSED] - delay: Delayed 5 second(s)

2018-05-28 17:51:30 - [MESSAGE][PASSED] - Delayed 5 second(s)

2018-05-28 17:51:30 - [TEST_STEP][PASSED] - Statement - dateAttr = com.kms.katalon.core.webui.keyword.WebUiBuiltInKeywords.getAttribute(com.kms.katalon.core.testobject.ObjectRepository.findTestObject(ReportsPage/selectedDate1), "value"): Attribute 'value' of object 'Object Repository/ReportsPage/selectedDate1' is: '03/07/2018'

2018-05-28 17:51:30 - [MESSAGE][PASSED] - Attribute 'value' of object 'Object Repository/ReportsPage/selectedDate1' is: '03/07/2018'

2018-05-28 17:51:30 - [TEST_STEP][PASSED] - Statement - fromDateValue = CustomKeywords.projectSpecific.Reusability.getTestData("ReportsPage", "Fromdate_TC8"): projectSpecific.Reusability.getTestData is PASSED

2018-05-28 17:51:30 - [MESSAGE][PASSED] - projectSpecific.Reusability.getTestData is PASSED

2018-05-28 17:51:30 - [TEST_STEP][PASSED] - Statement - If (!(dateAttr.equals(fromDateValue))): null

2018-05-28 17:51:30 - [TEST_STEP][PASSED] - Statement - dateAttr = com.kms.katalon.core.webui.keyword.WebUiBuiltInKeywords.getAttribute(com.kms.katalon.core.testobject.ObjectRepository.findTestObject(ReportsPage/selectedDate2), "value"): Attribute 'value' of object 'Object Repository/ReportsPage/selectedDate2' is: '03/14/2018'

2018-05-28 17:51:30 - [MESSAGE][PASSED] - Attribute 'value' of object 'Object Repository/ReportsPage/selectedDate2' is: '03/14/2018'

2018-05-28 17:51:30 - [TEST_STEP][PASSED] - Statement - toDateValue = CustomKeywords.projectSpecific.Reusability.getTestData("ReportsPage", "toDate"): projectSpecific.Reusability.getTestData is PASSED

2018-05-28 17:51:30 - [MESSAGE][PASSED] - projectSpecific.Reusability.getTestData is PASSED

2018-05-28 17:51:30 - [TEST_STEP][PASSED] - Statement - If (!(dateAttr.equals(toDateValue))): null

2018-05-28 17:51:30 - [TEST_STEP][PASSED] - uiaction.CommonUIActions.click: uiaction.CommonUIActions.click is PASSED

2018-05-28 17:51:30 - [MESSAGE][PASSED] - uiaction.CommonUIActions.click is PASSED

2018-05-28 17:51:30 - [TEST_STEP][PASSED] - click: Object: 'Object Repository/ReportsPage/report_submit' is clicked on

2018-05-28 17:51:31 - [MESSAGE][PASSED] - Object: 'Object Repository/ReportsPage/report_submit' is clicked on

2018-05-28 17:51:31 - [TEST_STEP][PASSED] - delay: Delayed 10 second(s)

2018-05-28 17:51:41 - [MESSAGE][PASSED] - Delayed 10 second(s)

2018-05-28 17:51:41 - [TEST_STEP][PASSED] - verifyElementPresent: Object 'Object Repository/SummarizedReportPage/Summary_avaragereport' is present

2018-05-28 17:51:41 - [MESSAGE][PASSED] - Object 'Object Repository/SummarizedReportPage/Summary_avaragereport' is present

2018-05-28 17:51:41 - [TEST_STEP][PASSED] - verifyElementPresent: Object 'Object Repository/SummarizedReportPage/summary_avaragetimemin_sec' is present

2018-05-28 17:51:41 - [MESSAGE][PASSED] - Object 'Object Repository/SummarizedReportPage/summary_avaragetimemin_sec' is present

2018-05-28 17:51:41 - [TEST_STEP][PASSED] - Statement - averagetime_headersfromapp = driver.findElements(org.openqa.selenium.By.xpath("//table[@class='summaryreport-table']//th[@class='reportTableAttributesHeading']")): null

2018-05-28 17:51:41 - [TEST_STEP][PASSED] - Statement - averagetime_headersfrom_excel = CustomKeywords.projectSpecific.Reusability.getTestData("ReportsPage", "averagetime_headers_08"): projectSpecific.Reusability.getTestData is PASSED

2018-05-28 17:51:41 - [MESSAGE][PASSED] - projectSpecific.Reusability.getTestData is PASSED

2018-05-28 17:51:41 - [TEST_STEP][PASSED] - Statement - averagetime_excelsplit = averagetime_headersfrom_excel.split(","): null

2018-05-28 17:51:41 - [TEST_STEP][PASSED] - Statement - For ([i = 0, i < averagetime_headersfromapp.size(), (i++)]): null

2018-05-28 17:51:41 - [TEST_STEP][PASSED] - delay: Delayed 5 second(s)

2018-05-28 17:51:46 - [MESSAGE][PASSED] - Delayed 5 second(s)

2018-05-28 17:51:46 - [TEST_STEP][PASSED] - uiaction.CommonUIActions.click: uiaction.CommonUIActions.click is PASSED

2018-05-28 17:51:49 - [MESSAGE][PASSED] - uiaction.CommonUIActions.click is PASSED

2018-05-28 17:51:49 - [TEST_STEP][PASSED] - delay: Delayed 5 second(s)

2018-05-28 17:51:54 - [MESSAGE][PASSED] - Delayed 5 second(s)

2018-05-28 17:51:54 - [TEST_STEP][PASSED] - uiaction.CommonUIActions.click: uiaction.CommonUIActions.click is PASSED

2018-05-28 17:52:06 - [MESSAGE][PASSED] - uiaction.CommonUIActions.click is PASSED

2018-05-28 17:52:06 - [TEST_STEP][PASSED] - delay: Delayed 5 second(s)

2018-05-28 17:52:11 - [MESSAGE][PASSED] - Delayed 5 second(s)

2018-05-28 17:52:11 - [TEST_STEP][PASSED] - uiaction.CommonUIActions.click: uiaction.CommonUIActions.click is PASSED

2018-05-28 17:52:11 - [MESSAGE][PASSED] - uiaction.CommonUIActions.click is PASSED

2018-05-28 17:52:11 - [TEST_STEP][PASSED] - delay: Delayed 10 second(s)

2018-05-28 17:52:21 - [MESSAGE][PASSED] - Delayed 10 second(s)

2018-05-28 17:52:21 - [TEST_STEP][PASSED] - uiaction.CommonUIActions.click: uiaction.CommonUIActions.click is PASSED

2018-05-28 17:52:21 - [MESSAGE][PASSED] - uiaction.CommonUIActions.click is PASSED

2018-05-28 17:52:21 - [TEST_STEP][PASSED] - uiaction.CommonUIActions.click: uiaction.CommonUIActions.click is PASSED

2018-05-28 17:52:21 - [MESSAGE][PASSED] - uiaction.CommonUIActions.click is PASSED

2018-05-28 17:52:21 - [TEST_STEP][PASSED] - uiaction.CommonUIActions.click: uiaction.CommonUIActions.click is PASSED

2018-05-28 17:52:21 - [MESSAGE][PASSED] - uiaction.CommonUIActions.click is PASSED

2018-05-28 17:52:21 - [TEST_STEP][PASSED] - uiaction.CommonUIActions.click: uiaction.CommonUIActions.click is PASSED

2018-05-28 17:52:26 - [MESSAGE][PASSED] - uiaction.CommonUIActions.click is PASSED

2018-05-28 17:52:26 - [TEST_STEP][PASSED] - Statement - assert TCflag == true: null

2018-05-28 17:52:26 - [TEST_STEP][PASSED] - Start listener action : sampleAfterTestCase: Browser is closed

2018-05-28 17:52:26 - [TEST_STEP][PASSED] - Statement - println(testCaseContext.getTestCaseId()): null

2018-05-28 17:52:26 - [TEST_STEP][PASSED] - Statement - println(testCaseContext.getTestCaseStatus()): null

2018-05-28 17:52:26 - [TEST_STEP][PASSED] - closeBrowser: Browser is closed

2018-05-28 17:52:26 - [MESSAGE][PASSED] - Browser is closed]]></system-out>
         <system-err><![CDATA[]]></system-err>
      </testcase>
      <testcase name="Test Cases/SummaryReportsTC/HME-Summary Report-11" classname="Test Cases/SummaryReportsTC/HME-Summary Report-11" status="PASSED">
         <system-out><![CDATA[2018-05-28 17:52:26 - [TEST_CASE][PASSED] - Test Cases/SummaryReportsTC/HME-Summary Report-11: Browser is closed

2018-05-28 17:52:26 - [TEST_STEP][PASSED] - Start listener action : sampleBeforeTestCase: uiaction.CommonUIActions.deleteAllCookies is PASSED

2018-05-28 17:52:26 - [TEST_STEP][PASSED] - openBrowser: Browser is opened with url: ''

2018-05-28 17:52:29 - [MESSAGE][PASSED] - Browser is opened with url: ''

2018-05-28 17:52:29 - [TEST_STEP][PASSED] - maximizeWindow: Current window maximized

2018-05-28 17:52:30 - [MESSAGE][PASSED] - Current window maximized

2018-05-28 17:52:30 - [TEST_STEP][PASSED] - uiaction.CommonUIActions.deleteAllCookies: uiaction.CommonUIActions.deleteAllCookies is PASSED

2018-05-28 17:52:30 - [MESSAGE][PASSED] - Delete all cookies successfully

2018-05-28 17:52:30 - [MESSAGE][PASSED] - uiaction.CommonUIActions.deleteAllCookies is PASSED

2018-05-28 17:52:30 - [TEST_STEP][PASSED] - Statement - TCflag = true: null

2018-05-28 17:52:30 - [TEST_STEP][PASSED] - Statement - Try: uiaction.CommonUIActions.click is PASSED

2018-05-28 17:52:30 - [TEST_STEP][PASSED] - navigateToUrl: Navigate to 'https://hme-dev-public-cloud-app.azurewebsites.net/' successfully

2018-05-28 17:52:33 - [MESSAGE][PASSED] - Navigate to 'https://hme-dev-public-cloud-app.azurewebsites.net/' successfully

2018-05-28 17:52:33 - [TEST_STEP][PASSED] - projectSpecific.Reusability.login: projectSpecific.Reusability.login is PASSED

2018-05-28 17:52:33 - [MESSAGE][PASSED] - projectSpecific.Reusability.getTestData is PASSED

2018-05-28 17:52:33 - [MESSAGE][PASSED] - projectSpecific.Reusability.getTestData is PASSED

2018-05-28 17:52:33 - [MESSAGE][PASSED] - Text 'selvendrank@nousinfo.com' is set on object 'Object Repository/LoginPage/Username'

2018-05-28 17:52:33 - [MESSAGE][PASSED] - Text 'nous;123' is set on object 'Object Repository/LoginPage/Password'

2018-05-28 17:52:33 - [MESSAGE][PASSED] - Object: 'Object Repository/LoginPage/Login' is clicked on

2018-05-28 17:52:33 - [MESSAGE][PASSED] - projectSpecific.Reusability.login is PASSED

2018-05-28 17:52:33 - [TEST_STEP][PASSED] - delay: Delayed 10 second(s)

2018-05-28 17:52:43 - [MESSAGE][PASSED] - Delayed 10 second(s)

2018-05-28 17:52:43 - [TEST_STEP][PASSED] - uiaction.CommonUIActions.click: uiaction.CommonUIActions.click is PASSED

2018-05-28 17:52:54 - [MESSAGE][PASSED] - uiaction.CommonUIActions.click is PASSED

2018-05-28 17:52:54 - [TEST_STEP][PASSED] - uiaction.CommonUIActions.click: uiaction.CommonUIActions.click is PASSED

2018-05-28 17:53:07 - [MESSAGE][PASSED] - uiaction.CommonUIActions.click is PASSED

2018-05-28 17:53:07 - [TEST_STEP][PASSED] - uiaction.CommonUIActions.click: uiaction.CommonUIActions.click is PASSED

2018-05-28 17:53:09 - [MESSAGE][PASSED] - uiaction.CommonUIActions.click is PASSED

2018-05-28 17:53:09 - [TEST_STEP][PASSED] - uiaction.CommonUIActions.click: uiaction.CommonUIActions.click is PASSED

2018-05-28 17:53:09 - [MESSAGE][PASSED] - uiaction.CommonUIActions.click is PASSED

2018-05-28 17:53:09 - [TEST_STEP][PASSED] - uiaction.CommonUIActions.enter: uiaction.CommonUIActions.enter is PASSED

2018-05-28 17:53:09 - [MESSAGE][PASSED] - projectSpecific.Reusability.getTestData is PASSED

2018-05-28 17:53:09 - [MESSAGE][PASSED] - uiaction.CommonUIActions.enter is PASSED

2018-05-28 17:53:09 - [TEST_STEP][PASSED] - uiaction.CommonUIActions.enter: uiaction.CommonUIActions.enter is PASSED

2018-05-28 17:53:09 - [MESSAGE][PASSED] - projectSpecific.Reusability.getTestData is PASSED

2018-05-28 17:53:09 - [MESSAGE][PASSED] - uiaction.CommonUIActions.enter is PASSED

2018-05-28 17:53:09 - [TEST_STEP][PASSED] - delay: Delayed 10 second(s)

2018-05-28 17:53:19 - [MESSAGE][PASSED] - Delayed 10 second(s)

2018-05-28 17:53:19 - [TEST_STEP][PASSED] - Statement - groupmain = CustomKeywords.projectSpecific.Reusability.getTestData("ReportingGroupManagementPage", "Summarygrp"): projectSpecific.Reusability.getTestData is PASSED

2018-05-28 17:53:19 - [MESSAGE][PASSED] - projectSpecific.Reusability.getTestData is PASSED

2018-05-28 17:53:19 - [TEST_STEP][PASSED] - Statement - driver = com.kms.katalon.core.webui.driver.DriverFactory.getWebDriver(): null

2018-05-28 17:53:19 - [TEST_STEP][PASSED] - Statement - grouplist = driver.findElements(org.openqa.selenium.By.xpath("//ul[@class='unlinked-grouplist']/li")): null

2018-05-28 17:53:19 - [TEST_STEP][PASSED] - delay: Delayed 10 second(s)

2018-05-28 17:53:29 - [MESSAGE][PASSED] - Delayed 10 second(s)

2018-05-28 17:53:29 - [TEST_STEP][PASSED] - Statement - For ([i = 0, i < grouplist.size(), (i++)]): null

2018-05-28 17:53:29 - [TEST_STEP][PASSED] - Statement - println(grouplist.get(i).getText()): null

2018-05-28 17:53:29 - [TEST_STEP][PASSED] - Statement - If (grouplist.get(i).getText().contains("0000")): null

2018-05-28 17:53:29 - [TEST_STEP][PASSED] - Statement - println(grouplist.get(i).getText()): null

2018-05-28 17:53:29 - [TEST_STEP][PASSED] - Statement - If (grouplist.get(i).getText().contains("0000")): null

2018-05-28 17:53:29 - [TEST_STEP][PASSED] - Statement - println(grouplist.get(i).getText()): null

2018-05-28 17:53:29 - [TEST_STEP][PASSED] - Statement - If (grouplist.get(i).getText().contains("0000")): null

2018-05-28 17:53:29 - [TEST_STEP][PASSED] - Statement - println(grouplist.get(i).getText()): null

2018-05-28 17:53:29 - [TEST_STEP][PASSED] - Statement - If (grouplist.get(i).getText().contains("0000")): null

2018-05-28 17:53:29 - [TEST_STEP][PASSED] - Statement - println(grouplist.get(i).getText()): null

2018-05-28 17:53:29 - [TEST_STEP][PASSED] - Statement - If (grouplist.get(i).getText().contains("0000")): null

2018-05-28 17:53:29 - [TEST_STEP][PASSED] - Statement - println(grouplist.get(i).getText()): null

2018-05-28 17:53:29 - [TEST_STEP][PASSED] - Statement - If (grouplist.get(i).getText().contains("0000")): null

2018-05-28 17:53:29 - [TEST_STEP][PASSED] - Statement - println(grouplist.get(i).getText()): null

2018-05-28 17:53:29 - [TEST_STEP][PASSED] - Statement - If (grouplist.get(i).getText().contains("0000")): null

2018-05-28 17:53:29 - [TEST_STEP][PASSED] - Statement - println(grouplist.get(i).getText()): null

2018-05-28 17:53:29 - [TEST_STEP][PASSED] - Statement - If (grouplist.get(i).getText().contains("0000")): null

2018-05-28 17:53:29 - [TEST_STEP][PASSED] - Statement - driver.findElement(org.openqa.selenium.By.xpath("(//ul[@class='unlinked-grouplist']/li/label)[" + i + 1 + "]")).click(): null

2018-05-28 17:53:29 - [TEST_STEP][PASSED] - Statement - println(grouplist.get(i).getText()): null

2018-05-28 17:53:29 - [TEST_STEP][PASSED] - Statement - If (grouplist.get(i).getText().contains("0000")): null

2018-05-28 17:53:29 - [TEST_STEP][PASSED] - Statement - driver.findElement(org.openqa.selenium.By.xpath("(//ul[@class='unlinked-grouplist']/li/label)[" + i + 1 + "]")).click(): null

2018-05-28 17:53:30 - [TEST_STEP][PASSED] - Statement - println(grouplist.get(i).getText()): null

2018-05-28 17:53:30 - [TEST_STEP][PASSED] - Statement - If (grouplist.get(i).getText().contains("0000")): null

2018-05-28 17:53:30 - [TEST_STEP][PASSED] - Statement - driver.findElement(org.openqa.selenium.By.xpath("(//ul[@class='unlinked-grouplist']/li/label)[" + i + 1 + "]")).click(): null

2018-05-28 17:53:30 - [TEST_STEP][PASSED] - Statement - println(grouplist.get(i).getText()): null

2018-05-28 17:53:30 - [TEST_STEP][PASSED] - Statement - If (grouplist.get(i).getText().contains("0000")): null

2018-05-28 17:53:30 - [TEST_STEP][PASSED] - Statement - driver.findElement(org.openqa.selenium.By.xpath("(//ul[@class='unlinked-grouplist']/li/label)[" + i + 1 + "]")).click(): null

2018-05-28 17:53:30 - [TEST_STEP][PASSED] - Statement - println(grouplist.get(i).getText()): null

2018-05-28 17:53:30 - [TEST_STEP][PASSED] - Statement - If (grouplist.get(i).getText().contains("0000")): null

2018-05-28 17:53:30 - [TEST_STEP][PASSED] - Statement - driver.findElement(org.openqa.selenium.By.xpath("(//ul[@class='unlinked-grouplist']/li/label)[" + i + 1 + "]")).click(): null

2018-05-28 17:53:30 - [TEST_STEP][PASSED] - Statement - println(grouplist.get(i).getText()): null

2018-05-28 17:53:30 - [TEST_STEP][PASSED] - Statement - If (grouplist.get(i).getText().contains("0000")): null

2018-05-28 17:53:30 - [TEST_STEP][PASSED] - Statement - driver.findElement(org.openqa.selenium.By.xpath("(//ul[@class='unlinked-grouplist']/li/label)[" + i + 1 + "]")).click(): null

2018-05-28 17:53:30 - [TEST_STEP][PASSED] - Statement - println(grouplist.get(i).getText()): null

2018-05-28 17:53:30 - [TEST_STEP][PASSED] - Statement - If (grouplist.get(i).getText().contains("0000")): null

2018-05-28 17:53:30 - [TEST_STEP][PASSED] - Statement - driver.findElement(org.openqa.selenium.By.xpath("(//ul[@class='unlinked-grouplist']/li/label)[" + i + 1 + "]")).click(): null

2018-05-28 17:53:30 - [TEST_STEP][PASSED] - Statement - println(grouplist.get(i).getText()): null

2018-05-28 17:53:30 - [TEST_STEP][PASSED] - Statement - If (grouplist.get(i).getText().contains("0000")): null

2018-05-28 17:53:30 - [TEST_STEP][PASSED] - Statement - driver.findElement(org.openqa.selenium.By.xpath("(//ul[@class='unlinked-grouplist']/li/label)[" + i + 1 + "]")).click(): null

2018-05-28 17:53:30 - [TEST_STEP][PASSED] - Statement - println(grouplist.get(i).getText()): null

2018-05-28 17:53:30 - [TEST_STEP][PASSED] - Statement - If (grouplist.get(i).getText().contains("0000")): null

2018-05-28 17:53:30 - [TEST_STEP][PASSED] - Statement - driver.findElement(org.openqa.selenium.By.xpath("(//ul[@class='unlinked-grouplist']/li/label)[" + i + 1 + "]")).click(): null

2018-05-28 17:53:30 - [TEST_STEP][PASSED] - Statement - println(grouplist.get(i).getText()): null

2018-05-28 17:53:30 - [TEST_STEP][PASSED] - Statement - If (grouplist.get(i).getText().contains("0000")): null

2018-05-28 17:53:30 - [TEST_STEP][PASSED] - Statement - driver.findElement(org.openqa.selenium.By.xpath("(//ul[@class='unlinked-grouplist']/li/label)[" + i + 1 + "]")).click(): null

2018-05-28 17:53:30 - [TEST_STEP][PASSED] - Statement - println(grouplist.get(i).getText()): null

2018-05-28 17:53:30 - [TEST_STEP][PASSED] - Statement - If (grouplist.get(i).getText().contains("0000")): null

2018-05-28 17:53:30 - [TEST_STEP][PASSED] - Statement - driver.findElement(org.openqa.selenium.By.xpath("(//ul[@class='unlinked-grouplist']/li/label)[" + i + 1 + "]")).click(): null

2018-05-28 17:53:30 - [TEST_STEP][PASSED] - Statement - println(grouplist.get(i).getText()): null

2018-05-28 17:53:30 - [TEST_STEP][PASSED] - Statement - If (grouplist.get(i).getText().contains("0000")): null

2018-05-28 17:53:30 - [TEST_STEP][PASSED] - Statement - driver.findElement(org.openqa.selenium.By.xpath("(//ul[@class='unlinked-grouplist']/li/label)[" + i + 1 + "]")).click(): null

2018-05-28 17:53:30 - [TEST_STEP][PASSED] - Statement - println(grouplist.get(i).getText()): null

2018-05-28 17:53:30 - [TEST_STEP][PASSED] - Statement - If (grouplist.get(i).getText().contains("0000")): null

2018-05-28 17:53:30 - [TEST_STEP][PASSED] - Statement - driver.findElement(org.openqa.selenium.By.xpath("(//ul[@class='unlinked-grouplist']/li/label)[" + i + 1 + "]")).click(): null

2018-05-28 17:53:30 - [TEST_STEP][PASSED] - Statement - println(grouplist.get(i).getText()): null

2018-05-28 17:53:30 - [TEST_STEP][PASSED] - Statement - If (grouplist.get(i).getText().contains("0000")): null

2018-05-28 17:53:30 - [TEST_STEP][PASSED] - Statement - driver.findElement(org.openqa.selenium.By.xpath("(//ul[@class='unlinked-grouplist']/li/label)[" + i + 1 + "]")).click(): null

2018-05-28 17:53:31 - [TEST_STEP][PASSED] - Statement - println(grouplist.get(i).getText()): null

2018-05-28 17:53:31 - [TEST_STEP][PASSED] - Statement - If (grouplist.get(i).getText().contains("0000")): null

2018-05-28 17:53:31 - [TEST_STEP][PASSED] - Statement - driver.findElement(org.openqa.selenium.By.xpath("(//ul[@class='unlinked-grouplist']/li/label)[" + i + 1 + "]")).click(): null

2018-05-28 17:53:31 - [TEST_STEP][PASSED] - Statement - println(grouplist.get(i).getText()): null

2018-05-28 17:53:31 - [TEST_STEP][PASSED] - Statement - If (grouplist.get(i).getText().contains("0000")): null

2018-05-28 17:53:31 - [TEST_STEP][PASSED] - Statement - driver.findElement(org.openqa.selenium.By.xpath("(//ul[@class='unlinked-grouplist']/li/label)[" + i + 1 + "]")).click(): null

2018-05-28 17:53:31 - [TEST_STEP][PASSED] - Statement - println(grouplist.get(i).getText()): null

2018-05-28 17:53:31 - [TEST_STEP][PASSED] - Statement - If (grouplist.get(i).getText().contains("0000")): null

2018-05-28 17:53:31 - [TEST_STEP][PASSED] - Statement - driver.findElement(org.openqa.selenium.By.xpath("(//ul[@class='unlinked-grouplist']/li/label)[" + i + 1 + "]")).click(): null

2018-05-28 17:53:31 - [TEST_STEP][PASSED] - Statement - println(grouplist.get(i).getText()): null

2018-05-28 17:53:31 - [TEST_STEP][PASSED] - Statement - If (grouplist.get(i).getText().contains("0000")): null

2018-05-28 17:53:31 - [TEST_STEP][PASSED] - Statement - driver.findElement(org.openqa.selenium.By.xpath("(//ul[@class='unlinked-grouplist']/li/label)[" + i + 1 + "]")).click(): null

2018-05-28 17:53:31 - [TEST_STEP][PASSED] - Statement - println(grouplist.get(i).getText()): null

2018-05-28 17:53:31 - [TEST_STEP][PASSED] - Statement - If (grouplist.get(i).getText().contains("0000")): null

2018-05-28 17:53:31 - [TEST_STEP][PASSED] - Statement - driver.findElement(org.openqa.selenium.By.xpath("(//ul[@class='unlinked-grouplist']/li/label)[" + i + 1 + "]")).click(): null

2018-05-28 17:53:31 - [TEST_STEP][PASSED] - Statement - println(grouplist.get(i).getText()): null

2018-05-28 17:53:31 - [TEST_STEP][PASSED] - Statement - If (grouplist.get(i).getText().contains("0000")): null

2018-05-28 17:53:31 - [TEST_STEP][PASSED] - Statement - driver.findElement(org.openqa.selenium.By.xpath("(//ul[@class='unlinked-grouplist']/li/label)[" + i + 1 + "]")).click(): null

2018-05-28 17:53:31 - [TEST_STEP][PASSED] - Statement - println(grouplist.get(i).getText()): null

2018-05-28 17:53:31 - [TEST_STEP][PASSED] - Statement - If (grouplist.get(i).getText().contains("0000")): null

2018-05-28 17:53:31 - [TEST_STEP][PASSED] - Statement - driver.findElement(org.openqa.selenium.By.xpath("(//ul[@class='unlinked-grouplist']/li/label)[" + i + 1 + "]")).click(): null

2018-05-28 17:53:31 - [TEST_STEP][PASSED] - Statement - println(grouplist.get(i).getText()): null

2018-05-28 17:53:31 - [TEST_STEP][PASSED] - Statement - If (grouplist.get(i).getText().contains("0000")): null

2018-05-28 17:53:31 - [TEST_STEP][PASSED] - Statement - driver.findElement(org.openqa.selenium.By.xpath("(//ul[@class='unlinked-grouplist']/li/label)[" + i + 1 + "]")).click(): null

2018-05-28 17:53:31 - [TEST_STEP][PASSED] - Statement - println(grouplist.get(i).getText()): null

2018-05-28 17:53:31 - [TEST_STEP][PASSED] - Statement - If (grouplist.get(i).getText().contains("0000")): null

2018-05-28 17:53:31 - [TEST_STEP][PASSED] - Statement - driver.findElement(org.openqa.selenium.By.xpath("(//ul[@class='unlinked-grouplist']/li/label)[" + i + 1 + "]")).click(): null

2018-05-28 17:53:31 - [TEST_STEP][PASSED] - Statement - println(grouplist.get(i).getText()): null

2018-05-28 17:53:31 - [TEST_STEP][PASSED] - Statement - If (grouplist.get(i).getText().contains("0000")): null

2018-05-28 17:53:31 - [TEST_STEP][PASSED] - Statement - driver.findElement(org.openqa.selenium.By.xpath("(//ul[@class='unlinked-grouplist']/li/label)[" + i + 1 + "]")).click(): null

2018-05-28 17:53:31 - [TEST_STEP][PASSED] - Statement - println(grouplist.get(i).getText()): null

2018-05-28 17:53:31 - [TEST_STEP][PASSED] - Statement - If (grouplist.get(i).getText().contains("0000")): null

2018-05-28 17:53:31 - [TEST_STEP][PASSED] - Statement - driver.findElement(org.openqa.selenium.By.xpath("(//ul[@class='unlinked-grouplist']/li/label)[" + i + 1 + "]")).click(): null

2018-05-28 17:53:31 - [TEST_STEP][PASSED] - Statement - println(grouplist.get(i).getText()): null

2018-05-28 17:53:32 - [TEST_STEP][PASSED] - Statement - If (grouplist.get(i).getText().contains("0000")): null

2018-05-28 17:53:32 - [TEST_STEP][PASSED] - Statement - driver.findElement(org.openqa.selenium.By.xpath("(//ul[@class='unlinked-grouplist']/li/label)[" + i + 1 + "]")).click(): null

2018-05-28 17:53:32 - [TEST_STEP][PASSED] - Statement - println(grouplist.get(i).getText()): null

2018-05-28 17:53:32 - [TEST_STEP][PASSED] - Statement - If (grouplist.get(i).getText().contains("0000")): null

2018-05-28 17:53:32 - [TEST_STEP][PASSED] - Statement - driver.findElement(org.openqa.selenium.By.xpath("(//ul[@class='unlinked-grouplist']/li/label)[" + i + 1 + "]")).click(): null

2018-05-28 17:53:32 - [TEST_STEP][PASSED] - Statement - println(grouplist.get(i).getText()): null

2018-05-28 17:53:32 - [TEST_STEP][PASSED] - Statement - If (grouplist.get(i).getText().contains("0000")): null

2018-05-28 17:53:32 - [TEST_STEP][PASSED] - Statement - driver.findElement(org.openqa.selenium.By.xpath("(//ul[@class='unlinked-grouplist']/li/label)[" + i + 1 + "]")).click(): null

2018-05-28 17:53:32 - [TEST_STEP][PASSED] - Statement - println(grouplist.get(i).getText()): null

2018-05-28 17:53:32 - [TEST_STEP][PASSED] - Statement - If (grouplist.get(i).getText().contains("0000")): null

2018-05-28 17:53:32 - [TEST_STEP][PASSED] - Statement - driver.findElement(org.openqa.selenium.By.xpath("(//ul[@class='unlinked-grouplist']/li/label)[" + i + 1 + "]")).click(): null

2018-05-28 17:53:32 - [TEST_STEP][PASSED] - Statement - println(grouplist.get(i).getText()): null

2018-05-28 17:53:32 - [TEST_STEP][PASSED] - Statement - If (grouplist.get(i).getText().contains("0000")): null

2018-05-28 17:53:32 - [TEST_STEP][PASSED] - Statement - driver.findElement(org.openqa.selenium.By.xpath("(//ul[@class='unlinked-grouplist']/li/label)[" + i + 1 + "]")).click(): null

2018-05-28 17:53:32 - [TEST_STEP][PASSED] - Statement - println(grouplist.get(i).getText()): null

2018-05-28 17:53:32 - [TEST_STEP][PASSED] - Statement - If (grouplist.get(i).getText().contains("0000")): null

2018-05-28 17:53:32 - [TEST_STEP][PASSED] - Statement - driver.findElement(org.openqa.selenium.By.xpath("(//ul[@class='unlinked-grouplist']/li/label)[" + i + 1 + "]")).click(): null

2018-05-28 17:53:32 - [TEST_STEP][PASSED] - Statement - println(grouplist.get(i).getText()): null

2018-05-28 17:53:32 - [TEST_STEP][PASSED] - Statement - If (grouplist.get(i).getText().contains("0000")): null

2018-05-28 17:53:32 - [TEST_STEP][PASSED] - Statement - driver.findElement(org.openqa.selenium.By.xpath("(//ul[@class='unlinked-grouplist']/li/label)[" + i + 1 + "]")).click(): null

2018-05-28 17:53:32 - [TEST_STEP][PASSED] - Statement - println(grouplist.get(i).getText()): null

2018-05-28 17:53:32 - [TEST_STEP][PASSED] - Statement - If (grouplist.get(i).getText().contains("0000")): null

2018-05-28 17:53:32 - [TEST_STEP][PASSED] - Statement - driver.findElement(org.openqa.selenium.By.xpath("(//ul[@class='unlinked-grouplist']/li/label)[" + i + 1 + "]")).click(): null

2018-05-28 17:53:32 - [TEST_STEP][PASSED] - Statement - println(grouplist.get(i).getText()): null

2018-05-28 17:53:32 - [TEST_STEP][PASSED] - Statement - If (grouplist.get(i).getText().contains("0000")): null

2018-05-28 17:53:32 - [TEST_STEP][PASSED] - Statement - driver.findElement(org.openqa.selenium.By.xpath("(//ul[@class='unlinked-grouplist']/li/label)[" + i + 1 + "]")).click(): null

2018-05-28 17:53:32 - [TEST_STEP][PASSED] - Statement - println(grouplist.get(i).getText()): null

2018-05-28 17:53:32 - [TEST_STEP][PASSED] - Statement - If (grouplist.get(i).getText().contains("0000")): null

2018-05-28 17:53:32 - [TEST_STEP][PASSED] - Statement - driver.findElement(org.openqa.selenium.By.xpath("(//ul[@class='unlinked-grouplist']/li/label)[" + i + 1 + "]")).click(): null

2018-05-28 17:53:32 - [TEST_STEP][PASSED] - Statement - println(grouplist.get(i).getText()): null

2018-05-28 17:53:32 - [TEST_STEP][PASSED] - Statement - If (grouplist.get(i).getText().contains("0000")): null

2018-05-28 17:53:32 - [TEST_STEP][PASSED] - Statement - driver.findElement(org.openqa.selenium.By.xpath("(//ul[@class='unlinked-grouplist']/li/label)[" + i + 1 + "]")).click(): null

2018-05-28 17:53:32 - [TEST_STEP][PASSED] - Statement - println(grouplist.get(i).getText()): null

2018-05-28 17:53:32 - [TEST_STEP][PASSED] - Statement - If (grouplist.get(i).getText().contains("0000")): null

2018-05-28 17:53:32 - [TEST_STEP][PASSED] - Statement - driver.findElement(org.openqa.selenium.By.xpath("(//ul[@class='unlinked-grouplist']/li/label)[" + i + 1 + "]")).click(): null

2018-05-28 17:53:32 - [TEST_STEP][PASSED] - Statement - println(grouplist.get(i).getText()): null

2018-05-28 17:53:33 - [TEST_STEP][PASSED] - Statement - If (grouplist.get(i).getText().contains("0000")): null

2018-05-28 17:53:33 - [TEST_STEP][PASSED] - Statement - driver.findElement(org.openqa.selenium.By.xpath("(//ul[@class='unlinked-grouplist']/li/label)[" + i + 1 + "]")).click(): null

2018-05-28 17:53:33 - [TEST_STEP][PASSED] - Statement - println(grouplist.get(i).getText()): null

2018-05-28 17:53:33 - [TEST_STEP][PASSED] - Statement - If (grouplist.get(i).getText().contains("0000")): null

2018-05-28 17:53:33 - [TEST_STEP][PASSED] - Statement - driver.findElement(org.openqa.selenium.By.xpath("(//ul[@class='unlinked-grouplist']/li/label)[" + i + 1 + "]")).click(): null

2018-05-28 17:53:33 - [TEST_STEP][PASSED] - Statement - println(grouplist.get(i).getText()): null

2018-05-28 17:53:33 - [TEST_STEP][PASSED] - Statement - If (grouplist.get(i).getText().contains("0000")): null

2018-05-28 17:53:33 - [TEST_STEP][PASSED] - Statement - driver.findElement(org.openqa.selenium.By.xpath("(//ul[@class='unlinked-grouplist']/li/label)[" + i + 1 + "]")).click(): null

2018-05-28 17:53:33 - [TEST_STEP][PASSED] - Statement - println(grouplist.get(i).getText()): null

2018-05-28 17:53:33 - [TEST_STEP][PASSED] - Statement - If (grouplist.get(i).getText().contains("0000")): null

2018-05-28 17:53:33 - [TEST_STEP][PASSED] - Statement - driver.findElement(org.openqa.selenium.By.xpath("(//ul[@class='unlinked-grouplist']/li/label)[" + i + 1 + "]")).click(): null

2018-05-28 17:53:33 - [TEST_STEP][PASSED] - Statement - println(grouplist.get(i).getText()): null

2018-05-28 17:53:33 - [TEST_STEP][PASSED] - Statement - If (grouplist.get(i).getText().contains("0000")): null

2018-05-28 17:53:33 - [TEST_STEP][PASSED] - Statement - driver.findElement(org.openqa.selenium.By.xpath("(//ul[@class='unlinked-grouplist']/li/label)[" + i + 1 + "]")).click(): null

2018-05-28 17:53:33 - [TEST_STEP][PASSED] - Statement - println(grouplist.get(i).getText()): null

2018-05-28 17:53:33 - [TEST_STEP][PASSED] - Statement - If (grouplist.get(i).getText().contains("0000")): null

2018-05-28 17:53:33 - [TEST_STEP][PASSED] - Statement - driver.findElement(org.openqa.selenium.By.xpath("(//ul[@class='unlinked-grouplist']/li/label)[" + i + 1 + "]")).click(): null

2018-05-28 17:53:33 - [TEST_STEP][PASSED] - Statement - println(grouplist.get(i).getText()): null

2018-05-28 17:53:33 - [TEST_STEP][PASSED] - Statement - If (grouplist.get(i).getText().contains("0000")): null

2018-05-28 17:53:33 - [TEST_STEP][PASSED] - Statement - driver.findElement(org.openqa.selenium.By.xpath("(//ul[@class='unlinked-grouplist']/li/label)[" + i + 1 + "]")).click(): null

2018-05-28 17:53:33 - [TEST_STEP][PASSED] - Statement - println(grouplist.get(i).getText()): null

2018-05-28 17:53:33 - [TEST_STEP][PASSED] - Statement - If (grouplist.get(i).getText().contains("0000")): null

2018-05-28 17:53:33 - [TEST_STEP][PASSED] - Statement - driver.findElement(org.openqa.selenium.By.xpath("(//ul[@class='unlinked-grouplist']/li/label)[" + i + 1 + "]")).click(): null

2018-05-28 17:53:33 - [TEST_STEP][PASSED] - Statement - println(grouplist.get(i).getText()): null

2018-05-28 17:53:33 - [TEST_STEP][PASSED] - Statement - If (grouplist.get(i).getText().contains("0000")): null

2018-05-28 17:53:33 - [TEST_STEP][PASSED] - Statement - driver.findElement(org.openqa.selenium.By.xpath("(//ul[@class='unlinked-grouplist']/li/label)[" + i + 1 + "]")).click(): null

2018-05-28 17:53:33 - [TEST_STEP][PASSED] - Statement - println(grouplist.get(i).getText()): null

2018-05-28 17:53:33 - [TEST_STEP][PASSED] - Statement - If (grouplist.get(i).getText().contains("0000")): null

2018-05-28 17:53:33 - [TEST_STEP][PASSED] - Statement - driver.findElement(org.openqa.selenium.By.xpath("(//ul[@class='unlinked-grouplist']/li/label)[" + i + 1 + "]")).click(): null

2018-05-28 17:53:33 - [TEST_STEP][PASSED] - Statement - println(grouplist.get(i).getText()): null

2018-05-28 17:53:33 - [TEST_STEP][PASSED] - Statement - If (grouplist.get(i).getText().contains("0000")): null

2018-05-28 17:53:33 - [TEST_STEP][PASSED] - Statement - driver.findElement(org.openqa.selenium.By.xpath("(//ul[@class='unlinked-grouplist']/li/label)[" + i + 1 + "]")).click(): null

2018-05-28 17:53:33 - [TEST_STEP][PASSED] - Statement - println(grouplist.get(i).getText()): null

2018-05-28 17:53:33 - [TEST_STEP][PASSED] - Statement - If (grouplist.get(i).getText().contains("0000")): null

2018-05-28 17:53:33 - [TEST_STEP][PASSED] - Statement - driver.findElement(org.openqa.selenium.By.xpath("(//ul[@class='unlinked-grouplist']/li/label)[" + i + 1 + "]")).click(): null

2018-05-28 17:53:33 - [TEST_STEP][PASSED] - Statement - println(grouplist.get(i).getText()): null

2018-05-28 17:53:34 - [TEST_STEP][PASSED] - Statement - If (grouplist.get(i).getText().contains("0000")): null

2018-05-28 17:53:34 - [TEST_STEP][PASSED] - Statement - driver.findElement(org.openqa.selenium.By.xpath("(//ul[@class='unlinked-grouplist']/li/label)[" + i + 1 + "]")).click(): null

2018-05-28 17:53:34 - [TEST_STEP][PASSED] - Statement - println(grouplist.get(i).getText()): null

2018-05-28 17:53:34 - [TEST_STEP][PASSED] - Statement - If (grouplist.get(i).getText().contains("0000")): null

2018-05-28 17:53:34 - [TEST_STEP][PASSED] - Statement - driver.findElement(org.openqa.selenium.By.xpath("(//ul[@class='unlinked-grouplist']/li/label)[" + i + 1 + "]")).click(): null

2018-05-28 17:53:34 - [TEST_STEP][PASSED] - Statement - println(grouplist.get(i).getText()): null

2018-05-28 17:53:34 - [TEST_STEP][PASSED] - Statement - If (grouplist.get(i).getText().contains("0000")): null

2018-05-28 17:53:34 - [TEST_STEP][PASSED] - Statement - driver.findElement(org.openqa.selenium.By.xpath("(//ul[@class='unlinked-grouplist']/li/label)[" + i + 1 + "]")).click(): null

2018-05-28 17:53:34 - [TEST_STEP][PASSED] - Statement - println(grouplist.get(i).getText()): null

2018-05-28 17:53:34 - [TEST_STEP][PASSED] - Statement - If (grouplist.get(i).getText().contains("0000")): null

2018-05-28 17:53:34 - [TEST_STEP][PASSED] - Statement - driver.findElement(org.openqa.selenium.By.xpath("(//ul[@class='unlinked-grouplist']/li/label)[" + i + 1 + "]")).click(): null

2018-05-28 17:53:34 - [TEST_STEP][PASSED] - Statement - println(grouplist.get(i).getText()): null

2018-05-28 17:53:34 - [TEST_STEP][PASSED] - Statement - If (grouplist.get(i).getText().contains("0000")): null

2018-05-28 17:53:34 - [TEST_STEP][PASSED] - Statement - driver.findElement(org.openqa.selenium.By.xpath("(//ul[@class='unlinked-grouplist']/li/label)[" + i + 1 + "]")).click(): null

2018-05-28 17:53:34 - [TEST_STEP][PASSED] - Statement - println(grouplist.get(i).getText()): null

2018-05-28 17:53:34 - [TEST_STEP][PASSED] - Statement - If (grouplist.get(i).getText().contains("0000")): null

2018-05-28 17:53:34 - [TEST_STEP][PASSED] - Statement - driver.findElement(org.openqa.selenium.By.xpath("(//ul[@class='unlinked-grouplist']/li/label)[" + i + 1 + "]")).click(): null

2018-05-28 17:53:34 - [TEST_STEP][PASSED] - Statement - println(grouplist.get(i).getText()): null

2018-05-28 17:53:34 - [TEST_STEP][PASSED] - Statement - If (grouplist.get(i).getText().contains("0000")): null

2018-05-28 17:53:34 - [TEST_STEP][PASSED] - Statement - driver.findElement(org.openqa.selenium.By.xpath("(//ul[@class='unlinked-grouplist']/li/label)[" + i + 1 + "]")).click(): null

2018-05-28 17:53:34 - [TEST_STEP][PASSED] - Statement - println(grouplist.get(i).getText()): null

2018-05-28 17:53:34 - [TEST_STEP][PASSED] - Statement - If (grouplist.get(i).getText().contains("0000")): null

2018-05-28 17:53:34 - [TEST_STEP][PASSED] - Statement - driver.findElement(org.openqa.selenium.By.xpath("(//ul[@class='unlinked-grouplist']/li/label)[" + i + 1 + "]")).click(): null

2018-05-28 17:53:34 - [TEST_STEP][PASSED] - Statement - println(grouplist.get(i).getText()): null

2018-05-28 17:53:34 - [TEST_STEP][PASSED] - Statement - If (grouplist.get(i).getText().contains("0000")): null

2018-05-28 17:53:34 - [TEST_STEP][PASSED] - Statement - driver.findElement(org.openqa.selenium.By.xpath("(//ul[@class='unlinked-grouplist']/li/label)[" + i + 1 + "]")).click(): null

2018-05-28 17:53:34 - [TEST_STEP][PASSED] - Statement - println(grouplist.get(i).getText()): null

2018-05-28 17:53:34 - [TEST_STEP][PASSED] - Statement - If (grouplist.get(i).getText().contains("0000")): null

2018-05-28 17:53:34 - [TEST_STEP][PASSED] - Statement - driver.findElement(org.openqa.selenium.By.xpath("(//ul[@class='unlinked-grouplist']/li/label)[" + i + 1 + "]")).click(): null

2018-05-28 17:53:34 - [TEST_STEP][PASSED] - Statement - println(grouplist.get(i).getText()): null

2018-05-28 17:53:34 - [TEST_STEP][PASSED] - Statement - If (grouplist.get(i).getText().contains("0000")): null

2018-05-28 17:53:34 - [TEST_STEP][PASSED] - Statement - driver.findElement(org.openqa.selenium.By.xpath("(//ul[@class='unlinked-grouplist']/li/label)[" + i + 1 + "]")).click(): null

2018-05-28 17:53:34 - [TEST_STEP][PASSED] - Statement - println(grouplist.get(i).getText()): null

2018-05-28 17:53:34 - [TEST_STEP][PASSED] - Statement - If (grouplist.get(i).getText().contains("0000")): null

2018-05-28 17:53:34 - [TEST_STEP][PASSED] - Statement - driver.findElement(org.openqa.selenium.By.xpath("(//ul[@class='unlinked-grouplist']/li/label)[" + i + 1 + "]")).click(): null

2018-05-28 17:53:34 - [TEST_STEP][PASSED] - Statement - println(grouplist.get(i).getText()): null

2018-05-28 17:53:35 - [TEST_STEP][PASSED] - Statement - If (grouplist.get(i).getText().contains("0000")): null

2018-05-28 17:53:35 - [TEST_STEP][PASSED] - Statement - driver.findElement(org.openqa.selenium.By.xpath("(//ul[@class='unlinked-grouplist']/li/label)[" + i + 1 + "]")).click(): null

2018-05-28 17:53:35 - [TEST_STEP][PASSED] - Statement - println(grouplist.get(i).getText()): null

2018-05-28 17:53:35 - [TEST_STEP][PASSED] - Statement - If (grouplist.get(i).getText().contains("0000")): null

2018-05-28 17:53:35 - [TEST_STEP][PASSED] - Statement - driver.findElement(org.openqa.selenium.By.xpath("(//ul[@class='unlinked-grouplist']/li/label)[" + i + 1 + "]")).click(): null

2018-05-28 17:53:35 - [TEST_STEP][PASSED] - Statement - println(grouplist.get(i).getText()): null

2018-05-28 17:53:35 - [TEST_STEP][PASSED] - Statement - If (grouplist.get(i).getText().contains("0000")): null

2018-05-28 17:53:35 - [TEST_STEP][PASSED] - Statement - driver.findElement(org.openqa.selenium.By.xpath("(//ul[@class='unlinked-grouplist']/li/label)[" + i + 1 + "]")).click(): null

2018-05-28 17:53:35 - [TEST_STEP][PASSED] - Statement - println(grouplist.get(i).getText()): null

2018-05-28 17:53:35 - [TEST_STEP][PASSED] - Statement - If (grouplist.get(i).getText().contains("0000")): null

2018-05-28 17:53:35 - [TEST_STEP][PASSED] - Statement - driver.findElement(org.openqa.selenium.By.xpath("(//ul[@class='unlinked-grouplist']/li/label)[" + i + 1 + "]")).click(): null

2018-05-28 17:53:35 - [TEST_STEP][PASSED] - Statement - println(grouplist.get(i).getText()): null

2018-05-28 17:53:35 - [TEST_STEP][PASSED] - Statement - If (grouplist.get(i).getText().contains("0000")): null

2018-05-28 17:53:35 - [TEST_STEP][PASSED] - Statement - driver.findElement(org.openqa.selenium.By.xpath("(//ul[@class='unlinked-grouplist']/li/label)[" + i + 1 + "]")).click(): null

2018-05-28 17:53:35 - [TEST_STEP][PASSED] - Statement - println(grouplist.get(i).getText()): null

2018-05-28 17:53:35 - [TEST_STEP][PASSED] - Statement - If (grouplist.get(i).getText().contains("0000")): null

2018-05-28 17:53:35 - [TEST_STEP][PASSED] - Statement - driver.findElement(org.openqa.selenium.By.xpath("(//ul[@class='unlinked-grouplist']/li/label)[" + i + 1 + "]")).click(): null

2018-05-28 17:53:35 - [TEST_STEP][PASSED] - Statement - println(grouplist.get(i).getText()): null

2018-05-28 17:53:35 - [TEST_STEP][PASSED] - Statement - If (grouplist.get(i).getText().contains("0000")): null

2018-05-28 17:53:35 - [TEST_STEP][PASSED] - Statement - driver.findElement(org.openqa.selenium.By.xpath("(//ul[@class='unlinked-grouplist']/li/label)[" + i + 1 + "]")).click(): null

2018-05-28 17:53:35 - [TEST_STEP][PASSED] - Statement - println(grouplist.get(i).getText()): null

2018-05-28 17:53:35 - [TEST_STEP][PASSED] - Statement - If (grouplist.get(i).getText().contains("0000")): null

2018-05-28 17:53:35 - [TEST_STEP][PASSED] - Statement - driver.findElement(org.openqa.selenium.By.xpath("(//ul[@class='unlinked-grouplist']/li/label)[" + i + 1 + "]")).click(): null

2018-05-28 17:53:35 - [TEST_STEP][PASSED] - Statement - println(grouplist.get(i).getText()): null

2018-05-28 17:53:35 - [TEST_STEP][PASSED] - Statement - If (grouplist.get(i).getText().contains("0000")): null

2018-05-28 17:53:35 - [TEST_STEP][PASSED] - Statement - driver.findElement(org.openqa.selenium.By.xpath("(//ul[@class='unlinked-grouplist']/li/label)[" + i + 1 + "]")).click(): null

2018-05-28 17:53:35 - [TEST_STEP][PASSED] - Statement - println(grouplist.get(i).getText()): null

2018-05-28 17:53:35 - [TEST_STEP][PASSED] - Statement - If (grouplist.get(i).getText().contains("0000")): null

2018-05-28 17:53:35 - [TEST_STEP][PASSED] - Statement - driver.findElement(org.openqa.selenium.By.xpath("(//ul[@class='unlinked-grouplist']/li/label)[" + i + 1 + "]")).click(): null

2018-05-28 17:53:35 - [TEST_STEP][PASSED] - Statement - println(grouplist.get(i).getText()): null

2018-05-28 17:53:35 - [TEST_STEP][PASSED] - Statement - If (grouplist.get(i).getText().contains("0000")): null

2018-05-28 17:53:35 - [TEST_STEP][PASSED] - Statement - driver.findElement(org.openqa.selenium.By.xpath("(//ul[@class='unlinked-grouplist']/li/label)[" + i + 1 + "]")).click(): null

2018-05-28 17:53:35 - [TEST_STEP][PASSED] - Statement - println(grouplist.get(i).getText()): null

2018-05-28 17:53:35 - [TEST_STEP][PASSED] - Statement - If (grouplist.get(i).getText().contains("0000")): null

2018-05-28 17:53:35 - [TEST_STEP][PASSED] - Statement - driver.findElement(org.openqa.selenium.By.xpath("(//ul[@class='unlinked-grouplist']/li/label)[" + i + 1 + "]")).click(): null

2018-05-28 17:53:36 - [TEST_STEP][PASSED] - Statement - println(grouplist.get(i).getText()): null

2018-05-28 17:53:36 - [TEST_STEP][PASSED] - Statement - If (grouplist.get(i).getText().contains("0000")): null

2018-05-28 17:53:36 - [TEST_STEP][PASSED] - Statement - driver.findElement(org.openqa.selenium.By.xpath("(//ul[@class='unlinked-grouplist']/li/label)[" + i + 1 + "]")).click(): null

2018-05-28 17:53:36 - [TEST_STEP][PASSED] - Statement - println(grouplist.get(i).getText()): null

2018-05-28 17:53:36 - [TEST_STEP][PASSED] - Statement - If (grouplist.get(i).getText().contains("0000")): null

2018-05-28 17:53:36 - [TEST_STEP][PASSED] - Statement - driver.findElement(org.openqa.selenium.By.xpath("(//ul[@class='unlinked-grouplist']/li/label)[" + i + 1 + "]")).click(): null

2018-05-28 17:53:36 - [TEST_STEP][PASSED] - Statement - println(grouplist.get(i).getText()): null

2018-05-28 17:53:36 - [TEST_STEP][PASSED] - Statement - If (grouplist.get(i).getText().contains("0000")): null

2018-05-28 17:53:36 - [TEST_STEP][PASSED] - Statement - driver.findElement(org.openqa.selenium.By.xpath("(//ul[@class='unlinked-grouplist']/li/label)[" + i + 1 + "]")).click(): null

2018-05-28 17:53:36 - [TEST_STEP][PASSED] - Statement - println(grouplist.get(i).getText()): null

2018-05-28 17:53:36 - [TEST_STEP][PASSED] - Statement - If (grouplist.get(i).getText().contains("0000")): null

2018-05-28 17:53:36 - [TEST_STEP][PASSED] - Statement - driver.findElement(org.openqa.selenium.By.xpath("(//ul[@class='unlinked-grouplist']/li/label)[" + i + 1 + "]")).click(): null

2018-05-28 17:53:36 - [TEST_STEP][PASSED] - Statement - println(grouplist.get(i).getText()): null

2018-05-28 17:53:36 - [TEST_STEP][PASSED] - Statement - If (grouplist.get(i).getText().contains("0000")): null

2018-05-28 17:53:36 - [TEST_STEP][PASSED] - Statement - driver.findElement(org.openqa.selenium.By.xpath("(//ul[@class='unlinked-grouplist']/li/label)[" + i + 1 + "]")).click(): null

2018-05-28 17:53:36 - [TEST_STEP][PASSED] - Statement - println(grouplist.get(i).getText()): null

2018-05-28 17:53:36 - [TEST_STEP][PASSED] - Statement - If (grouplist.get(i).getText().contains("0000")): null

2018-05-28 17:53:36 - [TEST_STEP][PASSED] - Statement - driver.findElement(org.openqa.selenium.By.xpath("(//ul[@class='unlinked-grouplist']/li/label)[" + i + 1 + "]")).click(): null

2018-05-28 17:53:36 - [TEST_STEP][PASSED] - Statement - println(grouplist.get(i).getText()): null

2018-05-28 17:53:36 - [TEST_STEP][PASSED] - Statement - If (grouplist.get(i).getText().contains("0000")): null

2018-05-28 17:53:36 - [TEST_STEP][PASSED] - Statement - driver.findElement(org.openqa.selenium.By.xpath("(//ul[@class='unlinked-grouplist']/li/label)[" + i + 1 + "]")).click(): null

2018-05-28 17:53:36 - [TEST_STEP][PASSED] - Statement - println(grouplist.get(i).getText()): null

2018-05-28 17:53:36 - [TEST_STEP][PASSED] - Statement - If (grouplist.get(i).getText().contains("0000")): null

2018-05-28 17:53:36 - [TEST_STEP][PASSED] - Statement - driver.findElement(org.openqa.selenium.By.xpath("(//ul[@class='unlinked-grouplist']/li/label)[" + i + 1 + "]")).click(): null

2018-05-28 17:53:36 - [TEST_STEP][PASSED] - Statement - println(grouplist.get(i).getText()): null

2018-05-28 17:53:36 - [TEST_STEP][PASSED] - Statement - If (grouplist.get(i).getText().contains("0000")): null

2018-05-28 17:53:36 - [TEST_STEP][PASSED] - Statement - driver.findElement(org.openqa.selenium.By.xpath("(//ul[@class='unlinked-grouplist']/li/label)[" + i + 1 + "]")).click(): null

2018-05-28 17:53:36 - [TEST_STEP][PASSED] - Statement - println(grouplist.get(i).getText()): null

2018-05-28 17:53:36 - [TEST_STEP][PASSED] - Statement - If (grouplist.get(i).getText().contains("0000")): null

2018-05-28 17:53:36 - [TEST_STEP][PASSED] - Statement - driver.findElement(org.openqa.selenium.By.xpath("(//ul[@class='unlinked-grouplist']/li/label)[" + i + 1 + "]")).click(): null

2018-05-28 17:53:36 - [TEST_STEP][PASSED] - Statement - println(grouplist.get(i).getText()): null

2018-05-28 17:53:36 - [TEST_STEP][PASSED] - Statement - If (grouplist.get(i).getText().contains("0000")): null

2018-05-28 17:53:36 - [TEST_STEP][PASSED] - Statement - driver.findElement(org.openqa.selenium.By.xpath("(//ul[@class='unlinked-grouplist']/li/label)[" + i + 1 + "]")).click(): null

2018-05-28 17:53:36 - [TEST_STEP][PASSED] - Statement - println(grouplist.get(i).getText()): null

2018-05-28 17:53:36 - [TEST_STEP][PASSED] - Statement - If (grouplist.get(i).getText().contains("0000")): null

2018-05-28 17:53:36 - [TEST_STEP][PASSED] - Statement - driver.findElement(org.openqa.selenium.By.xpath("(//ul[@class='unlinked-grouplist']/li/label)[" + i + 1 + "]")).click(): null

2018-05-28 17:53:37 - [TEST_STEP][PASSED] - Statement - println(grouplist.get(i).getText()): null

2018-05-28 17:53:37 - [TEST_STEP][PASSED] - Statement - If (grouplist.get(i).getText().contains("0000")): null

2018-05-28 17:53:37 - [TEST_STEP][PASSED] - Statement - driver.findElement(org.openqa.selenium.By.xpath("(//ul[@class='unlinked-grouplist']/li/label)[" + i + 1 + "]")).click(): null

2018-05-28 17:53:37 - [TEST_STEP][PASSED] - Statement - println(grouplist.get(i).getText()): null

2018-05-28 17:53:37 - [TEST_STEP][PASSED] - Statement - If (grouplist.get(i).getText().contains("0000")): null

2018-05-28 17:53:37 - [TEST_STEP][PASSED] - Statement - driver.findElement(org.openqa.selenium.By.xpath("(//ul[@class='unlinked-grouplist']/li/label)[" + i + 1 + "]")).click(): null

2018-05-28 17:53:37 - [TEST_STEP][PASSED] - Statement - println(grouplist.get(i).getText()): null

2018-05-28 17:53:37 - [TEST_STEP][PASSED] - Statement - If (grouplist.get(i).getText().contains("0000")): null

2018-05-28 17:53:37 - [TEST_STEP][PASSED] - Statement - driver.findElement(org.openqa.selenium.By.xpath("(//ul[@class='unlinked-grouplist']/li/label)[" + i + 1 + "]")).click(): null

2018-05-28 17:53:37 - [TEST_STEP][PASSED] - Statement - println(grouplist.get(i).getText()): null

2018-05-28 17:53:37 - [TEST_STEP][PASSED] - Statement - If (grouplist.get(i).getText().contains("0000")): null

2018-05-28 17:53:37 - [TEST_STEP][PASSED] - Statement - driver.findElement(org.openqa.selenium.By.xpath("(//ul[@class='unlinked-grouplist']/li/label)[" + i + 1 + "]")).click(): null

2018-05-28 17:53:37 - [TEST_STEP][PASSED] - Statement - println(grouplist.get(i).getText()): null

2018-05-28 17:53:37 - [TEST_STEP][PASSED] - Statement - If (grouplist.get(i).getText().contains("0000")): null

2018-05-28 17:53:37 - [TEST_STEP][PASSED] - Statement - driver.findElement(org.openqa.selenium.By.xpath("(//ul[@class='unlinked-grouplist']/li/label)[" + i + 1 + "]")).click(): null

2018-05-28 17:53:37 - [TEST_STEP][PASSED] - Statement - println(grouplist.get(i).getText()): null

2018-05-28 17:53:37 - [TEST_STEP][PASSED] - Statement - If (grouplist.get(i).getText().contains("0000")): null

2018-05-28 17:53:37 - [TEST_STEP][PASSED] - Statement - driver.findElement(org.openqa.selenium.By.xpath("(//ul[@class='unlinked-grouplist']/li/label)[" + i + 1 + "]")).click(): null

2018-05-28 17:53:37 - [TEST_STEP][PASSED] - Statement - println(grouplist.get(i).getText()): null

2018-05-28 17:53:37 - [TEST_STEP][PASSED] - Statement - If (grouplist.get(i).getText().contains("0000")): null

2018-05-28 17:53:37 - [TEST_STEP][PASSED] - Statement - driver.findElement(org.openqa.selenium.By.xpath("(//ul[@class='unlinked-grouplist']/li/label)[" + i + 1 + "]")).click(): null

2018-05-28 17:53:37 - [TEST_STEP][PASSED] - Statement - println(grouplist.get(i).getText()): null

2018-05-28 17:53:37 - [TEST_STEP][PASSED] - Statement - If (grouplist.get(i).getText().contains("0000")): null

2018-05-28 17:53:37 - [TEST_STEP][PASSED] - Statement - driver.findElement(org.openqa.selenium.By.xpath("(//ul[@class='unlinked-grouplist']/li/label)[" + i + 1 + "]")).click(): null

2018-05-28 17:53:37 - [TEST_STEP][PASSED] - Statement - println(grouplist.get(i).getText()): null

2018-05-28 17:53:37 - [TEST_STEP][PASSED] - Statement - If (grouplist.get(i).getText().contains("0000")): null

2018-05-28 17:53:37 - [TEST_STEP][PASSED] - Statement - driver.findElement(org.openqa.selenium.By.xpath("(//ul[@class='unlinked-grouplist']/li/label)[" + i + 1 + "]")).click(): null

2018-05-28 17:53:37 - [TEST_STEP][PASSED] - Statement - println(grouplist.get(i).getText()): null

2018-05-28 17:53:37 - [TEST_STEP][PASSED] - Statement - If (grouplist.get(i).getText().contains("0000")): null

2018-05-28 17:53:37 - [TEST_STEP][PASSED] - Statement - driver.findElement(org.openqa.selenium.By.xpath("(//ul[@class='unlinked-grouplist']/li/label)[" + i + 1 + "]")).click(): null

2018-05-28 17:53:37 - [TEST_STEP][PASSED] - Statement - println(grouplist.get(i).getText()): null

2018-05-28 17:53:37 - [TEST_STEP][PASSED] - Statement - If (grouplist.get(i).getText().contains("0000")): null

2018-05-28 17:53:37 - [TEST_STEP][PASSED] - Statement - driver.findElement(org.openqa.selenium.By.xpath("(//ul[@class='unlinked-grouplist']/li/label)[" + i + 1 + "]")).click(): null

2018-05-28 17:53:37 - [TEST_STEP][PASSED] - Statement - println(grouplist.get(i).getText()): null

2018-05-28 17:53:37 - [TEST_STEP][PASSED] - Statement - If (grouplist.get(i).getText().contains("0000")): null

2018-05-28 17:53:37 - [TEST_STEP][PASSED] - Statement - driver.findElement(org.openqa.selenium.By.xpath("(//ul[@class='unlinked-grouplist']/li/label)[" + i + 1 + "]")).click(): null

2018-05-28 17:53:38 - [TEST_STEP][PASSED] - Statement - println(grouplist.get(i).getText()): null

2018-05-28 17:53:38 - [TEST_STEP][PASSED] - Statement - If (grouplist.get(i).getText().contains("0000")): null

2018-05-28 17:53:38 - [TEST_STEP][PASSED] - Statement - driver.findElement(org.openqa.selenium.By.xpath("(//ul[@class='unlinked-grouplist']/li/label)[" + i + 1 + "]")).click(): null

2018-05-28 17:53:38 - [TEST_STEP][PASSED] - Statement - println(grouplist.get(i).getText()): null

2018-05-28 17:53:38 - [TEST_STEP][PASSED] - Statement - If (grouplist.get(i).getText().contains("0000")): null

2018-05-28 17:53:38 - [TEST_STEP][PASSED] - Statement - driver.findElement(org.openqa.selenium.By.xpath("(//ul[@class='unlinked-grouplist']/li/label)[" + i + 1 + "]")).click(): null

2018-05-28 17:53:38 - [TEST_STEP][PASSED] - Statement - println(grouplist.get(i).getText()): null

2018-05-28 17:53:38 - [TEST_STEP][PASSED] - Statement - If (grouplist.get(i).getText().contains("0000")): null

2018-05-28 17:53:38 - [TEST_STEP][PASSED] - Statement - driver.findElement(org.openqa.selenium.By.xpath("(//ul[@class='unlinked-grouplist']/li/label)[" + i + 1 + "]")).click(): null

2018-05-28 17:53:38 - [TEST_STEP][PASSED] - Statement - println(grouplist.get(i).getText()): null

2018-05-28 17:53:38 - [TEST_STEP][PASSED] - Statement - If (grouplist.get(i).getText().contains("0000")): null

2018-05-28 17:53:38 - [TEST_STEP][PASSED] - Statement - driver.findElement(org.openqa.selenium.By.xpath("(//ul[@class='unlinked-grouplist']/li/label)[" + i + 1 + "]")).click(): null

2018-05-28 17:53:38 - [TEST_STEP][PASSED] - Statement - println(grouplist.get(i).getText()): null

2018-05-28 17:53:38 - [TEST_STEP][PASSED] - Statement - If (grouplist.get(i).getText().contains("0000")): null

2018-05-28 17:53:38 - [TEST_STEP][PASSED] - Statement - driver.findElement(org.openqa.selenium.By.xpath("(//ul[@class='unlinked-grouplist']/li/label)[" + i + 1 + "]")).click(): null

2018-05-28 17:53:38 - [TEST_STEP][PASSED] - Statement - println(grouplist.get(i).getText()): null

2018-05-28 17:53:38 - [TEST_STEP][PASSED] - Statement - If (grouplist.get(i).getText().contains("0000")): null

2018-05-28 17:53:38 - [TEST_STEP][PASSED] - Statement - driver.findElement(org.openqa.selenium.By.xpath("(//ul[@class='unlinked-grouplist']/li/label)[" + i + 1 + "]")).click(): null

2018-05-28 17:53:38 - [TEST_STEP][PASSED] - Statement - println(grouplist.get(i).getText()): null

2018-05-28 17:53:38 - [TEST_STEP][PASSED] - Statement - If (grouplist.get(i).getText().contains("0000")): null

2018-05-28 17:53:38 - [TEST_STEP][PASSED] - Statement - driver.findElement(org.openqa.selenium.By.xpath("(//ul[@class='unlinked-grouplist']/li/label)[" + i + 1 + "]")).click(): null

2018-05-28 17:53:38 - [TEST_STEP][PASSED] - Statement - println(grouplist.get(i).getText()): null

2018-05-28 17:53:38 - [TEST_STEP][PASSED] - Statement - If (grouplist.get(i).getText().contains("0000")): null

2018-05-28 17:53:38 - [TEST_STEP][PASSED] - Statement - driver.findElement(org.openqa.selenium.By.xpath("(//ul[@class='unlinked-grouplist']/li/label)[" + i + 1 + "]")).click(): null

2018-05-28 17:53:38 - [TEST_STEP][PASSED] - Statement - println(grouplist.get(i).getText()): null

2018-05-28 17:53:38 - [TEST_STEP][PASSED] - Statement - If (grouplist.get(i).getText().contains("0000")): null

2018-05-28 17:53:38 - [TEST_STEP][PASSED] - Statement - driver.findElement(org.openqa.selenium.By.xpath("(//ul[@class='unlinked-grouplist']/li/label)[" + i + 1 + "]")).click(): null

2018-05-28 17:53:38 - [TEST_STEP][PASSED] - Statement - println(grouplist.get(i).getText()): null

2018-05-28 17:53:38 - [TEST_STEP][PASSED] - Statement - If (grouplist.get(i).getText().contains("0000")): null

2018-05-28 17:53:38 - [TEST_STEP][PASSED] - Statement - driver.findElement(org.openqa.selenium.By.xpath("(//ul[@class='unlinked-grouplist']/li/label)[" + i + 1 + "]")).click(): null

2018-05-28 17:53:38 - [TEST_STEP][PASSED] - Statement - println(grouplist.get(i).getText()): null

2018-05-28 17:53:38 - [TEST_STEP][PASSED] - Statement - If (grouplist.get(i).getText().contains("0000")): null

2018-05-28 17:53:38 - [TEST_STEP][PASSED] - Statement - driver.findElement(org.openqa.selenium.By.xpath("(//ul[@class='unlinked-grouplist']/li/label)[" + i + 1 + "]")).click(): null

2018-05-28 17:53:38 - [TEST_STEP][PASSED] - Statement - println(grouplist.get(i).getText()): null

2018-05-28 17:53:38 - [TEST_STEP][PASSED] - Statement - If (grouplist.get(i).getText().contains("0000")): null

2018-05-28 17:53:39 - [TEST_STEP][PASSED] - Statement - driver.findElement(org.openqa.selenium.By.xpath("(//ul[@class='unlinked-grouplist']/li/label)[" + i + 1 + "]")).click(): null

2018-05-28 17:53:39 - [TEST_STEP][PASSED] - Statement - println(grouplist.get(i).getText()): null

2018-05-28 17:53:39 - [TEST_STEP][PASSED] - Statement - If (grouplist.get(i).getText().contains("0000")): null

2018-05-28 17:53:39 - [TEST_STEP][PASSED] - Statement - driver.findElement(org.openqa.selenium.By.xpath("(//ul[@class='unlinked-grouplist']/li/label)[" + i + 1 + "]")).click(): null

2018-05-28 17:53:39 - [TEST_STEP][PASSED] - Statement - println(grouplist.get(i).getText()): null

2018-05-28 17:53:39 - [TEST_STEP][PASSED] - Statement - If (grouplist.get(i).getText().contains("0000")): null

2018-05-28 17:53:39 - [TEST_STEP][PASSED] - Statement - driver.findElement(org.openqa.selenium.By.xpath("(//ul[@class='unlinked-grouplist']/li/label)[" + i + 1 + "]")).click(): null

2018-05-28 17:53:39 - [TEST_STEP][PASSED] - Statement - println(grouplist.get(i).getText()): null

2018-05-28 17:53:39 - [TEST_STEP][PASSED] - Statement - If (grouplist.get(i).getText().contains("0000")): null

2018-05-28 17:53:39 - [TEST_STEP][PASSED] - Statement - driver.findElement(org.openqa.selenium.By.xpath("(//ul[@class='unlinked-grouplist']/li/label)[" + i + 1 + "]")).click(): null

2018-05-28 17:53:39 - [TEST_STEP][PASSED] - Statement - println(grouplist.get(i).getText()): null

2018-05-28 17:53:39 - [TEST_STEP][PASSED] - Statement - If (grouplist.get(i).getText().contains("0000")): null

2018-05-28 17:53:39 - [TEST_STEP][PASSED] - Statement - driver.findElement(org.openqa.selenium.By.xpath("(//ul[@class='unlinked-grouplist']/li/label)[" + i + 1 + "]")).click(): null

2018-05-28 17:53:39 - [TEST_STEP][PASSED] - Statement - println(grouplist.get(i).getText()): null

2018-05-28 17:53:39 - [TEST_STEP][PASSED] - Statement - If (grouplist.get(i).getText().contains("0000")): null

2018-05-28 17:53:39 - [TEST_STEP][PASSED] - Statement - driver.findElement(org.openqa.selenium.By.xpath("(//ul[@class='unlinked-grouplist']/li/label)[" + i + 1 + "]")).click(): null

2018-05-28 17:53:39 - [TEST_STEP][PASSED] - Statement - println(grouplist.get(i).getText()): null

2018-05-28 17:53:39 - [TEST_STEP][PASSED] - Statement - If (grouplist.get(i).getText().contains("0000")): null

2018-05-28 17:53:39 - [TEST_STEP][PASSED] - Statement - driver.findElement(org.openqa.selenium.By.xpath("(//ul[@class='unlinked-grouplist']/li/label)[" + i + 1 + "]")).click(): null

2018-05-28 17:53:39 - [TEST_STEP][PASSED] - Statement - println(grouplist.get(i).getText()): null

2018-05-28 17:53:39 - [TEST_STEP][PASSED] - Statement - If (grouplist.get(i).getText().contains("0000")): null

2018-05-28 17:53:39 - [TEST_STEP][PASSED] - Statement - driver.findElement(org.openqa.selenium.By.xpath("(//ul[@class='unlinked-grouplist']/li/label)[" + i + 1 + "]")).click(): null

2018-05-28 17:53:39 - [TEST_STEP][PASSED] - Statement - println(grouplist.get(i).getText()): null

2018-05-28 17:53:39 - [TEST_STEP][PASSED] - Statement - If (grouplist.get(i).getText().contains("0000")): null

2018-05-28 17:53:39 - [TEST_STEP][PASSED] - Statement - driver.findElement(org.openqa.selenium.By.xpath("(//ul[@class='unlinked-grouplist']/li/label)[" + i + 1 + "]")).click(): null

2018-05-28 17:53:39 - [TEST_STEP][PASSED] - Statement - println(grouplist.get(i).getText()): null

2018-05-28 17:53:39 - [TEST_STEP][PASSED] - Statement - If (grouplist.get(i).getText().contains("0000")): null

2018-05-28 17:53:39 - [TEST_STEP][PASSED] - Statement - driver.findElement(org.openqa.selenium.By.xpath("(//ul[@class='unlinked-grouplist']/li/label)[" + i + 1 + "]")).click(): null

2018-05-28 17:53:39 - [TEST_STEP][PASSED] - Statement - println(grouplist.get(i).getText()): null

2018-05-28 17:53:39 - [TEST_STEP][PASSED] - Statement - If (grouplist.get(i).getText().contains("0000")): null

2018-05-28 17:53:39 - [TEST_STEP][PASSED] - Statement - driver.findElement(org.openqa.selenium.By.xpath("(//ul[@class='unlinked-grouplist']/li/label)[" + i + 1 + "]")).click(): null

2018-05-28 17:53:39 - [TEST_STEP][PASSED] - Statement - println(grouplist.get(i).getText()): null

2018-05-28 17:53:39 - [TEST_STEP][PASSED] - Statement - If (grouplist.get(i).getText().contains("0000")): null

2018-05-28 17:53:39 - [TEST_STEP][PASSED] - Statement - driver.findElement(org.openqa.selenium.By.xpath("(//ul[@class='unlinked-grouplist']/li/label)[" + i + 1 + "]")).click(): null

2018-05-28 17:53:39 - [TEST_STEP][PASSED] - Statement - println(grouplist.get(i).getText()): null

2018-05-28 17:53:40 - [TEST_STEP][PASSED] - Statement - If (grouplist.get(i).getText().contains("0000")): null

2018-05-28 17:53:40 - [TEST_STEP][PASSED] - Statement - driver.findElement(org.openqa.selenium.By.xpath("(//ul[@class='unlinked-grouplist']/li/label)[" + i + 1 + "]")).click(): null

2018-05-28 17:53:40 - [TEST_STEP][PASSED] - Statement - println(grouplist.get(i).getText()): null

2018-05-28 17:53:40 - [TEST_STEP][PASSED] - Statement - If (grouplist.get(i).getText().contains("0000")): null

2018-05-28 17:53:40 - [TEST_STEP][PASSED] - Statement - driver.findElement(org.openqa.selenium.By.xpath("(//ul[@class='unlinked-grouplist']/li/label)[" + i + 1 + "]")).click(): null

2018-05-28 17:53:40 - [TEST_STEP][PASSED] - Statement - println(grouplist.get(i).getText()): null

2018-05-28 17:53:40 - [TEST_STEP][PASSED] - Statement - If (grouplist.get(i).getText().contains("0000")): null

2018-05-28 17:53:40 - [TEST_STEP][PASSED] - Statement - driver.findElement(org.openqa.selenium.By.xpath("(//ul[@class='unlinked-grouplist']/li/label)[" + i + 1 + "]")).click(): null

2018-05-28 17:53:40 - [TEST_STEP][PASSED] - Statement - println(grouplist.get(i).getText()): null

2018-05-28 17:53:40 - [TEST_STEP][PASSED] - Statement - If (grouplist.get(i).getText().contains("0000")): null

2018-05-28 17:53:40 - [TEST_STEP][PASSED] - Statement - driver.findElement(org.openqa.selenium.By.xpath("(//ul[@class='unlinked-grouplist']/li/label)[" + i + 1 + "]")).click(): null

2018-05-28 17:53:40 - [TEST_STEP][PASSED] - Statement - println(grouplist.get(i).getText()): null

2018-05-28 17:53:40 - [TEST_STEP][PASSED] - Statement - If (grouplist.get(i).getText().contains("0000")): null

2018-05-28 17:53:40 - [TEST_STEP][PASSED] - Statement - driver.findElement(org.openqa.selenium.By.xpath("(//ul[@class='unlinked-grouplist']/li/label)[" + i + 1 + "]")).click(): null

2018-05-28 17:53:40 - [TEST_STEP][PASSED] - Statement - println(grouplist.get(i).getText()): null

2018-05-28 17:53:40 - [TEST_STEP][PASSED] - Statement - If (grouplist.get(i).getText().contains("0000")): null

2018-05-28 17:53:40 - [TEST_STEP][PASSED] - Statement - driver.findElement(org.openqa.selenium.By.xpath("(//ul[@class='unlinked-grouplist']/li/label)[" + i + 1 + "]")).click(): null

2018-05-28 17:53:40 - [TEST_STEP][PASSED] - Statement - println(grouplist.get(i).getText()): null

2018-05-28 17:53:40 - [TEST_STEP][PASSED] - Statement - If (grouplist.get(i).getText().contains("0000")): null

2018-05-28 17:53:40 - [TEST_STEP][PASSED] - Statement - driver.findElement(org.openqa.selenium.By.xpath("(//ul[@class='unlinked-grouplist']/li/label)[" + i + 1 + "]")).click(): null

2018-05-28 17:53:40 - [TEST_STEP][PASSED] - Statement - println(grouplist.get(i).getText()): null

2018-05-28 17:53:40 - [TEST_STEP][PASSED] - Statement - If (grouplist.get(i).getText().contains("0000")): null

2018-05-28 17:53:40 - [TEST_STEP][PASSED] - Statement - driver.findElement(org.openqa.selenium.By.xpath("(//ul[@class='unlinked-grouplist']/li/label)[" + i + 1 + "]")).click(): null

2018-05-28 17:53:40 - [TEST_STEP][PASSED] - Statement - println(grouplist.get(i).getText()): null

2018-05-28 17:53:40 - [TEST_STEP][PASSED] - Statement - If (grouplist.get(i).getText().contains("0000")): null

2018-05-28 17:53:40 - [TEST_STEP][PASSED] - Statement - driver.findElement(org.openqa.selenium.By.xpath("(//ul[@class='unlinked-grouplist']/li/label)[" + i + 1 + "]")).click(): null

2018-05-28 17:53:40 - [TEST_STEP][PASSED] - Statement - println(grouplist.get(i).getText()): null

2018-05-28 17:53:40 - [TEST_STEP][PASSED] - Statement - If (grouplist.get(i).getText().contains("0000")): null

2018-05-28 17:53:40 - [TEST_STEP][PASSED] - Statement - driver.findElement(org.openqa.selenium.By.xpath("(//ul[@class='unlinked-grouplist']/li/label)[" + i + 1 + "]")).click(): null

2018-05-28 17:53:40 - [TEST_STEP][PASSED] - Statement - println(grouplist.get(i).getText()): null

2018-05-28 17:53:40 - [TEST_STEP][PASSED] - Statement - If (grouplist.get(i).getText().contains("0000")): null

2018-05-28 17:53:40 - [TEST_STEP][PASSED] - Statement - driver.findElement(org.openqa.selenium.By.xpath("(//ul[@class='unlinked-grouplist']/li/label)[" + i + 1 + "]")).click(): null

2018-05-28 17:53:40 - [TEST_STEP][PASSED] - Statement - println(grouplist.get(i).getText()): null

2018-05-28 17:53:40 - [TEST_STEP][PASSED] - Statement - If (grouplist.get(i).getText().contains("0000")): null

2018-05-28 17:53:40 - [TEST_STEP][PASSED] - Statement - driver.findElement(org.openqa.selenium.By.xpath("(//ul[@class='unlinked-grouplist']/li/label)[" + i + 1 + "]")).click(): null

2018-05-28 17:53:41 - [TEST_STEP][PASSED] - Statement - println(grouplist.get(i).getText()): null

2018-05-28 17:53:41 - [TEST_STEP][PASSED] - Statement - If (grouplist.get(i).getText().contains("0000")): null

2018-05-28 17:53:41 - [TEST_STEP][PASSED] - Statement - driver.findElement(org.openqa.selenium.By.xpath("(//ul[@class='unlinked-grouplist']/li/label)[" + i + 1 + "]")).click(): null

2018-05-28 17:53:41 - [TEST_STEP][PASSED] - Statement - println(grouplist.get(i).getText()): null

2018-05-28 17:53:41 - [TEST_STEP][PASSED] - Statement - If (grouplist.get(i).getText().contains("0000")): null

2018-05-28 17:53:41 - [TEST_STEP][PASSED] - Statement - driver.findElement(org.openqa.selenium.By.xpath("(//ul[@class='unlinked-grouplist']/li/label)[" + i + 1 + "]")).click(): null

2018-05-28 17:53:41 - [TEST_STEP][PASSED] - Statement - println(grouplist.get(i).getText()): null

2018-05-28 17:53:41 - [TEST_STEP][PASSED] - Statement - If (grouplist.get(i).getText().contains("0000")): null

2018-05-28 17:53:41 - [TEST_STEP][PASSED] - Statement - driver.findElement(org.openqa.selenium.By.xpath("(//ul[@class='unlinked-grouplist']/li/label)[" + i + 1 + "]")).click(): null

2018-05-28 17:53:41 - [TEST_STEP][PASSED] - Statement - println(grouplist.get(i).getText()): null

2018-05-28 17:53:41 - [TEST_STEP][PASSED] - Statement - If (grouplist.get(i).getText().contains("0000")): null

2018-05-28 17:53:41 - [TEST_STEP][PASSED] - Statement - driver.findElement(org.openqa.selenium.By.xpath("(//ul[@class='unlinked-grouplist']/li/label)[" + i + 1 + "]")).click(): null

2018-05-28 17:53:41 - [TEST_STEP][PASSED] - Statement - println(grouplist.get(i).getText()): null

2018-05-28 17:53:41 - [TEST_STEP][PASSED] - Statement - If (grouplist.get(i).getText().contains("0000")): null

2018-05-28 17:53:41 - [TEST_STEP][PASSED] - Statement - driver.findElement(org.openqa.selenium.By.xpath("(//ul[@class='unlinked-grouplist']/li/label)[" + i + 1 + "]")).click(): null

2018-05-28 17:53:41 - [TEST_STEP][PASSED] - Statement - println(grouplist.get(i).getText()): null

2018-05-28 17:53:41 - [TEST_STEP][PASSED] - Statement - If (grouplist.get(i).getText().contains("0000")): null

2018-05-28 17:53:41 - [TEST_STEP][PASSED] - Statement - driver.findElement(org.openqa.selenium.By.xpath("(//ul[@class='unlinked-grouplist']/li/label)[" + i + 1 + "]")).click(): null

2018-05-28 17:53:41 - [TEST_STEP][PASSED] - Statement - println(grouplist.get(i).getText()): null

2018-05-28 17:53:41 - [TEST_STEP][PASSED] - Statement - If (grouplist.get(i).getText().contains("0000")): null

2018-05-28 17:53:41 - [TEST_STEP][PASSED] - Statement - driver.findElement(org.openqa.selenium.By.xpath("(//ul[@class='unlinked-grouplist']/li/label)[" + i + 1 + "]")).click(): null

2018-05-28 17:53:41 - [TEST_STEP][PASSED] - Statement - println(grouplist.get(i).getText()): null

2018-05-28 17:53:41 - [TEST_STEP][PASSED] - Statement - If (grouplist.get(i).getText().contains("0000")): null

2018-05-28 17:53:41 - [TEST_STEP][PASSED] - Statement - driver.findElement(org.openqa.selenium.By.xpath("(//ul[@class='unlinked-grouplist']/li/label)[" + i + 1 + "]")).click(): null

2018-05-28 17:53:41 - [TEST_STEP][PASSED] - Statement - println(grouplist.get(i).getText()): null

2018-05-28 17:53:41 - [TEST_STEP][PASSED] - Statement - If (grouplist.get(i).getText().contains("0000")): null

2018-05-28 17:53:41 - [TEST_STEP][PASSED] - Statement - driver.findElement(org.openqa.selenium.By.xpath("(//ul[@class='unlinked-grouplist']/li/label)[" + i + 1 + "]")).click(): null

2018-05-28 17:53:41 - [TEST_STEP][PASSED] - Statement - println(grouplist.get(i).getText()): null

2018-05-28 17:53:41 - [TEST_STEP][PASSED] - Statement - If (grouplist.get(i).getText().contains("0000")): null

2018-05-28 17:53:41 - [TEST_STEP][PASSED] - Statement - driver.findElement(org.openqa.selenium.By.xpath("(//ul[@class='unlinked-grouplist']/li/label)[" + i + 1 + "]")).click(): null

2018-05-28 17:53:41 - [TEST_STEP][PASSED] - Statement - println(grouplist.get(i).getText()): null

2018-05-28 17:53:41 - [TEST_STEP][PASSED] - Statement - If (grouplist.get(i).getText().contains("0000")): null

2018-05-28 17:53:41 - [TEST_STEP][PASSED] - Statement - driver.findElement(org.openqa.selenium.By.xpath("(//ul[@class='unlinked-grouplist']/li/label)[" + i + 1 + "]")).click(): null

2018-05-28 17:53:41 - [TEST_STEP][PASSED] - Statement - println(grouplist.get(i).getText()): null

2018-05-28 17:53:42 - [TEST_STEP][PASSED] - Statement - If (grouplist.get(i).getText().contains("0000")): null

2018-05-28 17:53:42 - [TEST_STEP][PASSED] - Statement - driver.findElement(org.openqa.selenium.By.xpath("(//ul[@class='unlinked-grouplist']/li/label)[" + i + 1 + "]")).click(): null

2018-05-28 17:53:42 - [TEST_STEP][PASSED] - Statement - println(grouplist.get(i).getText()): null

2018-05-28 17:53:42 - [TEST_STEP][PASSED] - Statement - If (grouplist.get(i).getText().contains("0000")): null

2018-05-28 17:53:42 - [TEST_STEP][PASSED] - Statement - driver.findElement(org.openqa.selenium.By.xpath("(//ul[@class='unlinked-grouplist']/li/label)[" + i + 1 + "]")).click(): null

2018-05-28 17:53:42 - [TEST_STEP][PASSED] - Statement - driver.findElement(org.openqa.selenium.By.xpath("//button[contains(text(),'>')]")).click(): null

2018-05-28 17:53:42 - [TEST_STEP][PASSED] - delay: Delayed 10 second(s)

2018-05-28 17:53:52 - [MESSAGE][PASSED] - Delayed 10 second(s)

2018-05-28 17:53:52 - [TEST_STEP][PASSED] - uiaction.CommonUIActions.click: uiaction.CommonUIActions.click is PASSED

2018-05-28 17:53:52 - [MESSAGE][PASSED] - uiaction.CommonUIActions.click is PASSED

2018-05-28 17:53:52 - [TEST_STEP][PASSED] - uiaction.CommonUIActions.click: uiaction.CommonUIActions.click is PASSED

2018-05-28 17:53:52 - [MESSAGE][PASSED] - uiaction.CommonUIActions.click is PASSED

2018-05-28 17:53:52 - [TEST_STEP][PASSED] - delay: Delayed 10 second(s)

2018-05-28 17:54:02 - [MESSAGE][PASSED] - Delayed 10 second(s)

2018-05-28 17:54:02 - [TEST_STEP][PASSED] - uiaction.CommonUIActions.click: uiaction.CommonUIActions.click is PASSED

2018-05-28 17:54:02 - [MESSAGE][PASSED] - uiaction.CommonUIActions.click is PASSED

2018-05-28 17:54:02 - [TEST_STEP][PASSED] - delay: Delayed 10 second(s)

2018-05-28 17:54:12 - [MESSAGE][PASSED] - Delayed 10 second(s)

2018-05-28 17:54:12 - [TEST_STEP][PASSED] - Statement - driver.findElement(org.openqa.selenium.By.xpath("//span[contains(text(),'" + groupmain + "')]/../../../../span[1]")).click(): null

2018-05-28 17:54:12 - [TEST_STEP][PASSED] - delay: Delayed 5 second(s)

2018-05-28 17:54:17 - [MESSAGE][PASSED] - Delayed 5 second(s)

2018-05-28 17:54:17 - [TEST_STEP][PASSED] - Statement - driver.findElement(org.openqa.selenium.By.xpath("//span[contains(text(),'" + groupmain + "')]/../../../../span[2]")).click(): null

2018-05-28 17:54:17 - [TEST_STEP][PASSED] - delay: Delayed 5 second(s)

2018-05-28 17:54:22 - [MESSAGE][PASSED] - Delayed 5 second(s)

2018-05-28 17:54:22 - [TEST_STEP][PASSED] - click: Object: 'Object Repository/ReportsPage/fromDateSelector' is clicked on

2018-05-28 17:54:23 - [MESSAGE][PASSED] - Object: 'Object Repository/ReportsPage/fromDateSelector' is clicked on

2018-05-28 17:54:23 - [TEST_STEP][PASSED] - delay: Delayed 5 second(s)

2018-05-28 17:54:28 - [MESSAGE][PASSED] - Delayed 5 second(s)

2018-05-28 17:54:28 - [TEST_STEP][PASSED] - Statement - monthText = com.kms.katalon.core.webui.keyword.WebUiBuiltInKeywords.getText(com.kms.katalon.core.testobject.ObjectRepository.findTestObject(ReportsPage/monthText)): Text of object 'Object Repository/ReportsPage/monthText' is: 'May 2018'

2018-05-28 17:54:28 - [MESSAGE][PASSED] - Text of object 'Object Repository/ReportsPage/monthText' is: 'May 2018'

2018-05-28 17:54:28 - [TEST_STEP][PASSED] - Statement - monthTextArray = monthText.split(" "): null

2018-05-28 17:54:28 - [TEST_STEP][PASSED] - Statement - month = monthTextArray[0]: null

2018-05-28 17:54:28 - [TEST_STEP][PASSED] - Statement - monthTextValue_march = CustomKeywords.projectSpecific.Reusability.getTestData("ReportsPage", "Month_march"): projectSpecific.Reusability.getTestData is PASSED

2018-05-28 17:54:28 - [MESSAGE][PASSED] - projectSpecific.Reusability.getTestData is PASSED

2018-05-28 17:54:28 - [TEST_STEP][PASSED] - Statement - If (!(monthTextValue_march.equals(month))): null

2018-05-28 17:54:28 - [TEST_STEP][PASSED] - Statement - While (!(monthTextValue_march.equals(month))): null

2018-05-28 17:54:28 - [TEST_STEP][PASSED] - click: Object: 'Object Repository/ReportsPage/previousDateSelector' is clicked on

2018-05-28 17:54:28 - [MESSAGE][PASSED] - Object: 'Object Repository/ReportsPage/previousDateSelector' is clicked on

2018-05-28 17:54:28 - [TEST_STEP][PASSED] - Statement - monthText = com.kms.katalon.core.webui.keyword.WebUiBuiltInKeywords.getText(com.kms.katalon.core.testobject.ObjectRepository.findTestObject(ReportsPage/monthText)): Text of object 'Object Repository/ReportsPage/monthText' is: 'April 2018'

2018-05-28 17:54:28 - [MESSAGE][PASSED] - Text of object 'Object Repository/ReportsPage/monthText' is: 'April 2018'

2018-05-28 17:54:28 - [TEST_STEP][PASSED] - Statement - monthTextArray = monthText.split(" "): null

2018-05-28 17:54:28 - [TEST_STEP][PASSED] - Statement - month = monthTextArray[0]: null

2018-05-28 17:54:28 - [TEST_STEP][PASSED] - click: Object: 'Object Repository/ReportsPage/previousDateSelector' is clicked on

2018-05-28 17:54:28 - [MESSAGE][PASSED] - Object: 'Object Repository/ReportsPage/previousDateSelector' is clicked on

2018-05-28 17:54:28 - [TEST_STEP][PASSED] - Statement - monthText = com.kms.katalon.core.webui.keyword.WebUiBuiltInKeywords.getText(com.kms.katalon.core.testobject.ObjectRepository.findTestObject(ReportsPage/monthText)): Text of object 'Object Repository/ReportsPage/monthText' is: 'March 2018'

2018-05-28 17:54:28 - [MESSAGE][PASSED] - Text of object 'Object Repository/ReportsPage/monthText' is: 'March 2018'

2018-05-28 17:54:28 - [TEST_STEP][PASSED] - Statement - monthTextArray = monthText.split(" "): null

2018-05-28 17:54:28 - [TEST_STEP][PASSED] - Statement - month = monthTextArray[0]: null

2018-05-28 17:54:28 - [TEST_STEP][PASSED] - Statement - data = CustomKeywords.projectSpecific.Reusability.getTestData("ReportsPage", "StartDate"): projectSpecific.Reusability.getTestData is PASSED

2018-05-28 17:54:28 - [MESSAGE][PASSED] - projectSpecific.Reusability.getTestData is PASSED

2018-05-28 17:54:28 - [TEST_STEP][PASSED] - Statement - startDate = "(//td[text()='" + data + "'])[1]": null

2018-05-28 17:54:28 - [TEST_STEP][PASSED] - Statement - println(startDate): null

2018-05-28 17:54:28 - [TEST_STEP][PASSED] - Statement - startdateEle = driver.findElement(org.openqa.selenium.By.xpath(startDate)): null

2018-05-28 17:54:28 - [TEST_STEP][PASSED] - Statement - startdateEle.click(): null

2018-05-28 17:54:28 - [TEST_STEP][PASSED] - delay: Delayed 5 second(s)

2018-05-28 17:54:33 - [MESSAGE][PASSED] - Delayed 5 second(s)

2018-05-28 17:54:33 - [TEST_STEP][PASSED] - click: Object: 'Object Repository/ReportsPage/toDateSelector' is clicked on

2018-05-28 17:54:33 - [MESSAGE][PASSED] - Object: 'Object Repository/ReportsPage/toDateSelector' is clicked on

2018-05-28 17:54:33 - [TEST_STEP][PASSED] - Statement - monthText = com.kms.katalon.core.webui.keyword.WebUiBuiltInKeywords.getText(com.kms.katalon.core.testobject.ObjectRepository.findTestObject(ReportsPage/monthText2)): Text of object 'Object Repository/ReportsPage/monthText2' is: 'May 2018'

2018-05-28 17:54:33 - [MESSAGE][PASSED] - Text of object 'Object Repository/ReportsPage/monthText2' is: 'May 2018'

2018-05-28 17:54:33 - [TEST_STEP][PASSED] - Statement - monthTextArray = monthText.split(" "): null

2018-05-28 17:54:33 - [TEST_STEP][PASSED] - Statement - month = monthTextArray[0]: null

2018-05-28 17:54:33 - [TEST_STEP][PASSED] - Statement - monthTextValue_april = CustomKeywords.projectSpecific.Reusability.getTestData("ReportsPage", "Month_april"): projectSpecific.Reusability.getTestData is PASSED

2018-05-28 17:54:33 - [MESSAGE][PASSED] - projectSpecific.Reusability.getTestData is PASSED

2018-05-28 17:54:33 - [TEST_STEP][PASSED] - Statement - If (!(monthTextValue_april.equals(month))): null

2018-05-28 17:54:33 - [TEST_STEP][PASSED] - Statement - While (!(monthTextValue_april.equals(month))): null

2018-05-28 17:54:33 - [TEST_STEP][PASSED] - click: Object: 'Object Repository/ReportsPage/previousDateSelector2' is clicked on

2018-05-28 17:54:33 - [MESSAGE][PASSED] - Object: 'Object Repository/ReportsPage/previousDateSelector2' is clicked on

2018-05-28 17:54:33 - [TEST_STEP][PASSED] - Statement - monthText = com.kms.katalon.core.webui.keyword.WebUiBuiltInKeywords.getText(com.kms.katalon.core.testobject.ObjectRepository.findTestObject(ReportsPage/monthText2)): Text of object 'Object Repository/ReportsPage/monthText2' is: 'April 2018'

2018-05-28 17:54:33 - [MESSAGE][PASSED] - Text of object 'Object Repository/ReportsPage/monthText2' is: 'April 2018'

2018-05-28 17:54:33 - [TEST_STEP][PASSED] - Statement - monthTextArray = monthText.split(" "): null

2018-05-28 17:54:33 - [TEST_STEP][PASSED] - Statement - month = monthTextArray[0]: null

2018-05-28 17:54:33 - [TEST_STEP][PASSED] - Statement - endDate = CustomKeywords.projectSpecific.Reusability.getTestData("ReportsPage", "enddate_april"): projectSpecific.Reusability.getTestData is PASSED

2018-05-28 17:54:33 - [MESSAGE][PASSED] - projectSpecific.Reusability.getTestData is PASSED

2018-05-28 17:54:33 - [TEST_STEP][PASSED] - delay: Delayed 10 second(s)

2018-05-28 17:54:43 - [MESSAGE][PASSED] - Delayed 10 second(s)

2018-05-28 17:54:43 - [TEST_STEP][PASSED] - Statement - toDate = "(//div[@class='rdtPicker']/div/table/tbody/tr/td[text()='" + endDate + "'])[3]": null

2018-05-28 17:54:43 - [TEST_STEP][PASSED] - Statement - toDateEle = driver.findElement(org.openqa.selenium.By.xpath(toDate)): null

2018-05-28 17:54:43 - [TEST_STEP][PASSED] - Statement - toDateEle.click(): null

2018-05-28 17:54:43 - [TEST_STEP][PASSED] - delay: Delayed 5 second(s)

2018-05-28 17:54:48 - [MESSAGE][PASSED] - Delayed 5 second(s)

2018-05-28 17:54:48 - [TEST_STEP][PASSED] - Statement - dateAttr = com.kms.katalon.core.webui.keyword.WebUiBuiltInKeywords.getAttribute(com.kms.katalon.core.testobject.ObjectRepository.findTestObject(ReportsPage/selectedDate1), "value"): Attribute 'value' of object 'Object Repository/ReportsPage/selectedDate1' is: '03/01/2018'

2018-05-28 17:54:48 - [MESSAGE][PASSED] - Attribute 'value' of object 'Object Repository/ReportsPage/selectedDate1' is: '03/01/2018'

2018-05-28 17:54:48 - [TEST_STEP][PASSED] - Statement - fromDateValue = CustomKeywords.projectSpecific.Reusability.getTestData("ReportsPage", "fromDate_march"): projectSpecific.Reusability.getTestData is PASSED

2018-05-28 17:54:48 - [MESSAGE][PASSED] - projectSpecific.Reusability.getTestData is PASSED

2018-05-28 17:54:48 - [TEST_STEP][PASSED] - Statement - If (!(dateAttr.equals(fromDateValue))): null

2018-05-28 17:54:48 - [TEST_STEP][PASSED] - Statement - dateAttr = com.kms.katalon.core.webui.keyword.WebUiBuiltInKeywords.getAttribute(com.kms.katalon.core.testobject.ObjectRepository.findTestObject(ReportsPage/selectedDate2), "value"): Attribute 'value' of object 'Object Repository/ReportsPage/selectedDate2' is: '04/02/2018'

2018-05-28 17:54:48 - [MESSAGE][PASSED] - Attribute 'value' of object 'Object Repository/ReportsPage/selectedDate2' is: '04/02/2018'

2018-05-28 17:54:48 - [TEST_STEP][PASSED] - Statement - toDateValue = CustomKeywords.projectSpecific.Reusability.getTestData("ReportsPage", "toDate8"): projectSpecific.Reusability.getTestData is PASSED

2018-05-28 17:54:49 - [MESSAGE][PASSED] - projectSpecific.Reusability.getTestData is PASSED

2018-05-28 17:54:49 - [TEST_STEP][PASSED] - Statement - If (!(dateAttr.equals(toDateValue))): null

2018-05-28 17:54:49 - [TEST_STEP][PASSED] - uiaction.CommonUIActions.click: uiaction.CommonUIActions.click is PASSED

2018-05-28 17:54:49 - [MESSAGE][PASSED] - uiaction.CommonUIActions.click is PASSED

2018-05-28 17:54:49 - [TEST_STEP][PASSED] - Statement - opencheckbox = CustomKeywords.uiaction.CommonUIActions.isEnabled(com.kms.katalon.core.testobject.ObjectRepository.findTestObject(ReportsPage/Report_opencheckbox)): uiaction.CommonUIActions.isEnabled is PASSED

2018-05-28 17:54:49 - [MESSAGE][PASSED] - uiaction.CommonUIActions.isEnabled is PASSED

2018-05-28 17:54:49 - [TEST_STEP][PASSED] - Statement - If (!(opencheckbox)): null

2018-05-28 17:54:49 - [TEST_STEP][PASSED] - Statement - out.println("Open checkbox is checked bydefault"): null

2018-05-28 17:54:49 - [TEST_STEP][PASSED] - Statement - closecheckbox = CustomKeywords.uiaction.CommonUIActions.isEnabled(com.kms.katalon.core.testobject.ObjectRepository.findTestObject(ReportsPage/Report_closecheckbox)): uiaction.CommonUIActions.isEnabled is PASSED

2018-05-28 17:54:49 - [MESSAGE][PASSED] - uiaction.CommonUIActions.isEnabled is PASSED

2018-05-28 17:54:49 - [TEST_STEP][PASSED] - Statement - If (!(closecheckbox)): null

2018-05-28 17:54:49 - [TEST_STEP][PASSED] - Statement - out.println("Close checkbox is checked bydefault"): null

2018-05-28 17:54:49 - [TEST_STEP][PASSED] - uiaction.CommonUIActions.click: uiaction.CommonUIActions.click is PASSED

2018-05-28 17:54:49 - [MESSAGE][PASSED] - uiaction.CommonUIActions.click is PASSED

2018-05-28 17:54:49 - [TEST_STEP][PASSED] - uiaction.CommonUIActions.click: uiaction.CommonUIActions.click is PASSED

2018-05-28 17:54:49 - [MESSAGE][PASSED] - uiaction.CommonUIActions.click is PASSED

2018-05-28 17:54:49 - [TEST_STEP][PASSED] - verifyElementPresent: Object 'Object Repository/ReportsPage/advancedoption_am' is present

2018-05-28 17:54:49 - [MESSAGE][PASSED] - Object 'Object Repository/ReportsPage/advancedoption_am' is present

2018-05-28 17:54:49 - [TEST_STEP][PASSED] - verifyElementPresent: Object 'Object Repository/ReportsPage/advanceoptions_pm' is present

2018-05-28 17:54:49 - [MESSAGE][PASSED] - Object 'Object Repository/ReportsPage/advanceoptions_pm' is present

2018-05-28 17:54:49 - [TEST_STEP][PASSED] - Statement - open_am = CustomKeywords.uiaction.CommonUIActions.isEnabled(com.kms.katalon.core.testobject.ObjectRepository.findTestObject(ReportsPage/advancedoption_am)): uiaction.CommonUIActions.isEnabled is PASSED

2018-05-28 17:54:49 - [MESSAGE][PASSED] - uiaction.CommonUIActions.isEnabled is PASSED

2018-05-28 17:54:49 - [TEST_STEP][PASSED] - Statement - If (open_am): null

2018-05-28 17:54:49 - [TEST_STEP][PASSED] - Statement - out.println("AM Drop down boxes  enabled"): null

2018-05-28 17:54:49 - [TEST_STEP][PASSED] - Statement - open_pm = CustomKeywords.uiaction.CommonUIActions.isEnabled(com.kms.katalon.core.testobject.ObjectRepository.findTestObject(ReportsPage/advanceoptions_pm)): uiaction.CommonUIActions.isEnabled is PASSED

2018-05-28 17:54:49 - [MESSAGE][PASSED] - uiaction.CommonUIActions.isEnabled is PASSED

2018-05-28 17:54:49 - [TEST_STEP][PASSED] - Statement - If (open_pm): null

2018-05-28 17:54:49 - [TEST_STEP][PASSED] - Statement - out.println("PM Drop down boxes  enabled"): null

2018-05-28 17:54:49 - [TEST_STEP][PASSED] - uiaction.CommonUIActions.click: uiaction.CommonUIActions.click is PASSED

2018-05-28 17:54:49 - [MESSAGE][PASSED] - uiaction.CommonUIActions.click is PASSED

2018-05-28 17:54:49 - [TEST_STEP][PASSED] - uiaction.CommonUIActions.click: uiaction.CommonUIActions.click is PASSED

2018-05-28 17:55:10 - [MESSAGE][PASSED] - uiaction.CommonUIActions.click is PASSED

2018-05-28 17:55:10 - [TEST_STEP][PASSED] - uiaction.CommonUIActions.click: uiaction.CommonUIActions.click is PASSED

2018-05-28 17:55:10 - [MESSAGE][PASSED] - uiaction.CommonUIActions.click is PASSED

2018-05-28 17:55:10 - [TEST_STEP][PASSED] - Statement - open_textboxdata = com.kms.katalon.core.webui.keyword.WebUiBuiltInKeywords.getAttribute(com.kms.katalon.core.testobject.ObjectRepository.findTestObject(ReportsPage/advance_option_opentextbox), "value"): Attribute 'value' of object 'Object Repository/ReportsPage/advance_option_opentextbox' is: '8:53 am'

2018-05-28 17:55:10 - [MESSAGE][PASSED] - Attribute 'value' of object 'Object Repository/ReportsPage/advance_option_opentextbox' is: '8:53 am'

2018-05-28 17:55:10 - [TEST_STEP][PASSED] - Statement - If (!(open_textboxdata.isEmpty())): null

2018-05-28 17:55:10 - [TEST_STEP][PASSED] - Statement - out.println("8:00 am time shown "): null

2018-05-28 17:55:10 - [TEST_STEP][PASSED] - uiaction.CommonUIActions.click: uiaction.CommonUIActions.click is PASSED

2018-05-28 17:55:10 - [MESSAGE][PASSED] - uiaction.CommonUIActions.click is PASSED

2018-05-28 17:55:10 - [TEST_STEP][PASSED] - uiaction.CommonUIActions.click: uiaction.CommonUIActions.click is PASSED

2018-05-28 17:55:10 - [MESSAGE][PASSED] - uiaction.CommonUIActions.click is PASSED

2018-05-28 17:55:10 - [TEST_STEP][PASSED] - uiaction.CommonUIActions.click: uiaction.CommonUIActions.click is PASSED

2018-05-28 17:55:10 - [MESSAGE][PASSED] - uiaction.CommonUIActions.click is PASSED

2018-05-28 17:55:10 - [TEST_STEP][PASSED] - verifyElementPresent: Object 'Object Repository/ReportsPage/advancedoption_am' is present

2018-05-28 17:55:10 - [MESSAGE][PASSED] - Object 'Object Repository/ReportsPage/advancedoption_am' is present

2018-05-28 17:55:10 - [TEST_STEP][PASSED] - verifyElementPresent: Object 'Object Repository/ReportsPage/advanceoptions_pm' is present

2018-05-28 17:55:10 - [MESSAGE][PASSED] - Object 'Object Repository/ReportsPage/advanceoptions_pm' is present

2018-05-28 17:55:10 - [TEST_STEP][PASSED] - Statement - close_am = CustomKeywords.uiaction.CommonUIActions.isEnabled(com.kms.katalon.core.testobject.ObjectRepository.findTestObject(ReportsPage/advancedoption_am)): uiaction.CommonUIActions.isEnabled is PASSED

2018-05-28 17:55:10 - [MESSAGE][PASSED] - uiaction.CommonUIActions.isEnabled is PASSED

2018-05-28 17:55:10 - [TEST_STEP][PASSED] - Statement - If (close_am): null

2018-05-28 17:55:10 - [TEST_STEP][PASSED] - Statement - out.println("AM Drop down boxes  enabled"): null

2018-05-28 17:55:10 - [TEST_STEP][PASSED] - Statement - close_pm = CustomKeywords.uiaction.CommonUIActions.isEnabled(com.kms.katalon.core.testobject.ObjectRepository.findTestObject(ReportsPage/advanceoptions_pm)): uiaction.CommonUIActions.isEnabled is PASSED

2018-05-28 17:55:10 - [MESSAGE][PASSED] - uiaction.CommonUIActions.isEnabled is PASSED

2018-05-28 17:55:10 - [TEST_STEP][PASSED] - Statement - If (close_pm): null

2018-05-28 17:55:10 - [TEST_STEP][PASSED] - Statement - out.println("PM Drop down boxes  enabled"): null

2018-05-28 17:55:10 - [TEST_STEP][PASSED] - uiaction.CommonUIActions.click: uiaction.CommonUIActions.click is PASSED

2018-05-28 17:55:10 - [MESSAGE][PASSED] - uiaction.CommonUIActions.click is PASSED

2018-05-28 17:55:10 - [TEST_STEP][PASSED] - uiaction.CommonUIActions.click: uiaction.CommonUIActions.click is PASSED

2018-05-28 17:55:31 - [MESSAGE][PASSED] - uiaction.CommonUIActions.click is PASSED

2018-05-28 17:55:31 - [TEST_STEP][PASSED] - uiaction.CommonUIActions.click: uiaction.CommonUIActions.click is PASSED

2018-05-28 17:55:32 - [MESSAGE][PASSED] - uiaction.CommonUIActions.click is PASSED

2018-05-28 17:55:32 - [TEST_STEP][PASSED] - Statement - open_textboxdata1 = com.kms.katalon.core.webui.keyword.WebUiBuiltInKeywords.getAttribute(com.kms.katalon.core.testobject.ObjectRepository.findTestObject(ReportsPage/advance_option_closetextbox), "value"): Attribute 'value' of object 'Object Repository/ReportsPage/advance_option_closetextbox' is: '3:53 pm'

2018-05-28 17:55:32 - [MESSAGE][PASSED] - Attribute 'value' of object 'Object Repository/ReportsPage/advance_option_closetextbox' is: '3:53 pm'

2018-05-28 17:55:32 - [TEST_STEP][PASSED] - Statement - If (!(open_textboxdata1.isEmpty())): null

2018-05-28 17:55:32 - [TEST_STEP][PASSED] - Statement - out.println("3:00 pm time shown "): null

2018-05-28 17:55:32 - [TEST_STEP][PASSED] - uiaction.CommonUIActions.click: uiaction.CommonUIActions.click is PASSED

2018-05-28 17:55:32 - [MESSAGE][PASSED] - uiaction.CommonUIActions.click is PASSED

2018-05-28 17:55:32 - [TEST_STEP][PASSED] - delay: Delayed 5 second(s)

2018-05-28 17:55:37 - [MESSAGE][PASSED] - Delayed 5 second(s)

2018-05-28 17:55:37 - [TEST_STEP][PASSED] - uiaction.CommonUIActions.click: uiaction.CommonUIActions.click is PASSED

2018-05-28 17:55:37 - [MESSAGE][PASSED] - uiaction.CommonUIActions.click is PASSED

2018-05-28 17:55:37 - [TEST_STEP][PASSED] - delay: Delayed 10 second(s)

2018-05-28 17:55:47 - [MESSAGE][PASSED] - Delayed 10 second(s)

2018-05-28 17:55:47 - [TEST_STEP][PASSED] - click: Object: 'Object Repository/ReportsPage/generateReport' is clicked on

2018-05-28 17:55:47 - [MESSAGE][PASSED] - Object: 'Object Repository/ReportsPage/generateReport' is clicked on

2018-05-28 17:55:47 - [TEST_STEP][PASSED] - Statement - txt = com.kms.katalon.core.webui.keyword.WebUiBuiltInKeywords.getText(com.kms.katalon.core.testobject.ObjectRepository.findTestObject(ReportsPage/report_failure_alertmsg)): Text of object 'Object Repository/ReportsPage/report_failure_alertmsg' is: 'Date range invalid. For Day Reports select any 1 month period.'

2018-05-28 17:55:47 - [MESSAGE][PASSED] - Text of object 'Object Repository/ReportsPage/report_failure_alertmsg' is: 'Date range invalid. For Day Reports select any 1 month period.'

2018-05-28 17:55:47 - [TEST_STEP][PASSED] - verifyElementPresent: Object 'Object Repository/ReportsPage/report_failure_alertmsg' is present

2018-05-28 17:55:47 - [MESSAGE][PASSED] - Object 'Object Repository/ReportsPage/report_failure_alertmsg' is present

2018-05-28 17:55:47 - [TEST_STEP][PASSED] - delay: Delayed 5 second(s)

2018-05-28 17:55:52 - [MESSAGE][PASSED] - Delayed 5 second(s)

2018-05-28 17:55:52 - [TEST_STEP][PASSED] - uiaction.CommonUIActions.click: uiaction.CommonUIActions.click is PASSED

2018-05-28 17:55:55 - [MESSAGE][PASSED] - uiaction.CommonUIActions.click is PASSED

2018-05-28 17:55:55 - [TEST_STEP][PASSED] - uiaction.CommonUIActions.click: uiaction.CommonUIActions.click is PASSED

2018-05-28 17:56:08 - [MESSAGE][PASSED] - uiaction.CommonUIActions.click is PASSED

2018-05-28 17:56:08 - [TEST_STEP][PASSED] - uiaction.CommonUIActions.click: uiaction.CommonUIActions.click is PASSED

2018-05-28 17:56:08 - [MESSAGE][PASSED] - uiaction.CommonUIActions.click is PASSED

2018-05-28 17:56:08 - [TEST_STEP][PASSED] - delay: Delayed 5 second(s)

2018-05-28 17:56:13 - [MESSAGE][PASSED] - Delayed 5 second(s)

2018-05-28 17:56:13 - [TEST_STEP][PASSED] - uiaction.CommonUIActions.click: uiaction.CommonUIActions.click is PASSED

2018-05-28 17:56:13 - [MESSAGE][PASSED] - uiaction.CommonUIActions.click is PASSED

2018-05-28 17:56:13 - [TEST_STEP][PASSED] - delay: Delayed 10 second(s)

2018-05-28 17:56:23 - [MESSAGE][PASSED] - Delayed 10 second(s)

2018-05-28 17:56:23 - [TEST_STEP][PASSED] - uiaction.CommonUIActions.click: uiaction.CommonUIActions.click is PASSED

2018-05-28 17:56:23 - [MESSAGE][PASSED] - uiaction.CommonUIActions.click is PASSED

2018-05-28 17:56:23 - [TEST_STEP][PASSED] - uiaction.CommonUIActions.click: uiaction.CommonUIActions.click is PASSED

2018-05-28 17:56:23 - [MESSAGE][PASSED] - uiaction.CommonUIActions.click is PASSED

2018-05-28 17:56:23 - [TEST_STEP][PASSED] - delay: Delayed 5 second(s)

2018-05-28 17:56:28 - [MESSAGE][PASSED] - Delayed 5 second(s)

2018-05-28 17:56:28 - [TEST_STEP][PASSED] - uiaction.CommonUIActions.click: uiaction.CommonUIActions.click is PASSED

2018-05-28 17:56:31 - [MESSAGE][PASSED] - uiaction.CommonUIActions.click is PASSED

2018-05-28 17:56:31 - [TEST_STEP][PASSED] - Statement - assert TCflag == true: null

2018-05-28 17:56:31 - [TEST_STEP][PASSED] - Start listener action : sampleAfterTestCase: Browser is closed

2018-05-28 17:56:31 - [TEST_STEP][PASSED] - Statement - println(testCaseContext.getTestCaseId()): null

2018-05-28 17:56:31 - [TEST_STEP][PASSED] - Statement - println(testCaseContext.getTestCaseStatus()): null

2018-05-28 17:56:31 - [TEST_STEP][PASSED] - closeBrowser: Browser is closed

2018-05-28 17:56:32 - [MESSAGE][PASSED] - Browser is closed]]></system-out>
         <system-err><![CDATA[]]></system-err>
      </testcase>
      <testcase name="Test Cases/SummaryReportsTC/HME-Summary Report-12" classname="Test Cases/SummaryReportsTC/HME-Summary Report-12" status="PASSED">
         <system-out><![CDATA[2018-05-28 17:56:32 - [TEST_CASE][PASSED] - Test Cases/SummaryReportsTC/HME-Summary Report-12: Browser is closed

2018-05-28 17:56:32 - [TEST_STEP][PASSED] - Start listener action : sampleBeforeTestCase: uiaction.CommonUIActions.deleteAllCookies is PASSED

2018-05-28 17:56:32 - [TEST_STEP][PASSED] - openBrowser: Browser is opened with url: ''

2018-05-28 17:56:34 - [MESSAGE][PASSED] - Browser is opened with url: ''

2018-05-28 17:56:34 - [TEST_STEP][PASSED] - maximizeWindow: Current window maximized

2018-05-28 17:56:35 - [MESSAGE][PASSED] - Current window maximized

2018-05-28 17:56:35 - [TEST_STEP][PASSED] - uiaction.CommonUIActions.deleteAllCookies: uiaction.CommonUIActions.deleteAllCookies is PASSED

2018-05-28 17:56:36 - [MESSAGE][PASSED] - Delete all cookies successfully

2018-05-28 17:56:36 - [MESSAGE][PASSED] - uiaction.CommonUIActions.deleteAllCookies is PASSED

2018-05-28 17:56:36 - [TEST_STEP][PASSED] - Statement - TCflag = true: null

2018-05-28 17:56:36 - [TEST_STEP][PASSED] - Statement - Try: uiaction.CommonUIActions.click is PASSED

2018-05-28 17:56:36 - [TEST_STEP][PASSED] - navigateToUrl: Navigate to 'https://hme-dev-public-cloud-app.azurewebsites.net/' successfully

2018-05-28 17:56:39 - [MESSAGE][PASSED] - Navigate to 'https://hme-dev-public-cloud-app.azurewebsites.net/' successfully

2018-05-28 17:56:39 - [TEST_STEP][PASSED] - delay: Delayed 10 second(s)

2018-05-28 17:56:49 - [MESSAGE][PASSED] - Delayed 10 second(s)

2018-05-28 17:56:49 - [TEST_STEP][PASSED] - projectSpecific.Reusability.login: projectSpecific.Reusability.login is PASSED

2018-05-28 17:56:49 - [MESSAGE][PASSED] - projectSpecific.Reusability.getTestData is PASSED

2018-05-28 17:56:49 - [MESSAGE][PASSED] - projectSpecific.Reusability.getTestData is PASSED

2018-05-28 17:56:49 - [MESSAGE][PASSED] - Text 'selvendrank@nousinfo.com' is set on object 'Object Repository/LoginPage/Username'

2018-05-28 17:56:49 - [MESSAGE][PASSED] - Text 'nous;123' is set on object 'Object Repository/LoginPage/Password'

2018-05-28 17:56:49 - [MESSAGE][PASSED] - Object: 'Object Repository/LoginPage/Login' is clicked on

2018-05-28 17:56:49 - [MESSAGE][PASSED] - projectSpecific.Reusability.login is PASSED

2018-05-28 17:56:49 - [TEST_STEP][PASSED] - delay: Delayed 10 second(s)

2018-05-28 17:56:59 - [MESSAGE][PASSED] - Delayed 10 second(s)

2018-05-28 17:56:59 - [TEST_STEP][PASSED] - Statement - driver = com.kms.katalon.core.webui.driver.DriverFactory.getWebDriver(): null

2018-05-28 17:56:59 - [TEST_STEP][PASSED] - delay: Delayed 10 second(s)

2018-05-28 17:57:09 - [MESSAGE][PASSED] - Delayed 10 second(s)

2018-05-28 17:57:09 - [TEST_STEP][PASSED] - uiaction.CommonUIActions.click: uiaction.CommonUIActions.click is PASSED

2018-05-28 17:57:12 - [MESSAGE][PASSED] - uiaction.CommonUIActions.click is PASSED

2018-05-28 17:57:12 - [TEST_STEP][PASSED] - uiaction.CommonUIActions.click: uiaction.CommonUIActions.click is PASSED

2018-05-28 17:57:24 - [MESSAGE][PASSED] - uiaction.CommonUIActions.click is PASSED

2018-05-28 17:57:24 - [TEST_STEP][PASSED] - uiaction.CommonUIActions.click: uiaction.CommonUIActions.click is PASSED

2018-05-28 17:57:25 - [MESSAGE][PASSED] - uiaction.CommonUIActions.click is PASSED

2018-05-28 17:57:25 - [TEST_STEP][PASSED] - uiaction.CommonUIActions.click: uiaction.CommonUIActions.click is PASSED

2018-05-28 17:57:25 - [MESSAGE][PASSED] - uiaction.CommonUIActions.click is PASSED

2018-05-28 17:57:25 - [TEST_STEP][PASSED] - Statement - grpName = "Grp250": null

2018-05-28 17:57:25 - [TEST_STEP][PASSED] - uiaction.CommonUIActions.enter: uiaction.CommonUIActions.enter is PASSED

2018-05-28 17:57:25 - [MESSAGE][PASSED] - uiaction.CommonUIActions.enter is PASSED

2018-05-28 17:57:25 - [TEST_STEP][PASSED] - uiaction.CommonUIActions.enter: uiaction.CommonUIActions.enter is PASSED

2018-05-28 17:57:25 - [MESSAGE][PASSED] - projectSpecific.Reusability.getTestData is PASSED

2018-05-28 17:57:25 - [MESSAGE][PASSED] - uiaction.CommonUIActions.enter is PASSED

2018-05-28 17:57:25 - [TEST_STEP][PASSED] - delay: Delayed 10 second(s)

2018-05-28 17:57:35 - [MESSAGE][PASSED] - Delayed 10 second(s)

2018-05-28 17:57:35 - [TEST_STEP][PASSED] - Statement - storesLabel = driver.findElements(org.openqa.selenium.By.xpath(com.kms.katalon.core.testdata.TestDataFactory.findTestData(OR_file).getValue(2, 10))): Reading excel file with source file 'C:\Users\shalinin\Katalon Studio\HME_Scripts\Data Files\HME_OR.xlsx' and sheet name 'Sheet1'

2018-05-28 17:57:35 - [TEST_STEP][PASSED] - Statement - groupStoresList = new java.util.ArrayList(): null

2018-05-28 17:57:35 - [TEST_STEP][PASSED] - Statement - out.println(storesLabel.size()): null

2018-05-28 17:57:35 - [TEST_STEP][PASSED] - Statement - size = storesLabel.size(): null

2018-05-28 17:57:35 - [TEST_STEP][PASSED] - Statement - index = 0: null

2018-05-28 17:57:35 - [TEST_STEP][PASSED] - Statement - pattern = java.util.regex.Pattern.compile("[0-9]+"): null

2018-05-28 17:57:35 - [TEST_STEP][PASSED] - Statement - count = 0: null

2018-05-28 17:57:35 - [TEST_STEP][PASSED] - Statement - For ([i = 0, i < storesLabel.size(), (i++)]): null

2018-05-28 17:57:35 - [TEST_STEP][PASSED] - Statement - txt = storesLabel.get(i).getText(): null

2018-05-28 17:57:35 - [TEST_STEP][PASSED] - Statement - index = i + 1: null

2018-05-28 17:57:35 - [TEST_STEP][PASSED] - Statement - matched = pattern.matcher(txt).matches(): null

2018-05-28 17:57:35 - [TEST_STEP][PASSED] - Statement - If (matched): null

2018-05-28 17:57:35 - [TEST_STEP][PASSED] - Statement - txt = storesLabel.get(i).getText(): null

2018-05-28 17:57:35 - [TEST_STEP][PASSED] - Statement - index = i + 1: null

2018-05-28 17:57:35 - [TEST_STEP][PASSED] - Statement - matched = pattern.matcher(txt).matches(): null

2018-05-28 17:57:35 - [TEST_STEP][PASSED] - Statement - If (matched): null

2018-05-28 17:57:35 - [TEST_STEP][PASSED] - Statement - txt = storesLabel.get(i).getText(): null

2018-05-28 17:57:35 - [TEST_STEP][PASSED] - Statement - index = i + 1: null

2018-05-28 17:57:35 - [TEST_STEP][PASSED] - Statement - matched = pattern.matcher(txt).matches(): null

2018-05-28 17:57:35 - [TEST_STEP][PASSED] - Statement - If (matched): null

2018-05-28 17:57:35 - [TEST_STEP][PASSED] - Statement - txt = storesLabel.get(i).getText(): null

2018-05-28 17:57:35 - [TEST_STEP][PASSED] - Statement - index = i + 1: null

2018-05-28 17:57:35 - [TEST_STEP][PASSED] - Statement - matched = pattern.matcher(txt).matches(): null

2018-05-28 17:57:35 - [TEST_STEP][PASSED] - Statement - If (matched): null

2018-05-28 17:57:35 - [TEST_STEP][PASSED] - Statement - txt = storesLabel.get(i).getText(): null

2018-05-28 17:57:35 - [TEST_STEP][PASSED] - Statement - index = i + 1: null

2018-05-28 17:57:35 - [TEST_STEP][PASSED] - Statement - matched = pattern.matcher(txt).matches(): null

2018-05-28 17:57:35 - [TEST_STEP][PASSED] - Statement - If (matched): null

2018-05-28 17:57:35 - [TEST_STEP][PASSED] - Statement - txt = storesLabel.get(i).getText(): null

2018-05-28 17:57:35 - [TEST_STEP][PASSED] - Statement - index = i + 1: null

2018-05-28 17:57:35 - [TEST_STEP][PASSED] - Statement - matched = pattern.matcher(txt).matches(): null

2018-05-28 17:57:35 - [TEST_STEP][PASSED] - Statement - If (matched): null

2018-05-28 17:57:35 - [TEST_STEP][PASSED] - Statement - txt = storesLabel.get(i).getText(): null

2018-05-28 17:57:35 - [TEST_STEP][PASSED] - Statement - index = i + 1: null

2018-05-28 17:57:35 - [TEST_STEP][PASSED] - Statement - matched = pattern.matcher(txt).matches(): null

2018-05-28 17:57:35 - [TEST_STEP][PASSED] - Statement - If (matched): null

2018-05-28 17:57:35 - [TEST_STEP][PASSED] - Statement - txt = storesLabel.get(i).getText(): null

2018-05-28 17:57:35 - [TEST_STEP][PASSED] - Statement - index = i + 1: null

2018-05-28 17:57:35 - [TEST_STEP][PASSED] - Statement - matched = pattern.matcher(txt).matches(): null

2018-05-28 17:57:35 - [TEST_STEP][PASSED] - Statement - If (matched): null

2018-05-28 17:57:35 - [TEST_STEP][PASSED] - Statement - driver.findElement(org.openqa.selenium.By.xpath("(//ul[@class='unlinked-grouplist']/li/label)[" + index + "]")).click(): null

2018-05-28 17:57:36 - [TEST_STEP][PASSED] - Statement - (count++): null

2018-05-28 17:57:36 - [TEST_STEP][PASSED] - Statement - If (count > 249): null

2018-05-28 17:57:36 - [TEST_STEP][PASSED] - Statement - txt = storesLabel.get(i).getText(): null

2018-05-28 17:57:36 - [TEST_STEP][PASSED] - Statement - index = i + 1: null

2018-05-28 17:57:36 - [TEST_STEP][PASSED] - Statement - matched = pattern.matcher(txt).matches(): null

2018-05-28 17:57:36 - [TEST_STEP][PASSED] - Statement - If (matched): null

2018-05-28 17:57:36 - [TEST_STEP][PASSED] - Statement - driver.findElement(org.openqa.selenium.By.xpath("(//ul[@class='unlinked-grouplist']/li/label)[" + index + "]")).click(): null

2018-05-28 17:57:36 - [TEST_STEP][PASSED] - Statement - (count++): null

2018-05-28 17:57:36 - [TEST_STEP][PASSED] - Statement - If (count > 249): null

2018-05-28 17:57:36 - [TEST_STEP][PASSED] - Statement - txt = storesLabel.get(i).getText(): null

2018-05-28 17:57:36 - [TEST_STEP][PASSED] - Statement - index = i + 1: null

2018-05-28 17:57:36 - [TEST_STEP][PASSED] - Statement - matched = pattern.matcher(txt).matches(): null

2018-05-28 17:57:36 - [TEST_STEP][PASSED] - Statement - If (matched): null

2018-05-28 17:57:36 - [TEST_STEP][PASSED] - Statement - driver.findElement(org.openqa.selenium.By.xpath("(//ul[@class='unlinked-grouplist']/li/label)[" + index + "]")).click(): null

2018-05-28 17:57:36 - [TEST_STEP][PASSED] - Statement - (count++): null

2018-05-28 17:57:36 - [TEST_STEP][PASSED] - Statement - If (count > 249): null

2018-05-28 17:57:36 - [TEST_STEP][PASSED] - Statement - txt = storesLabel.get(i).getText(): null

2018-05-28 17:57:36 - [TEST_STEP][PASSED] - Statement - index = i + 1: null

2018-05-28 17:57:36 - [TEST_STEP][PASSED] - Statement - matched = pattern.matcher(txt).matches(): null

2018-05-28 17:57:36 - [TEST_STEP][PASSED] - Statement - If (matched): null

2018-05-28 17:57:36 - [TEST_STEP][PASSED] - Statement - driver.findElement(org.openqa.selenium.By.xpath("(//ul[@class='unlinked-grouplist']/li/label)[" + index + "]")).click(): null

2018-05-28 17:57:36 - [TEST_STEP][PASSED] - Statement - (count++): null

2018-05-28 17:57:36 - [TEST_STEP][PASSED] - Statement - If (count > 249): null

2018-05-28 17:57:36 - [TEST_STEP][PASSED] - Statement - txt = storesLabel.get(i).getText(): null

2018-05-28 17:57:36 - [TEST_STEP][PASSED] - Statement - index = i + 1: null

2018-05-28 17:57:36 - [TEST_STEP][PASSED] - Statement - matched = pattern.matcher(txt).matches(): null

2018-05-28 17:57:36 - [TEST_STEP][PASSED] - Statement - If (matched): null

2018-05-28 17:57:36 - [TEST_STEP][PASSED] - Statement - driver.findElement(org.openqa.selenium.By.xpath("(//ul[@class='unlinked-grouplist']/li/label)[" + index + "]")).click(): null

2018-05-28 17:57:36 - [TEST_STEP][PASSED] - Statement - (count++): null

2018-05-28 17:57:36 - [TEST_STEP][PASSED] - Statement - If (count > 249): null

2018-05-28 17:57:36 - [TEST_STEP][PASSED] - Statement - txt = storesLabel.get(i).getText(): null

2018-05-28 17:57:36 - [TEST_STEP][PASSED] - Statement - index = i + 1: null

2018-05-28 17:57:36 - [TEST_STEP][PASSED] - Statement - matched = pattern.matcher(txt).matches(): null

2018-05-28 17:57:36 - [TEST_STEP][PASSED] - Statement - If (matched): null

2018-05-28 17:57:36 - [TEST_STEP][PASSED] - Statement - driver.findElement(org.openqa.selenium.By.xpath("(//ul[@class='unlinked-grouplist']/li/label)[" + index + "]")).click(): null

2018-05-28 17:57:36 - [TEST_STEP][PASSED] - Statement - (count++): null

2018-05-28 17:57:36 - [TEST_STEP][PASSED] - Statement - If (count > 249): null

2018-05-28 17:57:36 - [TEST_STEP][PASSED] - Statement - txt = storesLabel.get(i).getText(): null

2018-05-28 17:57:36 - [TEST_STEP][PASSED] - Statement - index = i + 1: null

2018-05-28 17:57:36 - [TEST_STEP][PASSED] - Statement - matched = pattern.matcher(txt).matches(): null

2018-05-28 17:57:36 - [TEST_STEP][PASSED] - Statement - If (matched): null

2018-05-28 17:57:36 - [TEST_STEP][PASSED] - Statement - driver.findElement(org.openqa.selenium.By.xpath("(//ul[@class='unlinked-grouplist']/li/label)[" + index + "]")).click(): null

2018-05-28 17:57:36 - [TEST_STEP][PASSED] - Statement - (count++): null

2018-05-28 17:57:36 - [TEST_STEP][PASSED] - Statement - If (count > 249): null

2018-05-28 17:57:36 - [TEST_STEP][PASSED] - Statement - txt = storesLabel.get(i).getText(): null

2018-05-28 17:57:36 - [TEST_STEP][PASSED] - Statement - index = i + 1: null

2018-05-28 17:57:36 - [TEST_STEP][PASSED] - Statement - matched = pattern.matcher(txt).matches(): null

2018-05-28 17:57:36 - [TEST_STEP][PASSED] - Statement - If (matched): null

2018-05-28 17:57:36 - [TEST_STEP][PASSED] - Statement - driver.findElement(org.openqa.selenium.By.xpath("(//ul[@class='unlinked-grouplist']/li/label)[" + index + "]")).click(): null

2018-05-28 17:57:36 - [TEST_STEP][PASSED] - Statement - (count++): null

2018-05-28 17:57:36 - [TEST_STEP][PASSED] - Statement - If (count > 249): null

2018-05-28 17:57:36 - [TEST_STEP][PASSED] - Statement - txt = storesLabel.get(i).getText(): null

2018-05-28 17:57:36 - [TEST_STEP][PASSED] - Statement - index = i + 1: null

2018-05-28 17:57:36 - [TEST_STEP][PASSED] - Statement - matched = pattern.matcher(txt).matches(): null

2018-05-28 17:57:36 - [TEST_STEP][PASSED] - Statement - If (matched): null

2018-05-28 17:57:36 - [TEST_STEP][PASSED] - Statement - driver.findElement(org.openqa.selenium.By.xpath("(//ul[@class='unlinked-grouplist']/li/label)[" + index + "]")).click(): null

2018-05-28 17:57:36 - [TEST_STEP][PASSED] - Statement - (count++): null

2018-05-28 17:57:36 - [TEST_STEP][PASSED] - Statement - If (count > 249): null

2018-05-28 17:57:36 - [TEST_STEP][PASSED] - Statement - txt = storesLabel.get(i).getText(): null

2018-05-28 17:57:36 - [TEST_STEP][PASSED] - Statement - index = i + 1: null

2018-05-28 17:57:36 - [TEST_STEP][PASSED] - Statement - matched = pattern.matcher(txt).matches(): null

2018-05-28 17:57:36 - [TEST_STEP][PASSED] - Statement - If (matched): null

2018-05-28 17:57:36 - [TEST_STEP][PASSED] - Statement - driver.findElement(org.openqa.selenium.By.xpath("(//ul[@class='unlinked-grouplist']/li/label)[" + index + "]")).click(): null

2018-05-28 17:57:36 - [TEST_STEP][PASSED] - Statement - (count++): null

2018-05-28 17:57:36 - [TEST_STEP][PASSED] - Statement - If (count > 249): null

2018-05-28 17:57:36 - [TEST_STEP][PASSED] - Statement - txt = storesLabel.get(i).getText(): null

2018-05-28 17:57:36 - [TEST_STEP][PASSED] - Statement - index = i + 1: null

2018-05-28 17:57:36 - [TEST_STEP][PASSED] - Statement - matched = pattern.matcher(txt).matches(): null

2018-05-28 17:57:36 - [TEST_STEP][PASSED] - Statement - If (matched): null

2018-05-28 17:57:36 - [TEST_STEP][PASSED] - Statement - driver.findElement(org.openqa.selenium.By.xpath("(//ul[@class='unlinked-grouplist']/li/label)[" + index + "]")).click(): null

2018-05-28 17:57:36 - [TEST_STEP][PASSED] - Statement - (count++): null

2018-05-28 17:57:36 - [TEST_STEP][PASSED] - Statement - If (count > 249): null

2018-05-28 17:57:36 - [TEST_STEP][PASSED] - Statement - txt = storesLabel.get(i).getText(): null

2018-05-28 17:57:36 - [TEST_STEP][PASSED] - Statement - index = i + 1: null

2018-05-28 17:57:36 - [TEST_STEP][PASSED] - Statement - matched = pattern.matcher(txt).matches(): null

2018-05-28 17:57:36 - [TEST_STEP][PASSED] - Statement - If (matched): null

2018-05-28 17:57:36 - [TEST_STEP][PASSED] - Statement - driver.findElement(org.openqa.selenium.By.xpath("(//ul[@class='unlinked-grouplist']/li/label)[" + index + "]")).click(): null

2018-05-28 17:57:36 - [TEST_STEP][PASSED] - Statement - (count++): null

2018-05-28 17:57:36 - [TEST_STEP][PASSED] - Statement - If (count > 249): null

2018-05-28 17:57:36 - [TEST_STEP][PASSED] - Statement - txt = storesLabel.get(i).getText(): null

2018-05-28 17:57:36 - [TEST_STEP][PASSED] - Statement - index = i + 1: null

2018-05-28 17:57:36 - [TEST_STEP][PASSED] - Statement - matched = pattern.matcher(txt).matches(): null

2018-05-28 17:57:36 - [TEST_STEP][PASSED] - Statement - If (matched): null

2018-05-28 17:57:36 - [TEST_STEP][PASSED] - Statement - driver.findElement(org.openqa.selenium.By.xpath("(//ul[@class='unlinked-grouplist']/li/label)[" + index + "]")).click(): null

2018-05-28 17:57:36 - [TEST_STEP][PASSED] - Statement - (count++): null

2018-05-28 17:57:36 - [TEST_STEP][PASSED] - Statement - If (count > 249): null

2018-05-28 17:57:36 - [TEST_STEP][PASSED] - Statement - txt = storesLabel.get(i).getText(): null

2018-05-28 17:57:37 - [TEST_STEP][PASSED] - Statement - index = i + 1: null

2018-05-28 17:57:37 - [TEST_STEP][PASSED] - Statement - matched = pattern.matcher(txt).matches(): null

2018-05-28 17:57:37 - [TEST_STEP][PASSED] - Statement - If (matched): null

2018-05-28 17:57:37 - [TEST_STEP][PASSED] - Statement - driver.findElement(org.openqa.selenium.By.xpath("(//ul[@class='unlinked-grouplist']/li/label)[" + index + "]")).click(): null

2018-05-28 17:57:37 - [TEST_STEP][PASSED] - Statement - (count++): null

2018-05-28 17:57:37 - [TEST_STEP][PASSED] - Statement - If (count > 249): null

2018-05-28 17:57:37 - [TEST_STEP][PASSED] - Statement - txt = storesLabel.get(i).getText(): null

2018-05-28 17:57:37 - [TEST_STEP][PASSED] - Statement - index = i + 1: null

2018-05-28 17:57:37 - [TEST_STEP][PASSED] - Statement - matched = pattern.matcher(txt).matches(): null

2018-05-28 17:57:37 - [TEST_STEP][PASSED] - Statement - If (matched): null

2018-05-28 17:57:37 - [TEST_STEP][PASSED] - Statement - driver.findElement(org.openqa.selenium.By.xpath("(//ul[@class='unlinked-grouplist']/li/label)[" + index + "]")).click(): null

2018-05-28 17:57:37 - [TEST_STEP][PASSED] - Statement - (count++): null

2018-05-28 17:57:37 - [TEST_STEP][PASSED] - Statement - If (count > 249): null

2018-05-28 17:57:37 - [TEST_STEP][PASSED] - Statement - txt = storesLabel.get(i).getText(): null

2018-05-28 17:57:37 - [TEST_STEP][PASSED] - Statement - index = i + 1: null

2018-05-28 17:57:37 - [TEST_STEP][PASSED] - Statement - matched = pattern.matcher(txt).matches(): null

2018-05-28 17:57:37 - [TEST_STEP][PASSED] - Statement - If (matched): null

2018-05-28 17:57:37 - [TEST_STEP][PASSED] - Statement - driver.findElement(org.openqa.selenium.By.xpath("(//ul[@class='unlinked-grouplist']/li/label)[" + index + "]")).click(): null

2018-05-28 17:57:37 - [TEST_STEP][PASSED] - Statement - (count++): null

2018-05-28 17:57:37 - [TEST_STEP][PASSED] - Statement - If (count > 249): null

2018-05-28 17:57:37 - [TEST_STEP][PASSED] - Statement - txt = storesLabel.get(i).getText(): null

2018-05-28 17:57:37 - [TEST_STEP][PASSED] - Statement - index = i + 1: null

2018-05-28 17:57:37 - [TEST_STEP][PASSED] - Statement - matched = pattern.matcher(txt).matches(): null

2018-05-28 17:57:37 - [TEST_STEP][PASSED] - Statement - If (matched): null

2018-05-28 17:57:37 - [TEST_STEP][PASSED] - Statement - driver.findElement(org.openqa.selenium.By.xpath("(//ul[@class='unlinked-grouplist']/li/label)[" + index + "]")).click(): null

2018-05-28 17:57:37 - [TEST_STEP][PASSED] - Statement - (count++): null

2018-05-28 17:57:37 - [TEST_STEP][PASSED] - Statement - If (count > 249): null

2018-05-28 17:57:37 - [TEST_STEP][PASSED] - Statement - txt = storesLabel.get(i).getText(): null

2018-05-28 17:57:37 - [TEST_STEP][PASSED] - Statement - index = i + 1: null

2018-05-28 17:57:37 - [TEST_STEP][PASSED] - Statement - matched = pattern.matcher(txt).matches(): null

2018-05-28 17:57:37 - [TEST_STEP][PASSED] - Statement - If (matched): null

2018-05-28 17:57:37 - [TEST_STEP][PASSED] - Statement - driver.findElement(org.openqa.selenium.By.xpath("(//ul[@class='unlinked-grouplist']/li/label)[" + index + "]")).click(): null

2018-05-28 17:57:37 - [TEST_STEP][PASSED] - Statement - (count++): null

2018-05-28 17:57:37 - [TEST_STEP][PASSED] - Statement - If (count > 249): null

2018-05-28 17:57:37 - [TEST_STEP][PASSED] - Statement - txt = storesLabel.get(i).getText(): null

2018-05-28 17:57:37 - [TEST_STEP][PASSED] - Statement - index = i + 1: null

2018-05-28 17:57:37 - [TEST_STEP][PASSED] - Statement - matched = pattern.matcher(txt).matches(): null

2018-05-28 17:57:37 - [TEST_STEP][PASSED] - Statement - If (matched): null

2018-05-28 17:57:37 - [TEST_STEP][PASSED] - Statement - driver.findElement(org.openqa.selenium.By.xpath("(//ul[@class='unlinked-grouplist']/li/label)[" + index + "]")).click(): null

2018-05-28 17:57:37 - [TEST_STEP][PASSED] - Statement - (count++): null

2018-05-28 17:57:37 - [TEST_STEP][PASSED] - Statement - If (count > 249): null

2018-05-28 17:57:37 - [TEST_STEP][PASSED] - Statement - txt = storesLabel.get(i).getText(): null

2018-05-28 17:57:37 - [TEST_STEP][PASSED] - Statement - index = i + 1: null

2018-05-28 17:57:37 - [TEST_STEP][PASSED] - Statement - matched = pattern.matcher(txt).matches(): null

2018-05-28 17:57:37 - [TEST_STEP][PASSED] - Statement - If (matched): null

2018-05-28 17:57:37 - [TEST_STEP][PASSED] - Statement - driver.findElement(org.openqa.selenium.By.xpath("(//ul[@class='unlinked-grouplist']/li/label)[" + index + "]")).click(): null

2018-05-28 17:57:37 - [TEST_STEP][PASSED] - Statement - (count++): null

2018-05-28 17:57:37 - [TEST_STEP][PASSED] - Statement - If (count > 249): null

2018-05-28 17:57:37 - [TEST_STEP][PASSED] - Statement - txt = storesLabel.get(i).getText(): null

2018-05-28 17:57:37 - [TEST_STEP][PASSED] - Statement - index = i + 1: null

2018-05-28 17:57:37 - [TEST_STEP][PASSED] - Statement - matched = pattern.matcher(txt).matches(): null

2018-05-28 17:57:37 - [TEST_STEP][PASSED] - Statement - If (matched): null

2018-05-28 17:57:37 - [TEST_STEP][PASSED] - Statement - driver.findElement(org.openqa.selenium.By.xpath("(//ul[@class='unlinked-grouplist']/li/label)[" + index + "]")).click(): null

2018-05-28 17:57:37 - [TEST_STEP][PASSED] - Statement - (count++): null

2018-05-28 17:57:37 - [TEST_STEP][PASSED] - Statement - If (count > 249): null

2018-05-28 17:57:37 - [TEST_STEP][PASSED] - Statement - txt = storesLabel.get(i).getText(): null

2018-05-28 17:57:37 - [TEST_STEP][PASSED] - Statement - index = i + 1: null

2018-05-28 17:57:37 - [TEST_STEP][PASSED] - Statement - matched = pattern.matcher(txt).matches(): null

2018-05-28 17:57:37 - [TEST_STEP][PASSED] - Statement - If (matched): null

2018-05-28 17:57:37 - [TEST_STEP][PASSED] - Statement - driver.findElement(org.openqa.selenium.By.xpath("(//ul[@class='unlinked-grouplist']/li/label)[" + index + "]")).click(): null

2018-05-28 17:57:37 - [TEST_STEP][PASSED] - Statement - (count++): null

2018-05-28 17:57:37 - [TEST_STEP][PASSED] - Statement - If (count > 249): null

2018-05-28 17:57:37 - [TEST_STEP][PASSED] - Statement - txt = storesLabel.get(i).getText(): null

2018-05-28 17:57:37 - [TEST_STEP][PASSED] - Statement - index = i + 1: null

2018-05-28 17:57:37 - [TEST_STEP][PASSED] - Statement - matched = pattern.matcher(txt).matches(): null

2018-05-28 17:57:37 - [TEST_STEP][PASSED] - Statement - If (matched): null

2018-05-28 17:57:37 - [TEST_STEP][PASSED] - Statement - driver.findElement(org.openqa.selenium.By.xpath("(//ul[@class='unlinked-grouplist']/li/label)[" + index + "]")).click(): null

2018-05-28 17:57:37 - [TEST_STEP][PASSED] - Statement - (count++): null

2018-05-28 17:57:37 - [TEST_STEP][PASSED] - Statement - If (count > 249): null

2018-05-28 17:57:37 - [TEST_STEP][PASSED] - Statement - txt = storesLabel.get(i).getText(): null

2018-05-28 17:57:37 - [TEST_STEP][PASSED] - Statement - index = i + 1: null

2018-05-28 17:57:37 - [TEST_STEP][PASSED] - Statement - matched = pattern.matcher(txt).matches(): null

2018-05-28 17:57:37 - [TEST_STEP][PASSED] - Statement - If (matched): null

2018-05-28 17:57:37 - [TEST_STEP][PASSED] - Statement - driver.findElement(org.openqa.selenium.By.xpath("(//ul[@class='unlinked-grouplist']/li/label)[" + index + "]")).click(): null

2018-05-28 17:57:37 - [TEST_STEP][PASSED] - Statement - (count++): null

2018-05-28 17:57:37 - [TEST_STEP][PASSED] - Statement - If (count > 249): null

2018-05-28 17:57:37 - [TEST_STEP][PASSED] - Statement - txt = storesLabel.get(i).getText(): null

2018-05-28 17:57:37 - [TEST_STEP][PASSED] - Statement - index = i + 1: null

2018-05-28 17:57:37 - [TEST_STEP][PASSED] - Statement - matched = pattern.matcher(txt).matches(): null

2018-05-28 17:57:37 - [TEST_STEP][PASSED] - Statement - If (matched): null

2018-05-28 17:57:37 - [TEST_STEP][PASSED] - Statement - driver.findElement(org.openqa.selenium.By.xpath("(//ul[@class='unlinked-grouplist']/li/label)[" + index + "]")).click(): null

2018-05-28 17:57:37 - [TEST_STEP][PASSED] - Statement - (count++): null

2018-05-28 17:57:37 - [TEST_STEP][PASSED] - Statement - If (count > 249): null

2018-05-28 17:57:37 - [TEST_STEP][PASSED] - Statement - txt = storesLabel.get(i).getText(): null

2018-05-28 17:57:37 - [TEST_STEP][PASSED] - Statement - index = i + 1: null

2018-05-28 17:57:37 - [TEST_STEP][PASSED] - Statement - matched = pattern.matcher(txt).matches(): null

2018-05-28 17:57:37 - [TEST_STEP][PASSED] - Statement - If (matched): null

2018-05-28 17:57:37 - [TEST_STEP][PASSED] - Statement - driver.findElement(org.openqa.selenium.By.xpath("(//ul[@class='unlinked-grouplist']/li/label)[" + index + "]")).click(): null

2018-05-28 17:57:37 - [TEST_STEP][PASSED] - Statement - (count++): null

2018-05-28 17:57:37 - [TEST_STEP][PASSED] - Statement - If (count > 249): null

2018-05-28 17:57:37 - [TEST_STEP][PASSED] - Statement - txt = storesLabel.get(i).getText(): null

2018-05-28 17:57:37 - [TEST_STEP][PASSED] - Statement - index = i + 1: null

2018-05-28 17:57:37 - [TEST_STEP][PASSED] - Statement - matched = pattern.matcher(txt).matches(): null

2018-05-28 17:57:37 - [TEST_STEP][PASSED] - Statement - If (matched): null

2018-05-28 17:57:37 - [TEST_STEP][PASSED] - Statement - driver.findElement(org.openqa.selenium.By.xpath("(//ul[@class='unlinked-grouplist']/li/label)[" + index + "]")).click(): null

2018-05-28 17:57:38 - [TEST_STEP][PASSED] - Statement - (count++): null

2018-05-28 17:57:38 - [TEST_STEP][PASSED] - Statement - If (count > 249): null

2018-05-28 17:57:38 - [TEST_STEP][PASSED] - Statement - txt = storesLabel.get(i).getText(): null

2018-05-28 17:57:38 - [TEST_STEP][PASSED] - Statement - index = i + 1: null

2018-05-28 17:57:38 - [TEST_STEP][PASSED] - Statement - matched = pattern.matcher(txt).matches(): null

2018-05-28 17:57:38 - [TEST_STEP][PASSED] - Statement - If (matched): null

2018-05-28 17:57:38 - [TEST_STEP][PASSED] - Statement - driver.findElement(org.openqa.selenium.By.xpath("(//ul[@class='unlinked-grouplist']/li/label)[" + index + "]")).click(): null

2018-05-28 17:57:38 - [TEST_STEP][PASSED] - Statement - (count++): null

2018-05-28 17:57:38 - [TEST_STEP][PASSED] - Statement - If (count > 249): null

2018-05-28 17:57:38 - [TEST_STEP][PASSED] - Statement - txt = storesLabel.get(i).getText(): null

2018-05-28 17:57:38 - [TEST_STEP][PASSED] - Statement - index = i + 1: null

2018-05-28 17:57:38 - [TEST_STEP][PASSED] - Statement - matched = pattern.matcher(txt).matches(): null

2018-05-28 17:57:38 - [TEST_STEP][PASSED] - Statement - If (matched): null

2018-05-28 17:57:38 - [TEST_STEP][PASSED] - Statement - driver.findElement(org.openqa.selenium.By.xpath("(//ul[@class='unlinked-grouplist']/li/label)[" + index + "]")).click(): null

2018-05-28 17:57:38 - [TEST_STEP][PASSED] - Statement - (count++): null

2018-05-28 17:57:38 - [TEST_STEP][PASSED] - Statement - If (count > 249): null

2018-05-28 17:57:38 - [TEST_STEP][PASSED] - Statement - txt = storesLabel.get(i).getText(): null

2018-05-28 17:57:38 - [TEST_STEP][PASSED] - Statement - index = i + 1: null

2018-05-28 17:57:38 - [TEST_STEP][PASSED] - Statement - matched = pattern.matcher(txt).matches(): null

2018-05-28 17:57:38 - [TEST_STEP][PASSED] - Statement - If (matched): null

2018-05-28 17:57:38 - [TEST_STEP][PASSED] - Statement - driver.findElement(org.openqa.selenium.By.xpath("(//ul[@class='unlinked-grouplist']/li/label)[" + index + "]")).click(): null

2018-05-28 17:57:38 - [TEST_STEP][PASSED] - Statement - (count++): null

2018-05-28 17:57:38 - [TEST_STEP][PASSED] - Statement - If (count > 249): null

2018-05-28 17:57:38 - [TEST_STEP][PASSED] - Statement - txt = storesLabel.get(i).getText(): null

2018-05-28 17:57:38 - [TEST_STEP][PASSED] - Statement - index = i + 1: null

2018-05-28 17:57:38 - [TEST_STEP][PASSED] - Statement - matched = pattern.matcher(txt).matches(): null

2018-05-28 17:57:38 - [TEST_STEP][PASSED] - Statement - If (matched): null

2018-05-28 17:57:38 - [TEST_STEP][PASSED] - Statement - driver.findElement(org.openqa.selenium.By.xpath("(//ul[@class='unlinked-grouplist']/li/label)[" + index + "]")).click(): null

2018-05-28 17:57:38 - [TEST_STEP][PASSED] - Statement - (count++): null

2018-05-28 17:57:38 - [TEST_STEP][PASSED] - Statement - If (count > 249): null

2018-05-28 17:57:38 - [TEST_STEP][PASSED] - Statement - txt = storesLabel.get(i).getText(): null

2018-05-28 17:57:38 - [TEST_STEP][PASSED] - Statement - index = i + 1: null

2018-05-28 17:57:38 - [TEST_STEP][PASSED] - Statement - matched = pattern.matcher(txt).matches(): null

2018-05-28 17:57:38 - [TEST_STEP][PASSED] - Statement - If (matched): null

2018-05-28 17:57:38 - [TEST_STEP][PASSED] - Statement - driver.findElement(org.openqa.selenium.By.xpath("(//ul[@class='unlinked-grouplist']/li/label)[" + index + "]")).click(): null

2018-05-28 17:57:38 - [TEST_STEP][PASSED] - Statement - (count++): null

2018-05-28 17:57:38 - [TEST_STEP][PASSED] - Statement - If (count > 249): null

2018-05-28 17:57:38 - [TEST_STEP][PASSED] - Statement - txt = storesLabel.get(i).getText(): null

2018-05-28 17:57:38 - [TEST_STEP][PASSED] - Statement - index = i + 1: null

2018-05-28 17:57:38 - [TEST_STEP][PASSED] - Statement - matched = pattern.matcher(txt).matches(): null

2018-05-28 17:57:38 - [TEST_STEP][PASSED] - Statement - If (matched): null

2018-05-28 17:57:38 - [TEST_STEP][PASSED] - Statement - driver.findElement(org.openqa.selenium.By.xpath("(//ul[@class='unlinked-grouplist']/li/label)[" + index + "]")).click(): null

2018-05-28 17:57:38 - [TEST_STEP][PASSED] - Statement - (count++): null

2018-05-28 17:57:38 - [TEST_STEP][PASSED] - Statement - If (count > 249): null

2018-05-28 17:57:38 - [TEST_STEP][PASSED] - Statement - txt = storesLabel.get(i).getText(): null

2018-05-28 17:57:38 - [TEST_STEP][PASSED] - Statement - index = i + 1: null

2018-05-28 17:57:38 - [TEST_STEP][PASSED] - Statement - matched = pattern.matcher(txt).matches(): null

2018-05-28 17:57:38 - [TEST_STEP][PASSED] - Statement - If (matched): null

2018-05-28 17:57:38 - [TEST_STEP][PASSED] - Statement - driver.findElement(org.openqa.selenium.By.xpath("(//ul[@class='unlinked-grouplist']/li/label)[" + index + "]")).click(): null

2018-05-28 17:57:38 - [TEST_STEP][PASSED] - Statement - (count++): null

2018-05-28 17:57:38 - [TEST_STEP][PASSED] - Statement - If (count > 249): null

2018-05-28 17:57:38 - [TEST_STEP][PASSED] - Statement - txt = storesLabel.get(i).getText(): null

2018-05-28 17:57:38 - [TEST_STEP][PASSED] - Statement - index = i + 1: null

2018-05-28 17:57:38 - [TEST_STEP][PASSED] - Statement - matched = pattern.matcher(txt).matches(): null

2018-05-28 17:57:38 - [TEST_STEP][PASSED] - Statement - If (matched): null

2018-05-28 17:57:38 - [TEST_STEP][PASSED] - Statement - driver.findElement(org.openqa.selenium.By.xpath("(//ul[@class='unlinked-grouplist']/li/label)[" + index + "]")).click(): null

2018-05-28 17:57:38 - [TEST_STEP][PASSED] - Statement - (count++): null

2018-05-28 17:57:38 - [TEST_STEP][PASSED] - Statement - If (count > 249): null

2018-05-28 17:57:38 - [TEST_STEP][PASSED] - Statement - txt = storesLabel.get(i).getText(): null

2018-05-28 17:57:38 - [TEST_STEP][PASSED] - Statement - index = i + 1: null

2018-05-28 17:57:38 - [TEST_STEP][PASSED] - Statement - matched = pattern.matcher(txt).matches(): null

2018-05-28 17:57:38 - [TEST_STEP][PASSED] - Statement - If (matched): null

2018-05-28 17:57:38 - [TEST_STEP][PASSED] - Statement - driver.findElement(org.openqa.selenium.By.xpath("(//ul[@class='unlinked-grouplist']/li/label)[" + index + "]")).click(): null

2018-05-28 17:57:38 - [TEST_STEP][PASSED] - Statement - (count++): null

2018-05-28 17:57:38 - [TEST_STEP][PASSED] - Statement - If (count > 249): null

2018-05-28 17:57:38 - [TEST_STEP][PASSED] - Statement - txt = storesLabel.get(i).getText(): null

2018-05-28 17:57:38 - [TEST_STEP][PASSED] - Statement - index = i + 1: null

2018-05-28 17:57:38 - [TEST_STEP][PASSED] - Statement - matched = pattern.matcher(txt).matches(): null

2018-05-28 17:57:38 - [TEST_STEP][PASSED] - Statement - If (matched): null

2018-05-28 17:57:38 - [TEST_STEP][PASSED] - Statement - driver.findElement(org.openqa.selenium.By.xpath("(//ul[@class='unlinked-grouplist']/li/label)[" + index + "]")).click(): null

2018-05-28 17:57:38 - [TEST_STEP][PASSED] - Statement - (count++): null

2018-05-28 17:57:38 - [TEST_STEP][PASSED] - Statement - If (count > 249): null

2018-05-28 17:57:38 - [TEST_STEP][PASSED] - Statement - txt = storesLabel.get(i).getText(): null

2018-05-28 17:57:38 - [TEST_STEP][PASSED] - Statement - index = i + 1: null

2018-05-28 17:57:38 - [TEST_STEP][PASSED] - Statement - matched = pattern.matcher(txt).matches(): null

2018-05-28 17:57:38 - [TEST_STEP][PASSED] - Statement - If (matched): null

2018-05-28 17:57:38 - [TEST_STEP][PASSED] - Statement - driver.findElement(org.openqa.selenium.By.xpath("(//ul[@class='unlinked-grouplist']/li/label)[" + index + "]")).click(): null

2018-05-28 17:57:38 - [TEST_STEP][PASSED] - Statement - (count++): null

2018-05-28 17:57:38 - [TEST_STEP][PASSED] - Statement - If (count > 249): null

2018-05-28 17:57:38 - [TEST_STEP][PASSED] - Statement - txt = storesLabel.get(i).getText(): null

2018-05-28 17:57:38 - [TEST_STEP][PASSED] - Statement - index = i + 1: null

2018-05-28 17:57:38 - [TEST_STEP][PASSED] - Statement - matched = pattern.matcher(txt).matches(): null

2018-05-28 17:57:38 - [TEST_STEP][PASSED] - Statement - If (matched): null

2018-05-28 17:57:38 - [TEST_STEP][PASSED] - Statement - driver.findElement(org.openqa.selenium.By.xpath("(//ul[@class='unlinked-grouplist']/li/label)[" + index + "]")).click(): null

2018-05-28 17:57:38 - [TEST_STEP][PASSED] - Statement - (count++): null

2018-05-28 17:57:38 - [TEST_STEP][PASSED] - Statement - If (count > 249): null

2018-05-28 17:57:38 - [TEST_STEP][PASSED] - Statement - txt = storesLabel.get(i).getText(): null

2018-05-28 17:57:38 - [TEST_STEP][PASSED] - Statement - index = i + 1: null

2018-05-28 17:57:38 - [TEST_STEP][PASSED] - Statement - matched = pattern.matcher(txt).matches(): null

2018-05-28 17:57:38 - [TEST_STEP][PASSED] - Statement - If (matched): null

2018-05-28 17:57:38 - [TEST_STEP][PASSED] - Statement - driver.findElement(org.openqa.selenium.By.xpath("(//ul[@class='unlinked-grouplist']/li/label)[" + index + "]")).click(): null

2018-05-28 17:57:38 - [TEST_STEP][PASSED] - Statement - (count++): null

2018-05-28 17:57:38 - [TEST_STEP][PASSED] - Statement - If (count > 249): null

2018-05-28 17:57:38 - [TEST_STEP][PASSED] - Statement - txt = storesLabel.get(i).getText(): null

2018-05-28 17:57:39 - [TEST_STEP][PASSED] - Statement - index = i + 1: null

2018-05-28 17:57:39 - [TEST_STEP][PASSED] - Statement - matched = pattern.matcher(txt).matches(): null

2018-05-28 17:57:39 - [TEST_STEP][PASSED] - Statement - If (matched): null

2018-05-28 17:57:39 - [TEST_STEP][PASSED] - Statement - driver.findElement(org.openqa.selenium.By.xpath("(//ul[@class='unlinked-grouplist']/li/label)[" + index + "]")).click(): null

2018-05-28 17:57:39 - [TEST_STEP][PASSED] - Statement - (count++): null

2018-05-28 17:57:39 - [TEST_STEP][PASSED] - Statement - If (count > 249): null

2018-05-28 17:57:39 - [TEST_STEP][PASSED] - Statement - txt = storesLabel.get(i).getText(): null

2018-05-28 17:57:39 - [TEST_STEP][PASSED] - Statement - index = i + 1: null

2018-05-28 17:57:39 - [TEST_STEP][PASSED] - Statement - matched = pattern.matcher(txt).matches(): null

2018-05-28 17:57:39 - [TEST_STEP][PASSED] - Statement - If (matched): null

2018-05-28 17:57:39 - [TEST_STEP][PASSED] - Statement - driver.findElement(org.openqa.selenium.By.xpath("(//ul[@class='unlinked-grouplist']/li/label)[" + index + "]")).click(): null

2018-05-28 17:57:39 - [TEST_STEP][PASSED] - Statement - (count++): null

2018-05-28 17:57:39 - [TEST_STEP][PASSED] - Statement - If (count > 249): null

2018-05-28 17:57:39 - [TEST_STEP][PASSED] - Statement - txt = storesLabel.get(i).getText(): null

2018-05-28 17:57:39 - [TEST_STEP][PASSED] - Statement - index = i + 1: null

2018-05-28 17:57:39 - [TEST_STEP][PASSED] - Statement - matched = pattern.matcher(txt).matches(): null

2018-05-28 17:57:39 - [TEST_STEP][PASSED] - Statement - If (matched): null

2018-05-28 17:57:39 - [TEST_STEP][PASSED] - Statement - driver.findElement(org.openqa.selenium.By.xpath("(//ul[@class='unlinked-grouplist']/li/label)[" + index + "]")).click(): null

2018-05-28 17:57:39 - [TEST_STEP][PASSED] - Statement - (count++): null

2018-05-28 17:57:39 - [TEST_STEP][PASSED] - Statement - If (count > 249): null

2018-05-28 17:57:39 - [TEST_STEP][PASSED] - Statement - txt = storesLabel.get(i).getText(): null

2018-05-28 17:57:39 - [TEST_STEP][PASSED] - Statement - index = i + 1: null

2018-05-28 17:57:39 - [TEST_STEP][PASSED] - Statement - matched = pattern.matcher(txt).matches(): null

2018-05-28 17:57:39 - [TEST_STEP][PASSED] - Statement - If (matched): null

2018-05-28 17:57:39 - [TEST_STEP][PASSED] - Statement - driver.findElement(org.openqa.selenium.By.xpath("(//ul[@class='unlinked-grouplist']/li/label)[" + index + "]")).click(): null

2018-05-28 17:57:39 - [TEST_STEP][PASSED] - Statement - (count++): null

2018-05-28 17:57:39 - [TEST_STEP][PASSED] - Statement - If (count > 249): null

2018-05-28 17:57:39 - [TEST_STEP][PASSED] - Statement - txt = storesLabel.get(i).getText(): null

2018-05-28 17:57:39 - [TEST_STEP][PASSED] - Statement - index = i + 1: null

2018-05-28 17:57:39 - [TEST_STEP][PASSED] - Statement - matched = pattern.matcher(txt).matches(): null

2018-05-28 17:57:39 - [TEST_STEP][PASSED] - Statement - If (matched): null

2018-05-28 17:57:39 - [TEST_STEP][PASSED] - Statement - driver.findElement(org.openqa.selenium.By.xpath("(//ul[@class='unlinked-grouplist']/li/label)[" + index + "]")).click(): null

2018-05-28 17:57:39 - [TEST_STEP][PASSED] - Statement - (count++): null

2018-05-28 17:57:39 - [TEST_STEP][PASSED] - Statement - If (count > 249): null

2018-05-28 17:57:39 - [TEST_STEP][PASSED] - Statement - txt = storesLabel.get(i).getText(): null

2018-05-28 17:57:39 - [TEST_STEP][PASSED] - Statement - index = i + 1: null

2018-05-28 17:57:39 - [TEST_STEP][PASSED] - Statement - matched = pattern.matcher(txt).matches(): null

2018-05-28 17:57:39 - [TEST_STEP][PASSED] - Statement - If (matched): null

2018-05-28 17:57:39 - [TEST_STEP][PASSED] - Statement - driver.findElement(org.openqa.selenium.By.xpath("(//ul[@class='unlinked-grouplist']/li/label)[" + index + "]")).click(): null

2018-05-28 17:57:39 - [TEST_STEP][PASSED] - Statement - (count++): null

2018-05-28 17:57:39 - [TEST_STEP][PASSED] - Statement - If (count > 249): null

2018-05-28 17:57:39 - [TEST_STEP][PASSED] - Statement - txt = storesLabel.get(i).getText(): null

2018-05-28 17:57:39 - [TEST_STEP][PASSED] - Statement - index = i + 1: null

2018-05-28 17:57:39 - [TEST_STEP][PASSED] - Statement - matched = pattern.matcher(txt).matches(): null

2018-05-28 17:57:39 - [TEST_STEP][PASSED] - Statement - If (matched): null

2018-05-28 17:57:39 - [TEST_STEP][PASSED] - Statement - driver.findElement(org.openqa.selenium.By.xpath("(//ul[@class='unlinked-grouplist']/li/label)[" + index + "]")).click(): null

2018-05-28 17:57:39 - [TEST_STEP][PASSED] - Statement - (count++): null

2018-05-28 17:57:39 - [TEST_STEP][PASSED] - Statement - If (count > 249): null

2018-05-28 17:57:39 - [TEST_STEP][PASSED] - Statement - txt = storesLabel.get(i).getText(): null

2018-05-28 17:57:39 - [TEST_STEP][PASSED] - Statement - index = i + 1: null

2018-05-28 17:57:39 - [TEST_STEP][PASSED] - Statement - matched = pattern.matcher(txt).matches(): null

2018-05-28 17:57:39 - [TEST_STEP][PASSED] - Statement - If (matched): null

2018-05-28 17:57:39 - [TEST_STEP][PASSED] - Statement - driver.findElement(org.openqa.selenium.By.xpath("(//ul[@class='unlinked-grouplist']/li/label)[" + index + "]")).click(): null

2018-05-28 17:57:39 - [TEST_STEP][PASSED] - Statement - (count++): null

2018-05-28 17:57:39 - [TEST_STEP][PASSED] - Statement - If (count > 249): null

2018-05-28 17:57:39 - [TEST_STEP][PASSED] - Statement - txt = storesLabel.get(i).getText(): null

2018-05-28 17:57:39 - [TEST_STEP][PASSED] - Statement - index = i + 1: null

2018-05-28 17:57:39 - [TEST_STEP][PASSED] - Statement - matched = pattern.matcher(txt).matches(): null

2018-05-28 17:57:39 - [TEST_STEP][PASSED] - Statement - If (matched): null

2018-05-28 17:57:39 - [TEST_STEP][PASSED] - Statement - driver.findElement(org.openqa.selenium.By.xpath("(//ul[@class='unlinked-grouplist']/li/label)[" + index + "]")).click(): null

2018-05-28 17:57:39 - [TEST_STEP][PASSED] - Statement - (count++): null

2018-05-28 17:57:39 - [TEST_STEP][PASSED] - Statement - If (count > 249): null

2018-05-28 17:57:39 - [TEST_STEP][PASSED] - Statement - txt = storesLabel.get(i).getText(): null

2018-05-28 17:57:39 - [TEST_STEP][PASSED] - Statement - index = i + 1: null

2018-05-28 17:57:39 - [TEST_STEP][PASSED] - Statement - matched = pattern.matcher(txt).matches(): null

2018-05-28 17:57:39 - [TEST_STEP][PASSED] - Statement - If (matched): null

2018-05-28 17:57:39 - [TEST_STEP][PASSED] - Statement - driver.findElement(org.openqa.selenium.By.xpath("(//ul[@class='unlinked-grouplist']/li/label)[" + index + "]")).click(): null

2018-05-28 17:57:39 - [TEST_STEP][PASSED] - Statement - (count++): null

2018-05-28 17:57:39 - [TEST_STEP][PASSED] - Statement - If (count > 249): null

2018-05-28 17:57:39 - [TEST_STEP][PASSED] - Statement - txt = storesLabel.get(i).getText(): null

2018-05-28 17:57:39 - [TEST_STEP][PASSED] - Statement - index = i + 1: null

2018-05-28 17:57:39 - [TEST_STEP][PASSED] - Statement - matched = pattern.matcher(txt).matches(): null

2018-05-28 17:57:39 - [TEST_STEP][PASSED] - Statement - If (matched): null

2018-05-28 17:57:39 - [TEST_STEP][PASSED] - Statement - driver.findElement(org.openqa.selenium.By.xpath("(//ul[@class='unlinked-grouplist']/li/label)[" + index + "]")).click(): null

2018-05-28 17:57:39 - [TEST_STEP][PASSED] - Statement - (count++): null

2018-05-28 17:57:39 - [TEST_STEP][PASSED] - Statement - If (count > 249): null

2018-05-28 17:57:39 - [TEST_STEP][PASSED] - Statement - txt = storesLabel.get(i).getText(): null

2018-05-28 17:57:39 - [TEST_STEP][PASSED] - Statement - index = i + 1: null

2018-05-28 17:57:39 - [TEST_STEP][PASSED] - Statement - matched = pattern.matcher(txt).matches(): null

2018-05-28 17:57:39 - [TEST_STEP][PASSED] - Statement - If (matched): null

2018-05-28 17:57:39 - [TEST_STEP][PASSED] - Statement - driver.findElement(org.openqa.selenium.By.xpath("(//ul[@class='unlinked-grouplist']/li/label)[" + index + "]")).click(): null

2018-05-28 17:57:39 - [TEST_STEP][PASSED] - Statement - (count++): null

2018-05-28 17:57:39 - [TEST_STEP][PASSED] - Statement - If (count > 249): null

2018-05-28 17:57:39 - [TEST_STEP][PASSED] - Statement - txt = storesLabel.get(i).getText(): null

2018-05-28 17:57:39 - [TEST_STEP][PASSED] - Statement - index = i + 1: null

2018-05-28 17:57:39 - [TEST_STEP][PASSED] - Statement - matched = pattern.matcher(txt).matches(): null

2018-05-28 17:57:39 - [TEST_STEP][PASSED] - Statement - If (matched): null

2018-05-28 17:57:39 - [TEST_STEP][PASSED] - Statement - driver.findElement(org.openqa.selenium.By.xpath("(//ul[@class='unlinked-grouplist']/li/label)[" + index + "]")).click(): null

2018-05-28 17:57:40 - [TEST_STEP][PASSED] - Statement - (count++): null

2018-05-28 17:57:40 - [TEST_STEP][PASSED] - Statement - If (count > 249): null

2018-05-28 17:57:40 - [TEST_STEP][PASSED] - Statement - txt = storesLabel.get(i).getText(): null

2018-05-28 17:57:40 - [TEST_STEP][PASSED] - Statement - index = i + 1: null

2018-05-28 17:57:40 - [TEST_STEP][PASSED] - Statement - matched = pattern.matcher(txt).matches(): null

2018-05-28 17:57:40 - [TEST_STEP][PASSED] - Statement - If (matched): null

2018-05-28 17:57:40 - [TEST_STEP][PASSED] - Statement - driver.findElement(org.openqa.selenium.By.xpath("(//ul[@class='unlinked-grouplist']/li/label)[" + index + "]")).click(): null

2018-05-28 17:57:40 - [TEST_STEP][PASSED] - Statement - (count++): null

2018-05-28 17:57:40 - [TEST_STEP][PASSED] - Statement - If (count > 249): null

2018-05-28 17:57:40 - [TEST_STEP][PASSED] - Statement - txt = storesLabel.get(i).getText(): null

2018-05-28 17:57:40 - [TEST_STEP][PASSED] - Statement - index = i + 1: null

2018-05-28 17:57:40 - [TEST_STEP][PASSED] - Statement - matched = pattern.matcher(txt).matches(): null

2018-05-28 17:57:40 - [TEST_STEP][PASSED] - Statement - If (matched): null

2018-05-28 17:57:40 - [TEST_STEP][PASSED] - Statement - driver.findElement(org.openqa.selenium.By.xpath("(//ul[@class='unlinked-grouplist']/li/label)[" + index + "]")).click(): null

2018-05-28 17:57:40 - [TEST_STEP][PASSED] - Statement - (count++): null

2018-05-28 17:57:40 - [TEST_STEP][PASSED] - Statement - If (count > 249): null

2018-05-28 17:57:40 - [TEST_STEP][PASSED] - Statement - txt = storesLabel.get(i).getText(): null

2018-05-28 17:57:40 - [TEST_STEP][PASSED] - Statement - index = i + 1: null

2018-05-28 17:57:40 - [TEST_STEP][PASSED] - Statement - matched = pattern.matcher(txt).matches(): null

2018-05-28 17:57:40 - [TEST_STEP][PASSED] - Statement - If (matched): null

2018-05-28 17:57:40 - [TEST_STEP][PASSED] - Statement - driver.findElement(org.openqa.selenium.By.xpath("(//ul[@class='unlinked-grouplist']/li/label)[" + index + "]")).click(): null

2018-05-28 17:57:40 - [TEST_STEP][PASSED] - Statement - (count++): null

2018-05-28 17:57:40 - [TEST_STEP][PASSED] - Statement - If (count > 249): null

2018-05-28 17:57:40 - [TEST_STEP][PASSED] - Statement - txt = storesLabel.get(i).getText(): null

2018-05-28 17:57:40 - [TEST_STEP][PASSED] - Statement - index = i + 1: null

2018-05-28 17:57:40 - [TEST_STEP][PASSED] - Statement - matched = pattern.matcher(txt).matches(): null

2018-05-28 17:57:40 - [TEST_STEP][PASSED] - Statement - If (matched): null

2018-05-28 17:57:40 - [TEST_STEP][PASSED] - Statement - driver.findElement(org.openqa.selenium.By.xpath("(//ul[@class='unlinked-grouplist']/li/label)[" + index + "]")).click(): null

2018-05-28 17:57:40 - [TEST_STEP][PASSED] - Statement - (count++): null

2018-05-28 17:57:40 - [TEST_STEP][PASSED] - Statement - If (count > 249): null

2018-05-28 17:57:40 - [TEST_STEP][PASSED] - Statement - txt = storesLabel.get(i).getText(): null

2018-05-28 17:57:40 - [TEST_STEP][PASSED] - Statement - index = i + 1: null

2018-05-28 17:57:40 - [TEST_STEP][PASSED] - Statement - matched = pattern.matcher(txt).matches(): null

2018-05-28 17:57:40 - [TEST_STEP][PASSED] - Statement - If (matched): null

2018-05-28 17:57:40 - [TEST_STEP][PASSED] - Statement - driver.findElement(org.openqa.selenium.By.xpath("(//ul[@class='unlinked-grouplist']/li/label)[" + index + "]")).click(): null

2018-05-28 17:57:40 - [TEST_STEP][PASSED] - Statement - (count++): null

2018-05-28 17:57:40 - [TEST_STEP][PASSED] - Statement - If (count > 249): null

2018-05-28 17:57:40 - [TEST_STEP][PASSED] - Statement - txt = storesLabel.get(i).getText(): null

2018-05-28 17:57:40 - [TEST_STEP][PASSED] - Statement - index = i + 1: null

2018-05-28 17:57:40 - [TEST_STEP][PASSED] - Statement - matched = pattern.matcher(txt).matches(): null

2018-05-28 17:57:40 - [TEST_STEP][PASSED] - Statement - If (matched): null

2018-05-28 17:57:40 - [TEST_STEP][PASSED] - Statement - driver.findElement(org.openqa.selenium.By.xpath("(//ul[@class='unlinked-grouplist']/li/label)[" + index + "]")).click(): null

2018-05-28 17:57:40 - [TEST_STEP][PASSED] - Statement - (count++): null

2018-05-28 17:57:40 - [TEST_STEP][PASSED] - Statement - If (count > 249): null

2018-05-28 17:57:40 - [TEST_STEP][PASSED] - Statement - txt = storesLabel.get(i).getText(): null

2018-05-28 17:57:40 - [TEST_STEP][PASSED] - Statement - index = i + 1: null

2018-05-28 17:57:40 - [TEST_STEP][PASSED] - Statement - matched = pattern.matcher(txt).matches(): null

2018-05-28 17:57:40 - [TEST_STEP][PASSED] - Statement - If (matched): null

2018-05-28 17:57:40 - [TEST_STEP][PASSED] - Statement - driver.findElement(org.openqa.selenium.By.xpath("(//ul[@class='unlinked-grouplist']/li/label)[" + index + "]")).click(): null

2018-05-28 17:57:40 - [TEST_STEP][PASSED] - Statement - (count++): null

2018-05-28 17:57:40 - [TEST_STEP][PASSED] - Statement - If (count > 249): null

2018-05-28 17:57:40 - [TEST_STEP][PASSED] - Statement - txt = storesLabel.get(i).getText(): null

2018-05-28 17:57:40 - [TEST_STEP][PASSED] - Statement - index = i + 1: null

2018-05-28 17:57:40 - [TEST_STEP][PASSED] - Statement - matched = pattern.matcher(txt).matches(): null

2018-05-28 17:57:40 - [TEST_STEP][PASSED] - Statement - If (matched): null

2018-05-28 17:57:40 - [TEST_STEP][PASSED] - Statement - driver.findElement(org.openqa.selenium.By.xpath("(//ul[@class='unlinked-grouplist']/li/label)[" + index + "]")).click(): null

2018-05-28 17:57:40 - [TEST_STEP][PASSED] - Statement - (count++): null

2018-05-28 17:57:40 - [TEST_STEP][PASSED] - Statement - If (count > 249): null

2018-05-28 17:57:40 - [TEST_STEP][PASSED] - Statement - txt = storesLabel.get(i).getText(): null

2018-05-28 17:57:40 - [TEST_STEP][PASSED] - Statement - index = i + 1: null

2018-05-28 17:57:40 - [TEST_STEP][PASSED] - Statement - matched = pattern.matcher(txt).matches(): null

2018-05-28 17:57:40 - [TEST_STEP][PASSED] - Statement - If (matched): null

2018-05-28 17:57:40 - [TEST_STEP][PASSED] - Statement - driver.findElement(org.openqa.selenium.By.xpath("(//ul[@class='unlinked-grouplist']/li/label)[" + index + "]")).click(): null

2018-05-28 17:57:40 - [TEST_STEP][PASSED] - Statement - (count++): null

2018-05-28 17:57:40 - [TEST_STEP][PASSED] - Statement - If (count > 249): null

2018-05-28 17:57:40 - [TEST_STEP][PASSED] - Statement - txt = storesLabel.get(i).getText(): null

2018-05-28 17:57:40 - [TEST_STEP][PASSED] - Statement - index = i + 1: null

2018-05-28 17:57:40 - [TEST_STEP][PASSED] - Statement - matched = pattern.matcher(txt).matches(): null

2018-05-28 17:57:40 - [TEST_STEP][PASSED] - Statement - If (matched): null

2018-05-28 17:57:40 - [TEST_STEP][PASSED] - Statement - driver.findElement(org.openqa.selenium.By.xpath("(//ul[@class='unlinked-grouplist']/li/label)[" + index + "]")).click(): null

2018-05-28 17:57:40 - [TEST_STEP][PASSED] - Statement - (count++): null

2018-05-28 17:57:40 - [TEST_STEP][PASSED] - Statement - If (count > 249): null

2018-05-28 17:57:40 - [TEST_STEP][PASSED] - Statement - txt = storesLabel.get(i).getText(): null

2018-05-28 17:57:40 - [TEST_STEP][PASSED] - Statement - index = i + 1: null

2018-05-28 17:57:40 - [TEST_STEP][PASSED] - Statement - matched = pattern.matcher(txt).matches(): null

2018-05-28 17:57:40 - [TEST_STEP][PASSED] - Statement - If (matched): null

2018-05-28 17:57:40 - [TEST_STEP][PASSED] - Statement - driver.findElement(org.openqa.selenium.By.xpath("(//ul[@class='unlinked-grouplist']/li/label)[" + index + "]")).click(): null

2018-05-28 17:57:40 - [TEST_STEP][PASSED] - Statement - (count++): null

2018-05-28 17:57:40 - [TEST_STEP][PASSED] - Statement - If (count > 249): null

2018-05-28 17:57:40 - [TEST_STEP][PASSED] - Statement - txt = storesLabel.get(i).getText(): null

2018-05-28 17:57:40 - [TEST_STEP][PASSED] - Statement - index = i + 1: null

2018-05-28 17:57:40 - [TEST_STEP][PASSED] - Statement - matched = pattern.matcher(txt).matches(): null

2018-05-28 17:57:40 - [TEST_STEP][PASSED] - Statement - If (matched): null

2018-05-28 17:57:40 - [TEST_STEP][PASSED] - Statement - driver.findElement(org.openqa.selenium.By.xpath("(//ul[@class='unlinked-grouplist']/li/label)[" + index + "]")).click(): null

2018-05-28 17:57:40 - [TEST_STEP][PASSED] - Statement - (count++): null

2018-05-28 17:57:40 - [TEST_STEP][PASSED] - Statement - If (count > 249): null

2018-05-28 17:57:40 - [TEST_STEP][PASSED] - Statement - txt = storesLabel.get(i).getText(): null

2018-05-28 17:57:40 - [TEST_STEP][PASSED] - Statement - index = i + 1: null

2018-05-28 17:57:40 - [TEST_STEP][PASSED] - Statement - matched = pattern.matcher(txt).matches(): null

2018-05-28 17:57:40 - [TEST_STEP][PASSED] - Statement - If (matched): null

2018-05-28 17:57:40 - [TEST_STEP][PASSED] - Statement - driver.findElement(org.openqa.selenium.By.xpath("(//ul[@class='unlinked-grouplist']/li/label)[" + index + "]")).click(): null

2018-05-28 17:57:40 - [TEST_STEP][PASSED] - Statement - (count++): null

2018-05-28 17:57:40 - [TEST_STEP][PASSED] - Statement - If (count > 249): null

2018-05-28 17:57:40 - [TEST_STEP][PASSED] - Statement - txt = storesLabel.get(i).getText(): null

2018-05-28 17:57:40 - [TEST_STEP][PASSED] - Statement - index = i + 1: null

2018-05-28 17:57:40 - [TEST_STEP][PASSED] - Statement - matched = pattern.matcher(txt).matches(): null

2018-05-28 17:57:40 - [TEST_STEP][PASSED] - Statement - If (matched): null

2018-05-28 17:57:40 - [TEST_STEP][PASSED] - Statement - driver.findElement(org.openqa.selenium.By.xpath("(//ul[@class='unlinked-grouplist']/li/label)[" + index + "]")).click(): null

2018-05-28 17:57:41 - [TEST_STEP][PASSED] - Statement - (count++): null

2018-05-28 17:57:41 - [TEST_STEP][PASSED] - Statement - If (count > 249): null

2018-05-28 17:57:41 - [TEST_STEP][PASSED] - Statement - txt = storesLabel.get(i).getText(): null

2018-05-28 17:57:41 - [TEST_STEP][PASSED] - Statement - index = i + 1: null

2018-05-28 17:57:41 - [TEST_STEP][PASSED] - Statement - matched = pattern.matcher(txt).matches(): null

2018-05-28 17:57:41 - [TEST_STEP][PASSED] - Statement - If (matched): null

2018-05-28 17:57:41 - [TEST_STEP][PASSED] - Statement - driver.findElement(org.openqa.selenium.By.xpath("(//ul[@class='unlinked-grouplist']/li/label)[" + index + "]")).click(): null

2018-05-28 17:57:41 - [TEST_STEP][PASSED] - Statement - (count++): null

2018-05-28 17:57:41 - [TEST_STEP][PASSED] - Statement - If (count > 249): null

2018-05-28 17:57:41 - [TEST_STEP][PASSED] - Statement - txt = storesLabel.get(i).getText(): null

2018-05-28 17:57:41 - [TEST_STEP][PASSED] - Statement - index = i + 1: null

2018-05-28 17:57:41 - [TEST_STEP][PASSED] - Statement - matched = pattern.matcher(txt).matches(): null

2018-05-28 17:57:41 - [TEST_STEP][PASSED] - Statement - If (matched): null

2018-05-28 17:57:41 - [TEST_STEP][PASSED] - Statement - driver.findElement(org.openqa.selenium.By.xpath("(//ul[@class='unlinked-grouplist']/li/label)[" + index + "]")).click(): null

2018-05-28 17:57:41 - [TEST_STEP][PASSED] - Statement - (count++): null

2018-05-28 17:57:41 - [TEST_STEP][PASSED] - Statement - If (count > 249): null

2018-05-28 17:57:41 - [TEST_STEP][PASSED] - Statement - txt = storesLabel.get(i).getText(): null

2018-05-28 17:57:41 - [TEST_STEP][PASSED] - Statement - index = i + 1: null

2018-05-28 17:57:41 - [TEST_STEP][PASSED] - Statement - matched = pattern.matcher(txt).matches(): null

2018-05-28 17:57:41 - [TEST_STEP][PASSED] - Statement - If (matched): null

2018-05-28 17:57:41 - [TEST_STEP][PASSED] - Statement - driver.findElement(org.openqa.selenium.By.xpath("(//ul[@class='unlinked-grouplist']/li/label)[" + index + "]")).click(): null

2018-05-28 17:57:41 - [TEST_STEP][PASSED] - Statement - (count++): null

2018-05-28 17:57:41 - [TEST_STEP][PASSED] - Statement - If (count > 249): null

2018-05-28 17:57:41 - [TEST_STEP][PASSED] - Statement - txt = storesLabel.get(i).getText(): null

2018-05-28 17:57:41 - [TEST_STEP][PASSED] - Statement - index = i + 1: null

2018-05-28 17:57:41 - [TEST_STEP][PASSED] - Statement - matched = pattern.matcher(txt).matches(): null

2018-05-28 17:57:41 - [TEST_STEP][PASSED] - Statement - If (matched): null

2018-05-28 17:57:41 - [TEST_STEP][PASSED] - Statement - driver.findElement(org.openqa.selenium.By.xpath("(//ul[@class='unlinked-grouplist']/li/label)[" + index + "]")).click(): null

2018-05-28 17:57:41 - [TEST_STEP][PASSED] - Statement - (count++): null

2018-05-28 17:57:41 - [TEST_STEP][PASSED] - Statement - If (count > 249): null

2018-05-28 17:57:41 - [TEST_STEP][PASSED] - Statement - txt = storesLabel.get(i).getText(): null

2018-05-28 17:57:41 - [TEST_STEP][PASSED] - Statement - index = i + 1: null

2018-05-28 17:57:41 - [TEST_STEP][PASSED] - Statement - matched = pattern.matcher(txt).matches(): null

2018-05-28 17:57:41 - [TEST_STEP][PASSED] - Statement - If (matched): null

2018-05-28 17:57:41 - [TEST_STEP][PASSED] - Statement - driver.findElement(org.openqa.selenium.By.xpath("(//ul[@class='unlinked-grouplist']/li/label)[" + index + "]")).click(): null

2018-05-28 17:57:41 - [TEST_STEP][PASSED] - Statement - (count++): null

2018-05-28 17:57:41 - [TEST_STEP][PASSED] - Statement - If (count > 249): null

2018-05-28 17:57:41 - [TEST_STEP][PASSED] - Statement - txt = storesLabel.get(i).getText(): null

2018-05-28 17:57:41 - [TEST_STEP][PASSED] - Statement - index = i + 1: null

2018-05-28 17:57:41 - [TEST_STEP][PASSED] - Statement - matched = pattern.matcher(txt).matches(): null

2018-05-28 17:57:41 - [TEST_STEP][PASSED] - Statement - If (matched): null

2018-05-28 17:57:41 - [TEST_STEP][PASSED] - Statement - driver.findElement(org.openqa.selenium.By.xpath("(//ul[@class='unlinked-grouplist']/li/label)[" + index + "]")).click(): null

2018-05-28 17:57:41 - [TEST_STEP][PASSED] - Statement - (count++): null

2018-05-28 17:57:41 - [TEST_STEP][PASSED] - Statement - If (count > 249): null

2018-05-28 17:57:41 - [TEST_STEP][PASSED] - Statement - txt = storesLabel.get(i).getText(): null

2018-05-28 17:57:41 - [TEST_STEP][PASSED] - Statement - index = i + 1: null

2018-05-28 17:57:41 - [TEST_STEP][PASSED] - Statement - matched = pattern.matcher(txt).matches(): null

2018-05-28 17:57:41 - [TEST_STEP][PASSED] - Statement - If (matched): null

2018-05-28 17:57:41 - [TEST_STEP][PASSED] - Statement - driver.findElement(org.openqa.selenium.By.xpath("(//ul[@class='unlinked-grouplist']/li/label)[" + index + "]")).click(): null

2018-05-28 17:57:41 - [TEST_STEP][PASSED] - Statement - (count++): null

2018-05-28 17:57:41 - [TEST_STEP][PASSED] - Statement - If (count > 249): null

2018-05-28 17:57:41 - [TEST_STEP][PASSED] - Statement - txt = storesLabel.get(i).getText(): null

2018-05-28 17:57:41 - [TEST_STEP][PASSED] - Statement - index = i + 1: null

2018-05-28 17:57:41 - [TEST_STEP][PASSED] - Statement - matched = pattern.matcher(txt).matches(): null

2018-05-28 17:57:41 - [TEST_STEP][PASSED] - Statement - If (matched): null

2018-05-28 17:57:41 - [TEST_STEP][PASSED] - Statement - driver.findElement(org.openqa.selenium.By.xpath("(//ul[@class='unlinked-grouplist']/li/label)[" + index + "]")).click(): null

2018-05-28 17:57:41 - [TEST_STEP][PASSED] - Statement - (count++): null

2018-05-28 17:57:41 - [TEST_STEP][PASSED] - Statement - If (count > 249): null

2018-05-28 17:57:41 - [TEST_STEP][PASSED] - Statement - txt = storesLabel.get(i).getText(): null

2018-05-28 17:57:41 - [TEST_STEP][PASSED] - Statement - index = i + 1: null

2018-05-28 17:57:41 - [TEST_STEP][PASSED] - Statement - matched = pattern.matcher(txt).matches(): null

2018-05-28 17:57:41 - [TEST_STEP][PASSED] - Statement - If (matched): null

2018-05-28 17:57:41 - [TEST_STEP][PASSED] - Statement - driver.findElement(org.openqa.selenium.By.xpath("(//ul[@class='unlinked-grouplist']/li/label)[" + index + "]")).click(): null

2018-05-28 17:57:41 - [TEST_STEP][PASSED] - Statement - (count++): null

2018-05-28 17:57:41 - [TEST_STEP][PASSED] - Statement - If (count > 249): null

2018-05-28 17:57:41 - [TEST_STEP][PASSED] - Statement - txt = storesLabel.get(i).getText(): null

2018-05-28 17:57:41 - [TEST_STEP][PASSED] - Statement - index = i + 1: null

2018-05-28 17:57:41 - [TEST_STEP][PASSED] - Statement - matched = pattern.matcher(txt).matches(): null

2018-05-28 17:57:41 - [TEST_STEP][PASSED] - Statement - If (matched): null

2018-05-28 17:57:41 - [TEST_STEP][PASSED] - Statement - driver.findElement(org.openqa.selenium.By.xpath("(//ul[@class='unlinked-grouplist']/li/label)[" + index + "]")).click(): null

2018-05-28 17:57:41 - [TEST_STEP][PASSED] - Statement - (count++): null

2018-05-28 17:57:41 - [TEST_STEP][PASSED] - Statement - If (count > 249): null

2018-05-28 17:57:41 - [TEST_STEP][PASSED] - Statement - txt = storesLabel.get(i).getText(): null

2018-05-28 17:57:41 - [TEST_STEP][PASSED] - Statement - index = i + 1: null

2018-05-28 17:57:41 - [TEST_STEP][PASSED] - Statement - matched = pattern.matcher(txt).matches(): null

2018-05-28 17:57:41 - [TEST_STEP][PASSED] - Statement - If (matched): null

2018-05-28 17:57:41 - [TEST_STEP][PASSED] - Statement - driver.findElement(org.openqa.selenium.By.xpath("(//ul[@class='unlinked-grouplist']/li/label)[" + index + "]")).click(): null

2018-05-28 17:57:41 - [TEST_STEP][PASSED] - Statement - (count++): null

2018-05-28 17:57:41 - [TEST_STEP][PASSED] - Statement - If (count > 249): null

2018-05-28 17:57:41 - [TEST_STEP][PASSED] - Statement - txt = storesLabel.get(i).getText(): null

2018-05-28 17:57:41 - [TEST_STEP][PASSED] - Statement - index = i + 1: null

2018-05-28 17:57:41 - [TEST_STEP][PASSED] - Statement - matched = pattern.matcher(txt).matches(): null

2018-05-28 17:57:41 - [TEST_STEP][PASSED] - Statement - If (matched): null

2018-05-28 17:57:41 - [TEST_STEP][PASSED] - Statement - driver.findElement(org.openqa.selenium.By.xpath("(//ul[@class='unlinked-grouplist']/li/label)[" + index + "]")).click(): null

2018-05-28 17:57:41 - [TEST_STEP][PASSED] - Statement - (count++): null

2018-05-28 17:57:41 - [TEST_STEP][PASSED] - Statement - If (count > 249): null

2018-05-28 17:57:41 - [TEST_STEP][PASSED] - Statement - txt = storesLabel.get(i).getText(): null

2018-05-28 17:57:42 - [TEST_STEP][PASSED] - Statement - index = i + 1: null

2018-05-28 17:57:42 - [TEST_STEP][PASSED] - Statement - matched = pattern.matcher(txt).matches(): null

2018-05-28 17:57:42 - [TEST_STEP][PASSED] - Statement - If (matched): null

2018-05-28 17:57:42 - [TEST_STEP][PASSED] - Statement - driver.findElement(org.openqa.selenium.By.xpath("(//ul[@class='unlinked-grouplist']/li/label)[" + index + "]")).click(): null

2018-05-28 17:57:42 - [TEST_STEP][PASSED] - Statement - (count++): null

2018-05-28 17:57:42 - [TEST_STEP][PASSED] - Statement - If (count > 249): null

2018-05-28 17:57:42 - [TEST_STEP][PASSED] - Statement - txt = storesLabel.get(i).getText(): null

2018-05-28 17:57:42 - [TEST_STEP][PASSED] - Statement - index = i + 1: null

2018-05-28 17:57:42 - [TEST_STEP][PASSED] - Statement - matched = pattern.matcher(txt).matches(): null

2018-05-28 17:57:42 - [TEST_STEP][PASSED] - Statement - If (matched): null

2018-05-28 17:57:42 - [TEST_STEP][PASSED] - Statement - driver.findElement(org.openqa.selenium.By.xpath("(//ul[@class='unlinked-grouplist']/li/label)[" + index + "]")).click(): null

2018-05-28 17:57:42 - [TEST_STEP][PASSED] - Statement - (count++): null

2018-05-28 17:57:42 - [TEST_STEP][PASSED] - Statement - If (count > 249): null

2018-05-28 17:57:42 - [TEST_STEP][PASSED] - Statement - txt = storesLabel.get(i).getText(): null

2018-05-28 17:57:42 - [TEST_STEP][PASSED] - Statement - index = i + 1: null

2018-05-28 17:57:42 - [TEST_STEP][PASSED] - Statement - matched = pattern.matcher(txt).matches(): null

2018-05-28 17:57:42 - [TEST_STEP][PASSED] - Statement - If (matched): null

2018-05-28 17:57:42 - [TEST_STEP][PASSED] - Statement - driver.findElement(org.openqa.selenium.By.xpath("(//ul[@class='unlinked-grouplist']/li/label)[" + index + "]")).click(): null

2018-05-28 17:57:42 - [TEST_STEP][PASSED] - Statement - (count++): null

2018-05-28 17:57:42 - [TEST_STEP][PASSED] - Statement - If (count > 249): null

2018-05-28 17:57:42 - [TEST_STEP][PASSED] - Statement - txt = storesLabel.get(i).getText(): null

2018-05-28 17:57:42 - [TEST_STEP][PASSED] - Statement - index = i + 1: null

2018-05-28 17:57:42 - [TEST_STEP][PASSED] - Statement - matched = pattern.matcher(txt).matches(): null

2018-05-28 17:57:42 - [TEST_STEP][PASSED] - Statement - If (matched): null

2018-05-28 17:57:42 - [TEST_STEP][PASSED] - Statement - driver.findElement(org.openqa.selenium.By.xpath("(//ul[@class='unlinked-grouplist']/li/label)[" + index + "]")).click(): null

2018-05-28 17:57:42 - [TEST_STEP][PASSED] - Statement - (count++): null

2018-05-28 17:57:42 - [TEST_STEP][PASSED] - Statement - If (count > 249): null

2018-05-28 17:57:42 - [TEST_STEP][PASSED] - Statement - txt = storesLabel.get(i).getText(): null

2018-05-28 17:57:42 - [TEST_STEP][PASSED] - Statement - index = i + 1: null

2018-05-28 17:57:42 - [TEST_STEP][PASSED] - Statement - matched = pattern.matcher(txt).matches(): null

2018-05-28 17:57:42 - [TEST_STEP][PASSED] - Statement - If (matched): null

2018-05-28 17:57:42 - [TEST_STEP][PASSED] - Statement - driver.findElement(org.openqa.selenium.By.xpath("(//ul[@class='unlinked-grouplist']/li/label)[" + index + "]")).click(): null

2018-05-28 17:57:42 - [TEST_STEP][PASSED] - Statement - (count++): null

2018-05-28 17:57:42 - [TEST_STEP][PASSED] - Statement - If (count > 249): null

2018-05-28 17:57:42 - [TEST_STEP][PASSED] - Statement - txt = storesLabel.get(i).getText(): null

2018-05-28 17:57:42 - [TEST_STEP][PASSED] - Statement - index = i + 1: null

2018-05-28 17:57:42 - [TEST_STEP][PASSED] - Statement - matched = pattern.matcher(txt).matches(): null

2018-05-28 17:57:42 - [TEST_STEP][PASSED] - Statement - If (matched): null

2018-05-28 17:57:42 - [TEST_STEP][PASSED] - Statement - driver.findElement(org.openqa.selenium.By.xpath("(//ul[@class='unlinked-grouplist']/li/label)[" + index + "]")).click(): null

2018-05-28 17:57:42 - [TEST_STEP][PASSED] - Statement - (count++): null

2018-05-28 17:57:42 - [TEST_STEP][PASSED] - Statement - If (count > 249): null

2018-05-28 17:57:42 - [TEST_STEP][PASSED] - Statement - txt = storesLabel.get(i).getText(): null

2018-05-28 17:57:42 - [TEST_STEP][PASSED] - Statement - index = i + 1: null

2018-05-28 17:57:42 - [TEST_STEP][PASSED] - Statement - matched = pattern.matcher(txt).matches(): null

2018-05-28 17:57:42 - [TEST_STEP][PASSED] - Statement - If (matched): null

2018-05-28 17:57:42 - [TEST_STEP][PASSED] - Statement - driver.findElement(org.openqa.selenium.By.xpath("(//ul[@class='unlinked-grouplist']/li/label)[" + index + "]")).click(): null

2018-05-28 17:57:42 - [TEST_STEP][PASSED] - Statement - (count++): null

2018-05-28 17:57:42 - [TEST_STEP][PASSED] - Statement - If (count > 249): null

2018-05-28 17:57:42 - [TEST_STEP][PASSED] - Statement - txt = storesLabel.get(i).getText(): null

2018-05-28 17:57:42 - [TEST_STEP][PASSED] - Statement - index = i + 1: null

2018-05-28 17:57:42 - [TEST_STEP][PASSED] - Statement - matched = pattern.matcher(txt).matches(): null

2018-05-28 17:57:42 - [TEST_STEP][PASSED] - Statement - If (matched): null

2018-05-28 17:57:42 - [TEST_STEP][PASSED] - Statement - driver.findElement(org.openqa.selenium.By.xpath("(//ul[@class='unlinked-grouplist']/li/label)[" + index + "]")).click(): null

2018-05-28 17:57:42 - [TEST_STEP][PASSED] - Statement - (count++): null

2018-05-28 17:57:42 - [TEST_STEP][PASSED] - Statement - If (count > 249): null

2018-05-28 17:57:42 - [TEST_STEP][PASSED] - Statement - txt = storesLabel.get(i).getText(): null

2018-05-28 17:57:42 - [TEST_STEP][PASSED] - Statement - index = i + 1: null

2018-05-28 17:57:42 - [TEST_STEP][PASSED] - Statement - matched = pattern.matcher(txt).matches(): null

2018-05-28 17:57:42 - [TEST_STEP][PASSED] - Statement - If (matched): null

2018-05-28 17:57:42 - [TEST_STEP][PASSED] - Statement - driver.findElement(org.openqa.selenium.By.xpath("(//ul[@class='unlinked-grouplist']/li/label)[" + index + "]")).click(): null

2018-05-28 17:57:42 - [TEST_STEP][PASSED] - Statement - (count++): null

2018-05-28 17:57:42 - [TEST_STEP][PASSED] - Statement - If (count > 249): null

2018-05-28 17:57:42 - [TEST_STEP][PASSED] - Statement - txt = storesLabel.get(i).getText(): null

2018-05-28 17:57:42 - [TEST_STEP][PASSED] - Statement - index = i + 1: null

2018-05-28 17:57:42 - [TEST_STEP][PASSED] - Statement - matched = pattern.matcher(txt).matches(): null

2018-05-28 17:57:42 - [TEST_STEP][PASSED] - Statement - If (matched): null

2018-05-28 17:57:42 - [TEST_STEP][PASSED] - Statement - driver.findElement(org.openqa.selenium.By.xpath("(//ul[@class='unlinked-grouplist']/li/label)[" + index + "]")).click(): null

2018-05-28 17:57:42 - [TEST_STEP][PASSED] - Statement - (count++): null

2018-05-28 17:57:42 - [TEST_STEP][PASSED] - Statement - If (count > 249): null

2018-05-28 17:57:42 - [TEST_STEP][PASSED] - Statement - txt = storesLabel.get(i).getText(): null

2018-05-28 17:57:42 - [TEST_STEP][PASSED] - Statement - index = i + 1: null

2018-05-28 17:57:42 - [TEST_STEP][PASSED] - Statement - matched = pattern.matcher(txt).matches(): null

2018-05-28 17:57:42 - [TEST_STEP][PASSED] - Statement - If (matched): null

2018-05-28 17:57:42 - [TEST_STEP][PASSED] - Statement - driver.findElement(org.openqa.selenium.By.xpath("(//ul[@class='unlinked-grouplist']/li/label)[" + index + "]")).click(): null

2018-05-28 17:57:42 - [TEST_STEP][PASSED] - Statement - (count++): null

2018-05-28 17:57:42 - [TEST_STEP][PASSED] - Statement - If (count > 249): null

2018-05-28 17:57:42 - [TEST_STEP][PASSED] - Statement - txt = storesLabel.get(i).getText(): null

2018-05-28 17:57:42 - [TEST_STEP][PASSED] - Statement - index = i + 1: null

2018-05-28 17:57:42 - [TEST_STEP][PASSED] - Statement - matched = pattern.matcher(txt).matches(): null

2018-05-28 17:57:42 - [TEST_STEP][PASSED] - Statement - If (matched): null

2018-05-28 17:57:42 - [TEST_STEP][PASSED] - Statement - driver.findElement(org.openqa.selenium.By.xpath("(//ul[@class='unlinked-grouplist']/li/label)[" + index + "]")).click(): null

2018-05-28 17:57:42 - [TEST_STEP][PASSED] - Statement - (count++): null

2018-05-28 17:57:42 - [TEST_STEP][PASSED] - Statement - If (count > 249): null

2018-05-28 17:57:42 - [TEST_STEP][PASSED] - Statement - txt = storesLabel.get(i).getText(): null

2018-05-28 17:57:42 - [TEST_STEP][PASSED] - Statement - index = i + 1: null

2018-05-28 17:57:42 - [TEST_STEP][PASSED] - Statement - matched = pattern.matcher(txt).matches(): null

2018-05-28 17:57:42 - [TEST_STEP][PASSED] - Statement - If (matched): null

2018-05-28 17:57:42 - [TEST_STEP][PASSED] - Statement - driver.findElement(org.openqa.selenium.By.xpath("(//ul[@class='unlinked-grouplist']/li/label)[" + index + "]")).click(): null

2018-05-28 17:57:42 - [TEST_STEP][PASSED] - Statement - (count++): null

2018-05-28 17:57:42 - [TEST_STEP][PASSED] - Statement - If (count > 249): null

2018-05-28 17:57:42 - [TEST_STEP][PASSED] - Statement - txt = storesLabel.get(i).getText(): null

2018-05-28 17:57:42 - [TEST_STEP][PASSED] - Statement - index = i + 1: null

2018-05-28 17:57:42 - [TEST_STEP][PASSED] - Statement - matched = pattern.matcher(txt).matches(): null

2018-05-28 17:57:42 - [TEST_STEP][PASSED] - Statement - If (matched): null

2018-05-28 17:57:42 - [TEST_STEP][PASSED] - Statement - driver.findElement(org.openqa.selenium.By.xpath("(//ul[@class='unlinked-grouplist']/li/label)[" + index + "]")).click(): null

2018-05-28 17:57:43 - [TEST_STEP][PASSED] - Statement - (count++): null

2018-05-28 17:57:43 - [TEST_STEP][PASSED] - Statement - If (count > 249): null

2018-05-28 17:57:43 - [TEST_STEP][PASSED] - Statement - txt = storesLabel.get(i).getText(): null

2018-05-28 17:57:43 - [TEST_STEP][PASSED] - Statement - index = i + 1: null

2018-05-28 17:57:43 - [TEST_STEP][PASSED] - Statement - matched = pattern.matcher(txt).matches(): null

2018-05-28 17:57:43 - [TEST_STEP][PASSED] - Statement - If (matched): null

2018-05-28 17:57:43 - [TEST_STEP][PASSED] - Statement - driver.findElement(org.openqa.selenium.By.xpath("(//ul[@class='unlinked-grouplist']/li/label)[" + index + "]")).click(): null

2018-05-28 17:57:43 - [TEST_STEP][PASSED] - Statement - (count++): null

2018-05-28 17:57:43 - [TEST_STEP][PASSED] - Statement - If (count > 249): null

2018-05-28 17:57:43 - [TEST_STEP][PASSED] - Statement - txt = storesLabel.get(i).getText(): null

2018-05-28 17:57:43 - [TEST_STEP][PASSED] - Statement - index = i + 1: null

2018-05-28 17:57:43 - [TEST_STEP][PASSED] - Statement - matched = pattern.matcher(txt).matches(): null

2018-05-28 17:57:43 - [TEST_STEP][PASSED] - Statement - If (matched): null

2018-05-28 17:57:43 - [TEST_STEP][PASSED] - Statement - driver.findElement(org.openqa.selenium.By.xpath("(//ul[@class='unlinked-grouplist']/li/label)[" + index + "]")).click(): null

2018-05-28 17:57:43 - [TEST_STEP][PASSED] - Statement - (count++): null

2018-05-28 17:57:43 - [TEST_STEP][PASSED] - Statement - If (count > 249): null

2018-05-28 17:57:43 - [TEST_STEP][PASSED] - Statement - txt = storesLabel.get(i).getText(): null

2018-05-28 17:57:43 - [TEST_STEP][PASSED] - Statement - index = i + 1: null

2018-05-28 17:57:43 - [TEST_STEP][PASSED] - Statement - matched = pattern.matcher(txt).matches(): null

2018-05-28 17:57:43 - [TEST_STEP][PASSED] - Statement - If (matched): null

2018-05-28 17:57:43 - [TEST_STEP][PASSED] - Statement - driver.findElement(org.openqa.selenium.By.xpath("(//ul[@class='unlinked-grouplist']/li/label)[" + index + "]")).click(): null

2018-05-28 17:57:43 - [TEST_STEP][PASSED] - Statement - (count++): null

2018-05-28 17:57:43 - [TEST_STEP][PASSED] - Statement - If (count > 249): null

2018-05-28 17:57:43 - [TEST_STEP][PASSED] - Statement - txt = storesLabel.get(i).getText(): null

2018-05-28 17:57:43 - [TEST_STEP][PASSED] - Statement - index = i + 1: null

2018-05-28 17:57:43 - [TEST_STEP][PASSED] - Statement - matched = pattern.matcher(txt).matches(): null

2018-05-28 17:57:43 - [TEST_STEP][PASSED] - Statement - If (matched): null

2018-05-28 17:57:43 - [TEST_STEP][PASSED] - Statement - driver.findElement(org.openqa.selenium.By.xpath("(//ul[@class='unlinked-grouplist']/li/label)[" + index + "]")).click(): null

2018-05-28 17:57:43 - [TEST_STEP][PASSED] - Statement - (count++): null

2018-05-28 17:57:43 - [TEST_STEP][PASSED] - Statement - If (count > 249): null

2018-05-28 17:57:43 - [TEST_STEP][PASSED] - Statement - txt = storesLabel.get(i).getText(): null

2018-05-28 17:57:43 - [TEST_STEP][PASSED] - Statement - index = i + 1: null

2018-05-28 17:57:43 - [TEST_STEP][PASSED] - Statement - matched = pattern.matcher(txt).matches(): null

2018-05-28 17:57:43 - [TEST_STEP][PASSED] - Statement - If (matched): null

2018-05-28 17:57:43 - [TEST_STEP][PASSED] - Statement - driver.findElement(org.openqa.selenium.By.xpath("(//ul[@class='unlinked-grouplist']/li/label)[" + index + "]")).click(): null

2018-05-28 17:57:43 - [TEST_STEP][PASSED] - Statement - (count++): null

2018-05-28 17:57:43 - [TEST_STEP][PASSED] - Statement - If (count > 249): null

2018-05-28 17:57:43 - [TEST_STEP][PASSED] - Statement - txt = storesLabel.get(i).getText(): null

2018-05-28 17:57:43 - [TEST_STEP][PASSED] - Statement - index = i + 1: null

2018-05-28 17:57:43 - [TEST_STEP][PASSED] - Statement - matched = pattern.matcher(txt).matches(): null

2018-05-28 17:57:43 - [TEST_STEP][PASSED] - Statement - If (matched): null

2018-05-28 17:57:43 - [TEST_STEP][PASSED] - Statement - driver.findElement(org.openqa.selenium.By.xpath("(//ul[@class='unlinked-grouplist']/li/label)[" + index + "]")).click(): null

2018-05-28 17:57:43 - [TEST_STEP][PASSED] - Statement - (count++): null

2018-05-28 17:57:43 - [TEST_STEP][PASSED] - Statement - If (count > 249): null

2018-05-28 17:57:43 - [TEST_STEP][PASSED] - Statement - txt = storesLabel.get(i).getText(): null

2018-05-28 17:57:43 - [TEST_STEP][PASSED] - Statement - index = i + 1: null

2018-05-28 17:57:43 - [TEST_STEP][PASSED] - Statement - matched = pattern.matcher(txt).matches(): null

2018-05-28 17:57:43 - [TEST_STEP][PASSED] - Statement - If (matched): null

2018-05-28 17:57:43 - [TEST_STEP][PASSED] - Statement - driver.findElement(org.openqa.selenium.By.xpath("(//ul[@class='unlinked-grouplist']/li/label)[" + index + "]")).click(): null

2018-05-28 17:57:43 - [TEST_STEP][PASSED] - Statement - (count++): null

2018-05-28 17:57:43 - [TEST_STEP][PASSED] - Statement - If (count > 249): null

2018-05-28 17:57:43 - [TEST_STEP][PASSED] - Statement - txt = storesLabel.get(i).getText(): null

2018-05-28 17:57:43 - [TEST_STEP][PASSED] - Statement - index = i + 1: null

2018-05-28 17:57:43 - [TEST_STEP][PASSED] - Statement - matched = pattern.matcher(txt).matches(): null

2018-05-28 17:57:43 - [TEST_STEP][PASSED] - Statement - If (matched): null

2018-05-28 17:57:43 - [TEST_STEP][PASSED] - Statement - driver.findElement(org.openqa.selenium.By.xpath("(//ul[@class='unlinked-grouplist']/li/label)[" + index + "]")).click(): null

2018-05-28 17:57:43 - [TEST_STEP][PASSED] - Statement - (count++): null

2018-05-28 17:57:43 - [TEST_STEP][PASSED] - Statement - If (count > 249): null

2018-05-28 17:57:43 - [TEST_STEP][PASSED] - Statement - txt = storesLabel.get(i).getText(): null

2018-05-28 17:57:43 - [TEST_STEP][PASSED] - Statement - index = i + 1: null

2018-05-28 17:57:43 - [TEST_STEP][PASSED] - Statement - matched = pattern.matcher(txt).matches(): null

2018-05-28 17:57:43 - [TEST_STEP][PASSED] - Statement - If (matched): null

2018-05-28 17:57:43 - [TEST_STEP][PASSED] - Statement - driver.findElement(org.openqa.selenium.By.xpath("(//ul[@class='unlinked-grouplist']/li/label)[" + index + "]")).click(): null

2018-05-28 17:57:43 - [TEST_STEP][PASSED] - Statement - (count++): null

2018-05-28 17:57:43 - [TEST_STEP][PASSED] - Statement - If (count > 249): null

2018-05-28 17:57:43 - [TEST_STEP][PASSED] - Statement - txt = storesLabel.get(i).getText(): null

2018-05-28 17:57:43 - [TEST_STEP][PASSED] - Statement - index = i + 1: null

2018-05-28 17:57:43 - [TEST_STEP][PASSED] - Statement - matched = pattern.matcher(txt).matches(): null

2018-05-28 17:57:43 - [TEST_STEP][PASSED] - Statement - If (matched): null

2018-05-28 17:57:43 - [TEST_STEP][PASSED] - Statement - driver.findElement(org.openqa.selenium.By.xpath("(//ul[@class='unlinked-grouplist']/li/label)[" + index + "]")).click(): null

2018-05-28 17:57:43 - [TEST_STEP][PASSED] - Statement - (count++): null

2018-05-28 17:57:43 - [TEST_STEP][PASSED] - Statement - If (count > 249): null

2018-05-28 17:57:43 - [TEST_STEP][PASSED] - Statement - txt = storesLabel.get(i).getText(): null

2018-05-28 17:57:43 - [TEST_STEP][PASSED] - Statement - index = i + 1: null

2018-05-28 17:57:43 - [TEST_STEP][PASSED] - Statement - matched = pattern.matcher(txt).matches(): null

2018-05-28 17:57:43 - [TEST_STEP][PASSED] - Statement - If (matched): null

2018-05-28 17:57:43 - [TEST_STEP][PASSED] - Statement - driver.findElement(org.openqa.selenium.By.xpath("(//ul[@class='unlinked-grouplist']/li/label)[" + index + "]")).click(): null

2018-05-28 17:57:43 - [TEST_STEP][PASSED] - Statement - (count++): null

2018-05-28 17:57:43 - [TEST_STEP][PASSED] - Statement - If (count > 249): null

2018-05-28 17:57:43 - [TEST_STEP][PASSED] - Statement - txt = storesLabel.get(i).getText(): null

2018-05-28 17:57:43 - [TEST_STEP][PASSED] - Statement - index = i + 1: null

2018-05-28 17:57:43 - [TEST_STEP][PASSED] - Statement - matched = pattern.matcher(txt).matches(): null

2018-05-28 17:57:43 - [TEST_STEP][PASSED] - Statement - If (matched): null

2018-05-28 17:57:43 - [TEST_STEP][PASSED] - Statement - driver.findElement(org.openqa.selenium.By.xpath("(//ul[@class='unlinked-grouplist']/li/label)[" + index + "]")).click(): null

2018-05-28 17:57:43 - [TEST_STEP][PASSED] - Statement - (count++): null

2018-05-28 17:57:43 - [TEST_STEP][PASSED] - Statement - If (count > 249): null

2018-05-28 17:57:43 - [TEST_STEP][PASSED] - Statement - txt = storesLabel.get(i).getText(): null

2018-05-28 17:57:43 - [TEST_STEP][PASSED] - Statement - index = i + 1: null

2018-05-28 17:57:43 - [TEST_STEP][PASSED] - Statement - matched = pattern.matcher(txt).matches(): null

2018-05-28 17:57:43 - [TEST_STEP][PASSED] - Statement - If (matched): null

2018-05-28 17:57:43 - [TEST_STEP][PASSED] - Statement - driver.findElement(org.openqa.selenium.By.xpath("(//ul[@class='unlinked-grouplist']/li/label)[" + index + "]")).click(): null

2018-05-28 17:57:44 - [TEST_STEP][PASSED] - Statement - (count++): null

2018-05-28 17:57:44 - [TEST_STEP][PASSED] - Statement - If (count > 249): null

2018-05-28 17:57:44 - [TEST_STEP][PASSED] - Statement - txt = storesLabel.get(i).getText(): null

2018-05-28 17:57:44 - [TEST_STEP][PASSED] - Statement - index = i + 1: null

2018-05-28 17:57:44 - [TEST_STEP][PASSED] - Statement - matched = pattern.matcher(txt).matches(): null

2018-05-28 17:57:44 - [TEST_STEP][PASSED] - Statement - If (matched): null

2018-05-28 17:57:44 - [TEST_STEP][PASSED] - Statement - driver.findElement(org.openqa.selenium.By.xpath("(//ul[@class='unlinked-grouplist']/li/label)[" + index + "]")).click(): null

2018-05-28 17:57:44 - [TEST_STEP][PASSED] - Statement - (count++): null

2018-05-28 17:57:44 - [TEST_STEP][PASSED] - Statement - If (count > 249): null

2018-05-28 17:57:44 - [TEST_STEP][PASSED] - Statement - txt = storesLabel.get(i).getText(): null

2018-05-28 17:57:44 - [TEST_STEP][PASSED] - Statement - index = i + 1: null

2018-05-28 17:57:44 - [TEST_STEP][PASSED] - Statement - matched = pattern.matcher(txt).matches(): null

2018-05-28 17:57:44 - [TEST_STEP][PASSED] - Statement - If (matched): null

2018-05-28 17:57:44 - [TEST_STEP][PASSED] - Statement - driver.findElement(org.openqa.selenium.By.xpath("(//ul[@class='unlinked-grouplist']/li/label)[" + index + "]")).click(): null

2018-05-28 17:57:44 - [TEST_STEP][PASSED] - Statement - (count++): null

2018-05-28 17:57:44 - [TEST_STEP][PASSED] - Statement - If (count > 249): null

2018-05-28 17:57:44 - [TEST_STEP][PASSED] - Statement - txt = storesLabel.get(i).getText(): null

2018-05-28 17:57:44 - [TEST_STEP][PASSED] - Statement - index = i + 1: null

2018-05-28 17:57:44 - [TEST_STEP][PASSED] - Statement - matched = pattern.matcher(txt).matches(): null

2018-05-28 17:57:44 - [TEST_STEP][PASSED] - Statement - If (matched): null

2018-05-28 17:57:44 - [TEST_STEP][PASSED] - Statement - driver.findElement(org.openqa.selenium.By.xpath("(//ul[@class='unlinked-grouplist']/li/label)[" + index + "]")).click(): null

2018-05-28 17:57:44 - [TEST_STEP][PASSED] - Statement - (count++): null

2018-05-28 17:57:44 - [TEST_STEP][PASSED] - Statement - If (count > 249): null

2018-05-28 17:57:44 - [TEST_STEP][PASSED] - Statement - txt = storesLabel.get(i).getText(): null

2018-05-28 17:57:44 - [TEST_STEP][PASSED] - Statement - index = i + 1: null

2018-05-28 17:57:44 - [TEST_STEP][PASSED] - Statement - matched = pattern.matcher(txt).matches(): null

2018-05-28 17:57:44 - [TEST_STEP][PASSED] - Statement - If (matched): null

2018-05-28 17:57:44 - [TEST_STEP][PASSED] - Statement - driver.findElement(org.openqa.selenium.By.xpath("(//ul[@class='unlinked-grouplist']/li/label)[" + index + "]")).click(): null

2018-05-28 17:57:44 - [TEST_STEP][PASSED] - Statement - (count++): null

2018-05-28 17:57:44 - [TEST_STEP][PASSED] - Statement - If (count > 249): null

2018-05-28 17:57:44 - [TEST_STEP][PASSED] - Statement - txt = storesLabel.get(i).getText(): null

2018-05-28 17:57:44 - [TEST_STEP][PASSED] - Statement - index = i + 1: null

2018-05-28 17:57:44 - [TEST_STEP][PASSED] - Statement - matched = pattern.matcher(txt).matches(): null

2018-05-28 17:57:44 - [TEST_STEP][PASSED] - Statement - If (matched): null

2018-05-28 17:57:44 - [TEST_STEP][PASSED] - Statement - driver.findElement(org.openqa.selenium.By.xpath("(//ul[@class='unlinked-grouplist']/li/label)[" + index + "]")).click(): null

2018-05-28 17:57:44 - [TEST_STEP][PASSED] - Statement - (count++): null

2018-05-28 17:57:44 - [TEST_STEP][PASSED] - Statement - If (count > 249): null

2018-05-28 17:57:44 - [TEST_STEP][PASSED] - Statement - txt = storesLabel.get(i).getText(): null

2018-05-28 17:57:44 - [TEST_STEP][PASSED] - Statement - index = i + 1: null

2018-05-28 17:57:44 - [TEST_STEP][PASSED] - Statement - matched = pattern.matcher(txt).matches(): null

2018-05-28 17:57:44 - [TEST_STEP][PASSED] - Statement - If (matched): null

2018-05-28 17:57:44 - [TEST_STEP][PASSED] - Statement - driver.findElement(org.openqa.selenium.By.xpath("(//ul[@class='unlinked-grouplist']/li/label)[" + index + "]")).click(): null

2018-05-28 17:57:44 - [TEST_STEP][PASSED] - Statement - (count++): null

2018-05-28 17:57:44 - [TEST_STEP][PASSED] - Statement - If (count > 249): null

2018-05-28 17:57:44 - [TEST_STEP][PASSED] - Statement - txt = storesLabel.get(i).getText(): null

2018-05-28 17:57:44 - [TEST_STEP][PASSED] - Statement - index = i + 1: null

2018-05-28 17:57:44 - [TEST_STEP][PASSED] - Statement - matched = pattern.matcher(txt).matches(): null

2018-05-28 17:57:44 - [TEST_STEP][PASSED] - Statement - If (matched): null

2018-05-28 17:57:44 - [TEST_STEP][PASSED] - Statement - driver.findElement(org.openqa.selenium.By.xpath("(//ul[@class='unlinked-grouplist']/li/label)[" + index + "]")).click(): null

2018-05-28 17:57:44 - [TEST_STEP][PASSED] - Statement - (count++): null

2018-05-28 17:57:44 - [TEST_STEP][PASSED] - Statement - If (count > 249): null

2018-05-28 17:57:44 - [TEST_STEP][PASSED] - Statement - txt = storesLabel.get(i).getText(): null

2018-05-28 17:57:44 - [TEST_STEP][PASSED] - Statement - index = i + 1: null

2018-05-28 17:57:44 - [TEST_STEP][PASSED] - Statement - matched = pattern.matcher(txt).matches(): null

2018-05-28 17:57:44 - [TEST_STEP][PASSED] - Statement - If (matched): null

2018-05-28 17:57:44 - [TEST_STEP][PASSED] - Statement - driver.findElement(org.openqa.selenium.By.xpath("(//ul[@class='unlinked-grouplist']/li/label)[" + index + "]")).click(): null

2018-05-28 17:57:44 - [TEST_STEP][PASSED] - Statement - (count++): null

2018-05-28 17:57:44 - [TEST_STEP][PASSED] - Statement - If (count > 249): null

2018-05-28 17:57:44 - [TEST_STEP][PASSED] - Statement - txt = storesLabel.get(i).getText(): null

2018-05-28 17:57:44 - [TEST_STEP][PASSED] - Statement - index = i + 1: null

2018-05-28 17:57:44 - [TEST_STEP][PASSED] - Statement - matched = pattern.matcher(txt).matches(): null

2018-05-28 17:57:44 - [TEST_STEP][PASSED] - Statement - If (matched): null

2018-05-28 17:57:44 - [TEST_STEP][PASSED] - Statement - driver.findElement(org.openqa.selenium.By.xpath("(//ul[@class='unlinked-grouplist']/li/label)[" + index + "]")).click(): null

2018-05-28 17:57:44 - [TEST_STEP][PASSED] - Statement - (count++): null

2018-05-28 17:57:44 - [TEST_STEP][PASSED] - Statement - If (count > 249): null

2018-05-28 17:57:44 - [TEST_STEP][PASSED] - Statement - txt = storesLabel.get(i).getText(): null

2018-05-28 17:57:44 - [TEST_STEP][PASSED] - Statement - index = i + 1: null

2018-05-28 17:57:44 - [TEST_STEP][PASSED] - Statement - matched = pattern.matcher(txt).matches(): null

2018-05-28 17:57:44 - [TEST_STEP][PASSED] - Statement - If (matched): null

2018-05-28 17:57:44 - [TEST_STEP][PASSED] - Statement - driver.findElement(org.openqa.selenium.By.xpath("(//ul[@class='unlinked-grouplist']/li/label)[" + index + "]")).click(): null

2018-05-28 17:57:44 - [TEST_STEP][PASSED] - Statement - (count++): null

2018-05-28 17:57:44 - [TEST_STEP][PASSED] - Statement - If (count > 249): null

2018-05-28 17:57:44 - [TEST_STEP][PASSED] - Statement - txt = storesLabel.get(i).getText(): null

2018-05-28 17:57:44 - [TEST_STEP][PASSED] - Statement - index = i + 1: null

2018-05-28 17:57:44 - [TEST_STEP][PASSED] - Statement - matched = pattern.matcher(txt).matches(): null

2018-05-28 17:57:44 - [TEST_STEP][PASSED] - Statement - If (matched): null

2018-05-28 17:57:44 - [TEST_STEP][PASSED] - Statement - driver.findElement(org.openqa.selenium.By.xpath("(//ul[@class='unlinked-grouplist']/li/label)[" + index + "]")).click(): null

2018-05-28 17:57:44 - [TEST_STEP][PASSED] - Statement - (count++): null

2018-05-28 17:57:44 - [TEST_STEP][PASSED] - Statement - If (count > 249): null

2018-05-28 17:57:44 - [TEST_STEP][PASSED] - Statement - txt = storesLabel.get(i).getText(): null

2018-05-28 17:57:44 - [TEST_STEP][PASSED] - Statement - index = i + 1: null

2018-05-28 17:57:44 - [TEST_STEP][PASSED] - Statement - matched = pattern.matcher(txt).matches(): null

2018-05-28 17:57:44 - [TEST_STEP][PASSED] - Statement - If (matched): null

2018-05-28 17:57:44 - [TEST_STEP][PASSED] - Statement - driver.findElement(org.openqa.selenium.By.xpath("(//ul[@class='unlinked-grouplist']/li/label)[" + index + "]")).click(): null

2018-05-28 17:57:44 - [TEST_STEP][PASSED] - Statement - (count++): null

2018-05-28 17:57:44 - [TEST_STEP][PASSED] - Statement - If (count > 249): null

2018-05-28 17:57:44 - [TEST_STEP][PASSED] - Statement - txt = storesLabel.get(i).getText(): null

2018-05-28 17:57:44 - [TEST_STEP][PASSED] - Statement - index = i + 1: null

2018-05-28 17:57:44 - [TEST_STEP][PASSED] - Statement - matched = pattern.matcher(txt).matches(): null

2018-05-28 17:57:44 - [TEST_STEP][PASSED] - Statement - If (matched): null

2018-05-28 17:57:44 - [TEST_STEP][PASSED] - Statement - driver.findElement(org.openqa.selenium.By.xpath("(//ul[@class='unlinked-grouplist']/li/label)[" + index + "]")).click(): null

2018-05-28 17:57:45 - [TEST_STEP][PASSED] - Statement - (count++): null

2018-05-28 17:57:45 - [TEST_STEP][PASSED] - Statement - If (count > 249): null

2018-05-28 17:57:45 - [TEST_STEP][PASSED] - Statement - txt = storesLabel.get(i).getText(): null

2018-05-28 17:57:45 - [TEST_STEP][PASSED] - Statement - index = i + 1: null

2018-05-28 17:57:45 - [TEST_STEP][PASSED] - Statement - matched = pattern.matcher(txt).matches(): null

2018-05-28 17:57:45 - [TEST_STEP][PASSED] - Statement - If (matched): null

2018-05-28 17:57:45 - [TEST_STEP][PASSED] - Statement - driver.findElement(org.openqa.selenium.By.xpath("(//ul[@class='unlinked-grouplist']/li/label)[" + index + "]")).click(): null

2018-05-28 17:57:45 - [TEST_STEP][PASSED] - Statement - (count++): null

2018-05-28 17:57:45 - [TEST_STEP][PASSED] - Statement - If (count > 249): null

2018-05-28 17:57:45 - [TEST_STEP][PASSED] - Statement - txt = storesLabel.get(i).getText(): null

2018-05-28 17:57:45 - [TEST_STEP][PASSED] - Statement - index = i + 1: null

2018-05-28 17:57:45 - [TEST_STEP][PASSED] - Statement - matched = pattern.matcher(txt).matches(): null

2018-05-28 17:57:45 - [TEST_STEP][PASSED] - Statement - If (matched): null

2018-05-28 17:57:45 - [TEST_STEP][PASSED] - Statement - driver.findElement(org.openqa.selenium.By.xpath("(//ul[@class='unlinked-grouplist']/li/label)[" + index + "]")).click(): null

2018-05-28 17:57:45 - [TEST_STEP][PASSED] - Statement - (count++): null

2018-05-28 17:57:45 - [TEST_STEP][PASSED] - Statement - If (count > 249): null

2018-05-28 17:57:45 - [TEST_STEP][PASSED] - Statement - txt = storesLabel.get(i).getText(): null

2018-05-28 17:57:45 - [TEST_STEP][PASSED] - Statement - index = i + 1: null

2018-05-28 17:57:45 - [TEST_STEP][PASSED] - Statement - matched = pattern.matcher(txt).matches(): null

2018-05-28 17:57:45 - [TEST_STEP][PASSED] - Statement - If (matched): null

2018-05-28 17:57:45 - [TEST_STEP][PASSED] - Statement - driver.findElement(org.openqa.selenium.By.xpath("(//ul[@class='unlinked-grouplist']/li/label)[" + index + "]")).click(): null

2018-05-28 17:57:45 - [TEST_STEP][PASSED] - Statement - (count++): null

2018-05-28 17:57:45 - [TEST_STEP][PASSED] - Statement - If (count > 249): null

2018-05-28 17:57:45 - [TEST_STEP][PASSED] - Statement - txt = storesLabel.get(i).getText(): null

2018-05-28 17:57:45 - [TEST_STEP][PASSED] - Statement - index = i + 1: null

2018-05-28 17:57:45 - [TEST_STEP][PASSED] - Statement - matched = pattern.matcher(txt).matches(): null

2018-05-28 17:57:45 - [TEST_STEP][PASSED] - Statement - If (matched): null

2018-05-28 17:57:45 - [TEST_STEP][PASSED] - Statement - driver.findElement(org.openqa.selenium.By.xpath("(//ul[@class='unlinked-grouplist']/li/label)[" + index + "]")).click(): null

2018-05-28 17:57:45 - [TEST_STEP][PASSED] - Statement - (count++): null

2018-05-28 17:57:45 - [TEST_STEP][PASSED] - Statement - If (count > 249): null

2018-05-28 17:57:45 - [TEST_STEP][PASSED] - Statement - txt = storesLabel.get(i).getText(): null

2018-05-28 17:57:45 - [TEST_STEP][PASSED] - Statement - index = i + 1: null

2018-05-28 17:57:45 - [TEST_STEP][PASSED] - Statement - matched = pattern.matcher(txt).matches(): null

2018-05-28 17:57:45 - [TEST_STEP][PASSED] - Statement - If (matched): null

2018-05-28 17:57:45 - [TEST_STEP][PASSED] - Statement - driver.findElement(org.openqa.selenium.By.xpath("(//ul[@class='unlinked-grouplist']/li/label)[" + index + "]")).click(): null

2018-05-28 17:57:45 - [TEST_STEP][PASSED] - Statement - (count++): null

2018-05-28 17:57:45 - [TEST_STEP][PASSED] - Statement - If (count > 249): null

2018-05-28 17:57:45 - [TEST_STEP][PASSED] - Statement - txt = storesLabel.get(i).getText(): null

2018-05-28 17:57:45 - [TEST_STEP][PASSED] - Statement - index = i + 1: null

2018-05-28 17:57:45 - [TEST_STEP][PASSED] - Statement - matched = pattern.matcher(txt).matches(): null

2018-05-28 17:57:45 - [TEST_STEP][PASSED] - Statement - If (matched): null

2018-05-28 17:57:45 - [TEST_STEP][PASSED] - Statement - driver.findElement(org.openqa.selenium.By.xpath("(//ul[@class='unlinked-grouplist']/li/label)[" + index + "]")).click(): null

2018-05-28 17:57:45 - [TEST_STEP][PASSED] - Statement - (count++): null

2018-05-28 17:57:45 - [TEST_STEP][PASSED] - Statement - If (count > 249): null

2018-05-28 17:57:45 - [TEST_STEP][PASSED] - Statement - txt = storesLabel.get(i).getText(): null

2018-05-28 17:57:45 - [TEST_STEP][PASSED] - Statement - index = i + 1: null

2018-05-28 17:57:45 - [TEST_STEP][PASSED] - Statement - matched = pattern.matcher(txt).matches(): null

2018-05-28 17:57:45 - [TEST_STEP][PASSED] - Statement - If (matched): null

2018-05-28 17:57:45 - [TEST_STEP][PASSED] - Statement - driver.findElement(org.openqa.selenium.By.xpath("(//ul[@class='unlinked-grouplist']/li/label)[" + index + "]")).click(): null

2018-05-28 17:57:45 - [TEST_STEP][PASSED] - Statement - (count++): null

2018-05-28 17:57:45 - [TEST_STEP][PASSED] - Statement - If (count > 249): null

2018-05-28 17:57:45 - [TEST_STEP][PASSED] - Statement - txt = storesLabel.get(i).getText(): null

2018-05-28 17:57:45 - [TEST_STEP][PASSED] - Statement - index = i + 1: null

2018-05-28 17:57:45 - [TEST_STEP][PASSED] - Statement - matched = pattern.matcher(txt).matches(): null

2018-05-28 17:57:45 - [TEST_STEP][PASSED] - Statement - If (matched): null

2018-05-28 17:57:45 - [TEST_STEP][PASSED] - Statement - driver.findElement(org.openqa.selenium.By.xpath("(//ul[@class='unlinked-grouplist']/li/label)[" + index + "]")).click(): null

2018-05-28 17:57:45 - [TEST_STEP][PASSED] - Statement - (count++): null

2018-05-28 17:57:45 - [TEST_STEP][PASSED] - Statement - If (count > 249): null

2018-05-28 17:57:45 - [TEST_STEP][PASSED] - Statement - txt = storesLabel.get(i).getText(): null

2018-05-28 17:57:45 - [TEST_STEP][PASSED] - Statement - index = i + 1: null

2018-05-28 17:57:45 - [TEST_STEP][PASSED] - Statement - matched = pattern.matcher(txt).matches(): null

2018-05-28 17:57:45 - [TEST_STEP][PASSED] - Statement - If (matched): null

2018-05-28 17:57:45 - [TEST_STEP][PASSED] - Statement - driver.findElement(org.openqa.selenium.By.xpath("(//ul[@class='unlinked-grouplist']/li/label)[" + index + "]")).click(): null

2018-05-28 17:57:45 - [TEST_STEP][PASSED] - Statement - (count++): null

2018-05-28 17:57:45 - [TEST_STEP][PASSED] - Statement - If (count > 249): null

2018-05-28 17:57:45 - [TEST_STEP][PASSED] - Statement - txt = storesLabel.get(i).getText(): null

2018-05-28 17:57:45 - [TEST_STEP][PASSED] - Statement - index = i + 1: null

2018-05-28 17:57:45 - [TEST_STEP][PASSED] - Statement - matched = pattern.matcher(txt).matches(): null

2018-05-28 17:57:45 - [TEST_STEP][PASSED] - Statement - If (matched): null

2018-05-28 17:57:45 - [TEST_STEP][PASSED] - Statement - driver.findElement(org.openqa.selenium.By.xpath("(//ul[@class='unlinked-grouplist']/li/label)[" + index + "]")).click(): null

2018-05-28 17:57:45 - [TEST_STEP][PASSED] - Statement - (count++): null

2018-05-28 17:57:45 - [TEST_STEP][PASSED] - Statement - If (count > 249): null

2018-05-28 17:57:45 - [TEST_STEP][PASSED] - Statement - txt = storesLabel.get(i).getText(): null

2018-05-28 17:57:45 - [TEST_STEP][PASSED] - Statement - index = i + 1: null

2018-05-28 17:57:45 - [TEST_STEP][PASSED] - Statement - matched = pattern.matcher(txt).matches(): null

2018-05-28 17:57:45 - [TEST_STEP][PASSED] - Statement - If (matched): null

2018-05-28 17:57:45 - [TEST_STEP][PASSED] - Statement - driver.findElement(org.openqa.selenium.By.xpath("(//ul[@class='unlinked-grouplist']/li/label)[" + index + "]")).click(): null

2018-05-28 17:57:45 - [TEST_STEP][PASSED] - Statement - (count++): null

2018-05-28 17:57:45 - [TEST_STEP][PASSED] - Statement - If (count > 249): null

2018-05-28 17:57:45 - [TEST_STEP][PASSED] - Statement - txt = storesLabel.get(i).getText(): null

2018-05-28 17:57:45 - [TEST_STEP][PASSED] - Statement - index = i + 1: null

2018-05-28 17:57:45 - [TEST_STEP][PASSED] - Statement - matched = pattern.matcher(txt).matches(): null

2018-05-28 17:57:45 - [TEST_STEP][PASSED] - Statement - If (matched): null

2018-05-28 17:57:45 - [TEST_STEP][PASSED] - Statement - driver.findElement(org.openqa.selenium.By.xpath("(//ul[@class='unlinked-grouplist']/li/label)[" + index + "]")).click(): null

2018-05-28 17:57:45 - [TEST_STEP][PASSED] - Statement - (count++): null

2018-05-28 17:57:45 - [TEST_STEP][PASSED] - Statement - If (count > 249): null

2018-05-28 17:57:45 - [TEST_STEP][PASSED] - Statement - txt = storesLabel.get(i).getText(): null

2018-05-28 17:57:46 - [TEST_STEP][PASSED] - Statement - index = i + 1: null

2018-05-28 17:57:46 - [TEST_STEP][PASSED] - Statement - matched = pattern.matcher(txt).matches(): null

2018-05-28 17:57:46 - [TEST_STEP][PASSED] - Statement - If (matched): null

2018-05-28 17:57:46 - [TEST_STEP][PASSED] - Statement - driver.findElement(org.openqa.selenium.By.xpath("(//ul[@class='unlinked-grouplist']/li/label)[" + index + "]")).click(): null

2018-05-28 17:57:46 - [TEST_STEP][PASSED] - Statement - (count++): null

2018-05-28 17:57:46 - [TEST_STEP][PASSED] - Statement - If (count > 249): null

2018-05-28 17:57:46 - [TEST_STEP][PASSED] - Statement - txt = storesLabel.get(i).getText(): null

2018-05-28 17:57:46 - [TEST_STEP][PASSED] - Statement - index = i + 1: null

2018-05-28 17:57:46 - [TEST_STEP][PASSED] - Statement - matched = pattern.matcher(txt).matches(): null

2018-05-28 17:57:46 - [TEST_STEP][PASSED] - Statement - If (matched): null

2018-05-28 17:57:46 - [TEST_STEP][PASSED] - Statement - driver.findElement(org.openqa.selenium.By.xpath("(//ul[@class='unlinked-grouplist']/li/label)[" + index + "]")).click(): null

2018-05-28 17:57:46 - [TEST_STEP][PASSED] - Statement - (count++): null

2018-05-28 17:57:46 - [TEST_STEP][PASSED] - Statement - If (count > 249): null

2018-05-28 17:57:46 - [TEST_STEP][PASSED] - Statement - txt = storesLabel.get(i).getText(): null

2018-05-28 17:57:46 - [TEST_STEP][PASSED] - Statement - index = i + 1: null

2018-05-28 17:57:46 - [TEST_STEP][PASSED] - Statement - matched = pattern.matcher(txt).matches(): null

2018-05-28 17:57:46 - [TEST_STEP][PASSED] - Statement - If (matched): null

2018-05-28 17:57:46 - [TEST_STEP][PASSED] - Statement - driver.findElement(org.openqa.selenium.By.xpath("(//ul[@class='unlinked-grouplist']/li/label)[" + index + "]")).click(): null

2018-05-28 17:57:46 - [TEST_STEP][PASSED] - Statement - (count++): null

2018-05-28 17:57:46 - [TEST_STEP][PASSED] - Statement - If (count > 249): null

2018-05-28 17:57:46 - [TEST_STEP][PASSED] - Statement - txt = storesLabel.get(i).getText(): null

2018-05-28 17:57:46 - [TEST_STEP][PASSED] - Statement - index = i + 1: null

2018-05-28 17:57:46 - [TEST_STEP][PASSED] - Statement - matched = pattern.matcher(txt).matches(): null

2018-05-28 17:57:46 - [TEST_STEP][PASSED] - Statement - If (matched): null

2018-05-28 17:57:46 - [TEST_STEP][PASSED] - Statement - driver.findElement(org.openqa.selenium.By.xpath("(//ul[@class='unlinked-grouplist']/li/label)[" + index + "]")).click(): null

2018-05-28 17:57:46 - [TEST_STEP][PASSED] - Statement - (count++): null

2018-05-28 17:57:46 - [TEST_STEP][PASSED] - Statement - If (count > 249): null

2018-05-28 17:57:46 - [TEST_STEP][PASSED] - Statement - txt = storesLabel.get(i).getText(): null

2018-05-28 17:57:46 - [TEST_STEP][PASSED] - Statement - index = i + 1: null

2018-05-28 17:57:46 - [TEST_STEP][PASSED] - Statement - matched = pattern.matcher(txt).matches(): null

2018-05-28 17:57:46 - [TEST_STEP][PASSED] - Statement - If (matched): null

2018-05-28 17:57:46 - [TEST_STEP][PASSED] - Statement - driver.findElement(org.openqa.selenium.By.xpath("(//ul[@class='unlinked-grouplist']/li/label)[" + index + "]")).click(): null

2018-05-28 17:57:46 - [TEST_STEP][PASSED] - Statement - (count++): null

2018-05-28 17:57:46 - [TEST_STEP][PASSED] - Statement - If (count > 249): null

2018-05-28 17:57:46 - [TEST_STEP][PASSED] - Statement - txt = storesLabel.get(i).getText(): null

2018-05-28 17:57:46 - [TEST_STEP][PASSED] - Statement - index = i + 1: null

2018-05-28 17:57:46 - [TEST_STEP][PASSED] - Statement - matched = pattern.matcher(txt).matches(): null

2018-05-28 17:57:46 - [TEST_STEP][PASSED] - Statement - If (matched): null

2018-05-28 17:57:46 - [TEST_STEP][PASSED] - Statement - driver.findElement(org.openqa.selenium.By.xpath("(//ul[@class='unlinked-grouplist']/li/label)[" + index + "]")).click(): null

2018-05-28 17:57:46 - [TEST_STEP][PASSED] - Statement - (count++): null

2018-05-28 17:57:46 - [TEST_STEP][PASSED] - Statement - If (count > 249): null

2018-05-28 17:57:46 - [TEST_STEP][PASSED] - Statement - txt = storesLabel.get(i).getText(): null

2018-05-28 17:57:46 - [TEST_STEP][PASSED] - Statement - index = i + 1: null

2018-05-28 17:57:46 - [TEST_STEP][PASSED] - Statement - matched = pattern.matcher(txt).matches(): null

2018-05-28 17:57:46 - [TEST_STEP][PASSED] - Statement - If (matched): null

2018-05-28 17:57:46 - [TEST_STEP][PASSED] - Statement - driver.findElement(org.openqa.selenium.By.xpath("(//ul[@class='unlinked-grouplist']/li/label)[" + index + "]")).click(): null

2018-05-28 17:57:46 - [TEST_STEP][PASSED] - Statement - (count++): null

2018-05-28 17:57:46 - [TEST_STEP][PASSED] - Statement - If (count > 249): null

2018-05-28 17:57:46 - [TEST_STEP][PASSED] - Statement - txt = storesLabel.get(i).getText(): null

2018-05-28 17:57:46 - [TEST_STEP][PASSED] - Statement - index = i + 1: null

2018-05-28 17:57:46 - [TEST_STEP][PASSED] - Statement - matched = pattern.matcher(txt).matches(): null

2018-05-28 17:57:46 - [TEST_STEP][PASSED] - Statement - If (matched): null

2018-05-28 17:57:46 - [TEST_STEP][PASSED] - Statement - driver.findElement(org.openqa.selenium.By.xpath("(//ul[@class='unlinked-grouplist']/li/label)[" + index + "]")).click(): null

2018-05-28 17:57:46 - [TEST_STEP][PASSED] - Statement - (count++): null

2018-05-28 17:57:46 - [TEST_STEP][PASSED] - Statement - If (count > 249): null

2018-05-28 17:57:46 - [TEST_STEP][PASSED] - Statement - txt = storesLabel.get(i).getText(): null

2018-05-28 17:57:46 - [TEST_STEP][PASSED] - Statement - index = i + 1: null

2018-05-28 17:57:46 - [TEST_STEP][PASSED] - Statement - matched = pattern.matcher(txt).matches(): null

2018-05-28 17:57:46 - [TEST_STEP][PASSED] - Statement - If (matched): null

2018-05-28 17:57:46 - [TEST_STEP][PASSED] - Statement - driver.findElement(org.openqa.selenium.By.xpath("(//ul[@class='unlinked-grouplist']/li/label)[" + index + "]")).click(): null

2018-05-28 17:57:46 - [TEST_STEP][PASSED] - Statement - (count++): null

2018-05-28 17:57:46 - [TEST_STEP][PASSED] - Statement - If (count > 249): null

2018-05-28 17:57:46 - [TEST_STEP][PASSED] - Statement - txt = storesLabel.get(i).getText(): null

2018-05-28 17:57:46 - [TEST_STEP][PASSED] - Statement - index = i + 1: null

2018-05-28 17:57:46 - [TEST_STEP][PASSED] - Statement - matched = pattern.matcher(txt).matches(): null

2018-05-28 17:57:46 - [TEST_STEP][PASSED] - Statement - If (matched): null

2018-05-28 17:57:46 - [TEST_STEP][PASSED] - Statement - driver.findElement(org.openqa.selenium.By.xpath("(//ul[@class='unlinked-grouplist']/li/label)[" + index + "]")).click(): null

2018-05-28 17:57:46 - [TEST_STEP][PASSED] - Statement - (count++): null

2018-05-28 17:57:46 - [TEST_STEP][PASSED] - Statement - If (count > 249): null

2018-05-28 17:57:46 - [TEST_STEP][PASSED] - Statement - txt = storesLabel.get(i).getText(): null

2018-05-28 17:57:46 - [TEST_STEP][PASSED] - Statement - index = i + 1: null

2018-05-28 17:57:46 - [TEST_STEP][PASSED] - Statement - matched = pattern.matcher(txt).matches(): null

2018-05-28 17:57:46 - [TEST_STEP][PASSED] - Statement - If (matched): null

2018-05-28 17:57:46 - [TEST_STEP][PASSED] - Statement - driver.findElement(org.openqa.selenium.By.xpath("(//ul[@class='unlinked-grouplist']/li/label)[" + index + "]")).click(): null

2018-05-28 17:57:46 - [TEST_STEP][PASSED] - Statement - (count++): null

2018-05-28 17:57:46 - [TEST_STEP][PASSED] - Statement - If (count > 249): null

2018-05-28 17:57:46 - [TEST_STEP][PASSED] - Statement - txt = storesLabel.get(i).getText(): null

2018-05-28 17:57:46 - [TEST_STEP][PASSED] - Statement - index = i + 1: null

2018-05-28 17:57:46 - [TEST_STEP][PASSED] - Statement - matched = pattern.matcher(txt).matches(): null

2018-05-28 17:57:46 - [TEST_STEP][PASSED] - Statement - If (matched): null

2018-05-28 17:57:46 - [TEST_STEP][PASSED] - Statement - driver.findElement(org.openqa.selenium.By.xpath("(//ul[@class='unlinked-grouplist']/li/label)[" + index + "]")).click(): null

2018-05-28 17:57:46 - [TEST_STEP][PASSED] - Statement - (count++): null

2018-05-28 17:57:46 - [TEST_STEP][PASSED] - Statement - If (count > 249): null

2018-05-28 17:57:46 - [TEST_STEP][PASSED] - Statement - txt = storesLabel.get(i).getText(): null

2018-05-28 17:57:46 - [TEST_STEP][PASSED] - Statement - index = i + 1: null

2018-05-28 17:57:46 - [TEST_STEP][PASSED] - Statement - matched = pattern.matcher(txt).matches(): null

2018-05-28 17:57:46 - [TEST_STEP][PASSED] - Statement - If (matched): null

2018-05-28 17:57:46 - [TEST_STEP][PASSED] - Statement - driver.findElement(org.openqa.selenium.By.xpath("(//ul[@class='unlinked-grouplist']/li/label)[" + index + "]")).click(): null

2018-05-28 17:57:47 - [TEST_STEP][PASSED] - Statement - (count++): null

2018-05-28 17:57:47 - [TEST_STEP][PASSED] - Statement - If (count > 249): null

2018-05-28 17:57:47 - [TEST_STEP][PASSED] - Statement - txt = storesLabel.get(i).getText(): null

2018-05-28 17:57:47 - [TEST_STEP][PASSED] - Statement - index = i + 1: null

2018-05-28 17:57:47 - [TEST_STEP][PASSED] - Statement - matched = pattern.matcher(txt).matches(): null

2018-05-28 17:57:47 - [TEST_STEP][PASSED] - Statement - If (matched): null

2018-05-28 17:57:47 - [TEST_STEP][PASSED] - Statement - driver.findElement(org.openqa.selenium.By.xpath("(//ul[@class='unlinked-grouplist']/li/label)[" + index + "]")).click(): null

2018-05-28 17:57:47 - [TEST_STEP][PASSED] - Statement - (count++): null

2018-05-28 17:57:47 - [TEST_STEP][PASSED] - Statement - If (count > 249): null

2018-05-28 17:57:47 - [TEST_STEP][PASSED] - Statement - driver.findElement(org.openqa.selenium.By.xpath("//button[contains(text(),'>')]")).click(): null

2018-05-28 17:57:47 - [TEST_STEP][PASSED] - delay: Delayed 5 second(s)

2018-05-28 17:57:52 - [MESSAGE][PASSED] - Delayed 5 second(s)

2018-05-28 17:57:52 - [TEST_STEP][PASSED] - delay: Delayed 10 second(s)

2018-05-28 17:58:02 - [MESSAGE][PASSED] - Delayed 10 second(s)

2018-05-28 17:58:02 - [TEST_STEP][PASSED] - uiaction.CommonUIActions.click: uiaction.CommonUIActions.click is PASSED

2018-05-28 17:58:02 - [MESSAGE][PASSED] - uiaction.CommonUIActions.click is PASSED

2018-05-28 17:58:02 - [TEST_STEP][PASSED] - uiaction.CommonUIActions.click: uiaction.CommonUIActions.click is PASSED

2018-05-28 17:58:02 - [MESSAGE][PASSED] - uiaction.CommonUIActions.click is PASSED

2018-05-28 17:58:02 - [TEST_STEP][PASSED] - delay: Delayed 10 second(s)

2018-05-28 17:58:12 - [MESSAGE][PASSED] - Delayed 10 second(s)

2018-05-28 17:58:12 - [TEST_STEP][PASSED] - uiaction.CommonUIActions.back: uiaction.CommonUIActions.back is PASSED

2018-05-28 17:58:12 - [MESSAGE][PASSED] - Navigate back successfully

2018-05-28 17:58:12 - [MESSAGE][PASSED] - uiaction.CommonUIActions.back is PASSED

2018-05-28 17:58:12 - [TEST_STEP][PASSED] - delay: Delayed 5 second(s)

2018-05-28 17:58:17 - [MESSAGE][PASSED] - Delayed 5 second(s)

2018-05-28 17:58:17 - [TEST_STEP][PASSED] - uiaction.CommonUIActions.back: uiaction.CommonUIActions.back is PASSED

2018-05-28 17:58:17 - [MESSAGE][PASSED] - Navigate back successfully

2018-05-28 17:58:17 - [MESSAGE][PASSED] - uiaction.CommonUIActions.back is PASSED

2018-05-28 17:58:17 - [TEST_STEP][PASSED] - uiaction.CommonUIActions.click: uiaction.CommonUIActions.click is PASSED

2018-05-28 17:58:17 - [MESSAGE][PASSED] - uiaction.CommonUIActions.click is PASSED

2018-05-28 17:58:17 - [TEST_STEP][PASSED] - delay: Delayed 15 second(s)

2018-05-28 17:58:32 - [MESSAGE][PASSED] - Delayed 15 second(s)

2018-05-28 17:58:32 - [TEST_STEP][PASSED] - Statement - driver.findElement(org.openqa.selenium.By.xpath("//span[contains(text(),'" + grpName + "')]/../../../../span[1]")).click(): null

2018-05-28 17:58:32 - [TEST_STEP][PASSED] - delay: Delayed 10 second(s)

2018-05-28 17:58:42 - [MESSAGE][PASSED] - Delayed 10 second(s)

2018-05-28 17:58:42 - [TEST_STEP][PASSED] - Statement - driver.findElement(org.openqa.selenium.By.xpath("//span[contains(text(),'" + grpName + "')]/../../../../span[2]")).click(): null

2018-05-28 17:58:42 - [TEST_STEP][PASSED] - delay: Delayed 5 second(s)

2018-05-28 17:58:47 - [MESSAGE][PASSED] - Delayed 5 second(s)

2018-05-28 17:58:47 - [TEST_STEP][PASSED] - click: Object: 'Object Repository/ReportsPage/fromDateSelector' is clicked on

2018-05-28 17:58:48 - [MESSAGE][PASSED] - Object: 'Object Repository/ReportsPage/fromDateSelector' is clicked on

2018-05-28 17:58:48 - [TEST_STEP][PASSED] - delay: Delayed 5 second(s)

2018-05-28 17:58:53 - [MESSAGE][PASSED] - Delayed 5 second(s)

2018-05-28 17:58:53 - [TEST_STEP][PASSED] - Statement - monthText = com.kms.katalon.core.webui.keyword.WebUiBuiltInKeywords.getText(com.kms.katalon.core.testobject.ObjectRepository.findTestObject(ReportsPage/monthText)): Text of object 'Object Repository/ReportsPage/monthText' is: 'May 2018'

2018-05-28 17:58:53 - [MESSAGE][PASSED] - Text of object 'Object Repository/ReportsPage/monthText' is: 'May 2018'

2018-05-28 17:58:53 - [TEST_STEP][PASSED] - Statement - monthTextArray = monthText.split(" "): null

2018-05-28 17:58:53 - [TEST_STEP][PASSED] - Statement - month = monthTextArray[0]: null

2018-05-28 17:58:53 - [TEST_STEP][PASSED] - Statement - monthTextValue = CustomKeywords.projectSpecific.Reusability.getTestData("ReportsPage", "Month"): projectSpecific.Reusability.getTestData is PASSED

2018-05-28 17:58:53 - [MESSAGE][PASSED] - projectSpecific.Reusability.getTestData is PASSED

2018-05-28 17:58:53 - [TEST_STEP][PASSED] - Statement - If (!(monthTextValue.equals(month))): null

2018-05-28 17:58:53 - [TEST_STEP][PASSED] - Statement - While (!(monthTextValue.equals(month))): null

2018-05-28 17:58:53 - [TEST_STEP][PASSED] - click: Object: 'Object Repository/ReportsPage/previousDateSelector' is clicked on

2018-05-28 17:58:53 - [MESSAGE][PASSED] - Object: 'Object Repository/ReportsPage/previousDateSelector' is clicked on

2018-05-28 17:58:53 - [TEST_STEP][PASSED] - Statement - monthText = com.kms.katalon.core.webui.keyword.WebUiBuiltInKeywords.getText(com.kms.katalon.core.testobject.ObjectRepository.findTestObject(ReportsPage/monthText)): Text of object 'Object Repository/ReportsPage/monthText' is: 'April 2018'

2018-05-28 17:58:53 - [MESSAGE][PASSED] - Text of object 'Object Repository/ReportsPage/monthText' is: 'April 2018'

2018-05-28 17:58:53 - [TEST_STEP][PASSED] - Statement - monthTextArray = monthText.split(" "): null

2018-05-28 17:58:53 - [TEST_STEP][PASSED] - Statement - month = monthTextArray[0]: null

2018-05-28 17:58:53 - [TEST_STEP][PASSED] - click: Object: 'Object Repository/ReportsPage/previousDateSelector' is clicked on

2018-05-28 17:58:53 - [MESSAGE][PASSED] - Object: 'Object Repository/ReportsPage/previousDateSelector' is clicked on

2018-05-28 17:58:53 - [TEST_STEP][PASSED] - Statement - monthText = com.kms.katalon.core.webui.keyword.WebUiBuiltInKeywords.getText(com.kms.katalon.core.testobject.ObjectRepository.findTestObject(ReportsPage/monthText)): Text of object 'Object Repository/ReportsPage/monthText' is: 'March 2018'

2018-05-28 17:58:53 - [MESSAGE][PASSED] - Text of object 'Object Repository/ReportsPage/monthText' is: 'March 2018'

2018-05-28 17:58:53 - [TEST_STEP][PASSED] - Statement - monthTextArray = monthText.split(" "): null

2018-05-28 17:58:53 - [TEST_STEP][PASSED] - Statement - month = monthTextArray[0]: null

2018-05-28 17:58:53 - [TEST_STEP][PASSED] - Statement - data = CustomKeywords.projectSpecific.Reusability.getTestData("ReportsPage", "StartDate"): projectSpecific.Reusability.getTestData is PASSED

2018-05-28 17:58:53 - [MESSAGE][PASSED] - projectSpecific.Reusability.getTestData is PASSED

2018-05-28 17:58:53 - [TEST_STEP][PASSED] - Statement - startDate = "(//td[text()='" + data + "'])[1]": null

2018-05-28 17:58:53 - [TEST_STEP][PASSED] - Statement - println(startDate): null

2018-05-28 17:58:53 - [TEST_STEP][PASSED] - Statement - startdateEle = driver.findElement(org.openqa.selenium.By.xpath(startDate)): null

2018-05-28 17:58:53 - [TEST_STEP][PASSED] - Statement - startdateEle.click(): null

2018-05-28 17:58:53 - [TEST_STEP][PASSED] - delay: Delayed 5 second(s)

2018-05-28 17:58:58 - [MESSAGE][PASSED] - Delayed 5 second(s)

2018-05-28 17:58:58 - [TEST_STEP][PASSED] - click: Object: 'Object Repository/ReportsPage/toDateSelector' is clicked on

2018-05-28 17:58:58 - [MESSAGE][PASSED] - Object: 'Object Repository/ReportsPage/toDateSelector' is clicked on

2018-05-28 17:58:58 - [TEST_STEP][PASSED] - Statement - monthText = com.kms.katalon.core.webui.keyword.WebUiBuiltInKeywords.getText(com.kms.katalon.core.testobject.ObjectRepository.findTestObject(ReportsPage/monthText2)): Text of object 'Object Repository/ReportsPage/monthText2' is: 'May 2018'

2018-05-28 17:58:58 - [MESSAGE][PASSED] - Text of object 'Object Repository/ReportsPage/monthText2' is: 'May 2018'

2018-05-28 17:58:58 - [TEST_STEP][PASSED] - Statement - monthTextArray = monthText.split(" "): null

2018-05-28 17:58:58 - [TEST_STEP][PASSED] - Statement - month = monthTextArray[0]: null

2018-05-28 17:58:58 - [TEST_STEP][PASSED] - Statement - monthTextValue1 = CustomKeywords.projectSpecific.Reusability.getTestData("ReportsPage", "Month"): projectSpecific.Reusability.getTestData is PASSED

2018-05-28 17:58:58 - [MESSAGE][PASSED] - projectSpecific.Reusability.getTestData is PASSED

2018-05-28 17:58:58 - [TEST_STEP][PASSED] - Statement - If (!(monthTextValue1.equals(month))): null

2018-05-28 17:58:58 - [TEST_STEP][PASSED] - Statement - While (!(monthTextValue1.equals(month))): null

2018-05-28 17:58:58 - [TEST_STEP][PASSED] - click: Object: 'Object Repository/ReportsPage/previousDateSelector2' is clicked on

2018-05-28 17:58:58 - [MESSAGE][PASSED] - Object: 'Object Repository/ReportsPage/previousDateSelector2' is clicked on

2018-05-28 17:58:58 - [TEST_STEP][PASSED] - Statement - monthText = com.kms.katalon.core.webui.keyword.WebUiBuiltInKeywords.getText(com.kms.katalon.core.testobject.ObjectRepository.findTestObject(ReportsPage/monthText2)): Text of object 'Object Repository/ReportsPage/monthText2' is: 'April 2018'

2018-05-28 17:58:58 - [MESSAGE][PASSED] - Text of object 'Object Repository/ReportsPage/monthText2' is: 'April 2018'

2018-05-28 17:58:58 - [TEST_STEP][PASSED] - Statement - monthTextArray = monthText.split(" "): null

2018-05-28 17:58:58 - [TEST_STEP][PASSED] - Statement - month = monthTextArray[0]: null

2018-05-28 17:58:58 - [TEST_STEP][PASSED] - click: Object: 'Object Repository/ReportsPage/previousDateSelector2' is clicked on

2018-05-28 17:58:58 - [MESSAGE][PASSED] - Object: 'Object Repository/ReportsPage/previousDateSelector2' is clicked on

2018-05-28 17:58:58 - [TEST_STEP][PASSED] - Statement - monthText = com.kms.katalon.core.webui.keyword.WebUiBuiltInKeywords.getText(com.kms.katalon.core.testobject.ObjectRepository.findTestObject(ReportsPage/monthText2)): Text of object 'Object Repository/ReportsPage/monthText2' is: 'March 2018'

2018-05-28 17:58:58 - [MESSAGE][PASSED] - Text of object 'Object Repository/ReportsPage/monthText2' is: 'March 2018'

2018-05-28 17:58:58 - [TEST_STEP][PASSED] - Statement - monthTextArray = monthText.split(" "): null

2018-05-28 17:58:58 - [TEST_STEP][PASSED] - Statement - month = monthTextArray[0]: null

2018-05-28 17:58:58 - [TEST_STEP][PASSED] - Statement - endDate = CustomKeywords.projectSpecific.Reusability.getTestData("ReportsPage", "endDate7"): projectSpecific.Reusability.getTestData is PASSED

2018-05-28 17:58:58 - [MESSAGE][PASSED] - projectSpecific.Reusability.getTestData is PASSED

2018-05-28 17:58:58 - [TEST_STEP][PASSED] - Statement - toDate = "(//td[text()='" + endDate + "'])[2]": null

2018-05-28 17:58:58 - [TEST_STEP][PASSED] - Statement - toDateEle = driver.findElement(org.openqa.selenium.By.xpath(toDate)): null

2018-05-28 17:58:58 - [TEST_STEP][PASSED] - Statement - toDateEle.click(): null

2018-05-28 17:58:58 - [TEST_STEP][PASSED] - delay: Delayed 5 second(s)

2018-05-28 17:59:03 - [MESSAGE][PASSED] - Delayed 5 second(s)

2018-05-28 17:59:03 - [TEST_STEP][PASSED] - Statement - dateAttr = com.kms.katalon.core.webui.keyword.WebUiBuiltInKeywords.getAttribute(com.kms.katalon.core.testobject.ObjectRepository.findTestObject(ReportsPage/selectedDate1), "value"): Attribute 'value' of object 'Object Repository/ReportsPage/selectedDate1' is: '03/01/2018'

2018-05-28 17:59:03 - [MESSAGE][PASSED] - Attribute 'value' of object 'Object Repository/ReportsPage/selectedDate1' is: '03/01/2018'

2018-05-28 17:59:03 - [TEST_STEP][PASSED] - Statement - fromDateValue = CustomKeywords.projectSpecific.Reusability.getTestData("ReportsPage", "fromDate"): projectSpecific.Reusability.getTestData is PASSED

2018-05-28 17:59:03 - [MESSAGE][PASSED] - projectSpecific.Reusability.getTestData is PASSED

2018-05-28 17:59:03 - [TEST_STEP][PASSED] - Statement - If (!(dateAttr.equals(fromDateValue))): null

2018-05-28 17:59:03 - [TEST_STEP][PASSED] - Statement - dateAttr = com.kms.katalon.core.webui.keyword.WebUiBuiltInKeywords.getAttribute(com.kms.katalon.core.testobject.ObjectRepository.findTestObject(ReportsPage/selectedDate2), "value"): Attribute 'value' of object 'Object Repository/ReportsPage/selectedDate2' is: '03/23/2018'

2018-05-28 17:59:03 - [MESSAGE][PASSED] - Attribute 'value' of object 'Object Repository/ReportsPage/selectedDate2' is: '03/23/2018'

2018-05-28 17:59:03 - [TEST_STEP][PASSED] - Statement - toDateValue = CustomKeywords.projectSpecific.Reusability.getTestData("ReportsPage", "toDate12"): projectSpecific.Reusability.getTestData is PASSED

2018-05-28 17:59:03 - [MESSAGE][PASSED] - projectSpecific.Reusability.getTestData is PASSED

2018-05-28 17:59:03 - [TEST_STEP][PASSED] - Statement - If (!(dateAttr.equals(toDateValue))): null

2018-05-28 17:59:03 - [TEST_STEP][PASSED] - verifyElementText: Actual text and expected text of test object 'Object Repository/ReportsPage/includeText' are matched.

2018-05-28 17:59:03 - [MESSAGE][PASSED] - projectSpecific.Reusability.getTestData is PASSED

2018-05-28 17:59:04 - [MESSAGE][PASSED] - Actual text and expected text of test object 'Object Repository/ReportsPage/includeText' are matched.

2018-05-28 17:59:04 - [TEST_STEP][PASSED] - verifyElementText: Actual text and expected text of test object 'Object Repository/ReportsPage/formatText' are matched.

2018-05-28 17:59:04 - [MESSAGE][PASSED] - projectSpecific.Reusability.getTestData is PASSED

2018-05-28 17:59:04 - [MESSAGE][PASSED] - Actual text and expected text of test object 'Object Repository/ReportsPage/formatText' are matched.

2018-05-28 17:59:04 - [TEST_STEP][PASSED] - uiaction.CommonUIActions.click: uiaction.CommonUIActions.click is PASSED

2018-05-28 17:59:04 - [MESSAGE][PASSED] - uiaction.CommonUIActions.click is PASSED

2018-05-28 17:59:04 - [TEST_STEP][PASSED] - uiaction.CommonUIActions.click: uiaction.CommonUIActions.click is PASSED

2018-05-28 17:59:04 - [MESSAGE][PASSED] - uiaction.CommonUIActions.click is PASSED

2018-05-28 17:59:04 - [TEST_STEP][PASSED] - delay: Delayed 5 second(s)

2018-05-28 17:59:09 - [MESSAGE][PASSED] - Delayed 5 second(s)

2018-05-28 17:59:09 - [TEST_STEP][PASSED] - uiaction.CommonUIActions.click: uiaction.CommonUIActions.click is PASSED

2018-05-28 17:59:09 - [MESSAGE][PASSED] - uiaction.CommonUIActions.click is PASSED

2018-05-28 17:59:09 - [TEST_STEP][PASSED] - Statement - opencheckbox = CustomKeywords.uiaction.CommonUIActions.isEnabled(com.kms.katalon.core.testobject.ObjectRepository.findTestObject(ReportsPage/Report_opencheckbox)): uiaction.CommonUIActions.isEnabled is PASSED

2018-05-28 17:59:09 - [MESSAGE][PASSED] - uiaction.CommonUIActions.isEnabled is PASSED

2018-05-28 17:59:09 - [TEST_STEP][PASSED] - Statement - If (!(opencheckbox)): null

2018-05-28 17:59:09 - [TEST_STEP][PASSED] - Statement - out.println("Open checkbox is checked by default"): null

2018-05-28 17:59:09 - [TEST_STEP][PASSED] - Statement - closecheckbox = CustomKeywords.uiaction.CommonUIActions.isEnabled(com.kms.katalon.core.testobject.ObjectRepository.findTestObject(ReportsPage/Report_closecheckbox)): uiaction.CommonUIActions.isEnabled is PASSED

2018-05-28 17:59:09 - [MESSAGE][PASSED] - uiaction.CommonUIActions.isEnabled is PASSED

2018-05-28 17:59:09 - [TEST_STEP][PASSED] - Statement - If (!(closecheckbox)): null

2018-05-28 17:59:09 - [TEST_STEP][PASSED] - Statement - out.println("Close checkbox is checked by default"): null

2018-05-28 17:59:09 - [TEST_STEP][PASSED] - uiaction.CommonUIActions.click: uiaction.CommonUIActions.click is PASSED

2018-05-28 17:59:09 - [MESSAGE][PASSED] - uiaction.CommonUIActions.click is PASSED

2018-05-28 17:59:09 - [TEST_STEP][PASSED] - uiaction.CommonUIActions.click: uiaction.CommonUIActions.click is PASSED

2018-05-28 17:59:09 - [MESSAGE][PASSED] - uiaction.CommonUIActions.click is PASSED

2018-05-28 17:59:09 - [TEST_STEP][PASSED] - verifyElementPresent: Object 'Object Repository/ReportsPage/advancedoption_am' is present

2018-05-28 17:59:09 - [MESSAGE][PASSED] - Object 'Object Repository/ReportsPage/advancedoption_am' is present

2018-05-28 17:59:09 - [TEST_STEP][PASSED] - verifyElementPresent: Object 'Object Repository/ReportsPage/advanceoptions_pm' is present

2018-05-28 17:59:09 - [MESSAGE][PASSED] - Object 'Object Repository/ReportsPage/advanceoptions_pm' is present

2018-05-28 17:59:09 - [TEST_STEP][PASSED] - Statement - open_am = CustomKeywords.uiaction.CommonUIActions.isEnabled(com.kms.katalon.core.testobject.ObjectRepository.findTestObject(ReportsPage/advancedoption_am)): uiaction.CommonUIActions.isEnabled is PASSED

2018-05-28 17:59:09 - [MESSAGE][PASSED] - uiaction.CommonUIActions.isEnabled is PASSED

2018-05-28 17:59:09 - [TEST_STEP][PASSED] - Statement - If (open_am): null

2018-05-28 17:59:09 - [TEST_STEP][PASSED] - Statement - out.println("AM Drop down boxes  enabled"): null

2018-05-28 17:59:09 - [TEST_STEP][PASSED] - Statement - open_pm = CustomKeywords.uiaction.CommonUIActions.isEnabled(com.kms.katalon.core.testobject.ObjectRepository.findTestObject(ReportsPage/advanceoptions_pm)): uiaction.CommonUIActions.isEnabled is PASSED

2018-05-28 17:59:09 - [MESSAGE][PASSED] - uiaction.CommonUIActions.isEnabled is PASSED

2018-05-28 17:59:09 - [TEST_STEP][PASSED] - Statement - If (open_pm): null

2018-05-28 17:59:09 - [TEST_STEP][PASSED] - Statement - out.println("PM Drop down boxes  enabled"): null

2018-05-28 17:59:09 - [TEST_STEP][PASSED] - delay: Delayed 10 second(s)

2018-05-28 17:59:19 - [MESSAGE][PASSED] - Delayed 10 second(s)

2018-05-28 17:59:19 - [TEST_STEP][PASSED] - uiaction.CommonUIActions.click: uiaction.CommonUIActions.click is PASSED

2018-05-28 17:59:19 - [MESSAGE][PASSED] - uiaction.CommonUIActions.click is PASSED

2018-05-28 17:59:19 - [TEST_STEP][PASSED] - uiaction.CommonUIActions.enter: uiaction.CommonUIActions.enter is PASSED

2018-05-28 17:59:19 - [MESSAGE][PASSED] - uiaction.CommonUIActions.enter is PASSED

2018-05-28 17:59:19 - [TEST_STEP][PASSED] - uiaction.CommonUIActions.click: uiaction.CommonUIActions.click is PASSED

2018-05-28 17:59:19 - [MESSAGE][PASSED] - uiaction.CommonUIActions.click is PASSED

2018-05-28 17:59:19 - [TEST_STEP][PASSED] - delay: Delayed 10 second(s)

2018-05-28 17:59:29 - [MESSAGE][PASSED] - Delayed 10 second(s)

2018-05-28 17:59:29 - [TEST_STEP][PASSED] - uiaction.CommonUIActions.click: uiaction.CommonUIActions.click is PASSED

2018-05-28 17:59:30 - [MESSAGE][PASSED] - uiaction.CommonUIActions.click is PASSED

2018-05-28 17:59:30 - [TEST_STEP][PASSED] - uiaction.CommonUIActions.click: uiaction.CommonUIActions.click is PASSED

2018-05-28 17:59:30 - [MESSAGE][PASSED] - uiaction.CommonUIActions.click is PASSED

2018-05-28 17:59:30 - [TEST_STEP][PASSED] - verifyElementPresent: Object 'Object Repository/ReportsPage/advancedoption_am' is present

2018-05-28 17:59:30 - [MESSAGE][PASSED] - Object 'Object Repository/ReportsPage/advancedoption_am' is present

2018-05-28 17:59:30 - [TEST_STEP][PASSED] - verifyElementPresent: Object 'Object Repository/ReportsPage/advanceoptions_pm' is present

2018-05-28 17:59:30 - [MESSAGE][PASSED] - Object 'Object Repository/ReportsPage/advanceoptions_pm' is present

2018-05-28 17:59:30 - [TEST_STEP][PASSED] - Statement - close_am = CustomKeywords.uiaction.CommonUIActions.isEnabled(com.kms.katalon.core.testobject.ObjectRepository.findTestObject(ReportsPage/advancedoption_am)): uiaction.CommonUIActions.isEnabled is PASSED

2018-05-28 17:59:30 - [MESSAGE][PASSED] - uiaction.CommonUIActions.isEnabled is PASSED

2018-05-28 17:59:30 - [TEST_STEP][PASSED] - Statement - If (close_am): null

2018-05-28 17:59:30 - [TEST_STEP][PASSED] - Statement - out.println("AM Drop down boxes  enabled"): null

2018-05-28 17:59:30 - [TEST_STEP][PASSED] - Statement - close_pm = CustomKeywords.uiaction.CommonUIActions.isEnabled(com.kms.katalon.core.testobject.ObjectRepository.findTestObject(ReportsPage/advanceoptions_pm)): uiaction.CommonUIActions.isEnabled is PASSED

2018-05-28 17:59:30 - [MESSAGE][PASSED] - uiaction.CommonUIActions.isEnabled is PASSED

2018-05-28 17:59:30 - [TEST_STEP][PASSED] - Statement - If (close_pm): null

2018-05-28 17:59:30 - [TEST_STEP][PASSED] - Statement - out.println("PM Drop down boxes  enabled"): null

2018-05-28 17:59:30 - [TEST_STEP][PASSED] - delay: Delayed 10 second(s)

2018-05-28 17:59:40 - [MESSAGE][PASSED] - Delayed 10 second(s)

2018-05-28 17:59:40 - [TEST_STEP][PASSED] - uiaction.CommonUIActions.click: uiaction.CommonUIActions.click is PASSED

2018-05-28 17:59:40 - [MESSAGE][PASSED] - uiaction.CommonUIActions.click is PASSED

2018-05-28 17:59:40 - [TEST_STEP][PASSED] - uiaction.CommonUIActions.enter: uiaction.CommonUIActions.enter is PASSED

2018-05-28 17:59:40 - [MESSAGE][PASSED] - uiaction.CommonUIActions.enter is PASSED

2018-05-28 17:59:40 - [TEST_STEP][PASSED] - uiaction.CommonUIActions.click: uiaction.CommonUIActions.click is PASSED

2018-05-28 17:59:40 - [MESSAGE][PASSED] - uiaction.CommonUIActions.click is PASSED

2018-05-28 17:59:40 - [TEST_STEP][PASSED] - delay: Delayed 10 second(s)

2018-05-28 17:59:50 - [MESSAGE][PASSED] - Delayed 10 second(s)

2018-05-28 17:59:50 - [TEST_STEP][PASSED] - uiaction.CommonUIActions.click: uiaction.CommonUIActions.click is PASSED

2018-05-28 17:59:50 - [MESSAGE][PASSED] - uiaction.CommonUIActions.click is PASSED

2018-05-28 17:59:50 - [TEST_STEP][PASSED] - uiaction.CommonUIActions.click: uiaction.CommonUIActions.click is PASSED

2018-05-28 17:59:50 - [MESSAGE][PASSED] - uiaction.CommonUIActions.click is PASSED

2018-05-28 17:59:50 - [TEST_STEP][PASSED] - click: Object: 'Object Repository/ReportsPage/generateReport' is clicked on

2018-05-28 17:59:50 - [MESSAGE][PASSED] - Object: 'Object Repository/ReportsPage/generateReport' is clicked on

2018-05-28 17:59:50 - [TEST_STEP][PASSED] - delay: Delayed 15 second(s)

2018-05-28 18:00:05 - [MESSAGE][PASSED] - Delayed 15 second(s)

2018-05-28 18:00:05 - [TEST_STEP][PASSED] - Statement - errMessage = CustomKeywords.uiaction.CommonUIActions.getText(com.kms.katalon.core.testobject.ObjectRepository.findTestObject(ReportsPage/report_failure_alertmsg)): uiaction.CommonUIActions.getText is PASSED

2018-05-28 18:00:05 - [MESSAGE][PASSED] - uiaction.CommonUIActions.getText is PASSED

2018-05-28 18:00:05 - [TEST_STEP][PASSED] - Statement - errMsgText = CustomKeywords.projectSpecific.Reusability.getTestData("ReportsPage", "DateRange5"): projectSpecific.Reusability.getTestData is PASSED

2018-05-28 18:00:06 - [MESSAGE][PASSED] - projectSpecific.Reusability.getTestData is PASSED

2018-05-28 18:00:06 - [TEST_STEP][PASSED] - verifyMatch: Actual text 'Date range invalid. For Daypart Reports select any 2 week period.' and expected text 'Date range invalid. For Daypart Reports select any 2 week period.' are matched 

2018-05-28 18:00:06 - [MESSAGE][PASSED] - Actual text 'Date range invalid. For Daypart Reports select any 2 week period.' and expected text 'Date range invalid. For Daypart Reports select any 2 week period.' are matched 

2018-05-28 18:00:06 - [TEST_STEP][PASSED] - Statement - If (errMessage == errMsgText): null

2018-05-28 18:00:06 - [TEST_STEP][PASSED] - delay: Delayed 10 second(s)

2018-05-28 18:00:16 - [MESSAGE][PASSED] - Delayed 10 second(s)

2018-05-28 18:00:16 - [TEST_STEP][PASSED] - click: Object: 'Object Repository/ReportsPage/toDateSelector' is clicked on

2018-05-28 18:00:16 - [MESSAGE][PASSED] - Object: 'Object Repository/ReportsPage/toDateSelector' is clicked on

2018-05-28 18:00:16 - [TEST_STEP][PASSED] - Statement - endDate = CustomKeywords.projectSpecific.Reusability.getTestData("ReportsPage", "endDate8"): projectSpecific.Reusability.getTestData is PASSED

2018-05-28 18:00:16 - [MESSAGE][PASSED] - projectSpecific.Reusability.getTestData is PASSED

2018-05-28 18:00:16 - [TEST_STEP][PASSED] - Statement - toDate = "(//td[text()='" + endDate + "'])[2]": null

2018-05-28 18:00:16 - [TEST_STEP][PASSED] - Statement - toDateEle = driver.findElement(org.openqa.selenium.By.xpath(toDate)): null

2018-05-28 18:00:16 - [TEST_STEP][PASSED] - Statement - toDateEle.click(): null

2018-05-28 18:00:16 - [TEST_STEP][PASSED] - delay: Delayed 5 second(s)

2018-05-28 18:00:21 - [MESSAGE][PASSED] - Delayed 5 second(s)

2018-05-28 18:00:21 - [TEST_STEP][PASSED] - Statement - dateAttr = com.kms.katalon.core.webui.keyword.WebUiBuiltInKeywords.getAttribute(com.kms.katalon.core.testobject.ObjectRepository.findTestObject(ReportsPage/selectedDate1), "value"): Attribute 'value' of object 'Object Repository/ReportsPage/selectedDate1' is: '03/01/2018'

2018-05-28 18:00:21 - [MESSAGE][PASSED] - Attribute 'value' of object 'Object Repository/ReportsPage/selectedDate1' is: '03/01/2018'

2018-05-28 18:00:21 - [TEST_STEP][PASSED] - Statement - fromDateValue = CustomKeywords.projectSpecific.Reusability.getTestData("ReportsPage", "fromDate"): projectSpecific.Reusability.getTestData is PASSED

2018-05-28 18:00:21 - [MESSAGE][PASSED] - projectSpecific.Reusability.getTestData is PASSED

2018-05-28 18:00:21 - [TEST_STEP][PASSED] - Statement - If (!(dateAttr.equals(fromDateValue))): null

2018-05-28 18:00:21 - [TEST_STEP][PASSED] - Statement - dateAttr = com.kms.katalon.core.webui.keyword.WebUiBuiltInKeywords.getAttribute(com.kms.katalon.core.testobject.ObjectRepository.findTestObject(ReportsPage/selectedDate2), "value"): Attribute 'value' of object 'Object Repository/ReportsPage/selectedDate2' is: '03/15/2018'

2018-05-28 18:00:21 - [MESSAGE][PASSED] - Attribute 'value' of object 'Object Repository/ReportsPage/selectedDate2' is: '03/15/2018'

2018-05-28 18:00:21 - [TEST_STEP][PASSED] - Statement - toDateValue = CustomKeywords.projectSpecific.Reusability.getTestData("ReportsPage", "toDate13"): projectSpecific.Reusability.getTestData is PASSED

2018-05-28 18:00:21 - [MESSAGE][PASSED] - projectSpecific.Reusability.getTestData is PASSED

2018-05-28 18:00:21 - [TEST_STEP][PASSED] - Statement - If (!(dateAttr.equals(toDateValue))): null

2018-05-28 18:00:21 - [TEST_STEP][PASSED] - delay: Delayed 5 second(s)

2018-05-28 18:00:26 - [MESSAGE][PASSED] - Delayed 5 second(s)

2018-05-28 18:00:26 - [TEST_STEP][PASSED] - click: Object: 'Object Repository/ReportsPage/generateReport' is clicked on

2018-05-28 18:00:26 - [MESSAGE][PASSED] - Object: 'Object Repository/ReportsPage/generateReport' is clicked on

2018-05-28 18:00:26 - [TEST_STEP][PASSED] - delay: Delayed 15 second(s)

2018-05-28 18:00:41 - [MESSAGE][PASSED] - Delayed 15 second(s)

2018-05-28 18:00:41 - [TEST_STEP][PASSED] - Statement - confirmationText = CustomKeywords.projectSpecific.Reusability.getTestData("SummarizedReportPage", "confirmationText1"): projectSpecific.Reusability.getTestData is PASSED

2018-05-28 18:00:41 - [MESSAGE][PASSED] - projectSpecific.Reusability.getTestData is PASSED

2018-05-28 18:00:41 - [TEST_STEP][PASSED] - Statement - actualconfirmationText = CustomKeywords.uiaction.CommonUIActions.getText(com.kms.katalon.core.testobject.ObjectRepository.findTestObject(SummarizedReportPage/emailConfirmation)): uiaction.CommonUIActions.getText is PASSED

2018-05-28 18:00:44 - [MESSAGE][PASSED] - uiaction.CommonUIActions.getText is PASSED

2018-05-28 18:00:44 - [TEST_STEP][PASSED] - Statement - confirm = com.kms.katalon.core.webui.keyword.WebUiBuiltInKeywords.verifyMatch(confirmationText, actualconfirmationText, false): Actual text 'Please check your email. Your Report has been sent to selvendrank@nousinfo.com.' and expected text 'Please check your email. Your Report has been sent to selvendrank@nousinfo.com.' are matched 

2018-05-28 18:00:44 - [MESSAGE][PASSED] - Actual text 'Please check your email. Your Report has been sent to selvendrank@nousinfo.com.' and expected text 'Please check your email. Your Report has been sent to selvendrank@nousinfo.com.' are matched 

2018-05-28 18:00:44 - [TEST_STEP][PASSED] - Statement - If (confirm): null

2018-05-28 18:00:44 - [TEST_STEP][PASSED] - Statement - out.println("Email Verification received"): null

2018-05-28 18:00:44 - [TEST_STEP][PASSED] - delay: Delayed 10 second(s)

2018-05-28 18:00:54 - [MESSAGE][PASSED] - Delayed 10 second(s)

2018-05-28 18:00:54 - [TEST_STEP][PASSED] - uiaction.CommonUIActions.click: uiaction.CommonUIActions.click is PASSED

2018-05-28 18:00:57 - [MESSAGE][PASSED] - uiaction.CommonUIActions.click is PASSED

2018-05-28 18:00:57 - [TEST_STEP][PASSED] - uiaction.CommonUIActions.click: uiaction.CommonUIActions.click is PASSED

2018-05-28 18:01:09 - [MESSAGE][PASSED] - uiaction.CommonUIActions.click is PASSED

2018-05-28 18:01:09 - [TEST_STEP][PASSED] - uiaction.CommonUIActions.click: uiaction.CommonUIActions.click is PASSED

2018-05-28 18:01:10 - [MESSAGE][PASSED] - uiaction.CommonUIActions.click is PASSED

2018-05-28 18:01:10 - [TEST_STEP][PASSED] - delay: Delayed 10 second(s)

2018-05-28 18:01:20 - [MESSAGE][PASSED] - Delayed 10 second(s)

2018-05-28 18:01:20 - [TEST_STEP][PASSED] - Statement - groupLink = "//span[text()='" + grpName + "']": null

2018-05-28 18:01:20 - [TEST_STEP][PASSED] - Statement - driver.findElement(org.openqa.selenium.By.xpath(groupLink)).click(): null

2018-05-28 18:01:20 - [TEST_STEP][PASSED] - delay: Delayed 10 second(s)

2018-05-28 18:01:30 - [MESSAGE][PASSED] - Delayed 10 second(s)

2018-05-28 18:01:30 - [TEST_STEP][PASSED] - uiaction.CommonUIActions.click: uiaction.CommonUIActions.click is PASSED

2018-05-28 18:01:30 - [MESSAGE][PASSED] - uiaction.CommonUIActions.click is PASSED

2018-05-28 18:01:30 - [TEST_STEP][PASSED] - delay: Delayed 10 second(s)

2018-05-28 18:01:40 - [MESSAGE][PASSED] - Delayed 10 second(s)

2018-05-28 18:01:40 - [TEST_STEP][PASSED] - uiaction.CommonUIActions.click: uiaction.CommonUIActions.click is PASSED

2018-05-28 18:01:40 - [MESSAGE][PASSED] - uiaction.CommonUIActions.click is PASSED

2018-05-28 18:01:40 - [TEST_STEP][PASSED] - delay: Delayed 10 second(s)

2018-05-28 18:01:50 - [MESSAGE][PASSED] - Delayed 10 second(s)

2018-05-28 18:01:50 - [TEST_STEP][PASSED] - uiaction.CommonUIActions.click: uiaction.CommonUIActions.click is PASSED

2018-05-28 18:01:53 - [MESSAGE][PASSED] - uiaction.CommonUIActions.click is PASSED

2018-05-28 18:01:53 - [TEST_STEP][PASSED] - Statement - assert TCflag == true: null

2018-05-28 18:01:53 - [TEST_STEP][PASSED] - Start listener action : sampleAfterTestCase: Browser is closed

2018-05-28 18:01:53 - [TEST_STEP][PASSED] - Statement - println(testCaseContext.getTestCaseId()): null

2018-05-28 18:01:53 - [TEST_STEP][PASSED] - Statement - println(testCaseContext.getTestCaseStatus()): null

2018-05-28 18:01:53 - [TEST_STEP][PASSED] - closeBrowser: Browser is closed

2018-05-28 18:01:54 - [MESSAGE][PASSED] - Browser is closed]]></system-out>
         <system-err><![CDATA[]]></system-err>
      </testcase>
      <system-out><![CDATA[2018-05-28 17:43:03 - [TEST_SUITE][FAILED] - RegressionSuite: Test Cases/GoalStatisticsTC/HME-Goal Statistics Report-07 FAILED because (of) com.kms.katalon.core.webui.exception.WebElementNotFoundException: Web element with id: 'Object Repository/SummarizedReportPage/Summary_avaragereport' located by 'By.xpath: //span[contains(text(),'AVERAGE TIME')]' not found]]></system-out>
      <system-err><![CDATA[2018-05-28 17:43:03 - [TEST_SUITE][FAILED] - RegressionSuite: Test Cases/GoalStatisticsTC/HME-Goal Statistics Report-07 FAILED because (of) com.kms.katalon.core.webui.exception.WebElementNotFoundException: Web element with id: 'Object Repository/SummarizedReportPage/Summary_avaragereport' located by 'By.xpath: //span[contains(text(),'AVERAGE TIME')]' not found]]></system-err>
   </testsuite>
</testsuites>
