<?xml version="1.0" encoding="UTF-8"?>
<testsuites name="RegressionSuite" time="2193" tests="10" failures="4" errors="0">
   <testsuite name="RegressionSuite" tests="10" failures="4" errors="0" time="2193" timestamp="2018-05-21 13:59:17" hostname="shalinin - NIBC2129.nousinfo.com" id="Test Suites/RegressionSuite">
      <properties>
         <property name="deviceName" value=""/>
         <property name="devicePlatform" value=""/>
         <property name="logFolder" value="C:\\Users\\shalinin\\Katalon Studio\\HME_Scripts\\Reports\\RegressionSuite\\20180521_135916"/>
         <property name="logFiles" value="C:\\Users\\shalinin\\Katalon Studio\\HME_Scripts\\Reports\\RegressionSuite\\20180521_135916\\execution0.log"/>
         <property name="attachments" value="C:\\Users\\shalinin\\Katalon Studio\\HME_Scripts\\Reports\\RegressionSuite\\20180521_135916\\1526891480268.png, C:\\Users\\shalinin\\Katalon Studio\\HME_Scripts\\Reports\\RegressionSuite\\20180521_135916\\1526891852488.png, C:\\Users\\shalinin\\Katalon Studio\\HME_Scripts\\Reports\\RegressionSuite\\20180521_135916\\1526892112703.png"/>
         <property name="hostName" value="shalinin - NIBC2129.nousinfo.com"/>
         <property name="os" value="Windows 7 64bit"/>
         <property name="katalonVersion" value="5.3.1.1"/>
         <property name="browser" value="Chrome 66.0.3359.181"/>
         <property name="hostAddress" value="192.168.24.72"/>
         <property name="sessionId" value="32cc20acdf6d8ef7cf880af334cdf963"/>
         <property name="seleniumVersion" value="3.7.1"/>
         <property name="proxyInformation" value="ProxyInformation{proxyOption=NO_PROXY, proxyServerType=HTTP, password=, proxyServerAddress=, proxyServerPort=0}"/>
         <property name="platform" value="Windows 7"/>
      </properties>
      <testcase name="Test Cases/TimeZoneTC/HME-Browser-Timezone-01" classname="Test Cases/TimeZoneTC/HME-Browser-Timezone-01" status="FAILED">
         <failure type="FAILED" message="org.codehaus.groovy.runtime.powerassert.PowerAssertionError: assert TCflag==true
       |     |
       false false"/>
         <system-out><![CDATA[2018-05-21 13:59:18 - [TEST_CASE][FAILED] - Test Cases/TimeZoneTC/HME-Browser-Timezone-01: Test Cases/TimeZoneTC/HME-Browser-Timezone-01 FAILED because (of) org.codehaus.groovy.runtime.powerassert.PowerAssertionError: assert TCflag==true
       |     |
       false false

2018-05-21 13:59:18 - [TEST_STEP][PASSED] - Start listener action : sampleBeforeTestCase: uiaction.CommonUIActions.deleteAllCookies is PASSED

2018-05-21 13:59:18 - [TEST_STEP][PASSED] - openBrowser: Browser is opened with url: ''

2018-05-21 13:59:22 - [MESSAGE][PASSED] - Browser is opened with url: ''

2018-05-21 13:59:22 - [TEST_STEP][PASSED] - maximizeWindow: Current window maximized

2018-05-21 13:59:23 - [MESSAGE][PASSED] - Current window maximized

2018-05-21 13:59:23 - [TEST_STEP][PASSED] - uiaction.CommonUIActions.deleteAllCookies: uiaction.CommonUIActions.deleteAllCookies is PASSED

2018-05-21 13:59:23 - [MESSAGE][PASSED] - Delete all cookies successfully

2018-05-21 13:59:23 - [MESSAGE][PASSED] - uiaction.CommonUIActions.deleteAllCookies is PASSED

2018-05-21 13:59:24 - [TEST_STEP][PASSED] - Statement - TCflag = true: null

2018-05-21 13:59:24 - [TEST_STEP][PASSED] - Statement - Try: uiaction.CommonUIActions.click is PASSED

2018-05-21 13:59:24 - [TEST_STEP][PASSED] - navigateToUrl: Navigate to 'https://hme-dev-public-cloud-app.azurewebsites.net/' successfully

2018-05-21 13:59:27 - [MESSAGE][PASSED] - Navigate to 'https://hme-dev-public-cloud-app.azurewebsites.net/' successfully

2018-05-21 13:59:27 - [TEST_STEP][PASSED] - projectSpecific.Reusability.login: projectSpecific.Reusability.login is PASSED

2018-05-21 13:59:27 - [MESSAGE][PASSED] - projectSpecific.Reusability.getTestData is PASSED

2018-05-21 13:59:27 - [MESSAGE][PASSED] - projectSpecific.Reusability.getTestData is PASSED

2018-05-21 13:59:28 - [MESSAGE][PASSED] - Text 'selvendrank@nousinfo.com' is set on object 'Object Repository/LoginPage/Username'

2018-05-21 13:59:28 - [MESSAGE][PASSED] - Text 'nous;123' is set on object 'Object Repository/LoginPage/Password'

2018-05-21 13:59:28 - [MESSAGE][PASSED] - Object: 'Object Repository/LoginPage/Login' is clicked on

2018-05-21 13:59:28 - [MESSAGE][PASSED] - projectSpecific.Reusability.login is PASSED

2018-05-21 13:59:28 - [TEST_STEP][PASSED] - delay: Delayed 10 second(s)

2018-05-21 13:59:38 - [MESSAGE][PASSED] - Delayed 10 second(s)

2018-05-21 13:59:38 - [TEST_STEP][PASSED] - Statement - welcomeMsg = CustomKeywords.uiaction.CommonUIActions.getText(com.kms.katalon.core.testobject.ObjectRepository.findTestObject(HomePage/welcomeMessage)): uiaction.CommonUIActions.getText is PASSED

2018-05-21 13:59:50 - [MESSAGE][PASSED] - uiaction.CommonUIActions.getText is PASSED

2018-05-21 13:59:50 - [TEST_STEP][PASSED] - Statement - expactedWelcomeMsg = CustomKeywords.projectSpecific.Reusability.getTestData("HomePage", "welcomeMessage"): projectSpecific.Reusability.getTestData is PASSED

2018-05-21 13:59:50 - [MESSAGE][PASSED] - projectSpecific.Reusability.getTestData is PASSED

2018-05-21 13:59:50 - [TEST_STEP][PASSED] - verifyMatch: Actual text 'Welcome to HME CLOUD, Selvendran!' and expected text 'Welcome to HME CLOUD, Selvendran!' are matched 

2018-05-21 13:59:50 - [MESSAGE][PASSED] - Actual text 'Welcome to HME CLOUD, Selvendran!' and expected text 'Welcome to HME CLOUD, Selvendran!' are matched 

2018-05-21 13:59:50 - [TEST_STEP][PASSED] - uiaction.CommonUIActions.click: uiaction.CommonUIActions.click is PASSED

2018-05-21 14:00:02 - [MESSAGE][PASSED] - uiaction.CommonUIActions.click is PASSED

2018-05-21 14:00:02 - [TEST_STEP][PASSED] - uiaction.CommonUIActions.click: uiaction.CommonUIActions.click is PASSED

2018-05-21 14:00:04 - [MESSAGE][PASSED] - uiaction.CommonUIActions.click is PASSED

2018-05-21 14:00:04 - [TEST_STEP][PASSED] - uiaction.CommonUIActions.click: uiaction.CommonUIActions.click is PASSED

2018-05-21 14:00:05 - [MESSAGE][PASSED] - uiaction.CommonUIActions.click is PASSED

2018-05-21 14:00:05 - [TEST_STEP][PASSED] - uiaction.CommonUIActions.click: uiaction.CommonUIActions.click is PASSED

2018-05-21 14:00:10 - [MESSAGE][PASSED] - uiaction.CommonUIActions.click is PASSED

2018-05-21 14:00:10 - [TEST_STEP][PASSED] - Statement - storeID = CustomKeywords.uiaction.CommonUIActions.getText(com.kms.katalon.core.testobject.ObjectRepository.findTestObject(StorePage/storeID)): uiaction.CommonUIActions.getText is PASSED

2018-05-21 14:00:11 - [MESSAGE][PASSED] - uiaction.CommonUIActions.getText is PASSED

2018-05-21 14:00:11 - [TEST_STEP][PASSED] - Statement - storenumber = storeID.trim(): null

2018-05-21 14:00:11 - [TEST_STEP][PASSED] - Statement - println(storenumber): null

2018-05-21 14:00:11 - [TEST_STEP][PASSED] - uiaction.CommonUIActions.click: uiaction.CommonUIActions.click is PASSED

2018-05-21 14:00:12 - [MESSAGE][PASSED] - uiaction.CommonUIActions.click is PASSED

2018-05-21 14:00:12 - [TEST_STEP][PASSED] - delay: Delayed 10 second(s)

2018-05-21 14:00:22 - [MESSAGE][PASSED] - Delayed 10 second(s)

2018-05-21 14:00:22 - [TEST_STEP][PASSED] - Statement - driver = com.kms.katalon.core.webui.driver.DriverFactory.getWebDriver(): null

2018-05-21 14:00:22 - [TEST_STEP][PASSED] - Statement - driver.findElement(org.openqa.selenium.By.xpath("//span[contains(text(),'" + storenumber.trim() + "')]")).click(): null

2018-05-21 14:00:22 - [TEST_STEP][PASSED] - click: Object: 'Object Repository/ReportsPage/timeSelection' is clicked on

2018-05-21 14:00:23 - [MESSAGE][PASSED] - Object: 'Object Repository/ReportsPage/timeSelection' is clicked on

2018-05-21 14:00:23 - [TEST_STEP][PASSED] - click: Object: 'Object Repository/ReportsPage/dayTimeOption' is clicked on

2018-05-21 14:00:23 - [MESSAGE][PASSED] - Object: 'Object Repository/ReportsPage/dayTimeOption' is clicked on

2018-05-21 14:00:23 - [TEST_STEP][PASSED] - click: Object: 'Object Repository/ReportsPage/summaryReportHeading' is clicked on

2018-05-21 14:00:23 - [MESSAGE][PASSED] - Object: 'Object Repository/ReportsPage/summaryReportHeading' is clicked on

2018-05-21 14:00:23 - [TEST_STEP][PASSED] - verifyElementText: Actual text and expected text of test object 'Object Repository/ReportsPage/dayTimeOption' are matched.

2018-05-21 14:00:23 - [MESSAGE][PASSED] - projectSpecific.Reusability.getTestData is PASSED

2018-05-21 14:00:23 - [MESSAGE][PASSED] - Actual text and expected text of test object 'Object Repository/ReportsPage/dayTimeOption' are matched.

2018-05-21 14:00:23 - [TEST_STEP][PASSED] - verifyElementText: Actual text and expected text of test object 'Object Repository/ReportsPage/criteriaTimeMeasureForDay' are matched.

2018-05-21 14:00:23 - [MESSAGE][PASSED] - projectSpecific.Reusability.getTestData is PASSED

2018-05-21 14:00:23 - [MESSAGE][PASSED] - Actual text and expected text of test object 'Object Repository/ReportsPage/criteriaTimeMeasureForDay' are matched.

2018-05-21 14:00:23 - [TEST_STEP][PASSED] - delay: Delayed 5 second(s)

2018-05-21 14:00:28 - [MESSAGE][PASSED] - Delayed 5 second(s)

2018-05-21 14:00:28 - [TEST_STEP][PASSED] - click: Object: 'Object Repository/ReportsPage/fromDateSelector' is clicked on

2018-05-21 14:00:28 - [MESSAGE][PASSED] - Object: 'Object Repository/ReportsPage/fromDateSelector' is clicked on

2018-05-21 14:00:28 - [TEST_STEP][PASSED] - delay: Delayed 5 second(s)

2018-05-21 14:00:33 - [MESSAGE][PASSED] - Delayed 5 second(s)

2018-05-21 14:00:33 - [TEST_STEP][PASSED] - Statement - monthText = com.kms.katalon.core.webui.keyword.WebUiBuiltInKeywords.getText(com.kms.katalon.core.testobject.ObjectRepository.findTestObject(ReportsPage/monthText)): Text of object 'Object Repository/ReportsPage/monthText' is: 'May 2018'

2018-05-21 14:00:33 - [MESSAGE][PASSED] - Text of object 'Object Repository/ReportsPage/monthText' is: 'May 2018'

2018-05-21 14:00:33 - [TEST_STEP][PASSED] - Statement - monthTextArray = monthText.split(" "): null

2018-05-21 14:00:33 - [TEST_STEP][PASSED] - Statement - month = monthTextArray[0]: null

2018-05-21 14:00:33 - [TEST_STEP][PASSED] - Statement - monthTextValue = CustomKeywords.projectSpecific.Reusability.getTestData("ReportsPage", "Month"): projectSpecific.Reusability.getTestData is PASSED

2018-05-21 14:00:33 - [MESSAGE][PASSED] - projectSpecific.Reusability.getTestData is PASSED

2018-05-21 14:00:33 - [TEST_STEP][PASSED] - Statement - If (!(monthTextValue.equals(month))): null

2018-05-21 14:00:33 - [TEST_STEP][PASSED] - Statement - While (!(monthTextValue.equals(month))): null

2018-05-21 14:00:33 - [TEST_STEP][PASSED] - click: Object: 'Object Repository/ReportsPage/previousDateSelector' is clicked on

2018-05-21 14:00:33 - [MESSAGE][PASSED] - Object: 'Object Repository/ReportsPage/previousDateSelector' is clicked on

2018-05-21 14:00:33 - [TEST_STEP][PASSED] - Statement - monthText = com.kms.katalon.core.webui.keyword.WebUiBuiltInKeywords.getText(com.kms.katalon.core.testobject.ObjectRepository.findTestObject(ReportsPage/monthText)): Text of object 'Object Repository/ReportsPage/monthText' is: 'April 2018'

2018-05-21 14:00:33 - [MESSAGE][PASSED] - Text of object 'Object Repository/ReportsPage/monthText' is: 'April 2018'

2018-05-21 14:00:33 - [TEST_STEP][PASSED] - Statement - monthTextArray = monthText.split(" "): null

2018-05-21 14:00:33 - [TEST_STEP][PASSED] - Statement - month = monthTextArray[0]: null

2018-05-21 14:00:33 - [TEST_STEP][PASSED] - click: Object: 'Object Repository/ReportsPage/previousDateSelector' is clicked on

2018-05-21 14:00:33 - [MESSAGE][PASSED] - Object: 'Object Repository/ReportsPage/previousDateSelector' is clicked on

2018-05-21 14:00:33 - [TEST_STEP][PASSED] - Statement - monthText = com.kms.katalon.core.webui.keyword.WebUiBuiltInKeywords.getText(com.kms.katalon.core.testobject.ObjectRepository.findTestObject(ReportsPage/monthText)): Text of object 'Object Repository/ReportsPage/monthText' is: 'March 2018'

2018-05-21 14:00:33 - [MESSAGE][PASSED] - Text of object 'Object Repository/ReportsPage/monthText' is: 'March 2018'

2018-05-21 14:00:33 - [TEST_STEP][PASSED] - Statement - monthTextArray = monthText.split(" "): null

2018-05-21 14:00:33 - [TEST_STEP][PASSED] - Statement - month = monthTextArray[0]: null

2018-05-21 14:00:33 - [TEST_STEP][PASSED] - Statement - data = CustomKeywords.projectSpecific.Reusability.getTestData("ReportsPage", "StartDate_March"): projectSpecific.Reusability.getTestData is PASSED

2018-05-21 14:00:33 - [MESSAGE][PASSED] - projectSpecific.Reusability.getTestData is PASSED

2018-05-21 14:00:33 - [TEST_STEP][PASSED] - Statement - startDate = "(//td[text()='" + data + "'])[1]": null

2018-05-21 14:00:33 - [TEST_STEP][PASSED] - Statement - println(startDate): null

2018-05-21 14:00:33 - [TEST_STEP][PASSED] - Statement - startdateEle = driver.findElement(org.openqa.selenium.By.xpath(startDate)): null

2018-05-21 14:00:33 - [TEST_STEP][PASSED] - Statement - startdateEle.click(): null

2018-05-21 14:00:33 - [TEST_STEP][PASSED] - delay: Delayed 5 second(s)

2018-05-21 14:00:38 - [MESSAGE][PASSED] - Delayed 5 second(s)

2018-05-21 14:00:38 - [TEST_STEP][PASSED] - click: Object: 'Object Repository/ReportsPage/toDateSelector' is clicked on

2018-05-21 14:00:38 - [MESSAGE][PASSED] - Object: 'Object Repository/ReportsPage/toDateSelector' is clicked on

2018-05-21 14:00:38 - [TEST_STEP][PASSED] - Statement - monthText = com.kms.katalon.core.webui.keyword.WebUiBuiltInKeywords.getText(com.kms.katalon.core.testobject.ObjectRepository.findTestObject(ReportsPage/monthText2)): Text of object 'Object Repository/ReportsPage/monthText2' is: 'May 2018'

2018-05-21 14:00:39 - [MESSAGE][PASSED] - Text of object 'Object Repository/ReportsPage/monthText2' is: 'May 2018'

2018-05-21 14:00:39 - [TEST_STEP][PASSED] - Statement - monthTextArray = monthText.split(" "): null

2018-05-21 14:00:39 - [TEST_STEP][PASSED] - Statement - month = monthTextArray[0]: null

2018-05-21 14:00:39 - [TEST_STEP][PASSED] - Statement - monthTextValue1 = CustomKeywords.projectSpecific.Reusability.getTestData("ReportsPage", "Month"): projectSpecific.Reusability.getTestData is PASSED

2018-05-21 14:00:39 - [MESSAGE][PASSED] - projectSpecific.Reusability.getTestData is PASSED

2018-05-21 14:00:39 - [TEST_STEP][PASSED] - Statement - If (!(monthTextValue1.equals(month))): null

2018-05-21 14:00:39 - [TEST_STEP][PASSED] - Statement - While (!(monthTextValue1.equals(month))): null

2018-05-21 14:00:39 - [TEST_STEP][PASSED] - click: Object: 'Object Repository/ReportsPage/previousDateSelector2' is clicked on

2018-05-21 14:00:39 - [MESSAGE][PASSED] - Object: 'Object Repository/ReportsPage/previousDateSelector2' is clicked on

2018-05-21 14:00:39 - [TEST_STEP][PASSED] - Statement - monthText = com.kms.katalon.core.webui.keyword.WebUiBuiltInKeywords.getText(com.kms.katalon.core.testobject.ObjectRepository.findTestObject(ReportsPage/monthText2)): Text of object 'Object Repository/ReportsPage/monthText2' is: 'April 2018'

2018-05-21 14:00:39 - [MESSAGE][PASSED] - Text of object 'Object Repository/ReportsPage/monthText2' is: 'April 2018'

2018-05-21 14:00:39 - [TEST_STEP][PASSED] - Statement - monthTextArray = monthText.split(" "): null

2018-05-21 14:00:39 - [TEST_STEP][PASSED] - Statement - month = monthTextArray[0]: null

2018-05-21 14:00:39 - [TEST_STEP][PASSED] - click: Object: 'Object Repository/ReportsPage/previousDateSelector2' is clicked on

2018-05-21 14:00:39 - [MESSAGE][PASSED] - Object: 'Object Repository/ReportsPage/previousDateSelector2' is clicked on

2018-05-21 14:00:39 - [TEST_STEP][PASSED] - Statement - monthText = com.kms.katalon.core.webui.keyword.WebUiBuiltInKeywords.getText(com.kms.katalon.core.testobject.ObjectRepository.findTestObject(ReportsPage/monthText2)): Text of object 'Object Repository/ReportsPage/monthText2' is: 'March 2018'

2018-05-21 14:00:39 - [MESSAGE][PASSED] - Text of object 'Object Repository/ReportsPage/monthText2' is: 'March 2018'

2018-05-21 14:00:39 - [TEST_STEP][PASSED] - Statement - monthTextArray = monthText.split(" "): null

2018-05-21 14:00:39 - [TEST_STEP][PASSED] - Statement - month = monthTextArray[0]: null

2018-05-21 14:00:39 - [TEST_STEP][PASSED] - Statement - endDate = CustomKeywords.projectSpecific.Reusability.getTestData("ReportsPage", "EndDate_March"): projectSpecific.Reusability.getTestData is PASSED

2018-05-21 14:00:39 - [MESSAGE][PASSED] - projectSpecific.Reusability.getTestData is PASSED

2018-05-21 14:00:39 - [TEST_STEP][PASSED] - Statement - toDate = "(//td[text()='" + endDate + "'])[2]": null

2018-05-21 14:00:39 - [TEST_STEP][PASSED] - Statement - println(toDate): null

2018-05-21 14:00:39 - [TEST_STEP][PASSED] - Statement - toDateEle = driver.findElement(org.openqa.selenium.By.xpath(toDate)): null

2018-05-21 14:00:39 - [TEST_STEP][PASSED] - Statement - toDateEle.click(): null

2018-05-21 14:00:39 - [TEST_STEP][PASSED] - delay: Delayed 5 second(s)

2018-05-21 14:00:44 - [MESSAGE][PASSED] - Delayed 5 second(s)

2018-05-21 14:00:44 - [TEST_STEP][PASSED] - Statement - dateAttr = com.kms.katalon.core.webui.keyword.WebUiBuiltInKeywords.getAttribute(com.kms.katalon.core.testobject.ObjectRepository.findTestObject(ReportsPage/selectedDate1), "value"): Attribute 'value' of object 'Object Repository/ReportsPage/selectedDate1' is: '03/09/2018'

2018-05-21 14:00:44 - [MESSAGE][PASSED] - Attribute 'value' of object 'Object Repository/ReportsPage/selectedDate1' is: '03/09/2018'

2018-05-21 14:00:44 - [TEST_STEP][PASSED] - Statement - fromDateValue = CustomKeywords.projectSpecific.Reusability.getTestData("ReportsPage", "fromDate_March"): projectSpecific.Reusability.getTestData is PASSED

2018-05-21 14:00:44 - [MESSAGE][PASSED] - projectSpecific.Reusability.getTestData is PASSED

2018-05-21 14:00:44 - [TEST_STEP][PASSED] - Statement - If (!(dateAttr.equals(fromDateValue))): null

2018-05-21 14:00:44 - [TEST_STEP][PASSED] - Statement - dateAttr = com.kms.katalon.core.webui.keyword.WebUiBuiltInKeywords.getAttribute(com.kms.katalon.core.testobject.ObjectRepository.findTestObject(ReportsPage/selectedDate2), "value"): Attribute 'value' of object 'Object Repository/ReportsPage/selectedDate2' is: '03/10/2018'

2018-05-21 14:00:44 - [MESSAGE][PASSED] - Attribute 'value' of object 'Object Repository/ReportsPage/selectedDate2' is: '03/10/2018'

2018-05-21 14:00:44 - [TEST_STEP][PASSED] - Statement - toDateValue = CustomKeywords.projectSpecific.Reusability.getTestData("ReportsPage", "toDate_March"): projectSpecific.Reusability.getTestData is PASSED

2018-05-21 14:00:44 - [MESSAGE][PASSED] - projectSpecific.Reusability.getTestData is PASSED

2018-05-21 14:00:44 - [TEST_STEP][PASSED] - Statement - If (!(dateAttr.equals(toDateValue))): null

2018-05-21 14:00:44 - [TEST_STEP][PASSED] - click: Object: 'Object Repository/ReportsPage/generateReport' is clicked on

2018-05-21 14:00:44 - [MESSAGE][PASSED] - Object: 'Object Repository/ReportsPage/generateReport' is clicked on

2018-05-21 14:00:44 - [TEST_STEP][PASSED] - delay: Delayed 15 second(s)

2018-05-21 14:00:59 - [MESSAGE][PASSED] - Delayed 15 second(s)

2018-05-21 14:00:59 - [TEST_STEP][PASSED] - Statement - printTime = CustomKeywords.uiaction.CommonUIActions.getText(com.kms.katalon.core.testobject.ObjectRepository.findTestObject(SummarizedReportPage/printTime)): uiaction.CommonUIActions.getText is PASSED

2018-05-21 14:01:20 - [MESSAGE][PASSED] - uiaction.CommonUIActions.getText is PASSED

2018-05-21 14:01:20 - [TEST_STEP][PASSED] - Statement - cal = java.util.Calendar.getInstance(): null

2018-05-21 14:01:20 - [TEST_STEP][PASSED] - Statement - sdf = new java.text.SimpleDateFormat(hh:mm a): null

2018-05-21 14:01:20 - [TEST_STEP][PASSED] - Statement - currentSystemTime = sdf.format(cal.getTime()): null

2018-05-21 14:01:20 - [TEST_STEP][PASSED] - Statement - out.println(currentSystemTime): null

2018-05-21 14:01:20 - [TEST_STEP][PASSED] - Statement - If (printTime == currentSystemTime): null

2018-05-21 14:01:20 - [TEST_STEP][PASSED] - Statement - Else: Taking screenshot successfully

2018-05-21 14:01:20 - [TEST_STEP][PASSED] - Statement - If (TCflag): null

2018-05-21 14:01:20 - [TEST_STEP][PASSED] - Statement - out.println("Print Time is not displayed the current local time "): null

2018-05-21 14:01:20 - [TEST_STEP][PASSED] - takeScreenshot: Taking screenshot successfully

2018-05-21 14:01:20 - [MESSAGE][PASSED] - Taking screenshot successfully
[[ATTACHMENT|C:\\Users\\shalinin\\Katalon Studio\\HME_Scripts\\Reports\\RegressionSuite\\20180521_135916\\1526891480268.png]]

2018-05-21 14:01:20 - [TEST_STEP][PASSED] - uiaction.CommonUIActions.click: uiaction.CommonUIActions.click is PASSED

2018-05-21 14:01:22 - [MESSAGE][PASSED] - uiaction.CommonUIActions.click is PASSED

2018-05-21 14:01:22 - [TEST_STEP][PASSED] - Statement - assert TCflag == true: null

2018-05-21 14:01:22 - [TEST_STEP][PASSED] - Start listener action : sampleAfterTestCase: Browser is closed

2018-05-21 14:01:22 - [TEST_STEP][PASSED] - Statement - println(testCaseContext.getTestCaseId()): null

2018-05-21 14:01:22 - [TEST_STEP][PASSED] - Statement - println(testCaseContext.getTestCaseStatus()): null

2018-05-21 14:01:22 - [TEST_STEP][PASSED] - closeBrowser: Browser is closed

2018-05-21 14:01:23 - [MESSAGE][PASSED] - Browser is closed]]></system-out>
         <system-err><![CDATA[2018-05-21 13:59:18 - [TEST_CASE][FAILED] - Test Cases/TimeZoneTC/HME-Browser-Timezone-01: Test Cases/TimeZoneTC/HME-Browser-Timezone-01 FAILED because (of) org.codehaus.groovy.runtime.powerassert.PowerAssertionError: assert TCflag==true
       |     |
       false false]]></system-err>
      </testcase>
      <testcase name="Test Cases/TimeZoneTC/HME-Browser-Timezone-02" classname="Test Cases/TimeZoneTC/HME-Browser-Timezone-02" status="PASSED">
         <system-out><![CDATA[2018-05-21 14:01:23 - [TEST_CASE][PASSED] - Test Cases/TimeZoneTC/HME-Browser-Timezone-02: Browser is closed

2018-05-21 14:01:23 - [TEST_STEP][PASSED] - Start listener action : sampleBeforeTestCase: uiaction.CommonUIActions.deleteAllCookies is PASSED

2018-05-21 14:01:23 - [TEST_STEP][PASSED] - openBrowser: Browser is opened with url: ''

2018-05-21 14:01:25 - [MESSAGE][PASSED] - Browser is opened with url: ''

2018-05-21 14:01:25 - [TEST_STEP][PASSED] - maximizeWindow: Current window maximized

2018-05-21 14:01:26 - [MESSAGE][PASSED] - Current window maximized

2018-05-21 14:01:26 - [TEST_STEP][PASSED] - uiaction.CommonUIActions.deleteAllCookies: uiaction.CommonUIActions.deleteAllCookies is PASSED

2018-05-21 14:01:26 - [MESSAGE][PASSED] - Delete all cookies successfully

2018-05-21 14:01:26 - [MESSAGE][PASSED] - uiaction.CommonUIActions.deleteAllCookies is PASSED

2018-05-21 14:01:26 - [TEST_STEP][PASSED] - Statement - TCflag = true: null

2018-05-21 14:01:26 - [TEST_STEP][PASSED] - Statement - Try: uiaction.CommonUIActions.click is PASSED

2018-05-21 14:01:26 - [TEST_STEP][PASSED] - navigateToUrl: Navigate to 'https://hme-dev-public-cloud-app.azurewebsites.net/' successfully

2018-05-21 14:01:29 - [MESSAGE][PASSED] - Navigate to 'https://hme-dev-public-cloud-app.azurewebsites.net/' successfully

2018-05-21 14:01:29 - [TEST_STEP][PASSED] - projectSpecific.Reusability.login: projectSpecific.Reusability.login is PASSED

2018-05-21 14:01:29 - [MESSAGE][PASSED] - projectSpecific.Reusability.getTestData is PASSED

2018-05-21 14:01:29 - [MESSAGE][PASSED] - projectSpecific.Reusability.getTestData is PASSED

2018-05-21 14:01:30 - [MESSAGE][PASSED] - Text 'selvendrank@nousinfo.com' is set on object 'Object Repository/LoginPage/Username'

2018-05-21 14:01:30 - [MESSAGE][PASSED] - Text 'nous;123' is set on object 'Object Repository/LoginPage/Password'

2018-05-21 14:01:30 - [MESSAGE][PASSED] - Object: 'Object Repository/LoginPage/Login' is clicked on

2018-05-21 14:01:30 - [MESSAGE][PASSED] - projectSpecific.Reusability.login is PASSED

2018-05-21 14:01:30 - [TEST_STEP][PASSED] - delay: Delayed 10 second(s)

2018-05-21 14:01:40 - [MESSAGE][PASSED] - Delayed 10 second(s)

2018-05-21 14:01:40 - [TEST_STEP][PASSED] - Statement - welcomeMsg = CustomKeywords.uiaction.CommonUIActions.getText(com.kms.katalon.core.testobject.ObjectRepository.findTestObject(HomePage/welcomeMessage)): uiaction.CommonUIActions.getText is PASSED

2018-05-21 14:01:56 - [MESSAGE][PASSED] - uiaction.CommonUIActions.getText is PASSED

2018-05-21 14:01:56 - [TEST_STEP][PASSED] - Statement - expactedWelcomeMsg = CustomKeywords.projectSpecific.Reusability.getTestData("HomePage", "welcomeMessage"): projectSpecific.Reusability.getTestData is PASSED

2018-05-21 14:01:56 - [MESSAGE][PASSED] - projectSpecific.Reusability.getTestData is PASSED

2018-05-21 14:01:56 - [TEST_STEP][PASSED] - verifyMatch: Actual text 'Welcome to HME CLOUD, Selvendran!' and expected text 'Welcome to HME CLOUD, Selvendran!' are matched 

2018-05-21 14:01:56 - [MESSAGE][PASSED] - Actual text 'Welcome to HME CLOUD, Selvendran!' and expected text 'Welcome to HME CLOUD, Selvendran!' are matched 

2018-05-21 14:01:56 - [TEST_STEP][PASSED] - uiaction.CommonUIActions.click: uiaction.CommonUIActions.click is PASSED

2018-05-21 14:02:09 - [MESSAGE][PASSED] - uiaction.CommonUIActions.click is PASSED

2018-05-21 14:02:09 - [TEST_STEP][PASSED] - uiaction.CommonUIActions.click: uiaction.CommonUIActions.click is PASSED

2018-05-21 14:02:11 - [MESSAGE][PASSED] - uiaction.CommonUIActions.click is PASSED

2018-05-21 14:02:11 - [TEST_STEP][PASSED] - uiaction.CommonUIActions.click: uiaction.CommonUIActions.click is PASSED

2018-05-21 14:02:11 - [MESSAGE][PASSED] - uiaction.CommonUIActions.click is PASSED

2018-05-21 14:02:11 - [TEST_STEP][PASSED] - uiaction.CommonUIActions.click: uiaction.CommonUIActions.click is PASSED

2018-05-21 14:02:17 - [MESSAGE][PASSED] - uiaction.CommonUIActions.click is PASSED

2018-05-21 14:02:17 - [TEST_STEP][PASSED] - Statement - storeID = CustomKeywords.uiaction.CommonUIActions.getText(com.kms.katalon.core.testobject.ObjectRepository.findTestObject(StorePage/storeID)): uiaction.CommonUIActions.getText is PASSED

2018-05-21 14:02:17 - [MESSAGE][PASSED] - uiaction.CommonUIActions.getText is PASSED

2018-05-21 14:02:17 - [TEST_STEP][PASSED] - Statement - storenumber = storeID.trim(): null

2018-05-21 14:02:17 - [TEST_STEP][PASSED] - Statement - println(storenumber): null

2018-05-21 14:02:17 - [TEST_STEP][PASSED] - uiaction.CommonUIActions.click: uiaction.CommonUIActions.click is PASSED

2018-05-21 14:02:19 - [MESSAGE][PASSED] - uiaction.CommonUIActions.click is PASSED

2018-05-21 14:02:19 - [TEST_STEP][PASSED] - delay: Delayed 10 second(s)

2018-05-21 14:02:29 - [MESSAGE][PASSED] - Delayed 10 second(s)

2018-05-21 14:02:29 - [TEST_STEP][PASSED] - Statement - driver = com.kms.katalon.core.webui.driver.DriverFactory.getWebDriver(): null

2018-05-21 14:02:29 - [TEST_STEP][PASSED] - Statement - driver.findElement(org.openqa.selenium.By.xpath("//span[contains(text(),'" + storenumber.trim() + "')]")).click(): null

2018-05-21 14:02:29 - [TEST_STEP][PASSED] - click: Object: 'Object Repository/ReportsPage/timeSelection' is clicked on

2018-05-21 14:02:29 - [MESSAGE][PASSED] - Object: 'Object Repository/ReportsPage/timeSelection' is clicked on

2018-05-21 14:02:29 - [TEST_STEP][PASSED] - click: Object: 'Object Repository/ReportsPage/daypartTimeOption' is clicked on

2018-05-21 14:02:29 - [MESSAGE][PASSED] - Object: 'Object Repository/ReportsPage/daypartTimeOption' is clicked on

2018-05-21 14:02:29 - [TEST_STEP][PASSED] - click: Object: 'Object Repository/ReportsPage/summaryReportHeading' is clicked on

2018-05-21 14:02:29 - [MESSAGE][PASSED] - Object: 'Object Repository/ReportsPage/summaryReportHeading' is clicked on

2018-05-21 14:02:29 - [TEST_STEP][PASSED] - verifyElementText: Actual text and expected text of test object 'Object Repository/ReportsPage/daypartTimeOption' are matched.

2018-05-21 14:02:29 - [MESSAGE][PASSED] - projectSpecific.Reusability.getTestData is PASSED

2018-05-21 14:02:29 - [MESSAGE][PASSED] - Actual text and expected text of test object 'Object Repository/ReportsPage/daypartTimeOption' are matched.

2018-05-21 14:02:29 - [TEST_STEP][PASSED] - verifyElementText: Actual text and expected text of test object 'Object Repository/ReportsPage/criteriaTimeMeasureFordaypart' are matched.

2018-05-21 14:02:29 - [MESSAGE][PASSED] - projectSpecific.Reusability.getTestData is PASSED

2018-05-21 14:02:29 - [MESSAGE][PASSED] - Actual text and expected text of test object 'Object Repository/ReportsPage/criteriaTimeMeasureFordaypart' are matched.

2018-05-21 14:02:29 - [TEST_STEP][PASSED] - delay: Delayed 5 second(s)

2018-05-21 14:02:34 - [MESSAGE][PASSED] - Delayed 5 second(s)

2018-05-21 14:02:34 - [TEST_STEP][PASSED] - click: Object: 'Object Repository/ReportsPage/fromDateSelector' is clicked on

2018-05-21 14:02:35 - [MESSAGE][PASSED] - Object: 'Object Repository/ReportsPage/fromDateSelector' is clicked on

2018-05-21 14:02:35 - [TEST_STEP][PASSED] - delay: Delayed 5 second(s)

2018-05-21 14:02:40 - [MESSAGE][PASSED] - Delayed 5 second(s)

2018-05-21 14:02:40 - [TEST_STEP][PASSED] - Statement - monthText = com.kms.katalon.core.webui.keyword.WebUiBuiltInKeywords.getText(com.kms.katalon.core.testobject.ObjectRepository.findTestObject(ReportsPage/monthText)): Text of object 'Object Repository/ReportsPage/monthText' is: 'May 2018'

2018-05-21 14:02:40 - [MESSAGE][PASSED] - Text of object 'Object Repository/ReportsPage/monthText' is: 'May 2018'

2018-05-21 14:02:40 - [TEST_STEP][PASSED] - Statement - monthTextArray = monthText.split(" "): null

2018-05-21 14:02:40 - [TEST_STEP][PASSED] - Statement - month = monthTextArray[0]: null

2018-05-21 14:02:40 - [TEST_STEP][PASSED] - Statement - monthTextValue = CustomKeywords.projectSpecific.Reusability.getTestData("ReportsPage", "Month"): projectSpecific.Reusability.getTestData is PASSED

2018-05-21 14:02:40 - [MESSAGE][PASSED] - projectSpecific.Reusability.getTestData is PASSED

2018-05-21 14:02:40 - [TEST_STEP][PASSED] - Statement - If (!(monthTextValue.equals(month))): null

2018-05-21 14:02:40 - [TEST_STEP][PASSED] - Statement - While (!(monthTextValue.equals(month))): null

2018-05-21 14:02:40 - [TEST_STEP][PASSED] - click: Object: 'Object Repository/ReportsPage/previousDateSelector' is clicked on

2018-05-21 14:02:40 - [MESSAGE][PASSED] - Object: 'Object Repository/ReportsPage/previousDateSelector' is clicked on

2018-05-21 14:02:40 - [TEST_STEP][PASSED] - Statement - monthText = com.kms.katalon.core.webui.keyword.WebUiBuiltInKeywords.getText(com.kms.katalon.core.testobject.ObjectRepository.findTestObject(ReportsPage/monthText)): Text of object 'Object Repository/ReportsPage/monthText' is: 'April 2018'

2018-05-21 14:02:40 - [MESSAGE][PASSED] - Text of object 'Object Repository/ReportsPage/monthText' is: 'April 2018'

2018-05-21 14:02:40 - [TEST_STEP][PASSED] - Statement - monthTextArray = monthText.split(" "): null

2018-05-21 14:02:40 - [TEST_STEP][PASSED] - Statement - month = monthTextArray[0]: null

2018-05-21 14:02:40 - [TEST_STEP][PASSED] - click: Object: 'Object Repository/ReportsPage/previousDateSelector' is clicked on

2018-05-21 14:02:40 - [MESSAGE][PASSED] - Object: 'Object Repository/ReportsPage/previousDateSelector' is clicked on

2018-05-21 14:02:40 - [TEST_STEP][PASSED] - Statement - monthText = com.kms.katalon.core.webui.keyword.WebUiBuiltInKeywords.getText(com.kms.katalon.core.testobject.ObjectRepository.findTestObject(ReportsPage/monthText)): Text of object 'Object Repository/ReportsPage/monthText' is: 'March 2018'

2018-05-21 14:02:40 - [MESSAGE][PASSED] - Text of object 'Object Repository/ReportsPage/monthText' is: 'March 2018'

2018-05-21 14:02:40 - [TEST_STEP][PASSED] - Statement - monthTextArray = monthText.split(" "): null

2018-05-21 14:02:40 - [TEST_STEP][PASSED] - Statement - month = monthTextArray[0]: null

2018-05-21 14:02:40 - [TEST_STEP][PASSED] - Statement - data = CustomKeywords.projectSpecific.Reusability.getTestData("ReportsPage", "StartDate_March1"): projectSpecific.Reusability.getTestData is PASSED

2018-05-21 14:02:40 - [MESSAGE][PASSED] - projectSpecific.Reusability.getTestData is PASSED

2018-05-21 14:02:40 - [TEST_STEP][PASSED] - Statement - startDate = "(//td[text()='" + data + "'])[1]": null

2018-05-21 14:02:40 - [TEST_STEP][PASSED] - Statement - println(startDate): null

2018-05-21 14:02:40 - [TEST_STEP][PASSED] - Statement - startdateEle = driver.findElement(org.openqa.selenium.By.xpath(startDate)): null

2018-05-21 14:02:40 - [TEST_STEP][PASSED] - Statement - startdateEle.click(): null

2018-05-21 14:02:40 - [TEST_STEP][PASSED] - delay: Delayed 5 second(s)

2018-05-21 14:02:45 - [MESSAGE][PASSED] - Delayed 5 second(s)

2018-05-21 14:02:45 - [TEST_STEP][PASSED] - click: Object: 'Object Repository/ReportsPage/toDateSelector' is clicked on

2018-05-21 14:02:45 - [MESSAGE][PASSED] - Object: 'Object Repository/ReportsPage/toDateSelector' is clicked on

2018-05-21 14:02:45 - [TEST_STEP][PASSED] - Statement - monthText = com.kms.katalon.core.webui.keyword.WebUiBuiltInKeywords.getText(com.kms.katalon.core.testobject.ObjectRepository.findTestObject(ReportsPage/monthText2)): Text of object 'Object Repository/ReportsPage/monthText2' is: 'May 2018'

2018-05-21 14:02:45 - [MESSAGE][PASSED] - Text of object 'Object Repository/ReportsPage/monthText2' is: 'May 2018'

2018-05-21 14:02:45 - [TEST_STEP][PASSED] - Statement - monthTextArray = monthText.split(" "): null

2018-05-21 14:02:45 - [TEST_STEP][PASSED] - Statement - month = monthTextArray[0]: null

2018-05-21 14:02:45 - [TEST_STEP][PASSED] - Statement - monthTextValue1 = CustomKeywords.projectSpecific.Reusability.getTestData("ReportsPage", "Month"): projectSpecific.Reusability.getTestData is PASSED

2018-05-21 14:02:45 - [MESSAGE][PASSED] - projectSpecific.Reusability.getTestData is PASSED

2018-05-21 14:02:45 - [TEST_STEP][PASSED] - Statement - If (!(monthTextValue1.equals(month))): null

2018-05-21 14:02:45 - [TEST_STEP][PASSED] - Statement - While (!(monthTextValue1.equals(month))): null

2018-05-21 14:02:45 - [TEST_STEP][PASSED] - click: Object: 'Object Repository/ReportsPage/previousDateSelector2' is clicked on

2018-05-21 14:02:45 - [MESSAGE][PASSED] - Object: 'Object Repository/ReportsPage/previousDateSelector2' is clicked on

2018-05-21 14:02:45 - [TEST_STEP][PASSED] - Statement - monthText = com.kms.katalon.core.webui.keyword.WebUiBuiltInKeywords.getText(com.kms.katalon.core.testobject.ObjectRepository.findTestObject(ReportsPage/monthText2)): Text of object 'Object Repository/ReportsPage/monthText2' is: 'April 2018'

2018-05-21 14:02:45 - [MESSAGE][PASSED] - Text of object 'Object Repository/ReportsPage/monthText2' is: 'April 2018'

2018-05-21 14:02:45 - [TEST_STEP][PASSED] - Statement - monthTextArray = monthText.split(" "): null

2018-05-21 14:02:45 - [TEST_STEP][PASSED] - Statement - month = monthTextArray[0]: null

2018-05-21 14:02:45 - [TEST_STEP][PASSED] - click: Object: 'Object Repository/ReportsPage/previousDateSelector2' is clicked on

2018-05-21 14:02:45 - [MESSAGE][PASSED] - Object: 'Object Repository/ReportsPage/previousDateSelector2' is clicked on

2018-05-21 14:02:45 - [TEST_STEP][PASSED] - Statement - monthText = com.kms.katalon.core.webui.keyword.WebUiBuiltInKeywords.getText(com.kms.katalon.core.testobject.ObjectRepository.findTestObject(ReportsPage/monthText2)): Text of object 'Object Repository/ReportsPage/monthText2' is: 'March 2018'

2018-05-21 14:02:45 - [MESSAGE][PASSED] - Text of object 'Object Repository/ReportsPage/monthText2' is: 'March 2018'

2018-05-21 14:02:45 - [TEST_STEP][PASSED] - Statement - monthTextArray = monthText.split(" "): null

2018-05-21 14:02:45 - [TEST_STEP][PASSED] - Statement - month = monthTextArray[0]: null

2018-05-21 14:02:45 - [TEST_STEP][PASSED] - Statement - endDate = CustomKeywords.projectSpecific.Reusability.getTestData("ReportsPage", "EndDate_March1"): projectSpecific.Reusability.getTestData is PASSED

2018-05-21 14:02:45 - [MESSAGE][PASSED] - projectSpecific.Reusability.getTestData is PASSED

2018-05-21 14:02:45 - [TEST_STEP][PASSED] - Statement - toDate = "(//td[text()='" + endDate + "'])[2]": null

2018-05-21 14:02:45 - [TEST_STEP][PASSED] - Statement - println(toDate): null

2018-05-21 14:02:45 - [TEST_STEP][PASSED] - Statement - toDateEle = driver.findElement(org.openqa.selenium.By.xpath(toDate)): null

2018-05-21 14:02:45 - [TEST_STEP][PASSED] - Statement - toDateEle.click(): null

2018-05-21 14:02:45 - [TEST_STEP][PASSED] - delay: Delayed 5 second(s)

2018-05-21 14:02:50 - [MESSAGE][PASSED] - Delayed 5 second(s)

2018-05-21 14:02:50 - [TEST_STEP][PASSED] - Statement - dateAttr = com.kms.katalon.core.webui.keyword.WebUiBuiltInKeywords.getAttribute(com.kms.katalon.core.testobject.ObjectRepository.findTestObject(ReportsPage/selectedDate1), "value"): Attribute 'value' of object 'Object Repository/ReportsPage/selectedDate1' is: '03/12/2018'

2018-05-21 14:02:50 - [MESSAGE][PASSED] - Attribute 'value' of object 'Object Repository/ReportsPage/selectedDate1' is: '03/12/2018'

2018-05-21 14:02:50 - [TEST_STEP][PASSED] - Statement - fromDateValue = CustomKeywords.projectSpecific.Reusability.getTestData("ReportsPage", "fromDate_March1"): projectSpecific.Reusability.getTestData is PASSED

2018-05-21 14:02:50 - [MESSAGE][PASSED] - projectSpecific.Reusability.getTestData is PASSED

2018-05-21 14:02:50 - [TEST_STEP][PASSED] - Statement - If (!(dateAttr.equals(fromDateValue))): null

2018-05-21 14:02:50 - [TEST_STEP][PASSED] - Statement - dateAttr = com.kms.katalon.core.webui.keyword.WebUiBuiltInKeywords.getAttribute(com.kms.katalon.core.testobject.ObjectRepository.findTestObject(ReportsPage/selectedDate2), "value"): Attribute 'value' of object 'Object Repository/ReportsPage/selectedDate2' is: '03/13/2018'

2018-05-21 14:02:50 - [MESSAGE][PASSED] - Attribute 'value' of object 'Object Repository/ReportsPage/selectedDate2' is: '03/13/2018'

2018-05-21 14:02:50 - [TEST_STEP][PASSED] - Statement - toDateValue = CustomKeywords.projectSpecific.Reusability.getTestData("ReportsPage", "toDate_March1"): projectSpecific.Reusability.getTestData is PASSED

2018-05-21 14:02:50 - [MESSAGE][PASSED] - projectSpecific.Reusability.getTestData is PASSED

2018-05-21 14:02:50 - [TEST_STEP][PASSED] - Statement - If (!(dateAttr.equals(toDateValue))): null

2018-05-21 14:02:50 - [TEST_STEP][PASSED] - click: Object: 'Object Repository/ReportsPage/generateReport' is clicked on

2018-05-21 14:02:51 - [MESSAGE][PASSED] - Object: 'Object Repository/ReportsPage/generateReport' is clicked on

2018-05-21 14:02:51 - [TEST_STEP][PASSED] - delay: Delayed 5 second(s)

2018-05-21 14:02:56 - [MESSAGE][PASSED] - Delayed 5 second(s)

2018-05-21 14:02:56 - [TEST_STEP][PASSED] - Statement - printTime = CustomKeywords.uiaction.CommonUIActions.getText(com.kms.katalon.core.testobject.ObjectRepository.findTestObject(SummarizedReportPage/printTime)): uiaction.CommonUIActions.getText is PASSED

2018-05-21 14:02:56 - [MESSAGE][PASSED] - uiaction.CommonUIActions.getText is PASSED

2018-05-21 14:02:56 - [TEST_STEP][PASSED] - Statement - cal = java.util.Calendar.getInstance(): null

2018-05-21 14:02:56 - [TEST_STEP][PASSED] - Statement - sdf = new java.text.SimpleDateFormat(hh:mm a): null

2018-05-21 14:02:56 - [TEST_STEP][PASSED] - Statement - currentSystemTime = sdf.format(cal.getTime()): null

2018-05-21 14:02:56 - [TEST_STEP][PASSED] - Statement - out.println(currentSystemTime): null

2018-05-21 14:02:56 - [TEST_STEP][PASSED] - Statement - If (printTime == currentSystemTime): null

2018-05-21 14:02:56 - [TEST_STEP][PASSED] - Statement - out.println("Print Time is displayed the current local time "): null

2018-05-21 14:02:56 - [TEST_STEP][PASSED] - uiaction.CommonUIActions.click: uiaction.CommonUIActions.click is PASSED

2018-05-21 14:02:57 - [MESSAGE][PASSED] - uiaction.CommonUIActions.click is PASSED

2018-05-21 14:02:57 - [TEST_STEP][PASSED] - Statement - assert TCflag == true: null

2018-05-21 14:02:57 - [TEST_STEP][PASSED] - Start listener action : sampleAfterTestCase: Browser is closed

2018-05-21 14:02:57 - [TEST_STEP][PASSED] - Statement - println(testCaseContext.getTestCaseId()): null

2018-05-21 14:02:57 - [TEST_STEP][PASSED] - Statement - println(testCaseContext.getTestCaseStatus()): null

2018-05-21 14:02:57 - [TEST_STEP][PASSED] - closeBrowser: Browser is closed

2018-05-21 14:02:57 - [MESSAGE][PASSED] - Browser is closed]]></system-out>
         <system-err><![CDATA[]]></system-err>
      </testcase>
      <testcase name="Test Cases/TimeZoneTC/HME-Browser-Timezone-03" classname="Test Cases/TimeZoneTC/HME-Browser-Timezone-03" status="PASSED">
         <system-out><![CDATA[2018-05-21 14:02:57 - [TEST_CASE][PASSED] - Test Cases/TimeZoneTC/HME-Browser-Timezone-03: Browser is closed

2018-05-21 14:02:57 - [TEST_STEP][PASSED] - Start listener action : sampleBeforeTestCase: uiaction.CommonUIActions.deleteAllCookies is PASSED

2018-05-21 14:02:57 - [TEST_STEP][PASSED] - openBrowser: Browser is opened with url: ''

2018-05-21 14:03:00 - [MESSAGE][PASSED] - Browser is opened with url: ''

2018-05-21 14:03:00 - [TEST_STEP][PASSED] - maximizeWindow: Current window maximized

2018-05-21 14:03:01 - [MESSAGE][PASSED] - Current window maximized

2018-05-21 14:03:01 - [TEST_STEP][PASSED] - uiaction.CommonUIActions.deleteAllCookies: uiaction.CommonUIActions.deleteAllCookies is PASSED

2018-05-21 14:03:01 - [MESSAGE][PASSED] - Delete all cookies successfully

2018-05-21 14:03:01 - [MESSAGE][PASSED] - uiaction.CommonUIActions.deleteAllCookies is PASSED

2018-05-21 14:03:01 - [TEST_STEP][PASSED] - Statement - TCflag = true: null

2018-05-21 14:03:01 - [TEST_STEP][PASSED] - Statement - Try: uiaction.CommonUIActions.click is PASSED

2018-05-21 14:03:01 - [TEST_STEP][PASSED] - navigateToUrl: Navigate to 'https://hme-dev-public-cloud-app.azurewebsites.net/' successfully

2018-05-21 14:03:04 - [MESSAGE][PASSED] - Navigate to 'https://hme-dev-public-cloud-app.azurewebsites.net/' successfully

2018-05-21 14:03:04 - [TEST_STEP][PASSED] - projectSpecific.Reusability.login: projectSpecific.Reusability.login is PASSED

2018-05-21 14:03:04 - [MESSAGE][PASSED] - projectSpecific.Reusability.getTestData is PASSED

2018-05-21 14:03:04 - [MESSAGE][PASSED] - projectSpecific.Reusability.getTestData is PASSED

2018-05-21 14:03:04 - [MESSAGE][PASSED] - Text 'selvendrank@nousinfo.com' is set on object 'Object Repository/LoginPage/Username'

2018-05-21 14:03:04 - [MESSAGE][PASSED] - Text 'nous;123' is set on object 'Object Repository/LoginPage/Password'

2018-05-21 14:03:04 - [MESSAGE][PASSED] - Object: 'Object Repository/LoginPage/Login' is clicked on

2018-05-21 14:03:04 - [MESSAGE][PASSED] - projectSpecific.Reusability.login is PASSED

2018-05-21 14:03:04 - [TEST_STEP][PASSED] - delay: Delayed 10 second(s)

2018-05-21 14:03:14 - [MESSAGE][PASSED] - Delayed 10 second(s)

2018-05-21 14:03:14 - [TEST_STEP][PASSED] - Statement - welcomeMsg = CustomKeywords.uiaction.CommonUIActions.getText(com.kms.katalon.core.testobject.ObjectRepository.findTestObject(HomePage/welcomeMessage)): uiaction.CommonUIActions.getText is PASSED

2018-05-21 14:03:26 - [MESSAGE][PASSED] - uiaction.CommonUIActions.getText is PASSED

2018-05-21 14:03:26 - [TEST_STEP][PASSED] - Statement - expactedWelcomeMsg = CustomKeywords.projectSpecific.Reusability.getTestData("HomePage", "welcomeMessage"): projectSpecific.Reusability.getTestData is PASSED

2018-05-21 14:03:26 - [MESSAGE][PASSED] - projectSpecific.Reusability.getTestData is PASSED

2018-05-21 14:03:26 - [TEST_STEP][PASSED] - verifyMatch: Actual text 'Welcome to HME CLOUD, Selvendran!' and expected text 'Welcome to HME CLOUD, Selvendran!' are matched 

2018-05-21 14:03:26 - [MESSAGE][PASSED] - Actual text 'Welcome to HME CLOUD, Selvendran!' and expected text 'Welcome to HME CLOUD, Selvendran!' are matched 

2018-05-21 14:03:26 - [TEST_STEP][PASSED] - uiaction.CommonUIActions.click: uiaction.CommonUIActions.click is PASSED

2018-05-21 14:03:39 - [MESSAGE][PASSED] - uiaction.CommonUIActions.click is PASSED

2018-05-21 14:03:39 - [TEST_STEP][PASSED] - uiaction.CommonUIActions.click: uiaction.CommonUIActions.click is PASSED

2018-05-21 14:03:41 - [MESSAGE][PASSED] - uiaction.CommonUIActions.click is PASSED

2018-05-21 14:03:41 - [TEST_STEP][PASSED] - uiaction.CommonUIActions.click: uiaction.CommonUIActions.click is PASSED

2018-05-21 14:03:41 - [MESSAGE][PASSED] - uiaction.CommonUIActions.click is PASSED

2018-05-21 14:03:41 - [TEST_STEP][PASSED] - uiaction.CommonUIActions.click: uiaction.CommonUIActions.click is PASSED

2018-05-21 14:03:47 - [MESSAGE][PASSED] - uiaction.CommonUIActions.click is PASSED

2018-05-21 14:03:47 - [TEST_STEP][PASSED] - Statement - storeID = CustomKeywords.uiaction.CommonUIActions.getText(com.kms.katalon.core.testobject.ObjectRepository.findTestObject(StorePage/storeID)): uiaction.CommonUIActions.getText is PASSED

2018-05-21 14:03:47 - [MESSAGE][PASSED] - uiaction.CommonUIActions.getText is PASSED

2018-05-21 14:03:47 - [TEST_STEP][PASSED] - Statement - storenumber = storeID.trim(): null

2018-05-21 14:03:47 - [TEST_STEP][PASSED] - Statement - println(storenumber): null

2018-05-21 14:03:47 - [TEST_STEP][PASSED] - uiaction.CommonUIActions.click: uiaction.CommonUIActions.click is PASSED

2018-05-21 14:03:49 - [MESSAGE][PASSED] - uiaction.CommonUIActions.click is PASSED

2018-05-21 14:03:49 - [TEST_STEP][PASSED] - delay: Delayed 10 second(s)

2018-05-21 14:03:59 - [MESSAGE][PASSED] - Delayed 10 second(s)

2018-05-21 14:03:59 - [TEST_STEP][PASSED] - Statement - driver = com.kms.katalon.core.webui.driver.DriverFactory.getWebDriver(): null

2018-05-21 14:03:59 - [TEST_STEP][PASSED] - Statement - driver.findElement(org.openqa.selenium.By.xpath("//span[contains(text(),'" + storenumber.trim() + "')]")).click(): null

2018-05-21 14:03:59 - [TEST_STEP][PASSED] - click: Object: 'Object Repository/ReportsPage/timeSelection' is clicked on

2018-05-21 14:03:59 - [MESSAGE][PASSED] - Object: 'Object Repository/ReportsPage/timeSelection' is clicked on

2018-05-21 14:03:59 - [TEST_STEP][PASSED] - click: Object: 'Object Repository/ReportsPage/weekTimeOption' is clicked on

2018-05-21 14:03:59 - [MESSAGE][PASSED] - Object: 'Object Repository/ReportsPage/weekTimeOption' is clicked on

2018-05-21 14:03:59 - [TEST_STEP][PASSED] - click: Object: 'Object Repository/ReportsPage/summaryReportHeading' is clicked on

2018-05-21 14:03:59 - [MESSAGE][PASSED] - Object: 'Object Repository/ReportsPage/summaryReportHeading' is clicked on

2018-05-21 14:03:59 - [TEST_STEP][PASSED] - verifyElementText: Actual text and expected text of test object 'Object Repository/ReportsPage/weekTimeOption' are matched.

2018-05-21 14:03:59 - [MESSAGE][PASSED] - projectSpecific.Reusability.getTestData is PASSED

2018-05-21 14:03:59 - [MESSAGE][PASSED] - Actual text and expected text of test object 'Object Repository/ReportsPage/weekTimeOption' are matched.

2018-05-21 14:03:59 - [TEST_STEP][PASSED] - verifyElementText: Actual text and expected text of test object 'Object Repository/ReportsPage/criteriaTimeMeasure' are matched.

2018-05-21 14:03:59 - [MESSAGE][PASSED] - projectSpecific.Reusability.getTestData is PASSED

2018-05-21 14:03:59 - [MESSAGE][PASSED] - Actual text and expected text of test object 'Object Repository/ReportsPage/criteriaTimeMeasure' are matched.

2018-05-21 14:03:59 - [TEST_STEP][PASSED] - delay: Delayed 5 second(s)

2018-05-21 14:04:04 - [MESSAGE][PASSED] - Delayed 5 second(s)

2018-05-21 14:04:04 - [TEST_STEP][PASSED] - click: Object: 'Object Repository/ReportsPage/fromDateSelector' is clicked on

2018-05-21 14:04:04 - [MESSAGE][PASSED] - Object: 'Object Repository/ReportsPage/fromDateSelector' is clicked on

2018-05-21 14:04:04 - [TEST_STEP][PASSED] - delay: Delayed 5 second(s)

2018-05-21 14:04:09 - [MESSAGE][PASSED] - Delayed 5 second(s)

2018-05-21 14:04:09 - [TEST_STEP][PASSED] - Statement - monthText = com.kms.katalon.core.webui.keyword.WebUiBuiltInKeywords.getText(com.kms.katalon.core.testobject.ObjectRepository.findTestObject(ReportsPage/monthText)): Text of object 'Object Repository/ReportsPage/monthText' is: 'May 2018'

2018-05-21 14:04:09 - [MESSAGE][PASSED] - Text of object 'Object Repository/ReportsPage/monthText' is: 'May 2018'

2018-05-21 14:04:09 - [TEST_STEP][PASSED] - Statement - monthTextArray = monthText.split(" "): null

2018-05-21 14:04:09 - [TEST_STEP][PASSED] - Statement - month = monthTextArray[0]: null

2018-05-21 14:04:09 - [TEST_STEP][PASSED] - Statement - monthTextValue = CustomKeywords.projectSpecific.Reusability.getTestData("ReportsPage", "Month"): projectSpecific.Reusability.getTestData is PASSED

2018-05-21 14:04:09 - [MESSAGE][PASSED] - projectSpecific.Reusability.getTestData is PASSED

2018-05-21 14:04:09 - [TEST_STEP][PASSED] - Statement - If (!(monthTextValue.equals(month))): null

2018-05-21 14:04:09 - [TEST_STEP][PASSED] - Statement - While (!(monthTextValue.equals(month))): null

2018-05-21 14:04:09 - [TEST_STEP][PASSED] - click: Object: 'Object Repository/ReportsPage/previousDateSelector' is clicked on

2018-05-21 14:04:09 - [MESSAGE][PASSED] - Object: 'Object Repository/ReportsPage/previousDateSelector' is clicked on

2018-05-21 14:04:09 - [TEST_STEP][PASSED] - Statement - monthText = com.kms.katalon.core.webui.keyword.WebUiBuiltInKeywords.getText(com.kms.katalon.core.testobject.ObjectRepository.findTestObject(ReportsPage/monthText)): Text of object 'Object Repository/ReportsPage/monthText' is: 'April 2018'

2018-05-21 14:04:09 - [MESSAGE][PASSED] - Text of object 'Object Repository/ReportsPage/monthText' is: 'April 2018'

2018-05-21 14:04:09 - [TEST_STEP][PASSED] - Statement - monthTextArray = monthText.split(" "): null

2018-05-21 14:04:09 - [TEST_STEP][PASSED] - Statement - month = monthTextArray[0]: null

2018-05-21 14:04:09 - [TEST_STEP][PASSED] - click: Object: 'Object Repository/ReportsPage/previousDateSelector' is clicked on

2018-05-21 14:04:10 - [MESSAGE][PASSED] - Object: 'Object Repository/ReportsPage/previousDateSelector' is clicked on

2018-05-21 14:04:10 - [TEST_STEP][PASSED] - Statement - monthText = com.kms.katalon.core.webui.keyword.WebUiBuiltInKeywords.getText(com.kms.katalon.core.testobject.ObjectRepository.findTestObject(ReportsPage/monthText)): Text of object 'Object Repository/ReportsPage/monthText' is: 'March 2018'

2018-05-21 14:04:10 - [MESSAGE][PASSED] - Text of object 'Object Repository/ReportsPage/monthText' is: 'March 2018'

2018-05-21 14:04:10 - [TEST_STEP][PASSED] - Statement - monthTextArray = monthText.split(" "): null

2018-05-21 14:04:10 - [TEST_STEP][PASSED] - Statement - month = monthTextArray[0]: null

2018-05-21 14:04:10 - [TEST_STEP][PASSED] - Statement - data = CustomKeywords.projectSpecific.Reusability.getTestData("ReportsPage", "StartDate_March2"): projectSpecific.Reusability.getTestData is PASSED

2018-05-21 14:04:10 - [MESSAGE][PASSED] - projectSpecific.Reusability.getTestData is PASSED

2018-05-21 14:04:10 - [TEST_STEP][PASSED] - Statement - startDate = "(//td[text()='" + data + "'])[1]": null

2018-05-21 14:04:10 - [TEST_STEP][PASSED] - Statement - println(startDate): null

2018-05-21 14:04:10 - [TEST_STEP][PASSED] - Statement - startdateEle = driver.findElement(org.openqa.selenium.By.xpath(startDate)): null

2018-05-21 14:04:10 - [TEST_STEP][PASSED] - Statement - startdateEle.click(): null

2018-05-21 14:04:10 - [TEST_STEP][PASSED] - delay: Delayed 5 second(s)

2018-05-21 14:04:15 - [MESSAGE][PASSED] - Delayed 5 second(s)

2018-05-21 14:04:15 - [TEST_STEP][PASSED] - click: Object: 'Object Repository/ReportsPage/toDateSelector' is clicked on

2018-05-21 14:04:15 - [MESSAGE][PASSED] - Object: 'Object Repository/ReportsPage/toDateSelector' is clicked on

2018-05-21 14:04:15 - [TEST_STEP][PASSED] - Statement - monthText = com.kms.katalon.core.webui.keyword.WebUiBuiltInKeywords.getText(com.kms.katalon.core.testobject.ObjectRepository.findTestObject(ReportsPage/monthText2)): Text of object 'Object Repository/ReportsPage/monthText2' is: 'May 2018'

2018-05-21 14:04:15 - [MESSAGE][PASSED] - Text of object 'Object Repository/ReportsPage/monthText2' is: 'May 2018'

2018-05-21 14:04:15 - [TEST_STEP][PASSED] - Statement - monthTextArray = monthText.split(" "): null

2018-05-21 14:04:15 - [TEST_STEP][PASSED] - Statement - month = monthTextArray[0]: null

2018-05-21 14:04:15 - [TEST_STEP][PASSED] - Statement - monthTextValue1 = CustomKeywords.projectSpecific.Reusability.getTestData("ReportsPage", "Month"): projectSpecific.Reusability.getTestData is PASSED

2018-05-21 14:04:15 - [MESSAGE][PASSED] - projectSpecific.Reusability.getTestData is PASSED

2018-05-21 14:04:15 - [TEST_STEP][PASSED] - Statement - If (!(monthTextValue1.equals(month))): null

2018-05-21 14:04:15 - [TEST_STEP][PASSED] - Statement - While (!(monthTextValue1.equals(month))): null

2018-05-21 14:04:15 - [TEST_STEP][PASSED] - click: Object: 'Object Repository/ReportsPage/previousDateSelector2' is clicked on

2018-05-21 14:04:15 - [MESSAGE][PASSED] - Object: 'Object Repository/ReportsPage/previousDateSelector2' is clicked on

2018-05-21 14:04:15 - [TEST_STEP][PASSED] - Statement - monthText = com.kms.katalon.core.webui.keyword.WebUiBuiltInKeywords.getText(com.kms.katalon.core.testobject.ObjectRepository.findTestObject(ReportsPage/monthText2)): Text of object 'Object Repository/ReportsPage/monthText2' is: 'April 2018'

2018-05-21 14:04:15 - [MESSAGE][PASSED] - Text of object 'Object Repository/ReportsPage/monthText2' is: 'April 2018'

2018-05-21 14:04:15 - [TEST_STEP][PASSED] - Statement - monthTextArray = monthText.split(" "): null

2018-05-21 14:04:15 - [TEST_STEP][PASSED] - Statement - month = monthTextArray[0]: null

2018-05-21 14:04:15 - [TEST_STEP][PASSED] - click: Object: 'Object Repository/ReportsPage/previousDateSelector2' is clicked on

2018-05-21 14:04:15 - [MESSAGE][PASSED] - Object: 'Object Repository/ReportsPage/previousDateSelector2' is clicked on

2018-05-21 14:04:15 - [TEST_STEP][PASSED] - Statement - monthText = com.kms.katalon.core.webui.keyword.WebUiBuiltInKeywords.getText(com.kms.katalon.core.testobject.ObjectRepository.findTestObject(ReportsPage/monthText2)): Text of object 'Object Repository/ReportsPage/monthText2' is: 'March 2018'

2018-05-21 14:04:15 - [MESSAGE][PASSED] - Text of object 'Object Repository/ReportsPage/monthText2' is: 'March 2018'

2018-05-21 14:04:15 - [TEST_STEP][PASSED] - Statement - monthTextArray = monthText.split(" "): null

2018-05-21 14:04:15 - [TEST_STEP][PASSED] - Statement - month = monthTextArray[0]: null

2018-05-21 14:04:15 - [TEST_STEP][PASSED] - Statement - endDate = CustomKeywords.projectSpecific.Reusability.getTestData("ReportsPage", "EndDate_March2"): projectSpecific.Reusability.getTestData is PASSED

2018-05-21 14:04:15 - [MESSAGE][PASSED] - projectSpecific.Reusability.getTestData is PASSED

2018-05-21 14:04:15 - [TEST_STEP][PASSED] - Statement - toDate = "(//td[text()='" + endDate + "'])[2]": null

2018-05-21 14:04:15 - [TEST_STEP][PASSED] - Statement - println(toDate): null

2018-05-21 14:04:15 - [TEST_STEP][PASSED] - Statement - toDateEle = driver.findElement(org.openqa.selenium.By.xpath(toDate)): null

2018-05-21 14:04:15 - [TEST_STEP][PASSED] - Statement - toDateEle.click(): null

2018-05-21 14:04:15 - [TEST_STEP][PASSED] - delay: Delayed 5 second(s)

2018-05-21 14:04:20 - [MESSAGE][PASSED] - Delayed 5 second(s)

2018-05-21 14:04:20 - [TEST_STEP][PASSED] - Statement - dateAttr = com.kms.katalon.core.webui.keyword.WebUiBuiltInKeywords.getAttribute(com.kms.katalon.core.testobject.ObjectRepository.findTestObject(ReportsPage/selectedDate1), "value"): Attribute 'value' of object 'Object Repository/ReportsPage/selectedDate1' is: '03/13/2018'

2018-05-21 14:04:20 - [MESSAGE][PASSED] - Attribute 'value' of object 'Object Repository/ReportsPage/selectedDate1' is: '03/13/2018'

2018-05-21 14:04:20 - [TEST_STEP][PASSED] - Statement - fromDateValue = CustomKeywords.projectSpecific.Reusability.getTestData("ReportsPage", "fromDate_March2"): projectSpecific.Reusability.getTestData is PASSED

2018-05-21 14:04:20 - [MESSAGE][PASSED] - projectSpecific.Reusability.getTestData is PASSED

2018-05-21 14:04:20 - [TEST_STEP][PASSED] - Statement - If (!(dateAttr.equals(fromDateValue))): null

2018-05-21 14:04:20 - [TEST_STEP][PASSED] - Statement - dateAttr = com.kms.katalon.core.webui.keyword.WebUiBuiltInKeywords.getAttribute(com.kms.katalon.core.testobject.ObjectRepository.findTestObject(ReportsPage/selectedDate2), "value"): Attribute 'value' of object 'Object Repository/ReportsPage/selectedDate2' is: '03/16/2018'

2018-05-21 14:04:20 - [MESSAGE][PASSED] - Attribute 'value' of object 'Object Repository/ReportsPage/selectedDate2' is: '03/16/2018'

2018-05-21 14:04:20 - [TEST_STEP][PASSED] - Statement - toDateValue = CustomKeywords.projectSpecific.Reusability.getTestData("ReportsPage", "toDate_March2"): projectSpecific.Reusability.getTestData is PASSED

2018-05-21 14:04:20 - [MESSAGE][PASSED] - projectSpecific.Reusability.getTestData is PASSED

2018-05-21 14:04:20 - [TEST_STEP][PASSED] - Statement - If (!(dateAttr.equals(toDateValue))): null

2018-05-21 14:04:20 - [TEST_STEP][PASSED] - click: Object: 'Object Repository/ReportsPage/generateReport' is clicked on

2018-05-21 14:04:20 - [MESSAGE][PASSED] - Object: 'Object Repository/ReportsPage/generateReport' is clicked on

2018-05-21 14:04:20 - [TEST_STEP][PASSED] - delay: Delayed 5 second(s)

2018-05-21 14:04:25 - [MESSAGE][PASSED] - Delayed 5 second(s)

2018-05-21 14:04:25 - [TEST_STEP][PASSED] - Statement - printTime = CustomKeywords.uiaction.CommonUIActions.getText(com.kms.katalon.core.testobject.ObjectRepository.findTestObject(SummarizedReportPage/printTime)): uiaction.CommonUIActions.getText is PASSED

2018-05-21 14:04:25 - [MESSAGE][PASSED] - uiaction.CommonUIActions.getText is PASSED

2018-05-21 14:04:25 - [TEST_STEP][PASSED] - Statement - cal = java.util.Calendar.getInstance(): null

2018-05-21 14:04:25 - [TEST_STEP][PASSED] - Statement - sdf = new java.text.SimpleDateFormat(hh:mm a): null

2018-05-21 14:04:25 - [TEST_STEP][PASSED] - Statement - currentSystemTime = sdf.format(cal.getTime()): null

2018-05-21 14:04:25 - [TEST_STEP][PASSED] - Statement - out.println(currentSystemTime): null

2018-05-21 14:04:25 - [TEST_STEP][PASSED] - Statement - If (printTime == currentSystemTime): null

2018-05-21 14:04:25 - [TEST_STEP][PASSED] - Statement - out.println("Print Time is displayed the current local time "): null

2018-05-21 14:04:25 - [TEST_STEP][PASSED] - uiaction.CommonUIActions.click: uiaction.CommonUIActions.click is PASSED

2018-05-21 14:04:27 - [MESSAGE][PASSED] - uiaction.CommonUIActions.click is PASSED

2018-05-21 14:04:27 - [TEST_STEP][PASSED] - Statement - assert TCflag == true: null

2018-05-21 14:04:27 - [TEST_STEP][PASSED] - Start listener action : sampleAfterTestCase: Browser is closed

2018-05-21 14:04:27 - [TEST_STEP][PASSED] - Statement - println(testCaseContext.getTestCaseId()): null

2018-05-21 14:04:27 - [TEST_STEP][PASSED] - Statement - println(testCaseContext.getTestCaseStatus()): null

2018-05-21 14:04:27 - [TEST_STEP][PASSED] - closeBrowser: Browser is closed

2018-05-21 14:04:28 - [MESSAGE][PASSED] - Browser is closed]]></system-out>
         <system-err><![CDATA[]]></system-err>
      </testcase>
      <testcase name="Test Cases/TimeZoneTC/HME-Account_Setting-Timezone-04" classname="Test Cases/TimeZoneTC/HME-Account_Setting-Timezone-04" status="FAILED">
         <failure type="FAILED" message="org.codehaus.groovy.runtime.powerassert.PowerAssertionError: assert TCflag==true
       |     |
       false false"/>
         <system-out><![CDATA[2018-05-21 14:04:28 - [TEST_CASE][FAILED] - Test Cases/TimeZoneTC/HME-Account_Setting-Timezone-04: Test Cases/TimeZoneTC/HME-Account_Setting-Timezone-04 FAILED because (of) org.codehaus.groovy.runtime.powerassert.PowerAssertionError: assert TCflag==true
       |     |
       false false

2018-05-21 14:04:28 - [TEST_STEP][PASSED] - Start listener action : sampleBeforeTestCase: uiaction.CommonUIActions.deleteAllCookies is PASSED

2018-05-21 14:04:28 - [TEST_STEP][PASSED] - openBrowser: Browser is opened with url: ''

2018-05-21 14:04:30 - [MESSAGE][PASSED] - Browser is opened with url: ''

2018-05-21 14:04:30 - [TEST_STEP][PASSED] - maximizeWindow: Current window maximized

2018-05-21 14:04:31 - [MESSAGE][PASSED] - Current window maximized

2018-05-21 14:04:31 - [TEST_STEP][PASSED] - uiaction.CommonUIActions.deleteAllCookies: uiaction.CommonUIActions.deleteAllCookies is PASSED

2018-05-21 14:04:31 - [MESSAGE][PASSED] - Delete all cookies successfully

2018-05-21 14:04:31 - [MESSAGE][PASSED] - uiaction.CommonUIActions.deleteAllCookies is PASSED

2018-05-21 14:04:32 - [TEST_STEP][PASSED] - Statement - TCflag = true: null

2018-05-21 14:04:32 - [TEST_STEP][PASSED] - Statement - Try: uiaction.CommonUIActions.click is PASSED

2018-05-21 14:04:32 - [TEST_STEP][PASSED] - navigateToUrl: Navigate to 'https://hme-dev-public-cloud-app.azurewebsites.net/' successfully

2018-05-21 14:04:39 - [MESSAGE][PASSED] - Navigate to 'https://hme-dev-public-cloud-app.azurewebsites.net/' successfully

2018-05-21 14:04:39 - [TEST_STEP][PASSED] - projectSpecific.Reusability.login: projectSpecific.Reusability.login is PASSED

2018-05-21 14:04:39 - [MESSAGE][PASSED] - projectSpecific.Reusability.getTestData is PASSED

2018-05-21 14:04:39 - [MESSAGE][PASSED] - projectSpecific.Reusability.getTestData is PASSED

2018-05-21 14:04:39 - [MESSAGE][PASSED] - Text 'selvendrank@nousinfo.com' is set on object 'Object Repository/LoginPage/Username'

2018-05-21 14:04:39 - [MESSAGE][PASSED] - Text 'nous;123' is set on object 'Object Repository/LoginPage/Password'

2018-05-21 14:04:39 - [MESSAGE][PASSED] - Object: 'Object Repository/LoginPage/Login' is clicked on

2018-05-21 14:04:39 - [MESSAGE][PASSED] - projectSpecific.Reusability.login is PASSED

2018-05-21 14:04:39 - [TEST_STEP][PASSED] - delay: Delayed 10 second(s)

2018-05-21 14:04:49 - [MESSAGE][PASSED] - Delayed 10 second(s)

2018-05-21 14:04:49 - [TEST_STEP][PASSED] - Statement - welcomeMsg = CustomKeywords.uiaction.CommonUIActions.getText(com.kms.katalon.core.testobject.ObjectRepository.findTestObject(HomePage/welcomeMessage)): uiaction.CommonUIActions.getText is PASSED

2018-05-21 14:06:03 - [MESSAGE][PASSED] - uiaction.CommonUIActions.getText is PASSED

2018-05-21 14:06:03 - [TEST_STEP][PASSED] - Statement - expactedWelcomeMsg = CustomKeywords.projectSpecific.Reusability.getTestData("HomePage", "welcomeMessage"): projectSpecific.Reusability.getTestData is PASSED

2018-05-21 14:06:03 - [MESSAGE][PASSED] - projectSpecific.Reusability.getTestData is PASSED

2018-05-21 14:06:03 - [TEST_STEP][PASSED] - verifyMatch: Actual text 'Welcome to HME CLOUD, Selvendran!' and expected text 'Welcome to HME CLOUD, Selvendran!' are matched 

2018-05-21 14:06:03 - [MESSAGE][PASSED] - Actual text 'Welcome to HME CLOUD, Selvendran!' and expected text 'Welcome to HME CLOUD, Selvendran!' are matched 

2018-05-21 14:06:03 - [TEST_STEP][PASSED] - uiaction.CommonUIActions.click: uiaction.CommonUIActions.click is PASSED

2018-05-21 14:06:22 - [MESSAGE][PASSED] - uiaction.CommonUIActions.click is PASSED

2018-05-21 14:06:22 - [TEST_STEP][PASSED] - uiaction.CommonUIActions.click: uiaction.CommonUIActions.click is PASSED

2018-05-21 14:06:24 - [MESSAGE][PASSED] - uiaction.CommonUIActions.click is PASSED

2018-05-21 14:06:24 - [TEST_STEP][PASSED] - uiaction.CommonUIActions.click: uiaction.CommonUIActions.click is PASSED

2018-05-21 14:06:25 - [MESSAGE][PASSED] - uiaction.CommonUIActions.click is PASSED

2018-05-21 14:06:25 - [TEST_STEP][PASSED] - uiaction.CommonUIActions.click: uiaction.CommonUIActions.click is PASSED

2018-05-21 14:06:33 - [MESSAGE][PASSED] - uiaction.CommonUIActions.click is PASSED

2018-05-21 14:06:33 - [TEST_STEP][PASSED] - Statement - storeID = CustomKeywords.uiaction.CommonUIActions.getText(com.kms.katalon.core.testobject.ObjectRepository.findTestObject(StorePage/storeID)): uiaction.CommonUIActions.getText is PASSED

2018-05-21 14:06:33 - [MESSAGE][PASSED] - uiaction.CommonUIActions.getText is PASSED

2018-05-21 14:06:33 - [TEST_STEP][PASSED] - Statement - storenumber = storeID.trim(): null

2018-05-21 14:06:33 - [TEST_STEP][PASSED] - Statement - println(storenumber): null

2018-05-21 14:06:33 - [TEST_STEP][PASSED] - uiaction.CommonUIActions.click: uiaction.CommonUIActions.click is PASSED

2018-05-21 14:06:35 - [MESSAGE][PASSED] - uiaction.CommonUIActions.click is PASSED

2018-05-21 14:06:35 - [TEST_STEP][PASSED] - delay: Delayed 10 second(s)

2018-05-21 14:06:45 - [MESSAGE][PASSED] - Delayed 10 second(s)

2018-05-21 14:06:45 - [TEST_STEP][PASSED] - Statement - driver = com.kms.katalon.core.webui.driver.DriverFactory.getWebDriver(): null

2018-05-21 14:06:45 - [TEST_STEP][PASSED] - Statement - driver.findElement(org.openqa.selenium.By.xpath("//span[contains(text(),'" + storenumber.trim() + "')]")).click(): null

2018-05-21 14:06:45 - [TEST_STEP][PASSED] - click: Object: 'Object Repository/ReportsPage/timeSelection' is clicked on

2018-05-21 14:06:45 - [MESSAGE][PASSED] - Object: 'Object Repository/ReportsPage/timeSelection' is clicked on

2018-05-21 14:06:45 - [TEST_STEP][PASSED] - click: Object: 'Object Repository/ReportsPage/dayTimeOption' is clicked on

2018-05-21 14:06:45 - [MESSAGE][PASSED] - Object: 'Object Repository/ReportsPage/dayTimeOption' is clicked on

2018-05-21 14:06:45 - [TEST_STEP][PASSED] - click: Object: 'Object Repository/ReportsPage/summaryReportHeading' is clicked on

2018-05-21 14:06:46 - [MESSAGE][PASSED] - Object: 'Object Repository/ReportsPage/summaryReportHeading' is clicked on

2018-05-21 14:06:46 - [TEST_STEP][PASSED] - verifyElementText: Actual text and expected text of test object 'Object Repository/ReportsPage/dayTimeOption' are matched.

2018-05-21 14:06:46 - [MESSAGE][PASSED] - projectSpecific.Reusability.getTestData is PASSED

2018-05-21 14:06:46 - [MESSAGE][PASSED] - Actual text and expected text of test object 'Object Repository/ReportsPage/dayTimeOption' are matched.

2018-05-21 14:06:46 - [TEST_STEP][PASSED] - verifyElementText: Actual text and expected text of test object 'Object Repository/ReportsPage/criteriaTimeMeasureForDay' are matched.

2018-05-21 14:06:46 - [MESSAGE][PASSED] - projectSpecific.Reusability.getTestData is PASSED

2018-05-21 14:06:46 - [MESSAGE][PASSED] - Actual text and expected text of test object 'Object Repository/ReportsPage/criteriaTimeMeasureForDay' are matched.

2018-05-21 14:06:46 - [TEST_STEP][PASSED] - delay: Delayed 5 second(s)

2018-05-21 14:06:51 - [MESSAGE][PASSED] - Delayed 5 second(s)

2018-05-21 14:06:51 - [TEST_STEP][PASSED] - click: Object: 'Object Repository/ReportsPage/fromDateSelector' is clicked on

2018-05-21 14:06:51 - [MESSAGE][PASSED] - Object: 'Object Repository/ReportsPage/fromDateSelector' is clicked on

2018-05-21 14:06:51 - [TEST_STEP][PASSED] - delay: Delayed 5 second(s)

2018-05-21 14:06:56 - [MESSAGE][PASSED] - Delayed 5 second(s)

2018-05-21 14:06:56 - [TEST_STEP][PASSED] - Statement - monthText = com.kms.katalon.core.webui.keyword.WebUiBuiltInKeywords.getText(com.kms.katalon.core.testobject.ObjectRepository.findTestObject(ReportsPage/monthText)): Text of object 'Object Repository/ReportsPage/monthText' is: 'May 2018'

2018-05-21 14:06:56 - [MESSAGE][PASSED] - Text of object 'Object Repository/ReportsPage/monthText' is: 'May 2018'

2018-05-21 14:06:56 - [TEST_STEP][PASSED] - Statement - monthTextArray = monthText.split(" "): null

2018-05-21 14:06:56 - [TEST_STEP][PASSED] - Statement - month = monthTextArray[0]: null

2018-05-21 14:06:56 - [TEST_STEP][PASSED] - Statement - monthTextValue = CustomKeywords.projectSpecific.Reusability.getTestData("ReportsPage", "Month"): projectSpecific.Reusability.getTestData is PASSED

2018-05-21 14:06:56 - [MESSAGE][PASSED] - projectSpecific.Reusability.getTestData is PASSED

2018-05-21 14:06:56 - [TEST_STEP][PASSED] - Statement - If (!(monthTextValue.equals(month))): null

2018-05-21 14:06:56 - [TEST_STEP][PASSED] - Statement - While (!(monthTextValue.equals(month))): null

2018-05-21 14:06:56 - [TEST_STEP][PASSED] - click: Object: 'Object Repository/ReportsPage/previousDateSelector' is clicked on

2018-05-21 14:06:56 - [MESSAGE][PASSED] - Object: 'Object Repository/ReportsPage/previousDateSelector' is clicked on

2018-05-21 14:06:56 - [TEST_STEP][PASSED] - Statement - monthText = com.kms.katalon.core.webui.keyword.WebUiBuiltInKeywords.getText(com.kms.katalon.core.testobject.ObjectRepository.findTestObject(ReportsPage/monthText)): Text of object 'Object Repository/ReportsPage/monthText' is: 'April 2018'

2018-05-21 14:06:56 - [MESSAGE][PASSED] - Text of object 'Object Repository/ReportsPage/monthText' is: 'April 2018'

2018-05-21 14:06:56 - [TEST_STEP][PASSED] - Statement - monthTextArray = monthText.split(" "): null

2018-05-21 14:06:56 - [TEST_STEP][PASSED] - Statement - month = monthTextArray[0]: null

2018-05-21 14:06:56 - [TEST_STEP][PASSED] - click: Object: 'Object Repository/ReportsPage/previousDateSelector' is clicked on

2018-05-21 14:06:56 - [MESSAGE][PASSED] - Object: 'Object Repository/ReportsPage/previousDateSelector' is clicked on

2018-05-21 14:06:56 - [TEST_STEP][PASSED] - Statement - monthText = com.kms.katalon.core.webui.keyword.WebUiBuiltInKeywords.getText(com.kms.katalon.core.testobject.ObjectRepository.findTestObject(ReportsPage/monthText)): Text of object 'Object Repository/ReportsPage/monthText' is: 'March 2018'

2018-05-21 14:06:56 - [MESSAGE][PASSED] - Text of object 'Object Repository/ReportsPage/monthText' is: 'March 2018'

2018-05-21 14:06:56 - [TEST_STEP][PASSED] - Statement - monthTextArray = monthText.split(" "): null

2018-05-21 14:06:56 - [TEST_STEP][PASSED] - Statement - month = monthTextArray[0]: null

2018-05-21 14:06:56 - [TEST_STEP][PASSED] - Statement - data = CustomKeywords.projectSpecific.Reusability.getTestData("ReportsPage", "EndDate"): projectSpecific.Reusability.getTestData is PASSED

2018-05-21 14:06:56 - [MESSAGE][PASSED] - projectSpecific.Reusability.getTestData is PASSED

2018-05-21 14:06:56 - [TEST_STEP][PASSED] - Statement - startDate = "(//td[text()='" + data + "'])[1]": null

2018-05-21 14:06:56 - [TEST_STEP][PASSED] - Statement - println(startDate): null

2018-05-21 14:06:56 - [TEST_STEP][PASSED] - Statement - startdateEle = driver.findElement(org.openqa.selenium.By.xpath(startDate)): null

2018-05-21 14:06:56 - [TEST_STEP][PASSED] - Statement - startdateEle.click(): null

2018-05-21 14:06:56 - [TEST_STEP][PASSED] - delay: Delayed 5 second(s)

2018-05-21 14:07:01 - [MESSAGE][PASSED] - Delayed 5 second(s)

2018-05-21 14:07:01 - [TEST_STEP][PASSED] - click: Object: 'Object Repository/ReportsPage/toDateSelector' is clicked on

2018-05-21 14:07:01 - [MESSAGE][PASSED] - Object: 'Object Repository/ReportsPage/toDateSelector' is clicked on

2018-05-21 14:07:01 - [TEST_STEP][PASSED] - Statement - monthText = com.kms.katalon.core.webui.keyword.WebUiBuiltInKeywords.getText(com.kms.katalon.core.testobject.ObjectRepository.findTestObject(ReportsPage/monthText2)): Text of object 'Object Repository/ReportsPage/monthText2' is: 'May 2018'

2018-05-21 14:07:01 - [MESSAGE][PASSED] - Text of object 'Object Repository/ReportsPage/monthText2' is: 'May 2018'

2018-05-21 14:07:01 - [TEST_STEP][PASSED] - Statement - monthTextArray = monthText.split(" "): null

2018-05-21 14:07:01 - [TEST_STEP][PASSED] - Statement - month = monthTextArray[0]: null

2018-05-21 14:07:01 - [TEST_STEP][PASSED] - Statement - monthTextValue1 = CustomKeywords.projectSpecific.Reusability.getTestData("ReportsPage", "Month"): projectSpecific.Reusability.getTestData is PASSED

2018-05-21 14:07:01 - [MESSAGE][PASSED] - projectSpecific.Reusability.getTestData is PASSED

2018-05-21 14:07:01 - [TEST_STEP][PASSED] - Statement - If (!(monthTextValue1.equals(month))): null

2018-05-21 14:07:01 - [TEST_STEP][PASSED] - Statement - While (!(monthTextValue1.equals(month))): null

2018-05-21 14:07:01 - [TEST_STEP][PASSED] - click: Object: 'Object Repository/ReportsPage/previousDateSelector2' is clicked on

2018-05-21 14:07:01 - [MESSAGE][PASSED] - Object: 'Object Repository/ReportsPage/previousDateSelector2' is clicked on

2018-05-21 14:07:01 - [TEST_STEP][PASSED] - Statement - monthText = com.kms.katalon.core.webui.keyword.WebUiBuiltInKeywords.getText(com.kms.katalon.core.testobject.ObjectRepository.findTestObject(ReportsPage/monthText2)): Text of object 'Object Repository/ReportsPage/monthText2' is: 'April 2018'

2018-05-21 14:07:01 - [MESSAGE][PASSED] - Text of object 'Object Repository/ReportsPage/monthText2' is: 'April 2018'

2018-05-21 14:07:01 - [TEST_STEP][PASSED] - Statement - monthTextArray = monthText.split(" "): null

2018-05-21 14:07:01 - [TEST_STEP][PASSED] - Statement - month = monthTextArray[0]: null

2018-05-21 14:07:01 - [TEST_STEP][PASSED] - click: Object: 'Object Repository/ReportsPage/previousDateSelector2' is clicked on

2018-05-21 14:07:01 - [MESSAGE][PASSED] - Object: 'Object Repository/ReportsPage/previousDateSelector2' is clicked on

2018-05-21 14:07:01 - [TEST_STEP][PASSED] - Statement - monthText = com.kms.katalon.core.webui.keyword.WebUiBuiltInKeywords.getText(com.kms.katalon.core.testobject.ObjectRepository.findTestObject(ReportsPage/monthText2)): Text of object 'Object Repository/ReportsPage/monthText2' is: 'March 2018'

2018-05-21 14:07:01 - [MESSAGE][PASSED] - Text of object 'Object Repository/ReportsPage/monthText2' is: 'March 2018'

2018-05-21 14:07:01 - [TEST_STEP][PASSED] - Statement - monthTextArray = monthText.split(" "): null

2018-05-21 14:07:01 - [TEST_STEP][PASSED] - Statement - month = monthTextArray[0]: null

2018-05-21 14:07:01 - [TEST_STEP][PASSED] - Statement - endDate = CustomKeywords.projectSpecific.Reusability.getTestData("ReportsPage", "EndDate"): projectSpecific.Reusability.getTestData is PASSED

2018-05-21 14:07:01 - [MESSAGE][PASSED] - projectSpecific.Reusability.getTestData is PASSED

2018-05-21 14:07:01 - [TEST_STEP][PASSED] - Statement - toDate = "(//td[text()='" + endDate + "'])[2]": null

2018-05-21 14:07:01 - [TEST_STEP][PASSED] - Statement - println(toDate): null

2018-05-21 14:07:01 - [TEST_STEP][PASSED] - Statement - toDateEle = driver.findElement(org.openqa.selenium.By.xpath(toDate)): null

2018-05-21 14:07:01 - [TEST_STEP][PASSED] - Statement - toDateEle.click(): null

2018-05-21 14:07:01 - [TEST_STEP][PASSED] - delay: Delayed 5 second(s)

2018-05-21 14:07:06 - [MESSAGE][PASSED] - Delayed 5 second(s)

2018-05-21 14:07:06 - [TEST_STEP][PASSED] - Statement - dateAttr = com.kms.katalon.core.webui.keyword.WebUiBuiltInKeywords.getAttribute(com.kms.katalon.core.testobject.ObjectRepository.findTestObject(ReportsPage/selectedDate1), "value"): Attribute 'value' of object 'Object Repository/ReportsPage/selectedDate1' is: '03/14/2018'

2018-05-21 14:07:06 - [MESSAGE][PASSED] - Attribute 'value' of object 'Object Repository/ReportsPage/selectedDate1' is: '03/14/2018'

2018-05-21 14:07:06 - [TEST_STEP][PASSED] - Statement - fromDateValue = CustomKeywords.projectSpecific.Reusability.getTestData("ReportsPage", "toDate"): projectSpecific.Reusability.getTestData is PASSED

2018-05-21 14:07:07 - [MESSAGE][PASSED] - projectSpecific.Reusability.getTestData is PASSED

2018-05-21 14:07:07 - [TEST_STEP][PASSED] - Statement - If (!(dateAttr.equals(fromDateValue))): null

2018-05-21 14:07:07 - [TEST_STEP][PASSED] - Statement - dateAttr = com.kms.katalon.core.webui.keyword.WebUiBuiltInKeywords.getAttribute(com.kms.katalon.core.testobject.ObjectRepository.findTestObject(ReportsPage/selectedDate2), "value"): Attribute 'value' of object 'Object Repository/ReportsPage/selectedDate2' is: '03/14/2018'

2018-05-21 14:07:07 - [MESSAGE][PASSED] - Attribute 'value' of object 'Object Repository/ReportsPage/selectedDate2' is: '03/14/2018'

2018-05-21 14:07:07 - [TEST_STEP][PASSED] - Statement - toDateValue = CustomKeywords.projectSpecific.Reusability.getTestData("ReportsPage", "toDate"): projectSpecific.Reusability.getTestData is PASSED

2018-05-21 14:07:07 - [MESSAGE][PASSED] - projectSpecific.Reusability.getTestData is PASSED

2018-05-21 14:07:07 - [TEST_STEP][PASSED] - Statement - If (!(dateAttr.equals(toDateValue))): null

2018-05-21 14:07:07 - [TEST_STEP][PASSED] - click: Object: 'Object Repository/ReportsPage/generateReport' is clicked on

2018-05-21 14:07:07 - [MESSAGE][PASSED] - Object: 'Object Repository/ReportsPage/generateReport' is clicked on

2018-05-21 14:07:07 - [TEST_STEP][PASSED] - delay: Delayed 5 second(s)

2018-05-21 14:07:12 - [MESSAGE][PASSED] - Delayed 5 second(s)

2018-05-21 14:07:12 - [TEST_STEP][PASSED] - Statement - printTime = CustomKeywords.uiaction.CommonUIActions.getText(com.kms.katalon.core.testobject.ObjectRepository.findTestObject(SummarizedReportPage/printTime)): uiaction.CommonUIActions.getText is PASSED

2018-05-21 14:07:32 - [MESSAGE][PASSED] - uiaction.CommonUIActions.getText is PASSED

2018-05-21 14:07:32 - [TEST_STEP][PASSED] - Statement - cal = java.util.Calendar.getInstance(): null

2018-05-21 14:07:32 - [TEST_STEP][PASSED] - Statement - sdf = new java.text.SimpleDateFormat(hh:mm a): null

2018-05-21 14:07:32 - [TEST_STEP][PASSED] - Statement - currentSystemTime = sdf.format(cal.getTime()): null

2018-05-21 14:07:32 - [TEST_STEP][PASSED] - Statement - out.println(currentSystemTime): null

2018-05-21 14:07:32 - [TEST_STEP][PASSED] - Statement - If (printTime == currentSystemTime): null

2018-05-21 14:07:32 - [TEST_STEP][PASSED] - Statement - Else: Taking screenshot successfully

2018-05-21 14:07:32 - [TEST_STEP][PASSED] - Statement - If (TCflag): null

2018-05-21 14:07:32 - [TEST_STEP][PASSED] - Statement - out.println("Print Time is not displayed the current local time "): null

2018-05-21 14:07:32 - [TEST_STEP][PASSED] - takeScreenshot: Taking screenshot successfully

2018-05-21 14:07:32 - [MESSAGE][PASSED] - Taking screenshot successfully
[[ATTACHMENT|C:\\Users\\shalinin\\Katalon Studio\\HME_Scripts\\Reports\\RegressionSuite\\20180521_135916\\1526891852488.png]]

2018-05-21 14:07:32 - [TEST_STEP][PASSED] - uiaction.CommonUIActions.click: uiaction.CommonUIActions.click is PASSED

2018-05-21 14:07:33 - [MESSAGE][PASSED] - uiaction.CommonUIActions.click is PASSED

2018-05-21 14:07:33 - [TEST_STEP][PASSED] - Statement - assert TCflag == true: null

2018-05-21 14:07:33 - [TEST_STEP][PASSED] - Start listener action : sampleAfterTestCase: Browser is closed

2018-05-21 14:07:33 - [TEST_STEP][PASSED] - Statement - println(testCaseContext.getTestCaseId()): null

2018-05-21 14:07:33 - [TEST_STEP][PASSED] - Statement - println(testCaseContext.getTestCaseStatus()): null

2018-05-21 14:07:33 - [TEST_STEP][PASSED] - closeBrowser: Browser is closed

2018-05-21 14:07:34 - [MESSAGE][PASSED] - Browser is closed]]></system-out>
         <system-err><![CDATA[2018-05-21 14:04:28 - [TEST_CASE][FAILED] - Test Cases/TimeZoneTC/HME-Account_Setting-Timezone-04: Test Cases/TimeZoneTC/HME-Account_Setting-Timezone-04 FAILED because (of) org.codehaus.groovy.runtime.powerassert.PowerAssertionError: assert TCflag==true
       |     |
       false false]]></system-err>
      </testcase>
      <testcase name="Test Cases/TimeZoneTC/HME-Account_Setting-Timezone-05" classname="Test Cases/TimeZoneTC/HME-Account_Setting-Timezone-05" status="PASSED">
         <system-out><![CDATA[2018-05-21 14:07:34 - [TEST_CASE][PASSED] - Test Cases/TimeZoneTC/HME-Account_Setting-Timezone-05: Browser is closed

2018-05-21 14:07:34 - [TEST_STEP][PASSED] - Start listener action : sampleBeforeTestCase: uiaction.CommonUIActions.deleteAllCookies is PASSED

2018-05-21 14:07:34 - [TEST_STEP][PASSED] - openBrowser: Browser is opened with url: ''

2018-05-21 14:07:36 - [MESSAGE][PASSED] - Browser is opened with url: ''

2018-05-21 14:07:36 - [TEST_STEP][PASSED] - maximizeWindow: Current window maximized

2018-05-21 14:07:38 - [MESSAGE][PASSED] - Current window maximized

2018-05-21 14:07:38 - [TEST_STEP][PASSED] - uiaction.CommonUIActions.deleteAllCookies: uiaction.CommonUIActions.deleteAllCookies is PASSED

2018-05-21 14:07:38 - [MESSAGE][PASSED] - Delete all cookies successfully

2018-05-21 14:07:38 - [MESSAGE][PASSED] - uiaction.CommonUIActions.deleteAllCookies is PASSED

2018-05-21 14:07:38 - [TEST_STEP][PASSED] - Statement - TCflag = true: null

2018-05-21 14:07:38 - [TEST_STEP][PASSED] - Statement - Try: uiaction.CommonUIActions.click is PASSED

2018-05-21 14:07:38 - [TEST_STEP][PASSED] - navigateToUrl: Navigate to 'https://hme-dev-public-cloud-app.azurewebsites.net/' successfully

2018-05-21 14:07:41 - [MESSAGE][PASSED] - Navigate to 'https://hme-dev-public-cloud-app.azurewebsites.net/' successfully

2018-05-21 14:07:41 - [TEST_STEP][PASSED] - projectSpecific.Reusability.login: projectSpecific.Reusability.login is PASSED

2018-05-21 14:07:41 - [MESSAGE][PASSED] - projectSpecific.Reusability.getTestData is PASSED

2018-05-21 14:07:41 - [MESSAGE][PASSED] - projectSpecific.Reusability.getTestData is PASSED

2018-05-21 14:07:41 - [MESSAGE][PASSED] - Text 'selvendrank@nousinfo.com' is set on object 'Object Repository/LoginPage/Username'

2018-05-21 14:07:41 - [MESSAGE][PASSED] - Text 'nous;123' is set on object 'Object Repository/LoginPage/Password'

2018-05-21 14:07:41 - [MESSAGE][PASSED] - Object: 'Object Repository/LoginPage/Login' is clicked on

2018-05-21 14:07:41 - [MESSAGE][PASSED] - projectSpecific.Reusability.login is PASSED

2018-05-21 14:07:41 - [TEST_STEP][PASSED] - delay: Delayed 10 second(s)

2018-05-21 14:07:51 - [MESSAGE][PASSED] - Delayed 10 second(s)

2018-05-21 14:07:51 - [TEST_STEP][PASSED] - Statement - welcomeMsg = CustomKeywords.uiaction.CommonUIActions.getText(com.kms.katalon.core.testobject.ObjectRepository.findTestObject(HomePage/welcomeMessage)): uiaction.CommonUIActions.getText is PASSED

2018-05-21 14:08:08 - [MESSAGE][PASSED] - uiaction.CommonUIActions.getText is PASSED

2018-05-21 14:08:08 - [TEST_STEP][PASSED] - Statement - expactedWelcomeMsg = CustomKeywords.projectSpecific.Reusability.getTestData("HomePage", "welcomeMessage"): projectSpecific.Reusability.getTestData is PASSED

2018-05-21 14:08:08 - [MESSAGE][PASSED] - projectSpecific.Reusability.getTestData is PASSED

2018-05-21 14:08:08 - [TEST_STEP][PASSED] - verifyMatch: Actual text 'Welcome to HME CLOUD, Selvendran!' and expected text 'Welcome to HME CLOUD, Selvendran!' are matched 

2018-05-21 14:08:08 - [MESSAGE][PASSED] - Actual text 'Welcome to HME CLOUD, Selvendran!' and expected text 'Welcome to HME CLOUD, Selvendran!' are matched 

2018-05-21 14:08:08 - [TEST_STEP][PASSED] - uiaction.CommonUIActions.click: uiaction.CommonUIActions.click is PASSED

2018-05-21 14:08:23 - [MESSAGE][PASSED] - uiaction.CommonUIActions.click is PASSED

2018-05-21 14:08:23 - [TEST_STEP][PASSED] - uiaction.CommonUIActions.click: uiaction.CommonUIActions.click is PASSED

2018-05-21 14:08:26 - [MESSAGE][PASSED] - uiaction.CommonUIActions.click is PASSED

2018-05-21 14:08:26 - [TEST_STEP][PASSED] - uiaction.CommonUIActions.click: uiaction.CommonUIActions.click is PASSED

2018-05-21 14:08:26 - [MESSAGE][PASSED] - uiaction.CommonUIActions.click is PASSED

2018-05-21 14:08:26 - [TEST_STEP][PASSED] - uiaction.CommonUIActions.click: uiaction.CommonUIActions.click is PASSED

2018-05-21 14:08:32 - [MESSAGE][PASSED] - uiaction.CommonUIActions.click is PASSED

2018-05-21 14:08:32 - [TEST_STEP][PASSED] - Statement - storeID = CustomKeywords.uiaction.CommonUIActions.getText(com.kms.katalon.core.testobject.ObjectRepository.findTestObject(StorePage/storeID)): uiaction.CommonUIActions.getText is PASSED

2018-05-21 14:08:32 - [MESSAGE][PASSED] - uiaction.CommonUIActions.getText is PASSED

2018-05-21 14:08:32 - [TEST_STEP][PASSED] - Statement - storenumber = storeID.trim(): null

2018-05-21 14:08:32 - [TEST_STEP][PASSED] - Statement - println(storenumber): null

2018-05-21 14:08:32 - [TEST_STEP][PASSED] - uiaction.CommonUIActions.click: uiaction.CommonUIActions.click is PASSED

2018-05-21 14:08:33 - [MESSAGE][PASSED] - uiaction.CommonUIActions.click is PASSED

2018-05-21 14:08:33 - [TEST_STEP][PASSED] - delay: Delayed 10 second(s)

2018-05-21 14:08:43 - [MESSAGE][PASSED] - Delayed 10 second(s)

2018-05-21 14:08:43 - [TEST_STEP][PASSED] - Statement - driver = com.kms.katalon.core.webui.driver.DriverFactory.getWebDriver(): null

2018-05-21 14:08:43 - [TEST_STEP][PASSED] - Statement - driver.findElement(org.openqa.selenium.By.xpath("//span[contains(text(),'" + storenumber.trim() + "')]")).click(): null

2018-05-21 14:08:44 - [TEST_STEP][PASSED] - delay: Delayed 5 second(s)

2018-05-21 14:08:49 - [MESSAGE][PASSED] - Delayed 5 second(s)

2018-05-21 14:08:49 - [TEST_STEP][PASSED] - click: Object: 'Object Repository/ReportsPage/timeSelection' is clicked on

2018-05-21 14:08:49 - [MESSAGE][PASSED] - Object: 'Object Repository/ReportsPage/timeSelection' is clicked on

2018-05-21 14:08:49 - [TEST_STEP][PASSED] - click: Object: 'Object Repository/ReportsPage/daypartTimeOption' is clicked on

2018-05-21 14:08:49 - [MESSAGE][PASSED] - Object: 'Object Repository/ReportsPage/daypartTimeOption' is clicked on

2018-05-21 14:08:49 - [TEST_STEP][PASSED] - click: Object: 'Object Repository/ReportsPage/summaryReportHeading' is clicked on

2018-05-21 14:08:49 - [MESSAGE][PASSED] - Object: 'Object Repository/ReportsPage/summaryReportHeading' is clicked on

2018-05-21 14:08:49 - [TEST_STEP][PASSED] - verifyElementText: Actual text and expected text of test object 'Object Repository/ReportsPage/daypartTimeOption' are matched.

2018-05-21 14:08:49 - [MESSAGE][PASSED] - projectSpecific.Reusability.getTestData is PASSED

2018-05-21 14:08:49 - [MESSAGE][PASSED] - Actual text and expected text of test object 'Object Repository/ReportsPage/daypartTimeOption' are matched.

2018-05-21 14:08:49 - [TEST_STEP][PASSED] - verifyElementText: Actual text and expected text of test object 'Object Repository/ReportsPage/criteriaTimeMeasureFordaypart' are matched.

2018-05-21 14:08:49 - [MESSAGE][PASSED] - projectSpecific.Reusability.getTestData is PASSED

2018-05-21 14:08:49 - [MESSAGE][PASSED] - Actual text and expected text of test object 'Object Repository/ReportsPage/criteriaTimeMeasureFordaypart' are matched.

2018-05-21 14:08:49 - [TEST_STEP][PASSED] - delay: Delayed 5 second(s)

2018-05-21 14:08:54 - [MESSAGE][PASSED] - Delayed 5 second(s)

2018-05-21 14:08:54 - [TEST_STEP][PASSED] - click: Object: 'Object Repository/ReportsPage/fromDateSelector' is clicked on

2018-05-21 14:08:54 - [MESSAGE][PASSED] - Object: 'Object Repository/ReportsPage/fromDateSelector' is clicked on

2018-05-21 14:08:54 - [TEST_STEP][PASSED] - delay: Delayed 5 second(s)

2018-05-21 14:08:59 - [MESSAGE][PASSED] - Delayed 5 second(s)

2018-05-21 14:08:59 - [TEST_STEP][PASSED] - Statement - monthText = com.kms.katalon.core.webui.keyword.WebUiBuiltInKeywords.getText(com.kms.katalon.core.testobject.ObjectRepository.findTestObject(ReportsPage/monthText)): Text of object 'Object Repository/ReportsPage/monthText' is: 'May 2018'

2018-05-21 14:08:59 - [MESSAGE][PASSED] - Text of object 'Object Repository/ReportsPage/monthText' is: 'May 2018'

2018-05-21 14:08:59 - [TEST_STEP][PASSED] - Statement - monthTextArray = monthText.split(" "): null

2018-05-21 14:08:59 - [TEST_STEP][PASSED] - Statement - month = monthTextArray[0]: null

2018-05-21 14:08:59 - [TEST_STEP][PASSED] - Statement - monthTextValue = CustomKeywords.projectSpecific.Reusability.getTestData("ReportsPage", "Month"): projectSpecific.Reusability.getTestData is PASSED

2018-05-21 14:08:59 - [MESSAGE][PASSED] - projectSpecific.Reusability.getTestData is PASSED

2018-05-21 14:08:59 - [TEST_STEP][PASSED] - Statement - If (!(monthTextValue.equals(month))): null

2018-05-21 14:08:59 - [TEST_STEP][PASSED] - Statement - While (!(monthTextValue.equals(month))): null

2018-05-21 14:08:59 - [TEST_STEP][PASSED] - click: Object: 'Object Repository/ReportsPage/previousDateSelector' is clicked on

2018-05-21 14:08:59 - [MESSAGE][PASSED] - Object: 'Object Repository/ReportsPage/previousDateSelector' is clicked on

2018-05-21 14:08:59 - [TEST_STEP][PASSED] - Statement - monthText = com.kms.katalon.core.webui.keyword.WebUiBuiltInKeywords.getText(com.kms.katalon.core.testobject.ObjectRepository.findTestObject(ReportsPage/monthText)): Text of object 'Object Repository/ReportsPage/monthText' is: 'April 2018'

2018-05-21 14:08:59 - [MESSAGE][PASSED] - Text of object 'Object Repository/ReportsPage/monthText' is: 'April 2018'

2018-05-21 14:08:59 - [TEST_STEP][PASSED] - Statement - monthTextArray = monthText.split(" "): null

2018-05-21 14:08:59 - [TEST_STEP][PASSED] - Statement - month = monthTextArray[0]: null

2018-05-21 14:08:59 - [TEST_STEP][PASSED] - click: Object: 'Object Repository/ReportsPage/previousDateSelector' is clicked on

2018-05-21 14:08:59 - [MESSAGE][PASSED] - Object: 'Object Repository/ReportsPage/previousDateSelector' is clicked on

2018-05-21 14:08:59 - [TEST_STEP][PASSED] - Statement - monthText = com.kms.katalon.core.webui.keyword.WebUiBuiltInKeywords.getText(com.kms.katalon.core.testobject.ObjectRepository.findTestObject(ReportsPage/monthText)): Text of object 'Object Repository/ReportsPage/monthText' is: 'March 2018'

2018-05-21 14:08:59 - [MESSAGE][PASSED] - Text of object 'Object Repository/ReportsPage/monthText' is: 'March 2018'

2018-05-21 14:08:59 - [TEST_STEP][PASSED] - Statement - monthTextArray = monthText.split(" "): null

2018-05-21 14:08:59 - [TEST_STEP][PASSED] - Statement - month = monthTextArray[0]: null

2018-05-21 14:08:59 - [TEST_STEP][PASSED] - Statement - data = CustomKeywords.projectSpecific.Reusability.getTestData("ReportsPage", "StartDate_March3"): projectSpecific.Reusability.getTestData is PASSED

2018-05-21 14:08:59 - [MESSAGE][PASSED] - projectSpecific.Reusability.getTestData is PASSED

2018-05-21 14:08:59 - [TEST_STEP][PASSED] - Statement - startDate = "(//td[text()='" + data + "'])[1]": null

2018-05-21 14:08:59 - [TEST_STEP][PASSED] - Statement - println(startDate): null

2018-05-21 14:08:59 - [TEST_STEP][PASSED] - Statement - startdateEle = driver.findElement(org.openqa.selenium.By.xpath(startDate)): null

2018-05-21 14:08:59 - [TEST_STEP][PASSED] - Statement - startdateEle.click(): null

2018-05-21 14:08:59 - [TEST_STEP][PASSED] - delay: Delayed 5 second(s)

2018-05-21 14:09:04 - [MESSAGE][PASSED] - Delayed 5 second(s)

2018-05-21 14:09:04 - [TEST_STEP][PASSED] - click: Object: 'Object Repository/ReportsPage/toDateSelector' is clicked on

2018-05-21 14:09:04 - [MESSAGE][PASSED] - Object: 'Object Repository/ReportsPage/toDateSelector' is clicked on

2018-05-21 14:09:04 - [TEST_STEP][PASSED] - Statement - monthText = com.kms.katalon.core.webui.keyword.WebUiBuiltInKeywords.getText(com.kms.katalon.core.testobject.ObjectRepository.findTestObject(ReportsPage/monthText2)): Text of object 'Object Repository/ReportsPage/monthText2' is: 'May 2018'

2018-05-21 14:09:04 - [MESSAGE][PASSED] - Text of object 'Object Repository/ReportsPage/monthText2' is: 'May 2018'

2018-05-21 14:09:04 - [TEST_STEP][PASSED] - Statement - monthTextArray = monthText.split(" "): null

2018-05-21 14:09:04 - [TEST_STEP][PASSED] - Statement - month = monthTextArray[0]: null

2018-05-21 14:09:04 - [TEST_STEP][PASSED] - Statement - monthTextValue1 = CustomKeywords.projectSpecific.Reusability.getTestData("ReportsPage", "Month"): projectSpecific.Reusability.getTestData is PASSED

2018-05-21 14:09:04 - [MESSAGE][PASSED] - projectSpecific.Reusability.getTestData is PASSED

2018-05-21 14:09:04 - [TEST_STEP][PASSED] - Statement - If (!(monthTextValue1.equals(month))): null

2018-05-21 14:09:04 - [TEST_STEP][PASSED] - Statement - While (!(monthTextValue1.equals(month))): null

2018-05-21 14:09:04 - [TEST_STEP][PASSED] - click: Object: 'Object Repository/ReportsPage/previousDateSelector2' is clicked on

2018-05-21 14:09:04 - [MESSAGE][PASSED] - Object: 'Object Repository/ReportsPage/previousDateSelector2' is clicked on

2018-05-21 14:09:04 - [TEST_STEP][PASSED] - Statement - monthText = com.kms.katalon.core.webui.keyword.WebUiBuiltInKeywords.getText(com.kms.katalon.core.testobject.ObjectRepository.findTestObject(ReportsPage/monthText2)): Text of object 'Object Repository/ReportsPage/monthText2' is: 'April 2018'

2018-05-21 14:09:04 - [MESSAGE][PASSED] - Text of object 'Object Repository/ReportsPage/monthText2' is: 'April 2018'

2018-05-21 14:09:04 - [TEST_STEP][PASSED] - Statement - monthTextArray = monthText.split(" "): null

2018-05-21 14:09:04 - [TEST_STEP][PASSED] - Statement - month = monthTextArray[0]: null

2018-05-21 14:09:04 - [TEST_STEP][PASSED] - click: Object: 'Object Repository/ReportsPage/previousDateSelector2' is clicked on

2018-05-21 14:09:04 - [MESSAGE][PASSED] - Object: 'Object Repository/ReportsPage/previousDateSelector2' is clicked on

2018-05-21 14:09:04 - [TEST_STEP][PASSED] - Statement - monthText = com.kms.katalon.core.webui.keyword.WebUiBuiltInKeywords.getText(com.kms.katalon.core.testobject.ObjectRepository.findTestObject(ReportsPage/monthText2)): Text of object 'Object Repository/ReportsPage/monthText2' is: 'March 2018'

2018-05-21 14:09:04 - [MESSAGE][PASSED] - Text of object 'Object Repository/ReportsPage/monthText2' is: 'March 2018'

2018-05-21 14:09:04 - [TEST_STEP][PASSED] - Statement - monthTextArray = monthText.split(" "): null

2018-05-21 14:09:04 - [TEST_STEP][PASSED] - Statement - month = monthTextArray[0]: null

2018-05-21 14:09:04 - [TEST_STEP][PASSED] - Statement - endDate = CustomKeywords.projectSpecific.Reusability.getTestData("ReportsPage", "EndDate_March3"): projectSpecific.Reusability.getTestData is PASSED

2018-05-21 14:09:05 - [MESSAGE][PASSED] - projectSpecific.Reusability.getTestData is PASSED

2018-05-21 14:09:05 - [TEST_STEP][PASSED] - Statement - toDate = "(//td[text()='" + endDate + "'])[2]": null

2018-05-21 14:09:05 - [TEST_STEP][PASSED] - Statement - println(toDate): null

2018-05-21 14:09:05 - [TEST_STEP][PASSED] - Statement - toDateEle = driver.findElement(org.openqa.selenium.By.xpath(toDate)): null

2018-05-21 14:09:05 - [TEST_STEP][PASSED] - Statement - toDateEle.click(): null

2018-05-21 14:09:05 - [TEST_STEP][PASSED] - delay: Delayed 5 second(s)

2018-05-21 14:09:10 - [MESSAGE][PASSED] - Delayed 5 second(s)

2018-05-21 14:09:10 - [TEST_STEP][PASSED] - Statement - dateAttr = com.kms.katalon.core.webui.keyword.WebUiBuiltInKeywords.getAttribute(com.kms.katalon.core.testobject.ObjectRepository.findTestObject(ReportsPage/selectedDate1), "value"): Attribute 'value' of object 'Object Repository/ReportsPage/selectedDate1' is: '03/15/2018'

2018-05-21 14:09:10 - [MESSAGE][PASSED] - Attribute 'value' of object 'Object Repository/ReportsPage/selectedDate1' is: '03/15/2018'

2018-05-21 14:09:10 - [TEST_STEP][PASSED] - Statement - fromDateValue = CustomKeywords.projectSpecific.Reusability.getTestData("ReportsPage", "fromDate_March3"): projectSpecific.Reusability.getTestData is PASSED

2018-05-21 14:09:10 - [MESSAGE][PASSED] - projectSpecific.Reusability.getTestData is PASSED

2018-05-21 14:09:10 - [TEST_STEP][PASSED] - Statement - If (!(dateAttr.equals(fromDateValue))): null

2018-05-21 14:09:10 - [TEST_STEP][PASSED] - Statement - dateAttr = com.kms.katalon.core.webui.keyword.WebUiBuiltInKeywords.getAttribute(com.kms.katalon.core.testobject.ObjectRepository.findTestObject(ReportsPage/selectedDate2), "value"): Attribute 'value' of object 'Object Repository/ReportsPage/selectedDate2' is: '03/17/2018'

2018-05-21 14:09:10 - [MESSAGE][PASSED] - Attribute 'value' of object 'Object Repository/ReportsPage/selectedDate2' is: '03/17/2018'

2018-05-21 14:09:10 - [TEST_STEP][PASSED] - Statement - toDateValue = CustomKeywords.projectSpecific.Reusability.getTestData("ReportsPage", "toDate_March3"): projectSpecific.Reusability.getTestData is PASSED

2018-05-21 14:09:10 - [MESSAGE][PASSED] - projectSpecific.Reusability.getTestData is PASSED

2018-05-21 14:09:10 - [TEST_STEP][PASSED] - Statement - If (!(dateAttr.equals(toDateValue))): null

2018-05-21 14:09:10 - [TEST_STEP][PASSED] - click: Object: 'Object Repository/ReportsPage/generateReport' is clicked on

2018-05-21 14:09:10 - [MESSAGE][PASSED] - Object: 'Object Repository/ReportsPage/generateReport' is clicked on

2018-05-21 14:09:10 - [TEST_STEP][PASSED] - delay: Delayed 5 second(s)

2018-05-21 14:09:15 - [MESSAGE][PASSED] - Delayed 5 second(s)

2018-05-21 14:09:15 - [TEST_STEP][PASSED] - Statement - printTime = CustomKeywords.uiaction.CommonUIActions.getText(com.kms.katalon.core.testobject.ObjectRepository.findTestObject(SummarizedReportPage/printTime)): uiaction.CommonUIActions.getText is PASSED

2018-05-21 14:09:15 - [MESSAGE][PASSED] - uiaction.CommonUIActions.getText is PASSED

2018-05-21 14:09:15 - [TEST_STEP][PASSED] - Statement - cal = java.util.Calendar.getInstance(): null

2018-05-21 14:09:15 - [TEST_STEP][PASSED] - Statement - sdf = new java.text.SimpleDateFormat(hh:mm a): null

2018-05-21 14:09:15 - [TEST_STEP][PASSED] - Statement - currentSystemTime = sdf.format(cal.getTime()): null

2018-05-21 14:09:15 - [TEST_STEP][PASSED] - Statement - out.println(currentSystemTime): null

2018-05-21 14:09:15 - [TEST_STEP][PASSED] - Statement - If (printTime == currentSystemTime): null

2018-05-21 14:09:15 - [TEST_STEP][PASSED] - Statement - out.println("Print Time is displayed the current local time "): null

2018-05-21 14:09:15 - [TEST_STEP][PASSED] - uiaction.CommonUIActions.click: uiaction.CommonUIActions.click is PASSED

2018-05-21 14:09:16 - [MESSAGE][PASSED] - uiaction.CommonUIActions.click is PASSED

2018-05-21 14:09:16 - [TEST_STEP][PASSED] - Statement - assert TCflag == true: null

2018-05-21 14:09:16 - [TEST_STEP][PASSED] - Start listener action : sampleAfterTestCase: Browser is closed

2018-05-21 14:09:16 - [TEST_STEP][PASSED] - Statement - println(testCaseContext.getTestCaseId()): null

2018-05-21 14:09:16 - [TEST_STEP][PASSED] - Statement - println(testCaseContext.getTestCaseStatus()): null

2018-05-21 14:09:16 - [TEST_STEP][PASSED] - closeBrowser: Browser is closed

2018-05-21 14:09:17 - [MESSAGE][PASSED] - Browser is closed]]></system-out>
         <system-err><![CDATA[]]></system-err>
      </testcase>
      <testcase name="Test Cases/TimeZoneTC/HME-Account_Setting-Timezone-06" classname="Test Cases/TimeZoneTC/HME-Account_Setting-Timezone-06" status="PASSED">
         <system-out><![CDATA[2018-05-21 14:09:17 - [TEST_CASE][PASSED] - Test Cases/TimeZoneTC/HME-Account_Setting-Timezone-06: Browser is closed

2018-05-21 14:09:17 - [TEST_STEP][PASSED] - Start listener action : sampleBeforeTestCase: uiaction.CommonUIActions.deleteAllCookies is PASSED

2018-05-21 14:09:17 - [TEST_STEP][PASSED] - openBrowser: Browser is opened with url: ''

2018-05-21 14:09:19 - [MESSAGE][PASSED] - Browser is opened with url: ''

2018-05-21 14:09:19 - [TEST_STEP][PASSED] - maximizeWindow: Current window maximized

2018-05-21 14:09:20 - [MESSAGE][PASSED] - Current window maximized

2018-05-21 14:09:20 - [TEST_STEP][PASSED] - uiaction.CommonUIActions.deleteAllCookies: uiaction.CommonUIActions.deleteAllCookies is PASSED

2018-05-21 14:09:21 - [MESSAGE][PASSED] - Delete all cookies successfully

2018-05-21 14:09:21 - [MESSAGE][PASSED] - uiaction.CommonUIActions.deleteAllCookies is PASSED

2018-05-21 14:09:21 - [TEST_STEP][PASSED] - Statement - TCflag = true: null

2018-05-21 14:09:21 - [TEST_STEP][PASSED] - Statement - Try: uiaction.CommonUIActions.click is PASSED

2018-05-21 14:09:21 - [TEST_STEP][PASSED] - navigateToUrl: Navigate to 'https://hme-dev-public-cloud-app.azurewebsites.net/' successfully

2018-05-21 14:09:24 - [MESSAGE][PASSED] - Navigate to 'https://hme-dev-public-cloud-app.azurewebsites.net/' successfully

2018-05-21 14:09:24 - [TEST_STEP][PASSED] - projectSpecific.Reusability.login: projectSpecific.Reusability.login is PASSED

2018-05-21 14:09:24 - [MESSAGE][PASSED] - projectSpecific.Reusability.getTestData is PASSED

2018-05-21 14:09:24 - [MESSAGE][PASSED] - projectSpecific.Reusability.getTestData is PASSED

2018-05-21 14:09:24 - [MESSAGE][PASSED] - Text 'selvendrank@nousinfo.com' is set on object 'Object Repository/LoginPage/Username'

2018-05-21 14:09:24 - [MESSAGE][PASSED] - Text 'nous;123' is set on object 'Object Repository/LoginPage/Password'

2018-05-21 14:09:24 - [MESSAGE][PASSED] - Object: 'Object Repository/LoginPage/Login' is clicked on

2018-05-21 14:09:24 - [MESSAGE][PASSED] - projectSpecific.Reusability.login is PASSED

2018-05-21 14:09:24 - [TEST_STEP][PASSED] - delay: Delayed 10 second(s)

2018-05-21 14:09:34 - [MESSAGE][PASSED] - Delayed 10 second(s)

2018-05-21 14:09:34 - [TEST_STEP][PASSED] - Statement - welcomeMsg = CustomKeywords.uiaction.CommonUIActions.getText(com.kms.katalon.core.testobject.ObjectRepository.findTestObject(HomePage/welcomeMessage)): uiaction.CommonUIActions.getText is PASSED

2018-05-21 14:09:46 - [MESSAGE][PASSED] - uiaction.CommonUIActions.getText is PASSED

2018-05-21 14:09:46 - [TEST_STEP][PASSED] - Statement - expactedWelcomeMsg = CustomKeywords.projectSpecific.Reusability.getTestData("HomePage", "welcomeMessage"): projectSpecific.Reusability.getTestData is PASSED

2018-05-21 14:09:46 - [MESSAGE][PASSED] - projectSpecific.Reusability.getTestData is PASSED

2018-05-21 14:09:46 - [TEST_STEP][PASSED] - verifyMatch: Actual text 'Welcome to HME CLOUD, Selvendran!' and expected text 'Welcome to HME CLOUD, Selvendran!' are matched 

2018-05-21 14:09:46 - [MESSAGE][PASSED] - Actual text 'Welcome to HME CLOUD, Selvendran!' and expected text 'Welcome to HME CLOUD, Selvendran!' are matched 

2018-05-21 14:09:46 - [TEST_STEP][PASSED] - uiaction.CommonUIActions.click: uiaction.CommonUIActions.click is PASSED

2018-05-21 14:09:59 - [MESSAGE][PASSED] - uiaction.CommonUIActions.click is PASSED

2018-05-21 14:09:59 - [TEST_STEP][PASSED] - uiaction.CommonUIActions.click: uiaction.CommonUIActions.click is PASSED

2018-05-21 14:10:01 - [MESSAGE][PASSED] - uiaction.CommonUIActions.click is PASSED

2018-05-21 14:10:01 - [TEST_STEP][PASSED] - uiaction.CommonUIActions.click: uiaction.CommonUIActions.click is PASSED

2018-05-21 14:10:01 - [MESSAGE][PASSED] - uiaction.CommonUIActions.click is PASSED

2018-05-21 14:10:01 - [TEST_STEP][PASSED] - uiaction.CommonUIActions.click: uiaction.CommonUIActions.click is PASSED

2018-05-21 14:10:08 - [MESSAGE][PASSED] - uiaction.CommonUIActions.click is PASSED

2018-05-21 14:10:08 - [TEST_STEP][PASSED] - Statement - storeID = CustomKeywords.uiaction.CommonUIActions.getText(com.kms.katalon.core.testobject.ObjectRepository.findTestObject(StorePage/storeID)): uiaction.CommonUIActions.getText is PASSED

2018-05-21 14:10:08 - [MESSAGE][PASSED] - uiaction.CommonUIActions.getText is PASSED

2018-05-21 14:10:08 - [TEST_STEP][PASSED] - Statement - storenumber = storeID.trim(): null

2018-05-21 14:10:08 - [TEST_STEP][PASSED] - Statement - println(storenumber): null

2018-05-21 14:10:08 - [TEST_STEP][PASSED] - uiaction.CommonUIActions.click: uiaction.CommonUIActions.click is PASSED

2018-05-21 14:10:09 - [MESSAGE][PASSED] - uiaction.CommonUIActions.click is PASSED

2018-05-21 14:10:09 - [TEST_STEP][PASSED] - delay: Delayed 10 second(s)

2018-05-21 14:10:19 - [MESSAGE][PASSED] - Delayed 10 second(s)

2018-05-21 14:10:19 - [TEST_STEP][PASSED] - Statement - driver = com.kms.katalon.core.webui.driver.DriverFactory.getWebDriver(): null

2018-05-21 14:10:19 - [TEST_STEP][PASSED] - Statement - driver.findElement(org.openqa.selenium.By.xpath("//span[contains(text(),'" + storenumber.trim() + "')]")).click(): null

2018-05-21 14:10:19 - [TEST_STEP][PASSED] - delay: Delayed 5 second(s)

2018-05-21 14:10:24 - [MESSAGE][PASSED] - Delayed 5 second(s)

2018-05-21 14:10:24 - [TEST_STEP][PASSED] - click: Object: 'Object Repository/ReportsPage/timeSelection' is clicked on

2018-05-21 14:10:24 - [MESSAGE][PASSED] - Object: 'Object Repository/ReportsPage/timeSelection' is clicked on

2018-05-21 14:10:24 - [TEST_STEP][PASSED] - click: Object: 'Object Repository/ReportsPage/weekTimeOption' is clicked on

2018-05-21 14:10:24 - [MESSAGE][PASSED] - Object: 'Object Repository/ReportsPage/weekTimeOption' is clicked on

2018-05-21 14:10:24 - [TEST_STEP][PASSED] - click: Object: 'Object Repository/ReportsPage/summaryReportHeading' is clicked on

2018-05-21 14:10:25 - [MESSAGE][PASSED] - Object: 'Object Repository/ReportsPage/summaryReportHeading' is clicked on

2018-05-21 14:10:25 - [TEST_STEP][PASSED] - verifyElementText: Actual text and expected text of test object 'Object Repository/ReportsPage/weekTimeOption' are matched.

2018-05-21 14:10:25 - [MESSAGE][PASSED] - projectSpecific.Reusability.getTestData is PASSED

2018-05-21 14:10:25 - [MESSAGE][PASSED] - Actual text and expected text of test object 'Object Repository/ReportsPage/weekTimeOption' are matched.

2018-05-21 14:10:25 - [TEST_STEP][PASSED] - verifyElementText: Actual text and expected text of test object 'Object Repository/ReportsPage/criteriaTimeMeasure' are matched.

2018-05-21 14:10:25 - [MESSAGE][PASSED] - projectSpecific.Reusability.getTestData is PASSED

2018-05-21 14:10:25 - [MESSAGE][PASSED] - Actual text and expected text of test object 'Object Repository/ReportsPage/criteriaTimeMeasure' are matched.

2018-05-21 14:10:25 - [TEST_STEP][PASSED] - delay: Delayed 5 second(s)

2018-05-21 14:10:30 - [MESSAGE][PASSED] - Delayed 5 second(s)

2018-05-21 14:10:30 - [TEST_STEP][PASSED] - click: Object: 'Object Repository/ReportsPage/fromDateSelector' is clicked on

2018-05-21 14:10:30 - [MESSAGE][PASSED] - Object: 'Object Repository/ReportsPage/fromDateSelector' is clicked on

2018-05-21 14:10:30 - [TEST_STEP][PASSED] - delay: Delayed 5 second(s)

2018-05-21 14:10:35 - [MESSAGE][PASSED] - Delayed 5 second(s)

2018-05-21 14:10:35 - [TEST_STEP][PASSED] - Statement - monthText = com.kms.katalon.core.webui.keyword.WebUiBuiltInKeywords.getText(com.kms.katalon.core.testobject.ObjectRepository.findTestObject(ReportsPage/monthText)): Text of object 'Object Repository/ReportsPage/monthText' is: 'May 2018'

2018-05-21 14:10:35 - [MESSAGE][PASSED] - Text of object 'Object Repository/ReportsPage/monthText' is: 'May 2018'

2018-05-21 14:10:35 - [TEST_STEP][PASSED] - Statement - monthTextArray = monthText.split(" "): null

2018-05-21 14:10:35 - [TEST_STEP][PASSED] - Statement - month = monthTextArray[0]: null

2018-05-21 14:10:35 - [TEST_STEP][PASSED] - Statement - monthTextValue = CustomKeywords.projectSpecific.Reusability.getTestData("ReportsPage", "Month"): projectSpecific.Reusability.getTestData is PASSED

2018-05-21 14:10:35 - [MESSAGE][PASSED] - projectSpecific.Reusability.getTestData is PASSED

2018-05-21 14:10:35 - [TEST_STEP][PASSED] - Statement - If (!(monthTextValue.equals(month))): null

2018-05-21 14:10:35 - [TEST_STEP][PASSED] - Statement - While (!(monthTextValue.equals(month))): null

2018-05-21 14:10:35 - [TEST_STEP][PASSED] - click: Object: 'Object Repository/ReportsPage/previousDateSelector' is clicked on

2018-05-21 14:10:35 - [MESSAGE][PASSED] - Object: 'Object Repository/ReportsPage/previousDateSelector' is clicked on

2018-05-21 14:10:35 - [TEST_STEP][PASSED] - Statement - monthText = com.kms.katalon.core.webui.keyword.WebUiBuiltInKeywords.getText(com.kms.katalon.core.testobject.ObjectRepository.findTestObject(ReportsPage/monthText)): Text of object 'Object Repository/ReportsPage/monthText' is: 'April 2018'

2018-05-21 14:10:35 - [MESSAGE][PASSED] - Text of object 'Object Repository/ReportsPage/monthText' is: 'April 2018'

2018-05-21 14:10:35 - [TEST_STEP][PASSED] - Statement - monthTextArray = monthText.split(" "): null

2018-05-21 14:10:35 - [TEST_STEP][PASSED] - Statement - month = monthTextArray[0]: null

2018-05-21 14:10:35 - [TEST_STEP][PASSED] - click: Object: 'Object Repository/ReportsPage/previousDateSelector' is clicked on

2018-05-21 14:10:35 - [MESSAGE][PASSED] - Object: 'Object Repository/ReportsPage/previousDateSelector' is clicked on

2018-05-21 14:10:35 - [TEST_STEP][PASSED] - Statement - monthText = com.kms.katalon.core.webui.keyword.WebUiBuiltInKeywords.getText(com.kms.katalon.core.testobject.ObjectRepository.findTestObject(ReportsPage/monthText)): Text of object 'Object Repository/ReportsPage/monthText' is: 'March 2018'

2018-05-21 14:10:35 - [MESSAGE][PASSED] - Text of object 'Object Repository/ReportsPage/monthText' is: 'March 2018'

2018-05-21 14:10:35 - [TEST_STEP][PASSED] - Statement - monthTextArray = monthText.split(" "): null

2018-05-21 14:10:35 - [TEST_STEP][PASSED] - Statement - month = monthTextArray[0]: null

2018-05-21 14:10:35 - [TEST_STEP][PASSED] - Statement - data = CustomKeywords.projectSpecific.Reusability.getTestData("ReportsPage", "StartDate_March2"): projectSpecific.Reusability.getTestData is PASSED

2018-05-21 14:10:35 - [MESSAGE][PASSED] - projectSpecific.Reusability.getTestData is PASSED

2018-05-21 14:10:35 - [TEST_STEP][PASSED] - Statement - startDate = "(//td[text()='" + data + "'])[1]": null

2018-05-21 14:10:35 - [TEST_STEP][PASSED] - Statement - println(startDate): null

2018-05-21 14:10:35 - [TEST_STEP][PASSED] - Statement - startdateEle = driver.findElement(org.openqa.selenium.By.xpath(startDate)): null

2018-05-21 14:10:35 - [TEST_STEP][PASSED] - Statement - startdateEle.click(): null

2018-05-21 14:10:35 - [TEST_STEP][PASSED] - delay: Delayed 5 second(s)

2018-05-21 14:10:40 - [MESSAGE][PASSED] - Delayed 5 second(s)

2018-05-21 14:10:40 - [TEST_STEP][PASSED] - click: Object: 'Object Repository/ReportsPage/toDateSelector' is clicked on

2018-05-21 14:10:40 - [MESSAGE][PASSED] - Object: 'Object Repository/ReportsPage/toDateSelector' is clicked on

2018-05-21 14:10:40 - [TEST_STEP][PASSED] - Statement - monthText = com.kms.katalon.core.webui.keyword.WebUiBuiltInKeywords.getText(com.kms.katalon.core.testobject.ObjectRepository.findTestObject(ReportsPage/monthText2)): Text of object 'Object Repository/ReportsPage/monthText2' is: 'May 2018'

2018-05-21 14:10:40 - [MESSAGE][PASSED] - Text of object 'Object Repository/ReportsPage/monthText2' is: 'May 2018'

2018-05-21 14:10:40 - [TEST_STEP][PASSED] - Statement - monthTextArray = monthText.split(" "): null

2018-05-21 14:10:40 - [TEST_STEP][PASSED] - Statement - month = monthTextArray[0]: null

2018-05-21 14:10:40 - [TEST_STEP][PASSED] - Statement - monthTextValue1 = CustomKeywords.projectSpecific.Reusability.getTestData("ReportsPage", "Month"): projectSpecific.Reusability.getTestData is PASSED

2018-05-21 14:10:40 - [MESSAGE][PASSED] - projectSpecific.Reusability.getTestData is PASSED

2018-05-21 14:10:40 - [TEST_STEP][PASSED] - Statement - If (!(monthTextValue1.equals(month))): null

2018-05-21 14:10:40 - [TEST_STEP][PASSED] - Statement - While (!(monthTextValue1.equals(month))): null

2018-05-21 14:10:40 - [TEST_STEP][PASSED] - click: Object: 'Object Repository/ReportsPage/previousDateSelector2' is clicked on

2018-05-21 14:10:40 - [MESSAGE][PASSED] - Object: 'Object Repository/ReportsPage/previousDateSelector2' is clicked on

2018-05-21 14:10:40 - [TEST_STEP][PASSED] - Statement - monthText = com.kms.katalon.core.webui.keyword.WebUiBuiltInKeywords.getText(com.kms.katalon.core.testobject.ObjectRepository.findTestObject(ReportsPage/monthText2)): Text of object 'Object Repository/ReportsPage/monthText2' is: 'April 2018'

2018-05-21 14:10:40 - [MESSAGE][PASSED] - Text of object 'Object Repository/ReportsPage/monthText2' is: 'April 2018'

2018-05-21 14:10:40 - [TEST_STEP][PASSED] - Statement - monthTextArray = monthText.split(" "): null

2018-05-21 14:10:40 - [TEST_STEP][PASSED] - Statement - month = monthTextArray[0]: null

2018-05-21 14:10:40 - [TEST_STEP][PASSED] - click: Object: 'Object Repository/ReportsPage/previousDateSelector2' is clicked on

2018-05-21 14:10:40 - [MESSAGE][PASSED] - Object: 'Object Repository/ReportsPage/previousDateSelector2' is clicked on

2018-05-21 14:10:40 - [TEST_STEP][PASSED] - Statement - monthText = com.kms.katalon.core.webui.keyword.WebUiBuiltInKeywords.getText(com.kms.katalon.core.testobject.ObjectRepository.findTestObject(ReportsPage/monthText2)): Text of object 'Object Repository/ReportsPage/monthText2' is: 'March 2018'

2018-05-21 14:10:40 - [MESSAGE][PASSED] - Text of object 'Object Repository/ReportsPage/monthText2' is: 'March 2018'

2018-05-21 14:10:40 - [TEST_STEP][PASSED] - Statement - monthTextArray = monthText.split(" "): null

2018-05-21 14:10:40 - [TEST_STEP][PASSED] - Statement - month = monthTextArray[0]: null

2018-05-21 14:10:40 - [TEST_STEP][PASSED] - Statement - endDate = CustomKeywords.projectSpecific.Reusability.getTestData("ReportsPage", "EndDate_March2"): projectSpecific.Reusability.getTestData is PASSED

2018-05-21 14:10:40 - [MESSAGE][PASSED] - projectSpecific.Reusability.getTestData is PASSED

2018-05-21 14:10:40 - [TEST_STEP][PASSED] - Statement - toDate = "(//td[text()='" + endDate + "'])[2]": null

2018-05-21 14:10:40 - [TEST_STEP][PASSED] - Statement - println(toDate): null

2018-05-21 14:10:40 - [TEST_STEP][PASSED] - Statement - toDateEle = driver.findElement(org.openqa.selenium.By.xpath(toDate)): null

2018-05-21 14:10:40 - [TEST_STEP][PASSED] - Statement - toDateEle.click(): null

2018-05-21 14:10:40 - [TEST_STEP][PASSED] - delay: Delayed 5 second(s)

2018-05-21 14:10:45 - [MESSAGE][PASSED] - Delayed 5 second(s)

2018-05-21 14:10:45 - [TEST_STEP][PASSED] - Statement - dateAttr = com.kms.katalon.core.webui.keyword.WebUiBuiltInKeywords.getAttribute(com.kms.katalon.core.testobject.ObjectRepository.findTestObject(ReportsPage/selectedDate1), "value"): Attribute 'value' of object 'Object Repository/ReportsPage/selectedDate1' is: '03/13/2018'

2018-05-21 14:10:45 - [MESSAGE][PASSED] - Attribute 'value' of object 'Object Repository/ReportsPage/selectedDate1' is: '03/13/2018'

2018-05-21 14:10:45 - [TEST_STEP][PASSED] - Statement - fromDateValue = CustomKeywords.projectSpecific.Reusability.getTestData("ReportsPage", "fromDate_March2"): projectSpecific.Reusability.getTestData is PASSED

2018-05-21 14:10:45 - [MESSAGE][PASSED] - projectSpecific.Reusability.getTestData is PASSED

2018-05-21 14:10:45 - [TEST_STEP][PASSED] - Statement - If (!(dateAttr.equals(fromDateValue))): null

2018-05-21 14:10:45 - [TEST_STEP][PASSED] - Statement - dateAttr = com.kms.katalon.core.webui.keyword.WebUiBuiltInKeywords.getAttribute(com.kms.katalon.core.testobject.ObjectRepository.findTestObject(ReportsPage/selectedDate2), "value"): Attribute 'value' of object 'Object Repository/ReportsPage/selectedDate2' is: '03/16/2018'

2018-05-21 14:10:45 - [MESSAGE][PASSED] - Attribute 'value' of object 'Object Repository/ReportsPage/selectedDate2' is: '03/16/2018'

2018-05-21 14:10:45 - [TEST_STEP][PASSED] - Statement - toDateValue = CustomKeywords.projectSpecific.Reusability.getTestData("ReportsPage", "toDate_March2"): projectSpecific.Reusability.getTestData is PASSED

2018-05-21 14:10:45 - [MESSAGE][PASSED] - projectSpecific.Reusability.getTestData is PASSED

2018-05-21 14:10:45 - [TEST_STEP][PASSED] - Statement - If (!(dateAttr.equals(toDateValue))): null

2018-05-21 14:10:45 - [TEST_STEP][PASSED] - click: Object: 'Object Repository/ReportsPage/generateReport' is clicked on

2018-05-21 14:10:45 - [MESSAGE][PASSED] - Object: 'Object Repository/ReportsPage/generateReport' is clicked on

2018-05-21 14:10:45 - [TEST_STEP][PASSED] - delay: Delayed 5 second(s)

2018-05-21 14:10:50 - [MESSAGE][PASSED] - Delayed 5 second(s)

2018-05-21 14:10:50 - [TEST_STEP][PASSED] - Statement - printTime = CustomKeywords.uiaction.CommonUIActions.getText(com.kms.katalon.core.testobject.ObjectRepository.findTestObject(SummarizedReportPage/printTime)): uiaction.CommonUIActions.getText is PASSED

2018-05-21 14:10:50 - [MESSAGE][PASSED] - uiaction.CommonUIActions.getText is PASSED

2018-05-21 14:10:50 - [TEST_STEP][PASSED] - Statement - cal = java.util.Calendar.getInstance(): null

2018-05-21 14:10:50 - [TEST_STEP][PASSED] - Statement - sdf = new java.text.SimpleDateFormat(hh:mm a): null

2018-05-21 14:10:50 - [TEST_STEP][PASSED] - Statement - currentSystemTime = sdf.format(cal.getTime()): null

2018-05-21 14:10:50 - [TEST_STEP][PASSED] - Statement - out.println(currentSystemTime): null

2018-05-21 14:10:50 - [TEST_STEP][PASSED] - Statement - If (printTime == currentSystemTime): null

2018-05-21 14:10:50 - [TEST_STEP][PASSED] - Statement - out.println("Print Time is displayed the current local time "): null

2018-05-21 14:10:50 - [TEST_STEP][PASSED] - uiaction.CommonUIActions.click: uiaction.CommonUIActions.click is PASSED

2018-05-21 14:10:53 - [MESSAGE][PASSED] - uiaction.CommonUIActions.click is PASSED

2018-05-21 14:10:53 - [TEST_STEP][PASSED] - Statement - assert TCflag == true: null

2018-05-21 14:10:53 - [TEST_STEP][PASSED] - Start listener action : sampleAfterTestCase: Browser is closed

2018-05-21 14:10:53 - [TEST_STEP][PASSED] - Statement - println(testCaseContext.getTestCaseId()): null

2018-05-21 14:10:53 - [TEST_STEP][PASSED] - Statement - println(testCaseContext.getTestCaseStatus()): null

2018-05-21 14:10:53 - [TEST_STEP][PASSED] - closeBrowser: Browser is closed

2018-05-21 14:10:53 - [MESSAGE][PASSED] - Browser is closed]]></system-out>
         <system-err><![CDATA[]]></system-err>
      </testcase>
      <testcase name="Test Cases/MasqueradeTC/HME-Masquerade-01" classname="Test Cases/MasqueradeTC/HME-Masquerade-01" status="PASSED">
         <system-out><![CDATA[2018-05-21 14:10:53 - [TEST_CASE][PASSED] - Test Cases/MasqueradeTC/HME-Masquerade-01: Browser is closed

2018-05-21 14:10:53 - [TEST_STEP][PASSED] - Start listener action : sampleBeforeTestCase: uiaction.CommonUIActions.deleteAllCookies is PASSED

2018-05-21 14:10:53 - [TEST_STEP][PASSED] - openBrowser: Browser is opened with url: ''

2018-05-21 14:10:56 - [MESSAGE][PASSED] - Browser is opened with url: ''

2018-05-21 14:10:56 - [TEST_STEP][PASSED] - maximizeWindow: Current window maximized

2018-05-21 14:10:57 - [MESSAGE][PASSED] - Current window maximized

2018-05-21 14:10:57 - [TEST_STEP][PASSED] - uiaction.CommonUIActions.deleteAllCookies: uiaction.CommonUIActions.deleteAllCookies is PASSED

2018-05-21 14:10:57 - [MESSAGE][PASSED] - Delete all cookies successfully

2018-05-21 14:10:57 - [MESSAGE][PASSED] - uiaction.CommonUIActions.deleteAllCookies is PASSED

2018-05-21 14:10:57 - [TEST_STEP][PASSED] - Statement - TCflag = true: null

2018-05-21 14:10:57 - [TEST_STEP][PASSED] - Statement - Try: null

2018-05-21 14:10:57 - [TEST_STEP][PASSED] - navigateToUrl: Navigate to 'https://hme-dev-public-cloud-app.azurewebsites.net/admin' successfully

2018-05-21 14:11:00 - [MESSAGE][PASSED] - Navigate to 'https://hme-dev-public-cloud-app.azurewebsites.net/admin' successfully

2018-05-21 14:11:00 - [TEST_STEP][PASSED] - projectSpecific.Reusability.login: projectSpecific.Reusability.login is PASSED

2018-05-21 14:11:00 - [MESSAGE][PASSED] - projectSpecific.Reusability.getTestData is PASSED

2018-05-21 14:11:00 - [MESSAGE][PASSED] - projectSpecific.Reusability.getTestData is PASSED

2018-05-21 14:11:00 - [MESSAGE][PASSED] - Text 'nous-abhradipr@hme.com' is set on object 'Object Repository/LoginPage/Username'

2018-05-21 14:11:00 - [MESSAGE][PASSED] - Text '6Qt*qmL88' is set on object 'Object Repository/LoginPage/Password'

2018-05-21 14:11:00 - [MESSAGE][PASSED] - Object: 'Object Repository/LoginPage/Login' is clicked on

2018-05-21 14:11:00 - [MESSAGE][PASSED] - projectSpecific.Reusability.login is PASSED

2018-05-21 14:11:00 - [TEST_STEP][PASSED] - delay: Delayed 10 second(s)

2018-05-21 14:11:10 - [MESSAGE][PASSED] - Delayed 10 second(s)

2018-05-21 14:11:10 - [TEST_STEP][PASSED] - uiaction.CommonUIActions.click: uiaction.CommonUIActions.click is PASSED

2018-05-21 14:11:11 - [MESSAGE][PASSED] - uiaction.CommonUIActions.click is PASSED

2018-05-21 14:11:11 - [TEST_STEP][PASSED] - delay: Delayed 10 second(s)

2018-05-21 14:11:21 - [MESSAGE][PASSED] - Delayed 10 second(s)

2018-05-21 14:11:21 - [TEST_STEP][PASSED] - verifyElementPresent: Object 'Object Repository/UsersPage/users' is present

2018-05-21 14:11:21 - [MESSAGE][PASSED] - Object 'Object Repository/UsersPage/users' is present

2018-05-21 14:11:21 - [TEST_STEP][PASSED] - verifyElementPresent: Object 'Object Repository/UsersPage/viewEditButton' is present

2018-05-21 14:11:21 - [MESSAGE][PASSED] - Object 'Object Repository/UsersPage/viewEditButton' is present

2018-05-21 14:11:21 - [TEST_STEP][PASSED] - Statement - driver = com.kms.katalon.core.webui.driver.DriverFactory.getWebDriver(): null

2018-05-21 14:11:21 - [TEST_STEP][PASSED] - Statement - userList = driver.findElements(org.openqa.selenium.By.xpath(com.kms.katalon.core.testdata.TestDataFactory.findTestData(OR_file).getValue(2, 19))): Reading excel file with source file 'C:\Users\shalinin\Katalon Studio\HME_Scripts\Data Files\HME_OR.xlsx' and sheet name 'Sheet1'

2018-05-21 14:11:21 - [TEST_STEP][PASSED] - Statement - size1 = userList.size(): null

2018-05-21 14:11:21 - [TEST_STEP][PASSED] - Statement - If (size1 <= 0): null

2018-05-21 14:11:21 - [TEST_STEP][PASSED] - Statement - Else: null

2018-05-21 14:11:21 - [TEST_STEP][PASSED] - Statement - out.println("User List is displayed"): null

2018-05-21 14:11:21 - [TEST_STEP][PASSED] - Statement - viewEditButtonList = driver.findElements(org.openqa.selenium.By.xpath(com.kms.katalon.core.testdata.TestDataFactory.findTestData(OR_file).getValue(2, 20))): Reading excel file with source file 'C:\Users\shalinin\Katalon Studio\HME_Scripts\Data Files\HME_OR.xlsx' and sheet name 'Sheet1'

2018-05-21 14:11:21 - [TEST_STEP][PASSED] - Statement - size2 = viewEditButtonList.size(): null

2018-05-21 14:11:21 - [TEST_STEP][PASSED] - Statement - If (size2 <= 0): null

2018-05-21 14:11:21 - [TEST_STEP][PASSED] - Statement - Else: null

2018-05-21 14:11:21 - [TEST_STEP][PASSED] - Statement - out.println("View/Edit Button is displayed"): null

2018-05-21 14:11:21 - [TEST_STEP][PASSED] - Statement - assert TCflag == true: null

2018-05-21 14:11:21 - [TEST_STEP][PASSED] - Start listener action : sampleAfterTestCase: Browser is closed

2018-05-21 14:11:21 - [TEST_STEP][PASSED] - Statement - println(testCaseContext.getTestCaseId()): null

2018-05-21 14:11:21 - [TEST_STEP][PASSED] - Statement - println(testCaseContext.getTestCaseStatus()): null

2018-05-21 14:11:21 - [TEST_STEP][PASSED] - closeBrowser: Browser is closed

2018-05-21 14:11:22 - [MESSAGE][PASSED] - Browser is closed]]></system-out>
         <system-err><![CDATA[]]></system-err>
      </testcase>
      <testcase name="Test Cases/MasqueradeTC/HME-Masquerade-03" classname="Test Cases/MasqueradeTC/HME-Masquerade-03" status="PASSED">
         <system-out><![CDATA[2018-05-21 14:11:22 - [TEST_CASE][PASSED] - Test Cases/MasqueradeTC/HME-Masquerade-03: Browser is closed

2018-05-21 14:11:22 - [TEST_STEP][PASSED] - Start listener action : sampleBeforeTestCase: uiaction.CommonUIActions.deleteAllCookies is PASSED

2018-05-21 14:11:22 - [TEST_STEP][PASSED] - openBrowser: Browser is opened with url: ''

2018-05-21 14:11:24 - [MESSAGE][PASSED] - Browser is opened with url: ''

2018-05-21 14:11:24 - [TEST_STEP][PASSED] - maximizeWindow: Current window maximized

2018-05-21 14:11:25 - [MESSAGE][PASSED] - Current window maximized

2018-05-21 14:11:25 - [TEST_STEP][PASSED] - uiaction.CommonUIActions.deleteAllCookies: uiaction.CommonUIActions.deleteAllCookies is PASSED

2018-05-21 14:11:25 - [MESSAGE][PASSED] - Delete all cookies successfully

2018-05-21 14:11:25 - [MESSAGE][PASSED] - uiaction.CommonUIActions.deleteAllCookies is PASSED

2018-05-21 14:11:25 - [TEST_STEP][PASSED] - Statement - TCflag = true: null

2018-05-21 14:11:25 - [TEST_STEP][PASSED] - Statement - Try: null

2018-05-21 14:11:25 - [TEST_STEP][PASSED] - navigateToUrl: Navigate to 'https://hme-dev-public-cloud-app.azurewebsites.net/admin' successfully

2018-05-21 14:11:28 - [MESSAGE][PASSED] - Navigate to 'https://hme-dev-public-cloud-app.azurewebsites.net/admin' successfully

2018-05-21 14:11:28 - [TEST_STEP][PASSED] - projectSpecific.Reusability.login: projectSpecific.Reusability.login is PASSED

2018-05-21 14:11:28 - [MESSAGE][PASSED] - projectSpecific.Reusability.getTestData is PASSED

2018-05-21 14:11:28 - [MESSAGE][PASSED] - projectSpecific.Reusability.getTestData is PASSED

2018-05-21 14:11:28 - [MESSAGE][PASSED] - Text 'nous-abhradipr@hme.com' is set on object 'Object Repository/LoginPage/Username'

2018-05-21 14:11:29 - [MESSAGE][PASSED] - Text '6Qt*qmL88' is set on object 'Object Repository/LoginPage/Password'

2018-05-21 14:11:29 - [MESSAGE][PASSED] - Object: 'Object Repository/LoginPage/Login' is clicked on

2018-05-21 14:11:29 - [MESSAGE][PASSED] - projectSpecific.Reusability.login is PASSED

2018-05-21 14:11:29 - [TEST_STEP][PASSED] - delay: Delayed 15 second(s)

2018-05-21 14:11:44 - [MESSAGE][PASSED] - Delayed 15 second(s)

2018-05-21 14:11:44 - [TEST_STEP][PASSED] - verifyElementPresent: Object 'Object Repository/HomePage/loggedinUser' is present

2018-05-21 14:11:44 - [MESSAGE][PASSED] - Object 'Object Repository/HomePage/loggedinUser' is present

2018-05-21 14:11:44 - [TEST_STEP][PASSED] - Statement - loggedInUser = CustomKeywords.uiaction.CommonUIActions.getText(com.kms.katalon.core.testobject.ObjectRepository.findTestObject(Object Repository/HomePage/loggedinUser)): uiaction.CommonUIActions.getText is PASSED

2018-05-21 14:11:44 - [MESSAGE][PASSED] - uiaction.CommonUIActions.getText is PASSED

2018-05-21 14:11:44 - [TEST_STEP][PASSED] - Statement - loggedInUser = loggedInUser.trim(): null

2018-05-21 14:11:44 - [TEST_STEP][PASSED] - Statement - loggedinText = CustomKeywords.projectSpecific.Reusability.getTestData("HomePage", "loggedinText"): projectSpecific.Reusability.getTestData is PASSED

2018-05-21 14:11:44 - [MESSAGE][PASSED] - projectSpecific.Reusability.getTestData is PASSED

2018-05-21 14:11:44 - [TEST_STEP][PASSED] - Statement - If (loggedInUser.equals(loggedinText)): null

2018-05-21 14:11:44 - [TEST_STEP][PASSED] - Statement - welcomeUser = CustomKeywords.uiaction.CommonUIActions.getText(com.kms.katalon.core.testobject.ObjectRepository.findTestObject(Object Repository/HomePage/welcomeUserText)): uiaction.CommonUIActions.getText is PASSED

2018-05-21 14:11:44 - [MESSAGE][PASSED] - uiaction.CommonUIActions.getText is PASSED

2018-05-21 14:11:44 - [TEST_STEP][PASSED] - Statement - welcomeUser = welcomeUser.trim(): null

2018-05-21 14:11:44 - [TEST_STEP][PASSED] - Statement - welcomeText = CustomKeywords.projectSpecific.Reusability.getTestData("HomePage", "welcomeText"): projectSpecific.Reusability.getTestData is PASSED

2018-05-21 14:11:44 - [MESSAGE][PASSED] - projectSpecific.Reusability.getTestData is PASSED

2018-05-21 14:11:44 - [TEST_STEP][PASSED] - Statement - If (welcomeUser.equals(welcomeText)): null

2018-05-21 14:11:44 - [TEST_STEP][PASSED] - uiaction.CommonUIActions.click: uiaction.CommonUIActions.click is PASSED

2018-05-21 14:11:51 - [MESSAGE][PASSED] - uiaction.CommonUIActions.click is PASSED

2018-05-21 14:11:51 - [TEST_STEP][PASSED] - verifyElementPresent: Object 'Object Repository/StorePage/storeListHeading2' is present

2018-05-21 14:11:51 - [MESSAGE][PASSED] - Object 'Object Repository/StorePage/storeListHeading2' is present

2018-05-21 14:11:51 - [TEST_STEP][PASSED] - verifyElementPresent: Object 'Object Repository/StorePage/storeList' is present

2018-05-21 14:11:51 - [MESSAGE][PASSED] - Object 'Object Repository/StorePage/storeList' is present

2018-05-21 14:11:51 - [TEST_STEP][PASSED] - uiaction.CommonUIActions.click: uiaction.CommonUIActions.click is PASSED

2018-05-21 14:11:52 - [MESSAGE][PASSED] - uiaction.CommonUIActions.click is PASSED

2018-05-21 14:11:52 - [TEST_STEP][PASSED] - verifyElementPresent: Object 'Object Repository/StorePage/storedetailslabel' is present

2018-05-21 14:11:52 - [MESSAGE][PASSED] - Object 'Object Repository/StorePage/storedetailslabel' is present

2018-05-21 14:11:52 - [TEST_STEP][PASSED] - verifyElementPresent: Object 'Object Repository/StorePage/zoomlabel' is present

2018-05-21 14:11:52 - [MESSAGE][PASSED] - Object 'Object Repository/StorePage/zoomlabel' is present

2018-05-21 14:11:52 - [TEST_STEP][PASSED] - Statement - storedetail_label = CustomKeywords.projectSpecific.Reusability.getTestData("StorePage", "admin_Store_Labels"): projectSpecific.Reusability.getTestData is PASSED

2018-05-21 14:11:52 - [MESSAGE][PASSED] - projectSpecific.Reusability.getTestData is PASSED

2018-05-21 14:11:52 - [TEST_STEP][PASSED] - Statement - defaultareaselected = com.kms.katalon.core.webui.keyword.WebUiBuiltInKeywords.getAttribute(com.kms.katalon.core.testobject.ObjectRepository.findTestObject(StorePage/defaultstoredetsails), "aria-selected"): Attribute 'aria-selected' of object 'Object Repository/StorePage/defaultstoredetsails' is: 'true'

2018-05-21 14:11:52 - [MESSAGE][PASSED] - Attribute 'aria-selected' of object 'Object Repository/StorePage/defaultstoredetsails' is: 'true'

2018-05-21 14:11:52 - [TEST_STEP][PASSED] - Statement - If (defaultareaselected): null

2018-05-21 14:11:52 - [TEST_STEP][PASSED] - Statement - out.println("Store Details is set by default"): null

2018-05-21 14:11:52 - [TEST_STEP][PASSED] - Statement - driver = com.kms.katalon.core.webui.driver.DriverFactory.getWebDriver(): null

2018-05-21 14:11:52 - [TEST_STEP][PASSED] - Statement - storeHeaders = driver.findElements(org.openqa.selenium.By.xpath(com.kms.katalon.core.testdata.TestDataFactory.findTestData(OR_file).getValue(2, 1))): Reading excel file with source file 'C:\Users\shalinin\Katalon Studio\HME_Scripts\Data Files\HME_OR.xlsx' and sheet name 'Sheet1'

2018-05-21 14:11:52 - [TEST_STEP][PASSED] - Statement - storeArraylabels = storedetail_label.split(","): null

2018-05-21 14:11:52 - [TEST_STEP][PASSED] - Statement - storeListlabels = new java.util.ArrayList(java.util.Arrays.asList(storeArraylabels)): null

2018-05-21 14:11:52 - [TEST_STEP][PASSED] - Statement - storeListlabels.unique(): null

2018-05-21 14:11:52 - [TEST_STEP][PASSED] - Statement - out.println(storeListlabels): null

2018-05-21 14:11:52 - [TEST_STEP][PASSED] - Statement - count = 0: null

2018-05-21 14:11:52 - [TEST_STEP][PASSED] - Statement - For ([i = 0, i < storeHeaders.size(), (i++)]): null

2018-05-21 14:11:52 - [TEST_STEP][PASSED] - Statement - storeHeadingText = storeHeaders.get(i).getText().trim(): null

2018-05-21 14:11:52 - [TEST_STEP][PASSED] - Statement - storeHeadingText = storeHeadingText.replace("*", ""): null

2018-05-21 14:11:52 - [TEST_STEP][PASSED] - Statement - execFlag = com.kms.katalon.core.webui.keyword.WebUiBuiltInKeywords.verifyMatch(storeHeadingText, storeListlabels[i].toString().trim(), false): Actual text '' and expected text '' are matched 

2018-05-21 14:11:52 - [MESSAGE][PASSED] - Actual text '' and expected text '' are matched 

2018-05-21 14:11:52 - [TEST_STEP][PASSED] - Statement - If (execFlag): null

2018-05-21 14:11:52 - [TEST_STEP][PASSED] - Statement - (count++): null

2018-05-21 14:11:52 - [TEST_STEP][PASSED] - Statement - storeHeadingText = storeHeaders.get(i).getText().trim(): null

2018-05-21 14:11:52 - [TEST_STEP][PASSED] - Statement - storeHeadingText = storeHeadingText.replace("*", ""): null

2018-05-21 14:11:52 - [TEST_STEP][PASSED] - Statement - execFlag = com.kms.katalon.core.webui.keyword.WebUiBuiltInKeywords.verifyMatch(storeHeadingText, storeListlabels[i].toString().trim(), false): Actual text 'Company Name' and expected text 'Company Name' are matched 

2018-05-21 14:11:52 - [MESSAGE][PASSED] - Actual text 'Company Name' and expected text 'Company Name' are matched 

2018-05-21 14:11:52 - [TEST_STEP][PASSED] - Statement - If (execFlag): null

2018-05-21 14:11:52 - [TEST_STEP][PASSED] - Statement - (count++): null

2018-05-21 14:11:52 - [TEST_STEP][PASSED] - Statement - storeHeadingText = storeHeaders.get(i).getText().trim(): null

2018-05-21 14:11:52 - [TEST_STEP][PASSED] - Statement - storeHeadingText = storeHeadingText.replace("*", ""): null

2018-05-21 14:11:52 - [TEST_STEP][PASSED] - Statement - execFlag = com.kms.katalon.core.webui.keyword.WebUiBuiltInKeywords.verifyMatch(storeHeadingText, storeListlabels[i].toString().trim(), false): Actual text 'Brand' and expected text 'Brand' are matched 

2018-05-21 14:11:52 - [MESSAGE][PASSED] - Actual text 'Brand' and expected text 'Brand' are matched 

2018-05-21 14:11:52 - [TEST_STEP][PASSED] - Statement - If (execFlag): null

2018-05-21 14:11:52 - [TEST_STEP][PASSED] - Statement - (count++): null

2018-05-21 14:11:52 - [TEST_STEP][PASSED] - Statement - storeHeadingText = storeHeaders.get(i).getText().trim(): null

2018-05-21 14:11:52 - [TEST_STEP][PASSED] - Statement - storeHeadingText = storeHeadingText.replace("*", ""): null

2018-05-21 14:11:52 - [TEST_STEP][PASSED] - Statement - execFlag = com.kms.katalon.core.webui.keyword.WebUiBuiltInKeywords.verifyMatch(storeHeadingText, storeListlabels[i].toString().trim(), false): Actual text 'Store #' and expected text 'Store #' are matched 

2018-05-21 14:11:52 - [MESSAGE][PASSED] - Actual text 'Store #' and expected text 'Store #' are matched 

2018-05-21 14:11:52 - [TEST_STEP][PASSED] - Statement - If (execFlag): null

2018-05-21 14:11:52 - [TEST_STEP][PASSED] - Statement - (count++): null

2018-05-21 14:11:52 - [TEST_STEP][PASSED] - Statement - storeHeadingText = storeHeaders.get(i).getText().trim(): null

2018-05-21 14:11:52 - [TEST_STEP][PASSED] - Statement - storeHeadingText = storeHeadingText.replace("*", ""): null

2018-05-21 14:11:52 - [TEST_STEP][PASSED] - Statement - execFlag = com.kms.katalon.core.webui.keyword.WebUiBuiltInKeywords.verifyMatch(storeHeadingText, storeListlabels[i].toString().trim(), false): Actual text 'Store Name' and expected text 'Store Name' are matched 

2018-05-21 14:11:52 - [MESSAGE][PASSED] - Actual text 'Store Name' and expected text 'Store Name' are matched 

2018-05-21 14:11:52 - [TEST_STEP][PASSED] - Statement - If (execFlag): null

2018-05-21 14:11:52 - [TEST_STEP][PASSED] - Statement - (count++): null

2018-05-21 14:11:52 - [TEST_STEP][PASSED] - Statement - storeHeadingText = storeHeaders.get(i).getText().trim(): null

2018-05-21 14:11:52 - [TEST_STEP][PASSED] - Statement - storeHeadingText = storeHeadingText.replace("*", ""): null

2018-05-21 14:11:52 - [TEST_STEP][PASSED] - Statement - execFlag = com.kms.katalon.core.webui.keyword.WebUiBuiltInKeywords.verifyMatch(storeHeadingText, storeListlabels[i].toString().trim(), false): Actual text 'Store Address' and expected text 'Store Address' are matched 

2018-05-21 14:11:52 - [MESSAGE][PASSED] - Actual text 'Store Address' and expected text 'Store Address' are matched 

2018-05-21 14:11:52 - [TEST_STEP][PASSED] - Statement - If (execFlag): null

2018-05-21 14:11:52 - [TEST_STEP][PASSED] - Statement - (count++): null

2018-05-21 14:11:52 - [TEST_STEP][PASSED] - Statement - storeHeadingText = storeHeaders.get(i).getText().trim(): null

2018-05-21 14:11:52 - [TEST_STEP][PASSED] - Statement - storeHeadingText = storeHeadingText.replace("*", ""): null

2018-05-21 14:11:52 - [TEST_STEP][PASSED] - Statement - execFlag = com.kms.katalon.core.webui.keyword.WebUiBuiltInKeywords.verifyMatch(storeHeadingText, storeListlabels[i].toString().trim(), false): Actual text 'Serial #' and expected text 'Serial #' are matched 

2018-05-21 14:11:52 - [MESSAGE][PASSED] - Actual text 'Serial #' and expected text 'Serial #' are matched 

2018-05-21 14:11:52 - [TEST_STEP][PASSED] - Statement - If (execFlag): null

2018-05-21 14:11:52 - [TEST_STEP][PASSED] - Statement - (count++): null

2018-05-21 14:11:52 - [TEST_STEP][PASSED] - Statement - storeHeadingText = storeHeaders.get(i).getText().trim(): null

2018-05-21 14:11:52 - [TEST_STEP][PASSED] - Statement - storeHeadingText = storeHeadingText.replace("*", ""): null

2018-05-21 14:11:52 - [TEST_STEP][PASSED] - Statement - execFlag = com.kms.katalon.core.webui.keyword.WebUiBuiltInKeywords.verifyMatch(storeHeadingText, storeListlabels[i].toString().trim(), false): Actual text 'Version' and expected text 'Version' are matched 

2018-05-21 14:11:52 - [MESSAGE][PASSED] - Actual text 'Version' and expected text 'Version' are matched 

2018-05-21 14:11:52 - [TEST_STEP][PASSED] - Statement - If (execFlag): null

2018-05-21 14:11:52 - [TEST_STEP][PASSED] - Statement - (count++): null

2018-05-21 14:11:52 - [TEST_STEP][PASSED] - Statement - storeHeadingText = storeHeaders.get(i).getText().trim(): null

2018-05-21 14:11:52 - [TEST_STEP][PASSED] - Statement - storeHeadingText = storeHeadingText.replace("*", ""): null

2018-05-21 14:11:52 - [TEST_STEP][PASSED] - Statement - execFlag = com.kms.katalon.core.webui.keyword.WebUiBuiltInKeywords.verifyMatch(storeHeadingText, storeListlabels[i].toString().trim(), false): Actual text 'Subscription' and expected text 'Subscription' are matched 

2018-05-21 14:11:52 - [MESSAGE][PASSED] - Actual text 'Subscription' and expected text 'Subscription' are matched 

2018-05-21 14:11:52 - [TEST_STEP][PASSED] - Statement - If (execFlag): null

2018-05-21 14:11:52 - [TEST_STEP][PASSED] - Statement - (count++): null

2018-05-21 14:11:52 - [TEST_STEP][PASSED] - Statement - storeHeadingText = storeHeaders.get(i).getText().trim(): null

2018-05-21 14:11:52 - [TEST_STEP][PASSED] - Statement - storeHeadingText = storeHeadingText.replace("*", ""): null

2018-05-21 14:11:52 - [TEST_STEP][PASSED] - Statement - execFlag = com.kms.katalon.core.webui.keyword.WebUiBuiltInKeywords.verifyMatch(storeHeadingText, storeListlabels[i].toString().trim(), false): Actual text 'Status' and expected text 'Status' are matched 

2018-05-21 14:11:52 - [MESSAGE][PASSED] - Actual text 'Status' and expected text 'Status' are matched 

2018-05-21 14:11:52 - [TEST_STEP][PASSED] - Statement - If (execFlag): null

2018-05-21 14:11:52 - [TEST_STEP][PASSED] - Statement - (count++): null

2018-05-21 14:11:52 - [TEST_STEP][PASSED] - Statement - If (count == storeHeaders.size()): Taking screenshot successfully

2018-05-21 14:11:52 - [TEST_STEP][PASSED] - takeScreenshot: Taking screenshot successfully

2018-05-21 14:11:53 - [MESSAGE][PASSED] - Taking screenshot successfully
[[ATTACHMENT|C:\\Users\\shalinin\\Katalon Studio\\HME_Scripts\\Reports\\RegressionSuite\\20180521_135916\\1526892112703.png]]

2018-05-21 14:11:53 - [TEST_STEP][PASSED] - Statement - storeDetails = CustomKeywords.projectSpecific.Reusability.getTestData("StorePage", "admin_Store_Details"): projectSpecific.Reusability.getTestData is PASSED

2018-05-21 14:11:53 - [MESSAGE][PASSED] - projectSpecific.Reusability.getTestData is PASSED

2018-05-21 14:11:53 - [TEST_STEP][PASSED] - Statement - storeArray = storeDetails.split(","): null

2018-05-21 14:11:53 - [TEST_STEP][PASSED] - Statement - storeList = new java.util.ArrayList(java.util.Arrays.asList(storeArray)): null

2018-05-21 14:11:53 - [TEST_STEP][PASSED] - Statement - storeList.unique(): null

2018-05-21 14:11:53 - [TEST_STEP][PASSED] - Statement - out.println(storeList): null

2018-05-21 14:11:53 - [TEST_STEP][PASSED] - Statement - storeElements = driver.findElements(org.openqa.selenium.By.xpath(com.kms.katalon.core.testdata.TestDataFactory.findTestData(OR_file).getValue(2, 21))): Reading excel file with source file 'C:\Users\shalinin\Katalon Studio\HME_Scripts\Data Files\HME_OR.xlsx' and sheet name 'Sheet1'

2018-05-21 14:11:53 - [TEST_STEP][PASSED] - Statement - actualList = new java.util.ArrayList(): null

2018-05-21 14:11:53 - [TEST_STEP][PASSED] - Statement - For ([i = 0, i < storeElements.size(), (i++)]): null

2018-05-21 14:11:53 - [TEST_STEP][PASSED] - Statement - actualList.add(i, storeElements.get(i).getText()): null

2018-05-21 14:11:53 - [TEST_STEP][PASSED] - Statement - actualList.add(i, storeElements.get(i).getText()): null

2018-05-21 14:11:53 - [TEST_STEP][PASSED] - Statement - actualList.add(i, storeElements.get(i).getText()): null

2018-05-21 14:11:53 - [TEST_STEP][PASSED] - Statement - actualList.add(i, storeElements.get(i).getText()): null

2018-05-21 14:11:53 - [TEST_STEP][PASSED] - Statement - actualList.add(i, storeElements.get(i).getText()): null

2018-05-21 14:11:53 - [TEST_STEP][PASSED] - Statement - actualList.add(i, storeElements.get(i).getText()): null

2018-05-21 14:11:53 - [TEST_STEP][PASSED] - Statement - actualList.add(i, storeElements.get(i).getText()): null

2018-05-21 14:11:53 - [TEST_STEP][PASSED] - Statement - actualList.add(i, storeElements.get(i).getText()): null

2018-05-21 14:11:53 - [TEST_STEP][PASSED] - Statement - actualList.add(i, storeElements.get(i).getText()): null

2018-05-21 14:11:53 - [TEST_STEP][PASSED] - Statement - actualList.add(i, storeElements.get(i).getText()): null

2018-05-21 14:11:53 - [TEST_STEP][PASSED] - Statement - actualList.add(i, storeElements.get(i).getText()): null

2018-05-21 14:11:53 - [TEST_STEP][PASSED] - Statement - actualList.add(i, storeElements.get(i).getText()): null

2018-05-21 14:11:53 - [TEST_STEP][PASSED] - Statement - actualList.add(i, storeElements.get(i).getText()): null

2018-05-21 14:11:53 - [TEST_STEP][PASSED] - Statement - actualList.add(i, storeElements.get(i).getText()): null

2018-05-21 14:11:53 - [TEST_STEP][PASSED] - Statement - out.println(actualList): null

2018-05-21 14:11:53 - [TEST_STEP][PASSED] - Statement - execFlag1 = true: null

2018-05-21 14:11:53 - [TEST_STEP][PASSED] - Statement - For ([j = 0, j < actualList.size(), (j++)]): null

2018-05-21 14:11:53 - [TEST_STEP][PASSED] - Statement - execFlag1 = com.kms.katalon.core.webui.keyword.WebUiBuiltInKeywords.verifyMatch(storeList.get(j).toString().trim(), actualList.get(j).toString().trim(), false): Actual text 'Brand: *' and expected text 'Brand: *' are matched 

2018-05-21 14:11:53 - [MESSAGE][PASSED] - Actual text 'Brand: *' and expected text 'Brand: *' are matched 

2018-05-21 14:11:53 - [TEST_STEP][PASSED] - Statement - If (!(execFlag1)): null

2018-05-21 14:11:53 - [TEST_STEP][PASSED] - Statement - execFlag1 = com.kms.katalon.core.webui.keyword.WebUiBuiltInKeywords.verifyMatch(storeList.get(j).toString().trim(), actualList.get(j).toString().trim(), false): Actual text 'Store Name:' and expected text 'Store Name:' are matched 

2018-05-21 14:11:53 - [MESSAGE][PASSED] - Actual text 'Store Name:' and expected text 'Store Name:' are matched 

2018-05-21 14:11:53 - [TEST_STEP][PASSED] - Statement - If (!(execFlag1)): null

2018-05-21 14:11:53 - [TEST_STEP][PASSED] - Statement - execFlag1 = com.kms.katalon.core.webui.keyword.WebUiBuiltInKeywords.verifyMatch(storeList.get(j).toString().trim(), actualList.get(j).toString().trim(), false): Actual text 'Store Number: *' and expected text 'Store Number: *' are matched 

2018-05-21 14:11:53 - [MESSAGE][PASSED] - Actual text 'Store Number: *' and expected text 'Store Number: *' are matched 

2018-05-21 14:11:53 - [TEST_STEP][PASSED] - Statement - If (!(execFlag1)): null

2018-05-21 14:11:53 - [TEST_STEP][PASSED] - Statement - execFlag1 = com.kms.katalon.core.webui.keyword.WebUiBuiltInKeywords.verifyMatch(storeList.get(j).toString().trim(), actualList.get(j).toString().trim(), false): Actual text 'Address Line 1: *' and expected text 'Address Line 1: *' are matched 

2018-05-21 14:11:53 - [MESSAGE][PASSED] - Actual text 'Address Line 1: *' and expected text 'Address Line 1: *' are matched 

2018-05-21 14:11:53 - [TEST_STEP][PASSED] - Statement - If (!(execFlag1)): null

2018-05-21 14:11:53 - [TEST_STEP][PASSED] - Statement - execFlag1 = com.kms.katalon.core.webui.keyword.WebUiBuiltInKeywords.verifyMatch(storeList.get(j).toString().trim(), actualList.get(j).toString().trim(), false): Actual text 'Address Line 2:' and expected text 'Address Line 2:' are matched 

2018-05-21 14:11:53 - [MESSAGE][PASSED] - Actual text 'Address Line 2:' and expected text 'Address Line 2:' are matched 

2018-05-21 14:11:53 - [TEST_STEP][PASSED] - Statement - If (!(execFlag1)): null

2018-05-21 14:11:53 - [TEST_STEP][PASSED] - Statement - execFlag1 = com.kms.katalon.core.webui.keyword.WebUiBuiltInKeywords.verifyMatch(storeList.get(j).toString().trim(), actualList.get(j).toString().trim(), false): Actual text 'Address Line 3:' and expected text 'Address Line 3:' are matched 

2018-05-21 14:11:53 - [MESSAGE][PASSED] - Actual text 'Address Line 3:' and expected text 'Address Line 3:' are matched 

2018-05-21 14:11:53 - [TEST_STEP][PASSED] - Statement - If (!(execFlag1)): null

2018-05-21 14:11:53 - [TEST_STEP][PASSED] - Statement - execFlag1 = com.kms.katalon.core.webui.keyword.WebUiBuiltInKeywords.verifyMatch(storeList.get(j).toString().trim(), actualList.get(j).toString().trim(), false): Actual text 'Address Line 4:' and expected text 'Address Line 4:' are matched 

2018-05-21 14:11:53 - [MESSAGE][PASSED] - Actual text 'Address Line 4:' and expected text 'Address Line 4:' are matched 

2018-05-21 14:11:53 - [TEST_STEP][PASSED] - Statement - If (!(execFlag1)): null

2018-05-21 14:11:53 - [TEST_STEP][PASSED] - Statement - execFlag1 = com.kms.katalon.core.webui.keyword.WebUiBuiltInKeywords.verifyMatch(storeList.get(j).toString().trim(), actualList.get(j).toString().trim(), false): Actual text 'City: *' and expected text 'City: *' are matched 

2018-05-21 14:11:53 - [MESSAGE][PASSED] - Actual text 'City: *' and expected text 'City: *' are matched 

2018-05-21 14:11:53 - [TEST_STEP][PASSED] - Statement - If (!(execFlag1)): null

2018-05-21 14:11:53 - [TEST_STEP][PASSED] - Statement - execFlag1 = com.kms.katalon.core.webui.keyword.WebUiBuiltInKeywords.verifyMatch(storeList.get(j).toString().trim(), actualList.get(j).toString().trim(), false): Actual text 'Region: *' and expected text 'Region: *' are matched 

2018-05-21 14:11:53 - [MESSAGE][PASSED] - Actual text 'Region: *' and expected text 'Region: *' are matched 

2018-05-21 14:11:53 - [TEST_STEP][PASSED] - Statement - If (!(execFlag1)): null

2018-05-21 14:11:53 - [TEST_STEP][PASSED] - Statement - execFlag1 = com.kms.katalon.core.webui.keyword.WebUiBuiltInKeywords.verifyMatch(storeList.get(j).toString().trim(), actualList.get(j).toString().trim(), false): Actual text 'Zip: *' and expected text 'Zip: *' are matched 

2018-05-21 14:11:53 - [MESSAGE][PASSED] - Actual text 'Zip: *' and expected text 'Zip: *' are matched 

2018-05-21 14:11:53 - [TEST_STEP][PASSED] - Statement - If (!(execFlag1)): null

2018-05-21 14:11:53 - [TEST_STEP][PASSED] - Statement - execFlag1 = com.kms.katalon.core.webui.keyword.WebUiBuiltInKeywords.verifyMatch(storeList.get(j).toString().trim(), actualList.get(j).toString().trim(), false): Actual text 'Country: *' and expected text 'Country: *' are matched 

2018-05-21 14:11:53 - [MESSAGE][PASSED] - Actual text 'Country: *' and expected text 'Country: *' are matched 

2018-05-21 14:11:53 - [TEST_STEP][PASSED] - Statement - If (!(execFlag1)): null

2018-05-21 14:11:53 - [TEST_STEP][PASSED] - Statement - execFlag1 = com.kms.katalon.core.webui.keyword.WebUiBuiltInKeywords.verifyMatch(storeList.get(j).toString().trim(), actualList.get(j).toString().trim(), false): Actual text 'Timezone: *' and expected text 'Timezone: *' are matched 

2018-05-21 14:11:53 - [MESSAGE][PASSED] - Actual text 'Timezone: *' and expected text 'Timezone: *' are matched 

2018-05-21 14:11:53 - [TEST_STEP][PASSED] - Statement - If (!(execFlag1)): null

2018-05-21 14:11:53 - [TEST_STEP][PASSED] - Statement - execFlag1 = com.kms.katalon.core.webui.keyword.WebUiBuiltInKeywords.verifyMatch(storeList.get(j).toString().trim(), actualList.get(j).toString().trim(), false): Actual text 'Phone: *' and expected text 'Phone: *' are matched 

2018-05-21 14:11:53 - [MESSAGE][PASSED] - Actual text 'Phone: *' and expected text 'Phone: *' are matched 

2018-05-21 14:11:53 - [TEST_STEP][PASSED] - Statement - If (!(execFlag1)): null

2018-05-21 14:11:53 - [TEST_STEP][PASSED] - Statement - execFlag1 = com.kms.katalon.core.webui.keyword.WebUiBuiltInKeywords.verifyMatch(storeList.get(j).toString().trim(), actualList.get(j).toString().trim(), false): Actual text 'Fax:' and expected text 'Fax:' are matched 

2018-05-21 14:11:53 - [MESSAGE][PASSED] - Actual text 'Fax:' and expected text 'Fax:' are matched 

2018-05-21 14:11:53 - [TEST_STEP][PASSED] - Statement - If (!(execFlag1)): null

2018-05-21 14:11:53 - [TEST_STEP][PASSED] - Statement - If (execFlag1): null

2018-05-21 14:11:53 - [TEST_STEP][PASSED] - Statement - out.println("Store details labels are verified"): null

2018-05-21 14:11:53 - [TEST_STEP][PASSED] - Statement - attrDisabled = com.kms.katalon.core.webui.keyword.WebUiBuiltInKeywords.getAttribute(com.kms.katalon.core.testobject.ObjectRepository.findTestObject(StorePage/brandSelect), "disabled"): Attribute 'disabled' of object 'Object Repository/StorePage/brandSelect' is: 'true'

2018-05-21 14:11:53 - [MESSAGE][PASSED] - Attribute 'disabled' of object 'Object Repository/StorePage/brandSelect' is: 'true'

2018-05-21 14:11:53 - [TEST_STEP][PASSED] - Statement - If (attrDisabled): null

2018-05-21 14:11:53 - [TEST_STEP][PASSED] - Statement - out.println("Brand name is not editable field"): null

2018-05-21 14:11:53 - [TEST_STEP][PASSED] - Statement - inputFields = driver.findElements(org.openqa.selenium.By.xpath(com.kms.katalon.core.testdata.TestDataFactory.findTestData(OR_file).getValue(2, 22))): Reading excel file with source file 'C:\Users\shalinin\Katalon Studio\HME_Scripts\Data Files\HME_OR.xlsx' and sheet name 'Sheet1'

2018-05-21 14:11:53 - [TEST_STEP][PASSED] - Statement - inputFieldsResults = new java.util.ArrayList(): null

2018-05-21 14:11:53 - [TEST_STEP][PASSED] - Statement - For ([i = 0, i < inputFields.size(), (i++)]): Delayed 3 second(s)

2018-05-21 14:11:53 - [TEST_STEP][PASSED] - Statement - If (i != 1): null

2018-05-21 14:11:53 - [TEST_STEP][PASSED] - Statement - attr = inputFields[i].getAttribute("disabled"): null

2018-05-21 14:11:53 - [TEST_STEP][PASSED] - Statement - If (attr): null

2018-05-21 14:11:53 - [TEST_STEP][PASSED] - delay: Delayed 3 second(s)

2018-05-21 14:11:56 - [MESSAGE][PASSED] - Delayed 3 second(s)

2018-05-21 14:11:56 - [TEST_STEP][PASSED] - Statement - If (i != 1): null

2018-05-21 14:11:56 - [TEST_STEP][PASSED] - Statement - Else: null

2018-05-21 14:11:56 - [TEST_STEP][PASSED] - Statement - inputFieldsResults[i] = "disabled": null

2018-05-21 14:11:56 - [TEST_STEP][PASSED] - delay: Delayed 3 second(s)

2018-05-21 14:11:59 - [MESSAGE][PASSED] - Delayed 3 second(s)

2018-05-21 14:11:59 - [TEST_STEP][PASSED] - Statement - If (i != 1): null

2018-05-21 14:11:59 - [TEST_STEP][PASSED] - Statement - attr = inputFields[i].getAttribute("disabled"): null

2018-05-21 14:11:59 - [TEST_STEP][PASSED] - Statement - If (attr): null

2018-05-21 14:11:59 - [TEST_STEP][PASSED] - delay: Delayed 3 second(s)

2018-05-21 14:12:02 - [MESSAGE][PASSED] - Delayed 3 second(s)

2018-05-21 14:12:02 - [TEST_STEP][PASSED] - Statement - If (i != 1): null

2018-05-21 14:12:02 - [TEST_STEP][PASSED] - Statement - attr = inputFields[i].getAttribute("disabled"): null

2018-05-21 14:12:02 - [TEST_STEP][PASSED] - Statement - If (attr): null

2018-05-21 14:12:02 - [TEST_STEP][PASSED] - delay: Delayed 3 second(s)

2018-05-21 14:12:05 - [MESSAGE][PASSED] - Delayed 3 second(s)

2018-05-21 14:12:05 - [TEST_STEP][PASSED] - Statement - If (i != 1): null

2018-05-21 14:12:05 - [TEST_STEP][PASSED] - Statement - attr = inputFields[i].getAttribute("disabled"): null

2018-05-21 14:12:05 - [TEST_STEP][PASSED] - Statement - If (attr): null

2018-05-21 14:12:05 - [TEST_STEP][PASSED] - delay: Delayed 3 second(s)

2018-05-21 14:12:08 - [MESSAGE][PASSED] - Delayed 3 second(s)

2018-05-21 14:12:08 - [TEST_STEP][PASSED] - Statement - If (i != 1): null

2018-05-21 14:12:08 - [TEST_STEP][PASSED] - Statement - attr = inputFields[i].getAttribute("disabled"): null

2018-05-21 14:12:08 - [TEST_STEP][PASSED] - Statement - If (attr): null

2018-05-21 14:12:08 - [TEST_STEP][PASSED] - delay: Delayed 3 second(s)

2018-05-21 14:12:11 - [MESSAGE][PASSED] - Delayed 3 second(s)

2018-05-21 14:12:11 - [TEST_STEP][PASSED] - Statement - If (i != 1): null

2018-05-21 14:12:11 - [TEST_STEP][PASSED] - Statement - attr = inputFields[i].getAttribute("disabled"): null

2018-05-21 14:12:11 - [TEST_STEP][PASSED] - Statement - If (attr): null

2018-05-21 14:12:11 - [TEST_STEP][PASSED] - delay: Delayed 3 second(s)

2018-05-21 14:12:14 - [MESSAGE][PASSED] - Delayed 3 second(s)

2018-05-21 14:12:14 - [TEST_STEP][PASSED] - Statement - If (i != 1): null

2018-05-21 14:12:14 - [TEST_STEP][PASSED] - Statement - attr = inputFields[i].getAttribute("disabled"): null

2018-05-21 14:12:14 - [TEST_STEP][PASSED] - Statement - If (attr): null

2018-05-21 14:12:14 - [TEST_STEP][PASSED] - delay: Delayed 3 second(s)

2018-05-21 14:12:17 - [MESSAGE][PASSED] - Delayed 3 second(s)

2018-05-21 14:12:17 - [TEST_STEP][PASSED] - Statement - If (i != 1): null

2018-05-21 14:12:17 - [TEST_STEP][PASSED] - Statement - attr = inputFields[i].getAttribute("disabled"): null

2018-05-21 14:12:17 - [TEST_STEP][PASSED] - Statement - If (attr): null

2018-05-21 14:12:17 - [TEST_STEP][PASSED] - delay: Delayed 3 second(s)

2018-05-21 14:12:20 - [MESSAGE][PASSED] - Delayed 3 second(s)

2018-05-21 14:12:20 - [TEST_STEP][PASSED] - Statement - If (i != 1): null

2018-05-21 14:12:20 - [TEST_STEP][PASSED] - Statement - attr = inputFields[i].getAttribute("disabled"): null

2018-05-21 14:12:20 - [TEST_STEP][PASSED] - Statement - If (attr): null

2018-05-21 14:12:20 - [TEST_STEP][PASSED] - delay: Delayed 3 second(s)

2018-05-21 14:12:23 - [MESSAGE][PASSED] - Delayed 3 second(s)

2018-05-21 14:12:23 - [TEST_STEP][PASSED] - Statement - s = inputFieldsResults[1]: null

2018-05-21 14:12:23 - [TEST_STEP][PASSED] - Statement - isEditable = false: null

2018-05-21 14:12:23 - [TEST_STEP][PASSED] - Statement - For ([j = 2, j < inputFieldsResults.size(), (j++)]): null

2018-05-21 14:12:23 - [TEST_STEP][PASSED] - Statement - s1 = inputFieldsResults[j]: null

2018-05-21 14:12:23 - [TEST_STEP][PASSED] - Statement - If (!(s1.equals(s))): null

2018-05-21 14:12:23 - [TEST_STEP][PASSED] - Statement - s1 = inputFieldsResults[j]: null

2018-05-21 14:12:23 - [TEST_STEP][PASSED] - Statement - If (!(s1.equals(s))): null

2018-05-21 14:12:23 - [TEST_STEP][PASSED] - Statement - s1 = inputFieldsResults[j]: null

2018-05-21 14:12:23 - [TEST_STEP][PASSED] - Statement - If (!(s1.equals(s))): null

2018-05-21 14:12:23 - [TEST_STEP][PASSED] - Statement - s1 = inputFieldsResults[j]: null

2018-05-21 14:12:23 - [TEST_STEP][PASSED] - Statement - If (!(s1.equals(s))): null

2018-05-21 14:12:23 - [TEST_STEP][PASSED] - Statement - s1 = inputFieldsResults[j]: null

2018-05-21 14:12:23 - [TEST_STEP][PASSED] - Statement - If (!(s1.equals(s))): null

2018-05-21 14:12:23 - [TEST_STEP][PASSED] - Statement - s1 = inputFieldsResults[j]: null

2018-05-21 14:12:23 - [TEST_STEP][PASSED] - Statement - If (!(s1.equals(s))): null

2018-05-21 14:12:23 - [TEST_STEP][PASSED] - Statement - s1 = inputFieldsResults[j]: null

2018-05-21 14:12:23 - [TEST_STEP][PASSED] - Statement - If (!(s1.equals(s))): null

2018-05-21 14:12:23 - [TEST_STEP][PASSED] - Statement - s1 = inputFieldsResults[j]: null

2018-05-21 14:12:23 - [TEST_STEP][PASSED] - Statement - If (!(s1.equals(s))): null

2018-05-21 14:12:23 - [TEST_STEP][PASSED] - Statement - If (!(isEditable)): null

2018-05-21 14:12:23 - [TEST_STEP][PASSED] - Statement - out.println("Store fields are not editable"): null

2018-05-21 14:12:23 - [TEST_STEP][PASSED] - Statement - attrDisabled = com.kms.katalon.core.webui.keyword.WebUiBuiltInKeywords.getAttribute(com.kms.katalon.core.testobject.ObjectRepository.findTestObject(StorePage/store_City), "disabled"): Attribute 'disabled' of object 'Object Repository/StorePage/store_City' is: 'true'

2018-05-21 14:12:23 - [MESSAGE][PASSED] - Attribute 'disabled' of object 'Object Repository/StorePage/store_City' is: 'true'

2018-05-21 14:12:23 - [TEST_STEP][PASSED] - Statement - If (attrDisabled): null

2018-05-21 14:12:23 - [TEST_STEP][PASSED] - Statement - out.println("Store City is disabled"): null

2018-05-21 14:12:23 - [TEST_STEP][PASSED] - Statement - attrDisabled = com.kms.katalon.core.webui.keyword.WebUiBuiltInKeywords.getAttribute(com.kms.katalon.core.testobject.ObjectRepository.findTestObject(StorePage/store_Region), "disabled"): Attribute 'disabled' of object 'Object Repository/StorePage/store_Region' is: 'true'

2018-05-21 14:12:23 - [MESSAGE][PASSED] - Attribute 'disabled' of object 'Object Repository/StorePage/store_Region' is: 'true'

2018-05-21 14:12:23 - [TEST_STEP][PASSED] - Statement - If (attrDisabled): null

2018-05-21 14:12:23 - [TEST_STEP][PASSED] - Statement - out.println("Store Region is disabled"): null

2018-05-21 14:12:23 - [TEST_STEP][PASSED] - Statement - attrDisabled = com.kms.katalon.core.webui.keyword.WebUiBuiltInKeywords.getAttribute(com.kms.katalon.core.testobject.ObjectRepository.findTestObject(StorePage/store_Country), "disabled"): Attribute 'disabled' of object 'Object Repository/StorePage/store_Country' is: 'true'

2018-05-21 14:12:23 - [MESSAGE][PASSED] - Attribute 'disabled' of object 'Object Repository/StorePage/store_Country' is: 'true'

2018-05-21 14:12:23 - [TEST_STEP][PASSED] - Statement - If (attrDisabled): null

2018-05-21 14:12:23 - [TEST_STEP][PASSED] - Statement - out.println("Store Country is disabled"): null

2018-05-21 14:12:23 - [TEST_STEP][PASSED] - Statement - attrDisabled = com.kms.katalon.core.webui.keyword.WebUiBuiltInKeywords.verifyElementClickable(com.kms.katalon.core.testobject.ObjectRepository.findTestObject(StorePage/store_timeZone)): Object 'Object Repository/StorePage/store_timeZone' is clickable

2018-05-21 14:12:23 - [MESSAGE][PASSED] - Object 'Object Repository/StorePage/store_timeZone' is clickable

2018-05-21 14:12:23 - [TEST_STEP][PASSED] - Statement - If (attrDisabled): null

2018-05-21 14:12:23 - [TEST_STEP][PASSED] - Statement - out.println("Store timeZone is enabled"): null

2018-05-21 14:12:23 - [TEST_STEP][PASSED] - uiaction.CommonUIActions.click: uiaction.CommonUIActions.click is PASSED

2018-05-21 14:12:23 - [MESSAGE][PASSED] - uiaction.CommonUIActions.click is PASSED

2018-05-21 14:12:23 - [TEST_STEP][PASSED] - uiaction.CommonUIActions.click: uiaction.CommonUIActions.click is PASSED

2018-05-21 14:12:24 - [MESSAGE][PASSED] - uiaction.CommonUIActions.click is PASSED

2018-05-21 14:12:24 - [TEST_STEP][PASSED] - Statement - searchUserText = CustomKeywords.projectSpecific.Reusability.getTestData("UsersPage", "userSearchText"): projectSpecific.Reusability.getTestData is PASSED

2018-05-21 14:12:24 - [MESSAGE][PASSED] - projectSpecific.Reusability.getTestData is PASSED

2018-05-21 14:12:24 - [TEST_STEP][PASSED] - uiaction.CommonUIActions.enter: uiaction.CommonUIActions.enter is PASSED

2018-05-21 14:12:24 - [MESSAGE][PASSED] - uiaction.CommonUIActions.enter is PASSED

2018-05-21 14:12:24 - [TEST_STEP][PASSED] - uiaction.CommonUIActions.click: uiaction.CommonUIActions.click is PASSED

2018-05-21 14:12:25 - [MESSAGE][PASSED] - uiaction.CommonUIActions.click is PASSED

2018-05-21 14:12:25 - [TEST_STEP][PASSED] - uiaction.CommonUIActions.click: uiaction.CommonUIActions.click is PASSED

2018-05-21 14:12:27 - [MESSAGE][PASSED] - uiaction.CommonUIActions.click is PASSED

2018-05-21 14:12:27 - [TEST_STEP][PASSED] - delay: Delayed 10 second(s)

2018-05-21 14:12:37 - [MESSAGE][PASSED] - Delayed 10 second(s)

2018-05-21 14:12:37 - [TEST_STEP][PASSED] - uiaction.CommonUIActions.click: uiaction.CommonUIActions.click is PASSED

2018-05-21 14:12:41 - [MESSAGE][PASSED] - uiaction.CommonUIActions.click is PASSED

2018-05-21 14:12:41 - [TEST_STEP][PASSED] - delay: Delayed 10 second(s)

2018-05-21 14:12:51 - [MESSAGE][PASSED] - Delayed 10 second(s)

2018-05-21 14:12:51 - [TEST_STEP][PASSED] - Statement - userStoreList = driver.findElements(org.openqa.selenium.By.xpath(com.kms.katalon.core.testdata.TestDataFactory.findTestData(OR_file).getValue(2, 23))): Reading excel file with source file 'C:\Users\shalinin\Katalon Studio\HME_Scripts\Data Files\HME_OR.xlsx' and sheet name 'Sheet1'

2018-05-21 14:12:51 - [TEST_STEP][PASSED] - Statement - userstoreListSize = userStoreList.size(): null

2018-05-21 14:12:51 - [TEST_STEP][PASSED] - uiaction.CommonUIActions.click: uiaction.CommonUIActions.click is PASSED

2018-05-21 14:12:56 - [MESSAGE][PASSED] - uiaction.CommonUIActions.click is PASSED

2018-05-21 14:12:56 - [TEST_STEP][PASSED] - delay: Delayed 10 second(s)

2018-05-21 14:13:06 - [MESSAGE][PASSED] - Delayed 10 second(s)

2018-05-21 14:13:06 - [TEST_STEP][PASSED] - Statement - adminStoreList = driver.findElements(org.openqa.selenium.By.xpath(com.kms.katalon.core.testdata.TestDataFactory.findTestData(OR_file).getValue(2, 23))): Reading excel file with source file 'C:\Users\shalinin\Katalon Studio\HME_Scripts\Data Files\HME_OR.xlsx' and sheet name 'Sheet1'

2018-05-21 14:13:06 - [TEST_STEP][PASSED] - Statement - adminstoreListSize = adminStoreList.size(): null

2018-05-21 14:13:06 - [TEST_STEP][PASSED] - Statement - If (userstoreListSize != adminstoreListSize): null

2018-05-21 14:13:06 - [TEST_STEP][PASSED] - Statement - out.println(searchUserText + " User can see only stores related to him"): null

2018-05-21 14:13:06 - [TEST_STEP][PASSED] - Statement - assert TCflag == true: null

2018-05-21 14:13:06 - [TEST_STEP][PASSED] - Start listener action : sampleAfterTestCase: Browser is closed

2018-05-21 14:13:06 - [TEST_STEP][PASSED] - Statement - println(testCaseContext.getTestCaseId()): null

2018-05-21 14:13:06 - [TEST_STEP][PASSED] - Statement - println(testCaseContext.getTestCaseStatus()): null

2018-05-21 14:13:06 - [TEST_STEP][PASSED] - closeBrowser: Browser is closed

2018-05-21 14:13:07 - [MESSAGE][PASSED] - Browser is closed]]></system-out>
         <system-err><![CDATA[]]></system-err>
      </testcase>
      <testcase name="Test Cases/MasqueradeTC/HME-Masquerade-04" classname="Test Cases/MasqueradeTC/HME-Masquerade-04" status="PASSED">
         <system-out><![CDATA[2018-05-21 14:13:07 - [TEST_CASE][PASSED] - Test Cases/MasqueradeTC/HME-Masquerade-04: Browser is closed

2018-05-21 14:13:07 - [TEST_STEP][PASSED] - Start listener action : sampleBeforeTestCase: uiaction.CommonUIActions.deleteAllCookies is PASSED

2018-05-21 14:13:07 - [TEST_STEP][PASSED] - openBrowser: Browser is opened with url: ''

2018-05-21 14:13:09 - [MESSAGE][PASSED] - Browser is opened with url: ''

2018-05-21 14:13:09 - [TEST_STEP][PASSED] - maximizeWindow: Current window maximized

2018-05-21 14:13:10 - [MESSAGE][PASSED] - Current window maximized

2018-05-21 14:13:10 - [TEST_STEP][PASSED] - uiaction.CommonUIActions.deleteAllCookies: uiaction.CommonUIActions.deleteAllCookies is PASSED

2018-05-21 14:13:10 - [MESSAGE][PASSED] - Delete all cookies successfully

2018-05-21 14:13:10 - [MESSAGE][PASSED] - uiaction.CommonUIActions.deleteAllCookies is PASSED

2018-05-21 14:13:11 - [TEST_STEP][PASSED] - Statement - TCflag = true: null

2018-05-21 14:13:11 - [TEST_STEP][PASSED] - Statement - Try: null

2018-05-21 14:13:11 - [TEST_STEP][PASSED] - navigateToUrl: Navigate to 'https://hme-dev-public-cloud-app.azurewebsites.net/admin' successfully

2018-05-21 14:13:14 - [MESSAGE][PASSED] - Navigate to 'https://hme-dev-public-cloud-app.azurewebsites.net/admin' successfully

2018-05-21 14:13:14 - [TEST_STEP][PASSED] - projectSpecific.Reusability.login: projectSpecific.Reusability.login is PASSED

2018-05-21 14:13:14 - [MESSAGE][PASSED] - projectSpecific.Reusability.getTestData is PASSED

2018-05-21 14:13:14 - [MESSAGE][PASSED] - projectSpecific.Reusability.getTestData is PASSED

2018-05-21 14:13:14 - [MESSAGE][PASSED] - Text 'nous-abhradipr@hme.com' is set on object 'Object Repository/LoginPage/Username'

2018-05-21 14:13:14 - [MESSAGE][PASSED] - Text '6Qt*qmL88' is set on object 'Object Repository/LoginPage/Password'

2018-05-21 14:13:14 - [MESSAGE][PASSED] - Object: 'Object Repository/LoginPage/Login' is clicked on

2018-05-21 14:13:14 - [MESSAGE][PASSED] - projectSpecific.Reusability.login is PASSED

2018-05-21 14:13:14 - [TEST_STEP][PASSED] - delay: Delayed 10 second(s)

2018-05-21 14:13:24 - [MESSAGE][PASSED] - Delayed 10 second(s)

2018-05-21 14:13:24 - [TEST_STEP][PASSED] - verifyElementPresent: Object 'Object Repository/HomePage/loggedinUser' is present

2018-05-21 14:13:24 - [MESSAGE][PASSED] - Object 'Object Repository/HomePage/loggedinUser' is present

2018-05-21 14:13:24 - [TEST_STEP][PASSED] - Statement - loggedInUser = CustomKeywords.uiaction.CommonUIActions.getText(com.kms.katalon.core.testobject.ObjectRepository.findTestObject(HomePage/loggedinUser)): uiaction.CommonUIActions.getText is PASSED

2018-05-21 14:13:24 - [MESSAGE][PASSED] - uiaction.CommonUIActions.getText is PASSED

2018-05-21 14:13:24 - [TEST_STEP][PASSED] - Statement - loggedInUser = loggedInUser.trim(): null

2018-05-21 14:13:24 - [TEST_STEP][PASSED] - Statement - loggedinText = CustomKeywords.projectSpecific.Reusability.getTestData("HomePage", "loggedinText"): projectSpecific.Reusability.getTestData is PASSED

2018-05-21 14:13:24 - [MESSAGE][PASSED] - projectSpecific.Reusability.getTestData is PASSED

2018-05-21 14:13:24 - [TEST_STEP][PASSED] - Statement - If (loggedInUser.equals(loggedinText)): null

2018-05-21 14:13:24 - [TEST_STEP][PASSED] - Statement - welcomeUser = CustomKeywords.uiaction.CommonUIActions.getText(com.kms.katalon.core.testobject.ObjectRepository.findTestObject(HomePage/welcomeUserText)): uiaction.CommonUIActions.getText is PASSED

2018-05-21 14:13:24 - [MESSAGE][PASSED] - uiaction.CommonUIActions.getText is PASSED

2018-05-21 14:13:24 - [TEST_STEP][PASSED] - Statement - welcomeUser = welcomeUser.trim(): null

2018-05-21 14:13:24 - [TEST_STEP][PASSED] - Statement - welcomeText = CustomKeywords.projectSpecific.Reusability.getTestData("HomePage", "welcomeText"): projectSpecific.Reusability.getTestData is PASSED

2018-05-21 14:13:24 - [MESSAGE][PASSED] - projectSpecific.Reusability.getTestData is PASSED

2018-05-21 14:13:24 - [TEST_STEP][PASSED] - Statement - If (welcomeUser.equals(welcomeText)): null

2018-05-21 14:13:24 - [TEST_STEP][PASSED] - uiaction.CommonUIActions.click: uiaction.CommonUIActions.click is PASSED

2018-05-21 14:13:25 - [MESSAGE][PASSED] - uiaction.CommonUIActions.click is PASSED

2018-05-21 14:13:25 - [TEST_STEP][PASSED] - Statement - driver = com.kms.katalon.core.webui.driver.DriverFactory.getWebDriver(): null

2018-05-21 14:13:25 - [TEST_STEP][PASSED] - Statement - userlist1 = driver.findElements(org.openqa.selenium.By.xpath("//table//tr/td[3]")): null

2018-05-21 14:13:25 - [TEST_STEP][PASSED] - Statement - If (userlist1.size() > 0): null

2018-05-21 14:13:25 - [TEST_STEP][PASSED] - Statement - out.println("Users are listed in User Page"): null

2018-05-21 14:13:25 - [TEST_STEP][PASSED] - Statement - firstname = CustomKeywords.uiaction.CommonUIActions.getText(com.kms.katalon.core.testobject.ObjectRepository.findTestObject(UsersPage/userFN)): uiaction.CommonUIActions.getText is PASSED

2018-05-21 14:13:25 - [MESSAGE][PASSED] - uiaction.CommonUIActions.getText is PASSED

2018-05-21 14:13:25 - [TEST_STEP][PASSED] - uiaction.CommonUIActions.click: uiaction.CommonUIActions.click is PASSED

2018-05-21 14:13:27 - [MESSAGE][PASSED] - uiaction.CommonUIActions.click is PASSED

2018-05-21 14:13:27 - [TEST_STEP][PASSED] - delay: Delayed 10 second(s)

2018-05-21 14:13:37 - [MESSAGE][PASSED] - Delayed 10 second(s)

2018-05-21 14:13:37 - [TEST_STEP][PASSED] - Statement - firstnamefromuserdetailpage = CustomKeywords.uiaction.CommonUIActions.getAttribute(com.kms.katalon.core.testobject.ObjectRepository.findTestObject(UserDetailsPage/user_firstname), "value"): uiaction.CommonUIActions.getAttribute is PASSED

2018-05-21 14:13:37 - [MESSAGE][PASSED] - Attribute 'value' of object 'Object Repository/UserDetailsPage/user_firstname' is: 'dfsd'

2018-05-21 14:13:37 - [MESSAGE][PASSED] - uiaction.CommonUIActions.getAttribute is PASSED

2018-05-21 14:13:37 - [TEST_STEP][PASSED] - Statement - If (firstnamefromuserdetailpage.equals(firstname)): null

2018-05-21 14:13:37 - [TEST_STEP][PASSED] - Statement - out.println("User first Name is displayed Correctly"): null

2018-05-21 14:13:37 - [TEST_STEP][PASSED] - uiaction.CommonUIActions.click: uiaction.CommonUIActions.click is PASSED

2018-05-21 14:13:38 - [MESSAGE][PASSED] - uiaction.CommonUIActions.click is PASSED

2018-05-21 14:13:38 - [TEST_STEP][PASSED] - uiaction.CommonUIActions.click: uiaction.CommonUIActions.click is PASSED

2018-05-21 14:13:39 - [MESSAGE][PASSED] - uiaction.CommonUIActions.click is PASSED

2018-05-21 14:13:39 - [TEST_STEP][PASSED] - Statement - Lastname_beforeedit = CustomKeywords.uiaction.CommonUIActions.getText(com.kms.katalon.core.testobject.ObjectRepository.findTestObject(UsersPage/userLN)): uiaction.CommonUIActions.getText is PASSED

2018-05-21 14:13:39 - [MESSAGE][PASSED] - uiaction.CommonUIActions.getText is PASSED

2018-05-21 14:13:39 - [TEST_STEP][PASSED] - uiaction.CommonUIActions.click: uiaction.CommonUIActions.click is PASSED

2018-05-21 14:13:40 - [MESSAGE][PASSED] - uiaction.CommonUIActions.click is PASSED

2018-05-21 14:13:40 - [TEST_STEP][PASSED] - uiaction.CommonUIActions.enter: uiaction.CommonUIActions.enter is PASSED

2018-05-21 14:13:40 - [MESSAGE][PASSED] - projectSpecific.Reusability.getTestData is PASSED

2018-05-21 14:13:40 - [MESSAGE][PASSED] - uiaction.CommonUIActions.enter is PASSED

2018-05-21 14:13:40 - [TEST_STEP][PASSED] - uiaction.CommonUIActions.click: uiaction.CommonUIActions.click is PASSED

2018-05-21 14:13:40 - [MESSAGE][PASSED] - uiaction.CommonUIActions.click is PASSED

2018-05-21 14:13:40 - [TEST_STEP][PASSED] - delay: Delayed 10 second(s)

2018-05-21 14:13:50 - [MESSAGE][PASSED] - Delayed 10 second(s)

2018-05-21 14:13:50 - [TEST_STEP][PASSED] - uiaction.CommonUIActions.click: uiaction.CommonUIActions.click is PASSED

2018-05-21 14:13:51 - [MESSAGE][PASSED] - uiaction.CommonUIActions.click is PASSED

2018-05-21 14:13:51 - [TEST_STEP][PASSED] - uiaction.CommonUIActions.click: uiaction.CommonUIActions.click is PASSED

2018-05-21 14:13:52 - [MESSAGE][PASSED] - uiaction.CommonUIActions.click is PASSED

2018-05-21 14:13:52 - [TEST_STEP][PASSED] - Statement - Lastname_afteredit = CustomKeywords.uiaction.CommonUIActions.getText(com.kms.katalon.core.testobject.ObjectRepository.findTestObject(UsersPage/userLN)): uiaction.CommonUIActions.getText is PASSED

2018-05-21 14:13:52 - [MESSAGE][PASSED] - uiaction.CommonUIActions.getText is PASSED

2018-05-21 14:13:52 - [TEST_STEP][PASSED] - Statement - If (!(Lastname_afteredit.equals(Lastname_beforeedit))): null

2018-05-21 14:13:52 - [TEST_STEP][PASSED] - Statement - Else: null

2018-05-21 14:13:52 - [TEST_STEP][PASSED] - Statement - If (TCflag): null

2018-05-21 14:13:52 - [TEST_STEP][PASSED] - Statement - out.println("User Last Name is not edited"): null

2018-05-21 14:13:52 - [TEST_STEP][PASSED] - Statement - TCflag = true: null

2018-05-21 14:13:52 - [TEST_STEP][PASSED] - Statement - userlist = driver.findElements(org.openqa.selenium.By.xpath("//table//tr/td[3]")): null

2018-05-21 14:13:52 - [TEST_STEP][PASSED] - Statement - If (userlist.size() > 0): null

2018-05-21 14:13:52 - [TEST_STEP][PASSED] - Statement - out.println("Users page will be displayed"): null

2018-05-21 14:13:52 - [TEST_STEP][PASSED] - Statement - a = CustomKeywords.uiaction.CommonUIActions.isElementPresent(com.kms.katalon.core.testobject.ObjectRepository.findTestObject(UsersPage/Add_user_btn)): uiaction.CommonUIActions.isElementPresent is PASSED

2018-05-21 14:13:52 - [MESSAGE][PASSED] - uiaction.CommonUIActions.isElementPresent is PASSED

2018-05-21 14:13:52 - [TEST_STEP][PASSED] - Statement - If (a): null

2018-05-21 14:13:52 - [TEST_STEP][PASSED] - Statement - Else: null

2018-05-21 14:13:52 - [TEST_STEP][PASSED] - Statement - out.println("Add User Link is not displayed"): null

2018-05-21 14:13:52 - [TEST_STEP][PASSED] - uiaction.CommonUIActions.click: uiaction.CommonUIActions.click is PASSED

2018-05-21 14:13:53 - [MESSAGE][PASSED] - uiaction.CommonUIActions.click is PASSED

2018-05-21 14:13:53 - [TEST_STEP][PASSED] - delay: Delayed 10 second(s)

2018-05-21 14:14:03 - [MESSAGE][PASSED] - Delayed 10 second(s)

2018-05-21 14:14:03 - [TEST_STEP][PASSED] - Statement - b = CustomKeywords.uiaction.CommonUIActions.isElementPresent(com.kms.katalon.core.testobject.ObjectRepository.findTestObject(UserDetailsPage/removeruser_link)): uiaction.CommonUIActions.isElementPresent is PASSED

2018-05-21 14:14:03 - [MESSAGE][PASSED] - uiaction.CommonUIActions.isElementPresent is PASSED

2018-05-21 14:14:03 - [TEST_STEP][PASSED] - Statement - If (b): null

2018-05-21 14:14:03 - [TEST_STEP][PASSED] - Statement - Else: null

2018-05-21 14:14:03 - [TEST_STEP][PASSED] - Statement - out.println("Remove Link is not displayed"): null

2018-05-21 14:14:03 - [TEST_STEP][PASSED] - Statement - assert TCflag == true: null

2018-05-21 14:14:03 - [TEST_STEP][PASSED] - Start listener action : sampleAfterTestCase: Browser is closed

2018-05-21 14:14:03 - [TEST_STEP][PASSED] - Statement - println(testCaseContext.getTestCaseId()): null

2018-05-21 14:14:03 - [TEST_STEP][PASSED] - Statement - println(testCaseContext.getTestCaseStatus()): null

2018-05-21 14:14:03 - [TEST_STEP][PASSED] - closeBrowser: Browser is closed

2018-05-21 14:14:03 - [MESSAGE][PASSED] - Browser is closed]]></system-out>
         <system-err><![CDATA[]]></system-err>
      </testcase>
      <testcase name="Test Cases/GoalStatisticsTC/HME-Goal Statistics Report-05" classname="Test Cases/GoalStatisticsTC/HME-Goal Statistics Report-05" status="FAILED">
         <failure type="FAILED" message="org.codehaus.groovy.runtime.powerassert.PowerAssertionError: assert TCflag==true
       |     |
       false false"/>
         <system-out><![CDATA[2018-05-21 14:14:03 - [TEST_CASE][FAILED] - Test Cases/GoalStatisticsTC/HME-Goal Statistics Report-05: Test Cases/GoalStatisticsTC/HME-Goal Statistics Report-05 FAILED because (of) org.codehaus.groovy.runtime.powerassert.PowerAssertionError: assert TCflag==true
       |     |
       false false

2018-05-21 14:14:03 - [TEST_STEP][PASSED] - Start listener action : sampleBeforeTestCase: uiaction.CommonUIActions.deleteAllCookies is PASSED

2018-05-21 14:14:03 - [TEST_STEP][PASSED] - openBrowser: Browser is opened with url: ''

2018-05-21 14:14:05 - [MESSAGE][PASSED] - Browser is opened with url: ''

2018-05-21 14:14:05 - [TEST_STEP][PASSED] - maximizeWindow: Current window maximized

2018-05-21 14:14:07 - [MESSAGE][PASSED] - Current window maximized

2018-05-21 14:14:07 - [TEST_STEP][PASSED] - uiaction.CommonUIActions.deleteAllCookies: uiaction.CommonUIActions.deleteAllCookies is PASSED

2018-05-21 14:14:07 - [MESSAGE][PASSED] - Delete all cookies successfully

2018-05-21 14:14:07 - [MESSAGE][PASSED] - uiaction.CommonUIActions.deleteAllCookies is PASSED

2018-05-21 14:14:07 - [TEST_STEP][PASSED] - Statement - TCflag = true: null

2018-05-21 14:14:07 - [TEST_STEP][PASSED] - Statement - Try: Delayed 10 second(s)

2018-05-21 14:14:07 - [TEST_STEP][PASSED] - navigateToUrl: Navigate to 'https://hme-dev-public-cloud-app.azurewebsites.net/' successfully

2018-05-21 14:14:10 - [MESSAGE][PASSED] - Navigate to 'https://hme-dev-public-cloud-app.azurewebsites.net/' successfully

2018-05-21 14:14:10 - [TEST_STEP][PASSED] - projectSpecific.Reusability.login: projectSpecific.Reusability.login is PASSED

2018-05-21 14:14:10 - [MESSAGE][PASSED] - projectSpecific.Reusability.getTestData is PASSED

2018-05-21 14:14:10 - [MESSAGE][PASSED] - projectSpecific.Reusability.getTestData is PASSED

2018-05-21 14:14:10 - [MESSAGE][PASSED] - Text 'selvendrank@nousinfo.com' is set on object 'Object Repository/LoginPage/Username'

2018-05-21 14:14:10 - [MESSAGE][PASSED] - Text 'nous;123' is set on object 'Object Repository/LoginPage/Password'

2018-05-21 14:14:10 - [MESSAGE][PASSED] - Object: 'Object Repository/LoginPage/Login' is clicked on

2018-05-21 14:14:10 - [MESSAGE][PASSED] - projectSpecific.Reusability.login is PASSED

2018-05-21 14:14:10 - [TEST_STEP][PASSED] - delay: Delayed 10 second(s)

2018-05-21 14:14:20 - [MESSAGE][PASSED] - Delayed 10 second(s)

2018-05-21 14:14:20 - [TEST_STEP][PASSED] - uiaction.CommonUIActions.click: uiaction.CommonUIActions.click is PASSED

2018-05-21 14:14:44 - [MESSAGE][PASSED] - uiaction.CommonUIActions.click is PASSED

2018-05-21 14:14:44 - [TEST_STEP][PASSED] - delay: Delayed 10 second(s)

2018-05-21 14:14:54 - [MESSAGE][PASSED] - Delayed 10 second(s)

2018-05-21 14:14:54 - [TEST_STEP][PASSED] - uiaction.CommonUIActions.click: uiaction.CommonUIActions.click is PASSED

2018-05-21 14:14:56 - [MESSAGE][PASSED] - uiaction.CommonUIActions.click is PASSED

2018-05-21 14:14:56 - [TEST_STEP][PASSED] - delay: Delayed 10 second(s)

2018-05-21 14:15:06 - [MESSAGE][PASSED] - Delayed 10 second(s)

2018-05-21 14:15:06 - [TEST_STEP][PASSED] - Statement - storelabel = com.kms.katalon.core.webui.keyword.WebUiBuiltInKeywords.getAttribute(com.kms.katalon.core.testobject.ObjectRepository.findTestObject(StorePage/store_label), "value"): Attribute 'value' of object 'Object Repository/StorePage/store_label' is: 'McDonald5'

2018-05-21 14:15:06 - [MESSAGE][PASSED] - Attribute 'value' of object 'Object Repository/StorePage/store_label' is: 'McDonald5'

2018-05-21 14:15:06 - [TEST_STEP][PASSED] - Statement - storelabel = storelabel.trim(): null

2018-05-21 14:15:06 - [TEST_STEP][PASSED] - uiaction.CommonUIActions.click: uiaction.CommonUIActions.click is PASSED

2018-05-21 14:15:06 - [MESSAGE][PASSED] - uiaction.CommonUIActions.click is PASSED

2018-05-21 14:15:06 - [TEST_STEP][PASSED] - uiaction.CommonUIActions.click: uiaction.CommonUIActions.click is PASSED

2018-05-21 14:15:12 - [MESSAGE][PASSED] - uiaction.CommonUIActions.click is PASSED

2018-05-21 14:15:12 - [TEST_STEP][PASSED] - Statement - storenumber = CustomKeywords.uiaction.CommonUIActions.getText(com.kms.katalon.core.testobject.ObjectRepository.findTestObject(StorePage/storeID)): uiaction.CommonUIActions.getText is PASSED

2018-05-21 14:15:12 - [MESSAGE][PASSED] - uiaction.CommonUIActions.getText is PASSED

2018-05-21 14:15:12 - [TEST_STEP][PASSED] - Statement - storenumber = storenumber.trim(): null

2018-05-21 14:15:12 - [TEST_STEP][PASSED] - Statement - out.println(" the store number is--" + storenumber.trim()): null

2018-05-21 14:15:12 - [TEST_STEP][PASSED] - Statement - driver = com.kms.katalon.core.webui.driver.DriverFactory.getWebDriver(): null

2018-05-21 14:15:12 - [TEST_STEP][PASSED] - delay: Delayed 10 second(s)

2018-05-21 14:15:22 - [MESSAGE][PASSED] - Delayed 10 second(s)

2018-05-21 14:15:22 - [TEST_STEP][PASSED] - uiaction.CommonUIActions.click: uiaction.CommonUIActions.click is PASSED

2018-05-21 14:15:23 - [MESSAGE][PASSED] - uiaction.CommonUIActions.click is PASSED

2018-05-21 14:15:23 - [TEST_STEP][PASSED] - delay: Delayed 10 second(s)

2018-05-21 14:15:33 - [MESSAGE][PASSED] - Delayed 10 second(s)

2018-05-21 14:15:33 - [TEST_STEP][PASSED] - uiaction.CommonUIActions.click: uiaction.CommonUIActions.click is PASSED

2018-05-21 14:15:45 - [MESSAGE][PASSED] - uiaction.CommonUIActions.click is PASSED

2018-05-21 14:15:45 - [TEST_STEP][PASSED] - delay: Delayed 10 second(s)

2018-05-21 14:15:55 - [MESSAGE][PASSED] - Delayed 10 second(s)

2018-05-21 14:15:55 - [TEST_STEP][PASSED] - uiaction.CommonUIActions.click: uiaction.CommonUIActions.click is PASSED

2018-05-21 14:15:57 - [MESSAGE][PASSED] - uiaction.CommonUIActions.click is PASSED

2018-05-21 14:15:57 - [TEST_STEP][PASSED] - uiaction.CommonUIActions.click: uiaction.CommonUIActions.click is PASSED

2018-05-21 14:15:58 - [MESSAGE][PASSED] - uiaction.CommonUIActions.click is PASSED

2018-05-21 14:15:58 - [TEST_STEP][PASSED] - Statement - grpName = "AutomationGrp2": null

2018-05-21 14:15:58 - [TEST_STEP][PASSED] - uiaction.CommonUIActions.enter: uiaction.CommonUIActions.enter is PASSED

2018-05-21 14:15:58 - [MESSAGE][PASSED] - uiaction.CommonUIActions.enter is PASSED

2018-05-21 14:15:58 - [TEST_STEP][PASSED] - uiaction.CommonUIActions.enter: uiaction.CommonUIActions.enter is PASSED

2018-05-21 14:15:58 - [MESSAGE][PASSED] - projectSpecific.Reusability.getTestData is PASSED

2018-05-21 14:15:58 - [MESSAGE][PASSED] - uiaction.CommonUIActions.enter is PASSED

2018-05-21 14:15:58 - [TEST_STEP][PASSED] - delay: Delayed 10 second(s)

2018-05-21 14:16:08 - [MESSAGE][PASSED] - Delayed 10 second(s)

2018-05-21 14:16:08 - [TEST_STEP][PASSED] - Statement - storesLabel = driver.findElements(org.openqa.selenium.By.xpath(com.kms.katalon.core.testdata.TestDataFactory.findTestData(OR_file).getValue(2, 10))): Reading excel file with source file 'C:\Users\shalinin\Katalon Studio\HME_Scripts\Data Files\HME_OR.xlsx' and sheet name 'Sheet1'

2018-05-21 14:16:08 - [TEST_STEP][PASSED] - Statement - groupStoresList = new java.util.ArrayList(): null

2018-05-21 14:16:08 - [TEST_STEP][PASSED] - Statement - out.println(storesLabel.size()): null

2018-05-21 14:16:08 - [TEST_STEP][PASSED] - Statement - size = storesLabel.size(): null

2018-05-21 14:16:08 - [TEST_STEP][PASSED] - Statement - index = 0: null

2018-05-21 14:16:08 - [TEST_STEP][PASSED] - Statement - For ([i = 0, i < size, (i++)]): null

2018-05-21 14:16:08 - [TEST_STEP][PASSED] - Statement - storeLabel = storesLabel.get(i).getText().trim(): null

2018-05-21 14:16:08 - [TEST_STEP][PASSED] - Statement - println(storeLabel): null

2018-05-21 14:16:08 - [TEST_STEP][PASSED] - Statement - If (storeLabel.contains(storelabel)): null

2018-05-21 14:16:08 - [TEST_STEP][PASSED] - Statement - storeLabel = storesLabel.get(i).getText().trim(): null

2018-05-21 14:16:08 - [TEST_STEP][PASSED] - Statement - println(storeLabel): null

2018-05-21 14:16:08 - [TEST_STEP][PASSED] - Statement - If (storeLabel.contains(storelabel)): null

2018-05-21 14:16:08 - [TEST_STEP][PASSED] - Statement - storeLabel = storesLabel.get(i).getText().trim(): null

2018-05-21 14:16:08 - [TEST_STEP][PASSED] - Statement - println(storeLabel): null

2018-05-21 14:16:08 - [TEST_STEP][PASSED] - Statement - If (storeLabel.contains(storelabel)): null

2018-05-21 14:16:08 - [TEST_STEP][PASSED] - Statement - storeLabel = storesLabel.get(i).getText().trim(): null

2018-05-21 14:16:08 - [TEST_STEP][PASSED] - Statement - println(storeLabel): null

2018-05-21 14:16:08 - [TEST_STEP][PASSED] - Statement - If (storeLabel.contains(storelabel)): null

2018-05-21 14:16:08 - [TEST_STEP][PASSED] - Statement - storeLabel = storesLabel.get(i).getText().trim(): null

2018-05-21 14:16:08 - [TEST_STEP][PASSED] - Statement - println(storeLabel): null

2018-05-21 14:16:08 - [TEST_STEP][PASSED] - Statement - If (storeLabel.contains(storelabel)): null

2018-05-21 14:16:08 - [TEST_STEP][PASSED] - Statement - storeLabel = storesLabel.get(i).getText().trim(): null

2018-05-21 14:16:08 - [TEST_STEP][PASSED] - Statement - println(storeLabel): null

2018-05-21 14:16:08 - [TEST_STEP][PASSED] - Statement - If (storeLabel.contains(storelabel)): null

2018-05-21 14:16:08 - [TEST_STEP][PASSED] - Statement - storeLabel = storesLabel.get(i).getText().trim(): null

2018-05-21 14:16:08 - [TEST_STEP][PASSED] - Statement - println(storeLabel): null

2018-05-21 14:16:08 - [TEST_STEP][PASSED] - Statement - If (storeLabel.contains(storelabel)): null

2018-05-21 14:16:08 - [TEST_STEP][PASSED] - Statement - storeLabel = storesLabel.get(i).getText().trim(): null

2018-05-21 14:16:08 - [TEST_STEP][PASSED] - Statement - println(storeLabel): null

2018-05-21 14:16:08 - [TEST_STEP][PASSED] - Statement - If (storeLabel.contains(storelabel)): null

2018-05-21 14:16:08 - [TEST_STEP][PASSED] - Statement - storeLabel = storesLabel.get(i).getText().trim(): null

2018-05-21 14:16:08 - [TEST_STEP][PASSED] - Statement - println(storeLabel): null

2018-05-21 14:16:08 - [TEST_STEP][PASSED] - Statement - If (storeLabel.contains(storelabel)): null

2018-05-21 14:16:08 - [TEST_STEP][PASSED] - Statement - storeLabel = storesLabel.get(i).getText().trim(): null

2018-05-21 14:16:08 - [TEST_STEP][PASSED] - Statement - println(storeLabel): null

2018-05-21 14:16:08 - [TEST_STEP][PASSED] - Statement - If (storeLabel.contains(storelabel)): null

2018-05-21 14:16:08 - [TEST_STEP][PASSED] - Statement - storeLabel = storesLabel.get(i).getText().trim(): null

2018-05-21 14:16:08 - [TEST_STEP][PASSED] - Statement - println(storeLabel): null

2018-05-21 14:16:08 - [TEST_STEP][PASSED] - Statement - If (storeLabel.contains(storelabel)): null

2018-05-21 14:16:08 - [TEST_STEP][PASSED] - Statement - storeLabel = storesLabel.get(i).getText().trim(): null

2018-05-21 14:16:08 - [TEST_STEP][PASSED] - Statement - println(storeLabel): null

2018-05-21 14:16:08 - [TEST_STEP][PASSED] - Statement - If (storeLabel.contains(storelabel)): null

2018-05-21 14:16:08 - [TEST_STEP][PASSED] - Statement - storeLabel = storesLabel.get(i).getText().trim(): null

2018-05-21 14:16:08 - [TEST_STEP][PASSED] - Statement - println(storeLabel): null

2018-05-21 14:16:08 - [TEST_STEP][PASSED] - Statement - If (storeLabel.contains(storelabel)): null

2018-05-21 14:16:08 - [TEST_STEP][PASSED] - Statement - storeLabel = storesLabel.get(i).getText().trim(): null

2018-05-21 14:16:08 - [TEST_STEP][PASSED] - Statement - println(storeLabel): null

2018-05-21 14:16:08 - [TEST_STEP][PASSED] - Statement - If (storeLabel.contains(storelabel)): null

2018-05-21 14:16:08 - [TEST_STEP][PASSED] - Statement - storeLabel = storesLabel.get(i).getText().trim(): null

2018-05-21 14:16:08 - [TEST_STEP][PASSED] - Statement - println(storeLabel): null

2018-05-21 14:16:08 - [TEST_STEP][PASSED] - Statement - If (storeLabel.contains(storelabel)): null

2018-05-21 14:16:08 - [TEST_STEP][PASSED] - Statement - storeLabel = storesLabel.get(i).getText().trim(): null

2018-05-21 14:16:08 - [TEST_STEP][PASSED] - Statement - println(storeLabel): null

2018-05-21 14:16:08 - [TEST_STEP][PASSED] - Statement - If (storeLabel.contains(storelabel)): null

2018-05-21 14:16:08 - [TEST_STEP][PASSED] - Statement - storeLabel = storesLabel.get(i).getText().trim(): null

2018-05-21 14:16:08 - [TEST_STEP][PASSED] - Statement - println(storeLabel): null

2018-05-21 14:16:08 - [TEST_STEP][PASSED] - Statement - If (storeLabel.contains(storelabel)): null

2018-05-21 14:16:08 - [TEST_STEP][PASSED] - Statement - storeLabel = storesLabel.get(i).getText().trim(): null

2018-05-21 14:16:08 - [TEST_STEP][PASSED] - Statement - println(storeLabel): null

2018-05-21 14:16:08 - [TEST_STEP][PASSED] - Statement - If (storeLabel.contains(storelabel)): null

2018-05-21 14:16:08 - [TEST_STEP][PASSED] - Statement - storeLabel = storesLabel.get(i).getText().trim(): null

2018-05-21 14:16:08 - [TEST_STEP][PASSED] - Statement - println(storeLabel): null

2018-05-21 14:16:08 - [TEST_STEP][PASSED] - Statement - If (storeLabel.contains(storelabel)): null

2018-05-21 14:16:08 - [TEST_STEP][PASSED] - Statement - storeLabel = storesLabel.get(i).getText().trim(): null

2018-05-21 14:16:08 - [TEST_STEP][PASSED] - Statement - println(storeLabel): null

2018-05-21 14:16:08 - [TEST_STEP][PASSED] - Statement - If (storeLabel.contains(storelabel)): null

2018-05-21 14:16:08 - [TEST_STEP][PASSED] - Statement - storeLabel = storesLabel.get(i).getText().trim(): null

2018-05-21 14:16:08 - [TEST_STEP][PASSED] - Statement - println(storeLabel): null

2018-05-21 14:16:08 - [TEST_STEP][PASSED] - Statement - If (storeLabel.contains(storelabel)): null

2018-05-21 14:16:08 - [TEST_STEP][PASSED] - Statement - storeLabel = storesLabel.get(i).getText().trim(): null

2018-05-21 14:16:08 - [TEST_STEP][PASSED] - Statement - println(storeLabel): null

2018-05-21 14:16:08 - [TEST_STEP][PASSED] - Statement - If (storeLabel.contains(storelabel)): null

2018-05-21 14:16:08 - [TEST_STEP][PASSED] - Statement - storeLabel = storesLabel.get(i).getText().trim(): null

2018-05-21 14:16:08 - [TEST_STEP][PASSED] - Statement - println(storeLabel): null

2018-05-21 14:16:08 - [TEST_STEP][PASSED] - Statement - If (storeLabel.contains(storelabel)): null

2018-05-21 14:16:08 - [TEST_STEP][PASSED] - Statement - storeLabel = storesLabel.get(i).getText().trim(): null

2018-05-21 14:16:08 - [TEST_STEP][PASSED] - Statement - println(storeLabel): null

2018-05-21 14:16:08 - [TEST_STEP][PASSED] - Statement - If (storeLabel.contains(storelabel)): null

2018-05-21 14:16:08 - [TEST_STEP][PASSED] - Statement - storeLabel = storesLabel.get(i).getText().trim(): null

2018-05-21 14:16:08 - [TEST_STEP][PASSED] - Statement - println(storeLabel): null

2018-05-21 14:16:08 - [TEST_STEP][PASSED] - Statement - If (storeLabel.contains(storelabel)): null

2018-05-21 14:16:08 - [TEST_STEP][PASSED] - Statement - storeLabel = storesLabel.get(i).getText().trim(): null

2018-05-21 14:16:08 - [TEST_STEP][PASSED] - Statement - println(storeLabel): null

2018-05-21 14:16:08 - [TEST_STEP][PASSED] - Statement - If (storeLabel.contains(storelabel)): null

2018-05-21 14:16:08 - [TEST_STEP][PASSED] - Statement - storeLabel = storesLabel.get(i).getText().trim(): null

2018-05-21 14:16:08 - [TEST_STEP][PASSED] - Statement - println(storeLabel): null

2018-05-21 14:16:08 - [TEST_STEP][PASSED] - Statement - If (storeLabel.contains(storelabel)): null

2018-05-21 14:16:08 - [TEST_STEP][PASSED] - Statement - storeLabel = storesLabel.get(i).getText().trim(): null

2018-05-21 14:16:08 - [TEST_STEP][PASSED] - Statement - println(storeLabel): null

2018-05-21 14:16:08 - [TEST_STEP][PASSED] - Statement - If (storeLabel.contains(storelabel)): null

2018-05-21 14:16:08 - [TEST_STEP][PASSED] - Statement - storeLabel = storesLabel.get(i).getText().trim(): null

2018-05-21 14:16:08 - [TEST_STEP][PASSED] - Statement - println(storeLabel): null

2018-05-21 14:16:08 - [TEST_STEP][PASSED] - Statement - If (storeLabel.contains(storelabel)): null

2018-05-21 14:16:08 - [TEST_STEP][PASSED] - Statement - storeLabel = storesLabel.get(i).getText().trim(): null

2018-05-21 14:16:08 - [TEST_STEP][PASSED] - Statement - println(storeLabel): null

2018-05-21 14:16:08 - [TEST_STEP][PASSED] - Statement - If (storeLabel.contains(storelabel)): null

2018-05-21 14:16:08 - [TEST_STEP][PASSED] - Statement - storeLabel = storesLabel.get(i).getText().trim(): null

2018-05-21 14:16:08 - [TEST_STEP][PASSED] - Statement - println(storeLabel): null

2018-05-21 14:16:08 - [TEST_STEP][PASSED] - Statement - If (storeLabel.contains(storelabel)): null

2018-05-21 14:16:08 - [TEST_STEP][PASSED] - Statement - storeLabel = storesLabel.get(i).getText().trim(): null

2018-05-21 14:16:08 - [TEST_STEP][PASSED] - Statement - println(storeLabel): null

2018-05-21 14:16:08 - [TEST_STEP][PASSED] - Statement - If (storeLabel.contains(storelabel)): null

2018-05-21 14:16:08 - [TEST_STEP][PASSED] - Statement - storeLabel = storesLabel.get(i).getText().trim(): null

2018-05-21 14:16:08 - [TEST_STEP][PASSED] - Statement - println(storeLabel): null

2018-05-21 14:16:08 - [TEST_STEP][PASSED] - Statement - If (storeLabel.contains(storelabel)): null

2018-05-21 14:16:08 - [TEST_STEP][PASSED] - Statement - storeLabel = storesLabel.get(i).getText().trim(): null

2018-05-21 14:16:08 - [TEST_STEP][PASSED] - Statement - println(storeLabel): null

2018-05-21 14:16:08 - [TEST_STEP][PASSED] - Statement - If (storeLabel.contains(storelabel)): null

2018-05-21 14:16:08 - [TEST_STEP][PASSED] - Statement - storeLabel = storesLabel.get(i).getText().trim(): null

2018-05-21 14:16:08 - [TEST_STEP][PASSED] - Statement - println(storeLabel): null

2018-05-21 14:16:08 - [TEST_STEP][PASSED] - Statement - If (storeLabel.contains(storelabel)): null

2018-05-21 14:16:08 - [TEST_STEP][PASSED] - Statement - storeLabel = storesLabel.get(i).getText().trim(): null

2018-05-21 14:16:08 - [TEST_STEP][PASSED] - Statement - println(storeLabel): null

2018-05-21 14:16:08 - [TEST_STEP][PASSED] - Statement - If (storeLabel.contains(storelabel)): null

2018-05-21 14:16:08 - [TEST_STEP][PASSED] - Statement - storeLabel = storesLabel.get(i).getText().trim(): null

2018-05-21 14:16:08 - [TEST_STEP][PASSED] - Statement - println(storeLabel): null

2018-05-21 14:16:08 - [TEST_STEP][PASSED] - Statement - If (storeLabel.contains(storelabel)): null

2018-05-21 14:16:08 - [TEST_STEP][PASSED] - Statement - storeLabel = storesLabel.get(i).getText().trim(): null

2018-05-21 14:16:08 - [TEST_STEP][PASSED] - Statement - println(storeLabel): null

2018-05-21 14:16:08 - [TEST_STEP][PASSED] - Statement - If (storeLabel.contains(storelabel)): null

2018-05-21 14:16:08 - [TEST_STEP][PASSED] - Statement - storeLabel = storesLabel.get(i).getText().trim(): null

2018-05-21 14:16:08 - [TEST_STEP][PASSED] - Statement - println(storeLabel): null

2018-05-21 14:16:08 - [TEST_STEP][PASSED] - Statement - If (storeLabel.contains(storelabel)): null

2018-05-21 14:16:08 - [TEST_STEP][PASSED] - Statement - storeLabel = storesLabel.get(i).getText().trim(): null

2018-05-21 14:16:08 - [TEST_STEP][PASSED] - Statement - println(storeLabel): null

2018-05-21 14:16:08 - [TEST_STEP][PASSED] - Statement - If (storeLabel.contains(storelabel)): null

2018-05-21 14:16:08 - [TEST_STEP][PASSED] - Statement - storeLabel = storesLabel.get(i).getText().trim(): null

2018-05-21 14:16:08 - [TEST_STEP][PASSED] - Statement - println(storeLabel): null

2018-05-21 14:16:08 - [TEST_STEP][PASSED] - Statement - If (storeLabel.contains(storelabel)): null

2018-05-21 14:16:08 - [TEST_STEP][PASSED] - Statement - storeLabel = storesLabel.get(i).getText().trim(): null

2018-05-21 14:16:08 - [TEST_STEP][PASSED] - Statement - println(storeLabel): null

2018-05-21 14:16:08 - [TEST_STEP][PASSED] - Statement - If (storeLabel.contains(storelabel)): null

2018-05-21 14:16:08 - [TEST_STEP][PASSED] - Statement - storeLabel = storesLabel.get(i).getText().trim(): null

2018-05-21 14:16:08 - [TEST_STEP][PASSED] - Statement - println(storeLabel): null

2018-05-21 14:16:08 - [TEST_STEP][PASSED] - Statement - If (storeLabel.contains(storelabel)): null

2018-05-21 14:16:08 - [TEST_STEP][PASSED] - Statement - storeLabel = storesLabel.get(i).getText().trim(): null

2018-05-21 14:16:08 - [TEST_STEP][PASSED] - Statement - println(storeLabel): null

2018-05-21 14:16:08 - [TEST_STEP][PASSED] - Statement - If (storeLabel.contains(storelabel)): null

2018-05-21 14:16:08 - [TEST_STEP][PASSED] - Statement - storeLabel = storesLabel.get(i).getText().trim(): null

2018-05-21 14:16:08 - [TEST_STEP][PASSED] - Statement - println(storeLabel): null

2018-05-21 14:16:08 - [TEST_STEP][PASSED] - Statement - If (storeLabel.contains(storelabel)): null

2018-05-21 14:16:08 - [TEST_STEP][PASSED] - Statement - storeLabel = storesLabel.get(i).getText().trim(): null

2018-05-21 14:16:08 - [TEST_STEP][PASSED] - Statement - println(storeLabel): null

2018-05-21 14:16:08 - [TEST_STEP][PASSED] - Statement - If (storeLabel.contains(storelabel)): null

2018-05-21 14:16:08 - [TEST_STEP][PASSED] - Statement - storeLabel = storesLabel.get(i).getText().trim(): null

2018-05-21 14:16:09 - [TEST_STEP][PASSED] - Statement - println(storeLabel): null

2018-05-21 14:16:09 - [TEST_STEP][PASSED] - Statement - If (storeLabel.contains(storelabel)): null

2018-05-21 14:16:09 - [TEST_STEP][PASSED] - Statement - storeLabel = storesLabel.get(i).getText().trim(): null

2018-05-21 14:16:09 - [TEST_STEP][PASSED] - Statement - println(storeLabel): null

2018-05-21 14:16:09 - [TEST_STEP][PASSED] - Statement - If (storeLabel.contains(storelabel)): null

2018-05-21 14:16:09 - [TEST_STEP][PASSED] - Statement - storeLabel = storesLabel.get(i).getText().trim(): null

2018-05-21 14:16:09 - [TEST_STEP][PASSED] - Statement - println(storeLabel): null

2018-05-21 14:16:09 - [TEST_STEP][PASSED] - Statement - If (storeLabel.contains(storelabel)): null

2018-05-21 14:16:09 - [TEST_STEP][PASSED] - Statement - storeLabel = storesLabel.get(i).getText().trim(): null

2018-05-21 14:16:09 - [TEST_STEP][PASSED] - Statement - println(storeLabel): null

2018-05-21 14:16:09 - [TEST_STEP][PASSED] - Statement - If (storeLabel.contains(storelabel)): null

2018-05-21 14:16:09 - [TEST_STEP][PASSED] - Statement - storeLabel = storesLabel.get(i).getText().trim(): null

2018-05-21 14:16:09 - [TEST_STEP][PASSED] - Statement - println(storeLabel): null

2018-05-21 14:16:09 - [TEST_STEP][PASSED] - Statement - If (storeLabel.contains(storelabel)): null

2018-05-21 14:16:09 - [TEST_STEP][PASSED] - Statement - storeLabel = storesLabel.get(i).getText().trim(): null

2018-05-21 14:16:09 - [TEST_STEP][PASSED] - Statement - println(storeLabel): null

2018-05-21 14:16:09 - [TEST_STEP][PASSED] - Statement - If (storeLabel.contains(storelabel)): null

2018-05-21 14:16:09 - [TEST_STEP][PASSED] - Statement - storeLabel = storesLabel.get(i).getText().trim(): null

2018-05-21 14:16:09 - [TEST_STEP][PASSED] - Statement - println(storeLabel): null

2018-05-21 14:16:09 - [TEST_STEP][PASSED] - Statement - If (storeLabel.contains(storelabel)): null

2018-05-21 14:16:09 - [TEST_STEP][PASSED] - Statement - storeLabel = storesLabel.get(i).getText().trim(): null

2018-05-21 14:16:09 - [TEST_STEP][PASSED] - Statement - println(storeLabel): null

2018-05-21 14:16:09 - [TEST_STEP][PASSED] - Statement - If (storeLabel.contains(storelabel)): null

2018-05-21 14:16:09 - [TEST_STEP][PASSED] - Statement - storeLabel = storesLabel.get(i).getText().trim(): null

2018-05-21 14:16:09 - [TEST_STEP][PASSED] - Statement - println(storeLabel): null

2018-05-21 14:16:09 - [TEST_STEP][PASSED] - Statement - If (storeLabel.contains(storelabel)): null

2018-05-21 14:16:09 - [TEST_STEP][PASSED] - Statement - storeLabel = storesLabel.get(i).getText().trim(): null

2018-05-21 14:16:09 - [TEST_STEP][PASSED] - Statement - println(storeLabel): null

2018-05-21 14:16:09 - [TEST_STEP][PASSED] - Statement - If (storeLabel.contains(storelabel)): null

2018-05-21 14:16:09 - [TEST_STEP][PASSED] - Statement - storeLabel = storesLabel.get(i).getText().trim(): null

2018-05-21 14:16:09 - [TEST_STEP][PASSED] - Statement - println(storeLabel): null

2018-05-21 14:16:09 - [TEST_STEP][PASSED] - Statement - If (storeLabel.contains(storelabel)): null

2018-05-21 14:16:09 - [TEST_STEP][PASSED] - Statement - storeLabel = storesLabel.get(i).getText().trim(): null

2018-05-21 14:16:09 - [TEST_STEP][PASSED] - Statement - println(storeLabel): null

2018-05-21 14:16:09 - [TEST_STEP][PASSED] - Statement - If (storeLabel.contains(storelabel)): null

2018-05-21 14:16:09 - [TEST_STEP][PASSED] - Statement - storeLabel = storesLabel.get(i).getText().trim(): null

2018-05-21 14:16:09 - [TEST_STEP][PASSED] - Statement - println(storeLabel): null

2018-05-21 14:16:09 - [TEST_STEP][PASSED] - Statement - If (storeLabel.contains(storelabel)): null

2018-05-21 14:16:09 - [TEST_STEP][PASSED] - Statement - storeLabel = storesLabel.get(i).getText().trim(): null

2018-05-21 14:16:09 - [TEST_STEP][PASSED] - Statement - println(storeLabel): null

2018-05-21 14:16:09 - [TEST_STEP][PASSED] - Statement - If (storeLabel.contains(storelabel)): null

2018-05-21 14:16:09 - [TEST_STEP][PASSED] - Statement - storeLabel = storesLabel.get(i).getText().trim(): null

2018-05-21 14:16:09 - [TEST_STEP][PASSED] - Statement - println(storeLabel): null

2018-05-21 14:16:09 - [TEST_STEP][PASSED] - Statement - If (storeLabel.contains(storelabel)): null

2018-05-21 14:16:09 - [TEST_STEP][PASSED] - Statement - storeLabel = storesLabel.get(i).getText().trim(): null

2018-05-21 14:16:09 - [TEST_STEP][PASSED] - Statement - println(storeLabel): null

2018-05-21 14:16:09 - [TEST_STEP][PASSED] - Statement - If (storeLabel.contains(storelabel)): null

2018-05-21 14:16:09 - [TEST_STEP][PASSED] - Statement - storeLabel = storesLabel.get(i).getText().trim(): null

2018-05-21 14:16:09 - [TEST_STEP][PASSED] - Statement - println(storeLabel): null

2018-05-21 14:16:09 - [TEST_STEP][PASSED] - Statement - If (storeLabel.contains(storelabel)): null

2018-05-21 14:16:09 - [TEST_STEP][PASSED] - Statement - storeLabel = storesLabel.get(i).getText().trim(): null

2018-05-21 14:16:09 - [TEST_STEP][PASSED] - Statement - println(storeLabel): null

2018-05-21 14:16:09 - [TEST_STEP][PASSED] - Statement - If (storeLabel.contains(storelabel)): null

2018-05-21 14:16:09 - [TEST_STEP][PASSED] - Statement - storeLabel = storesLabel.get(i).getText().trim(): null

2018-05-21 14:16:09 - [TEST_STEP][PASSED] - Statement - println(storeLabel): null

2018-05-21 14:16:09 - [TEST_STEP][PASSED] - Statement - If (storeLabel.contains(storelabel)): null

2018-05-21 14:16:09 - [TEST_STEP][PASSED] - Statement - storeLabel = storesLabel.get(i).getText().trim(): null

2018-05-21 14:16:09 - [TEST_STEP][PASSED] - Statement - println(storeLabel): null

2018-05-21 14:16:09 - [TEST_STEP][PASSED] - Statement - If (storeLabel.contains(storelabel)): null

2018-05-21 14:16:09 - [TEST_STEP][PASSED] - Statement - storeLabel = storesLabel.get(i).getText().trim(): null

2018-05-21 14:16:09 - [TEST_STEP][PASSED] - Statement - println(storeLabel): null

2018-05-21 14:16:09 - [TEST_STEP][PASSED] - Statement - If (storeLabel.contains(storelabel)): null

2018-05-21 14:16:09 - [TEST_STEP][PASSED] - Statement - storeLabel = storesLabel.get(i).getText().trim(): null

2018-05-21 14:16:09 - [TEST_STEP][PASSED] - Statement - println(storeLabel): null

2018-05-21 14:16:09 - [TEST_STEP][PASSED] - Statement - If (storeLabel.contains(storelabel)): null

2018-05-21 14:16:09 - [TEST_STEP][PASSED] - Statement - storeLabel = storesLabel.get(i).getText().trim(): null

2018-05-21 14:16:09 - [TEST_STEP][PASSED] - Statement - println(storeLabel): null

2018-05-21 14:16:09 - [TEST_STEP][PASSED] - Statement - If (storeLabel.contains(storelabel)): null

2018-05-21 14:16:09 - [TEST_STEP][PASSED] - Statement - storeLabel = storesLabel.get(i).getText().trim(): null

2018-05-21 14:16:09 - [TEST_STEP][PASSED] - Statement - println(storeLabel): null

2018-05-21 14:16:09 - [TEST_STEP][PASSED] - Statement - If (storeLabel.contains(storelabel)): null

2018-05-21 14:16:09 - [TEST_STEP][PASSED] - Statement - storeLabel = storesLabel.get(i).getText().trim(): null

2018-05-21 14:16:09 - [TEST_STEP][PASSED] - Statement - println(storeLabel): null

2018-05-21 14:16:09 - [TEST_STEP][PASSED] - Statement - If (storeLabel.contains(storelabel)): null

2018-05-21 14:16:09 - [TEST_STEP][PASSED] - Statement - storeLabel = storesLabel.get(i).getText().trim(): null

2018-05-21 14:16:09 - [TEST_STEP][PASSED] - Statement - println(storeLabel): null

2018-05-21 14:16:09 - [TEST_STEP][PASSED] - Statement - If (storeLabel.contains(storelabel)): null

2018-05-21 14:16:09 - [TEST_STEP][PASSED] - Statement - storeLabel = storesLabel.get(i).getText().trim(): null

2018-05-21 14:16:09 - [TEST_STEP][PASSED] - Statement - println(storeLabel): null

2018-05-21 14:16:09 - [TEST_STEP][PASSED] - Statement - If (storeLabel.contains(storelabel)): null

2018-05-21 14:16:09 - [TEST_STEP][PASSED] - Statement - storeLabel = storesLabel.get(i).getText().trim(): null

2018-05-21 14:16:09 - [TEST_STEP][PASSED] - Statement - println(storeLabel): null

2018-05-21 14:16:09 - [TEST_STEP][PASSED] - Statement - If (storeLabel.contains(storelabel)): null

2018-05-21 14:16:09 - [TEST_STEP][PASSED] - Statement - storeLabel = storesLabel.get(i).getText().trim(): null

2018-05-21 14:16:09 - [TEST_STEP][PASSED] - Statement - println(storeLabel): null

2018-05-21 14:16:09 - [TEST_STEP][PASSED] - Statement - If (storeLabel.contains(storelabel)): null

2018-05-21 14:16:09 - [TEST_STEP][PASSED] - Statement - storeLabel = storesLabel.get(i).getText().trim(): null

2018-05-21 14:16:09 - [TEST_STEP][PASSED] - Statement - println(storeLabel): null

2018-05-21 14:16:09 - [TEST_STEP][PASSED] - Statement - If (storeLabel.contains(storelabel)): null

2018-05-21 14:16:09 - [TEST_STEP][PASSED] - Statement - storeLabel = storesLabel.get(i).getText().trim(): null

2018-05-21 14:16:09 - [TEST_STEP][PASSED] - Statement - println(storeLabel): null

2018-05-21 14:16:09 - [TEST_STEP][PASSED] - Statement - If (storeLabel.contains(storelabel)): null

2018-05-21 14:16:09 - [TEST_STEP][PASSED] - Statement - storeLabel = storesLabel.get(i).getText().trim(): null

2018-05-21 14:16:09 - [TEST_STEP][PASSED] - Statement - println(storeLabel): null

2018-05-21 14:16:09 - [TEST_STEP][PASSED] - Statement - If (storeLabel.contains(storelabel)): null

2018-05-21 14:16:09 - [TEST_STEP][PASSED] - Statement - storeLabel = storesLabel.get(i).getText().trim(): null

2018-05-21 14:16:09 - [TEST_STEP][PASSED] - Statement - println(storeLabel): null

2018-05-21 14:16:09 - [TEST_STEP][PASSED] - Statement - If (storeLabel.contains(storelabel)): null

2018-05-21 14:16:09 - [TEST_STEP][PASSED] - Statement - storeLabel = storesLabel.get(i).getText().trim(): null

2018-05-21 14:16:09 - [TEST_STEP][PASSED] - Statement - println(storeLabel): null

2018-05-21 14:16:09 - [TEST_STEP][PASSED] - Statement - If (storeLabel.contains(storelabel)): null

2018-05-21 14:16:09 - [TEST_STEP][PASSED] - Statement - storeLabel = storesLabel.get(i).getText().trim(): null

2018-05-21 14:16:09 - [TEST_STEP][PASSED] - Statement - println(storeLabel): null

2018-05-21 14:16:09 - [TEST_STEP][PASSED] - Statement - If (storeLabel.contains(storelabel)): null

2018-05-21 14:16:09 - [TEST_STEP][PASSED] - Statement - storeLabel = storesLabel.get(i).getText().trim(): null

2018-05-21 14:16:09 - [TEST_STEP][PASSED] - Statement - println(storeLabel): null

2018-05-21 14:16:09 - [TEST_STEP][PASSED] - Statement - If (storeLabel.contains(storelabel)): null

2018-05-21 14:16:09 - [TEST_STEP][PASSED] - Statement - storeLabel = storesLabel.get(i).getText().trim(): null

2018-05-21 14:16:09 - [TEST_STEP][PASSED] - Statement - println(storeLabel): null

2018-05-21 14:16:09 - [TEST_STEP][PASSED] - Statement - If (storeLabel.contains(storelabel)): null

2018-05-21 14:16:09 - [TEST_STEP][PASSED] - Statement - storeLabel = storesLabel.get(i).getText().trim(): null

2018-05-21 14:16:09 - [TEST_STEP][PASSED] - Statement - println(storeLabel): null

2018-05-21 14:16:09 - [TEST_STEP][PASSED] - Statement - If (storeLabel.contains(storelabel)): null

2018-05-21 14:16:09 - [TEST_STEP][PASSED] - Statement - storeLabel = storesLabel.get(i).getText().trim(): null

2018-05-21 14:16:09 - [TEST_STEP][PASSED] - Statement - println(storeLabel): null

2018-05-21 14:16:09 - [TEST_STEP][PASSED] - Statement - If (storeLabel.contains(storelabel)): null

2018-05-21 14:16:09 - [TEST_STEP][PASSED] - Statement - storeLabel = storesLabel.get(i).getText().trim(): null

2018-05-21 14:16:09 - [TEST_STEP][PASSED] - Statement - println(storeLabel): null

2018-05-21 14:16:09 - [TEST_STEP][PASSED] - Statement - If (storeLabel.contains(storelabel)): null

2018-05-21 14:16:09 - [TEST_STEP][PASSED] - Statement - storeLabel = storesLabel.get(i).getText().trim(): null

2018-05-21 14:16:09 - [TEST_STEP][PASSED] - Statement - println(storeLabel): null

2018-05-21 14:16:09 - [TEST_STEP][PASSED] - Statement - If (storeLabel.contains(storelabel)): null

2018-05-21 14:16:09 - [TEST_STEP][PASSED] - Statement - storeLabel = storesLabel.get(i).getText().trim(): null

2018-05-21 14:16:09 - [TEST_STEP][PASSED] - Statement - println(storeLabel): null

2018-05-21 14:16:09 - [TEST_STEP][PASSED] - Statement - If (storeLabel.contains(storelabel)): null

2018-05-21 14:16:09 - [TEST_STEP][PASSED] - Statement - storeLabel = storesLabel.get(i).getText().trim(): null

2018-05-21 14:16:09 - [TEST_STEP][PASSED] - Statement - println(storeLabel): null

2018-05-21 14:16:09 - [TEST_STEP][PASSED] - Statement - If (storeLabel.contains(storelabel)): null

2018-05-21 14:16:09 - [TEST_STEP][PASSED] - Statement - storeLabel = storesLabel.get(i).getText().trim(): null

2018-05-21 14:16:09 - [TEST_STEP][PASSED] - Statement - println(storeLabel): null

2018-05-21 14:16:09 - [TEST_STEP][PASSED] - Statement - If (storeLabel.contains(storelabel)): null

2018-05-21 14:16:09 - [TEST_STEP][PASSED] - Statement - storeLabel = storesLabel.get(i).getText().trim(): null

2018-05-21 14:16:09 - [TEST_STEP][PASSED] - Statement - println(storeLabel): null

2018-05-21 14:16:09 - [TEST_STEP][PASSED] - Statement - If (storeLabel.contains(storelabel)): null

2018-05-21 14:16:09 - [TEST_STEP][PASSED] - Statement - storeLabel = storesLabel.get(i).getText().trim(): null

2018-05-21 14:16:09 - [TEST_STEP][PASSED] - Statement - println(storeLabel): null

2018-05-21 14:16:09 - [TEST_STEP][PASSED] - Statement - If (storeLabel.contains(storelabel)): null

2018-05-21 14:16:09 - [TEST_STEP][PASSED] - Statement - storeLabel = storesLabel.get(i).getText().trim(): null

2018-05-21 14:16:09 - [TEST_STEP][PASSED] - Statement - println(storeLabel): null

2018-05-21 14:16:09 - [TEST_STEP][PASSED] - Statement - If (storeLabel.contains(storelabel)): null

2018-05-21 14:16:09 - [TEST_STEP][PASSED] - Statement - storeLabel = storesLabel.get(i).getText().trim(): null

2018-05-21 14:16:09 - [TEST_STEP][PASSED] - Statement - println(storeLabel): null

2018-05-21 14:16:09 - [TEST_STEP][PASSED] - Statement - If (storeLabel.contains(storelabel)): null

2018-05-21 14:16:09 - [TEST_STEP][PASSED] - Statement - storeLabel = storesLabel.get(i).getText().trim(): null

2018-05-21 14:16:09 - [TEST_STEP][PASSED] - Statement - println(storeLabel): null

2018-05-21 14:16:09 - [TEST_STEP][PASSED] - Statement - If (storeLabel.contains(storelabel)): null

2018-05-21 14:16:09 - [TEST_STEP][PASSED] - Statement - storeLabel = storesLabel.get(i).getText().trim(): null

2018-05-21 14:16:09 - [TEST_STEP][PASSED] - Statement - println(storeLabel): null

2018-05-21 14:16:09 - [TEST_STEP][PASSED] - Statement - If (storeLabel.contains(storelabel)): null

2018-05-21 14:16:09 - [TEST_STEP][PASSED] - Statement - storeLabel = storesLabel.get(i).getText().trim(): null

2018-05-21 14:16:09 - [TEST_STEP][PASSED] - Statement - println(storeLabel): null

2018-05-21 14:16:09 - [TEST_STEP][PASSED] - Statement - If (storeLabel.contains(storelabel)): null

2018-05-21 14:16:09 - [TEST_STEP][PASSED] - Statement - storeLabel = storesLabel.get(i).getText().trim(): null

2018-05-21 14:16:09 - [TEST_STEP][PASSED] - Statement - println(storeLabel): null

2018-05-21 14:16:09 - [TEST_STEP][PASSED] - Statement - If (storeLabel.contains(storelabel)): null

2018-05-21 14:16:09 - [TEST_STEP][PASSED] - Statement - storeLabel = storesLabel.get(i).getText().trim(): null

2018-05-21 14:16:09 - [TEST_STEP][PASSED] - Statement - println(storeLabel): null

2018-05-21 14:16:09 - [TEST_STEP][PASSED] - Statement - If (storeLabel.contains(storelabel)): null

2018-05-21 14:16:09 - [TEST_STEP][PASSED] - Statement - storeLabel = storesLabel.get(i).getText().trim(): null

2018-05-21 14:16:09 - [TEST_STEP][PASSED] - Statement - println(storeLabel): null

2018-05-21 14:16:09 - [TEST_STEP][PASSED] - Statement - If (storeLabel.contains(storelabel)): null

2018-05-21 14:16:09 - [TEST_STEP][PASSED] - Statement - storeLabel = storesLabel.get(i).getText().trim(): null

2018-05-21 14:16:09 - [TEST_STEP][PASSED] - Statement - println(storeLabel): null

2018-05-21 14:16:09 - [TEST_STEP][PASSED] - Statement - If (storeLabel.contains(storelabel)): null

2018-05-21 14:16:09 - [TEST_STEP][PASSED] - Statement - storeLabel = storesLabel.get(i).getText().trim(): null

2018-05-21 14:16:09 - [TEST_STEP][PASSED] - Statement - println(storeLabel): null

2018-05-21 14:16:09 - [TEST_STEP][PASSED] - Statement - If (storeLabel.contains(storelabel)): null

2018-05-21 14:16:09 - [TEST_STEP][PASSED] - Statement - storeLabel = storesLabel.get(i).getText().trim(): null

2018-05-21 14:16:09 - [TEST_STEP][PASSED] - Statement - println(storeLabel): null

2018-05-21 14:16:09 - [TEST_STEP][PASSED] - Statement - If (storeLabel.contains(storelabel)): null

2018-05-21 14:16:09 - [TEST_STEP][PASSED] - Statement - storeLabel = storesLabel.get(i).getText().trim(): null

2018-05-21 14:16:09 - [TEST_STEP][PASSED] - Statement - println(storeLabel): null

2018-05-21 14:16:09 - [TEST_STEP][PASSED] - Statement - If (storeLabel.contains(storelabel)): null

2018-05-21 14:16:09 - [TEST_STEP][PASSED] - Statement - storeLabel = storesLabel.get(i).getText().trim(): null

2018-05-21 14:16:09 - [TEST_STEP][PASSED] - Statement - println(storeLabel): null

2018-05-21 14:16:09 - [TEST_STEP][PASSED] - Statement - If (storeLabel.contains(storelabel)): null

2018-05-21 14:16:09 - [TEST_STEP][PASSED] - Statement - storeLabel = storesLabel.get(i).getText().trim(): null

2018-05-21 14:16:09 - [TEST_STEP][PASSED] - Statement - println(storeLabel): null

2018-05-21 14:16:09 - [TEST_STEP][PASSED] - Statement - If (storeLabel.contains(storelabel)): null

2018-05-21 14:16:09 - [TEST_STEP][PASSED] - Statement - storeLabel = storesLabel.get(i).getText().trim(): null

2018-05-21 14:16:10 - [TEST_STEP][PASSED] - Statement - println(storeLabel): null

2018-05-21 14:16:10 - [TEST_STEP][PASSED] - Statement - If (storeLabel.contains(storelabel)): null

2018-05-21 14:16:10 - [TEST_STEP][PASSED] - Statement - storeLabel = storesLabel.get(i).getText().trim(): null

2018-05-21 14:16:10 - [TEST_STEP][PASSED] - Statement - println(storeLabel): null

2018-05-21 14:16:10 - [TEST_STEP][PASSED] - Statement - If (storeLabel.contains(storelabel)): null

2018-05-21 14:16:10 - [TEST_STEP][PASSED] - Statement - storeLabel = storesLabel.get(i).getText().trim(): null

2018-05-21 14:16:10 - [TEST_STEP][PASSED] - Statement - println(storeLabel): null

2018-05-21 14:16:10 - [TEST_STEP][PASSED] - Statement - If (storeLabel.contains(storelabel)): null

2018-05-21 14:16:10 - [TEST_STEP][PASSED] - Statement - storeLabel = storesLabel.get(i).getText().trim(): null

2018-05-21 14:16:10 - [TEST_STEP][PASSED] - Statement - println(storeLabel): null

2018-05-21 14:16:10 - [TEST_STEP][PASSED] - Statement - If (storeLabel.contains(storelabel)): null

2018-05-21 14:16:10 - [TEST_STEP][PASSED] - Statement - storeLabel = storesLabel.get(i).getText().trim(): null

2018-05-21 14:16:10 - [TEST_STEP][PASSED] - Statement - println(storeLabel): null

2018-05-21 14:16:10 - [TEST_STEP][PASSED] - Statement - If (storeLabel.contains(storelabel)): null

2018-05-21 14:16:10 - [TEST_STEP][PASSED] - Statement - storeLabel = storesLabel.get(i).getText().trim(): null

2018-05-21 14:16:10 - [TEST_STEP][PASSED] - Statement - println(storeLabel): null

2018-05-21 14:16:10 - [TEST_STEP][PASSED] - Statement - If (storeLabel.contains(storelabel)): null

2018-05-21 14:16:10 - [TEST_STEP][PASSED] - Statement - storeLabel = storesLabel.get(i).getText().trim(): null

2018-05-21 14:16:10 - [TEST_STEP][PASSED] - Statement - println(storeLabel): null

2018-05-21 14:16:10 - [TEST_STEP][PASSED] - Statement - If (storeLabel.contains(storelabel)): null

2018-05-21 14:16:10 - [TEST_STEP][PASSED] - Statement - storeLabel = storesLabel.get(i).getText().trim(): null

2018-05-21 14:16:10 - [TEST_STEP][PASSED] - Statement - println(storeLabel): null

2018-05-21 14:16:10 - [TEST_STEP][PASSED] - Statement - If (storeLabel.contains(storelabel)): null

2018-05-21 14:16:10 - [TEST_STEP][PASSED] - Statement - storeLabel = storesLabel.get(i).getText().trim(): null

2018-05-21 14:16:10 - [TEST_STEP][PASSED] - Statement - println(storeLabel): null

2018-05-21 14:16:10 - [TEST_STEP][PASSED] - Statement - If (storeLabel.contains(storelabel)): null

2018-05-21 14:16:10 - [TEST_STEP][PASSED] - Statement - storeLabel = storesLabel.get(i).getText().trim(): null

2018-05-21 14:16:10 - [TEST_STEP][PASSED] - Statement - println(storeLabel): null

2018-05-21 14:16:10 - [TEST_STEP][PASSED] - Statement - If (storeLabel.contains(storelabel)): null

2018-05-21 14:16:10 - [TEST_STEP][PASSED] - Statement - storeLabel = storesLabel.get(i).getText().trim(): null

2018-05-21 14:16:10 - [TEST_STEP][PASSED] - Statement - println(storeLabel): null

2018-05-21 14:16:10 - [TEST_STEP][PASSED] - Statement - If (storeLabel.contains(storelabel)): null

2018-05-21 14:16:10 - [TEST_STEP][PASSED] - Statement - storeLabel = storesLabel.get(i).getText().trim(): null

2018-05-21 14:16:10 - [TEST_STEP][PASSED] - Statement - println(storeLabel): null

2018-05-21 14:16:10 - [TEST_STEP][PASSED] - Statement - If (storeLabel.contains(storelabel)): null

2018-05-21 14:16:10 - [TEST_STEP][PASSED] - Statement - storeLabel = storesLabel.get(i).getText().trim(): null

2018-05-21 14:16:10 - [TEST_STEP][PASSED] - Statement - println(storeLabel): null

2018-05-21 14:16:10 - [TEST_STEP][PASSED] - Statement - If (storeLabel.contains(storelabel)): null

2018-05-21 14:16:10 - [TEST_STEP][PASSED] - Statement - storeLabel = storesLabel.get(i).getText().trim(): null

2018-05-21 14:16:10 - [TEST_STEP][PASSED] - Statement - println(storeLabel): null

2018-05-21 14:16:10 - [TEST_STEP][PASSED] - Statement - If (storeLabel.contains(storelabel)): null

2018-05-21 14:16:10 - [TEST_STEP][PASSED] - Statement - storeLabel = storesLabel.get(i).getText().trim(): null

2018-05-21 14:16:10 - [TEST_STEP][PASSED] - Statement - println(storeLabel): null

2018-05-21 14:16:10 - [TEST_STEP][PASSED] - Statement - If (storeLabel.contains(storelabel)): null

2018-05-21 14:16:10 - [TEST_STEP][PASSED] - Statement - storeLabel = storesLabel.get(i).getText().trim(): null

2018-05-21 14:16:10 - [TEST_STEP][PASSED] - Statement - println(storeLabel): null

2018-05-21 14:16:10 - [TEST_STEP][PASSED] - Statement - If (storeLabel.contains(storelabel)): null

2018-05-21 14:16:10 - [TEST_STEP][PASSED] - Statement - storeLabel = storesLabel.get(i).getText().trim(): null

2018-05-21 14:16:10 - [TEST_STEP][PASSED] - Statement - println(storeLabel): null

2018-05-21 14:16:10 - [TEST_STEP][PASSED] - Statement - If (storeLabel.contains(storelabel)): null

2018-05-21 14:16:10 - [TEST_STEP][PASSED] - Statement - storeLabel = storesLabel.get(i).getText().trim(): null

2018-05-21 14:16:10 - [TEST_STEP][PASSED] - Statement - println(storeLabel): null

2018-05-21 14:16:10 - [TEST_STEP][PASSED] - Statement - If (storeLabel.contains(storelabel)): null

2018-05-21 14:16:10 - [TEST_STEP][PASSED] - Statement - storeLabel = storesLabel.get(i).getText().trim(): null

2018-05-21 14:16:10 - [TEST_STEP][PASSED] - Statement - println(storeLabel): null

2018-05-21 14:16:10 - [TEST_STEP][PASSED] - Statement - If (storeLabel.contains(storelabel)): null

2018-05-21 14:16:10 - [TEST_STEP][PASSED] - Statement - storeLabel = storesLabel.get(i).getText().trim(): null

2018-05-21 14:16:10 - [TEST_STEP][PASSED] - Statement - println(storeLabel): null

2018-05-21 14:16:10 - [TEST_STEP][PASSED] - Statement - If (storeLabel.contains(storelabel)): null

2018-05-21 14:16:10 - [TEST_STEP][PASSED] - Statement - storeLabel = storesLabel.get(i).getText().trim(): null

2018-05-21 14:16:10 - [TEST_STEP][PASSED] - Statement - println(storeLabel): null

2018-05-21 14:16:10 - [TEST_STEP][PASSED] - Statement - If (storeLabel.contains(storelabel)): null

2018-05-21 14:16:10 - [TEST_STEP][PASSED] - Statement - storeLabel = storesLabel.get(i).getText().trim(): null

2018-05-21 14:16:10 - [TEST_STEP][PASSED] - Statement - println(storeLabel): null

2018-05-21 14:16:10 - [TEST_STEP][PASSED] - Statement - If (storeLabel.contains(storelabel)): null

2018-05-21 14:16:10 - [TEST_STEP][PASSED] - Statement - storeLabel = storesLabel.get(i).getText().trim(): null

2018-05-21 14:16:10 - [TEST_STEP][PASSED] - Statement - println(storeLabel): null

2018-05-21 14:16:10 - [TEST_STEP][PASSED] - Statement - If (storeLabel.contains(storelabel)): null

2018-05-21 14:16:10 - [TEST_STEP][PASSED] - Statement - storeLabel = storesLabel.get(i).getText().trim(): null

2018-05-21 14:16:10 - [TEST_STEP][PASSED] - Statement - println(storeLabel): null

2018-05-21 14:16:10 - [TEST_STEP][PASSED] - Statement - If (storeLabel.contains(storelabel)): null

2018-05-21 14:16:10 - [TEST_STEP][PASSED] - Statement - storeLabel = storesLabel.get(i).getText().trim(): null

2018-05-21 14:16:10 - [TEST_STEP][PASSED] - Statement - println(storeLabel): null

2018-05-21 14:16:10 - [TEST_STEP][PASSED] - Statement - If (storeLabel.contains(storelabel)): null

2018-05-21 14:16:10 - [TEST_STEP][PASSED] - Statement - storeLabel = storesLabel.get(i).getText().trim(): null

2018-05-21 14:16:10 - [TEST_STEP][PASSED] - Statement - println(storeLabel): null

2018-05-21 14:16:10 - [TEST_STEP][PASSED] - Statement - If (storeLabel.contains(storelabel)): null

2018-05-21 14:16:10 - [TEST_STEP][PASSED] - Statement - storeLabel = storesLabel.get(i).getText().trim(): null

2018-05-21 14:16:10 - [TEST_STEP][PASSED] - Statement - println(storeLabel): null

2018-05-21 14:16:10 - [TEST_STEP][PASSED] - Statement - If (storeLabel.contains(storelabel)): null

2018-05-21 14:16:10 - [TEST_STEP][PASSED] - Statement - storeLabel = storesLabel.get(i).getText().trim(): null

2018-05-21 14:16:10 - [TEST_STEP][PASSED] - Statement - println(storeLabel): null

2018-05-21 14:16:10 - [TEST_STEP][PASSED] - Statement - If (storeLabel.contains(storelabel)): null

2018-05-21 14:16:10 - [TEST_STEP][PASSED] - Statement - storeLabel = storesLabel.get(i).getText().trim(): null

2018-05-21 14:16:10 - [TEST_STEP][PASSED] - Statement - println(storeLabel): null

2018-05-21 14:16:10 - [TEST_STEP][PASSED] - Statement - If (storeLabel.contains(storelabel)): null

2018-05-21 14:16:10 - [TEST_STEP][PASSED] - Statement - storeLabel = storesLabel.get(i).getText().trim(): null

2018-05-21 14:16:10 - [TEST_STEP][PASSED] - Statement - println(storeLabel): null

2018-05-21 14:16:10 - [TEST_STEP][PASSED] - Statement - If (storeLabel.contains(storelabel)): null

2018-05-21 14:16:10 - [TEST_STEP][PASSED] - Statement - storeLabel = storesLabel.get(i).getText().trim(): null

2018-05-21 14:16:10 - [TEST_STEP][PASSED] - Statement - println(storeLabel): null

2018-05-21 14:16:10 - [TEST_STEP][PASSED] - Statement - If (storeLabel.contains(storelabel)): null

2018-05-21 14:16:10 - [TEST_STEP][PASSED] - Statement - storeLabel = storesLabel.get(i).getText().trim(): null

2018-05-21 14:16:10 - [TEST_STEP][PASSED] - Statement - println(storeLabel): null

2018-05-21 14:16:10 - [TEST_STEP][PASSED] - Statement - If (storeLabel.contains(storelabel)): null

2018-05-21 14:16:10 - [TEST_STEP][PASSED] - Statement - storeLabel = storesLabel.get(i).getText().trim(): null

2018-05-21 14:16:10 - [TEST_STEP][PASSED] - Statement - println(storeLabel): null

2018-05-21 14:16:10 - [TEST_STEP][PASSED] - Statement - If (storeLabel.contains(storelabel)): null

2018-05-21 14:16:10 - [TEST_STEP][PASSED] - Statement - storeLabel = storesLabel.get(i).getText().trim(): null

2018-05-21 14:16:10 - [TEST_STEP][PASSED] - Statement - println(storeLabel): null

2018-05-21 14:16:10 - [TEST_STEP][PASSED] - Statement - If (storeLabel.contains(storelabel)): null

2018-05-21 14:16:10 - [TEST_STEP][PASSED] - Statement - storeLabel = storesLabel.get(i).getText().trim(): null

2018-05-21 14:16:10 - [TEST_STEP][PASSED] - Statement - println(storeLabel): null

2018-05-21 14:16:10 - [TEST_STEP][PASSED] - Statement - If (storeLabel.contains(storelabel)): null

2018-05-21 14:16:10 - [TEST_STEP][PASSED] - Statement - storeLabel = storesLabel.get(i).getText().trim(): null

2018-05-21 14:16:10 - [TEST_STEP][PASSED] - Statement - println(storeLabel): null

2018-05-21 14:16:10 - [TEST_STEP][PASSED] - Statement - If (storeLabel.contains(storelabel)): null

2018-05-21 14:16:10 - [TEST_STEP][PASSED] - Statement - storeLabel = storesLabel.get(i).getText().trim(): null

2018-05-21 14:16:10 - [TEST_STEP][PASSED] - Statement - println(storeLabel): null

2018-05-21 14:16:10 - [TEST_STEP][PASSED] - Statement - If (storeLabel.contains(storelabel)): null

2018-05-21 14:16:10 - [TEST_STEP][PASSED] - Statement - storeLabel = storesLabel.get(i).getText().trim(): null

2018-05-21 14:16:10 - [TEST_STEP][PASSED] - Statement - println(storeLabel): null

2018-05-21 14:16:10 - [TEST_STEP][PASSED] - Statement - If (storeLabel.contains(storelabel)): null

2018-05-21 14:16:10 - [TEST_STEP][PASSED] - Statement - storeLabel = storesLabel.get(i).getText().trim(): null

2018-05-21 14:16:10 - [TEST_STEP][PASSED] - Statement - println(storeLabel): null

2018-05-21 14:16:10 - [TEST_STEP][PASSED] - Statement - If (storeLabel.contains(storelabel)): null

2018-05-21 14:16:10 - [TEST_STEP][PASSED] - Statement - storeLabel = storesLabel.get(i).getText().trim(): null

2018-05-21 14:16:10 - [TEST_STEP][PASSED] - Statement - println(storeLabel): null

2018-05-21 14:16:10 - [TEST_STEP][PASSED] - Statement - If (storeLabel.contains(storelabel)): null

2018-05-21 14:16:10 - [TEST_STEP][PASSED] - Statement - storeLabel = storesLabel.get(i).getText().trim(): null

2018-05-21 14:16:10 - [TEST_STEP][PASSED] - Statement - println(storeLabel): null

2018-05-21 14:16:10 - [TEST_STEP][PASSED] - Statement - If (storeLabel.contains(storelabel)): null

2018-05-21 14:16:10 - [TEST_STEP][PASSED] - Statement - storeLabel = storesLabel.get(i).getText().trim(): null

2018-05-21 14:16:10 - [TEST_STEP][PASSED] - Statement - println(storeLabel): null

2018-05-21 14:16:10 - [TEST_STEP][PASSED] - Statement - If (storeLabel.contains(storelabel)): null

2018-05-21 14:16:10 - [TEST_STEP][PASSED] - Statement - storeLabel = storesLabel.get(i).getText().trim(): null

2018-05-21 14:16:10 - [TEST_STEP][PASSED] - Statement - println(storeLabel): null

2018-05-21 14:16:10 - [TEST_STEP][PASSED] - Statement - If (storeLabel.contains(storelabel)): null

2018-05-21 14:16:10 - [TEST_STEP][PASSED] - Statement - storeLabel = storesLabel.get(i).getText().trim(): null

2018-05-21 14:16:10 - [TEST_STEP][PASSED] - Statement - println(storeLabel): null

2018-05-21 14:16:10 - [TEST_STEP][PASSED] - Statement - If (storeLabel.contains(storelabel)): null

2018-05-21 14:16:10 - [TEST_STEP][PASSED] - Statement - storeLabel = storesLabel.get(i).getText().trim(): null

2018-05-21 14:16:10 - [TEST_STEP][PASSED] - Statement - println(storeLabel): null

2018-05-21 14:16:10 - [TEST_STEP][PASSED] - Statement - If (storeLabel.contains(storelabel)): null

2018-05-21 14:16:10 - [TEST_STEP][PASSED] - Statement - storeLabel = storesLabel.get(i).getText().trim(): null

2018-05-21 14:16:10 - [TEST_STEP][PASSED] - Statement - println(storeLabel): null

2018-05-21 14:16:10 - [TEST_STEP][PASSED] - Statement - If (storeLabel.contains(storelabel)): null

2018-05-21 14:16:10 - [TEST_STEP][PASSED] - Statement - storeLabel = storesLabel.get(i).getText().trim(): null

2018-05-21 14:16:10 - [TEST_STEP][PASSED] - Statement - println(storeLabel): null

2018-05-21 14:16:10 - [TEST_STEP][PASSED] - Statement - If (storeLabel.contains(storelabel)): null

2018-05-21 14:16:10 - [TEST_STEP][PASSED] - Statement - storeLabel = storesLabel.get(i).getText().trim(): null

2018-05-21 14:16:10 - [TEST_STEP][PASSED] - Statement - println(storeLabel): null

2018-05-21 14:16:10 - [TEST_STEP][PASSED] - Statement - If (storeLabel.contains(storelabel)): null

2018-05-21 14:16:10 - [TEST_STEP][PASSED] - Statement - storeLabel = storesLabel.get(i).getText().trim(): null

2018-05-21 14:16:10 - [TEST_STEP][PASSED] - Statement - println(storeLabel): null

2018-05-21 14:16:10 - [TEST_STEP][PASSED] - Statement - If (storeLabel.contains(storelabel)): null

2018-05-21 14:16:10 - [TEST_STEP][PASSED] - Statement - storeLabel = storesLabel.get(i).getText().trim(): null

2018-05-21 14:16:10 - [TEST_STEP][PASSED] - Statement - println(storeLabel): null

2018-05-21 14:16:10 - [TEST_STEP][PASSED] - Statement - If (storeLabel.contains(storelabel)): null

2018-05-21 14:16:10 - [TEST_STEP][PASSED] - Statement - storeLabel = storesLabel.get(i).getText().trim(): null

2018-05-21 14:16:10 - [TEST_STEP][PASSED] - Statement - println(storeLabel): null

2018-05-21 14:16:10 - [TEST_STEP][PASSED] - Statement - If (storeLabel.contains(storelabel)): null

2018-05-21 14:16:10 - [TEST_STEP][PASSED] - Statement - storeLabel = storesLabel.get(i).getText().trim(): null

2018-05-21 14:16:10 - [TEST_STEP][PASSED] - Statement - println(storeLabel): null

2018-05-21 14:16:10 - [TEST_STEP][PASSED] - Statement - If (storeLabel.contains(storelabel)): null

2018-05-21 14:16:10 - [TEST_STEP][PASSED] - Statement - storeLabel = storesLabel.get(i).getText().trim(): null

2018-05-21 14:16:10 - [TEST_STEP][PASSED] - Statement - println(storeLabel): null

2018-05-21 14:16:10 - [TEST_STEP][PASSED] - Statement - If (storeLabel.contains(storelabel)): null

2018-05-21 14:16:10 - [TEST_STEP][PASSED] - Statement - storeLabel = storesLabel.get(i).getText().trim(): null

2018-05-21 14:16:10 - [TEST_STEP][PASSED] - Statement - println(storeLabel): null

2018-05-21 14:16:10 - [TEST_STEP][PASSED] - Statement - If (storeLabel.contains(storelabel)): null

2018-05-21 14:16:10 - [TEST_STEP][PASSED] - Statement - storeLabel = storesLabel.get(i).getText().trim(): null

2018-05-21 14:16:10 - [TEST_STEP][PASSED] - Statement - println(storeLabel): null

2018-05-21 14:16:10 - [TEST_STEP][PASSED] - Statement - If (storeLabel.contains(storelabel)): null

2018-05-21 14:16:10 - [TEST_STEP][PASSED] - Statement - storeLabel = storesLabel.get(i).getText().trim(): null

2018-05-21 14:16:10 - [TEST_STEP][PASSED] - Statement - println(storeLabel): null

2018-05-21 14:16:10 - [TEST_STEP][PASSED] - Statement - If (storeLabel.contains(storelabel)): null

2018-05-21 14:16:10 - [TEST_STEP][PASSED] - Statement - storeLabel = storesLabel.get(i).getText().trim(): null

2018-05-21 14:16:10 - [TEST_STEP][PASSED] - Statement - println(storeLabel): null

2018-05-21 14:16:10 - [TEST_STEP][PASSED] - Statement - If (storeLabel.contains(storelabel)): null

2018-05-21 14:16:10 - [TEST_STEP][PASSED] - Statement - storeLabel = storesLabel.get(i).getText().trim(): null

2018-05-21 14:16:10 - [TEST_STEP][PASSED] - Statement - println(storeLabel): null

2018-05-21 14:16:10 - [TEST_STEP][PASSED] - Statement - If (storeLabel.contains(storelabel)): null

2018-05-21 14:16:10 - [TEST_STEP][PASSED] - Statement - storeLabel = storesLabel.get(i).getText().trim(): null

2018-05-21 14:16:10 - [TEST_STEP][PASSED] - Statement - println(storeLabel): null

2018-05-21 14:16:10 - [TEST_STEP][PASSED] - Statement - If (storeLabel.contains(storelabel)): null

2018-05-21 14:16:10 - [TEST_STEP][PASSED] - Statement - storeLabel = storesLabel.get(i).getText().trim(): null

2018-05-21 14:16:10 - [TEST_STEP][PASSED] - Statement - println(storeLabel): null

2018-05-21 14:16:10 - [TEST_STEP][PASSED] - Statement - If (storeLabel.contains(storelabel)): null

2018-05-21 14:16:10 - [TEST_STEP][PASSED] - Statement - storeLabel = storesLabel.get(i).getText().trim(): null

2018-05-21 14:16:10 - [TEST_STEP][PASSED] - Statement - println(storeLabel): null

2018-05-21 14:16:10 - [TEST_STEP][PASSED] - Statement - If (storeLabel.contains(storelabel)): null

2018-05-21 14:16:10 - [TEST_STEP][PASSED] - Statement - storeLabel = storesLabel.get(i).getText().trim(): null

2018-05-21 14:16:11 - [TEST_STEP][PASSED] - Statement - println(storeLabel): null

2018-05-21 14:16:11 - [TEST_STEP][PASSED] - Statement - If (storeLabel.contains(storelabel)): null

2018-05-21 14:16:11 - [TEST_STEP][PASSED] - Statement - storeLabel = storesLabel.get(i).getText().trim(): null

2018-05-21 14:16:11 - [TEST_STEP][PASSED] - Statement - println(storeLabel): null

2018-05-21 14:16:11 - [TEST_STEP][PASSED] - Statement - If (storeLabel.contains(storelabel)): null

2018-05-21 14:16:11 - [TEST_STEP][PASSED] - Statement - storeLabel = storesLabel.get(i).getText().trim(): null

2018-05-21 14:16:11 - [TEST_STEP][PASSED] - Statement - println(storeLabel): null

2018-05-21 14:16:11 - [TEST_STEP][PASSED] - Statement - If (storeLabel.contains(storelabel)): null

2018-05-21 14:16:11 - [TEST_STEP][PASSED] - Statement - storeLabel = storesLabel.get(i).getText().trim(): null

2018-05-21 14:16:11 - [TEST_STEP][PASSED] - Statement - println(storeLabel): null

2018-05-21 14:16:11 - [TEST_STEP][PASSED] - Statement - If (storeLabel.contains(storelabel)): null

2018-05-21 14:16:11 - [TEST_STEP][PASSED] - Statement - storeLabel = storesLabel.get(i).getText().trim(): null

2018-05-21 14:16:11 - [TEST_STEP][PASSED] - Statement - println(storeLabel): null

2018-05-21 14:16:11 - [TEST_STEP][PASSED] - Statement - If (storeLabel.contains(storelabel)): null

2018-05-21 14:16:11 - [TEST_STEP][PASSED] - Statement - storeLabel = storesLabel.get(i).getText().trim(): null

2018-05-21 14:16:11 - [TEST_STEP][PASSED] - Statement - println(storeLabel): null

2018-05-21 14:16:11 - [TEST_STEP][PASSED] - Statement - If (storeLabel.contains(storelabel)): null

2018-05-21 14:16:11 - [TEST_STEP][PASSED] - Statement - storeLabel = storesLabel.get(i).getText().trim(): null

2018-05-21 14:16:11 - [TEST_STEP][PASSED] - Statement - println(storeLabel): null

2018-05-21 14:16:11 - [TEST_STEP][PASSED] - Statement - If (storeLabel.contains(storelabel)): null

2018-05-21 14:16:11 - [TEST_STEP][PASSED] - Statement - storeLabel = storesLabel.get(i).getText().trim(): null

2018-05-21 14:16:11 - [TEST_STEP][PASSED] - Statement - println(storeLabel): null

2018-05-21 14:16:11 - [TEST_STEP][PASSED] - Statement - If (storeLabel.contains(storelabel)): null

2018-05-21 14:16:11 - [TEST_STEP][PASSED] - Statement - storeLabel = storesLabel.get(i).getText().trim(): null

2018-05-21 14:16:11 - [TEST_STEP][PASSED] - Statement - println(storeLabel): null

2018-05-21 14:16:11 - [TEST_STEP][PASSED] - Statement - If (storeLabel.contains(storelabel)): null

2018-05-21 14:16:11 - [TEST_STEP][PASSED] - Statement - storeLabel = storesLabel.get(i).getText().trim(): null

2018-05-21 14:16:11 - [TEST_STEP][PASSED] - Statement - println(storeLabel): null

2018-05-21 14:16:11 - [TEST_STEP][PASSED] - Statement - If (storeLabel.contains(storelabel)): null

2018-05-21 14:16:11 - [TEST_STEP][PASSED] - Statement - storeLabel = storesLabel.get(i).getText().trim(): null

2018-05-21 14:16:11 - [TEST_STEP][PASSED] - Statement - println(storeLabel): null

2018-05-21 14:16:11 - [TEST_STEP][PASSED] - Statement - If (storeLabel.contains(storelabel)): null

2018-05-21 14:16:11 - [TEST_STEP][PASSED] - Statement - storeLabel = storesLabel.get(i).getText().trim(): null

2018-05-21 14:16:11 - [TEST_STEP][PASSED] - Statement - println(storeLabel): null

2018-05-21 14:16:11 - [TEST_STEP][PASSED] - Statement - If (storeLabel.contains(storelabel)): null

2018-05-21 14:16:11 - [TEST_STEP][PASSED] - Statement - storeLabel = storesLabel.get(i).getText().trim(): null

2018-05-21 14:16:11 - [TEST_STEP][PASSED] - Statement - println(storeLabel): null

2018-05-21 14:16:11 - [TEST_STEP][PASSED] - Statement - If (storeLabel.contains(storelabel)): null

2018-05-21 14:16:11 - [TEST_STEP][PASSED] - Statement - storeLabel = storesLabel.get(i).getText().trim(): null

2018-05-21 14:16:11 - [TEST_STEP][PASSED] - Statement - println(storeLabel): null

2018-05-21 14:16:11 - [TEST_STEP][PASSED] - Statement - If (storeLabel.contains(storelabel)): null

2018-05-21 14:16:11 - [TEST_STEP][PASSED] - Statement - storeLabel = storesLabel.get(i).getText().trim(): null

2018-05-21 14:16:11 - [TEST_STEP][PASSED] - Statement - println(storeLabel): null

2018-05-21 14:16:11 - [TEST_STEP][PASSED] - Statement - If (storeLabel.contains(storelabel)): null

2018-05-21 14:16:11 - [TEST_STEP][PASSED] - Statement - storeLabel = storesLabel.get(i).getText().trim(): null

2018-05-21 14:16:11 - [TEST_STEP][PASSED] - Statement - println(storeLabel): null

2018-05-21 14:16:11 - [TEST_STEP][PASSED] - Statement - If (storeLabel.contains(storelabel)): null

2018-05-21 14:16:11 - [TEST_STEP][PASSED] - Statement - storeLabel = storesLabel.get(i).getText().trim(): null

2018-05-21 14:16:11 - [TEST_STEP][PASSED] - Statement - println(storeLabel): null

2018-05-21 14:16:11 - [TEST_STEP][PASSED] - Statement - If (storeLabel.contains(storelabel)): null

2018-05-21 14:16:11 - [TEST_STEP][PASSED] - Statement - storeLabel = storesLabel.get(i).getText().trim(): null

2018-05-21 14:16:11 - [TEST_STEP][PASSED] - Statement - println(storeLabel): null

2018-05-21 14:16:11 - [TEST_STEP][PASSED] - Statement - If (storeLabel.contains(storelabel)): null

2018-05-21 14:16:11 - [TEST_STEP][PASSED] - Statement - storeLabel = storesLabel.get(i).getText().trim(): null

2018-05-21 14:16:11 - [TEST_STEP][PASSED] - Statement - println(storeLabel): null

2018-05-21 14:16:11 - [TEST_STEP][PASSED] - Statement - If (storeLabel.contains(storelabel)): null

2018-05-21 14:16:11 - [TEST_STEP][PASSED] - Statement - storeLabel = storesLabel.get(i).getText().trim(): null

2018-05-21 14:16:11 - [TEST_STEP][PASSED] - Statement - println(storeLabel): null

2018-05-21 14:16:11 - [TEST_STEP][PASSED] - Statement - If (storeLabel.contains(storelabel)): null

2018-05-21 14:16:11 - [TEST_STEP][PASSED] - Statement - storeLabel = storesLabel.get(i).getText().trim(): null

2018-05-21 14:16:11 - [TEST_STEP][PASSED] - Statement - println(storeLabel): null

2018-05-21 14:16:11 - [TEST_STEP][PASSED] - Statement - If (storeLabel.contains(storelabel)): null

2018-05-21 14:16:11 - [TEST_STEP][PASSED] - Statement - storeLabel = storesLabel.get(i).getText().trim(): null

2018-05-21 14:16:11 - [TEST_STEP][PASSED] - Statement - println(storeLabel): null

2018-05-21 14:16:11 - [TEST_STEP][PASSED] - Statement - If (storeLabel.contains(storelabel)): null

2018-05-21 14:16:11 - [TEST_STEP][PASSED] - Statement - storeLabel = storesLabel.get(i).getText().trim(): null

2018-05-21 14:16:11 - [TEST_STEP][PASSED] - Statement - println(storeLabel): null

2018-05-21 14:16:11 - [TEST_STEP][PASSED] - Statement - If (storeLabel.contains(storelabel)): null

2018-05-21 14:16:11 - [TEST_STEP][PASSED] - Statement - storeLabel = storesLabel.get(i).getText().trim(): null

2018-05-21 14:16:11 - [TEST_STEP][PASSED] - Statement - println(storeLabel): null

2018-05-21 14:16:11 - [TEST_STEP][PASSED] - Statement - If (storeLabel.contains(storelabel)): null

2018-05-21 14:16:11 - [TEST_STEP][PASSED] - Statement - storeLabel = storesLabel.get(i).getText().trim(): null

2018-05-21 14:16:11 - [TEST_STEP][PASSED] - Statement - println(storeLabel): null

2018-05-21 14:16:11 - [TEST_STEP][PASSED] - Statement - If (storeLabel.contains(storelabel)): null

2018-05-21 14:16:11 - [TEST_STEP][PASSED] - Statement - storeLabel = storesLabel.get(i).getText().trim(): null

2018-05-21 14:16:11 - [TEST_STEP][PASSED] - Statement - println(storeLabel): null

2018-05-21 14:16:11 - [TEST_STEP][PASSED] - Statement - If (storeLabel.contains(storelabel)): null

2018-05-21 14:16:11 - [TEST_STEP][PASSED] - Statement - storeLabel = storesLabel.get(i).getText().trim(): null

2018-05-21 14:16:11 - [TEST_STEP][PASSED] - Statement - println(storeLabel): null

2018-05-21 14:16:11 - [TEST_STEP][PASSED] - Statement - If (storeLabel.contains(storelabel)): null

2018-05-21 14:16:11 - [TEST_STEP][PASSED] - Statement - storeLabel = storesLabel.get(i).getText().trim(): null

2018-05-21 14:16:11 - [TEST_STEP][PASSED] - Statement - println(storeLabel): null

2018-05-21 14:16:11 - [TEST_STEP][PASSED] - Statement - If (storeLabel.contains(storelabel)): null

2018-05-21 14:16:11 - [TEST_STEP][PASSED] - Statement - storeLabel = storesLabel.get(i).getText().trim(): null

2018-05-21 14:16:11 - [TEST_STEP][PASSED] - Statement - println(storeLabel): null

2018-05-21 14:16:11 - [TEST_STEP][PASSED] - Statement - If (storeLabel.contains(storelabel)): null

2018-05-21 14:16:11 - [TEST_STEP][PASSED] - Statement - storeLabel = storesLabel.get(i).getText().trim(): null

2018-05-21 14:16:11 - [TEST_STEP][PASSED] - Statement - println(storeLabel): null

2018-05-21 14:16:11 - [TEST_STEP][PASSED] - Statement - If (storeLabel.contains(storelabel)): null

2018-05-21 14:16:11 - [TEST_STEP][PASSED] - Statement - storeLabel = storesLabel.get(i).getText().trim(): null

2018-05-21 14:16:11 - [TEST_STEP][PASSED] - Statement - println(storeLabel): null

2018-05-21 14:16:11 - [TEST_STEP][PASSED] - Statement - If (storeLabel.contains(storelabel)): null

2018-05-21 14:16:11 - [TEST_STEP][PASSED] - Statement - storeLabel = storesLabel.get(i).getText().trim(): null

2018-05-21 14:16:11 - [TEST_STEP][PASSED] - Statement - println(storeLabel): null

2018-05-21 14:16:11 - [TEST_STEP][PASSED] - Statement - If (storeLabel.contains(storelabel)): null

2018-05-21 14:16:11 - [TEST_STEP][PASSED] - Statement - storeLabel = storesLabel.get(i).getText().trim(): null

2018-05-21 14:16:11 - [TEST_STEP][PASSED] - Statement - println(storeLabel): null

2018-05-21 14:16:11 - [TEST_STEP][PASSED] - Statement - If (storeLabel.contains(storelabel)): null

2018-05-21 14:16:11 - [TEST_STEP][PASSED] - Statement - storeLabel = storesLabel.get(i).getText().trim(): null

2018-05-21 14:16:11 - [TEST_STEP][PASSED] - Statement - println(storeLabel): null

2018-05-21 14:16:11 - [TEST_STEP][PASSED] - Statement - If (storeLabel.contains(storelabel)): null

2018-05-21 14:16:11 - [TEST_STEP][PASSED] - Statement - storeLabel = storesLabel.get(i).getText().trim(): null

2018-05-21 14:16:11 - [TEST_STEP][PASSED] - Statement - println(storeLabel): null

2018-05-21 14:16:11 - [TEST_STEP][PASSED] - Statement - If (storeLabel.contains(storelabel)): null

2018-05-21 14:16:11 - [TEST_STEP][PASSED] - Statement - storeLabel = storesLabel.get(i).getText().trim(): null

2018-05-21 14:16:11 - [TEST_STEP][PASSED] - Statement - println(storeLabel): null

2018-05-21 14:16:11 - [TEST_STEP][PASSED] - Statement - If (storeLabel.contains(storelabel)): null

2018-05-21 14:16:11 - [TEST_STEP][PASSED] - Statement - storeLabel = storesLabel.get(i).getText().trim(): null

2018-05-21 14:16:11 - [TEST_STEP][PASSED] - Statement - println(storeLabel): null

2018-05-21 14:16:11 - [TEST_STEP][PASSED] - Statement - If (storeLabel.contains(storelabel)): null

2018-05-21 14:16:11 - [TEST_STEP][PASSED] - Statement - storeLabel = storesLabel.get(i).getText().trim(): null

2018-05-21 14:16:11 - [TEST_STEP][PASSED] - Statement - println(storeLabel): null

2018-05-21 14:16:11 - [TEST_STEP][PASSED] - Statement - If (storeLabel.contains(storelabel)): null

2018-05-21 14:16:11 - [TEST_STEP][PASSED] - Statement - storeLabel = storesLabel.get(i).getText().trim(): null

2018-05-21 14:16:11 - [TEST_STEP][PASSED] - Statement - println(storeLabel): null

2018-05-21 14:16:11 - [TEST_STEP][PASSED] - Statement - If (storeLabel.contains(storelabel)): null

2018-05-21 14:16:11 - [TEST_STEP][PASSED] - Statement - storeLabel = storesLabel.get(i).getText().trim(): null

2018-05-21 14:16:11 - [TEST_STEP][PASSED] - Statement - println(storeLabel): null

2018-05-21 14:16:11 - [TEST_STEP][PASSED] - Statement - If (storeLabel.contains(storelabel)): null

2018-05-21 14:16:11 - [TEST_STEP][PASSED] - Statement - storeLabel = storesLabel.get(i).getText().trim(): null

2018-05-21 14:16:11 - [TEST_STEP][PASSED] - Statement - println(storeLabel): null

2018-05-21 14:16:11 - [TEST_STEP][PASSED] - Statement - If (storeLabel.contains(storelabel)): null

2018-05-21 14:16:11 - [TEST_STEP][PASSED] - Statement - storeLabel = storesLabel.get(i).getText().trim(): null

2018-05-21 14:16:11 - [TEST_STEP][PASSED] - Statement - println(storeLabel): null

2018-05-21 14:16:11 - [TEST_STEP][PASSED] - Statement - If (storeLabel.contains(storelabel)): null

2018-05-21 14:16:11 - [TEST_STEP][PASSED] - Statement - storeLabel = storesLabel.get(i).getText().trim(): null

2018-05-21 14:16:11 - [TEST_STEP][PASSED] - Statement - println(storeLabel): null

2018-05-21 14:16:11 - [TEST_STEP][PASSED] - Statement - If (storeLabel.contains(storelabel)): null

2018-05-21 14:16:11 - [TEST_STEP][PASSED] - Statement - storeLabel = storesLabel.get(i).getText().trim(): null

2018-05-21 14:16:11 - [TEST_STEP][PASSED] - Statement - println(storeLabel): null

2018-05-21 14:16:11 - [TEST_STEP][PASSED] - Statement - If (storeLabel.contains(storelabel)): null

2018-05-21 14:16:11 - [TEST_STEP][PASSED] - Statement - storeLabel = storesLabel.get(i).getText().trim(): null

2018-05-21 14:16:11 - [TEST_STEP][PASSED] - Statement - println(storeLabel): null

2018-05-21 14:16:11 - [TEST_STEP][PASSED] - Statement - If (storeLabel.contains(storelabel)): null

2018-05-21 14:16:11 - [TEST_STEP][PASSED] - Statement - storeLabel = storesLabel.get(i).getText().trim(): null

2018-05-21 14:16:11 - [TEST_STEP][PASSED] - Statement - println(storeLabel): null

2018-05-21 14:16:11 - [TEST_STEP][PASSED] - Statement - If (storeLabel.contains(storelabel)): null

2018-05-21 14:16:11 - [TEST_STEP][PASSED] - Statement - storeLabel = storesLabel.get(i).getText().trim(): null

2018-05-21 14:16:11 - [TEST_STEP][PASSED] - Statement - println(storeLabel): null

2018-05-21 14:16:11 - [TEST_STEP][PASSED] - Statement - If (storeLabel.contains(storelabel)): null

2018-05-21 14:16:11 - [TEST_STEP][PASSED] - Statement - storeLabel = storesLabel.get(i).getText().trim(): null

2018-05-21 14:16:11 - [TEST_STEP][PASSED] - Statement - println(storeLabel): null

2018-05-21 14:16:11 - [TEST_STEP][PASSED] - Statement - If (storeLabel.contains(storelabel)): null

2018-05-21 14:16:11 - [TEST_STEP][PASSED] - Statement - storeLabel = storesLabel.get(i).getText().trim(): null

2018-05-21 14:16:11 - [TEST_STEP][PASSED] - Statement - println(storeLabel): null

2018-05-21 14:16:11 - [TEST_STEP][PASSED] - Statement - If (storeLabel.contains(storelabel)): null

2018-05-21 14:16:11 - [TEST_STEP][PASSED] - Statement - storeLabel = storesLabel.get(i).getText().trim(): null

2018-05-21 14:16:11 - [TEST_STEP][PASSED] - Statement - println(storeLabel): null

2018-05-21 14:16:11 - [TEST_STEP][PASSED] - Statement - If (storeLabel.contains(storelabel)): null

2018-05-21 14:16:11 - [TEST_STEP][PASSED] - Statement - storeLabel = storesLabel.get(i).getText().trim(): null

2018-05-21 14:16:11 - [TEST_STEP][PASSED] - Statement - println(storeLabel): null

2018-05-21 14:16:11 - [TEST_STEP][PASSED] - Statement - If (storeLabel.contains(storelabel)): null

2018-05-21 14:16:11 - [TEST_STEP][PASSED] - Statement - storeLabel = storesLabel.get(i).getText().trim(): null

2018-05-21 14:16:11 - [TEST_STEP][PASSED] - Statement - println(storeLabel): null

2018-05-21 14:16:11 - [TEST_STEP][PASSED] - Statement - If (storeLabel.contains(storelabel)): null

2018-05-21 14:16:11 - [TEST_STEP][PASSED] - Statement - storeLabel = storesLabel.get(i).getText().trim(): null

2018-05-21 14:16:11 - [TEST_STEP][PASSED] - Statement - println(storeLabel): null

2018-05-21 14:16:11 - [TEST_STEP][PASSED] - Statement - If (storeLabel.contains(storelabel)): null

2018-05-21 14:16:11 - [TEST_STEP][PASSED] - Statement - storeLabel = storesLabel.get(i).getText().trim(): null

2018-05-21 14:16:11 - [TEST_STEP][PASSED] - Statement - println(storeLabel): null

2018-05-21 14:16:11 - [TEST_STEP][PASSED] - Statement - If (storeLabel.contains(storelabel)): null

2018-05-21 14:16:11 - [TEST_STEP][PASSED] - Statement - storeLabel = storesLabel.get(i).getText().trim(): null

2018-05-21 14:16:11 - [TEST_STEP][PASSED] - Statement - println(storeLabel): null

2018-05-21 14:16:11 - [TEST_STEP][PASSED] - Statement - If (storeLabel.contains(storelabel)): null

2018-05-21 14:16:11 - [TEST_STEP][PASSED] - Statement - storeLabel = storesLabel.get(i).getText().trim(): null

2018-05-21 14:16:11 - [TEST_STEP][PASSED] - Statement - println(storeLabel): null

2018-05-21 14:16:11 - [TEST_STEP][PASSED] - Statement - If (storeLabel.contains(storelabel)): null

2018-05-21 14:16:11 - [TEST_STEP][PASSED] - Statement - storeLabel = storesLabel.get(i).getText().trim(): null

2018-05-21 14:16:11 - [TEST_STEP][PASSED] - Statement - println(storeLabel): null

2018-05-21 14:16:11 - [TEST_STEP][PASSED] - Statement - If (storeLabel.contains(storelabel)): null

2018-05-21 14:16:11 - [TEST_STEP][PASSED] - Statement - storeLabel = storesLabel.get(i).getText().trim(): null

2018-05-21 14:16:12 - [TEST_STEP][PASSED] - Statement - println(storeLabel): null

2018-05-21 14:16:12 - [TEST_STEP][PASSED] - Statement - If (storeLabel.contains(storelabel)): null

2018-05-21 14:16:12 - [TEST_STEP][PASSED] - Statement - storeLabel = storesLabel.get(i).getText().trim(): null

2018-05-21 14:16:12 - [TEST_STEP][PASSED] - Statement - println(storeLabel): null

2018-05-21 14:16:12 - [TEST_STEP][PASSED] - Statement - If (storeLabel.contains(storelabel)): null

2018-05-21 14:16:12 - [TEST_STEP][PASSED] - Statement - storeLabel = storesLabel.get(i).getText().trim(): null

2018-05-21 14:16:12 - [TEST_STEP][PASSED] - Statement - println(storeLabel): null

2018-05-21 14:16:12 - [TEST_STEP][PASSED] - Statement - If (storeLabel.contains(storelabel)): null

2018-05-21 14:16:12 - [TEST_STEP][PASSED] - Statement - storeLabel = storesLabel.get(i).getText().trim(): null

2018-05-21 14:16:12 - [TEST_STEP][PASSED] - Statement - println(storeLabel): null

2018-05-21 14:16:12 - [TEST_STEP][PASSED] - Statement - If (storeLabel.contains(storelabel)): null

2018-05-21 14:16:12 - [TEST_STEP][PASSED] - Statement - storeLabel = storesLabel.get(i).getText().trim(): null

2018-05-21 14:16:12 - [TEST_STEP][PASSED] - Statement - println(storeLabel): null

2018-05-21 14:16:12 - [TEST_STEP][PASSED] - Statement - If (storeLabel.contains(storelabel)): null

2018-05-21 14:16:12 - [TEST_STEP][PASSED] - Statement - storeLabel = storesLabel.get(i).getText().trim(): null

2018-05-21 14:16:12 - [TEST_STEP][PASSED] - Statement - println(storeLabel): null

2018-05-21 14:16:12 - [TEST_STEP][PASSED] - Statement - If (storeLabel.contains(storelabel)): null

2018-05-21 14:16:12 - [TEST_STEP][PASSED] - Statement - storeLabel = storesLabel.get(i).getText().trim(): null

2018-05-21 14:16:12 - [TEST_STEP][PASSED] - Statement - println(storeLabel): null

2018-05-21 14:16:12 - [TEST_STEP][PASSED] - Statement - If (storeLabel.contains(storelabel)): null

2018-05-21 14:16:12 - [TEST_STEP][PASSED] - Statement - storeLabel = storesLabel.get(i).getText().trim(): null

2018-05-21 14:16:12 - [TEST_STEP][PASSED] - Statement - println(storeLabel): null

2018-05-21 14:16:12 - [TEST_STEP][PASSED] - Statement - If (storeLabel.contains(storelabel)): null

2018-05-21 14:16:12 - [TEST_STEP][PASSED] - Statement - storeLabel = storesLabel.get(i).getText().trim(): null

2018-05-21 14:16:12 - [TEST_STEP][PASSED] - Statement - println(storeLabel): null

2018-05-21 14:16:12 - [TEST_STEP][PASSED] - Statement - If (storeLabel.contains(storelabel)): null

2018-05-21 14:16:12 - [TEST_STEP][PASSED] - Statement - storeLabel = storesLabel.get(i).getText().trim(): null

2018-05-21 14:16:12 - [TEST_STEP][PASSED] - Statement - println(storeLabel): null

2018-05-21 14:16:12 - [TEST_STEP][PASSED] - Statement - If (storeLabel.contains(storelabel)): null

2018-05-21 14:16:12 - [TEST_STEP][PASSED] - Statement - storeLabel = storesLabel.get(i).getText().trim(): null

2018-05-21 14:16:12 - [TEST_STEP][PASSED] - Statement - println(storeLabel): null

2018-05-21 14:16:12 - [TEST_STEP][PASSED] - Statement - If (storeLabel.contains(storelabel)): null

2018-05-21 14:16:12 - [TEST_STEP][PASSED] - Statement - storeLabel = storesLabel.get(i).getText().trim(): null

2018-05-21 14:16:12 - [TEST_STEP][PASSED] - Statement - println(storeLabel): null

2018-05-21 14:16:12 - [TEST_STEP][PASSED] - Statement - If (storeLabel.contains(storelabel)): null

2018-05-21 14:16:12 - [TEST_STEP][PASSED] - Statement - storeLabel = storesLabel.get(i).getText().trim(): null

2018-05-21 14:16:12 - [TEST_STEP][PASSED] - Statement - println(storeLabel): null

2018-05-21 14:16:12 - [TEST_STEP][PASSED] - Statement - If (storeLabel.contains(storelabel)): null

2018-05-21 14:16:12 - [TEST_STEP][PASSED] - Statement - storeLabel = storesLabel.get(i).getText().trim(): null

2018-05-21 14:16:12 - [TEST_STEP][PASSED] - Statement - println(storeLabel): null

2018-05-21 14:16:12 - [TEST_STEP][PASSED] - Statement - If (storeLabel.contains(storelabel)): null

2018-05-21 14:16:12 - [TEST_STEP][PASSED] - Statement - storeLabel = storesLabel.get(i).getText().trim(): null

2018-05-21 14:16:12 - [TEST_STEP][PASSED] - Statement - println(storeLabel): null

2018-05-21 14:16:12 - [TEST_STEP][PASSED] - Statement - If (storeLabel.contains(storelabel)): null

2018-05-21 14:16:12 - [TEST_STEP][PASSED] - Statement - storeLabel = storesLabel.get(i).getText().trim(): null

2018-05-21 14:16:12 - [TEST_STEP][PASSED] - Statement - println(storeLabel): null

2018-05-21 14:16:12 - [TEST_STEP][PASSED] - Statement - If (storeLabel.contains(storelabel)): null

2018-05-21 14:16:12 - [TEST_STEP][PASSED] - Statement - storeLabel = storesLabel.get(i).getText().trim(): null

2018-05-21 14:16:12 - [TEST_STEP][PASSED] - Statement - println(storeLabel): null

2018-05-21 14:16:12 - [TEST_STEP][PASSED] - Statement - If (storeLabel.contains(storelabel)): null

2018-05-21 14:16:12 - [TEST_STEP][PASSED] - Statement - storeLabel = storesLabel.get(i).getText().trim(): null

2018-05-21 14:16:12 - [TEST_STEP][PASSED] - Statement - println(storeLabel): null

2018-05-21 14:16:12 - [TEST_STEP][PASSED] - Statement - If (storeLabel.contains(storelabel)): null

2018-05-21 14:16:12 - [TEST_STEP][PASSED] - Statement - storeLabel = storesLabel.get(i).getText().trim(): null

2018-05-21 14:16:12 - [TEST_STEP][PASSED] - Statement - println(storeLabel): null

2018-05-21 14:16:12 - [TEST_STEP][PASSED] - Statement - If (storeLabel.contains(storelabel)): null

2018-05-21 14:16:12 - [TEST_STEP][PASSED] - Statement - storeLabel = storesLabel.get(i).getText().trim(): null

2018-05-21 14:16:12 - [TEST_STEP][PASSED] - Statement - println(storeLabel): null

2018-05-21 14:16:12 - [TEST_STEP][PASSED] - Statement - If (storeLabel.contains(storelabel)): null

2018-05-21 14:16:12 - [TEST_STEP][PASSED] - Statement - storeLabel = storesLabel.get(i).getText().trim(): null

2018-05-21 14:16:12 - [TEST_STEP][PASSED] - Statement - println(storeLabel): null

2018-05-21 14:16:12 - [TEST_STEP][PASSED] - Statement - If (storeLabel.contains(storelabel)): null

2018-05-21 14:16:12 - [TEST_STEP][PASSED] - Statement - storeLabel = storesLabel.get(i).getText().trim(): null

2018-05-21 14:16:12 - [TEST_STEP][PASSED] - Statement - println(storeLabel): null

2018-05-21 14:16:12 - [TEST_STEP][PASSED] - Statement - If (storeLabel.contains(storelabel)): null

2018-05-21 14:16:12 - [TEST_STEP][PASSED] - Statement - storeLabel = storesLabel.get(i).getText().trim(): null

2018-05-21 14:16:12 - [TEST_STEP][PASSED] - Statement - println(storeLabel): null

2018-05-21 14:16:12 - [TEST_STEP][PASSED] - Statement - If (storeLabel.contains(storelabel)): null

2018-05-21 14:16:12 - [TEST_STEP][PASSED] - Statement - storeLabel = storesLabel.get(i).getText().trim(): null

2018-05-21 14:16:12 - [TEST_STEP][PASSED] - Statement - println(storeLabel): null

2018-05-21 14:16:12 - [TEST_STEP][PASSED] - Statement - If (storeLabel.contains(storelabel)): null

2018-05-21 14:16:12 - [TEST_STEP][PASSED] - Statement - storeLabel = storesLabel.get(i).getText().trim(): null

2018-05-21 14:16:12 - [TEST_STEP][PASSED] - Statement - println(storeLabel): null

2018-05-21 14:16:12 - [TEST_STEP][PASSED] - Statement - If (storeLabel.contains(storelabel)): null

2018-05-21 14:16:12 - [TEST_STEP][PASSED] - Statement - storeLabel = storesLabel.get(i).getText().trim(): null

2018-05-21 14:16:12 - [TEST_STEP][PASSED] - Statement - println(storeLabel): null

2018-05-21 14:16:12 - [TEST_STEP][PASSED] - Statement - If (storeLabel.contains(storelabel)): null

2018-05-21 14:16:12 - [TEST_STEP][PASSED] - Statement - storeLabel = storesLabel.get(i).getText().trim(): null

2018-05-21 14:16:12 - [TEST_STEP][PASSED] - Statement - println(storeLabel): null

2018-05-21 14:16:12 - [TEST_STEP][PASSED] - Statement - If (storeLabel.contains(storelabel)): null

2018-05-21 14:16:12 - [TEST_STEP][PASSED] - Statement - storeLabel = storesLabel.get(i).getText().trim(): null

2018-05-21 14:16:12 - [TEST_STEP][PASSED] - Statement - println(storeLabel): null

2018-05-21 14:16:12 - [TEST_STEP][PASSED] - Statement - If (storeLabel.contains(storelabel)): null

2018-05-21 14:16:12 - [TEST_STEP][PASSED] - Statement - storeLabel = storesLabel.get(i).getText().trim(): null

2018-05-21 14:16:12 - [TEST_STEP][PASSED] - Statement - println(storeLabel): null

2018-05-21 14:16:12 - [TEST_STEP][PASSED] - Statement - If (storeLabel.contains(storelabel)): null

2018-05-21 14:16:12 - [TEST_STEP][PASSED] - Statement - storeLabel = storesLabel.get(i).getText().trim(): null

2018-05-21 14:16:12 - [TEST_STEP][PASSED] - Statement - println(storeLabel): null

2018-05-21 14:16:12 - [TEST_STEP][PASSED] - Statement - If (storeLabel.contains(storelabel)): null

2018-05-21 14:16:12 - [TEST_STEP][PASSED] - Statement - storeLabel = storesLabel.get(i).getText().trim(): null

2018-05-21 14:16:12 - [TEST_STEP][PASSED] - Statement - println(storeLabel): null

2018-05-21 14:16:12 - [TEST_STEP][PASSED] - Statement - If (storeLabel.contains(storelabel)): null

2018-05-21 14:16:12 - [TEST_STEP][PASSED] - Statement - storeLabel = storesLabel.get(i).getText().trim(): null

2018-05-21 14:16:12 - [TEST_STEP][PASSED] - Statement - println(storeLabel): null

2018-05-21 14:16:12 - [TEST_STEP][PASSED] - Statement - If (storeLabel.contains(storelabel)): null

2018-05-21 14:16:12 - [TEST_STEP][PASSED] - Statement - storeLabel = storesLabel.get(i).getText().trim(): null

2018-05-21 14:16:12 - [TEST_STEP][PASSED] - Statement - println(storeLabel): null

2018-05-21 14:16:12 - [TEST_STEP][PASSED] - Statement - If (storeLabel.contains(storelabel)): null

2018-05-21 14:16:12 - [TEST_STEP][PASSED] - Statement - storeLabel = storesLabel.get(i).getText().trim(): null

2018-05-21 14:16:12 - [TEST_STEP][PASSED] - Statement - println(storeLabel): null

2018-05-21 14:16:12 - [TEST_STEP][PASSED] - Statement - If (storeLabel.contains(storelabel)): null

2018-05-21 14:16:12 - [TEST_STEP][PASSED] - Statement - storeLabel = storesLabel.get(i).getText().trim(): null

2018-05-21 14:16:12 - [TEST_STEP][PASSED] - Statement - println(storeLabel): null

2018-05-21 14:16:12 - [TEST_STEP][PASSED] - Statement - If (storeLabel.contains(storelabel)): null

2018-05-21 14:16:12 - [TEST_STEP][PASSED] - Statement - storeLabel = storesLabel.get(i).getText().trim(): null

2018-05-21 14:16:12 - [TEST_STEP][PASSED] - Statement - println(storeLabel): null

2018-05-21 14:16:12 - [TEST_STEP][PASSED] - Statement - If (storeLabel.contains(storelabel)): null

2018-05-21 14:16:12 - [TEST_STEP][PASSED] - Statement - storeLabel = storesLabel.get(i).getText().trim(): null

2018-05-21 14:16:12 - [TEST_STEP][PASSED] - Statement - println(storeLabel): null

2018-05-21 14:16:12 - [TEST_STEP][PASSED] - Statement - If (storeLabel.contains(storelabel)): null

2018-05-21 14:16:12 - [TEST_STEP][PASSED] - Statement - storeLabel = storesLabel.get(i).getText().trim(): null

2018-05-21 14:16:12 - [TEST_STEP][PASSED] - Statement - println(storeLabel): null

2018-05-21 14:16:12 - [TEST_STEP][PASSED] - Statement - If (storeLabel.contains(storelabel)): null

2018-05-21 14:16:12 - [TEST_STEP][PASSED] - Statement - storeLabel = storesLabel.get(i).getText().trim(): null

2018-05-21 14:16:12 - [TEST_STEP][PASSED] - Statement - println(storeLabel): null

2018-05-21 14:16:12 - [TEST_STEP][PASSED] - Statement - If (storeLabel.contains(storelabel)): null

2018-05-21 14:16:12 - [TEST_STEP][PASSED] - Statement - storeLabel = storesLabel.get(i).getText().trim(): null

2018-05-21 14:16:12 - [TEST_STEP][PASSED] - Statement - println(storeLabel): null

2018-05-21 14:16:12 - [TEST_STEP][PASSED] - Statement - If (storeLabel.contains(storelabel)): null

2018-05-21 14:16:12 - [TEST_STEP][PASSED] - delay: Delayed 10 second(s)

2018-05-21 14:16:22 - [MESSAGE][PASSED] - Delayed 10 second(s)

2018-05-21 14:16:22 - [TEST_STEP][PASSED] - uiaction.CommonUIActions.click: uiaction.CommonUIActions.click is PASSED

2018-05-21 14:16:22 - [MESSAGE][PASSED] - uiaction.CommonUIActions.click is PASSED

2018-05-21 14:16:22 - [TEST_STEP][PASSED] - uiaction.CommonUIActions.click: uiaction.CommonUIActions.click is PASSED

2018-05-21 14:16:22 - [MESSAGE][PASSED] - uiaction.CommonUIActions.click is PASSED

2018-05-21 14:16:22 - [TEST_STEP][PASSED] - delay: Delayed 10 second(s)

2018-05-21 14:16:32 - [MESSAGE][PASSED] - Delayed 10 second(s)

2018-05-21 14:16:32 - [TEST_STEP][PASSED] - uiaction.CommonUIActions.back: uiaction.CommonUIActions.back is PASSED

2018-05-21 14:16:32 - [MESSAGE][PASSED] - Navigate back successfully

2018-05-21 14:16:32 - [MESSAGE][PASSED] - uiaction.CommonUIActions.back is PASSED

2018-05-21 14:16:32 - [TEST_STEP][PASSED] - delay: Delayed 10 second(s)

2018-05-21 14:16:42 - [MESSAGE][PASSED] - Delayed 10 second(s)

2018-05-21 14:16:42 - [TEST_STEP][PASSED] - uiaction.CommonUIActions.click: uiaction.CommonUIActions.click is PASSED

2018-05-21 14:16:43 - [MESSAGE][PASSED] - uiaction.CommonUIActions.click is PASSED

2018-05-21 14:16:43 - [TEST_STEP][PASSED] - delay: Delayed 15 second(s)

2018-05-21 14:16:58 - [MESSAGE][PASSED] - Delayed 15 second(s)

2018-05-21 14:16:58 - [TEST_STEP][PASSED] - Statement - driver.findElement(org.openqa.selenium.By.xpath("//li/span/span/div/span[@class='StoreTitile'][text()='" + grpName + "']/../../../../span[1]")).click(): null

2018-05-21 14:16:58 - [TEST_STEP][PASSED] - delay: Delayed 10 second(s)

2018-05-21 14:17:08 - [MESSAGE][PASSED] - Delayed 10 second(s)

2018-05-21 14:17:08 - [TEST_STEP][PASSED] - Statement - driver.findElement(org.openqa.selenium.By.xpath("//li/span/span/div/span[@class='StoreTitile'][text()='" + grpName + "']/../../../../span[2]")).click(): null

2018-05-21 14:17:08 - [TEST_STEP][PASSED] - Statement - timemeasureoptions = driver.findElements(org.openqa.selenium.By.xpath("//select[@class='time-measures']/option")): null

2018-05-21 14:17:08 - [TEST_STEP][PASSED] - Statement - timemeasureoption_excel = CustomKeywords.projectSpecific.Reusability.getTestData("ReportsPage", "timemeasureoptions"): projectSpecific.Reusability.getTestData is PASSED

2018-05-21 14:17:08 - [MESSAGE][PASSED] - projectSpecific.Reusability.getTestData is PASSED

2018-05-21 14:17:08 - [TEST_STEP][PASSED] - Statement - timemeasureoption_excelsplit = timemeasureoption_excel.split(","): null

2018-05-21 14:17:08 - [TEST_STEP][PASSED] - Statement - For ([i = 0, i < timemeasureoptions.size(), (i++)]): null

2018-05-21 14:17:08 - [TEST_STEP][PASSED] - Statement - If (timemeasureoptions.get(i).getText() == timemeasureoption_excelsplit[i]): null

2018-05-21 14:17:08 - [TEST_STEP][PASSED] - Statement - out.println("Options are displayed correctly "): null

2018-05-21 14:17:08 - [TEST_STEP][PASSED] - Statement - If (timemeasureoptions.get(i).getText() == timemeasureoption_excelsplit[i]): null

2018-05-21 14:17:08 - [TEST_STEP][PASSED] - Statement - out.println("Options are displayed correctly "): null

2018-05-21 14:17:08 - [TEST_STEP][PASSED] - Statement - If (timemeasureoptions.get(i).getText() == timemeasureoption_excelsplit[i]): null

2018-05-21 14:17:08 - [TEST_STEP][PASSED] - Statement - out.println("Options are displayed correctly "): null

2018-05-21 14:17:08 - [TEST_STEP][PASSED] - Statement - If (timemeasureoptions.get(i).getText() == timemeasureoption_excelsplit[i]): null

2018-05-21 14:17:08 - [TEST_STEP][PASSED] - Statement - out.println("Options are displayed correctly "): null

2018-05-21 14:17:08 - [TEST_STEP][PASSED] - uiaction.CommonUIActions.click: uiaction.CommonUIActions.click is PASSED

2018-05-21 14:17:08 - [MESSAGE][PASSED] - uiaction.CommonUIActions.click is PASSED

2018-05-21 14:17:08 - [TEST_STEP][PASSED] - uiaction.CommonUIActions.click: uiaction.CommonUIActions.click is PASSED

2018-05-21 14:17:08 - [MESSAGE][PASSED] - uiaction.CommonUIActions.click is PASSED

2018-05-21 14:17:08 - [TEST_STEP][PASSED] - delay: Delayed 5 second(s)

2018-05-21 14:17:13 - [MESSAGE][PASSED] - Delayed 5 second(s)

2018-05-21 14:17:13 - [TEST_STEP][PASSED] - click: Object: 'Object Repository/ReportsPage/fromDateSelector' is clicked on

2018-05-21 14:17:13 - [MESSAGE][PASSED] - Object: 'Object Repository/ReportsPage/fromDateSelector' is clicked on

2018-05-21 14:17:13 - [TEST_STEP][PASSED] - delay: Delayed 5 second(s)

2018-05-21 14:17:18 - [MESSAGE][PASSED] - Delayed 5 second(s)

2018-05-21 14:17:18 - [TEST_STEP][PASSED] - Statement - monthText = com.kms.katalon.core.webui.keyword.WebUiBuiltInKeywords.getText(com.kms.katalon.core.testobject.ObjectRepository.findTestObject(ReportsPage/monthText)): Text of object 'Object Repository/ReportsPage/monthText' is: 'May 2018'

2018-05-21 14:17:18 - [MESSAGE][PASSED] - Text of object 'Object Repository/ReportsPage/monthText' is: 'May 2018'

2018-05-21 14:17:18 - [TEST_STEP][PASSED] - Statement - monthTextArray = monthText.split(" "): null

2018-05-21 14:17:18 - [TEST_STEP][PASSED] - Statement - month = monthTextArray[0]: null

2018-05-21 14:17:18 - [TEST_STEP][PASSED] - Statement - monthTextValue = CustomKeywords.projectSpecific.Reusability.getTestData("ReportsPage", "Month_January"): projectSpecific.Reusability.getTestData is PASSED

2018-05-21 14:17:18 - [MESSAGE][PASSED] - projectSpecific.Reusability.getTestData is PASSED

2018-05-21 14:17:18 - [TEST_STEP][PASSED] - Statement - If (!(monthTextValue.equals(month))): null

2018-05-21 14:17:18 - [TEST_STEP][PASSED] - Statement - While (!(monthTextValue.equals(month))): null

2018-05-21 14:17:18 - [TEST_STEP][PASSED] - click: Object: 'Object Repository/ReportsPage/previousDateSelector' is clicked on

2018-05-21 14:17:18 - [MESSAGE][PASSED] - Object: 'Object Repository/ReportsPage/previousDateSelector' is clicked on

2018-05-21 14:17:18 - [TEST_STEP][PASSED] - Statement - monthText = com.kms.katalon.core.webui.keyword.WebUiBuiltInKeywords.getText(com.kms.katalon.core.testobject.ObjectRepository.findTestObject(ReportsPage/monthText)): Text of object 'Object Repository/ReportsPage/monthText' is: 'April 2018'

2018-05-21 14:17:18 - [MESSAGE][PASSED] - Text of object 'Object Repository/ReportsPage/monthText' is: 'April 2018'

2018-05-21 14:17:18 - [TEST_STEP][PASSED] - Statement - monthTextArray = monthText.split(" "): null

2018-05-21 14:17:18 - [TEST_STEP][PASSED] - Statement - month = monthTextArray[0]: null

2018-05-21 14:17:18 - [TEST_STEP][PASSED] - click: Object: 'Object Repository/ReportsPage/previousDateSelector' is clicked on

2018-05-21 14:17:18 - [MESSAGE][PASSED] - Object: 'Object Repository/ReportsPage/previousDateSelector' is clicked on

2018-05-21 14:17:18 - [TEST_STEP][PASSED] - Statement - monthText = com.kms.katalon.core.webui.keyword.WebUiBuiltInKeywords.getText(com.kms.katalon.core.testobject.ObjectRepository.findTestObject(ReportsPage/monthText)): Text of object 'Object Repository/ReportsPage/monthText' is: 'March 2018'

2018-05-21 14:17:18 - [MESSAGE][PASSED] - Text of object 'Object Repository/ReportsPage/monthText' is: 'March 2018'

2018-05-21 14:17:18 - [TEST_STEP][PASSED] - Statement - monthTextArray = monthText.split(" "): null

2018-05-21 14:17:18 - [TEST_STEP][PASSED] - Statement - month = monthTextArray[0]: null

2018-05-21 14:17:18 - [TEST_STEP][PASSED] - click: Object: 'Object Repository/ReportsPage/previousDateSelector' is clicked on

2018-05-21 14:17:18 - [MESSAGE][PASSED] - Object: 'Object Repository/ReportsPage/previousDateSelector' is clicked on

2018-05-21 14:17:18 - [TEST_STEP][PASSED] - Statement - monthText = com.kms.katalon.core.webui.keyword.WebUiBuiltInKeywords.getText(com.kms.katalon.core.testobject.ObjectRepository.findTestObject(ReportsPage/monthText)): Text of object 'Object Repository/ReportsPage/monthText' is: 'February 2018'

2018-05-21 14:17:18 - [MESSAGE][PASSED] - Text of object 'Object Repository/ReportsPage/monthText' is: 'February 2018'

2018-05-21 14:17:18 - [TEST_STEP][PASSED] - Statement - monthTextArray = monthText.split(" "): null

2018-05-21 14:17:18 - [TEST_STEP][PASSED] - Statement - month = monthTextArray[0]: null

2018-05-21 14:17:18 - [TEST_STEP][PASSED] - click: Object: 'Object Repository/ReportsPage/previousDateSelector' is clicked on

2018-05-21 14:17:18 - [MESSAGE][PASSED] - Object: 'Object Repository/ReportsPage/previousDateSelector' is clicked on

2018-05-21 14:17:18 - [TEST_STEP][PASSED] - Statement - monthText = com.kms.katalon.core.webui.keyword.WebUiBuiltInKeywords.getText(com.kms.katalon.core.testobject.ObjectRepository.findTestObject(ReportsPage/monthText)): Text of object 'Object Repository/ReportsPage/monthText' is: 'January 2018'

2018-05-21 14:17:18 - [MESSAGE][PASSED] - Text of object 'Object Repository/ReportsPage/monthText' is: 'January 2018'

2018-05-21 14:17:18 - [TEST_STEP][PASSED] - Statement - monthTextArray = monthText.split(" "): null

2018-05-21 14:17:18 - [TEST_STEP][PASSED] - Statement - month = monthTextArray[0]: null

2018-05-21 14:17:18 - [TEST_STEP][PASSED] - Statement - data = CustomKeywords.projectSpecific.Reusability.getTestData("ReportsPage", "January_StartDate"): projectSpecific.Reusability.getTestData is PASSED

2018-05-21 14:17:18 - [MESSAGE][PASSED] - projectSpecific.Reusability.getTestData is PASSED

2018-05-21 14:17:18 - [TEST_STEP][PASSED] - Statement - startDate = "(//td[text()='" + data + "'])[1]": null

2018-05-21 14:17:18 - [TEST_STEP][PASSED] - Statement - println(startDate): null

2018-05-21 14:17:18 - [TEST_STEP][PASSED] - Statement - startdateEle = driver.findElement(org.openqa.selenium.By.xpath(startDate)): null

2018-05-21 14:17:18 - [TEST_STEP][PASSED] - Statement - startdateEle.click(): null

2018-05-21 14:17:18 - [TEST_STEP][PASSED] - delay: Delayed 5 second(s)

2018-05-21 14:17:23 - [MESSAGE][PASSED] - Delayed 5 second(s)

2018-05-21 14:17:23 - [TEST_STEP][PASSED] - click: Object: 'Object Repository/ReportsPage/toDateSelector' is clicked on

2018-05-21 14:17:23 - [MESSAGE][PASSED] - Object: 'Object Repository/ReportsPage/toDateSelector' is clicked on

2018-05-21 14:17:24 - [TEST_STEP][PASSED] - Statement - monthText = com.kms.katalon.core.webui.keyword.WebUiBuiltInKeywords.getText(com.kms.katalon.core.testobject.ObjectRepository.findTestObject(ReportsPage/monthText2)): Text of object 'Object Repository/ReportsPage/monthText2' is: 'May 2018'

2018-05-21 14:17:24 - [MESSAGE][PASSED] - Text of object 'Object Repository/ReportsPage/monthText2' is: 'May 2018'

2018-05-21 14:17:24 - [TEST_STEP][PASSED] - Statement - monthTextArray = monthText.split(" "): null

2018-05-21 14:17:24 - [TEST_STEP][PASSED] - Statement - month = monthTextArray[0]: null

2018-05-21 14:17:24 - [TEST_STEP][PASSED] - Statement - monthTextValue1 = CustomKeywords.projectSpecific.Reusability.getTestData("ReportsPage", "Month_January"): projectSpecific.Reusability.getTestData is PASSED

2018-05-21 14:17:24 - [MESSAGE][PASSED] - projectSpecific.Reusability.getTestData is PASSED

2018-05-21 14:17:24 - [TEST_STEP][PASSED] - Statement - If (!(monthTextValue1.equals(month))): null

2018-05-21 14:17:24 - [TEST_STEP][PASSED] - Statement - While (!(monthTextValue1.equals(month))): null

2018-05-21 14:17:24 - [TEST_STEP][PASSED] - click: Object: 'Object Repository/ReportsPage/previousDateSelector2' is clicked on

2018-05-21 14:17:24 - [MESSAGE][PASSED] - Object: 'Object Repository/ReportsPage/previousDateSelector2' is clicked on

2018-05-21 14:17:24 - [TEST_STEP][PASSED] - Statement - monthText = com.kms.katalon.core.webui.keyword.WebUiBuiltInKeywords.getText(com.kms.katalon.core.testobject.ObjectRepository.findTestObject(ReportsPage/monthText2)): Text of object 'Object Repository/ReportsPage/monthText2' is: 'April 2018'

2018-05-21 14:17:24 - [MESSAGE][PASSED] - Text of object 'Object Repository/ReportsPage/monthText2' is: 'April 2018'

2018-05-21 14:17:24 - [TEST_STEP][PASSED] - Statement - monthTextArray = monthText.split(" "): null

2018-05-21 14:17:24 - [TEST_STEP][PASSED] - Statement - month = monthTextArray[0]: null

2018-05-21 14:17:24 - [TEST_STEP][PASSED] - click: Object: 'Object Repository/ReportsPage/previousDateSelector2' is clicked on

2018-05-21 14:17:24 - [MESSAGE][PASSED] - Object: 'Object Repository/ReportsPage/previousDateSelector2' is clicked on

2018-05-21 14:17:24 - [TEST_STEP][PASSED] - Statement - monthText = com.kms.katalon.core.webui.keyword.WebUiBuiltInKeywords.getText(com.kms.katalon.core.testobject.ObjectRepository.findTestObject(ReportsPage/monthText2)): Text of object 'Object Repository/ReportsPage/monthText2' is: 'March 2018'

2018-05-21 14:17:24 - [MESSAGE][PASSED] - Text of object 'Object Repository/ReportsPage/monthText2' is: 'March 2018'

2018-05-21 14:17:24 - [TEST_STEP][PASSED] - Statement - monthTextArray = monthText.split(" "): null

2018-05-21 14:17:24 - [TEST_STEP][PASSED] - Statement - month = monthTextArray[0]: null

2018-05-21 14:17:24 - [TEST_STEP][PASSED] - click: Object: 'Object Repository/ReportsPage/previousDateSelector2' is clicked on

2018-05-21 14:17:24 - [MESSAGE][PASSED] - Object: 'Object Repository/ReportsPage/previousDateSelector2' is clicked on

2018-05-21 14:17:24 - [TEST_STEP][PASSED] - Statement - monthText = com.kms.katalon.core.webui.keyword.WebUiBuiltInKeywords.getText(com.kms.katalon.core.testobject.ObjectRepository.findTestObject(ReportsPage/monthText2)): Text of object 'Object Repository/ReportsPage/monthText2' is: 'February 2018'

2018-05-21 14:17:24 - [MESSAGE][PASSED] - Text of object 'Object Repository/ReportsPage/monthText2' is: 'February 2018'

2018-05-21 14:17:24 - [TEST_STEP][PASSED] - Statement - monthTextArray = monthText.split(" "): null

2018-05-21 14:17:24 - [TEST_STEP][PASSED] - Statement - month = monthTextArray[0]: null

2018-05-21 14:17:24 - [TEST_STEP][PASSED] - click: Object: 'Object Repository/ReportsPage/previousDateSelector2' is clicked on

2018-05-21 14:17:24 - [MESSAGE][PASSED] - Object: 'Object Repository/ReportsPage/previousDateSelector2' is clicked on

2018-05-21 14:17:24 - [TEST_STEP][PASSED] - Statement - monthText = com.kms.katalon.core.webui.keyword.WebUiBuiltInKeywords.getText(com.kms.katalon.core.testobject.ObjectRepository.findTestObject(ReportsPage/monthText2)): Text of object 'Object Repository/ReportsPage/monthText2' is: 'January 2018'

2018-05-21 14:17:24 - [MESSAGE][PASSED] - Text of object 'Object Repository/ReportsPage/monthText2' is: 'January 2018'

2018-05-21 14:17:24 - [TEST_STEP][PASSED] - Statement - monthTextArray = monthText.split(" "): null

2018-05-21 14:17:24 - [TEST_STEP][PASSED] - Statement - month = monthTextArray[0]: null

2018-05-21 14:17:24 - [TEST_STEP][PASSED] - Statement - endDate = CustomKeywords.projectSpecific.Reusability.getTestData("ReportsPage", "January_EndDate"): projectSpecific.Reusability.getTestData is PASSED

2018-05-21 14:17:24 - [MESSAGE][PASSED] - projectSpecific.Reusability.getTestData is PASSED

2018-05-21 14:17:24 - [TEST_STEP][PASSED] - Statement - toDate = "(//td[text()='" + endDate + "'])[2]": null

2018-05-21 14:17:24 - [TEST_STEP][PASSED] - Statement - toDateEle = driver.findElement(org.openqa.selenium.By.xpath(toDate)): null

2018-05-21 14:17:24 - [TEST_STEP][PASSED] - Statement - toDateEle.click(): null

2018-05-21 14:17:24 - [TEST_STEP][PASSED] - delay: Delayed 5 second(s)

2018-05-21 14:17:29 - [MESSAGE][PASSED] - Delayed 5 second(s)

2018-05-21 14:17:29 - [TEST_STEP][PASSED] - Statement - dateAttr = com.kms.katalon.core.webui.keyword.WebUiBuiltInKeywords.getAttribute(com.kms.katalon.core.testobject.ObjectRepository.findTestObject(ReportsPage/selectedDate1), "value"): Attribute 'value' of object 'Object Repository/ReportsPage/selectedDate1' is: '01/01/2018'

2018-05-21 14:17:29 - [MESSAGE][PASSED] - Attribute 'value' of object 'Object Repository/ReportsPage/selectedDate1' is: '01/01/2018'

2018-05-21 14:17:29 - [TEST_STEP][PASSED] - Statement - fromDateValue = CustomKeywords.projectSpecific.Reusability.getTestData("ReportsPage", "fromDate_January2"): projectSpecific.Reusability.getTestData is PASSED

2018-05-21 14:17:29 - [MESSAGE][PASSED] - projectSpecific.Reusability.getTestData is PASSED

2018-05-21 14:17:29 - [TEST_STEP][PASSED] - Statement - If (!(dateAttr.equals(fromDateValue))): null

2018-05-21 14:17:29 - [TEST_STEP][PASSED] - Statement - dateAttr = com.kms.katalon.core.webui.keyword.WebUiBuiltInKeywords.getAttribute(com.kms.katalon.core.testobject.ObjectRepository.findTestObject(ReportsPage/selectedDate2), "value"): Attribute 'value' of object 'Object Repository/ReportsPage/selectedDate2' is: '01/13/2018'

2018-05-21 14:17:29 - [MESSAGE][PASSED] - Attribute 'value' of object 'Object Repository/ReportsPage/selectedDate2' is: '01/13/2018'

2018-05-21 14:17:29 - [TEST_STEP][PASSED] - Statement - toDateValue = CustomKeywords.projectSpecific.Reusability.getTestData("ReportsPage", "toDate_January2"): projectSpecific.Reusability.getTestData is PASSED

2018-05-21 14:17:29 - [MESSAGE][PASSED] - projectSpecific.Reusability.getTestData is PASSED

2018-05-21 14:17:29 - [TEST_STEP][PASSED] - Statement - If (!(dateAttr.equals(toDateValue))): null

2018-05-21 14:17:29 - [TEST_STEP][PASSED] - uiaction.CommonUIActions.click: uiaction.CommonUIActions.click is PASSED

2018-05-21 14:17:29 - [MESSAGE][PASSED] - uiaction.CommonUIActions.click is PASSED

2018-05-21 14:17:29 - [TEST_STEP][PASSED] - Statement - opencheckbox = CustomKeywords.uiaction.CommonUIActions.isEnabled(com.kms.katalon.core.testobject.ObjectRepository.findTestObject(ReportsPage/Report_opencheckbox)): uiaction.CommonUIActions.isEnabled is PASSED

2018-05-21 14:17:29 - [MESSAGE][PASSED] - uiaction.CommonUIActions.isEnabled is PASSED

2018-05-21 14:17:29 - [TEST_STEP][PASSED] - Statement - If (!(opencheckbox)): null

2018-05-21 14:17:29 - [TEST_STEP][PASSED] - Statement - out.println("Open checkbox is checked by default"): null

2018-05-21 14:17:29 - [TEST_STEP][PASSED] - Statement - closecheckbox = CustomKeywords.uiaction.CommonUIActions.isEnabled(com.kms.katalon.core.testobject.ObjectRepository.findTestObject(ReportsPage/Report_closecheckbox)): uiaction.CommonUIActions.isEnabled is PASSED

2018-05-21 14:17:29 - [MESSAGE][PASSED] - uiaction.CommonUIActions.isEnabled is PASSED

2018-05-21 14:17:29 - [TEST_STEP][PASSED] - Statement - If (!(closecheckbox)): null

2018-05-21 14:17:29 - [TEST_STEP][PASSED] - Statement - out.println("Close checkbox is checked by default"): null

2018-05-21 14:17:29 - [TEST_STEP][PASSED] - uiaction.CommonUIActions.click: uiaction.CommonUIActions.click is PASSED

2018-05-21 14:17:29 - [MESSAGE][PASSED] - uiaction.CommonUIActions.click is PASSED

2018-05-21 14:17:29 - [TEST_STEP][PASSED] - uiaction.CommonUIActions.click: uiaction.CommonUIActions.click is PASSED

2018-05-21 14:17:29 - [MESSAGE][PASSED] - uiaction.CommonUIActions.click is PASSED

2018-05-21 14:17:29 - [TEST_STEP][PASSED] - verifyElementPresent: Object 'Object Repository/ReportsPage/advancedoption_am' is present

2018-05-21 14:17:29 - [MESSAGE][PASSED] - Object 'Object Repository/ReportsPage/advancedoption_am' is present

2018-05-21 14:17:29 - [TEST_STEP][PASSED] - verifyElementPresent: Object 'Object Repository/ReportsPage/advanceoptions_pm' is present

2018-05-21 14:17:29 - [MESSAGE][PASSED] - Object 'Object Repository/ReportsPage/advanceoptions_pm' is present

2018-05-21 14:17:29 - [TEST_STEP][PASSED] - Statement - open_am = CustomKeywords.uiaction.CommonUIActions.isEnabled(com.kms.katalon.core.testobject.ObjectRepository.findTestObject(ReportsPage/advancedoption_am)): uiaction.CommonUIActions.isEnabled is PASSED

2018-05-21 14:17:29 - [MESSAGE][PASSED] - uiaction.CommonUIActions.isEnabled is PASSED

2018-05-21 14:17:29 - [TEST_STEP][PASSED] - Statement - If (open_am): null

2018-05-21 14:17:29 - [TEST_STEP][PASSED] - Statement - out.println("AM Drop down boxes  enabled"): null

2018-05-21 14:17:29 - [TEST_STEP][PASSED] - Statement - open_pm = CustomKeywords.uiaction.CommonUIActions.isEnabled(com.kms.katalon.core.testobject.ObjectRepository.findTestObject(ReportsPage/advanceoptions_pm)): uiaction.CommonUIActions.isEnabled is PASSED

2018-05-21 14:17:29 - [MESSAGE][PASSED] - uiaction.CommonUIActions.isEnabled is PASSED

2018-05-21 14:17:29 - [TEST_STEP][PASSED] - Statement - If (open_pm): null

2018-05-21 14:17:29 - [TEST_STEP][PASSED] - Statement - out.println("PM Drop down boxes  enabled"): null

2018-05-21 14:17:29 - [TEST_STEP][PASSED] - delay: Delayed 10 second(s)

2018-05-21 14:17:39 - [MESSAGE][PASSED] - Delayed 10 second(s)

2018-05-21 14:17:39 - [TEST_STEP][PASSED] - uiaction.CommonUIActions.click: uiaction.CommonUIActions.click is PASSED

2018-05-21 14:17:39 - [MESSAGE][PASSED] - uiaction.CommonUIActions.click is PASSED

2018-05-21 14:17:39 - [TEST_STEP][PASSED] - uiaction.CommonUIActions.enter: uiaction.CommonUIActions.enter is PASSED

2018-05-21 14:17:40 - [MESSAGE][PASSED] - uiaction.CommonUIActions.enter is PASSED

2018-05-21 14:17:40 - [TEST_STEP][PASSED] - uiaction.CommonUIActions.click: uiaction.CommonUIActions.click is PASSED

2018-05-21 14:17:40 - [MESSAGE][PASSED] - uiaction.CommonUIActions.click is PASSED

2018-05-21 14:17:40 - [TEST_STEP][PASSED] - delay: Delayed 10 second(s)

2018-05-21 14:17:50 - [MESSAGE][PASSED] - Delayed 10 second(s)

2018-05-21 14:17:50 - [TEST_STEP][PASSED] - uiaction.CommonUIActions.click: uiaction.CommonUIActions.click is PASSED

2018-05-21 14:17:50 - [MESSAGE][PASSED] - uiaction.CommonUIActions.click is PASSED

2018-05-21 14:17:50 - [TEST_STEP][PASSED] - uiaction.CommonUIActions.click: uiaction.CommonUIActions.click is PASSED

2018-05-21 14:17:50 - [MESSAGE][PASSED] - uiaction.CommonUIActions.click is PASSED

2018-05-21 14:17:50 - [TEST_STEP][PASSED] - verifyElementPresent: Object 'Object Repository/ReportsPage/advancedoption_am' is present

2018-05-21 14:17:50 - [MESSAGE][PASSED] - Object 'Object Repository/ReportsPage/advancedoption_am' is present

2018-05-21 14:17:50 - [TEST_STEP][PASSED] - verifyElementPresent: Object 'Object Repository/ReportsPage/advanceoptions_pm' is present

2018-05-21 14:17:50 - [MESSAGE][PASSED] - Object 'Object Repository/ReportsPage/advanceoptions_pm' is present

2018-05-21 14:17:50 - [TEST_STEP][PASSED] - Statement - close_am = CustomKeywords.uiaction.CommonUIActions.isEnabled(com.kms.katalon.core.testobject.ObjectRepository.findTestObject(ReportsPage/advancedoption_am)): uiaction.CommonUIActions.isEnabled is PASSED

2018-05-21 14:17:50 - [MESSAGE][PASSED] - uiaction.CommonUIActions.isEnabled is PASSED

2018-05-21 14:17:50 - [TEST_STEP][PASSED] - Statement - If (close_am): null

2018-05-21 14:17:50 - [TEST_STEP][PASSED] - Statement - out.println("AM Drop down boxes  enabled"): null

2018-05-21 14:17:50 - [TEST_STEP][PASSED] - Statement - close_pm = CustomKeywords.uiaction.CommonUIActions.isEnabled(com.kms.katalon.core.testobject.ObjectRepository.findTestObject(ReportsPage/advanceoptions_pm)): uiaction.CommonUIActions.isEnabled is PASSED

2018-05-21 14:17:50 - [MESSAGE][PASSED] - uiaction.CommonUIActions.isEnabled is PASSED

2018-05-21 14:17:50 - [TEST_STEP][PASSED] - Statement - If (close_pm): null

2018-05-21 14:17:50 - [TEST_STEP][PASSED] - Statement - out.println("PM Drop down boxes  enabled"): null

2018-05-21 14:17:50 - [TEST_STEP][PASSED] - delay: Delayed 10 second(s)

2018-05-21 14:18:00 - [MESSAGE][PASSED] - Delayed 10 second(s)

2018-05-21 14:18:00 - [TEST_STEP][PASSED] - uiaction.CommonUIActions.click: uiaction.CommonUIActions.click is PASSED

2018-05-21 14:18:00 - [MESSAGE][PASSED] - uiaction.CommonUIActions.click is PASSED

2018-05-21 14:18:00 - [TEST_STEP][PASSED] - uiaction.CommonUIActions.enter: uiaction.CommonUIActions.enter is PASSED

2018-05-21 14:18:00 - [MESSAGE][PASSED] - uiaction.CommonUIActions.enter is PASSED

2018-05-21 14:18:00 - [TEST_STEP][PASSED] - uiaction.CommonUIActions.click: uiaction.CommonUIActions.click is PASSED

2018-05-21 14:18:00 - [MESSAGE][PASSED] - uiaction.CommonUIActions.click is PASSED

2018-05-21 14:18:00 - [TEST_STEP][PASSED] - delay: Delayed 10 second(s)

2018-05-21 14:18:10 - [MESSAGE][PASSED] - Delayed 10 second(s)

2018-05-21 14:18:10 - [TEST_STEP][PASSED] - click: Object: 'Object Repository/ReportsPage/generateReport' is clicked on

2018-05-21 14:18:10 - [MESSAGE][PASSED] - Object: 'Object Repository/ReportsPage/generateReport' is clicked on

2018-05-21 14:18:10 - [TEST_STEP][PASSED] - delay: Delayed 15 second(s)

2018-05-21 14:18:25 - [MESSAGE][PASSED] - Delayed 15 second(s)

2018-05-21 14:18:25 - [TEST_STEP][PASSED] - Statement - confirmationText = CustomKeywords.projectSpecific.Reusability.getTestData("SummarizedReportPage", "confirmationText"): projectSpecific.Reusability.getTestData is PASSED

2018-05-21 14:18:25 - [MESSAGE][PASSED] - projectSpecific.Reusability.getTestData is PASSED

2018-05-21 14:18:25 - [TEST_STEP][PASSED] - Statement - actualconfirmationText = CustomKeywords.uiaction.CommonUIActions.getText(com.kms.katalon.core.testobject.ObjectRepository.findTestObject(SummarizedReportPage/emailConfirmation)): uiaction.CommonUIActions.getText is PASSED

2018-05-21 14:18:46 - [MESSAGE][PASSED] - uiaction.CommonUIActions.getText is PASSED

2018-05-21 14:18:46 - [TEST_STEP][PASSED] - Statement - confirm = actualconfirmationText.trim().contains(confirmationText.trim()): null

2018-05-21 14:18:46 - [TEST_STEP][PASSED] - Statement - If (confirm): null

2018-05-21 14:18:46 - [TEST_STEP][PASSED] - Statement - Else: null

2018-05-21 14:18:46 - [TEST_STEP][PASSED] - Statement - If (TCflag): null

2018-05-21 14:18:46 - [TEST_STEP][PASSED] - Statement - out.println("Email Verification not received"): null

2018-05-21 14:18:46 - [TEST_STEP][PASSED] - delay: Delayed 10 second(s)

2018-05-21 14:18:56 - [MESSAGE][PASSED] - Delayed 10 second(s)

2018-05-21 14:18:56 - [TEST_STEP][PASSED] - uiaction.CommonUIActions.click: uiaction.CommonUIActions.click is PASSED

2018-05-21 14:18:59 - [MESSAGE][PASSED] - uiaction.CommonUIActions.click is PASSED

2018-05-21 14:18:59 - [TEST_STEP][PASSED] - uiaction.CommonUIActions.click: uiaction.CommonUIActions.click is PASSED

2018-05-21 14:19:12 - [MESSAGE][PASSED] - uiaction.CommonUIActions.click is PASSED

2018-05-21 14:19:12 - [TEST_STEP][PASSED] - uiaction.CommonUIActions.click: uiaction.CommonUIActions.click is PASSED

2018-05-21 14:19:13 - [MESSAGE][PASSED] - uiaction.CommonUIActions.click is PASSED

2018-05-21 14:19:13 - [TEST_STEP][PASSED] - delay: Delayed 10 second(s)

2018-05-21 14:19:23 - [MESSAGE][PASSED] - Delayed 10 second(s)

2018-05-21 14:19:23 - [TEST_STEP][PASSED] - Statement - groupLink = "//span[text()='" + grpName + "']": null

2018-05-21 14:19:23 - [TEST_STEP][PASSED] - Statement - driver.findElement(org.openqa.selenium.By.xpath(groupLink)).click(): null

2018-05-21 14:19:23 - [TEST_STEP][PASSED] - delay: Delayed 10 second(s)

2018-05-21 14:19:33 - [MESSAGE][PASSED] - Delayed 10 second(s)

2018-05-21 14:19:33 - [TEST_STEP][PASSED] - uiaction.CommonUIActions.click: uiaction.CommonUIActions.click is PASSED

2018-05-21 14:19:33 - [MESSAGE][PASSED] - uiaction.CommonUIActions.click is PASSED

2018-05-21 14:19:33 - [TEST_STEP][PASSED] - delay: Delayed 5 second(s)

2018-05-21 14:19:38 - [MESSAGE][PASSED] - Delayed 5 second(s)

2018-05-21 14:19:38 - [TEST_STEP][PASSED] - uiaction.CommonUIActions.click: uiaction.CommonUIActions.click is PASSED

2018-05-21 14:19:38 - [MESSAGE][PASSED] - uiaction.CommonUIActions.click is PASSED

2018-05-21 14:19:38 - [TEST_STEP][PASSED] - delay: Delayed 10 second(s)

2018-05-21 14:19:48 - [MESSAGE][PASSED] - Delayed 10 second(s)

2018-05-21 14:19:48 - [TEST_STEP][PASSED] - Statement - assert TCflag == true: null

2018-05-21 14:19:48 - [TEST_STEP][PASSED] - Start listener action : sampleAfterTestCase: Browser is closed

2018-05-21 14:19:48 - [TEST_STEP][PASSED] - Statement - println(testCaseContext.getTestCaseId()): null

2018-05-21 14:19:48 - [TEST_STEP][PASSED] - Statement - println(testCaseContext.getTestCaseStatus()): null

2018-05-21 14:19:48 - [TEST_STEP][PASSED] - closeBrowser: Browser is closed

2018-05-21 14:19:49 - [MESSAGE][PASSED] - Browser is closed]]></system-out>
         <system-err><![CDATA[2018-05-21 14:14:03 - [TEST_CASE][FAILED] - Test Cases/GoalStatisticsTC/HME-Goal Statistics Report-05: Test Cases/GoalStatisticsTC/HME-Goal Statistics Report-05 FAILED because (of) org.codehaus.groovy.runtime.powerassert.PowerAssertionError: assert TCflag==true
       |     |
       false false]]></system-err>
      </testcase>
      <testcase name="Test Cases/GoalStatisticsTC/HME-Goal Statistics Report-06" classname="Test Cases/GoalStatisticsTC/HME-Goal Statistics Report-06" status="PASSED">
         <system-out><![CDATA[2018-05-21 14:19:49 - [TEST_CASE][PASSED] - Test Cases/GoalStatisticsTC/HME-Goal Statistics Report-06: Browser is closed

2018-05-21 14:19:49 - [TEST_STEP][PASSED] - Start listener action : sampleBeforeTestCase: uiaction.CommonUIActions.deleteAllCookies is PASSED

2018-05-21 14:19:49 - [TEST_STEP][PASSED] - openBrowser: Browser is opened with url: ''

2018-05-21 14:19:51 - [MESSAGE][PASSED] - Browser is opened with url: ''

2018-05-21 14:19:51 - [TEST_STEP][PASSED] - maximizeWindow: Current window maximized

2018-05-21 14:19:52 - [MESSAGE][PASSED] - Current window maximized

2018-05-21 14:19:52 - [TEST_STEP][PASSED] - uiaction.CommonUIActions.deleteAllCookies: uiaction.CommonUIActions.deleteAllCookies is PASSED

2018-05-21 14:19:53 - [MESSAGE][PASSED] - Delete all cookies successfully

2018-05-21 14:19:53 - [MESSAGE][PASSED] - uiaction.CommonUIActions.deleteAllCookies is PASSED

2018-05-21 14:19:53 - [TEST_STEP][PASSED] - Statement - TCflag = true: null

2018-05-21 14:19:53 - [TEST_STEP][PASSED] - Statement - Try: uiaction.CommonUIActions.click is PASSED

2018-05-21 14:19:53 - [TEST_STEP][PASSED] - navigateToUrl: Navigate to 'https://hme-dev-public-cloud-app.azurewebsites.net/' successfully

2018-05-21 14:19:55 - [MESSAGE][PASSED] - Navigate to 'https://hme-dev-public-cloud-app.azurewebsites.net/' successfully

2018-05-21 14:19:55 - [TEST_STEP][PASSED] - projectSpecific.Reusability.login: projectSpecific.Reusability.login is PASSED

2018-05-21 14:19:55 - [MESSAGE][PASSED] - projectSpecific.Reusability.getTestData is PASSED

2018-05-21 14:19:55 - [MESSAGE][PASSED] - projectSpecific.Reusability.getTestData is PASSED

2018-05-21 14:19:55 - [MESSAGE][PASSED] - Text 'selvendrank@nousinfo.com' is set on object 'Object Repository/LoginPage/Username'

2018-05-21 14:19:55 - [MESSAGE][PASSED] - Text 'nous;123' is set on object 'Object Repository/LoginPage/Password'

2018-05-21 14:19:56 - [MESSAGE][PASSED] - Object: 'Object Repository/LoginPage/Login' is clicked on

2018-05-21 14:19:56 - [MESSAGE][PASSED] - projectSpecific.Reusability.login is PASSED

2018-05-21 14:19:56 - [TEST_STEP][PASSED] - delay: Delayed 10 second(s)

2018-05-21 14:20:06 - [MESSAGE][PASSED] - Delayed 10 second(s)

2018-05-21 14:20:06 - [TEST_STEP][PASSED] - uiaction.CommonUIActions.click: uiaction.CommonUIActions.click is PASSED

2018-05-21 14:20:30 - [MESSAGE][PASSED] - uiaction.CommonUIActions.click is PASSED

2018-05-21 14:20:30 - [TEST_STEP][PASSED] - delay: Delayed 10 second(s)

2018-05-21 14:20:40 - [MESSAGE][PASSED] - Delayed 10 second(s)

2018-05-21 14:20:40 - [TEST_STEP][PASSED] - uiaction.CommonUIActions.click: uiaction.CommonUIActions.click is PASSED

2018-05-21 14:20:42 - [MESSAGE][PASSED] - uiaction.CommonUIActions.click is PASSED

2018-05-21 14:20:42 - [TEST_STEP][PASSED] - delay: Delayed 10 second(s)

2018-05-21 14:20:52 - [MESSAGE][PASSED] - Delayed 10 second(s)

2018-05-21 14:20:52 - [TEST_STEP][PASSED] - Statement - storelabel = com.kms.katalon.core.webui.keyword.WebUiBuiltInKeywords.getAttribute(com.kms.katalon.core.testobject.ObjectRepository.findTestObject(StorePage/store_label), "value"): Attribute 'value' of object 'Object Repository/StorePage/store_label' is: 'McDonald5'

2018-05-21 14:20:52 - [MESSAGE][PASSED] - Attribute 'value' of object 'Object Repository/StorePage/store_label' is: 'McDonald5'

2018-05-21 14:20:52 - [TEST_STEP][PASSED] - Statement - storelabel = storelabel.trim(): null

2018-05-21 14:20:52 - [TEST_STEP][PASSED] - uiaction.CommonUIActions.click: uiaction.CommonUIActions.click is PASSED

2018-05-21 14:20:52 - [MESSAGE][PASSED] - uiaction.CommonUIActions.click is PASSED

2018-05-21 14:20:52 - [TEST_STEP][PASSED] - uiaction.CommonUIActions.click: uiaction.CommonUIActions.click is PASSED

2018-05-21 14:20:58 - [MESSAGE][PASSED] - uiaction.CommonUIActions.click is PASSED

2018-05-21 14:20:58 - [TEST_STEP][PASSED] - Statement - storenumber = CustomKeywords.uiaction.CommonUIActions.getText(com.kms.katalon.core.testobject.ObjectRepository.findTestObject(StorePage/storeID)): uiaction.CommonUIActions.getText is PASSED

2018-05-21 14:20:58 - [MESSAGE][PASSED] - uiaction.CommonUIActions.getText is PASSED

2018-05-21 14:20:58 - [TEST_STEP][PASSED] - Statement - storenumber = storenumber.trim(): null

2018-05-21 14:20:58 - [TEST_STEP][PASSED] - Statement - out.println(" the store number is--" + storenumber.trim()): null

2018-05-21 14:20:58 - [TEST_STEP][PASSED] - Statement - driver = com.kms.katalon.core.webui.driver.DriverFactory.getWebDriver(): null

2018-05-21 14:20:58 - [TEST_STEP][PASSED] - delay: Delayed 10 second(s)

2018-05-21 14:21:08 - [MESSAGE][PASSED] - Delayed 10 second(s)

2018-05-21 14:21:08 - [TEST_STEP][PASSED] - uiaction.CommonUIActions.click: uiaction.CommonUIActions.click is PASSED

2018-05-21 14:21:10 - [MESSAGE][PASSED] - uiaction.CommonUIActions.click is PASSED

2018-05-21 14:21:10 - [TEST_STEP][PASSED] - uiaction.CommonUIActions.click: uiaction.CommonUIActions.click is PASSED

2018-05-21 14:21:22 - [MESSAGE][PASSED] - uiaction.CommonUIActions.click is PASSED

2018-05-21 14:21:22 - [TEST_STEP][PASSED] - uiaction.CommonUIActions.click: uiaction.CommonUIActions.click is PASSED

2018-05-21 14:21:26 - [MESSAGE][PASSED] - uiaction.CommonUIActions.click is PASSED

2018-05-21 14:21:26 - [TEST_STEP][PASSED] - uiaction.CommonUIActions.click: uiaction.CommonUIActions.click is PASSED

2018-05-21 14:21:26 - [MESSAGE][PASSED] - uiaction.CommonUIActions.click is PASSED

2018-05-21 14:21:26 - [TEST_STEP][PASSED] - Statement - grpName = "AutomationGrp3": null

2018-05-21 14:21:26 - [TEST_STEP][PASSED] - uiaction.CommonUIActions.enter: uiaction.CommonUIActions.enter is PASSED

2018-05-21 14:21:26 - [MESSAGE][PASSED] - uiaction.CommonUIActions.enter is PASSED

2018-05-21 14:21:26 - [TEST_STEP][PASSED] - uiaction.CommonUIActions.enter: uiaction.CommonUIActions.enter is PASSED

2018-05-21 14:21:26 - [MESSAGE][PASSED] - projectSpecific.Reusability.getTestData is PASSED

2018-05-21 14:21:26 - [MESSAGE][PASSED] - uiaction.CommonUIActions.enter is PASSED

2018-05-21 14:21:26 - [TEST_STEP][PASSED] - delay: Delayed 10 second(s)

2018-05-21 14:21:36 - [MESSAGE][PASSED] - Delayed 10 second(s)

2018-05-21 14:21:36 - [TEST_STEP][PASSED] - Statement - storesLabel = driver.findElements(org.openqa.selenium.By.xpath(com.kms.katalon.core.testdata.TestDataFactory.findTestData(OR_file).getValue(2, 10))): Reading excel file with source file 'C:\Users\shalinin\Katalon Studio\HME_Scripts\Data Files\HME_OR.xlsx' and sheet name 'Sheet1'

2018-05-21 14:21:36 - [TEST_STEP][PASSED] - Statement - groupStoresList = new java.util.ArrayList(): null

2018-05-21 14:21:36 - [TEST_STEP][PASSED] - Statement - out.println(storesLabel.size()): null

2018-05-21 14:21:36 - [TEST_STEP][PASSED] - Statement - size = storesLabel.size(): null

2018-05-21 14:21:36 - [TEST_STEP][PASSED] - Statement - index = 0: null

2018-05-21 14:21:36 - [TEST_STEP][PASSED] - Statement - For ([i = 0, i < size, (i++)]): null

2018-05-21 14:21:36 - [TEST_STEP][PASSED] - Statement - storeLabel = storesLabel.get(i).getText().trim(): null

2018-05-21 14:21:36 - [TEST_STEP][PASSED] - Statement - println(storeLabel): null

2018-05-21 14:21:36 - [TEST_STEP][PASSED] - Statement - If (storeLabel.contains(storelabel)): null

2018-05-21 14:21:36 - [TEST_STEP][PASSED] - Statement - storeLabel = storesLabel.get(i).getText().trim(): null

2018-05-21 14:21:36 - [TEST_STEP][PASSED] - Statement - println(storeLabel): null

2018-05-21 14:21:36 - [TEST_STEP][PASSED] - Statement - If (storeLabel.contains(storelabel)): null

2018-05-21 14:21:36 - [TEST_STEP][PASSED] - Statement - storeLabel = storesLabel.get(i).getText().trim(): null

2018-05-21 14:21:36 - [TEST_STEP][PASSED] - Statement - println(storeLabel): null

2018-05-21 14:21:36 - [TEST_STEP][PASSED] - Statement - If (storeLabel.contains(storelabel)): null

2018-05-21 14:21:36 - [TEST_STEP][PASSED] - Statement - storeLabel = storesLabel.get(i).getText().trim(): null

2018-05-21 14:21:37 - [TEST_STEP][PASSED] - Statement - println(storeLabel): null

2018-05-21 14:21:37 - [TEST_STEP][PASSED] - Statement - If (storeLabel.contains(storelabel)): null

2018-05-21 14:21:37 - [TEST_STEP][PASSED] - Statement - storeLabel = storesLabel.get(i).getText().trim(): null

2018-05-21 14:21:37 - [TEST_STEP][PASSED] - Statement - println(storeLabel): null

2018-05-21 14:21:37 - [TEST_STEP][PASSED] - Statement - If (storeLabel.contains(storelabel)): null

2018-05-21 14:21:37 - [TEST_STEP][PASSED] - Statement - storeLabel = storesLabel.get(i).getText().trim(): null

2018-05-21 14:21:37 - [TEST_STEP][PASSED] - Statement - println(storeLabel): null

2018-05-21 14:21:37 - [TEST_STEP][PASSED] - Statement - If (storeLabel.contains(storelabel)): null

2018-05-21 14:21:37 - [TEST_STEP][PASSED] - Statement - storeLabel = storesLabel.get(i).getText().trim(): null

2018-05-21 14:21:37 - [TEST_STEP][PASSED] - Statement - println(storeLabel): null

2018-05-21 14:21:37 - [TEST_STEP][PASSED] - Statement - If (storeLabel.contains(storelabel)): null

2018-05-21 14:21:37 - [TEST_STEP][PASSED] - Statement - storeLabel = storesLabel.get(i).getText().trim(): null

2018-05-21 14:21:37 - [TEST_STEP][PASSED] - Statement - println(storeLabel): null

2018-05-21 14:21:37 - [TEST_STEP][PASSED] - Statement - If (storeLabel.contains(storelabel)): null

2018-05-21 14:21:37 - [TEST_STEP][PASSED] - Statement - storeLabel = storesLabel.get(i).getText().trim(): null

2018-05-21 14:21:37 - [TEST_STEP][PASSED] - Statement - println(storeLabel): null

2018-05-21 14:21:37 - [TEST_STEP][PASSED] - Statement - If (storeLabel.contains(storelabel)): null

2018-05-21 14:21:37 - [TEST_STEP][PASSED] - Statement - storeLabel = storesLabel.get(i).getText().trim(): null

2018-05-21 14:21:37 - [TEST_STEP][PASSED] - Statement - println(storeLabel): null

2018-05-21 14:21:37 - [TEST_STEP][PASSED] - Statement - If (storeLabel.contains(storelabel)): null

2018-05-21 14:21:37 - [TEST_STEP][PASSED] - Statement - storeLabel = storesLabel.get(i).getText().trim(): null

2018-05-21 14:21:37 - [TEST_STEP][PASSED] - Statement - println(storeLabel): null

2018-05-21 14:21:37 - [TEST_STEP][PASSED] - Statement - If (storeLabel.contains(storelabel)): null

2018-05-21 14:21:37 - [TEST_STEP][PASSED] - Statement - storeLabel = storesLabel.get(i).getText().trim(): null

2018-05-21 14:21:37 - [TEST_STEP][PASSED] - Statement - println(storeLabel): null

2018-05-21 14:21:37 - [TEST_STEP][PASSED] - Statement - If (storeLabel.contains(storelabel)): null

2018-05-21 14:21:37 - [TEST_STEP][PASSED] - Statement - storeLabel = storesLabel.get(i).getText().trim(): null

2018-05-21 14:21:37 - [TEST_STEP][PASSED] - Statement - println(storeLabel): null

2018-05-21 14:21:37 - [TEST_STEP][PASSED] - Statement - If (storeLabel.contains(storelabel)): null

2018-05-21 14:21:37 - [TEST_STEP][PASSED] - Statement - storeLabel = storesLabel.get(i).getText().trim(): null

2018-05-21 14:21:37 - [TEST_STEP][PASSED] - Statement - println(storeLabel): null

2018-05-21 14:21:37 - [TEST_STEP][PASSED] - Statement - If (storeLabel.contains(storelabel)): null

2018-05-21 14:21:37 - [TEST_STEP][PASSED] - Statement - storeLabel = storesLabel.get(i).getText().trim(): null

2018-05-21 14:21:37 - [TEST_STEP][PASSED] - Statement - println(storeLabel): null

2018-05-21 14:21:37 - [TEST_STEP][PASSED] - Statement - If (storeLabel.contains(storelabel)): null

2018-05-21 14:21:37 - [TEST_STEP][PASSED] - Statement - storeLabel = storesLabel.get(i).getText().trim(): null

2018-05-21 14:21:37 - [TEST_STEP][PASSED] - Statement - println(storeLabel): null

2018-05-21 14:21:37 - [TEST_STEP][PASSED] - Statement - If (storeLabel.contains(storelabel)): null

2018-05-21 14:21:37 - [TEST_STEP][PASSED] - Statement - storeLabel = storesLabel.get(i).getText().trim(): null

2018-05-21 14:21:37 - [TEST_STEP][PASSED] - Statement - println(storeLabel): null

2018-05-21 14:21:37 - [TEST_STEP][PASSED] - Statement - If (storeLabel.contains(storelabel)): null

2018-05-21 14:21:37 - [TEST_STEP][PASSED] - Statement - storeLabel = storesLabel.get(i).getText().trim(): null

2018-05-21 14:21:37 - [TEST_STEP][PASSED] - Statement - println(storeLabel): null

2018-05-21 14:21:37 - [TEST_STEP][PASSED] - Statement - If (storeLabel.contains(storelabel)): null

2018-05-21 14:21:37 - [TEST_STEP][PASSED] - Statement - storeLabel = storesLabel.get(i).getText().trim(): null

2018-05-21 14:21:37 - [TEST_STEP][PASSED] - Statement - println(storeLabel): null

2018-05-21 14:21:37 - [TEST_STEP][PASSED] - Statement - If (storeLabel.contains(storelabel)): null

2018-05-21 14:21:37 - [TEST_STEP][PASSED] - Statement - storeLabel = storesLabel.get(i).getText().trim(): null

2018-05-21 14:21:37 - [TEST_STEP][PASSED] - Statement - println(storeLabel): null

2018-05-21 14:21:37 - [TEST_STEP][PASSED] - Statement - If (storeLabel.contains(storelabel)): null

2018-05-21 14:21:37 - [TEST_STEP][PASSED] - Statement - storeLabel = storesLabel.get(i).getText().trim(): null

2018-05-21 14:21:37 - [TEST_STEP][PASSED] - Statement - println(storeLabel): null

2018-05-21 14:21:37 - [TEST_STEP][PASSED] - Statement - If (storeLabel.contains(storelabel)): null

2018-05-21 14:21:37 - [TEST_STEP][PASSED] - Statement - storeLabel = storesLabel.get(i).getText().trim(): null

2018-05-21 14:21:37 - [TEST_STEP][PASSED] - Statement - println(storeLabel): null

2018-05-21 14:21:37 - [TEST_STEP][PASSED] - Statement - If (storeLabel.contains(storelabel)): null

2018-05-21 14:21:37 - [TEST_STEP][PASSED] - Statement - storeLabel = storesLabel.get(i).getText().trim(): null

2018-05-21 14:21:37 - [TEST_STEP][PASSED] - Statement - println(storeLabel): null

2018-05-21 14:21:37 - [TEST_STEP][PASSED] - Statement - If (storeLabel.contains(storelabel)): null

2018-05-21 14:21:37 - [TEST_STEP][PASSED] - Statement - storeLabel = storesLabel.get(i).getText().trim(): null

2018-05-21 14:21:37 - [TEST_STEP][PASSED] - Statement - println(storeLabel): null

2018-05-21 14:21:37 - [TEST_STEP][PASSED] - Statement - If (storeLabel.contains(storelabel)): null

2018-05-21 14:21:37 - [TEST_STEP][PASSED] - Statement - storeLabel = storesLabel.get(i).getText().trim(): null

2018-05-21 14:21:37 - [TEST_STEP][PASSED] - Statement - println(storeLabel): null

2018-05-21 14:21:37 - [TEST_STEP][PASSED] - Statement - If (storeLabel.contains(storelabel)): null

2018-05-21 14:21:37 - [TEST_STEP][PASSED] - Statement - storeLabel = storesLabel.get(i).getText().trim(): null

2018-05-21 14:21:37 - [TEST_STEP][PASSED] - Statement - println(storeLabel): null

2018-05-21 14:21:37 - [TEST_STEP][PASSED] - Statement - If (storeLabel.contains(storelabel)): null

2018-05-21 14:21:37 - [TEST_STEP][PASSED] - Statement - storeLabel = storesLabel.get(i).getText().trim(): null

2018-05-21 14:21:37 - [TEST_STEP][PASSED] - Statement - println(storeLabel): null

2018-05-21 14:21:37 - [TEST_STEP][PASSED] - Statement - If (storeLabel.contains(storelabel)): null

2018-05-21 14:21:37 - [TEST_STEP][PASSED] - Statement - storeLabel = storesLabel.get(i).getText().trim(): null

2018-05-21 14:21:37 - [TEST_STEP][PASSED] - Statement - println(storeLabel): null

2018-05-21 14:21:37 - [TEST_STEP][PASSED] - Statement - If (storeLabel.contains(storelabel)): null

2018-05-21 14:21:37 - [TEST_STEP][PASSED] - Statement - storeLabel = storesLabel.get(i).getText().trim(): null

2018-05-21 14:21:37 - [TEST_STEP][PASSED] - Statement - println(storeLabel): null

2018-05-21 14:21:37 - [TEST_STEP][PASSED] - Statement - If (storeLabel.contains(storelabel)): null

2018-05-21 14:21:37 - [TEST_STEP][PASSED] - Statement - storeLabel = storesLabel.get(i).getText().trim(): null

2018-05-21 14:21:37 - [TEST_STEP][PASSED] - Statement - println(storeLabel): null

2018-05-21 14:21:37 - [TEST_STEP][PASSED] - Statement - If (storeLabel.contains(storelabel)): null

2018-05-21 14:21:37 - [TEST_STEP][PASSED] - Statement - storeLabel = storesLabel.get(i).getText().trim(): null

2018-05-21 14:21:37 - [TEST_STEP][PASSED] - Statement - println(storeLabel): null

2018-05-21 14:21:37 - [TEST_STEP][PASSED] - Statement - If (storeLabel.contains(storelabel)): null

2018-05-21 14:21:37 - [TEST_STEP][PASSED] - Statement - storeLabel = storesLabel.get(i).getText().trim(): null

2018-05-21 14:21:37 - [TEST_STEP][PASSED] - Statement - println(storeLabel): null

2018-05-21 14:21:37 - [TEST_STEP][PASSED] - Statement - If (storeLabel.contains(storelabel)): null

2018-05-21 14:21:37 - [TEST_STEP][PASSED] - Statement - storeLabel = storesLabel.get(i).getText().trim(): null

2018-05-21 14:21:37 - [TEST_STEP][PASSED] - Statement - println(storeLabel): null

2018-05-21 14:21:37 - [TEST_STEP][PASSED] - Statement - If (storeLabel.contains(storelabel)): null

2018-05-21 14:21:37 - [TEST_STEP][PASSED] - Statement - storeLabel = storesLabel.get(i).getText().trim(): null

2018-05-21 14:21:37 - [TEST_STEP][PASSED] - Statement - println(storeLabel): null

2018-05-21 14:21:37 - [TEST_STEP][PASSED] - Statement - If (storeLabel.contains(storelabel)): null

2018-05-21 14:21:37 - [TEST_STEP][PASSED] - Statement - storeLabel = storesLabel.get(i).getText().trim(): null

2018-05-21 14:21:37 - [TEST_STEP][PASSED] - Statement - println(storeLabel): null

2018-05-21 14:21:37 - [TEST_STEP][PASSED] - Statement - If (storeLabel.contains(storelabel)): null

2018-05-21 14:21:37 - [TEST_STEP][PASSED] - Statement - storeLabel = storesLabel.get(i).getText().trim(): null

2018-05-21 14:21:37 - [TEST_STEP][PASSED] - Statement - println(storeLabel): null

2018-05-21 14:21:37 - [TEST_STEP][PASSED] - Statement - If (storeLabel.contains(storelabel)): null

2018-05-21 14:21:37 - [TEST_STEP][PASSED] - Statement - storeLabel = storesLabel.get(i).getText().trim(): null

2018-05-21 14:21:37 - [TEST_STEP][PASSED] - Statement - println(storeLabel): null

2018-05-21 14:21:37 - [TEST_STEP][PASSED] - Statement - If (storeLabel.contains(storelabel)): null

2018-05-21 14:21:37 - [TEST_STEP][PASSED] - Statement - storeLabel = storesLabel.get(i).getText().trim(): null

2018-05-21 14:21:37 - [TEST_STEP][PASSED] - Statement - println(storeLabel): null

2018-05-21 14:21:37 - [TEST_STEP][PASSED] - Statement - If (storeLabel.contains(storelabel)): null

2018-05-21 14:21:37 - [TEST_STEP][PASSED] - Statement - storeLabel = storesLabel.get(i).getText().trim(): null

2018-05-21 14:21:37 - [TEST_STEP][PASSED] - Statement - println(storeLabel): null

2018-05-21 14:21:37 - [TEST_STEP][PASSED] - Statement - If (storeLabel.contains(storelabel)): null

2018-05-21 14:21:37 - [TEST_STEP][PASSED] - Statement - storeLabel = storesLabel.get(i).getText().trim(): null

2018-05-21 14:21:37 - [TEST_STEP][PASSED] - Statement - println(storeLabel): null

2018-05-21 14:21:37 - [TEST_STEP][PASSED] - Statement - If (storeLabel.contains(storelabel)): null

2018-05-21 14:21:37 - [TEST_STEP][PASSED] - Statement - storeLabel = storesLabel.get(i).getText().trim(): null

2018-05-21 14:21:37 - [TEST_STEP][PASSED] - Statement - println(storeLabel): null

2018-05-21 14:21:37 - [TEST_STEP][PASSED] - Statement - If (storeLabel.contains(storelabel)): null

2018-05-21 14:21:37 - [TEST_STEP][PASSED] - Statement - storeLabel = storesLabel.get(i).getText().trim(): null

2018-05-21 14:21:37 - [TEST_STEP][PASSED] - Statement - println(storeLabel): null

2018-05-21 14:21:37 - [TEST_STEP][PASSED] - Statement - If (storeLabel.contains(storelabel)): null

2018-05-21 14:21:37 - [TEST_STEP][PASSED] - Statement - storeLabel = storesLabel.get(i).getText().trim(): null

2018-05-21 14:21:37 - [TEST_STEP][PASSED] - Statement - println(storeLabel): null

2018-05-21 14:21:37 - [TEST_STEP][PASSED] - Statement - If (storeLabel.contains(storelabel)): null

2018-05-21 14:21:37 - [TEST_STEP][PASSED] - Statement - storeLabel = storesLabel.get(i).getText().trim(): null

2018-05-21 14:21:37 - [TEST_STEP][PASSED] - Statement - println(storeLabel): null

2018-05-21 14:21:37 - [TEST_STEP][PASSED] - Statement - If (storeLabel.contains(storelabel)): null

2018-05-21 14:21:37 - [TEST_STEP][PASSED] - Statement - storeLabel = storesLabel.get(i).getText().trim(): null

2018-05-21 14:21:37 - [TEST_STEP][PASSED] - Statement - println(storeLabel): null

2018-05-21 14:21:37 - [TEST_STEP][PASSED] - Statement - If (storeLabel.contains(storelabel)): null

2018-05-21 14:21:37 - [TEST_STEP][PASSED] - Statement - storeLabel = storesLabel.get(i).getText().trim(): null

2018-05-21 14:21:37 - [TEST_STEP][PASSED] - Statement - println(storeLabel): null

2018-05-21 14:21:37 - [TEST_STEP][PASSED] - Statement - If (storeLabel.contains(storelabel)): null

2018-05-21 14:21:37 - [TEST_STEP][PASSED] - Statement - storeLabel = storesLabel.get(i).getText().trim(): null

2018-05-21 14:21:37 - [TEST_STEP][PASSED] - Statement - println(storeLabel): null

2018-05-21 14:21:37 - [TEST_STEP][PASSED] - Statement - If (storeLabel.contains(storelabel)): null

2018-05-21 14:21:37 - [TEST_STEP][PASSED] - Statement - storeLabel = storesLabel.get(i).getText().trim(): null

2018-05-21 14:21:37 - [TEST_STEP][PASSED] - Statement - println(storeLabel): null

2018-05-21 14:21:37 - [TEST_STEP][PASSED] - Statement - If (storeLabel.contains(storelabel)): null

2018-05-21 14:21:37 - [TEST_STEP][PASSED] - Statement - storeLabel = storesLabel.get(i).getText().trim(): null

2018-05-21 14:21:37 - [TEST_STEP][PASSED] - Statement - println(storeLabel): null

2018-05-21 14:21:37 - [TEST_STEP][PASSED] - Statement - If (storeLabel.contains(storelabel)): null

2018-05-21 14:21:37 - [TEST_STEP][PASSED] - Statement - storeLabel = storesLabel.get(i).getText().trim(): null

2018-05-21 14:21:37 - [TEST_STEP][PASSED] - Statement - println(storeLabel): null

2018-05-21 14:21:37 - [TEST_STEP][PASSED] - Statement - If (storeLabel.contains(storelabel)): null

2018-05-21 14:21:37 - [TEST_STEP][PASSED] - Statement - storeLabel = storesLabel.get(i).getText().trim(): null

2018-05-21 14:21:37 - [TEST_STEP][PASSED] - Statement - println(storeLabel): null

2018-05-21 14:21:37 - [TEST_STEP][PASSED] - Statement - If (storeLabel.contains(storelabel)): null

2018-05-21 14:21:37 - [TEST_STEP][PASSED] - Statement - storeLabel = storesLabel.get(i).getText().trim(): null

2018-05-21 14:21:37 - [TEST_STEP][PASSED] - Statement - println(storeLabel): null

2018-05-21 14:21:37 - [TEST_STEP][PASSED] - Statement - If (storeLabel.contains(storelabel)): null

2018-05-21 14:21:37 - [TEST_STEP][PASSED] - Statement - storeLabel = storesLabel.get(i).getText().trim(): null

2018-05-21 14:21:37 - [TEST_STEP][PASSED] - Statement - println(storeLabel): null

2018-05-21 14:21:37 - [TEST_STEP][PASSED] - Statement - If (storeLabel.contains(storelabel)): null

2018-05-21 14:21:37 - [TEST_STEP][PASSED] - Statement - storeLabel = storesLabel.get(i).getText().trim(): null

2018-05-21 14:21:37 - [TEST_STEP][PASSED] - Statement - println(storeLabel): null

2018-05-21 14:21:37 - [TEST_STEP][PASSED] - Statement - If (storeLabel.contains(storelabel)): null

2018-05-21 14:21:37 - [TEST_STEP][PASSED] - Statement - storeLabel = storesLabel.get(i).getText().trim(): null

2018-05-21 14:21:37 - [TEST_STEP][PASSED] - Statement - println(storeLabel): null

2018-05-21 14:21:37 - [TEST_STEP][PASSED] - Statement - If (storeLabel.contains(storelabel)): null

2018-05-21 14:21:37 - [TEST_STEP][PASSED] - Statement - storeLabel = storesLabel.get(i).getText().trim(): null

2018-05-21 14:21:37 - [TEST_STEP][PASSED] - Statement - println(storeLabel): null

2018-05-21 14:21:37 - [TEST_STEP][PASSED] - Statement - If (storeLabel.contains(storelabel)): null

2018-05-21 14:21:37 - [TEST_STEP][PASSED] - Statement - storeLabel = storesLabel.get(i).getText().trim(): null

2018-05-21 14:21:37 - [TEST_STEP][PASSED] - Statement - println(storeLabel): null

2018-05-21 14:21:37 - [TEST_STEP][PASSED] - Statement - If (storeLabel.contains(storelabel)): null

2018-05-21 14:21:37 - [TEST_STEP][PASSED] - Statement - storeLabel = storesLabel.get(i).getText().trim(): null

2018-05-21 14:21:37 - [TEST_STEP][PASSED] - Statement - println(storeLabel): null

2018-05-21 14:21:37 - [TEST_STEP][PASSED] - Statement - If (storeLabel.contains(storelabel)): null

2018-05-21 14:21:37 - [TEST_STEP][PASSED] - Statement - storeLabel = storesLabel.get(i).getText().trim(): null

2018-05-21 14:21:37 - [TEST_STEP][PASSED] - Statement - println(storeLabel): null

2018-05-21 14:21:37 - [TEST_STEP][PASSED] - Statement - If (storeLabel.contains(storelabel)): null

2018-05-21 14:21:37 - [TEST_STEP][PASSED] - Statement - storeLabel = storesLabel.get(i).getText().trim(): null

2018-05-21 14:21:37 - [TEST_STEP][PASSED] - Statement - println(storeLabel): null

2018-05-21 14:21:37 - [TEST_STEP][PASSED] - Statement - If (storeLabel.contains(storelabel)): null

2018-05-21 14:21:37 - [TEST_STEP][PASSED] - Statement - storeLabel = storesLabel.get(i).getText().trim(): null

2018-05-21 14:21:37 - [TEST_STEP][PASSED] - Statement - println(storeLabel): null

2018-05-21 14:21:37 - [TEST_STEP][PASSED] - Statement - If (storeLabel.contains(storelabel)): null

2018-05-21 14:21:37 - [TEST_STEP][PASSED] - Statement - storeLabel = storesLabel.get(i).getText().trim(): null

2018-05-21 14:21:37 - [TEST_STEP][PASSED] - Statement - println(storeLabel): null

2018-05-21 14:21:37 - [TEST_STEP][PASSED] - Statement - If (storeLabel.contains(storelabel)): null

2018-05-21 14:21:37 - [TEST_STEP][PASSED] - Statement - storeLabel = storesLabel.get(i).getText().trim(): null

2018-05-21 14:21:38 - [TEST_STEP][PASSED] - Statement - println(storeLabel): null

2018-05-21 14:21:38 - [TEST_STEP][PASSED] - Statement - If (storeLabel.contains(storelabel)): null

2018-05-21 14:21:38 - [TEST_STEP][PASSED] - Statement - storeLabel = storesLabel.get(i).getText().trim(): null

2018-05-21 14:21:38 - [TEST_STEP][PASSED] - Statement - println(storeLabel): null

2018-05-21 14:21:38 - [TEST_STEP][PASSED] - Statement - If (storeLabel.contains(storelabel)): null

2018-05-21 14:21:38 - [TEST_STEP][PASSED] - Statement - storeLabel = storesLabel.get(i).getText().trim(): null

2018-05-21 14:21:38 - [TEST_STEP][PASSED] - Statement - println(storeLabel): null

2018-05-21 14:21:38 - [TEST_STEP][PASSED] - Statement - If (storeLabel.contains(storelabel)): null

2018-05-21 14:21:38 - [TEST_STEP][PASSED] - Statement - storeLabel = storesLabel.get(i).getText().trim(): null

2018-05-21 14:21:38 - [TEST_STEP][PASSED] - Statement - println(storeLabel): null

2018-05-21 14:21:38 - [TEST_STEP][PASSED] - Statement - If (storeLabel.contains(storelabel)): null

2018-05-21 14:21:38 - [TEST_STEP][PASSED] - Statement - storeLabel = storesLabel.get(i).getText().trim(): null

2018-05-21 14:21:38 - [TEST_STEP][PASSED] - Statement - println(storeLabel): null

2018-05-21 14:21:38 - [TEST_STEP][PASSED] - Statement - If (storeLabel.contains(storelabel)): null

2018-05-21 14:21:38 - [TEST_STEP][PASSED] - Statement - storeLabel = storesLabel.get(i).getText().trim(): null

2018-05-21 14:21:38 - [TEST_STEP][PASSED] - Statement - println(storeLabel): null

2018-05-21 14:21:38 - [TEST_STEP][PASSED] - Statement - If (storeLabel.contains(storelabel)): null

2018-05-21 14:21:38 - [TEST_STEP][PASSED] - Statement - storeLabel = storesLabel.get(i).getText().trim(): null

2018-05-21 14:21:38 - [TEST_STEP][PASSED] - Statement - println(storeLabel): null

2018-05-21 14:21:38 - [TEST_STEP][PASSED] - Statement - If (storeLabel.contains(storelabel)): null

2018-05-21 14:21:38 - [TEST_STEP][PASSED] - Statement - storeLabel = storesLabel.get(i).getText().trim(): null

2018-05-21 14:21:38 - [TEST_STEP][PASSED] - Statement - println(storeLabel): null

2018-05-21 14:21:38 - [TEST_STEP][PASSED] - Statement - If (storeLabel.contains(storelabel)): null

2018-05-21 14:21:38 - [TEST_STEP][PASSED] - Statement - storeLabel = storesLabel.get(i).getText().trim(): null

2018-05-21 14:21:38 - [TEST_STEP][PASSED] - Statement - println(storeLabel): null

2018-05-21 14:21:38 - [TEST_STEP][PASSED] - Statement - If (storeLabel.contains(storelabel)): null

2018-05-21 14:21:38 - [TEST_STEP][PASSED] - Statement - storeLabel = storesLabel.get(i).getText().trim(): null

2018-05-21 14:21:38 - [TEST_STEP][PASSED] - Statement - println(storeLabel): null

2018-05-21 14:21:38 - [TEST_STEP][PASSED] - Statement - If (storeLabel.contains(storelabel)): null

2018-05-21 14:21:38 - [TEST_STEP][PASSED] - Statement - storeLabel = storesLabel.get(i).getText().trim(): null

2018-05-21 14:21:38 - [TEST_STEP][PASSED] - Statement - println(storeLabel): null

2018-05-21 14:21:38 - [TEST_STEP][PASSED] - Statement - If (storeLabel.contains(storelabel)): null

2018-05-21 14:21:38 - [TEST_STEP][PASSED] - Statement - storeLabel = storesLabel.get(i).getText().trim(): null

2018-05-21 14:21:38 - [TEST_STEP][PASSED] - Statement - println(storeLabel): null

2018-05-21 14:21:38 - [TEST_STEP][PASSED] - Statement - If (storeLabel.contains(storelabel)): null

2018-05-21 14:21:38 - [TEST_STEP][PASSED] - Statement - storeLabel = storesLabel.get(i).getText().trim(): null

2018-05-21 14:21:38 - [TEST_STEP][PASSED] - Statement - println(storeLabel): null

2018-05-21 14:21:38 - [TEST_STEP][PASSED] - Statement - If (storeLabel.contains(storelabel)): null

2018-05-21 14:21:38 - [TEST_STEP][PASSED] - Statement - storeLabel = storesLabel.get(i).getText().trim(): null

2018-05-21 14:21:38 - [TEST_STEP][PASSED] - Statement - println(storeLabel): null

2018-05-21 14:21:38 - [TEST_STEP][PASSED] - Statement - If (storeLabel.contains(storelabel)): null

2018-05-21 14:21:38 - [TEST_STEP][PASSED] - Statement - storeLabel = storesLabel.get(i).getText().trim(): null

2018-05-21 14:21:38 - [TEST_STEP][PASSED] - Statement - println(storeLabel): null

2018-05-21 14:21:38 - [TEST_STEP][PASSED] - Statement - If (storeLabel.contains(storelabel)): null

2018-05-21 14:21:38 - [TEST_STEP][PASSED] - Statement - storeLabel = storesLabel.get(i).getText().trim(): null

2018-05-21 14:21:38 - [TEST_STEP][PASSED] - Statement - println(storeLabel): null

2018-05-21 14:21:38 - [TEST_STEP][PASSED] - Statement - If (storeLabel.contains(storelabel)): null

2018-05-21 14:21:38 - [TEST_STEP][PASSED] - Statement - storeLabel = storesLabel.get(i).getText().trim(): null

2018-05-21 14:21:38 - [TEST_STEP][PASSED] - Statement - println(storeLabel): null

2018-05-21 14:21:38 - [TEST_STEP][PASSED] - Statement - If (storeLabel.contains(storelabel)): null

2018-05-21 14:21:38 - [TEST_STEP][PASSED] - Statement - storeLabel = storesLabel.get(i).getText().trim(): null

2018-05-21 14:21:38 - [TEST_STEP][PASSED] - Statement - println(storeLabel): null

2018-05-21 14:21:38 - [TEST_STEP][PASSED] - Statement - If (storeLabel.contains(storelabel)): null

2018-05-21 14:21:38 - [TEST_STEP][PASSED] - Statement - storeLabel = storesLabel.get(i).getText().trim(): null

2018-05-21 14:21:38 - [TEST_STEP][PASSED] - Statement - println(storeLabel): null

2018-05-21 14:21:38 - [TEST_STEP][PASSED] - Statement - If (storeLabel.contains(storelabel)): null

2018-05-21 14:21:38 - [TEST_STEP][PASSED] - Statement - storeLabel = storesLabel.get(i).getText().trim(): null

2018-05-21 14:21:38 - [TEST_STEP][PASSED] - Statement - println(storeLabel): null

2018-05-21 14:21:38 - [TEST_STEP][PASSED] - Statement - If (storeLabel.contains(storelabel)): null

2018-05-21 14:21:38 - [TEST_STEP][PASSED] - Statement - storeLabel = storesLabel.get(i).getText().trim(): null

2018-05-21 14:21:38 - [TEST_STEP][PASSED] - Statement - println(storeLabel): null

2018-05-21 14:21:38 - [TEST_STEP][PASSED] - Statement - If (storeLabel.contains(storelabel)): null

2018-05-21 14:21:38 - [TEST_STEP][PASSED] - Statement - storeLabel = storesLabel.get(i).getText().trim(): null

2018-05-21 14:21:38 - [TEST_STEP][PASSED] - Statement - println(storeLabel): null

2018-05-21 14:21:38 - [TEST_STEP][PASSED] - Statement - If (storeLabel.contains(storelabel)): null

2018-05-21 14:21:38 - [TEST_STEP][PASSED] - Statement - storeLabel = storesLabel.get(i).getText().trim(): null

2018-05-21 14:21:38 - [TEST_STEP][PASSED] - Statement - println(storeLabel): null

2018-05-21 14:21:38 - [TEST_STEP][PASSED] - Statement - If (storeLabel.contains(storelabel)): null

2018-05-21 14:21:38 - [TEST_STEP][PASSED] - Statement - storeLabel = storesLabel.get(i).getText().trim(): null

2018-05-21 14:21:38 - [TEST_STEP][PASSED] - Statement - println(storeLabel): null

2018-05-21 14:21:38 - [TEST_STEP][PASSED] - Statement - If (storeLabel.contains(storelabel)): null

2018-05-21 14:21:38 - [TEST_STEP][PASSED] - Statement - storeLabel = storesLabel.get(i).getText().trim(): null

2018-05-21 14:21:38 - [TEST_STEP][PASSED] - Statement - println(storeLabel): null

2018-05-21 14:21:38 - [TEST_STEP][PASSED] - Statement - If (storeLabel.contains(storelabel)): null

2018-05-21 14:21:38 - [TEST_STEP][PASSED] - Statement - storeLabel = storesLabel.get(i).getText().trim(): null

2018-05-21 14:21:38 - [TEST_STEP][PASSED] - Statement - println(storeLabel): null

2018-05-21 14:21:38 - [TEST_STEP][PASSED] - Statement - If (storeLabel.contains(storelabel)): null

2018-05-21 14:21:38 - [TEST_STEP][PASSED] - Statement - storeLabel = storesLabel.get(i).getText().trim(): null

2018-05-21 14:21:38 - [TEST_STEP][PASSED] - Statement - println(storeLabel): null

2018-05-21 14:21:38 - [TEST_STEP][PASSED] - Statement - If (storeLabel.contains(storelabel)): null

2018-05-21 14:21:38 - [TEST_STEP][PASSED] - Statement - storeLabel = storesLabel.get(i).getText().trim(): null

2018-05-21 14:21:38 - [TEST_STEP][PASSED] - Statement - println(storeLabel): null

2018-05-21 14:21:38 - [TEST_STEP][PASSED] - Statement - If (storeLabel.contains(storelabel)): null

2018-05-21 14:21:38 - [TEST_STEP][PASSED] - Statement - storeLabel = storesLabel.get(i).getText().trim(): null

2018-05-21 14:21:38 - [TEST_STEP][PASSED] - Statement - println(storeLabel): null

2018-05-21 14:21:38 - [TEST_STEP][PASSED] - Statement - If (storeLabel.contains(storelabel)): null

2018-05-21 14:21:38 - [TEST_STEP][PASSED] - Statement - storeLabel = storesLabel.get(i).getText().trim(): null

2018-05-21 14:21:38 - [TEST_STEP][PASSED] - Statement - println(storeLabel): null

2018-05-21 14:21:38 - [TEST_STEP][PASSED] - Statement - If (storeLabel.contains(storelabel)): null

2018-05-21 14:21:38 - [TEST_STEP][PASSED] - Statement - storeLabel = storesLabel.get(i).getText().trim(): null

2018-05-21 14:21:38 - [TEST_STEP][PASSED] - Statement - println(storeLabel): null

2018-05-21 14:21:38 - [TEST_STEP][PASSED] - Statement - If (storeLabel.contains(storelabel)): null

2018-05-21 14:21:38 - [TEST_STEP][PASSED] - Statement - storeLabel = storesLabel.get(i).getText().trim(): null

2018-05-21 14:21:38 - [TEST_STEP][PASSED] - Statement - println(storeLabel): null

2018-05-21 14:21:38 - [TEST_STEP][PASSED] - Statement - If (storeLabel.contains(storelabel)): null

2018-05-21 14:21:38 - [TEST_STEP][PASSED] - Statement - storeLabel = storesLabel.get(i).getText().trim(): null

2018-05-21 14:21:38 - [TEST_STEP][PASSED] - Statement - println(storeLabel): null

2018-05-21 14:21:38 - [TEST_STEP][PASSED] - Statement - If (storeLabel.contains(storelabel)): null

2018-05-21 14:21:38 - [TEST_STEP][PASSED] - Statement - storeLabel = storesLabel.get(i).getText().trim(): null

2018-05-21 14:21:38 - [TEST_STEP][PASSED] - Statement - println(storeLabel): null

2018-05-21 14:21:38 - [TEST_STEP][PASSED] - Statement - If (storeLabel.contains(storelabel)): null

2018-05-21 14:21:38 - [TEST_STEP][PASSED] - Statement - storeLabel = storesLabel.get(i).getText().trim(): null

2018-05-21 14:21:38 - [TEST_STEP][PASSED] - Statement - println(storeLabel): null

2018-05-21 14:21:38 - [TEST_STEP][PASSED] - Statement - If (storeLabel.contains(storelabel)): null

2018-05-21 14:21:38 - [TEST_STEP][PASSED] - Statement - storeLabel = storesLabel.get(i).getText().trim(): null

2018-05-21 14:21:38 - [TEST_STEP][PASSED] - Statement - println(storeLabel): null

2018-05-21 14:21:38 - [TEST_STEP][PASSED] - Statement - If (storeLabel.contains(storelabel)): null

2018-05-21 14:21:38 - [TEST_STEP][PASSED] - Statement - storeLabel = storesLabel.get(i).getText().trim(): null

2018-05-21 14:21:38 - [TEST_STEP][PASSED] - Statement - println(storeLabel): null

2018-05-21 14:21:38 - [TEST_STEP][PASSED] - Statement - If (storeLabel.contains(storelabel)): null

2018-05-21 14:21:38 - [TEST_STEP][PASSED] - Statement - storeLabel = storesLabel.get(i).getText().trim(): null

2018-05-21 14:21:38 - [TEST_STEP][PASSED] - Statement - println(storeLabel): null

2018-05-21 14:21:38 - [TEST_STEP][PASSED] - Statement - If (storeLabel.contains(storelabel)): null

2018-05-21 14:21:38 - [TEST_STEP][PASSED] - Statement - storeLabel = storesLabel.get(i).getText().trim(): null

2018-05-21 14:21:38 - [TEST_STEP][PASSED] - Statement - println(storeLabel): null

2018-05-21 14:21:38 - [TEST_STEP][PASSED] - Statement - If (storeLabel.contains(storelabel)): null

2018-05-21 14:21:38 - [TEST_STEP][PASSED] - Statement - storeLabel = storesLabel.get(i).getText().trim(): null

2018-05-21 14:21:38 - [TEST_STEP][PASSED] - Statement - println(storeLabel): null

2018-05-21 14:21:38 - [TEST_STEP][PASSED] - Statement - If (storeLabel.contains(storelabel)): null

2018-05-21 14:21:38 - [TEST_STEP][PASSED] - Statement - storeLabel = storesLabel.get(i).getText().trim(): null

2018-05-21 14:21:38 - [TEST_STEP][PASSED] - Statement - println(storeLabel): null

2018-05-21 14:21:38 - [TEST_STEP][PASSED] - Statement - If (storeLabel.contains(storelabel)): null

2018-05-21 14:21:38 - [TEST_STEP][PASSED] - Statement - storeLabel = storesLabel.get(i).getText().trim(): null

2018-05-21 14:21:38 - [TEST_STEP][PASSED] - Statement - println(storeLabel): null

2018-05-21 14:21:38 - [TEST_STEP][PASSED] - Statement - If (storeLabel.contains(storelabel)): null

2018-05-21 14:21:38 - [TEST_STEP][PASSED] - Statement - storeLabel = storesLabel.get(i).getText().trim(): null

2018-05-21 14:21:38 - [TEST_STEP][PASSED] - Statement - println(storeLabel): null

2018-05-21 14:21:38 - [TEST_STEP][PASSED] - Statement - If (storeLabel.contains(storelabel)): null

2018-05-21 14:21:38 - [TEST_STEP][PASSED] - Statement - storeLabel = storesLabel.get(i).getText().trim(): null

2018-05-21 14:21:38 - [TEST_STEP][PASSED] - Statement - println(storeLabel): null

2018-05-21 14:21:38 - [TEST_STEP][PASSED] - Statement - If (storeLabel.contains(storelabel)): null

2018-05-21 14:21:38 - [TEST_STEP][PASSED] - Statement - storeLabel = storesLabel.get(i).getText().trim(): null

2018-05-21 14:21:38 - [TEST_STEP][PASSED] - Statement - println(storeLabel): null

2018-05-21 14:21:38 - [TEST_STEP][PASSED] - Statement - If (storeLabel.contains(storelabel)): null

2018-05-21 14:21:38 - [TEST_STEP][PASSED] - Statement - storeLabel = storesLabel.get(i).getText().trim(): null

2018-05-21 14:21:38 - [TEST_STEP][PASSED] - Statement - println(storeLabel): null

2018-05-21 14:21:38 - [TEST_STEP][PASSED] - Statement - If (storeLabel.contains(storelabel)): null

2018-05-21 14:21:38 - [TEST_STEP][PASSED] - Statement - storeLabel = storesLabel.get(i).getText().trim(): null

2018-05-21 14:21:38 - [TEST_STEP][PASSED] - Statement - println(storeLabel): null

2018-05-21 14:21:38 - [TEST_STEP][PASSED] - Statement - If (storeLabel.contains(storelabel)): null

2018-05-21 14:21:38 - [TEST_STEP][PASSED] - Statement - storeLabel = storesLabel.get(i).getText().trim(): null

2018-05-21 14:21:38 - [TEST_STEP][PASSED] - Statement - println(storeLabel): null

2018-05-21 14:21:38 - [TEST_STEP][PASSED] - Statement - If (storeLabel.contains(storelabel)): null

2018-05-21 14:21:38 - [TEST_STEP][PASSED] - Statement - storeLabel = storesLabel.get(i).getText().trim(): null

2018-05-21 14:21:38 - [TEST_STEP][PASSED] - Statement - println(storeLabel): null

2018-05-21 14:21:38 - [TEST_STEP][PASSED] - Statement - If (storeLabel.contains(storelabel)): null

2018-05-21 14:21:38 - [TEST_STEP][PASSED] - Statement - storeLabel = storesLabel.get(i).getText().trim(): null

2018-05-21 14:21:38 - [TEST_STEP][PASSED] - Statement - println(storeLabel): null

2018-05-21 14:21:38 - [TEST_STEP][PASSED] - Statement - If (storeLabel.contains(storelabel)): null

2018-05-21 14:21:38 - [TEST_STEP][PASSED] - Statement - storeLabel = storesLabel.get(i).getText().trim(): null

2018-05-21 14:21:38 - [TEST_STEP][PASSED] - Statement - println(storeLabel): null

2018-05-21 14:21:38 - [TEST_STEP][PASSED] - Statement - If (storeLabel.contains(storelabel)): null

2018-05-21 14:21:38 - [TEST_STEP][PASSED] - Statement - storeLabel = storesLabel.get(i).getText().trim(): null

2018-05-21 14:21:38 - [TEST_STEP][PASSED] - Statement - println(storeLabel): null

2018-05-21 14:21:38 - [TEST_STEP][PASSED] - Statement - If (storeLabel.contains(storelabel)): null

2018-05-21 14:21:38 - [TEST_STEP][PASSED] - Statement - storeLabel = storesLabel.get(i).getText().trim(): null

2018-05-21 14:21:38 - [TEST_STEP][PASSED] - Statement - println(storeLabel): null

2018-05-21 14:21:38 - [TEST_STEP][PASSED] - Statement - If (storeLabel.contains(storelabel)): null

2018-05-21 14:21:38 - [TEST_STEP][PASSED] - Statement - storeLabel = storesLabel.get(i).getText().trim(): null

2018-05-21 14:21:38 - [TEST_STEP][PASSED] - Statement - println(storeLabel): null

2018-05-21 14:21:38 - [TEST_STEP][PASSED] - Statement - If (storeLabel.contains(storelabel)): null

2018-05-21 14:21:38 - [TEST_STEP][PASSED] - Statement - storeLabel = storesLabel.get(i).getText().trim(): null

2018-05-21 14:21:38 - [TEST_STEP][PASSED] - Statement - println(storeLabel): null

2018-05-21 14:21:38 - [TEST_STEP][PASSED] - Statement - If (storeLabel.contains(storelabel)): null

2018-05-21 14:21:38 - [TEST_STEP][PASSED] - Statement - storeLabel = storesLabel.get(i).getText().trim(): null

2018-05-21 14:21:38 - [TEST_STEP][PASSED] - Statement - println(storeLabel): null

2018-05-21 14:21:38 - [TEST_STEP][PASSED] - Statement - If (storeLabel.contains(storelabel)): null

2018-05-21 14:21:38 - [TEST_STEP][PASSED] - Statement - storeLabel = storesLabel.get(i).getText().trim(): null

2018-05-21 14:21:38 - [TEST_STEP][PASSED] - Statement - println(storeLabel): null

2018-05-21 14:21:38 - [TEST_STEP][PASSED] - Statement - If (storeLabel.contains(storelabel)): null

2018-05-21 14:21:38 - [TEST_STEP][PASSED] - Statement - storeLabel = storesLabel.get(i).getText().trim(): null

2018-05-21 14:21:38 - [TEST_STEP][PASSED] - Statement - println(storeLabel): null

2018-05-21 14:21:38 - [TEST_STEP][PASSED] - Statement - If (storeLabel.contains(storelabel)): null

2018-05-21 14:21:38 - [TEST_STEP][PASSED] - Statement - storeLabel = storesLabel.get(i).getText().trim(): null

2018-05-21 14:21:38 - [TEST_STEP][PASSED] - Statement - println(storeLabel): null

2018-05-21 14:21:38 - [TEST_STEP][PASSED] - Statement - If (storeLabel.contains(storelabel)): null

2018-05-21 14:21:38 - [TEST_STEP][PASSED] - Statement - storeLabel = storesLabel.get(i).getText().trim(): null

2018-05-21 14:21:38 - [TEST_STEP][PASSED] - Statement - println(storeLabel): null

2018-05-21 14:21:38 - [TEST_STEP][PASSED] - Statement - If (storeLabel.contains(storelabel)): null

2018-05-21 14:21:38 - [TEST_STEP][PASSED] - Statement - storeLabel = storesLabel.get(i).getText().trim(): null

2018-05-21 14:21:38 - [TEST_STEP][PASSED] - Statement - println(storeLabel): null

2018-05-21 14:21:38 - [TEST_STEP][PASSED] - Statement - If (storeLabel.contains(storelabel)): null

2018-05-21 14:21:38 - [TEST_STEP][PASSED] - Statement - storeLabel = storesLabel.get(i).getText().trim(): null

2018-05-21 14:21:38 - [TEST_STEP][PASSED] - Statement - println(storeLabel): null

2018-05-21 14:21:38 - [TEST_STEP][PASSED] - Statement - If (storeLabel.contains(storelabel)): null

2018-05-21 14:21:38 - [TEST_STEP][PASSED] - Statement - storeLabel = storesLabel.get(i).getText().trim(): null

2018-05-21 14:21:38 - [TEST_STEP][PASSED] - Statement - println(storeLabel): null

2018-05-21 14:21:38 - [TEST_STEP][PASSED] - Statement - If (storeLabel.contains(storelabel)): null

2018-05-21 14:21:38 - [TEST_STEP][PASSED] - Statement - storeLabel = storesLabel.get(i).getText().trim(): null

2018-05-21 14:21:38 - [TEST_STEP][PASSED] - Statement - println(storeLabel): null

2018-05-21 14:21:38 - [TEST_STEP][PASSED] - Statement - If (storeLabel.contains(storelabel)): null

2018-05-21 14:21:38 - [TEST_STEP][PASSED] - Statement - storeLabel = storesLabel.get(i).getText().trim(): null

2018-05-21 14:21:39 - [TEST_STEP][PASSED] - Statement - println(storeLabel): null

2018-05-21 14:21:39 - [TEST_STEP][PASSED] - Statement - If (storeLabel.contains(storelabel)): null

2018-05-21 14:21:39 - [TEST_STEP][PASSED] - Statement - storeLabel = storesLabel.get(i).getText().trim(): null

2018-05-21 14:21:39 - [TEST_STEP][PASSED] - Statement - println(storeLabel): null

2018-05-21 14:21:39 - [TEST_STEP][PASSED] - Statement - If (storeLabel.contains(storelabel)): null

2018-05-21 14:21:39 - [TEST_STEP][PASSED] - Statement - storeLabel = storesLabel.get(i).getText().trim(): null

2018-05-21 14:21:39 - [TEST_STEP][PASSED] - Statement - println(storeLabel): null

2018-05-21 14:21:39 - [TEST_STEP][PASSED] - Statement - If (storeLabel.contains(storelabel)): null

2018-05-21 14:21:39 - [TEST_STEP][PASSED] - Statement - storeLabel = storesLabel.get(i).getText().trim(): null

2018-05-21 14:21:39 - [TEST_STEP][PASSED] - Statement - println(storeLabel): null

2018-05-21 14:21:39 - [TEST_STEP][PASSED] - Statement - If (storeLabel.contains(storelabel)): null

2018-05-21 14:21:39 - [TEST_STEP][PASSED] - Statement - storeLabel = storesLabel.get(i).getText().trim(): null

2018-05-21 14:21:39 - [TEST_STEP][PASSED] - Statement - println(storeLabel): null

2018-05-21 14:21:39 - [TEST_STEP][PASSED] - Statement - If (storeLabel.contains(storelabel)): null

2018-05-21 14:21:39 - [TEST_STEP][PASSED] - Statement - storeLabel = storesLabel.get(i).getText().trim(): null

2018-05-21 14:21:39 - [TEST_STEP][PASSED] - Statement - println(storeLabel): null

2018-05-21 14:21:39 - [TEST_STEP][PASSED] - Statement - If (storeLabel.contains(storelabel)): null

2018-05-21 14:21:39 - [TEST_STEP][PASSED] - Statement - storeLabel = storesLabel.get(i).getText().trim(): null

2018-05-21 14:21:39 - [TEST_STEP][PASSED] - Statement - println(storeLabel): null

2018-05-21 14:21:39 - [TEST_STEP][PASSED] - Statement - If (storeLabel.contains(storelabel)): null

2018-05-21 14:21:39 - [TEST_STEP][PASSED] - Statement - storeLabel = storesLabel.get(i).getText().trim(): null

2018-05-21 14:21:39 - [TEST_STEP][PASSED] - Statement - println(storeLabel): null

2018-05-21 14:21:39 - [TEST_STEP][PASSED] - Statement - If (storeLabel.contains(storelabel)): null

2018-05-21 14:21:39 - [TEST_STEP][PASSED] - Statement - storeLabel = storesLabel.get(i).getText().trim(): null

2018-05-21 14:21:39 - [TEST_STEP][PASSED] - Statement - println(storeLabel): null

2018-05-21 14:21:39 - [TEST_STEP][PASSED] - Statement - If (storeLabel.contains(storelabel)): null

2018-05-21 14:21:39 - [TEST_STEP][PASSED] - Statement - storeLabel = storesLabel.get(i).getText().trim(): null

2018-05-21 14:21:39 - [TEST_STEP][PASSED] - Statement - println(storeLabel): null

2018-05-21 14:21:39 - [TEST_STEP][PASSED] - Statement - If (storeLabel.contains(storelabel)): null

2018-05-21 14:21:39 - [TEST_STEP][PASSED] - Statement - storeLabel = storesLabel.get(i).getText().trim(): null

2018-05-21 14:21:39 - [TEST_STEP][PASSED] - Statement - println(storeLabel): null

2018-05-21 14:21:39 - [TEST_STEP][PASSED] - Statement - If (storeLabel.contains(storelabel)): null

2018-05-21 14:21:39 - [TEST_STEP][PASSED] - Statement - storeLabel = storesLabel.get(i).getText().trim(): null

2018-05-21 14:21:39 - [TEST_STEP][PASSED] - Statement - println(storeLabel): null

2018-05-21 14:21:39 - [TEST_STEP][PASSED] - Statement - If (storeLabel.contains(storelabel)): null

2018-05-21 14:21:39 - [TEST_STEP][PASSED] - Statement - storeLabel = storesLabel.get(i).getText().trim(): null

2018-05-21 14:21:39 - [TEST_STEP][PASSED] - Statement - println(storeLabel): null

2018-05-21 14:21:39 - [TEST_STEP][PASSED] - Statement - If (storeLabel.contains(storelabel)): null

2018-05-21 14:21:39 - [TEST_STEP][PASSED] - Statement - storeLabel = storesLabel.get(i).getText().trim(): null

2018-05-21 14:21:39 - [TEST_STEP][PASSED] - Statement - println(storeLabel): null

2018-05-21 14:21:39 - [TEST_STEP][PASSED] - Statement - If (storeLabel.contains(storelabel)): null

2018-05-21 14:21:39 - [TEST_STEP][PASSED] - Statement - storeLabel = storesLabel.get(i).getText().trim(): null

2018-05-21 14:21:39 - [TEST_STEP][PASSED] - Statement - println(storeLabel): null

2018-05-21 14:21:39 - [TEST_STEP][PASSED] - Statement - If (storeLabel.contains(storelabel)): null

2018-05-21 14:21:39 - [TEST_STEP][PASSED] - Statement - storeLabel = storesLabel.get(i).getText().trim(): null

2018-05-21 14:21:39 - [TEST_STEP][PASSED] - Statement - println(storeLabel): null

2018-05-21 14:21:39 - [TEST_STEP][PASSED] - Statement - If (storeLabel.contains(storelabel)): null

2018-05-21 14:21:39 - [TEST_STEP][PASSED] - Statement - storeLabel = storesLabel.get(i).getText().trim(): null

2018-05-21 14:21:39 - [TEST_STEP][PASSED] - Statement - println(storeLabel): null

2018-05-21 14:21:39 - [TEST_STEP][PASSED] - Statement - If (storeLabel.contains(storelabel)): null

2018-05-21 14:21:39 - [TEST_STEP][PASSED] - Statement - storeLabel = storesLabel.get(i).getText().trim(): null

2018-05-21 14:21:39 - [TEST_STEP][PASSED] - Statement - println(storeLabel): null

2018-05-21 14:21:39 - [TEST_STEP][PASSED] - Statement - If (storeLabel.contains(storelabel)): null

2018-05-21 14:21:39 - [TEST_STEP][PASSED] - Statement - storeLabel = storesLabel.get(i).getText().trim(): null

2018-05-21 14:21:39 - [TEST_STEP][PASSED] - Statement - println(storeLabel): null

2018-05-21 14:21:39 - [TEST_STEP][PASSED] - Statement - If (storeLabel.contains(storelabel)): null

2018-05-21 14:21:39 - [TEST_STEP][PASSED] - Statement - storeLabel = storesLabel.get(i).getText().trim(): null

2018-05-21 14:21:39 - [TEST_STEP][PASSED] - Statement - println(storeLabel): null

2018-05-21 14:21:39 - [TEST_STEP][PASSED] - Statement - If (storeLabel.contains(storelabel)): null

2018-05-21 14:21:39 - [TEST_STEP][PASSED] - Statement - storeLabel = storesLabel.get(i).getText().trim(): null

2018-05-21 14:21:39 - [TEST_STEP][PASSED] - Statement - println(storeLabel): null

2018-05-21 14:21:39 - [TEST_STEP][PASSED] - Statement - If (storeLabel.contains(storelabel)): null

2018-05-21 14:21:39 - [TEST_STEP][PASSED] - Statement - storeLabel = storesLabel.get(i).getText().trim(): null

2018-05-21 14:21:39 - [TEST_STEP][PASSED] - Statement - println(storeLabel): null

2018-05-21 14:21:39 - [TEST_STEP][PASSED] - Statement - If (storeLabel.contains(storelabel)): null

2018-05-21 14:21:39 - [TEST_STEP][PASSED] - Statement - storeLabel = storesLabel.get(i).getText().trim(): null

2018-05-21 14:21:39 - [TEST_STEP][PASSED] - Statement - println(storeLabel): null

2018-05-21 14:21:39 - [TEST_STEP][PASSED] - Statement - If (storeLabel.contains(storelabel)): null

2018-05-21 14:21:39 - [TEST_STEP][PASSED] - Statement - storeLabel = storesLabel.get(i).getText().trim(): null

2018-05-21 14:21:39 - [TEST_STEP][PASSED] - Statement - println(storeLabel): null

2018-05-21 14:21:39 - [TEST_STEP][PASSED] - Statement - If (storeLabel.contains(storelabel)): null

2018-05-21 14:21:39 - [TEST_STEP][PASSED] - Statement - storeLabel = storesLabel.get(i).getText().trim(): null

2018-05-21 14:21:39 - [TEST_STEP][PASSED] - Statement - println(storeLabel): null

2018-05-21 14:21:39 - [TEST_STEP][PASSED] - Statement - If (storeLabel.contains(storelabel)): null

2018-05-21 14:21:39 - [TEST_STEP][PASSED] - Statement - storeLabel = storesLabel.get(i).getText().trim(): null

2018-05-21 14:21:39 - [TEST_STEP][PASSED] - Statement - println(storeLabel): null

2018-05-21 14:21:39 - [TEST_STEP][PASSED] - Statement - If (storeLabel.contains(storelabel)): null

2018-05-21 14:21:39 - [TEST_STEP][PASSED] - Statement - storeLabel = storesLabel.get(i).getText().trim(): null

2018-05-21 14:21:39 - [TEST_STEP][PASSED] - Statement - println(storeLabel): null

2018-05-21 14:21:39 - [TEST_STEP][PASSED] - Statement - If (storeLabel.contains(storelabel)): null

2018-05-21 14:21:39 - [TEST_STEP][PASSED] - Statement - storeLabel = storesLabel.get(i).getText().trim(): null

2018-05-21 14:21:39 - [TEST_STEP][PASSED] - Statement - println(storeLabel): null

2018-05-21 14:21:39 - [TEST_STEP][PASSED] - Statement - If (storeLabel.contains(storelabel)): null

2018-05-21 14:21:39 - [TEST_STEP][PASSED] - Statement - storeLabel = storesLabel.get(i).getText().trim(): null

2018-05-21 14:21:39 - [TEST_STEP][PASSED] - Statement - println(storeLabel): null

2018-05-21 14:21:39 - [TEST_STEP][PASSED] - Statement - If (storeLabel.contains(storelabel)): null

2018-05-21 14:21:39 - [TEST_STEP][PASSED] - Statement - storeLabel = storesLabel.get(i).getText().trim(): null

2018-05-21 14:21:39 - [TEST_STEP][PASSED] - Statement - println(storeLabel): null

2018-05-21 14:21:39 - [TEST_STEP][PASSED] - Statement - If (storeLabel.contains(storelabel)): null

2018-05-21 14:21:39 - [TEST_STEP][PASSED] - Statement - storeLabel = storesLabel.get(i).getText().trim(): null

2018-05-21 14:21:39 - [TEST_STEP][PASSED] - Statement - println(storeLabel): null

2018-05-21 14:21:39 - [TEST_STEP][PASSED] - Statement - If (storeLabel.contains(storelabel)): null

2018-05-21 14:21:39 - [TEST_STEP][PASSED] - Statement - storeLabel = storesLabel.get(i).getText().trim(): null

2018-05-21 14:21:39 - [TEST_STEP][PASSED] - Statement - println(storeLabel): null

2018-05-21 14:21:39 - [TEST_STEP][PASSED] - Statement - If (storeLabel.contains(storelabel)): null

2018-05-21 14:21:39 - [TEST_STEP][PASSED] - Statement - storeLabel = storesLabel.get(i).getText().trim(): null

2018-05-21 14:21:39 - [TEST_STEP][PASSED] - Statement - println(storeLabel): null

2018-05-21 14:21:39 - [TEST_STEP][PASSED] - Statement - If (storeLabel.contains(storelabel)): null

2018-05-21 14:21:39 - [TEST_STEP][PASSED] - Statement - storeLabel = storesLabel.get(i).getText().trim(): null

2018-05-21 14:21:39 - [TEST_STEP][PASSED] - Statement - println(storeLabel): null

2018-05-21 14:21:39 - [TEST_STEP][PASSED] - Statement - If (storeLabel.contains(storelabel)): null

2018-05-21 14:21:39 - [TEST_STEP][PASSED] - Statement - storeLabel = storesLabel.get(i).getText().trim(): null

2018-05-21 14:21:39 - [TEST_STEP][PASSED] - Statement - println(storeLabel): null

2018-05-21 14:21:39 - [TEST_STEP][PASSED] - Statement - If (storeLabel.contains(storelabel)): null

2018-05-21 14:21:39 - [TEST_STEP][PASSED] - Statement - storeLabel = storesLabel.get(i).getText().trim(): null

2018-05-21 14:21:39 - [TEST_STEP][PASSED] - Statement - println(storeLabel): null

2018-05-21 14:21:39 - [TEST_STEP][PASSED] - Statement - If (storeLabel.contains(storelabel)): null

2018-05-21 14:21:39 - [TEST_STEP][PASSED] - Statement - storeLabel = storesLabel.get(i).getText().trim(): null

2018-05-21 14:21:39 - [TEST_STEP][PASSED] - Statement - println(storeLabel): null

2018-05-21 14:21:39 - [TEST_STEP][PASSED] - Statement - If (storeLabel.contains(storelabel)): null

2018-05-21 14:21:39 - [TEST_STEP][PASSED] - Statement - storeLabel = storesLabel.get(i).getText().trim(): null

2018-05-21 14:21:39 - [TEST_STEP][PASSED] - Statement - println(storeLabel): null

2018-05-21 14:21:39 - [TEST_STEP][PASSED] - Statement - If (storeLabel.contains(storelabel)): null

2018-05-21 14:21:39 - [TEST_STEP][PASSED] - Statement - storeLabel = storesLabel.get(i).getText().trim(): null

2018-05-21 14:21:39 - [TEST_STEP][PASSED] - Statement - println(storeLabel): null

2018-05-21 14:21:39 - [TEST_STEP][PASSED] - Statement - If (storeLabel.contains(storelabel)): null

2018-05-21 14:21:39 - [TEST_STEP][PASSED] - Statement - storeLabel = storesLabel.get(i).getText().trim(): null

2018-05-21 14:21:39 - [TEST_STEP][PASSED] - Statement - println(storeLabel): null

2018-05-21 14:21:39 - [TEST_STEP][PASSED] - Statement - If (storeLabel.contains(storelabel)): null

2018-05-21 14:21:39 - [TEST_STEP][PASSED] - Statement - storeLabel = storesLabel.get(i).getText().trim(): null

2018-05-21 14:21:39 - [TEST_STEP][PASSED] - Statement - println(storeLabel): null

2018-05-21 14:21:39 - [TEST_STEP][PASSED] - Statement - If (storeLabel.contains(storelabel)): null

2018-05-21 14:21:39 - [TEST_STEP][PASSED] - Statement - storeLabel = storesLabel.get(i).getText().trim(): null

2018-05-21 14:21:39 - [TEST_STEP][PASSED] - Statement - println(storeLabel): null

2018-05-21 14:21:39 - [TEST_STEP][PASSED] - Statement - If (storeLabel.contains(storelabel)): null

2018-05-21 14:21:39 - [TEST_STEP][PASSED] - Statement - storeLabel = storesLabel.get(i).getText().trim(): null

2018-05-21 14:21:39 - [TEST_STEP][PASSED] - Statement - println(storeLabel): null

2018-05-21 14:21:39 - [TEST_STEP][PASSED] - Statement - If (storeLabel.contains(storelabel)): null

2018-05-21 14:21:39 - [TEST_STEP][PASSED] - Statement - storeLabel = storesLabel.get(i).getText().trim(): null

2018-05-21 14:21:39 - [TEST_STEP][PASSED] - Statement - println(storeLabel): null

2018-05-21 14:21:39 - [TEST_STEP][PASSED] - Statement - If (storeLabel.contains(storelabel)): null

2018-05-21 14:21:39 - [TEST_STEP][PASSED] - Statement - storeLabel = storesLabel.get(i).getText().trim(): null

2018-05-21 14:21:39 - [TEST_STEP][PASSED] - Statement - println(storeLabel): null

2018-05-21 14:21:39 - [TEST_STEP][PASSED] - Statement - If (storeLabel.contains(storelabel)): null

2018-05-21 14:21:39 - [TEST_STEP][PASSED] - Statement - storeLabel = storesLabel.get(i).getText().trim(): null

2018-05-21 14:21:39 - [TEST_STEP][PASSED] - Statement - println(storeLabel): null

2018-05-21 14:21:39 - [TEST_STEP][PASSED] - Statement - If (storeLabel.contains(storelabel)): null

2018-05-21 14:21:39 - [TEST_STEP][PASSED] - Statement - storeLabel = storesLabel.get(i).getText().trim(): null

2018-05-21 14:21:39 - [TEST_STEP][PASSED] - Statement - println(storeLabel): null

2018-05-21 14:21:39 - [TEST_STEP][PASSED] - Statement - If (storeLabel.contains(storelabel)): null

2018-05-21 14:21:39 - [TEST_STEP][PASSED] - Statement - storeLabel = storesLabel.get(i).getText().trim(): null

2018-05-21 14:21:39 - [TEST_STEP][PASSED] - Statement - println(storeLabel): null

2018-05-21 14:21:39 - [TEST_STEP][PASSED] - Statement - If (storeLabel.contains(storelabel)): null

2018-05-21 14:21:39 - [TEST_STEP][PASSED] - Statement - storeLabel = storesLabel.get(i).getText().trim(): null

2018-05-21 14:21:39 - [TEST_STEP][PASSED] - Statement - println(storeLabel): null

2018-05-21 14:21:39 - [TEST_STEP][PASSED] - Statement - If (storeLabel.contains(storelabel)): null

2018-05-21 14:21:39 - [TEST_STEP][PASSED] - Statement - storeLabel = storesLabel.get(i).getText().trim(): null

2018-05-21 14:21:39 - [TEST_STEP][PASSED] - Statement - println(storeLabel): null

2018-05-21 14:21:39 - [TEST_STEP][PASSED] - Statement - If (storeLabel.contains(storelabel)): null

2018-05-21 14:21:39 - [TEST_STEP][PASSED] - Statement - storeLabel = storesLabel.get(i).getText().trim(): null

2018-05-21 14:21:39 - [TEST_STEP][PASSED] - Statement - println(storeLabel): null

2018-05-21 14:21:39 - [TEST_STEP][PASSED] - Statement - If (storeLabel.contains(storelabel)): null

2018-05-21 14:21:39 - [TEST_STEP][PASSED] - Statement - storeLabel = storesLabel.get(i).getText().trim(): null

2018-05-21 14:21:39 - [TEST_STEP][PASSED] - Statement - println(storeLabel): null

2018-05-21 14:21:39 - [TEST_STEP][PASSED] - Statement - If (storeLabel.contains(storelabel)): null

2018-05-21 14:21:39 - [TEST_STEP][PASSED] - Statement - storeLabel = storesLabel.get(i).getText().trim(): null

2018-05-21 14:21:39 - [TEST_STEP][PASSED] - Statement - println(storeLabel): null

2018-05-21 14:21:39 - [TEST_STEP][PASSED] - Statement - If (storeLabel.contains(storelabel)): null

2018-05-21 14:21:39 - [TEST_STEP][PASSED] - Statement - storeLabel = storesLabel.get(i).getText().trim(): null

2018-05-21 14:21:39 - [TEST_STEP][PASSED] - Statement - println(storeLabel): null

2018-05-21 14:21:39 - [TEST_STEP][PASSED] - Statement - If (storeLabel.contains(storelabel)): null

2018-05-21 14:21:39 - [TEST_STEP][PASSED] - Statement - storeLabel = storesLabel.get(i).getText().trim(): null

2018-05-21 14:21:39 - [TEST_STEP][PASSED] - Statement - println(storeLabel): null

2018-05-21 14:21:39 - [TEST_STEP][PASSED] - Statement - If (storeLabel.contains(storelabel)): null

2018-05-21 14:21:39 - [TEST_STEP][PASSED] - Statement - storeLabel = storesLabel.get(i).getText().trim(): null

2018-05-21 14:21:39 - [TEST_STEP][PASSED] - Statement - println(storeLabel): null

2018-05-21 14:21:39 - [TEST_STEP][PASSED] - Statement - If (storeLabel.contains(storelabel)): null

2018-05-21 14:21:39 - [TEST_STEP][PASSED] - Statement - storeLabel = storesLabel.get(i).getText().trim(): null

2018-05-21 14:21:39 - [TEST_STEP][PASSED] - Statement - println(storeLabel): null

2018-05-21 14:21:39 - [TEST_STEP][PASSED] - Statement - If (storeLabel.contains(storelabel)): null

2018-05-21 14:21:39 - [TEST_STEP][PASSED] - Statement - storeLabel = storesLabel.get(i).getText().trim(): null

2018-05-21 14:21:39 - [TEST_STEP][PASSED] - Statement - println(storeLabel): null

2018-05-21 14:21:39 - [TEST_STEP][PASSED] - Statement - If (storeLabel.contains(storelabel)): null

2018-05-21 14:21:39 - [TEST_STEP][PASSED] - Statement - storeLabel = storesLabel.get(i).getText().trim(): null

2018-05-21 14:21:39 - [TEST_STEP][PASSED] - Statement - println(storeLabel): null

2018-05-21 14:21:39 - [TEST_STEP][PASSED] - Statement - If (storeLabel.contains(storelabel)): null

2018-05-21 14:21:39 - [TEST_STEP][PASSED] - Statement - storeLabel = storesLabel.get(i).getText().trim(): null

2018-05-21 14:21:39 - [TEST_STEP][PASSED] - Statement - println(storeLabel): null

2018-05-21 14:21:39 - [TEST_STEP][PASSED] - Statement - If (storeLabel.contains(storelabel)): null

2018-05-21 14:21:39 - [TEST_STEP][PASSED] - Statement - storeLabel = storesLabel.get(i).getText().trim(): null

2018-05-21 14:21:39 - [TEST_STEP][PASSED] - Statement - println(storeLabel): null

2018-05-21 14:21:39 - [TEST_STEP][PASSED] - Statement - If (storeLabel.contains(storelabel)): null

2018-05-21 14:21:39 - [TEST_STEP][PASSED] - Statement - storeLabel = storesLabel.get(i).getText().trim(): null

2018-05-21 14:21:39 - [TEST_STEP][PASSED] - Statement - println(storeLabel): null

2018-05-21 14:21:39 - [TEST_STEP][PASSED] - Statement - If (storeLabel.contains(storelabel)): null

2018-05-21 14:21:39 - [TEST_STEP][PASSED] - Statement - storeLabel = storesLabel.get(i).getText().trim(): null

2018-05-21 14:21:39 - [TEST_STEP][PASSED] - Statement - println(storeLabel): null

2018-05-21 14:21:39 - [TEST_STEP][PASSED] - Statement - If (storeLabel.contains(storelabel)): null

2018-05-21 14:21:39 - [TEST_STEP][PASSED] - Statement - storeLabel = storesLabel.get(i).getText().trim(): null

2018-05-21 14:21:39 - [TEST_STEP][PASSED] - Statement - println(storeLabel): null

2018-05-21 14:21:39 - [TEST_STEP][PASSED] - Statement - If (storeLabel.contains(storelabel)): null

2018-05-21 14:21:39 - [TEST_STEP][PASSED] - Statement - storeLabel = storesLabel.get(i).getText().trim(): null

2018-05-21 14:21:39 - [TEST_STEP][PASSED] - Statement - println(storeLabel): null

2018-05-21 14:21:39 - [TEST_STEP][PASSED] - Statement - If (storeLabel.contains(storelabel)): null

2018-05-21 14:21:39 - [TEST_STEP][PASSED] - Statement - storeLabel = storesLabel.get(i).getText().trim(): null

2018-05-21 14:21:40 - [TEST_STEP][PASSED] - Statement - println(storeLabel): null

2018-05-21 14:21:40 - [TEST_STEP][PASSED] - Statement - If (storeLabel.contains(storelabel)): null

2018-05-21 14:21:40 - [TEST_STEP][PASSED] - Statement - storeLabel = storesLabel.get(i).getText().trim(): null

2018-05-21 14:21:40 - [TEST_STEP][PASSED] - Statement - println(storeLabel): null

2018-05-21 14:21:40 - [TEST_STEP][PASSED] - Statement - If (storeLabel.contains(storelabel)): null

2018-05-21 14:21:40 - [TEST_STEP][PASSED] - Statement - storeLabel = storesLabel.get(i).getText().trim(): null

2018-05-21 14:21:40 - [TEST_STEP][PASSED] - Statement - println(storeLabel): null

2018-05-21 14:21:40 - [TEST_STEP][PASSED] - Statement - If (storeLabel.contains(storelabel)): null

2018-05-21 14:21:40 - [TEST_STEP][PASSED] - Statement - storeLabel = storesLabel.get(i).getText().trim(): null

2018-05-21 14:21:40 - [TEST_STEP][PASSED] - Statement - println(storeLabel): null

2018-05-21 14:21:40 - [TEST_STEP][PASSED] - Statement - If (storeLabel.contains(storelabel)): null

2018-05-21 14:21:40 - [TEST_STEP][PASSED] - Statement - storeLabel = storesLabel.get(i).getText().trim(): null

2018-05-21 14:21:40 - [TEST_STEP][PASSED] - Statement - println(storeLabel): null

2018-05-21 14:21:40 - [TEST_STEP][PASSED] - Statement - If (storeLabel.contains(storelabel)): null

2018-05-21 14:21:40 - [TEST_STEP][PASSED] - Statement - storeLabel = storesLabel.get(i).getText().trim(): null

2018-05-21 14:21:40 - [TEST_STEP][PASSED] - Statement - println(storeLabel): null

2018-05-21 14:21:40 - [TEST_STEP][PASSED] - Statement - If (storeLabel.contains(storelabel)): null

2018-05-21 14:21:40 - [TEST_STEP][PASSED] - Statement - storeLabel = storesLabel.get(i).getText().trim(): null

2018-05-21 14:21:40 - [TEST_STEP][PASSED] - Statement - println(storeLabel): null

2018-05-21 14:21:40 - [TEST_STEP][PASSED] - Statement - If (storeLabel.contains(storelabel)): null

2018-05-21 14:21:40 - [TEST_STEP][PASSED] - Statement - storeLabel = storesLabel.get(i).getText().trim(): null

2018-05-21 14:21:40 - [TEST_STEP][PASSED] - Statement - println(storeLabel): null

2018-05-21 14:21:40 - [TEST_STEP][PASSED] - Statement - If (storeLabel.contains(storelabel)): null

2018-05-21 14:21:40 - [TEST_STEP][PASSED] - Statement - storeLabel = storesLabel.get(i).getText().trim(): null

2018-05-21 14:21:40 - [TEST_STEP][PASSED] - Statement - println(storeLabel): null

2018-05-21 14:21:40 - [TEST_STEP][PASSED] - Statement - If (storeLabel.contains(storelabel)): null

2018-05-21 14:21:40 - [TEST_STEP][PASSED] - Statement - storeLabel = storesLabel.get(i).getText().trim(): null

2018-05-21 14:21:40 - [TEST_STEP][PASSED] - Statement - println(storeLabel): null

2018-05-21 14:21:40 - [TEST_STEP][PASSED] - Statement - If (storeLabel.contains(storelabel)): null

2018-05-21 14:21:40 - [TEST_STEP][PASSED] - Statement - storeLabel = storesLabel.get(i).getText().trim(): null

2018-05-21 14:21:40 - [TEST_STEP][PASSED] - Statement - println(storeLabel): null

2018-05-21 14:21:40 - [TEST_STEP][PASSED] - Statement - If (storeLabel.contains(storelabel)): null

2018-05-21 14:21:40 - [TEST_STEP][PASSED] - Statement - storeLabel = storesLabel.get(i).getText().trim(): null

2018-05-21 14:21:40 - [TEST_STEP][PASSED] - Statement - println(storeLabel): null

2018-05-21 14:21:40 - [TEST_STEP][PASSED] - Statement - If (storeLabel.contains(storelabel)): null

2018-05-21 14:21:40 - [TEST_STEP][PASSED] - Statement - storeLabel = storesLabel.get(i).getText().trim(): null

2018-05-21 14:21:40 - [TEST_STEP][PASSED] - Statement - println(storeLabel): null

2018-05-21 14:21:40 - [TEST_STEP][PASSED] - Statement - If (storeLabel.contains(storelabel)): null

2018-05-21 14:21:40 - [TEST_STEP][PASSED] - Statement - storeLabel = storesLabel.get(i).getText().trim(): null

2018-05-21 14:21:40 - [TEST_STEP][PASSED] - Statement - println(storeLabel): null

2018-05-21 14:21:40 - [TEST_STEP][PASSED] - Statement - If (storeLabel.contains(storelabel)): null

2018-05-21 14:21:40 - [TEST_STEP][PASSED] - Statement - storeLabel = storesLabel.get(i).getText().trim(): null

2018-05-21 14:21:40 - [TEST_STEP][PASSED] - Statement - println(storeLabel): null

2018-05-21 14:21:40 - [TEST_STEP][PASSED] - Statement - If (storeLabel.contains(storelabel)): null

2018-05-21 14:21:40 - [TEST_STEP][PASSED] - Statement - storeLabel = storesLabel.get(i).getText().trim(): null

2018-05-21 14:21:40 - [TEST_STEP][PASSED] - Statement - println(storeLabel): null

2018-05-21 14:21:40 - [TEST_STEP][PASSED] - Statement - If (storeLabel.contains(storelabel)): null

2018-05-21 14:21:40 - [TEST_STEP][PASSED] - Statement - storeLabel = storesLabel.get(i).getText().trim(): null

2018-05-21 14:21:40 - [TEST_STEP][PASSED] - Statement - println(storeLabel): null

2018-05-21 14:21:40 - [TEST_STEP][PASSED] - Statement - If (storeLabel.contains(storelabel)): null

2018-05-21 14:21:40 - [TEST_STEP][PASSED] - Statement - storeLabel = storesLabel.get(i).getText().trim(): null

2018-05-21 14:21:40 - [TEST_STEP][PASSED] - Statement - println(storeLabel): null

2018-05-21 14:21:40 - [TEST_STEP][PASSED] - Statement - If (storeLabel.contains(storelabel)): null

2018-05-21 14:21:40 - [TEST_STEP][PASSED] - Statement - storeLabel = storesLabel.get(i).getText().trim(): null

2018-05-21 14:21:40 - [TEST_STEP][PASSED] - Statement - println(storeLabel): null

2018-05-21 14:21:40 - [TEST_STEP][PASSED] - Statement - If (storeLabel.contains(storelabel)): null

2018-05-21 14:21:40 - [TEST_STEP][PASSED] - Statement - storeLabel = storesLabel.get(i).getText().trim(): null

2018-05-21 14:21:40 - [TEST_STEP][PASSED] - Statement - println(storeLabel): null

2018-05-21 14:21:40 - [TEST_STEP][PASSED] - Statement - If (storeLabel.contains(storelabel)): null

2018-05-21 14:21:40 - [TEST_STEP][PASSED] - Statement - storeLabel = storesLabel.get(i).getText().trim(): null

2018-05-21 14:21:40 - [TEST_STEP][PASSED] - Statement - println(storeLabel): null

2018-05-21 14:21:40 - [TEST_STEP][PASSED] - Statement - If (storeLabel.contains(storelabel)): null

2018-05-21 14:21:40 - [TEST_STEP][PASSED] - Statement - storeLabel = storesLabel.get(i).getText().trim(): null

2018-05-21 14:21:40 - [TEST_STEP][PASSED] - Statement - println(storeLabel): null

2018-05-21 14:21:40 - [TEST_STEP][PASSED] - Statement - If (storeLabel.contains(storelabel)): null

2018-05-21 14:21:40 - [TEST_STEP][PASSED] - Statement - storeLabel = storesLabel.get(i).getText().trim(): null

2018-05-21 14:21:40 - [TEST_STEP][PASSED] - Statement - println(storeLabel): null

2018-05-21 14:21:40 - [TEST_STEP][PASSED] - Statement - If (storeLabel.contains(storelabel)): null

2018-05-21 14:21:40 - [TEST_STEP][PASSED] - Statement - storeLabel = storesLabel.get(i).getText().trim(): null

2018-05-21 14:21:40 - [TEST_STEP][PASSED] - Statement - println(storeLabel): null

2018-05-21 14:21:40 - [TEST_STEP][PASSED] - Statement - If (storeLabel.contains(storelabel)): null

2018-05-21 14:21:40 - [TEST_STEP][PASSED] - Statement - storeLabel = storesLabel.get(i).getText().trim(): null

2018-05-21 14:21:40 - [TEST_STEP][PASSED] - Statement - println(storeLabel): null

2018-05-21 14:21:40 - [TEST_STEP][PASSED] - Statement - If (storeLabel.contains(storelabel)): null

2018-05-21 14:21:40 - [TEST_STEP][PASSED] - Statement - storeLabel = storesLabel.get(i).getText().trim(): null

2018-05-21 14:21:40 - [TEST_STEP][PASSED] - Statement - println(storeLabel): null

2018-05-21 14:21:40 - [TEST_STEP][PASSED] - Statement - If (storeLabel.contains(storelabel)): null

2018-05-21 14:21:40 - [TEST_STEP][PASSED] - Statement - storeLabel = storesLabel.get(i).getText().trim(): null

2018-05-21 14:21:40 - [TEST_STEP][PASSED] - Statement - println(storeLabel): null

2018-05-21 14:21:40 - [TEST_STEP][PASSED] - Statement - If (storeLabel.contains(storelabel)): null

2018-05-21 14:21:40 - [TEST_STEP][PASSED] - Statement - storeLabel = storesLabel.get(i).getText().trim(): null

2018-05-21 14:21:40 - [TEST_STEP][PASSED] - Statement - println(storeLabel): null

2018-05-21 14:21:40 - [TEST_STEP][PASSED] - Statement - If (storeLabel.contains(storelabel)): null

2018-05-21 14:21:40 - [TEST_STEP][PASSED] - Statement - storeLabel = storesLabel.get(i).getText().trim(): null

2018-05-21 14:21:40 - [TEST_STEP][PASSED] - Statement - println(storeLabel): null

2018-05-21 14:21:40 - [TEST_STEP][PASSED] - Statement - If (storeLabel.contains(storelabel)): null

2018-05-21 14:21:40 - [TEST_STEP][PASSED] - Statement - storeLabel = storesLabel.get(i).getText().trim(): null

2018-05-21 14:21:40 - [TEST_STEP][PASSED] - Statement - println(storeLabel): null

2018-05-21 14:21:40 - [TEST_STEP][PASSED] - Statement - If (storeLabel.contains(storelabel)): null

2018-05-21 14:21:40 - [TEST_STEP][PASSED] - Statement - storeLabel = storesLabel.get(i).getText().trim(): null

2018-05-21 14:21:40 - [TEST_STEP][PASSED] - Statement - println(storeLabel): null

2018-05-21 14:21:40 - [TEST_STEP][PASSED] - Statement - If (storeLabel.contains(storelabel)): null

2018-05-21 14:21:40 - [TEST_STEP][PASSED] - Statement - storeLabel = storesLabel.get(i).getText().trim(): null

2018-05-21 14:21:40 - [TEST_STEP][PASSED] - Statement - println(storeLabel): null

2018-05-21 14:21:40 - [TEST_STEP][PASSED] - Statement - If (storeLabel.contains(storelabel)): null

2018-05-21 14:21:40 - [TEST_STEP][PASSED] - Statement - storeLabel = storesLabel.get(i).getText().trim(): null

2018-05-21 14:21:40 - [TEST_STEP][PASSED] - Statement - println(storeLabel): null

2018-05-21 14:21:40 - [TEST_STEP][PASSED] - Statement - If (storeLabel.contains(storelabel)): null

2018-05-21 14:21:40 - [TEST_STEP][PASSED] - Statement - storeLabel = storesLabel.get(i).getText().trim(): null

2018-05-21 14:21:40 - [TEST_STEP][PASSED] - Statement - println(storeLabel): null

2018-05-21 14:21:40 - [TEST_STEP][PASSED] - Statement - If (storeLabel.contains(storelabel)): null

2018-05-21 14:21:40 - [TEST_STEP][PASSED] - Statement - storeLabel = storesLabel.get(i).getText().trim(): null

2018-05-21 14:21:40 - [TEST_STEP][PASSED] - Statement - println(storeLabel): null

2018-05-21 14:21:40 - [TEST_STEP][PASSED] - Statement - If (storeLabel.contains(storelabel)): null

2018-05-21 14:21:40 - [TEST_STEP][PASSED] - Statement - storeLabel = storesLabel.get(i).getText().trim(): null

2018-05-21 14:21:40 - [TEST_STEP][PASSED] - Statement - println(storeLabel): null

2018-05-21 14:21:40 - [TEST_STEP][PASSED] - Statement - If (storeLabel.contains(storelabel)): null

2018-05-21 14:21:40 - [TEST_STEP][PASSED] - Statement - storeLabel = storesLabel.get(i).getText().trim(): null

2018-05-21 14:21:40 - [TEST_STEP][PASSED] - Statement - println(storeLabel): null

2018-05-21 14:21:40 - [TEST_STEP][PASSED] - Statement - If (storeLabel.contains(storelabel)): null

2018-05-21 14:21:40 - [TEST_STEP][PASSED] - Statement - storeLabel = storesLabel.get(i).getText().trim(): null

2018-05-21 14:21:40 - [TEST_STEP][PASSED] - Statement - println(storeLabel): null

2018-05-21 14:21:40 - [TEST_STEP][PASSED] - Statement - If (storeLabel.contains(storelabel)): null

2018-05-21 14:21:40 - [TEST_STEP][PASSED] - Statement - storeLabel = storesLabel.get(i).getText().trim(): null

2018-05-21 14:21:40 - [TEST_STEP][PASSED] - Statement - println(storeLabel): null

2018-05-21 14:21:40 - [TEST_STEP][PASSED] - Statement - If (storeLabel.contains(storelabel)): null

2018-05-21 14:21:40 - [TEST_STEP][PASSED] - Statement - storeLabel = storesLabel.get(i).getText().trim(): null

2018-05-21 14:21:40 - [TEST_STEP][PASSED] - Statement - println(storeLabel): null

2018-05-21 14:21:40 - [TEST_STEP][PASSED] - Statement - If (storeLabel.contains(storelabel)): null

2018-05-21 14:21:40 - [TEST_STEP][PASSED] - Statement - storeLabel = storesLabel.get(i).getText().trim(): null

2018-05-21 14:21:40 - [TEST_STEP][PASSED] - Statement - println(storeLabel): null

2018-05-21 14:21:40 - [TEST_STEP][PASSED] - Statement - If (storeLabel.contains(storelabel)): null

2018-05-21 14:21:40 - [TEST_STEP][PASSED] - Statement - storeLabel = storesLabel.get(i).getText().trim(): null

2018-05-21 14:21:40 - [TEST_STEP][PASSED] - Statement - println(storeLabel): null

2018-05-21 14:21:40 - [TEST_STEP][PASSED] - Statement - If (storeLabel.contains(storelabel)): null

2018-05-21 14:21:40 - [TEST_STEP][PASSED] - Statement - storeLabel = storesLabel.get(i).getText().trim(): null

2018-05-21 14:21:40 - [TEST_STEP][PASSED] - Statement - println(storeLabel): null

2018-05-21 14:21:40 - [TEST_STEP][PASSED] - Statement - If (storeLabel.contains(storelabel)): null

2018-05-21 14:21:40 - [TEST_STEP][PASSED] - Statement - storeLabel = storesLabel.get(i).getText().trim(): null

2018-05-21 14:21:40 - [TEST_STEP][PASSED] - Statement - println(storeLabel): null

2018-05-21 14:21:40 - [TEST_STEP][PASSED] - Statement - If (storeLabel.contains(storelabel)): null

2018-05-21 14:21:40 - [TEST_STEP][PASSED] - Statement - storeLabel = storesLabel.get(i).getText().trim(): null

2018-05-21 14:21:40 - [TEST_STEP][PASSED] - Statement - println(storeLabel): null

2018-05-21 14:21:40 - [TEST_STEP][PASSED] - Statement - If (storeLabel.contains(storelabel)): null

2018-05-21 14:21:40 - [TEST_STEP][PASSED] - Statement - storeLabel = storesLabel.get(i).getText().trim(): null

2018-05-21 14:21:40 - [TEST_STEP][PASSED] - Statement - println(storeLabel): null

2018-05-21 14:21:40 - [TEST_STEP][PASSED] - Statement - If (storeLabel.contains(storelabel)): null

2018-05-21 14:21:40 - [TEST_STEP][PASSED] - Statement - storeLabel = storesLabel.get(i).getText().trim(): null

2018-05-21 14:21:40 - [TEST_STEP][PASSED] - Statement - println(storeLabel): null

2018-05-21 14:21:40 - [TEST_STEP][PASSED] - Statement - If (storeLabel.contains(storelabel)): null

2018-05-21 14:21:40 - [TEST_STEP][PASSED] - Statement - storeLabel = storesLabel.get(i).getText().trim(): null

2018-05-21 14:21:40 - [TEST_STEP][PASSED] - Statement - println(storeLabel): null

2018-05-21 14:21:40 - [TEST_STEP][PASSED] - Statement - If (storeLabel.contains(storelabel)): null

2018-05-21 14:21:40 - [TEST_STEP][PASSED] - Statement - storeLabel = storesLabel.get(i).getText().trim(): null

2018-05-21 14:21:40 - [TEST_STEP][PASSED] - Statement - println(storeLabel): null

2018-05-21 14:21:40 - [TEST_STEP][PASSED] - Statement - If (storeLabel.contains(storelabel)): null

2018-05-21 14:21:40 - [TEST_STEP][PASSED] - Statement - storeLabel = storesLabel.get(i).getText().trim(): null

2018-05-21 14:21:40 - [TEST_STEP][PASSED] - Statement - println(storeLabel): null

2018-05-21 14:21:40 - [TEST_STEP][PASSED] - Statement - If (storeLabel.contains(storelabel)): null

2018-05-21 14:21:40 - [TEST_STEP][PASSED] - Statement - storeLabel = storesLabel.get(i).getText().trim(): null

2018-05-21 14:21:40 - [TEST_STEP][PASSED] - Statement - println(storeLabel): null

2018-05-21 14:21:40 - [TEST_STEP][PASSED] - Statement - If (storeLabel.contains(storelabel)): null

2018-05-21 14:21:40 - [TEST_STEP][PASSED] - Statement - storeLabel = storesLabel.get(i).getText().trim(): null

2018-05-21 14:21:40 - [TEST_STEP][PASSED] - Statement - println(storeLabel): null

2018-05-21 14:21:40 - [TEST_STEP][PASSED] - Statement - If (storeLabel.contains(storelabel)): null

2018-05-21 14:21:40 - [TEST_STEP][PASSED] - Statement - storeLabel = storesLabel.get(i).getText().trim(): null

2018-05-21 14:21:40 - [TEST_STEP][PASSED] - Statement - println(storeLabel): null

2018-05-21 14:21:40 - [TEST_STEP][PASSED] - Statement - If (storeLabel.contains(storelabel)): null

2018-05-21 14:21:40 - [TEST_STEP][PASSED] - Statement - storeLabel = storesLabel.get(i).getText().trim(): null

2018-05-21 14:21:40 - [TEST_STEP][PASSED] - Statement - println(storeLabel): null

2018-05-21 14:21:40 - [TEST_STEP][PASSED] - Statement - If (storeLabel.contains(storelabel)): null

2018-05-21 14:21:40 - [TEST_STEP][PASSED] - Statement - storeLabel = storesLabel.get(i).getText().trim(): null

2018-05-21 14:21:40 - [TEST_STEP][PASSED] - Statement - println(storeLabel): null

2018-05-21 14:21:40 - [TEST_STEP][PASSED] - Statement - If (storeLabel.contains(storelabel)): null

2018-05-21 14:21:40 - [TEST_STEP][PASSED] - Statement - storeLabel = storesLabel.get(i).getText().trim(): null

2018-05-21 14:21:40 - [TEST_STEP][PASSED] - Statement - println(storeLabel): null

2018-05-21 14:21:40 - [TEST_STEP][PASSED] - Statement - If (storeLabel.contains(storelabel)): null

2018-05-21 14:21:40 - [TEST_STEP][PASSED] - Statement - storeLabel = storesLabel.get(i).getText().trim(): null

2018-05-21 14:21:40 - [TEST_STEP][PASSED] - Statement - println(storeLabel): null

2018-05-21 14:21:40 - [TEST_STEP][PASSED] - Statement - If (storeLabel.contains(storelabel)): null

2018-05-21 14:21:40 - [TEST_STEP][PASSED] - Statement - storeLabel = storesLabel.get(i).getText().trim(): null

2018-05-21 14:21:40 - [TEST_STEP][PASSED] - Statement - println(storeLabel): null

2018-05-21 14:21:40 - [TEST_STEP][PASSED] - Statement - If (storeLabel.contains(storelabel)): null

2018-05-21 14:21:40 - [TEST_STEP][PASSED] - Statement - storeLabel = storesLabel.get(i).getText().trim(): null

2018-05-21 14:21:40 - [TEST_STEP][PASSED] - Statement - println(storeLabel): null

2018-05-21 14:21:40 - [TEST_STEP][PASSED] - Statement - If (storeLabel.contains(storelabel)): null

2018-05-21 14:21:40 - [TEST_STEP][PASSED] - Statement - storeLabel = storesLabel.get(i).getText().trim(): null

2018-05-21 14:21:40 - [TEST_STEP][PASSED] - Statement - println(storeLabel): null

2018-05-21 14:21:40 - [TEST_STEP][PASSED] - Statement - If (storeLabel.contains(storelabel)): null

2018-05-21 14:21:40 - [TEST_STEP][PASSED] - Statement - storeLabel = storesLabel.get(i).getText().trim(): null

2018-05-21 14:21:40 - [TEST_STEP][PASSED] - Statement - println(storeLabel): null

2018-05-21 14:21:40 - [TEST_STEP][PASSED] - Statement - If (storeLabel.contains(storelabel)): null

2018-05-21 14:21:40 - [TEST_STEP][PASSED] - Statement - storeLabel = storesLabel.get(i).getText().trim(): null

2018-05-21 14:21:40 - [TEST_STEP][PASSED] - Statement - println(storeLabel): null

2018-05-21 14:21:40 - [TEST_STEP][PASSED] - Statement - If (storeLabel.contains(storelabel)): null

2018-05-21 14:21:40 - [TEST_STEP][PASSED] - Statement - storeLabel = storesLabel.get(i).getText().trim(): null

2018-05-21 14:21:40 - [TEST_STEP][PASSED] - Statement - println(storeLabel): null

2018-05-21 14:21:40 - [TEST_STEP][PASSED] - Statement - If (storeLabel.contains(storelabel)): null

2018-05-21 14:21:40 - [TEST_STEP][PASSED] - Statement - storeLabel = storesLabel.get(i).getText().trim(): null

2018-05-21 14:21:41 - [TEST_STEP][PASSED] - Statement - println(storeLabel): null

2018-05-21 14:21:41 - [TEST_STEP][PASSED] - Statement - If (storeLabel.contains(storelabel)): null

2018-05-21 14:21:41 - [TEST_STEP][PASSED] - Statement - storeLabel = storesLabel.get(i).getText().trim(): null

2018-05-21 14:21:41 - [TEST_STEP][PASSED] - Statement - println(storeLabel): null

2018-05-21 14:21:41 - [TEST_STEP][PASSED] - Statement - If (storeLabel.contains(storelabel)): null

2018-05-21 14:21:41 - [TEST_STEP][PASSED] - Statement - storeLabel = storesLabel.get(i).getText().trim(): null

2018-05-21 14:21:41 - [TEST_STEP][PASSED] - Statement - println(storeLabel): null

2018-05-21 14:21:41 - [TEST_STEP][PASSED] - Statement - If (storeLabel.contains(storelabel)): null

2018-05-21 14:21:41 - [TEST_STEP][PASSED] - Statement - storeLabel = storesLabel.get(i).getText().trim(): null

2018-05-21 14:21:41 - [TEST_STEP][PASSED] - Statement - println(storeLabel): null

2018-05-21 14:21:41 - [TEST_STEP][PASSED] - Statement - If (storeLabel.contains(storelabel)): null

2018-05-21 14:21:41 - [TEST_STEP][PASSED] - Statement - storeLabel = storesLabel.get(i).getText().trim(): null

2018-05-21 14:21:41 - [TEST_STEP][PASSED] - Statement - println(storeLabel): null

2018-05-21 14:21:41 - [TEST_STEP][PASSED] - Statement - If (storeLabel.contains(storelabel)): null

2018-05-21 14:21:41 - [TEST_STEP][PASSED] - Statement - storeLabel = storesLabel.get(i).getText().trim(): null

2018-05-21 14:21:41 - [TEST_STEP][PASSED] - Statement - println(storeLabel): null

2018-05-21 14:21:41 - [TEST_STEP][PASSED] - Statement - If (storeLabel.contains(storelabel)): null

2018-05-21 14:21:41 - [TEST_STEP][PASSED] - Statement - storeLabel = storesLabel.get(i).getText().trim(): null

2018-05-21 14:21:41 - [TEST_STEP][PASSED] - Statement - println(storeLabel): null

2018-05-21 14:21:41 - [TEST_STEP][PASSED] - Statement - If (storeLabel.contains(storelabel)): null

2018-05-21 14:21:41 - [TEST_STEP][PASSED] - Statement - storeLabel = storesLabel.get(i).getText().trim(): null

2018-05-21 14:21:41 - [TEST_STEP][PASSED] - Statement - println(storeLabel): null

2018-05-21 14:21:41 - [TEST_STEP][PASSED] - Statement - If (storeLabel.contains(storelabel)): null

2018-05-21 14:21:41 - [TEST_STEP][PASSED] - Statement - storeLabel = storesLabel.get(i).getText().trim(): null

2018-05-21 14:21:41 - [TEST_STEP][PASSED] - Statement - println(storeLabel): null

2018-05-21 14:21:41 - [TEST_STEP][PASSED] - Statement - If (storeLabel.contains(storelabel)): null

2018-05-21 14:21:41 - [TEST_STEP][PASSED] - Statement - storeLabel = storesLabel.get(i).getText().trim(): null

2018-05-21 14:21:41 - [TEST_STEP][PASSED] - Statement - println(storeLabel): null

2018-05-21 14:21:41 - [TEST_STEP][PASSED] - Statement - If (storeLabel.contains(storelabel)): null

2018-05-21 14:21:41 - [TEST_STEP][PASSED] - delay: Delayed 10 second(s)

2018-05-21 14:21:51 - [MESSAGE][PASSED] - Delayed 10 second(s)

2018-05-21 14:21:51 - [TEST_STEP][PASSED] - uiaction.CommonUIActions.click: uiaction.CommonUIActions.click is PASSED

2018-05-21 14:21:51 - [MESSAGE][PASSED] - uiaction.CommonUIActions.click is PASSED

2018-05-21 14:21:51 - [TEST_STEP][PASSED] - uiaction.CommonUIActions.click: uiaction.CommonUIActions.click is PASSED

2018-05-21 14:21:51 - [MESSAGE][PASSED] - uiaction.CommonUIActions.click is PASSED

2018-05-21 14:21:51 - [TEST_STEP][PASSED] - delay: Delayed 10 second(s)

2018-05-21 14:22:01 - [MESSAGE][PASSED] - Delayed 10 second(s)

2018-05-21 14:22:01 - [TEST_STEP][PASSED] - uiaction.CommonUIActions.back: uiaction.CommonUIActions.back is PASSED

2018-05-21 14:22:01 - [MESSAGE][PASSED] - Navigate back successfully

2018-05-21 14:22:01 - [MESSAGE][PASSED] - uiaction.CommonUIActions.back is PASSED

2018-05-21 14:22:01 - [TEST_STEP][PASSED] - delay: Delayed 5 second(s)

2018-05-21 14:22:06 - [MESSAGE][PASSED] - Delayed 5 second(s)

2018-05-21 14:22:06 - [TEST_STEP][PASSED] - uiaction.CommonUIActions.back: uiaction.CommonUIActions.back is PASSED

2018-05-21 14:22:06 - [MESSAGE][PASSED] - Navigate back successfully

2018-05-21 14:22:06 - [MESSAGE][PASSED] - uiaction.CommonUIActions.back is PASSED

2018-05-21 14:22:06 - [TEST_STEP][PASSED] - delay: Delayed 10 second(s)

2018-05-21 14:22:16 - [MESSAGE][PASSED] - Delayed 10 second(s)

2018-05-21 14:22:16 - [TEST_STEP][PASSED] - uiaction.CommonUIActions.click: uiaction.CommonUIActions.click is PASSED

2018-05-21 14:22:16 - [MESSAGE][PASSED] - uiaction.CommonUIActions.click is PASSED

2018-05-21 14:22:16 - [TEST_STEP][PASSED] - delay: Delayed 10 second(s)

2018-05-21 14:22:26 - [MESSAGE][PASSED] - Delayed 10 second(s)

2018-05-21 14:22:26 - [TEST_STEP][PASSED] - Statement - driver.findElement(org.openqa.selenium.By.xpath("//li/span/span/div/span[@class='StoreTitile'][text()='" + grpName + "']/../../../../span[1]")).click(): null

2018-05-21 14:22:26 - [TEST_STEP][PASSED] - delay: Delayed 5 second(s)

2018-05-21 14:22:31 - [MESSAGE][PASSED] - Delayed 5 second(s)

2018-05-21 14:22:31 - [TEST_STEP][PASSED] - Statement - driver.findElement(org.openqa.selenium.By.xpath("//li/span/span/div/span[@class='StoreTitile'][text()='" + grpName + "']/../../../../span[2]")).click(): null

2018-05-21 14:22:31 - [TEST_STEP][PASSED] - Statement - timemeasureoptions = driver.findElements(org.openqa.selenium.By.xpath("//select[@class='time-measures']/option")): null

2018-05-21 14:22:31 - [TEST_STEP][PASSED] - Statement - timemeasureoption_excel = CustomKeywords.projectSpecific.Reusability.getTestData("ReportsPage", "timemeasureoptions"): projectSpecific.Reusability.getTestData is PASSED

2018-05-21 14:22:31 - [MESSAGE][PASSED] - projectSpecific.Reusability.getTestData is PASSED

2018-05-21 14:22:31 - [TEST_STEP][PASSED] - Statement - timemeasureoption_excelsplit = timemeasureoption_excel.split(","): null

2018-05-21 14:22:31 - [TEST_STEP][PASSED] - Statement - For ([i = 0, i < timemeasureoptions.size(), (i++)]): null

2018-05-21 14:22:31 - [TEST_STEP][PASSED] - Statement - If (timemeasureoptions.get(i).getText() == timemeasureoption_excelsplit[i]): null

2018-05-21 14:22:31 - [TEST_STEP][PASSED] - Statement - out.println("Options are displayed correctly "): null

2018-05-21 14:22:31 - [TEST_STEP][PASSED] - Statement - If (timemeasureoptions.get(i).getText() == timemeasureoption_excelsplit[i]): null

2018-05-21 14:22:31 - [TEST_STEP][PASSED] - Statement - out.println("Options are displayed correctly "): null

2018-05-21 14:22:31 - [TEST_STEP][PASSED] - Statement - If (timemeasureoptions.get(i).getText() == timemeasureoption_excelsplit[i]): null

2018-05-21 14:22:31 - [TEST_STEP][PASSED] - Statement - out.println("Options are displayed correctly "): null

2018-05-21 14:22:31 - [TEST_STEP][PASSED] - Statement - If (timemeasureoptions.get(i).getText() == timemeasureoption_excelsplit[i]): null

2018-05-21 14:22:32 - [TEST_STEP][PASSED] - Statement - out.println("Options are displayed correctly "): null

2018-05-21 14:22:32 - [TEST_STEP][PASSED] - uiaction.CommonUIActions.click: uiaction.CommonUIActions.click is PASSED

2018-05-21 14:22:32 - [MESSAGE][PASSED] - uiaction.CommonUIActions.click is PASSED

2018-05-21 14:22:32 - [TEST_STEP][PASSED] - uiaction.CommonUIActions.click: uiaction.CommonUIActions.click is PASSED

2018-05-21 14:22:32 - [MESSAGE][PASSED] - uiaction.CommonUIActions.click is PASSED

2018-05-21 14:22:32 - [TEST_STEP][PASSED] - delay: Delayed 5 second(s)

2018-05-21 14:22:37 - [MESSAGE][PASSED] - Delayed 5 second(s)

2018-05-21 14:22:37 - [TEST_STEP][PASSED] - click: Object: 'Object Repository/ReportsPage/fromDateSelector' is clicked on

2018-05-21 14:22:37 - [MESSAGE][PASSED] - Object: 'Object Repository/ReportsPage/fromDateSelector' is clicked on

2018-05-21 14:22:37 - [TEST_STEP][PASSED] - delay: Delayed 5 second(s)

2018-05-21 14:22:42 - [MESSAGE][PASSED] - Delayed 5 second(s)

2018-05-21 14:22:42 - [TEST_STEP][PASSED] - Statement - monthText = com.kms.katalon.core.webui.keyword.WebUiBuiltInKeywords.getText(com.kms.katalon.core.testobject.ObjectRepository.findTestObject(ReportsPage/monthText)): Text of object 'Object Repository/ReportsPage/monthText' is: 'May 2018'

2018-05-21 14:22:42 - [MESSAGE][PASSED] - Text of object 'Object Repository/ReportsPage/monthText' is: 'May 2018'

2018-05-21 14:22:42 - [TEST_STEP][PASSED] - Statement - monthTextArray = monthText.split(" "): null

2018-05-21 14:22:42 - [TEST_STEP][PASSED] - Statement - month = monthTextArray[0]: null

2018-05-21 14:22:42 - [TEST_STEP][PASSED] - Statement - monthTextValue = CustomKeywords.projectSpecific.Reusability.getTestData("ReportsPage", "Month_January"): projectSpecific.Reusability.getTestData is PASSED

2018-05-21 14:22:42 - [MESSAGE][PASSED] - projectSpecific.Reusability.getTestData is PASSED

2018-05-21 14:22:42 - [TEST_STEP][PASSED] - Statement - If (!(monthTextValue.equals(month))): null

2018-05-21 14:22:42 - [TEST_STEP][PASSED] - Statement - While (!(monthTextValue.equals(month))): null

2018-05-21 14:22:42 - [TEST_STEP][PASSED] - click: Object: 'Object Repository/ReportsPage/previousDateSelector' is clicked on

2018-05-21 14:22:42 - [MESSAGE][PASSED] - Object: 'Object Repository/ReportsPage/previousDateSelector' is clicked on

2018-05-21 14:22:42 - [TEST_STEP][PASSED] - Statement - monthText = com.kms.katalon.core.webui.keyword.WebUiBuiltInKeywords.getText(com.kms.katalon.core.testobject.ObjectRepository.findTestObject(ReportsPage/monthText)): Text of object 'Object Repository/ReportsPage/monthText' is: 'April 2018'

2018-05-21 14:22:42 - [MESSAGE][PASSED] - Text of object 'Object Repository/ReportsPage/monthText' is: 'April 2018'

2018-05-21 14:22:42 - [TEST_STEP][PASSED] - Statement - monthTextArray = monthText.split(" "): null

2018-05-21 14:22:42 - [TEST_STEP][PASSED] - Statement - month = monthTextArray[0]: null

2018-05-21 14:22:42 - [TEST_STEP][PASSED] - click: Object: 'Object Repository/ReportsPage/previousDateSelector' is clicked on

2018-05-21 14:22:42 - [MESSAGE][PASSED] - Object: 'Object Repository/ReportsPage/previousDateSelector' is clicked on

2018-05-21 14:22:42 - [TEST_STEP][PASSED] - Statement - monthText = com.kms.katalon.core.webui.keyword.WebUiBuiltInKeywords.getText(com.kms.katalon.core.testobject.ObjectRepository.findTestObject(ReportsPage/monthText)): Text of object 'Object Repository/ReportsPage/monthText' is: 'March 2018'

2018-05-21 14:22:42 - [MESSAGE][PASSED] - Text of object 'Object Repository/ReportsPage/monthText' is: 'March 2018'

2018-05-21 14:22:42 - [TEST_STEP][PASSED] - Statement - monthTextArray = monthText.split(" "): null

2018-05-21 14:22:42 - [TEST_STEP][PASSED] - Statement - month = monthTextArray[0]: null

2018-05-21 14:22:42 - [TEST_STEP][PASSED] - click: Object: 'Object Repository/ReportsPage/previousDateSelector' is clicked on

2018-05-21 14:22:42 - [MESSAGE][PASSED] - Object: 'Object Repository/ReportsPage/previousDateSelector' is clicked on

2018-05-21 14:22:42 - [TEST_STEP][PASSED] - Statement - monthText = com.kms.katalon.core.webui.keyword.WebUiBuiltInKeywords.getText(com.kms.katalon.core.testobject.ObjectRepository.findTestObject(ReportsPage/monthText)): Text of object 'Object Repository/ReportsPage/monthText' is: 'February 2018'

2018-05-21 14:22:42 - [MESSAGE][PASSED] - Text of object 'Object Repository/ReportsPage/monthText' is: 'February 2018'

2018-05-21 14:22:42 - [TEST_STEP][PASSED] - Statement - monthTextArray = monthText.split(" "): null

2018-05-21 14:22:42 - [TEST_STEP][PASSED] - Statement - month = monthTextArray[0]: null

2018-05-21 14:22:42 - [TEST_STEP][PASSED] - click: Object: 'Object Repository/ReportsPage/previousDateSelector' is clicked on

2018-05-21 14:22:42 - [MESSAGE][PASSED] - Object: 'Object Repository/ReportsPage/previousDateSelector' is clicked on

2018-05-21 14:22:42 - [TEST_STEP][PASSED] - Statement - monthText = com.kms.katalon.core.webui.keyword.WebUiBuiltInKeywords.getText(com.kms.katalon.core.testobject.ObjectRepository.findTestObject(ReportsPage/monthText)): Text of object 'Object Repository/ReportsPage/monthText' is: 'January 2018'

2018-05-21 14:22:42 - [MESSAGE][PASSED] - Text of object 'Object Repository/ReportsPage/monthText' is: 'January 2018'

2018-05-21 14:22:42 - [TEST_STEP][PASSED] - Statement - monthTextArray = monthText.split(" "): null

2018-05-21 14:22:42 - [TEST_STEP][PASSED] - Statement - month = monthTextArray[0]: null

2018-05-21 14:22:42 - [TEST_STEP][PASSED] - Statement - data = CustomKeywords.projectSpecific.Reusability.getTestData("ReportsPage", "January_StartDate"): projectSpecific.Reusability.getTestData is PASSED

2018-05-21 14:22:42 - [MESSAGE][PASSED] - projectSpecific.Reusability.getTestData is PASSED

2018-05-21 14:22:42 - [TEST_STEP][PASSED] - Statement - startDate = "(//div[@class='rdtPicker']/div/table/tbody/tr/td[text()='" + data + "'])[1]": null

2018-05-21 14:22:42 - [TEST_STEP][PASSED] - Statement - println(startDate): null

2018-05-21 14:22:42 - [TEST_STEP][PASSED] - Statement - startdateEle = driver.findElement(org.openqa.selenium.By.xpath(startDate)): null

2018-05-21 14:22:42 - [TEST_STEP][PASSED] - Statement - startdateEle.click(): null

2018-05-21 14:22:42 - [TEST_STEP][PASSED] - delay: Delayed 5 second(s)

2018-05-21 14:22:47 - [MESSAGE][PASSED] - Delayed 5 second(s)

2018-05-21 14:22:47 - [TEST_STEP][PASSED] - click: Object: 'Object Repository/ReportsPage/toDateSelector' is clicked on

2018-05-21 14:22:47 - [MESSAGE][PASSED] - Object: 'Object Repository/ReportsPage/toDateSelector' is clicked on

2018-05-21 14:22:47 - [TEST_STEP][PASSED] - Statement - monthText = com.kms.katalon.core.webui.keyword.WebUiBuiltInKeywords.getText(com.kms.katalon.core.testobject.ObjectRepository.findTestObject(ReportsPage/monthText2)): Text of object 'Object Repository/ReportsPage/monthText2' is: 'May 2018'

2018-05-21 14:22:47 - [MESSAGE][PASSED] - Text of object 'Object Repository/ReportsPage/monthText2' is: 'May 2018'

2018-05-21 14:22:47 - [TEST_STEP][PASSED] - Statement - monthTextArray = monthText.split(" "): null

2018-05-21 14:22:47 - [TEST_STEP][PASSED] - Statement - month = monthTextArray[0]: null

2018-05-21 14:22:47 - [TEST_STEP][PASSED] - Statement - monthTextValue1 = CustomKeywords.projectSpecific.Reusability.getTestData("ReportsPage", "Month_January"): projectSpecific.Reusability.getTestData is PASSED

2018-05-21 14:22:47 - [MESSAGE][PASSED] - projectSpecific.Reusability.getTestData is PASSED

2018-05-21 14:22:47 - [TEST_STEP][PASSED] - Statement - If (!(monthTextValue1.equals(month))): null

2018-05-21 14:22:47 - [TEST_STEP][PASSED] - Statement - While (!(monthTextValue1.equals(month))): null

2018-05-21 14:22:47 - [TEST_STEP][PASSED] - click: Object: 'Object Repository/ReportsPage/previousDateSelector2' is clicked on

2018-05-21 14:22:47 - [MESSAGE][PASSED] - Object: 'Object Repository/ReportsPage/previousDateSelector2' is clicked on

2018-05-21 14:22:47 - [TEST_STEP][PASSED] - Statement - monthText = com.kms.katalon.core.webui.keyword.WebUiBuiltInKeywords.getText(com.kms.katalon.core.testobject.ObjectRepository.findTestObject(ReportsPage/monthText2)): Text of object 'Object Repository/ReportsPage/monthText2' is: 'April 2018'

2018-05-21 14:22:47 - [MESSAGE][PASSED] - Text of object 'Object Repository/ReportsPage/monthText2' is: 'April 2018'

2018-05-21 14:22:47 - [TEST_STEP][PASSED] - Statement - monthTextArray = monthText.split(" "): null

2018-05-21 14:22:47 - [TEST_STEP][PASSED] - Statement - month = monthTextArray[0]: null

2018-05-21 14:22:47 - [TEST_STEP][PASSED] - click: Object: 'Object Repository/ReportsPage/previousDateSelector2' is clicked on

2018-05-21 14:22:47 - [MESSAGE][PASSED] - Object: 'Object Repository/ReportsPage/previousDateSelector2' is clicked on

2018-05-21 14:22:47 - [TEST_STEP][PASSED] - Statement - monthText = com.kms.katalon.core.webui.keyword.WebUiBuiltInKeywords.getText(com.kms.katalon.core.testobject.ObjectRepository.findTestObject(ReportsPage/monthText2)): Text of object 'Object Repository/ReportsPage/monthText2' is: 'March 2018'

2018-05-21 14:22:47 - [MESSAGE][PASSED] - Text of object 'Object Repository/ReportsPage/monthText2' is: 'March 2018'

2018-05-21 14:22:47 - [TEST_STEP][PASSED] - Statement - monthTextArray = monthText.split(" "): null

2018-05-21 14:22:47 - [TEST_STEP][PASSED] - Statement - month = monthTextArray[0]: null

2018-05-21 14:22:47 - [TEST_STEP][PASSED] - click: Object: 'Object Repository/ReportsPage/previousDateSelector2' is clicked on

2018-05-21 14:22:47 - [MESSAGE][PASSED] - Object: 'Object Repository/ReportsPage/previousDateSelector2' is clicked on

2018-05-21 14:22:47 - [TEST_STEP][PASSED] - Statement - monthText = com.kms.katalon.core.webui.keyword.WebUiBuiltInKeywords.getText(com.kms.katalon.core.testobject.ObjectRepository.findTestObject(ReportsPage/monthText2)): Text of object 'Object Repository/ReportsPage/monthText2' is: 'February 2018'

2018-05-21 14:22:47 - [MESSAGE][PASSED] - Text of object 'Object Repository/ReportsPage/monthText2' is: 'February 2018'

2018-05-21 14:22:47 - [TEST_STEP][PASSED] - Statement - monthTextArray = monthText.split(" "): null

2018-05-21 14:22:47 - [TEST_STEP][PASSED] - Statement - month = monthTextArray[0]: null

2018-05-21 14:22:47 - [TEST_STEP][PASSED] - click: Object: 'Object Repository/ReportsPage/previousDateSelector2' is clicked on

2018-05-21 14:22:47 - [MESSAGE][PASSED] - Object: 'Object Repository/ReportsPage/previousDateSelector2' is clicked on

2018-05-21 14:22:47 - [TEST_STEP][PASSED] - Statement - monthText = com.kms.katalon.core.webui.keyword.WebUiBuiltInKeywords.getText(com.kms.katalon.core.testobject.ObjectRepository.findTestObject(ReportsPage/monthText2)): Text of object 'Object Repository/ReportsPage/monthText2' is: 'January 2018'

2018-05-21 14:22:47 - [MESSAGE][PASSED] - Text of object 'Object Repository/ReportsPage/monthText2' is: 'January 2018'

2018-05-21 14:22:47 - [TEST_STEP][PASSED] - Statement - monthTextArray = monthText.split(" "): null

2018-05-21 14:22:47 - [TEST_STEP][PASSED] - Statement - month = monthTextArray[0]: null

2018-05-21 14:22:47 - [TEST_STEP][PASSED] - Statement - endDate = CustomKeywords.projectSpecific.Reusability.getTestData("ReportsPage", "January_EndDate2"): projectSpecific.Reusability.getTestData is PASSED

2018-05-21 14:22:47 - [MESSAGE][PASSED] - projectSpecific.Reusability.getTestData is PASSED

2018-05-21 14:22:47 - [TEST_STEP][PASSED] - Statement - toDate = "(//div[@class='rdt date-time rdtOpen']/div[@class='rdtPicker']/div/table/tbody/tr/td[text()='" + endDate + "'])[1]": null

2018-05-21 14:22:47 - [TEST_STEP][PASSED] - Statement - println(toDate): null

2018-05-21 14:22:47 - [TEST_STEP][PASSED] - Statement - toDateEle = driver.findElement(org.openqa.selenium.By.xpath(toDate)): null

2018-05-21 14:22:47 - [TEST_STEP][PASSED] - Statement - toDateEle.click(): null

2018-05-21 14:22:48 - [TEST_STEP][PASSED] - delay: Delayed 5 second(s)

2018-05-21 14:22:53 - [MESSAGE][PASSED] - Delayed 5 second(s)

2018-05-21 14:22:53 - [TEST_STEP][PASSED] - Statement - dateAttr = com.kms.katalon.core.webui.keyword.WebUiBuiltInKeywords.getAttribute(com.kms.katalon.core.testobject.ObjectRepository.findTestObject(ReportsPage/selectedDate1), "value"): Attribute 'value' of object 'Object Repository/ReportsPage/selectedDate1' is: '01/01/2018'

2018-05-21 14:22:53 - [MESSAGE][PASSED] - Attribute 'value' of object 'Object Repository/ReportsPage/selectedDate1' is: '01/01/2018'

2018-05-21 14:22:53 - [TEST_STEP][PASSED] - Statement - fromDateValue = CustomKeywords.projectSpecific.Reusability.getTestData("ReportsPage", "fromDate_January1"): projectSpecific.Reusability.getTestData is PASSED

2018-05-21 14:22:53 - [MESSAGE][PASSED] - projectSpecific.Reusability.getTestData is PASSED

2018-05-21 14:22:53 - [TEST_STEP][PASSED] - Statement - If (!(dateAttr.equals(fromDateValue))): null

2018-05-21 14:22:53 - [TEST_STEP][PASSED] - Statement - dateAttr = com.kms.katalon.core.webui.keyword.WebUiBuiltInKeywords.getAttribute(com.kms.katalon.core.testobject.ObjectRepository.findTestObject(ReportsPage/selectedDate2), "value"): Attribute 'value' of object 'Object Repository/ReportsPage/selectedDate2' is: '01/02/2018'

2018-05-21 14:22:53 - [MESSAGE][PASSED] - Attribute 'value' of object 'Object Repository/ReportsPage/selectedDate2' is: '01/02/2018'

2018-05-21 14:22:53 - [TEST_STEP][PASSED] - Statement - toDateValue = CustomKeywords.projectSpecific.Reusability.getTestData("ReportsPage", "toDate_January1"): projectSpecific.Reusability.getTestData is PASSED

2018-05-21 14:22:53 - [MESSAGE][PASSED] - projectSpecific.Reusability.getTestData is PASSED

2018-05-21 14:22:53 - [TEST_STEP][PASSED] - Statement - If (!(dateAttr.equals(toDateValue))): null

2018-05-21 14:22:53 - [TEST_STEP][PASSED] - delay: Delayed 10 second(s)

2018-05-21 14:23:03 - [MESSAGE][PASSED] - Delayed 10 second(s)

2018-05-21 14:23:03 - [TEST_STEP][PASSED] - verifyElementPresent: Object 'Object Repository/ReportsPage/longestTimeOption' is present

2018-05-21 14:23:03 - [MESSAGE][PASSED] - Object 'Object Repository/ReportsPage/longestTimeOption' is present

2018-05-21 14:23:03 - [TEST_STEP][PASSED] - verifyElementPresent: Object 'Object Repository/ReportsPage/systemStatisticsOption' is present

2018-05-21 14:23:03 - [MESSAGE][PASSED] - Object 'Object Repository/ReportsPage/systemStatisticsOption' is present

2018-05-21 14:23:03 - [TEST_STEP][PASSED] - uiaction.CommonUIActions.click: uiaction.CommonUIActions.click is PASSED

2018-05-21 14:23:03 - [MESSAGE][PASSED] - uiaction.CommonUIActions.click is PASSED

2018-05-21 14:23:03 - [TEST_STEP][PASSED] - delay: Delayed 5 second(s)

2018-05-21 14:23:08 - [MESSAGE][PASSED] - Delayed 5 second(s)

2018-05-21 14:23:08 - [TEST_STEP][PASSED] - click: Object: 'Object Repository/ReportsPage/generateReport' is clicked on

2018-05-21 14:23:08 - [MESSAGE][PASSED] - Object: 'Object Repository/ReportsPage/generateReport' is clicked on

2018-05-21 14:23:08 - [TEST_STEP][PASSED] - delay: Delayed 15 second(s)

2018-05-21 14:23:23 - [MESSAGE][PASSED] - Delayed 15 second(s)

2018-05-21 14:23:23 - [TEST_STEP][PASSED] - Statement - goalStatisticsList = driver.findElements(org.openqa.selenium.By.xpath(com.kms.katalon.core.testdata.TestDataFactory.findTestData(OR_file).getValue(2, 17))): Reading excel file with source file 'C:\Users\shalinin\Katalon Studio\HME_Scripts\Data Files\HME_OR.xlsx' and sheet name 'Sheet1'

2018-05-21 14:23:23 - [TEST_STEP][PASSED] - Statement - groupSize = goalStatisticsList.size(): null

2018-05-21 14:23:23 - [TEST_STEP][PASSED] - Statement - actualgroupList = new java.util.ArrayList(): null

2018-05-21 14:23:23 - [TEST_STEP][PASSED] - Statement - For ([i = 0, i < groupSize, (i++)]): null

2018-05-21 14:23:23 - [TEST_STEP][PASSED] - Statement - goalStatisticsdata = CustomKeywords.projectSpecific.Reusability.getTestData("ReportsPage", "goalStatisticsData"): projectSpecific.Reusability.getTestData is PASSED

2018-05-21 14:23:23 - [MESSAGE][PASSED] - projectSpecific.Reusability.getTestData is PASSED

2018-05-21 14:23:23 - [TEST_STEP][PASSED] - Statement - goalStatisticsdataArray = goalStatisticsdata.split(","): null

2018-05-21 14:23:23 - [TEST_STEP][PASSED] - Statement - goalStatisticsdataList = new java.util.ArrayList(java.util.Arrays.asList(goalStatisticsdataArray)): null

2018-05-21 14:23:23 - [TEST_STEP][PASSED] - Statement - goalStatisticsdataList.unique(): null

2018-05-21 14:23:23 - [TEST_STEP][PASSED] - Statement - out.println(goalStatisticsdataList): null

2018-05-21 14:23:23 - [TEST_STEP][PASSED] - Statement - matchFound = true: null

2018-05-21 14:23:23 - [TEST_STEP][PASSED] - Statement - For ([j = 0, j < actualgroupList.size(), (j++)]): null

2018-05-21 14:23:23 - [TEST_STEP][PASSED] - Statement - If (matchFound): null

2018-05-21 14:23:23 - [TEST_STEP][PASSED] - Statement - out.println("GoalStatistics Columns are verified"): null

2018-05-21 14:23:23 - [TEST_STEP][PASSED] - delay: Delayed 10 second(s)

2018-05-21 14:23:33 - [MESSAGE][PASSED] - Delayed 10 second(s)

2018-05-21 14:23:33 - [TEST_STEP][PASSED] - uiaction.CommonUIActions.click: uiaction.CommonUIActions.click is PASSED

2018-05-21 14:23:36 - [MESSAGE][PASSED] - uiaction.CommonUIActions.click is PASSED

2018-05-21 14:23:36 - [TEST_STEP][PASSED] - uiaction.CommonUIActions.click: uiaction.CommonUIActions.click is PASSED

2018-05-21 14:23:49 - [MESSAGE][PASSED] - uiaction.CommonUIActions.click is PASSED

2018-05-21 14:23:49 - [TEST_STEP][PASSED] - uiaction.CommonUIActions.click: uiaction.CommonUIActions.click is PASSED

2018-05-21 14:23:50 - [MESSAGE][PASSED] - uiaction.CommonUIActions.click is PASSED

2018-05-21 14:23:50 - [TEST_STEP][PASSED] - delay: Delayed 10 second(s)

2018-05-21 14:24:00 - [MESSAGE][PASSED] - Delayed 10 second(s)

2018-05-21 14:24:00 - [TEST_STEP][PASSED] - delay: Delayed 10 second(s)

2018-05-21 14:24:10 - [MESSAGE][PASSED] - Delayed 10 second(s)

2018-05-21 14:24:10 - [TEST_STEP][PASSED] - Statement - groupLink = "//span[text()='" + grpName + "']": null

2018-05-21 14:24:10 - [TEST_STEP][PASSED] - Statement - driver.findElement(org.openqa.selenium.By.xpath(groupLink)).click(): null

2018-05-21 14:24:10 - [TEST_STEP][PASSED] - delay: Delayed 10 second(s)

2018-05-21 14:24:20 - [MESSAGE][PASSED] - Delayed 10 second(s)

2018-05-21 14:24:20 - [TEST_STEP][PASSED] - uiaction.CommonUIActions.click: uiaction.CommonUIActions.click is PASSED

2018-05-21 14:24:20 - [MESSAGE][PASSED] - uiaction.CommonUIActions.click is PASSED

2018-05-21 14:24:20 - [TEST_STEP][PASSED] - delay: Delayed 10 second(s)

2018-05-21 14:24:30 - [MESSAGE][PASSED] - Delayed 10 second(s)

2018-05-21 14:24:30 - [TEST_STEP][PASSED] - uiaction.CommonUIActions.click: uiaction.CommonUIActions.click is PASSED

2018-05-21 14:24:30 - [MESSAGE][PASSED] - uiaction.CommonUIActions.click is PASSED

2018-05-21 14:24:30 - [TEST_STEP][PASSED] - Statement - assert TCflag == true: null

2018-05-21 14:24:30 - [TEST_STEP][PASSED] - Start listener action : sampleAfterTestCase: Browser is closed

2018-05-21 14:24:30 - [TEST_STEP][PASSED] - Statement - println(testCaseContext.getTestCaseId()): null

2018-05-21 14:24:30 - [TEST_STEP][PASSED] - Statement - println(testCaseContext.getTestCaseStatus()): null

2018-05-21 14:24:30 - [TEST_STEP][PASSED] - closeBrowser: Browser is closed

2018-05-21 14:24:30 - [MESSAGE][PASSED] - Browser is closed]]></system-out>
         <system-err><![CDATA[]]></system-err>
      </testcase>
      <testcase name="Test Cases/GoalStatisticsTC/HME-Goal Statistics Report-9" classname="Test Cases/GoalStatisticsTC/HME-Goal Statistics Report-9" status="PASSED">
         <system-out><![CDATA[2018-05-21 14:24:30 - [TEST_CASE][PASSED] - Test Cases/GoalStatisticsTC/HME-Goal Statistics Report-9: Browser is closed

2018-05-21 14:24:30 - [TEST_STEP][PASSED] - Start listener action : sampleBeforeTestCase: uiaction.CommonUIActions.deleteAllCookies is PASSED

2018-05-21 14:24:30 - [TEST_STEP][PASSED] - openBrowser: Browser is opened with url: ''

2018-05-21 14:24:33 - [MESSAGE][PASSED] - Browser is opened with url: ''

2018-05-21 14:24:33 - [TEST_STEP][PASSED] - maximizeWindow: Current window maximized

2018-05-21 14:24:34 - [MESSAGE][PASSED] - Current window maximized

2018-05-21 14:24:34 - [TEST_STEP][PASSED] - uiaction.CommonUIActions.deleteAllCookies: uiaction.CommonUIActions.deleteAllCookies is PASSED

2018-05-21 14:24:34 - [MESSAGE][PASSED] - Delete all cookies successfully

2018-05-21 14:24:34 - [MESSAGE][PASSED] - uiaction.CommonUIActions.deleteAllCookies is PASSED

2018-05-21 14:24:34 - [TEST_STEP][PASSED] - Statement - TCflag = true: null

2018-05-21 14:24:34 - [TEST_STEP][PASSED] - Statement - Try: uiaction.CommonUIActions.click is PASSED

2018-05-21 14:24:34 - [TEST_STEP][PASSED] - navigateToUrl: Navigate to 'https://hme-dev-public-cloud-app.azurewebsites.net/' successfully

2018-05-21 14:24:37 - [MESSAGE][PASSED] - Navigate to 'https://hme-dev-public-cloud-app.azurewebsites.net/' successfully

2018-05-21 14:24:37 - [TEST_STEP][PASSED] - projectSpecific.Reusability.login: projectSpecific.Reusability.login is PASSED

2018-05-21 14:24:37 - [MESSAGE][PASSED] - projectSpecific.Reusability.getTestData is PASSED

2018-05-21 14:24:37 - [MESSAGE][PASSED] - projectSpecific.Reusability.getTestData is PASSED

2018-05-21 14:24:37 - [MESSAGE][PASSED] - Text 'selvendrank@nousinfo.com' is set on object 'Object Repository/LoginPage/Username'

2018-05-21 14:24:37 - [MESSAGE][PASSED] - Text 'nous;123' is set on object 'Object Repository/LoginPage/Password'

2018-05-21 14:24:37 - [MESSAGE][PASSED] - Object: 'Object Repository/LoginPage/Login' is clicked on

2018-05-21 14:24:37 - [MESSAGE][PASSED] - projectSpecific.Reusability.login is PASSED

2018-05-21 14:24:37 - [TEST_STEP][PASSED] - delay: Delayed 10 second(s)

2018-05-21 14:24:47 - [MESSAGE][PASSED] - Delayed 10 second(s)

2018-05-21 14:24:47 - [TEST_STEP][PASSED] - uiaction.CommonUIActions.click: uiaction.CommonUIActions.click is PASSED

2018-05-21 14:25:11 - [MESSAGE][PASSED] - uiaction.CommonUIActions.click is PASSED

2018-05-21 14:25:11 - [TEST_STEP][PASSED] - uiaction.CommonUIActions.click: uiaction.CommonUIActions.click is PASSED

2018-05-21 14:25:13 - [MESSAGE][PASSED] - uiaction.CommonUIActions.click is PASSED

2018-05-21 14:25:13 - [TEST_STEP][PASSED] - Statement - storelabel = com.kms.katalon.core.webui.keyword.WebUiBuiltInKeywords.getAttribute(com.kms.katalon.core.testobject.ObjectRepository.findTestObject(StorePage/storeName), "value"): Attribute 'value' of object 'Object Repository/StorePage/storeName' is: 'McDonald3'

2018-05-21 14:25:13 - [MESSAGE][PASSED] - Attribute 'value' of object 'Object Repository/StorePage/storeName' is: 'McDonald3'

2018-05-21 14:25:13 - [TEST_STEP][PASSED] - Statement - storelabel = storelabel.trim(): null

2018-05-21 14:25:13 - [TEST_STEP][PASSED] - Statement - out.println(" the storename is--" + storelabel.trim()): null

2018-05-21 14:25:13 - [TEST_STEP][PASSED] - delay: Delayed 5 second(s)

2018-05-21 14:25:18 - [MESSAGE][PASSED] - Delayed 5 second(s)

2018-05-21 14:25:18 - [TEST_STEP][PASSED] - uiaction.CommonUIActions.click: uiaction.CommonUIActions.click is PASSED

2018-05-21 14:25:18 - [MESSAGE][PASSED] - uiaction.CommonUIActions.click is PASSED

2018-05-21 14:25:18 - [TEST_STEP][PASSED] - uiaction.CommonUIActions.click: uiaction.CommonUIActions.click is PASSED

2018-05-21 14:25:24 - [MESSAGE][PASSED] - uiaction.CommonUIActions.click is PASSED

2018-05-21 14:25:24 - [TEST_STEP][PASSED] - Statement - storenumber = CustomKeywords.uiaction.CommonUIActions.getText(com.kms.katalon.core.testobject.ObjectRepository.findTestObject(StorePage/storeID)): uiaction.CommonUIActions.getText is PASSED

2018-05-21 14:25:24 - [MESSAGE][PASSED] - uiaction.CommonUIActions.getText is PASSED

2018-05-21 14:25:24 - [TEST_STEP][PASSED] - Statement - out.println(" the store number is--" + storenumber.trim()): null

2018-05-21 14:25:24 - [TEST_STEP][PASSED] - uiaction.CommonUIActions.click: uiaction.CommonUIActions.click is PASSED

2018-05-21 14:25:25 - [MESSAGE][PASSED] - uiaction.CommonUIActions.click is PASSED

2018-05-21 14:25:25 - [TEST_STEP][PASSED] - verifyElementPresent: Object 'Object Repository/SummarizedReportPage/SummaryReportheader' is present

2018-05-21 14:25:25 - [MESSAGE][PASSED] - Object 'Object Repository/SummarizedReportPage/SummaryReportheader' is present

2018-05-21 14:25:25 - [TEST_STEP][PASSED] - Statement - println("Summary Reports screen will be displayed"): null

2018-05-21 14:25:25 - [TEST_STEP][PASSED] - uiaction.CommonUIActions.click: uiaction.CommonUIActions.click is PASSED

2018-05-21 14:25:29 - [MESSAGE][PASSED] - uiaction.CommonUIActions.click is PASSED

2018-05-21 14:25:29 - [TEST_STEP][PASSED] - uiaction.CommonUIActions.click: uiaction.CommonUIActions.click is PASSED

2018-05-21 14:25:42 - [MESSAGE][PASSED] - uiaction.CommonUIActions.click is PASSED

2018-05-21 14:25:42 - [TEST_STEP][PASSED] - uiaction.CommonUIActions.click: uiaction.CommonUIActions.click is PASSED

2018-05-21 14:25:44 - [MESSAGE][PASSED] - uiaction.CommonUIActions.click is PASSED

2018-05-21 14:25:44 - [TEST_STEP][PASSED] - uiaction.CommonUIActions.click: uiaction.CommonUIActions.click is PASSED

2018-05-21 14:25:44 - [MESSAGE][PASSED] - uiaction.CommonUIActions.click is PASSED

2018-05-21 14:25:44 - [TEST_STEP][PASSED] - uiaction.CommonUIActions.enter: uiaction.CommonUIActions.enter is PASSED

2018-05-21 14:25:44 - [MESSAGE][PASSED] - projectSpecific.Reusability.getTestData is PASSED

2018-05-21 14:25:44 - [MESSAGE][PASSED] - uiaction.CommonUIActions.enter is PASSED

2018-05-21 14:25:44 - [TEST_STEP][PASSED] - uiaction.CommonUIActions.enter: uiaction.CommonUIActions.enter is PASSED

2018-05-21 14:25:44 - [MESSAGE][PASSED] - projectSpecific.Reusability.getTestData is PASSED

2018-05-21 14:25:44 - [MESSAGE][PASSED] - uiaction.CommonUIActions.enter is PASSED

2018-05-21 14:25:44 - [TEST_STEP][PASSED] - Statement - groupmain = CustomKeywords.projectSpecific.Reusability.getTestData("ReportingGroupManagementPage", "Summarygrp"): projectSpecific.Reusability.getTestData is PASSED

2018-05-21 14:25:44 - [MESSAGE][PASSED] - projectSpecific.Reusability.getTestData is PASSED

2018-05-21 14:25:44 - [TEST_STEP][PASSED] - delay: Delayed 10 second(s)

2018-05-21 14:25:54 - [MESSAGE][PASSED] - Delayed 10 second(s)

2018-05-21 14:25:54 - [TEST_STEP][PASSED] - Statement - driver = com.kms.katalon.core.webui.driver.DriverFactory.getWebDriver(): null

2018-05-21 14:25:54 - [TEST_STEP][PASSED] - Statement - grouplist = driver.findElements(org.openqa.selenium.By.xpath("//ul[@class='unlinked-grouplist']/li")): null

2018-05-21 14:25:54 - [TEST_STEP][PASSED] - delay: Delayed 10 second(s)

2018-05-21 14:26:04 - [MESSAGE][PASSED] - Delayed 10 second(s)

2018-05-21 14:26:04 - [TEST_STEP][PASSED] - Statement - For ([i = 0, i < grouplist.size(), (i++)]): null

2018-05-21 14:26:04 - [TEST_STEP][PASSED] - Statement - println(grouplist.get(i).getText()): null

2018-05-21 14:26:04 - [TEST_STEP][PASSED] - Statement - If (grouplist.get(i).getText().contains(storelabel.trim())): null

2018-05-21 14:26:04 - [TEST_STEP][PASSED] - Statement - println(grouplist.get(i).getText()): null

2018-05-21 14:26:05 - [TEST_STEP][PASSED] - Statement - If (grouplist.get(i).getText().contains(storelabel.trim())): null

2018-05-21 14:26:05 - [TEST_STEP][PASSED] - Statement - println(grouplist.get(i).getText()): null

2018-05-21 14:26:05 - [TEST_STEP][PASSED] - Statement - If (grouplist.get(i).getText().contains(storelabel.trim())): null

2018-05-21 14:26:05 - [TEST_STEP][PASSED] - Statement - println(grouplist.get(i).getText()): null

2018-05-21 14:26:05 - [TEST_STEP][PASSED] - Statement - If (grouplist.get(i).getText().contains(storelabel.trim())): null

2018-05-21 14:26:05 - [TEST_STEP][PASSED] - Statement - println(grouplist.get(i).getText()): null

2018-05-21 14:26:05 - [TEST_STEP][PASSED] - Statement - If (grouplist.get(i).getText().contains(storelabel.trim())): null

2018-05-21 14:26:05 - [TEST_STEP][PASSED] - Statement - println(grouplist.get(i).getText()): null

2018-05-21 14:26:05 - [TEST_STEP][PASSED] - Statement - If (grouplist.get(i).getText().contains(storelabel.trim())): null

2018-05-21 14:26:05 - [TEST_STEP][PASSED] - Statement - println(grouplist.get(i).getText()): null

2018-05-21 14:26:05 - [TEST_STEP][PASSED] - Statement - If (grouplist.get(i).getText().contains(storelabel.trim())): null

2018-05-21 14:26:05 - [TEST_STEP][PASSED] - Statement - println(grouplist.get(i).getText()): null

2018-05-21 14:26:05 - [TEST_STEP][PASSED] - Statement - If (grouplist.get(i).getText().contains(storelabel.trim())): null

2018-05-21 14:26:05 - [TEST_STEP][PASSED] - Statement - println(grouplist.get(i).getText()): null

2018-05-21 14:26:05 - [TEST_STEP][PASSED] - Statement - If (grouplist.get(i).getText().contains(storelabel.trim())): null

2018-05-21 14:26:05 - [TEST_STEP][PASSED] - Statement - println(grouplist.get(i).getText()): null

2018-05-21 14:26:05 - [TEST_STEP][PASSED] - Statement - If (grouplist.get(i).getText().contains(storelabel.trim())): null

2018-05-21 14:26:05 - [TEST_STEP][PASSED] - Statement - println(grouplist.get(i).getText()): null

2018-05-21 14:26:05 - [TEST_STEP][PASSED] - Statement - If (grouplist.get(i).getText().contains(storelabel.trim())): null

2018-05-21 14:26:05 - [TEST_STEP][PASSED] - Statement - println(grouplist.get(i).getText()): null

2018-05-21 14:26:05 - [TEST_STEP][PASSED] - Statement - If (grouplist.get(i).getText().contains(storelabel.trim())): null

2018-05-21 14:26:05 - [TEST_STEP][PASSED] - Statement - driver.findElement(org.openqa.selenium.By.xpath("(//ul[@class='unlinked-grouplist']/li/label)[" + i + 1 + "]")).click(): null

2018-05-21 14:26:05 - [TEST_STEP][PASSED] - Statement - driver.findElement(org.openqa.selenium.By.xpath("//button[contains(text(),'>')]")).click(): null

2018-05-21 14:26:05 - [TEST_STEP][PASSED] - Statement - Break: null

2018-05-21 14:26:05 - [TEST_STEP][PASSED] - delay: Delayed 10 second(s)

2018-05-21 14:26:15 - [MESSAGE][PASSED] - Delayed 10 second(s)

2018-05-21 14:26:15 - [TEST_STEP][PASSED] - uiaction.CommonUIActions.click: uiaction.CommonUIActions.click is PASSED

2018-05-21 14:26:15 - [MESSAGE][PASSED] - uiaction.CommonUIActions.click is PASSED

2018-05-21 14:26:15 - [TEST_STEP][PASSED] - uiaction.CommonUIActions.click: uiaction.CommonUIActions.click is PASSED

2018-05-21 14:26:15 - [MESSAGE][PASSED] - uiaction.CommonUIActions.click is PASSED

2018-05-21 14:26:15 - [TEST_STEP][PASSED] - delay: Delayed 10 second(s)

2018-05-21 14:26:25 - [MESSAGE][PASSED] - Delayed 10 second(s)

2018-05-21 14:26:25 - [TEST_STEP][PASSED] - uiaction.CommonUIActions.click: uiaction.CommonUIActions.click is PASSED

2018-05-21 14:26:25 - [MESSAGE][PASSED] - uiaction.CommonUIActions.click is PASSED

2018-05-21 14:26:25 - [TEST_STEP][PASSED] - delay: Delayed 10 second(s)

2018-05-21 14:26:35 - [MESSAGE][PASSED] - Delayed 10 second(s)

2018-05-21 14:26:35 - [TEST_STEP][PASSED] - Statement - driver.findElement(org.openqa.selenium.By.xpath("//span[contains(text(),'" + groupmain + "')]/../../../../span[1]")).click(): null

2018-05-21 14:26:35 - [TEST_STEP][PASSED] - delay: Delayed 4 second(s)

2018-05-21 14:26:39 - [MESSAGE][PASSED] - Delayed 4 second(s)

2018-05-21 14:26:39 - [TEST_STEP][PASSED] - uiaction.CommonUIActions.click: uiaction.CommonUIActions.click is PASSED

2018-05-21 14:26:39 - [MESSAGE][PASSED] - uiaction.CommonUIActions.click is PASSED

2018-05-21 14:26:39 - [TEST_STEP][PASSED] - Statement - storesCheckBoxList = driver.findElements(org.openqa.selenium.By.xpath(com.kms.katalon.core.testdata.TestDataFactory.findTestData(OR_file).getValue(2, 4))): Reading excel file with source file 'C:\Users\shalinin\Katalon Studio\HME_Scripts\Data Files\HME_OR.xlsx' and sheet name 'Sheet1'

2018-05-21 14:26:39 - [TEST_STEP][PASSED] - Statement - storesCheckBoxListChecked = driver.findElements(org.openqa.selenium.By.xpath(com.kms.katalon.core.testdata.TestDataFactory.findTestData(OR_file).getValue(2, 14))): Reading excel file with source file 'C:\Users\shalinin\Katalon Studio\HME_Scripts\Data Files\HME_OR.xlsx' and sheet name 'Sheet1'

2018-05-21 14:26:40 - [TEST_STEP][PASSED] - Statement - If (storesCheckBoxList.size() == storesCheckBoxListChecked.size()): null

2018-05-21 14:26:40 - [TEST_STEP][PASSED] - Statement - out.println("All Store checkboxes are checked after selecting SelectAll button"): null

2018-05-21 14:26:40 - [TEST_STEP][PASSED] - delay: Delayed 4 second(s)

2018-05-21 14:26:44 - [MESSAGE][PASSED] - Delayed 4 second(s)

2018-05-21 14:26:44 - [TEST_STEP][PASSED] - uiaction.CommonUIActions.click: uiaction.CommonUIActions.click is PASSED

2018-05-21 14:26:44 - [MESSAGE][PASSED] - uiaction.CommonUIActions.click is PASSED

2018-05-21 14:26:44 - [TEST_STEP][PASSED] - delay: Delayed 4 second(s)

2018-05-21 14:26:48 - [MESSAGE][PASSED] - Delayed 4 second(s)

2018-05-21 14:26:48 - [TEST_STEP][PASSED] - Statement - driver.findElement(org.openqa.selenium.By.xpath("//span[contains(text(),'" + groupmain + "')]/../../../../span[2]")).click(): null

2018-05-21 14:26:48 - [TEST_STEP][PASSED] - Statement - timemeasureoptions = driver.findElements(org.openqa.selenium.By.xpath("//select[@class='time-measures']/option")): null

2018-05-21 14:26:48 - [TEST_STEP][PASSED] - Statement - count = 0: null

2018-05-21 14:26:48 - [TEST_STEP][PASSED] - Statement - For ([i = 0, i < timemeasureoptions.size(), (i++)]): null

2018-05-21 14:26:48 - [TEST_STEP][PASSED] - Statement - println(timemeasureoptions.get(i).getText()): null

2018-05-21 14:26:48 - [TEST_STEP][PASSED] - Statement - If (timemeasureoptions.get(i).getText() == "Week"): null

2018-05-21 14:26:48 - [TEST_STEP][PASSED] - Statement - println(timemeasureoptions.get(i).getText()): null

2018-05-21 14:26:48 - [TEST_STEP][PASSED] - Statement - If (timemeasureoptions.get(i).getText() == "Week"): null

2018-05-21 14:26:48 - [TEST_STEP][PASSED] - Statement - println(timemeasureoptions.get(i).getText()): null

2018-05-21 14:26:48 - [TEST_STEP][PASSED] - Statement - If (timemeasureoptions.get(i).getText() == "Week"): null

2018-05-21 14:26:48 - [TEST_STEP][PASSED] - Statement - timemeasureoptions[i].click(): null

2018-05-21 14:26:48 - [TEST_STEP][PASSED] - Statement - (count++): null

2018-05-21 14:26:48 - [TEST_STEP][PASSED] - Statement - Break: null

2018-05-21 14:26:48 - [TEST_STEP][PASSED] - Statement - If (count > 0): null

2018-05-21 14:26:48 - [TEST_STEP][PASSED] - Statement - out.println("Week option is selected"): null

2018-05-21 14:26:48 - [TEST_STEP][PASSED] - delay: Delayed 5 second(s)

2018-05-21 14:26:53 - [MESSAGE][PASSED] - Delayed 5 second(s)

2018-05-21 14:26:53 - [TEST_STEP][PASSED] - click: Object: 'Object Repository/ReportsPage/fromDateSelector' is clicked on

2018-05-21 14:26:53 - [MESSAGE][PASSED] - Object: 'Object Repository/ReportsPage/fromDateSelector' is clicked on

2018-05-21 14:26:53 - [TEST_STEP][PASSED] - delay: Delayed 5 second(s)

2018-05-21 14:26:58 - [MESSAGE][PASSED] - Delayed 5 second(s)

2018-05-21 14:26:58 - [TEST_STEP][PASSED] - Statement - monthText = com.kms.katalon.core.webui.keyword.WebUiBuiltInKeywords.getText(com.kms.katalon.core.testobject.ObjectRepository.findTestObject(ReportsPage/monthText)): Text of object 'Object Repository/ReportsPage/monthText' is: 'May 2018'

2018-05-21 14:26:58 - [MESSAGE][PASSED] - Text of object 'Object Repository/ReportsPage/monthText' is: 'May 2018'

2018-05-21 14:26:58 - [TEST_STEP][PASSED] - Statement - monthTextArray = monthText.split(" "): null

2018-05-21 14:26:58 - [TEST_STEP][PASSED] - Statement - month = monthTextArray[0]: null

2018-05-21 14:26:58 - [TEST_STEP][PASSED] - Statement - monthTextValue = CustomKeywords.projectSpecific.Reusability.getTestData("ReportsPage", "Month"): projectSpecific.Reusability.getTestData is PASSED

2018-05-21 14:26:58 - [MESSAGE][PASSED] - projectSpecific.Reusability.getTestData is PASSED

2018-05-21 14:26:58 - [TEST_STEP][PASSED] - Statement - If (!(monthTextValue.equals(month))): null

2018-05-21 14:26:58 - [TEST_STEP][PASSED] - Statement - While (!(monthTextValue.equals(month))): null

2018-05-21 14:26:58 - [TEST_STEP][PASSED] - click: Object: 'Object Repository/ReportsPage/previousDateSelector' is clicked on

2018-05-21 14:26:58 - [MESSAGE][PASSED] - Object: 'Object Repository/ReportsPage/previousDateSelector' is clicked on

2018-05-21 14:26:58 - [TEST_STEP][PASSED] - Statement - monthText = com.kms.katalon.core.webui.keyword.WebUiBuiltInKeywords.getText(com.kms.katalon.core.testobject.ObjectRepository.findTestObject(ReportsPage/monthText)): Text of object 'Object Repository/ReportsPage/monthText' is: 'April 2018'

2018-05-21 14:26:58 - [MESSAGE][PASSED] - Text of object 'Object Repository/ReportsPage/monthText' is: 'April 2018'

2018-05-21 14:26:58 - [TEST_STEP][PASSED] - Statement - monthTextArray = monthText.split(" "): null

2018-05-21 14:26:58 - [TEST_STEP][PASSED] - Statement - month = monthTextArray[0]: null

2018-05-21 14:26:58 - [TEST_STEP][PASSED] - click: Object: 'Object Repository/ReportsPage/previousDateSelector' is clicked on

2018-05-21 14:26:58 - [MESSAGE][PASSED] - Object: 'Object Repository/ReportsPage/previousDateSelector' is clicked on

2018-05-21 14:26:58 - [TEST_STEP][PASSED] - Statement - monthText = com.kms.katalon.core.webui.keyword.WebUiBuiltInKeywords.getText(com.kms.katalon.core.testobject.ObjectRepository.findTestObject(ReportsPage/monthText)): Text of object 'Object Repository/ReportsPage/monthText' is: 'March 2018'

2018-05-21 14:26:58 - [MESSAGE][PASSED] - Text of object 'Object Repository/ReportsPage/monthText' is: 'March 2018'

2018-05-21 14:26:58 - [TEST_STEP][PASSED] - Statement - monthTextArray = monthText.split(" "): null

2018-05-21 14:26:58 - [TEST_STEP][PASSED] - Statement - month = monthTextArray[0]: null

2018-05-21 14:26:58 - [TEST_STEP][PASSED] - Statement - data = CustomKeywords.projectSpecific.Reusability.getTestData("ReportsPage", "startdate_TC8"): projectSpecific.Reusability.getTestData is PASSED

2018-05-21 14:26:58 - [MESSAGE][PASSED] - projectSpecific.Reusability.getTestData is PASSED

2018-05-21 14:26:58 - [TEST_STEP][PASSED] - Statement - startDate = "(//td[text()='" + data + "'])[1]": null

2018-05-21 14:26:58 - [TEST_STEP][PASSED] - Statement - println(startDate): null

2018-05-21 14:26:58 - [TEST_STEP][PASSED] - Statement - startdateEle = driver.findElement(org.openqa.selenium.By.xpath(startDate)): null

2018-05-21 14:26:58 - [TEST_STEP][PASSED] - Statement - startdateEle.click(): null

2018-05-21 14:26:58 - [TEST_STEP][PASSED] - delay: Delayed 5 second(s)

2018-05-21 14:27:03 - [MESSAGE][PASSED] - Delayed 5 second(s)

2018-05-21 14:27:03 - [TEST_STEP][PASSED] - click: Object: 'Object Repository/ReportsPage/toDateSelector' is clicked on

2018-05-21 14:27:03 - [MESSAGE][PASSED] - Object: 'Object Repository/ReportsPage/toDateSelector' is clicked on

2018-05-21 14:27:03 - [TEST_STEP][PASSED] - Statement - monthText = com.kms.katalon.core.webui.keyword.WebUiBuiltInKeywords.getText(com.kms.katalon.core.testobject.ObjectRepository.findTestObject(ReportsPage/monthText2)): Text of object 'Object Repository/ReportsPage/monthText2' is: 'May 2018'

2018-05-21 14:27:03 - [MESSAGE][PASSED] - Text of object 'Object Repository/ReportsPage/monthText2' is: 'May 2018'

2018-05-21 14:27:03 - [TEST_STEP][PASSED] - Statement - monthTextArray = monthText.split(" "): null

2018-05-21 14:27:03 - [TEST_STEP][PASSED] - Statement - month = monthTextArray[0]: null

2018-05-21 14:27:03 - [TEST_STEP][PASSED] - Statement - If (!(monthTextValue.equals(month))): null

2018-05-21 14:27:03 - [TEST_STEP][PASSED] - Statement - While (!(monthTextValue.equals(month))): null

2018-05-21 14:27:03 - [TEST_STEP][PASSED] - click: Object: 'Object Repository/ReportsPage/previousDateSelector2' is clicked on

2018-05-21 14:27:03 - [MESSAGE][PASSED] - Object: 'Object Repository/ReportsPage/previousDateSelector2' is clicked on

2018-05-21 14:27:03 - [TEST_STEP][PASSED] - Statement - monthText = com.kms.katalon.core.webui.keyword.WebUiBuiltInKeywords.getText(com.kms.katalon.core.testobject.ObjectRepository.findTestObject(ReportsPage/monthText2)): Text of object 'Object Repository/ReportsPage/monthText2' is: 'April 2018'

2018-05-21 14:27:03 - [MESSAGE][PASSED] - Text of object 'Object Repository/ReportsPage/monthText2' is: 'April 2018'

2018-05-21 14:27:03 - [TEST_STEP][PASSED] - Statement - monthTextArray = monthText.split(" "): null

2018-05-21 14:27:03 - [TEST_STEP][PASSED] - Statement - month = monthTextArray[0]: null

2018-05-21 14:27:03 - [TEST_STEP][PASSED] - click: Object: 'Object Repository/ReportsPage/previousDateSelector2' is clicked on

2018-05-21 14:27:03 - [MESSAGE][PASSED] - Object: 'Object Repository/ReportsPage/previousDateSelector2' is clicked on

2018-05-21 14:27:03 - [TEST_STEP][PASSED] - Statement - monthText = com.kms.katalon.core.webui.keyword.WebUiBuiltInKeywords.getText(com.kms.katalon.core.testobject.ObjectRepository.findTestObject(ReportsPage/monthText2)): Text of object 'Object Repository/ReportsPage/monthText2' is: 'March 2018'

2018-05-21 14:27:03 - [MESSAGE][PASSED] - Text of object 'Object Repository/ReportsPage/monthText2' is: 'March 2018'

2018-05-21 14:27:03 - [TEST_STEP][PASSED] - Statement - monthTextArray = monthText.split(" "): null

2018-05-21 14:27:03 - [TEST_STEP][PASSED] - Statement - month = monthTextArray[0]: null

2018-05-21 14:27:03 - [TEST_STEP][PASSED] - Statement - endDate = CustomKeywords.projectSpecific.Reusability.getTestData("ReportsPage", "EndDate"): projectSpecific.Reusability.getTestData is PASSED

2018-05-21 14:27:03 - [MESSAGE][PASSED] - projectSpecific.Reusability.getTestData is PASSED

2018-05-21 14:27:03 - [TEST_STEP][PASSED] - Statement - toDate = "(//td[text()='" + endDate + "'])[2]": null

2018-05-21 14:27:03 - [TEST_STEP][PASSED] - Statement - toDateEle = driver.findElement(org.openqa.selenium.By.xpath(toDate)): null

2018-05-21 14:27:03 - [TEST_STEP][PASSED] - Statement - toDateEle.click(): null

2018-05-21 14:27:04 - [TEST_STEP][PASSED] - delay: Delayed 5 second(s)

2018-05-21 14:27:09 - [MESSAGE][PASSED] - Delayed 5 second(s)

2018-05-21 14:27:09 - [TEST_STEP][PASSED] - Statement - dateAttr = com.kms.katalon.core.webui.keyword.WebUiBuiltInKeywords.getAttribute(com.kms.katalon.core.testobject.ObjectRepository.findTestObject(ReportsPage/selectedDate1), "value"): Attribute 'value' of object 'Object Repository/ReportsPage/selectedDate1' is: '03/07/2018'

2018-05-21 14:27:09 - [MESSAGE][PASSED] - Attribute 'value' of object 'Object Repository/ReportsPage/selectedDate1' is: '03/07/2018'

2018-05-21 14:27:09 - [TEST_STEP][PASSED] - Statement - fromDateValue = CustomKeywords.projectSpecific.Reusability.getTestData("ReportsPage", "Fromdate_TC8"): projectSpecific.Reusability.getTestData is PASSED

2018-05-21 14:27:09 - [MESSAGE][PASSED] - projectSpecific.Reusability.getTestData is PASSED

2018-05-21 14:27:09 - [TEST_STEP][PASSED] - Statement - If (!(dateAttr.equals(fromDateValue))): null

2018-05-21 14:27:09 - [TEST_STEP][PASSED] - Statement - dateAttr = com.kms.katalon.core.webui.keyword.WebUiBuiltInKeywords.getAttribute(com.kms.katalon.core.testobject.ObjectRepository.findTestObject(ReportsPage/selectedDate2), "value"): Attribute 'value' of object 'Object Repository/ReportsPage/selectedDate2' is: '03/14/2018'

2018-05-21 14:27:09 - [MESSAGE][PASSED] - Attribute 'value' of object 'Object Repository/ReportsPage/selectedDate2' is: '03/14/2018'

2018-05-21 14:27:09 - [TEST_STEP][PASSED] - Statement - toDateValue = CustomKeywords.projectSpecific.Reusability.getTestData("ReportsPage", "toDate"): projectSpecific.Reusability.getTestData is PASSED

2018-05-21 14:27:09 - [MESSAGE][PASSED] - projectSpecific.Reusability.getTestData is PASSED

2018-05-21 14:27:09 - [TEST_STEP][PASSED] - Statement - If (!(dateAttr.equals(toDateValue))): null

2018-05-21 14:27:09 - [TEST_STEP][PASSED] - uiaction.CommonUIActions.click: uiaction.CommonUIActions.click is PASSED

2018-05-21 14:27:09 - [MESSAGE][PASSED] - uiaction.CommonUIActions.click is PASSED

2018-05-21 14:27:09 - [TEST_STEP][PASSED] - uiaction.CommonUIActions.click: uiaction.CommonUIActions.click is PASSED

2018-05-21 14:27:09 - [MESSAGE][PASSED] - uiaction.CommonUIActions.click is PASSED

2018-05-21 14:27:09 - [TEST_STEP][PASSED] - uiaction.CommonUIActions.click: uiaction.CommonUIActions.click is PASSED

2018-05-21 14:27:09 - [MESSAGE][PASSED] - uiaction.CommonUIActions.click is PASSED

2018-05-21 14:27:09 - [TEST_STEP][PASSED] - uiaction.CommonUIActions.enter: uiaction.CommonUIActions.enter is PASSED

2018-05-21 14:27:09 - [MESSAGE][PASSED] - uiaction.CommonUIActions.enter is PASSED

2018-05-21 14:27:09 - [TEST_STEP][PASSED] - click: Object: 'Object Repository/ReportsPage/report_submit' is clicked on

2018-05-21 14:27:09 - [MESSAGE][PASSED] - Object: 'Object Repository/ReportsPage/report_submit' is clicked on

2018-05-21 14:27:09 - [TEST_STEP][PASSED] - delay: Delayed 5 second(s)

2018-05-21 14:27:14 - [MESSAGE][PASSED] - Delayed 5 second(s)

2018-05-21 14:27:14 - [TEST_STEP][PASSED] - uiaction.CommonUIActions.click: uiaction.CommonUIActions.click is PASSED

2018-05-21 14:27:18 - [MESSAGE][PASSED] - uiaction.CommonUIActions.click is PASSED

2018-05-21 14:27:18 - [TEST_STEP][PASSED] - uiaction.CommonUIActions.click: uiaction.CommonUIActions.click is PASSED

2018-05-21 14:27:31 - [MESSAGE][PASSED] - uiaction.CommonUIActions.click is PASSED

2018-05-21 14:27:31 - [TEST_STEP][PASSED] - uiaction.CommonUIActions.click: uiaction.CommonUIActions.click is PASSED

2018-05-21 14:27:31 - [MESSAGE][PASSED] - uiaction.CommonUIActions.click is PASSED

2018-05-21 14:27:31 - [TEST_STEP][PASSED] - delay: Delayed 5 second(s)

2018-05-21 14:27:36 - [MESSAGE][PASSED] - Delayed 5 second(s)

2018-05-21 14:27:36 - [TEST_STEP][PASSED] - uiaction.CommonUIActions.click: uiaction.CommonUIActions.click is PASSED

2018-05-21 14:27:36 - [MESSAGE][PASSED] - uiaction.CommonUIActions.click is PASSED

2018-05-21 14:27:36 - [TEST_STEP][PASSED] - delay: Delayed 5 second(s)

2018-05-21 14:27:41 - [MESSAGE][PASSED] - Delayed 5 second(s)

2018-05-21 14:27:41 - [TEST_STEP][PASSED] - uiaction.CommonUIActions.click: uiaction.CommonUIActions.click is PASSED

2018-05-21 14:27:41 - [MESSAGE][PASSED] - uiaction.CommonUIActions.click is PASSED

2018-05-21 14:27:41 - [TEST_STEP][PASSED] - uiaction.CommonUIActions.click: uiaction.CommonUIActions.click is PASSED

2018-05-21 14:27:41 - [MESSAGE][PASSED] - uiaction.CommonUIActions.click is PASSED

2018-05-21 14:27:41 - [TEST_STEP][PASSED] - uiaction.CommonUIActions.click: uiaction.CommonUIActions.click is PASSED

2018-05-21 14:27:45 - [MESSAGE][PASSED] - uiaction.CommonUIActions.click is PASSED

2018-05-21 14:27:45 - [TEST_STEP][PASSED] - uiaction.CommonUIActions.click: uiaction.CommonUIActions.click is PASSED

2018-05-21 14:27:45 - [MESSAGE][PASSED] - uiaction.CommonUIActions.click is PASSED

2018-05-21 14:27:45 - [TEST_STEP][PASSED] - delay: Delayed 10 second(s)

2018-05-21 14:27:55 - [MESSAGE][PASSED] - Delayed 10 second(s)

2018-05-21 14:27:55 - [TEST_STEP][PASSED] - uiaction.CommonUIActions.click: uiaction.CommonUIActions.click is PASSED

2018-05-21 14:27:55 - [MESSAGE][PASSED] - uiaction.CommonUIActions.click is PASSED

2018-05-21 14:27:55 - [TEST_STEP][PASSED] - uiaction.CommonUIActions.click: uiaction.CommonUIActions.click is PASSED

2018-05-21 14:27:57 - [MESSAGE][PASSED] - uiaction.CommonUIActions.click is PASSED

2018-05-21 14:27:57 - [TEST_STEP][PASSED] - Statement - assert TCflag == true: null

2018-05-21 14:27:57 - [TEST_STEP][PASSED] - Start listener action : sampleAfterTestCase: Browser is closed

2018-05-21 14:27:57 - [TEST_STEP][PASSED] - Statement - println(testCaseContext.getTestCaseId()): null

2018-05-21 14:27:57 - [TEST_STEP][PASSED] - Statement - println(testCaseContext.getTestCaseStatus()): null

2018-05-21 14:27:57 - [TEST_STEP][PASSED] - closeBrowser: Browser is closed

2018-05-21 14:27:58 - [MESSAGE][PASSED] - Browser is closed]]></system-out>
         <system-err><![CDATA[]]></system-err>
      </testcase>
      <testcase name="Test Cases/GoalStatisticsTC/HME-Goal Statistics Report-10" classname="Test Cases/GoalStatisticsTC/HME-Goal Statistics Report-10" status="FAILED">
         <failure type="FAILED" message="org.codehaus.groovy.runtime.powerassert.PowerAssertionError: assert TCflag==true
       |     |
       false false"/>
         <system-out><![CDATA[2018-05-21 14:27:58 - [TEST_CASE][FAILED] - Test Cases/GoalStatisticsTC/HME-Goal Statistics Report-10: Test Cases/GoalStatisticsTC/HME-Goal Statistics Report-10 FAILED because (of) org.codehaus.groovy.runtime.powerassert.PowerAssertionError: assert TCflag==true
       |     |
       false false

2018-05-21 14:27:58 - [TEST_STEP][PASSED] - Start listener action : sampleBeforeTestCase: uiaction.CommonUIActions.deleteAllCookies is PASSED

2018-05-21 14:27:58 - [TEST_STEP][PASSED] - openBrowser: Browser is opened with url: ''

2018-05-21 14:28:00 - [MESSAGE][PASSED] - Browser is opened with url: ''

2018-05-21 14:28:00 - [TEST_STEP][PASSED] - maximizeWindow: Current window maximized

2018-05-21 14:28:01 - [MESSAGE][PASSED] - Current window maximized

2018-05-21 14:28:01 - [TEST_STEP][PASSED] - uiaction.CommonUIActions.deleteAllCookies: uiaction.CommonUIActions.deleteAllCookies is PASSED

2018-05-21 14:28:01 - [MESSAGE][PASSED] - Delete all cookies successfully

2018-05-21 14:28:01 - [MESSAGE][PASSED] - uiaction.CommonUIActions.deleteAllCookies is PASSED

2018-05-21 14:28:02 - [TEST_STEP][PASSED] - Statement - TCflag = true: null

2018-05-21 14:28:02 - [TEST_STEP][PASSED] - Statement - Try: null

2018-05-21 14:28:02 - [TEST_STEP][PASSED] - navigateToUrl: Navigate to 'https://hme-dev-public-cloud-app.azurewebsites.net/' successfully

2018-05-21 14:28:05 - [MESSAGE][PASSED] - Navigate to 'https://hme-dev-public-cloud-app.azurewebsites.net/' successfully

2018-05-21 14:28:05 - [TEST_STEP][PASSED] - projectSpecific.Reusability.login: projectSpecific.Reusability.login is PASSED

2018-05-21 14:28:05 - [MESSAGE][PASSED] - projectSpecific.Reusability.getTestData is PASSED

2018-05-21 14:28:05 - [MESSAGE][PASSED] - projectSpecific.Reusability.getTestData is PASSED

2018-05-21 14:28:05 - [MESSAGE][PASSED] - Text 'selvendrank@nousinfo.com' is set on object 'Object Repository/LoginPage/Username'

2018-05-21 14:28:05 - [MESSAGE][PASSED] - Text 'nous;123' is set on object 'Object Repository/LoginPage/Password'

2018-05-21 14:28:05 - [MESSAGE][PASSED] - Object: 'Object Repository/LoginPage/Login' is clicked on

2018-05-21 14:28:05 - [MESSAGE][PASSED] - projectSpecific.Reusability.login is PASSED

2018-05-21 14:28:05 - [TEST_STEP][PASSED] - delay: Delayed 10 second(s)

2018-05-21 14:28:15 - [MESSAGE][PASSED] - Delayed 10 second(s)

2018-05-21 14:28:15 - [TEST_STEP][PASSED] - uiaction.CommonUIActions.click: uiaction.CommonUIActions.click is PASSED

2018-05-21 14:28:48 - [MESSAGE][PASSED] - uiaction.CommonUIActions.click is PASSED

2018-05-21 14:28:48 - [TEST_STEP][PASSED] - uiaction.CommonUIActions.click: uiaction.CommonUIActions.click is PASSED

2018-05-21 14:28:51 - [MESSAGE][PASSED] - uiaction.CommonUIActions.click is PASSED

2018-05-21 14:28:51 - [TEST_STEP][PASSED] - Statement - storelabel = com.kms.katalon.core.webui.keyword.WebUiBuiltInKeywords.getAttribute(com.kms.katalon.core.testobject.ObjectRepository.findTestObject(StorePage/storeName), "value"): Attribute 'value' of object 'Object Repository/StorePage/storeName' is: 'McDonald3'

2018-05-21 14:28:51 - [MESSAGE][PASSED] - Attribute 'value' of object 'Object Repository/StorePage/storeName' is: 'McDonald3'

2018-05-21 14:28:51 - [TEST_STEP][PASSED] - Statement - storelabel = storelabel.trim(): null

2018-05-21 14:28:51 - [TEST_STEP][PASSED] - Statement - out.println(" the storename is--" + storelabel.trim()): null

2018-05-21 14:28:51 - [TEST_STEP][PASSED] - delay: Delayed 5 second(s)

2018-05-21 14:28:56 - [MESSAGE][PASSED] - Delayed 5 second(s)

2018-05-21 14:28:56 - [TEST_STEP][PASSED] - uiaction.CommonUIActions.click: uiaction.CommonUIActions.click is PASSED

2018-05-21 14:28:56 - [MESSAGE][PASSED] - uiaction.CommonUIActions.click is PASSED

2018-05-21 14:28:56 - [TEST_STEP][PASSED] - uiaction.CommonUIActions.click: uiaction.CommonUIActions.click is PASSED

2018-05-21 14:29:13 - [MESSAGE][PASSED] - uiaction.CommonUIActions.click is PASSED

2018-05-21 14:29:13 - [TEST_STEP][PASSED] - Statement - storenumber = CustomKeywords.uiaction.CommonUIActions.getText(com.kms.katalon.core.testobject.ObjectRepository.findTestObject(StorePage/storeID)): uiaction.CommonUIActions.getText is PASSED

2018-05-21 14:29:13 - [MESSAGE][PASSED] - uiaction.CommonUIActions.getText is PASSED

2018-05-21 14:29:13 - [TEST_STEP][PASSED] - Statement - out.println(" the store number is--" + storenumber.trim()): null

2018-05-21 14:29:13 - [TEST_STEP][PASSED] - uiaction.CommonUIActions.click: uiaction.CommonUIActions.click is PASSED

2018-05-21 14:29:18 - [MESSAGE][PASSED] - uiaction.CommonUIActions.click is PASSED

2018-05-21 14:29:18 - [TEST_STEP][PASSED] - verifyElementPresent: Object 'Object Repository/SummarizedReportPage/SummaryReportheader' is present

2018-05-21 14:29:18 - [MESSAGE][PASSED] - Object 'Object Repository/SummarizedReportPage/SummaryReportheader' is present

2018-05-21 14:29:18 - [TEST_STEP][PASSED] - Statement - println("Summary Reports screen will be displayed"): null

2018-05-21 14:29:18 - [TEST_STEP][PASSED] - uiaction.CommonUIActions.click: uiaction.CommonUIActions.click is PASSED

2018-05-21 14:29:24 - [MESSAGE][PASSED] - uiaction.CommonUIActions.click is PASSED

2018-05-21 14:29:24 - [TEST_STEP][PASSED] - uiaction.CommonUIActions.click: uiaction.CommonUIActions.click is PASSED

2018-05-21 14:29:47 - [MESSAGE][PASSED] - uiaction.CommonUIActions.click is PASSED

2018-05-21 14:29:47 - [TEST_STEP][PASSED] - uiaction.CommonUIActions.click: uiaction.CommonUIActions.click is PASSED

2018-05-21 14:29:49 - [MESSAGE][PASSED] - uiaction.CommonUIActions.click is PASSED

2018-05-21 14:29:49 - [TEST_STEP][PASSED] - uiaction.CommonUIActions.click: uiaction.CommonUIActions.click is PASSED

2018-05-21 14:29:49 - [MESSAGE][PASSED] - uiaction.CommonUIActions.click is PASSED

2018-05-21 14:29:49 - [TEST_STEP][PASSED] - uiaction.CommonUIActions.enter: uiaction.CommonUIActions.enter is PASSED

2018-05-21 14:29:49 - [MESSAGE][PASSED] - projectSpecific.Reusability.getTestData is PASSED

2018-05-21 14:29:49 - [MESSAGE][PASSED] - uiaction.CommonUIActions.enter is PASSED

2018-05-21 14:29:49 - [TEST_STEP][PASSED] - uiaction.CommonUIActions.enter: uiaction.CommonUIActions.enter is PASSED

2018-05-21 14:29:49 - [MESSAGE][PASSED] - projectSpecific.Reusability.getTestData is PASSED

2018-05-21 14:29:49 - [MESSAGE][PASSED] - uiaction.CommonUIActions.enter is PASSED

2018-05-21 14:29:49 - [TEST_STEP][PASSED] - Statement - groupmain = CustomKeywords.projectSpecific.Reusability.getTestData("ReportingGroupManagementPage", "Summarygrp"): projectSpecific.Reusability.getTestData is PASSED

2018-05-21 14:29:49 - [MESSAGE][PASSED] - projectSpecific.Reusability.getTestData is PASSED

2018-05-21 14:29:49 - [TEST_STEP][PASSED] - delay: Delayed 10 second(s)

2018-05-21 14:29:59 - [MESSAGE][PASSED] - Delayed 10 second(s)

2018-05-21 14:29:59 - [TEST_STEP][PASSED] - Statement - driver = com.kms.katalon.core.webui.driver.DriverFactory.getWebDriver(): null

2018-05-21 14:29:59 - [TEST_STEP][PASSED] - Statement - grouplist = driver.findElements(org.openqa.selenium.By.xpath("//ul[@class='unlinked-grouplist']/li")): null

2018-05-21 14:29:59 - [TEST_STEP][PASSED] - delay: Delayed 10 second(s)

2018-05-21 14:30:09 - [MESSAGE][PASSED] - Delayed 10 second(s)

2018-05-21 14:30:09 - [TEST_STEP][PASSED] - Statement - For ([i = 0, i < grouplist.size(), (i++)]): null

2018-05-21 14:30:09 - [TEST_STEP][PASSED] - Statement - println(grouplist.get(i).getText()): null

2018-05-21 14:30:09 - [TEST_STEP][PASSED] - Statement - If (grouplist.get(i).getText().contains(storelabel.trim())): null

2018-05-21 14:30:09 - [TEST_STEP][PASSED] - Statement - println(grouplist.get(i).getText()): null

2018-05-21 14:30:09 - [TEST_STEP][PASSED] - Statement - If (grouplist.get(i).getText().contains(storelabel.trim())): null

2018-05-21 14:30:09 - [TEST_STEP][PASSED] - Statement - println(grouplist.get(i).getText()): null

2018-05-21 14:30:09 - [TEST_STEP][PASSED] - Statement - If (grouplist.get(i).getText().contains(storelabel.trim())): null

2018-05-21 14:30:09 - [TEST_STEP][PASSED] - Statement - println(grouplist.get(i).getText()): null

2018-05-21 14:30:09 - [TEST_STEP][PASSED] - Statement - If (grouplist.get(i).getText().contains(storelabel.trim())): null

2018-05-21 14:30:09 - [TEST_STEP][PASSED] - Statement - println(grouplist.get(i).getText()): null

2018-05-21 14:30:09 - [TEST_STEP][PASSED] - Statement - If (grouplist.get(i).getText().contains(storelabel.trim())): null

2018-05-21 14:30:09 - [TEST_STEP][PASSED] - Statement - println(grouplist.get(i).getText()): null

2018-05-21 14:30:09 - [TEST_STEP][PASSED] - Statement - If (grouplist.get(i).getText().contains(storelabel.trim())): null

2018-05-21 14:30:09 - [TEST_STEP][PASSED] - Statement - println(grouplist.get(i).getText()): null

2018-05-21 14:30:09 - [TEST_STEP][PASSED] - Statement - If (grouplist.get(i).getText().contains(storelabel.trim())): null

2018-05-21 14:30:09 - [TEST_STEP][PASSED] - Statement - println(grouplist.get(i).getText()): null

2018-05-21 14:30:09 - [TEST_STEP][PASSED] - Statement - If (grouplist.get(i).getText().contains(storelabel.trim())): null

2018-05-21 14:30:09 - [TEST_STEP][PASSED] - Statement - println(grouplist.get(i).getText()): null

2018-05-21 14:30:09 - [TEST_STEP][PASSED] - Statement - If (grouplist.get(i).getText().contains(storelabel.trim())): null

2018-05-21 14:30:09 - [TEST_STEP][PASSED] - Statement - println(grouplist.get(i).getText()): null

2018-05-21 14:30:09 - [TEST_STEP][PASSED] - Statement - If (grouplist.get(i).getText().contains(storelabel.trim())): null

2018-05-21 14:30:09 - [TEST_STEP][PASSED] - Statement - println(grouplist.get(i).getText()): null

2018-05-21 14:30:09 - [TEST_STEP][PASSED] - Statement - If (grouplist.get(i).getText().contains(storelabel.trim())): null

2018-05-21 14:30:09 - [TEST_STEP][PASSED] - Statement - println(grouplist.get(i).getText()): null

2018-05-21 14:30:09 - [TEST_STEP][PASSED] - Statement - If (grouplist.get(i).getText().contains(storelabel.trim())): null

2018-05-21 14:30:09 - [TEST_STEP][PASSED] - Statement - driver.findElement(org.openqa.selenium.By.xpath("(//ul[@class='unlinked-grouplist']/li/label)[" + i + 1 + "]")).click(): null

2018-05-21 14:30:10 - [TEST_STEP][PASSED] - Statement - driver.findElement(org.openqa.selenium.By.xpath("//button[contains(text(),'>')]")).click(): null

2018-05-21 14:30:10 - [TEST_STEP][PASSED] - Statement - Break: null

2018-05-21 14:30:10 - [TEST_STEP][PASSED] - delay: Delayed 10 second(s)

2018-05-21 14:30:20 - [MESSAGE][PASSED] - Delayed 10 second(s)

2018-05-21 14:30:20 - [TEST_STEP][PASSED] - uiaction.CommonUIActions.click: uiaction.CommonUIActions.click is PASSED

2018-05-21 14:30:20 - [MESSAGE][PASSED] - uiaction.CommonUIActions.click is PASSED

2018-05-21 14:30:20 - [TEST_STEP][PASSED] - uiaction.CommonUIActions.click: uiaction.CommonUIActions.click is PASSED

2018-05-21 14:30:20 - [MESSAGE][PASSED] - uiaction.CommonUIActions.click is PASSED

2018-05-21 14:30:20 - [TEST_STEP][PASSED] - delay: Delayed 10 second(s)

2018-05-21 14:30:30 - [MESSAGE][PASSED] - Delayed 10 second(s)

2018-05-21 14:30:30 - [TEST_STEP][PASSED] - uiaction.CommonUIActions.click: uiaction.CommonUIActions.click is PASSED

2018-05-21 14:30:30 - [MESSAGE][PASSED] - uiaction.CommonUIActions.click is PASSED

2018-05-21 14:30:30 - [TEST_STEP][PASSED] - delay: Delayed 10 second(s)

2018-05-21 14:30:40 - [MESSAGE][PASSED] - Delayed 10 second(s)

2018-05-21 14:30:40 - [TEST_STEP][PASSED] - Statement - driver.findElement(org.openqa.selenium.By.xpath("//span[contains(text(),'" + groupmain + "')]/../../../../span[1]")).click(): null

2018-05-21 14:30:40 - [TEST_STEP][PASSED] - delay: Delayed 4 second(s)

2018-05-21 14:30:44 - [MESSAGE][PASSED] - Delayed 4 second(s)

2018-05-21 14:30:44 - [TEST_STEP][PASSED] - uiaction.CommonUIActions.click: uiaction.CommonUIActions.click is PASSED

2018-05-21 14:30:44 - [MESSAGE][PASSED] - uiaction.CommonUIActions.click is PASSED

2018-05-21 14:30:44 - [TEST_STEP][PASSED] - Statement - storesCheckBoxList = driver.findElements(org.openqa.selenium.By.xpath(com.kms.katalon.core.testdata.TestDataFactory.findTestData(OR_file).getValue(2, 4))): Reading excel file with source file 'C:\Users\shalinin\Katalon Studio\HME_Scripts\Data Files\HME_OR.xlsx' and sheet name 'Sheet1'

2018-05-21 14:30:44 - [TEST_STEP][PASSED] - Statement - storesCheckBoxListChecked = driver.findElements(org.openqa.selenium.By.xpath(com.kms.katalon.core.testdata.TestDataFactory.findTestData(OR_file).getValue(2, 14))): Reading excel file with source file 'C:\Users\shalinin\Katalon Studio\HME_Scripts\Data Files\HME_OR.xlsx' and sheet name 'Sheet1'

2018-05-21 14:30:44 - [TEST_STEP][PASSED] - Statement - If (storesCheckBoxList.size() == storesCheckBoxListChecked.size()): null

2018-05-21 14:30:44 - [TEST_STEP][PASSED] - Statement - out.println("All Store checkboxes are checked after selecting SelectAll button"): null

2018-05-21 14:30:44 - [TEST_STEP][PASSED] - delay: Delayed 4 second(s)

2018-05-21 14:30:48 - [MESSAGE][PASSED] - Delayed 4 second(s)

2018-05-21 14:30:48 - [TEST_STEP][PASSED] - uiaction.CommonUIActions.click: uiaction.CommonUIActions.click is PASSED

2018-05-21 14:30:48 - [MESSAGE][PASSED] - uiaction.CommonUIActions.click is PASSED

2018-05-21 14:30:48 - [TEST_STEP][PASSED] - delay: Delayed 4 second(s)

2018-05-21 14:30:52 - [MESSAGE][PASSED] - Delayed 4 second(s)

2018-05-21 14:30:52 - [TEST_STEP][PASSED] - Statement - driver.findElement(org.openqa.selenium.By.xpath("//span[contains(text(),'" + groupmain + "')]/../../../../span[2]")).click(): null

2018-05-21 14:30:52 - [TEST_STEP][PASSED] - Statement - timemeasureoptions = driver.findElements(org.openqa.selenium.By.xpath("//select[@class='time-measures']/option")): null

2018-05-21 14:30:52 - [TEST_STEP][PASSED] - Statement - count = 0: null

2018-05-21 14:30:52 - [TEST_STEP][PASSED] - Statement - For ([i = 0, i < timemeasureoptions.size(), (i++)]): null

2018-05-21 14:30:52 - [TEST_STEP][PASSED] - Statement - println(timemeasureoptions.get(i).getText()): null

2018-05-21 14:30:52 - [TEST_STEP][PASSED] - Statement - If (timemeasureoptions.get(i).getText() == "Week"): null

2018-05-21 14:30:52 - [TEST_STEP][PASSED] - Statement - println(timemeasureoptions.get(i).getText()): null

2018-05-21 14:30:52 - [TEST_STEP][PASSED] - Statement - If (timemeasureoptions.get(i).getText() == "Week"): null

2018-05-21 14:30:52 - [TEST_STEP][PASSED] - Statement - println(timemeasureoptions.get(i).getText()): null

2018-05-21 14:30:52 - [TEST_STEP][PASSED] - Statement - If (timemeasureoptions.get(i).getText() == "Week"): null

2018-05-21 14:30:52 - [TEST_STEP][PASSED] - Statement - timemeasureoptions[i].click(): null

2018-05-21 14:30:52 - [TEST_STEP][PASSED] - Statement - (count++): null

2018-05-21 14:30:52 - [TEST_STEP][PASSED] - Statement - Break: null

2018-05-21 14:30:52 - [TEST_STEP][PASSED] - Statement - If (count > 0): null

2018-05-21 14:30:52 - [TEST_STEP][PASSED] - Statement - out.println("Week option is selected"): null

2018-05-21 14:30:52 - [TEST_STEP][PASSED] - delay: Delayed 5 second(s)

2018-05-21 14:30:57 - [MESSAGE][PASSED] - Delayed 5 second(s)

2018-05-21 14:30:57 - [TEST_STEP][PASSED] - click: Object: 'Object Repository/ReportsPage/fromDateSelector' is clicked on

2018-05-21 14:30:58 - [MESSAGE][PASSED] - Object: 'Object Repository/ReportsPage/fromDateSelector' is clicked on

2018-05-21 14:30:58 - [TEST_STEP][PASSED] - delay: Delayed 5 second(s)

2018-05-21 14:31:03 - [MESSAGE][PASSED] - Delayed 5 second(s)

2018-05-21 14:31:03 - [TEST_STEP][PASSED] - Statement - monthText = com.kms.katalon.core.webui.keyword.WebUiBuiltInKeywords.getText(com.kms.katalon.core.testobject.ObjectRepository.findTestObject(ReportsPage/monthText)): Text of object 'Object Repository/ReportsPage/monthText' is: 'May 2018'

2018-05-21 14:31:03 - [MESSAGE][PASSED] - Text of object 'Object Repository/ReportsPage/monthText' is: 'May 2018'

2018-05-21 14:31:03 - [TEST_STEP][PASSED] - Statement - monthTextArray = monthText.split(" "): null

2018-05-21 14:31:03 - [TEST_STEP][PASSED] - Statement - month = monthTextArray[0]: null

2018-05-21 14:31:03 - [TEST_STEP][PASSED] - Statement - monthTextValue = CustomKeywords.projectSpecific.Reusability.getTestData("ReportsPage", "Month"): projectSpecific.Reusability.getTestData is PASSED

2018-05-21 14:31:03 - [MESSAGE][PASSED] - projectSpecific.Reusability.getTestData is PASSED

2018-05-21 14:31:03 - [TEST_STEP][PASSED] - Statement - If (!(monthTextValue.equals(month))): null

2018-05-21 14:31:03 - [TEST_STEP][PASSED] - Statement - While (!(monthTextValue.equals(month))): null

2018-05-21 14:31:03 - [TEST_STEP][PASSED] - click: Object: 'Object Repository/ReportsPage/previousDateSelector' is clicked on

2018-05-21 14:31:03 - [MESSAGE][PASSED] - Object: 'Object Repository/ReportsPage/previousDateSelector' is clicked on

2018-05-21 14:31:03 - [TEST_STEP][PASSED] - Statement - monthText = com.kms.katalon.core.webui.keyword.WebUiBuiltInKeywords.getText(com.kms.katalon.core.testobject.ObjectRepository.findTestObject(ReportsPage/monthText)): Text of object 'Object Repository/ReportsPage/monthText' is: 'April 2018'

2018-05-21 14:31:03 - [MESSAGE][PASSED] - Text of object 'Object Repository/ReportsPage/monthText' is: 'April 2018'

2018-05-21 14:31:03 - [TEST_STEP][PASSED] - Statement - monthTextArray = monthText.split(" "): null

2018-05-21 14:31:03 - [TEST_STEP][PASSED] - Statement - month = monthTextArray[0]: null

2018-05-21 14:31:03 - [TEST_STEP][PASSED] - click: Object: 'Object Repository/ReportsPage/previousDateSelector' is clicked on

2018-05-21 14:31:03 - [MESSAGE][PASSED] - Object: 'Object Repository/ReportsPage/previousDateSelector' is clicked on

2018-05-21 14:31:03 - [TEST_STEP][PASSED] - Statement - monthText = com.kms.katalon.core.webui.keyword.WebUiBuiltInKeywords.getText(com.kms.katalon.core.testobject.ObjectRepository.findTestObject(ReportsPage/monthText)): Text of object 'Object Repository/ReportsPage/monthText' is: 'March 2018'

2018-05-21 14:31:03 - [MESSAGE][PASSED] - Text of object 'Object Repository/ReportsPage/monthText' is: 'March 2018'

2018-05-21 14:31:03 - [TEST_STEP][PASSED] - Statement - monthTextArray = monthText.split(" "): null

2018-05-21 14:31:03 - [TEST_STEP][PASSED] - Statement - month = monthTextArray[0]: null

2018-05-21 14:31:03 - [TEST_STEP][PASSED] - Statement - data = CustomKeywords.projectSpecific.Reusability.getTestData("ReportsPage", "startdate_TC8"): projectSpecific.Reusability.getTestData is PASSED

2018-05-21 14:31:03 - [MESSAGE][PASSED] - projectSpecific.Reusability.getTestData is PASSED

2018-05-21 14:31:03 - [TEST_STEP][PASSED] - Statement - startDate = "(//td[text()='" + data + "'])[1]": null

2018-05-21 14:31:03 - [TEST_STEP][PASSED] - Statement - println(startDate): null

2018-05-21 14:31:03 - [TEST_STEP][PASSED] - Statement - startdateEle = driver.findElement(org.openqa.selenium.By.xpath(startDate)): null

2018-05-21 14:31:03 - [TEST_STEP][PASSED] - Statement - startdateEle.click(): null

2018-05-21 14:31:03 - [TEST_STEP][PASSED] - delay: Delayed 5 second(s)

2018-05-21 14:31:08 - [MESSAGE][PASSED] - Delayed 5 second(s)

2018-05-21 14:31:08 - [TEST_STEP][PASSED] - click: Object: 'Object Repository/ReportsPage/toDateSelector' is clicked on

2018-05-21 14:31:08 - [MESSAGE][PASSED] - Object: 'Object Repository/ReportsPage/toDateSelector' is clicked on

2018-05-21 14:31:08 - [TEST_STEP][PASSED] - Statement - monthText = com.kms.katalon.core.webui.keyword.WebUiBuiltInKeywords.getText(com.kms.katalon.core.testobject.ObjectRepository.findTestObject(ReportsPage/monthText2)): Text of object 'Object Repository/ReportsPage/monthText2' is: 'May 2018'

2018-05-21 14:31:08 - [MESSAGE][PASSED] - Text of object 'Object Repository/ReportsPage/monthText2' is: 'May 2018'

2018-05-21 14:31:08 - [TEST_STEP][PASSED] - Statement - monthTextArray = monthText.split(" "): null

2018-05-21 14:31:08 - [TEST_STEP][PASSED] - Statement - month = monthTextArray[0]: null

2018-05-21 14:31:08 - [TEST_STEP][PASSED] - Statement - If (!(monthTextValue.equals(month))): null

2018-05-21 14:31:08 - [TEST_STEP][PASSED] - Statement - While (!(monthTextValue.equals(month))): null

2018-05-21 14:31:08 - [TEST_STEP][PASSED] - click: Object: 'Object Repository/ReportsPage/previousDateSelector2' is clicked on

2018-05-21 14:31:08 - [MESSAGE][PASSED] - Object: 'Object Repository/ReportsPage/previousDateSelector2' is clicked on

2018-05-21 14:31:08 - [TEST_STEP][PASSED] - Statement - monthText = com.kms.katalon.core.webui.keyword.WebUiBuiltInKeywords.getText(com.kms.katalon.core.testobject.ObjectRepository.findTestObject(ReportsPage/monthText2)): Text of object 'Object Repository/ReportsPage/monthText2' is: 'April 2018'

2018-05-21 14:31:08 - [MESSAGE][PASSED] - Text of object 'Object Repository/ReportsPage/monthText2' is: 'April 2018'

2018-05-21 14:31:08 - [TEST_STEP][PASSED] - Statement - monthTextArray = monthText.split(" "): null

2018-05-21 14:31:08 - [TEST_STEP][PASSED] - Statement - month = monthTextArray[0]: null

2018-05-21 14:31:08 - [TEST_STEP][PASSED] - click: Object: 'Object Repository/ReportsPage/previousDateSelector2' is clicked on

2018-05-21 14:31:08 - [MESSAGE][PASSED] - Object: 'Object Repository/ReportsPage/previousDateSelector2' is clicked on

2018-05-21 14:31:08 - [TEST_STEP][PASSED] - Statement - monthText = com.kms.katalon.core.webui.keyword.WebUiBuiltInKeywords.getText(com.kms.katalon.core.testobject.ObjectRepository.findTestObject(ReportsPage/monthText2)): Text of object 'Object Repository/ReportsPage/monthText2' is: 'March 2018'

2018-05-21 14:31:08 - [MESSAGE][PASSED] - Text of object 'Object Repository/ReportsPage/monthText2' is: 'March 2018'

2018-05-21 14:31:08 - [TEST_STEP][PASSED] - Statement - monthTextArray = monthText.split(" "): null

2018-05-21 14:31:08 - [TEST_STEP][PASSED] - Statement - month = monthTextArray[0]: null

2018-05-21 14:31:08 - [TEST_STEP][PASSED] - Statement - endDate = CustomKeywords.projectSpecific.Reusability.getTestData("ReportsPage", "EndDate"): projectSpecific.Reusability.getTestData is PASSED

2018-05-21 14:31:08 - [MESSAGE][PASSED] - projectSpecific.Reusability.getTestData is PASSED

2018-05-21 14:31:08 - [TEST_STEP][PASSED] - Statement - toDate = "(//td[text()='" + endDate + "'])[2]": null

2018-05-21 14:31:08 - [TEST_STEP][PASSED] - Statement - toDateEle = driver.findElement(org.openqa.selenium.By.xpath(toDate)): null

2018-05-21 14:31:08 - [TEST_STEP][PASSED] - Statement - toDateEle.click(): null

2018-05-21 14:31:08 - [TEST_STEP][PASSED] - delay: Delayed 5 second(s)

2018-05-21 14:31:13 - [MESSAGE][PASSED] - Delayed 5 second(s)

2018-05-21 14:31:13 - [TEST_STEP][PASSED] - Statement - dateAttr = com.kms.katalon.core.webui.keyword.WebUiBuiltInKeywords.getAttribute(com.kms.katalon.core.testobject.ObjectRepository.findTestObject(ReportsPage/selectedDate1), "value"): Attribute 'value' of object 'Object Repository/ReportsPage/selectedDate1' is: '03/07/2018'

2018-05-21 14:31:13 - [MESSAGE][PASSED] - Attribute 'value' of object 'Object Repository/ReportsPage/selectedDate1' is: '03/07/2018'

2018-05-21 14:31:13 - [TEST_STEP][PASSED] - Statement - fromDateValue = CustomKeywords.projectSpecific.Reusability.getTestData("ReportsPage", "Fromdate_TC8"): projectSpecific.Reusability.getTestData is PASSED

2018-05-21 14:31:13 - [MESSAGE][PASSED] - projectSpecific.Reusability.getTestData is PASSED

2018-05-21 14:31:13 - [TEST_STEP][PASSED] - Statement - If (!(dateAttr.equals(fromDateValue))): null

2018-05-21 14:31:13 - [TEST_STEP][PASSED] - Statement - dateAttr = com.kms.katalon.core.webui.keyword.WebUiBuiltInKeywords.getAttribute(com.kms.katalon.core.testobject.ObjectRepository.findTestObject(ReportsPage/selectedDate2), "value"): Attribute 'value' of object 'Object Repository/ReportsPage/selectedDate2' is: '03/14/2018'

2018-05-21 14:31:13 - [MESSAGE][PASSED] - Attribute 'value' of object 'Object Repository/ReportsPage/selectedDate2' is: '03/14/2018'

2018-05-21 14:31:13 - [TEST_STEP][PASSED] - Statement - toDateValue = CustomKeywords.projectSpecific.Reusability.getTestData("ReportsPage", "toDate"): projectSpecific.Reusability.getTestData is PASSED

2018-05-21 14:31:13 - [MESSAGE][PASSED] - projectSpecific.Reusability.getTestData is PASSED

2018-05-21 14:31:13 - [TEST_STEP][PASSED] - Statement - If (!(dateAttr.equals(toDateValue))): null

2018-05-21 14:31:13 - [TEST_STEP][PASSED] - uiaction.CommonUIActions.click: uiaction.CommonUIActions.click is PASSED

2018-05-21 14:31:13 - [MESSAGE][PASSED] - uiaction.CommonUIActions.click is PASSED

2018-05-21 14:31:13 - [TEST_STEP][PASSED] - uiaction.CommonUIActions.click: uiaction.CommonUIActions.click is PASSED

2018-05-21 14:31:13 - [MESSAGE][PASSED] - uiaction.CommonUIActions.click is PASSED

2018-05-21 14:31:13 - [TEST_STEP][PASSED] - uiaction.CommonUIActions.click: uiaction.CommonUIActions.click is PASSED

2018-05-21 14:31:14 - [MESSAGE][PASSED] - uiaction.CommonUIActions.click is PASSED

2018-05-21 14:31:14 - [TEST_STEP][PASSED] - uiaction.CommonUIActions.enter: uiaction.CommonUIActions.enter is PASSED

2018-05-21 14:31:14 - [MESSAGE][PASSED] - uiaction.CommonUIActions.enter is PASSED

2018-05-21 14:31:14 - [TEST_STEP][PASSED] - click: Object: 'Object Repository/ReportsPage/report_submit' is clicked on

2018-05-21 14:31:14 - [MESSAGE][PASSED] - Object: 'Object Repository/ReportsPage/report_submit' is clicked on

2018-05-21 14:31:14 - [TEST_STEP][PASSED] - delay: Delayed 10 second(s)

2018-05-21 14:31:24 - [MESSAGE][PASSED] - Delayed 10 second(s)

2018-05-21 14:31:24 - [TEST_STEP][PASSED] - uiaction.CommonUIActions.click: uiaction.CommonUIActions.click is PASSED

2018-05-21 14:31:27 - [MESSAGE][PASSED] - uiaction.CommonUIActions.click is PASSED

2018-05-21 14:31:27 - [TEST_STEP][PASSED] - uiaction.CommonUIActions.click: uiaction.CommonUIActions.click is PASSED

2018-05-21 14:31:28 - [MESSAGE][PASSED] - uiaction.CommonUIActions.click is PASSED

2018-05-21 14:31:28 - [TEST_STEP][PASSED] - delay: Delayed 10 second(s)

2018-05-21 14:31:38 - [MESSAGE][PASSED] - Delayed 10 second(s)

2018-05-21 14:31:38 - [TEST_STEP][PASSED] - Statement - savedtemplatelist = driver.findElements(org.openqa.selenium.By.xpath("(//div[@class='saved-reports'])[2]/div")): null

2018-05-21 14:31:38 - [TEST_STEP][PASSED] - Statement - templatename1 = driver.findElement(org.openqa.selenium.By.xpath("((//div[@class='saved-reports'])[2]/div[@class='templateRow'])[2]")).getText(): null

2018-05-21 14:31:38 - [TEST_STEP][PASSED] - Statement - Catch (Exception e): null

2018-05-21 14:31:38 - [TEST_STEP][PASSED] - Statement - e.printStackTrace(): null

2018-05-21 14:31:38 - [TEST_STEP][PASSED] - Statement - println("Exception of element not found"): null

2018-05-21 14:31:38 - [TEST_STEP][PASSED] - Statement - If (TCflag): null

2018-05-21 14:31:38 - [TEST_STEP][PASSED] - Statement - assert TCflag == true: null

2018-05-21 14:31:38 - [TEST_STEP][PASSED] - Start listener action : sampleAfterTestCase: Browser is closed

2018-05-21 14:31:38 - [TEST_STEP][PASSED] - Statement - println(testCaseContext.getTestCaseId()): null

2018-05-21 14:31:38 - [TEST_STEP][PASSED] - Statement - println(testCaseContext.getTestCaseStatus()): null

2018-05-21 14:31:38 - [TEST_STEP][PASSED] - closeBrowser: Browser is closed

2018-05-21 14:31:38 - [MESSAGE][PASSED] - Browser is closed]]></system-out>
         <system-err><![CDATA[2018-05-21 14:27:58 - [TEST_CASE][FAILED] - Test Cases/GoalStatisticsTC/HME-Goal Statistics Report-10: Test Cases/GoalStatisticsTC/HME-Goal Statistics Report-10 FAILED because (of) org.codehaus.groovy.runtime.powerassert.PowerAssertionError: assert TCflag==true
       |     |
       false false]]></system-err>
      </testcase>
      <testcase name="Test Cases/GoalStatisticsTC/HME-Goal Statistics Report-11" classname="Test Cases/GoalStatisticsTC/HME-Goal Statistics Report-11" status="PASSED">
         <system-out><![CDATA[2018-05-21 14:31:38 - [TEST_CASE][PASSED] - Test Cases/GoalStatisticsTC/HME-Goal Statistics Report-11: Browser is closed

2018-05-21 14:31:38 - [TEST_STEP][PASSED] - Start listener action : sampleBeforeTestCase: uiaction.CommonUIActions.deleteAllCookies is PASSED

2018-05-21 14:31:38 - [TEST_STEP][PASSED] - openBrowser: Browser is opened with url: ''

2018-05-21 14:31:41 - [MESSAGE][PASSED] - Browser is opened with url: ''

2018-05-21 14:31:41 - [TEST_STEP][PASSED] - maximizeWindow: Current window maximized

2018-05-21 14:31:42 - [MESSAGE][PASSED] - Current window maximized

2018-05-21 14:31:42 - [TEST_STEP][PASSED] - uiaction.CommonUIActions.deleteAllCookies: uiaction.CommonUIActions.deleteAllCookies is PASSED

2018-05-21 14:31:42 - [MESSAGE][PASSED] - Delete all cookies successfully

2018-05-21 14:31:42 - [MESSAGE][PASSED] - uiaction.CommonUIActions.deleteAllCookies is PASSED

2018-05-21 14:31:42 - [TEST_STEP][PASSED] - Statement - TCflag = true: null

2018-05-21 14:31:42 - [TEST_STEP][PASSED] - Statement - Try: uiaction.CommonUIActions.click is PASSED

2018-05-21 14:31:42 - [TEST_STEP][PASSED] - navigateToUrl: Navigate to 'https://hme-dev-public-cloud-app.azurewebsites.net/' successfully

2018-05-21 14:31:45 - [MESSAGE][PASSED] - Navigate to 'https://hme-dev-public-cloud-app.azurewebsites.net/' successfully

2018-05-21 14:31:45 - [TEST_STEP][PASSED] - projectSpecific.Reusability.login: projectSpecific.Reusability.login is PASSED

2018-05-21 14:31:45 - [MESSAGE][PASSED] - projectSpecific.Reusability.getTestData is PASSED

2018-05-21 14:31:45 - [MESSAGE][PASSED] - projectSpecific.Reusability.getTestData is PASSED

2018-05-21 14:31:45 - [MESSAGE][PASSED] - Text 'selvendrank@nousinfo.com' is set on object 'Object Repository/LoginPage/Username'

2018-05-21 14:31:45 - [MESSAGE][PASSED] - Text 'nous;123' is set on object 'Object Repository/LoginPage/Password'

2018-05-21 14:31:45 - [MESSAGE][PASSED] - Object: 'Object Repository/LoginPage/Login' is clicked on

2018-05-21 14:31:45 - [MESSAGE][PASSED] - projectSpecific.Reusability.login is PASSED

2018-05-21 14:31:45 - [TEST_STEP][PASSED] - delay: Delayed 10 second(s)

2018-05-21 14:31:55 - [MESSAGE][PASSED] - Delayed 10 second(s)

2018-05-21 14:31:55 - [TEST_STEP][PASSED] - uiaction.CommonUIActions.click: uiaction.CommonUIActions.click is PASSED

2018-05-21 14:32:21 - [MESSAGE][PASSED] - uiaction.CommonUIActions.click is PASSED

2018-05-21 14:32:21 - [TEST_STEP][PASSED] - uiaction.CommonUIActions.click: uiaction.CommonUIActions.click is PASSED

2018-05-21 14:32:23 - [MESSAGE][PASSED] - uiaction.CommonUIActions.click is PASSED

2018-05-21 14:32:23 - [TEST_STEP][PASSED] - Statement - storelabel = com.kms.katalon.core.webui.keyword.WebUiBuiltInKeywords.getAttribute(com.kms.katalon.core.testobject.ObjectRepository.findTestObject(StorePage/storeName), "value"): Attribute 'value' of object 'Object Repository/StorePage/storeName' is: 'McDonald3'

2018-05-21 14:32:23 - [MESSAGE][PASSED] - Attribute 'value' of object 'Object Repository/StorePage/storeName' is: 'McDonald3'

2018-05-21 14:32:23 - [TEST_STEP][PASSED] - Statement - storelabel = storelabel.trim(): null

2018-05-21 14:32:23 - [TEST_STEP][PASSED] - Statement - out.println(" the storename is--" + storelabel.trim()): null

2018-05-21 14:32:23 - [TEST_STEP][PASSED] - delay: Delayed 5 second(s)

2018-05-21 14:32:28 - [MESSAGE][PASSED] - Delayed 5 second(s)

2018-05-21 14:32:28 - [TEST_STEP][PASSED] - uiaction.CommonUIActions.click: uiaction.CommonUIActions.click is PASSED

2018-05-21 14:32:28 - [MESSAGE][PASSED] - uiaction.CommonUIActions.click is PASSED

2018-05-21 14:32:28 - [TEST_STEP][PASSED] - uiaction.CommonUIActions.click: uiaction.CommonUIActions.click is PASSED

2018-05-21 14:32:34 - [MESSAGE][PASSED] - uiaction.CommonUIActions.click is PASSED

2018-05-21 14:32:34 - [TEST_STEP][PASSED] - Statement - storenumber = CustomKeywords.uiaction.CommonUIActions.getText(com.kms.katalon.core.testobject.ObjectRepository.findTestObject(StorePage/storeID)): uiaction.CommonUIActions.getText is PASSED

2018-05-21 14:32:34 - [MESSAGE][PASSED] - uiaction.CommonUIActions.getText is PASSED

2018-05-21 14:32:34 - [TEST_STEP][PASSED] - Statement - out.println(" the store number is--" + storenumber.trim()): null

2018-05-21 14:32:34 - [TEST_STEP][PASSED] - uiaction.CommonUIActions.click: uiaction.CommonUIActions.click is PASSED

2018-05-21 14:32:36 - [MESSAGE][PASSED] - uiaction.CommonUIActions.click is PASSED

2018-05-21 14:32:36 - [TEST_STEP][PASSED] - verifyElementPresent: Object 'Object Repository/SummarizedReportPage/SummaryReportheader' is present

2018-05-21 14:32:36 - [MESSAGE][PASSED] - Object 'Object Repository/SummarizedReportPage/SummaryReportheader' is present

2018-05-21 14:32:36 - [TEST_STEP][PASSED] - Statement - println("Summary Reports screen will be displayed"): null

2018-05-21 14:32:36 - [TEST_STEP][PASSED] - uiaction.CommonUIActions.click: uiaction.CommonUIActions.click is PASSED

2018-05-21 14:32:40 - [MESSAGE][PASSED] - uiaction.CommonUIActions.click is PASSED

2018-05-21 14:32:40 - [TEST_STEP][PASSED] - uiaction.CommonUIActions.click: uiaction.CommonUIActions.click is PASSED

2018-05-21 14:32:53 - [MESSAGE][PASSED] - uiaction.CommonUIActions.click is PASSED

2018-05-21 14:32:53 - [TEST_STEP][PASSED] - uiaction.CommonUIActions.click: uiaction.CommonUIActions.click is PASSED

2018-05-21 14:32:55 - [MESSAGE][PASSED] - uiaction.CommonUIActions.click is PASSED

2018-05-21 14:32:55 - [TEST_STEP][PASSED] - uiaction.CommonUIActions.click: uiaction.CommonUIActions.click is PASSED

2018-05-21 14:32:55 - [MESSAGE][PASSED] - uiaction.CommonUIActions.click is PASSED

2018-05-21 14:32:55 - [TEST_STEP][PASSED] - uiaction.CommonUIActions.enter: uiaction.CommonUIActions.enter is PASSED

2018-05-21 14:32:55 - [MESSAGE][PASSED] - projectSpecific.Reusability.getTestData is PASSED

2018-05-21 14:32:55 - [MESSAGE][PASSED] - uiaction.CommonUIActions.enter is PASSED

2018-05-21 14:32:55 - [TEST_STEP][PASSED] - uiaction.CommonUIActions.enter: uiaction.CommonUIActions.enter is PASSED

2018-05-21 14:32:55 - [MESSAGE][PASSED] - projectSpecific.Reusability.getTestData is PASSED

2018-05-21 14:32:56 - [MESSAGE][PASSED] - uiaction.CommonUIActions.enter is PASSED

2018-05-21 14:32:56 - [TEST_STEP][PASSED] - Statement - groupmain = CustomKeywords.projectSpecific.Reusability.getTestData("ReportingGroupManagementPage", "Summarygrp"): projectSpecific.Reusability.getTestData is PASSED

2018-05-21 14:32:56 - [MESSAGE][PASSED] - projectSpecific.Reusability.getTestData is PASSED

2018-05-21 14:32:56 - [TEST_STEP][PASSED] - delay: Delayed 10 second(s)

2018-05-21 14:33:06 - [MESSAGE][PASSED] - Delayed 10 second(s)

2018-05-21 14:33:06 - [TEST_STEP][PASSED] - Statement - driver = com.kms.katalon.core.webui.driver.DriverFactory.getWebDriver(): null

2018-05-21 14:33:06 - [TEST_STEP][PASSED] - Statement - grouplist = driver.findElements(org.openqa.selenium.By.xpath("//ul[@class='unlinked-grouplist']/li")): null

2018-05-21 14:33:06 - [TEST_STEP][PASSED] - delay: Delayed 10 second(s)

2018-05-21 14:33:16 - [MESSAGE][PASSED] - Delayed 10 second(s)

2018-05-21 14:33:16 - [TEST_STEP][PASSED] - Statement - For ([i = 0, i < grouplist.size(), (i++)]): null

2018-05-21 14:33:16 - [TEST_STEP][PASSED] - Statement - println(grouplist.get(i).getText()): null

2018-05-21 14:33:16 - [TEST_STEP][PASSED] - Statement - If (grouplist.get(i).getText().contains(storelabel.trim())): null

2018-05-21 14:33:16 - [TEST_STEP][PASSED] - Statement - println(grouplist.get(i).getText()): null

2018-05-21 14:33:16 - [TEST_STEP][PASSED] - Statement - If (grouplist.get(i).getText().contains(storelabel.trim())): null

2018-05-21 14:33:16 - [TEST_STEP][PASSED] - Statement - println(grouplist.get(i).getText()): null

2018-05-21 14:33:16 - [TEST_STEP][PASSED] - Statement - If (grouplist.get(i).getText().contains(storelabel.trim())): null

2018-05-21 14:33:16 - [TEST_STEP][PASSED] - Statement - println(grouplist.get(i).getText()): null

2018-05-21 14:33:16 - [TEST_STEP][PASSED] - Statement - If (grouplist.get(i).getText().contains(storelabel.trim())): null

2018-05-21 14:33:16 - [TEST_STEP][PASSED] - Statement - println(grouplist.get(i).getText()): null

2018-05-21 14:33:16 - [TEST_STEP][PASSED] - Statement - If (grouplist.get(i).getText().contains(storelabel.trim())): null

2018-05-21 14:33:16 - [TEST_STEP][PASSED] - Statement - println(grouplist.get(i).getText()): null

2018-05-21 14:33:16 - [TEST_STEP][PASSED] - Statement - If (grouplist.get(i).getText().contains(storelabel.trim())): null

2018-05-21 14:33:16 - [TEST_STEP][PASSED] - Statement - println(grouplist.get(i).getText()): null

2018-05-21 14:33:16 - [TEST_STEP][PASSED] - Statement - If (grouplist.get(i).getText().contains(storelabel.trim())): null

2018-05-21 14:33:16 - [TEST_STEP][PASSED] - Statement - println(grouplist.get(i).getText()): null

2018-05-21 14:33:16 - [TEST_STEP][PASSED] - Statement - If (grouplist.get(i).getText().contains(storelabel.trim())): null

2018-05-21 14:33:16 - [TEST_STEP][PASSED] - Statement - println(grouplist.get(i).getText()): null

2018-05-21 14:33:16 - [TEST_STEP][PASSED] - Statement - If (grouplist.get(i).getText().contains(storelabel.trim())): null

2018-05-21 14:33:16 - [TEST_STEP][PASSED] - Statement - println(grouplist.get(i).getText()): null

2018-05-21 14:33:16 - [TEST_STEP][PASSED] - Statement - If (grouplist.get(i).getText().contains(storelabel.trim())): null

2018-05-21 14:33:16 - [TEST_STEP][PASSED] - Statement - println(grouplist.get(i).getText()): null

2018-05-21 14:33:16 - [TEST_STEP][PASSED] - Statement - If (grouplist.get(i).getText().contains(storelabel.trim())): null

2018-05-21 14:33:16 - [TEST_STEP][PASSED] - Statement - println(grouplist.get(i).getText()): null

2018-05-21 14:33:16 - [TEST_STEP][PASSED] - Statement - If (grouplist.get(i).getText().contains(storelabel.trim())): null

2018-05-21 14:33:16 - [TEST_STEP][PASSED] - Statement - println(grouplist.get(i).getText()): null

2018-05-21 14:33:16 - [TEST_STEP][PASSED] - Statement - If (grouplist.get(i).getText().contains(storelabel.trim())): null

2018-05-21 14:33:16 - [TEST_STEP][PASSED] - Statement - println(grouplist.get(i).getText()): null

2018-05-21 14:33:16 - [TEST_STEP][PASSED] - Statement - If (grouplist.get(i).getText().contains(storelabel.trim())): null

2018-05-21 14:33:16 - [TEST_STEP][PASSED] - Statement - println(grouplist.get(i).getText()): null

2018-05-21 14:33:16 - [TEST_STEP][PASSED] - Statement - If (grouplist.get(i).getText().contains(storelabel.trim())): null

2018-05-21 14:33:16 - [TEST_STEP][PASSED] - Statement - println(grouplist.get(i).getText()): null

2018-05-21 14:33:16 - [TEST_STEP][PASSED] - Statement - If (grouplist.get(i).getText().contains(storelabel.trim())): null

2018-05-21 14:33:16 - [TEST_STEP][PASSED] - Statement - println(grouplist.get(i).getText()): null

2018-05-21 14:33:16 - [TEST_STEP][PASSED] - Statement - If (grouplist.get(i).getText().contains(storelabel.trim())): null

2018-05-21 14:33:16 - [TEST_STEP][PASSED] - Statement - println(grouplist.get(i).getText()): null

2018-05-21 14:33:16 - [TEST_STEP][PASSED] - Statement - If (grouplist.get(i).getText().contains(storelabel.trim())): null

2018-05-21 14:33:16 - [TEST_STEP][PASSED] - Statement - println(grouplist.get(i).getText()): null

2018-05-21 14:33:16 - [TEST_STEP][PASSED] - Statement - If (grouplist.get(i).getText().contains(storelabel.trim())): null

2018-05-21 14:33:16 - [TEST_STEP][PASSED] - Statement - println(grouplist.get(i).getText()): null

2018-05-21 14:33:16 - [TEST_STEP][PASSED] - Statement - If (grouplist.get(i).getText().contains(storelabel.trim())): null

2018-05-21 14:33:16 - [TEST_STEP][PASSED] - Statement - println(grouplist.get(i).getText()): null

2018-05-21 14:33:16 - [TEST_STEP][PASSED] - Statement - If (grouplist.get(i).getText().contains(storelabel.trim())): null

2018-05-21 14:33:16 - [TEST_STEP][PASSED] - Statement - println(grouplist.get(i).getText()): null

2018-05-21 14:33:16 - [TEST_STEP][PASSED] - Statement - If (grouplist.get(i).getText().contains(storelabel.trim())): null

2018-05-21 14:33:16 - [TEST_STEP][PASSED] - Statement - println(grouplist.get(i).getText()): null

2018-05-21 14:33:16 - [TEST_STEP][PASSED] - Statement - If (grouplist.get(i).getText().contains(storelabel.trim())): null

2018-05-21 14:33:16 - [TEST_STEP][PASSED] - Statement - println(grouplist.get(i).getText()): null

2018-05-21 14:33:16 - [TEST_STEP][PASSED] - Statement - If (grouplist.get(i).getText().contains(storelabel.trim())): null

2018-05-21 14:33:16 - [TEST_STEP][PASSED] - Statement - println(grouplist.get(i).getText()): null

2018-05-21 14:33:16 - [TEST_STEP][PASSED] - Statement - If (grouplist.get(i).getText().contains(storelabel.trim())): null

2018-05-21 14:33:16 - [TEST_STEP][PASSED] - Statement - println(grouplist.get(i).getText()): null

2018-05-21 14:33:16 - [TEST_STEP][PASSED] - Statement - If (grouplist.get(i).getText().contains(storelabel.trim())): null

2018-05-21 14:33:16 - [TEST_STEP][PASSED] - Statement - println(grouplist.get(i).getText()): null

2018-05-21 14:33:16 - [TEST_STEP][PASSED] - Statement - If (grouplist.get(i).getText().contains(storelabel.trim())): null

2018-05-21 14:33:16 - [TEST_STEP][PASSED] - Statement - println(grouplist.get(i).getText()): null

2018-05-21 14:33:16 - [TEST_STEP][PASSED] - Statement - If (grouplist.get(i).getText().contains(storelabel.trim())): null

2018-05-21 14:33:16 - [TEST_STEP][PASSED] - Statement - println(grouplist.get(i).getText()): null

2018-05-21 14:33:16 - [TEST_STEP][PASSED] - Statement - If (grouplist.get(i).getText().contains(storelabel.trim())): null

2018-05-21 14:33:16 - [TEST_STEP][PASSED] - Statement - println(grouplist.get(i).getText()): null

2018-05-21 14:33:16 - [TEST_STEP][PASSED] - Statement - If (grouplist.get(i).getText().contains(storelabel.trim())): null

2018-05-21 14:33:16 - [TEST_STEP][PASSED] - Statement - println(grouplist.get(i).getText()): null

2018-05-21 14:33:16 - [TEST_STEP][PASSED] - Statement - If (grouplist.get(i).getText().contains(storelabel.trim())): null

2018-05-21 14:33:16 - [TEST_STEP][PASSED] - Statement - println(grouplist.get(i).getText()): null

2018-05-21 14:33:16 - [TEST_STEP][PASSED] - Statement - If (grouplist.get(i).getText().contains(storelabel.trim())): null

2018-05-21 14:33:16 - [TEST_STEP][PASSED] - Statement - println(grouplist.get(i).getText()): null

2018-05-21 14:33:16 - [TEST_STEP][PASSED] - Statement - If (grouplist.get(i).getText().contains(storelabel.trim())): null

2018-05-21 14:33:16 - [TEST_STEP][PASSED] - Statement - println(grouplist.get(i).getText()): null

2018-05-21 14:33:16 - [TEST_STEP][PASSED] - Statement - If (grouplist.get(i).getText().contains(storelabel.trim())): null

2018-05-21 14:33:16 - [TEST_STEP][PASSED] - Statement - println(grouplist.get(i).getText()): null

2018-05-21 14:33:16 - [TEST_STEP][PASSED] - Statement - If (grouplist.get(i).getText().contains(storelabel.trim())): null

2018-05-21 14:33:16 - [TEST_STEP][PASSED] - Statement - println(grouplist.get(i).getText()): null

2018-05-21 14:33:16 - [TEST_STEP][PASSED] - Statement - If (grouplist.get(i).getText().contains(storelabel.trim())): null

2018-05-21 14:33:16 - [TEST_STEP][PASSED] - Statement - println(grouplist.get(i).getText()): null

2018-05-21 14:33:16 - [TEST_STEP][PASSED] - Statement - If (grouplist.get(i).getText().contains(storelabel.trim())): null

2018-05-21 14:33:16 - [TEST_STEP][PASSED] - Statement - println(grouplist.get(i).getText()): null

2018-05-21 14:33:16 - [TEST_STEP][PASSED] - Statement - If (grouplist.get(i).getText().contains(storelabel.trim())): null

2018-05-21 14:33:17 - [TEST_STEP][PASSED] - Statement - println(grouplist.get(i).getText()): null

2018-05-21 14:33:17 - [TEST_STEP][PASSED] - Statement - If (grouplist.get(i).getText().contains(storelabel.trim())): null

2018-05-21 14:33:17 - [TEST_STEP][PASSED] - Statement - println(grouplist.get(i).getText()): null

2018-05-21 14:33:17 - [TEST_STEP][PASSED] - Statement - If (grouplist.get(i).getText().contains(storelabel.trim())): null

2018-05-21 14:33:17 - [TEST_STEP][PASSED] - Statement - println(grouplist.get(i).getText()): null

2018-05-21 14:33:17 - [TEST_STEP][PASSED] - Statement - If (grouplist.get(i).getText().contains(storelabel.trim())): null

2018-05-21 14:33:17 - [TEST_STEP][PASSED] - Statement - println(grouplist.get(i).getText()): null

2018-05-21 14:33:17 - [TEST_STEP][PASSED] - Statement - If (grouplist.get(i).getText().contains(storelabel.trim())): null

2018-05-21 14:33:17 - [TEST_STEP][PASSED] - Statement - println(grouplist.get(i).getText()): null

2018-05-21 14:33:17 - [TEST_STEP][PASSED] - Statement - If (grouplist.get(i).getText().contains(storelabel.trim())): null

2018-05-21 14:33:17 - [TEST_STEP][PASSED] - Statement - println(grouplist.get(i).getText()): null

2018-05-21 14:33:17 - [TEST_STEP][PASSED] - Statement - If (grouplist.get(i).getText().contains(storelabel.trim())): null

2018-05-21 14:33:17 - [TEST_STEP][PASSED] - Statement - println(grouplist.get(i).getText()): null

2018-05-21 14:33:17 - [TEST_STEP][PASSED] - Statement - If (grouplist.get(i).getText().contains(storelabel.trim())): null

2018-05-21 14:33:17 - [TEST_STEP][PASSED] - Statement - println(grouplist.get(i).getText()): null

2018-05-21 14:33:17 - [TEST_STEP][PASSED] - Statement - If (grouplist.get(i).getText().contains(storelabel.trim())): null

2018-05-21 14:33:17 - [TEST_STEP][PASSED] - Statement - println(grouplist.get(i).getText()): null

2018-05-21 14:33:17 - [TEST_STEP][PASSED] - Statement - If (grouplist.get(i).getText().contains(storelabel.trim())): null

2018-05-21 14:33:17 - [TEST_STEP][PASSED] - Statement - println(grouplist.get(i).getText()): null

2018-05-21 14:33:17 - [TEST_STEP][PASSED] - Statement - If (grouplist.get(i).getText().contains(storelabel.trim())): null

2018-05-21 14:33:17 - [TEST_STEP][PASSED] - Statement - println(grouplist.get(i).getText()): null

2018-05-21 14:33:17 - [TEST_STEP][PASSED] - Statement - If (grouplist.get(i).getText().contains(storelabel.trim())): null

2018-05-21 14:33:17 - [TEST_STEP][PASSED] - Statement - println(grouplist.get(i).getText()): null

2018-05-21 14:33:17 - [TEST_STEP][PASSED] - Statement - If (grouplist.get(i).getText().contains(storelabel.trim())): null

2018-05-21 14:33:17 - [TEST_STEP][PASSED] - Statement - println(grouplist.get(i).getText()): null

2018-05-21 14:33:17 - [TEST_STEP][PASSED] - Statement - If (grouplist.get(i).getText().contains(storelabel.trim())): null

2018-05-21 14:33:17 - [TEST_STEP][PASSED] - Statement - println(grouplist.get(i).getText()): null

2018-05-21 14:33:17 - [TEST_STEP][PASSED] - Statement - If (grouplist.get(i).getText().contains(storelabel.trim())): null

2018-05-21 14:33:17 - [TEST_STEP][PASSED] - Statement - println(grouplist.get(i).getText()): null

2018-05-21 14:33:17 - [TEST_STEP][PASSED] - Statement - If (grouplist.get(i).getText().contains(storelabel.trim())): null

2018-05-21 14:33:17 - [TEST_STEP][PASSED] - Statement - println(grouplist.get(i).getText()): null

2018-05-21 14:33:17 - [TEST_STEP][PASSED] - Statement - If (grouplist.get(i).getText().contains(storelabel.trim())): null

2018-05-21 14:33:17 - [TEST_STEP][PASSED] - Statement - println(grouplist.get(i).getText()): null

2018-05-21 14:33:17 - [TEST_STEP][PASSED] - Statement - If (grouplist.get(i).getText().contains(storelabel.trim())): null

2018-05-21 14:33:17 - [TEST_STEP][PASSED] - Statement - println(grouplist.get(i).getText()): null

2018-05-21 14:33:17 - [TEST_STEP][PASSED] - Statement - If (grouplist.get(i).getText().contains(storelabel.trim())): null

2018-05-21 14:33:17 - [TEST_STEP][PASSED] - Statement - println(grouplist.get(i).getText()): null

2018-05-21 14:33:17 - [TEST_STEP][PASSED] - Statement - If (grouplist.get(i).getText().contains(storelabel.trim())): null

2018-05-21 14:33:17 - [TEST_STEP][PASSED] - Statement - println(grouplist.get(i).getText()): null

2018-05-21 14:33:17 - [TEST_STEP][PASSED] - Statement - If (grouplist.get(i).getText().contains(storelabel.trim())): null

2018-05-21 14:33:17 - [TEST_STEP][PASSED] - Statement - println(grouplist.get(i).getText()): null

2018-05-21 14:33:17 - [TEST_STEP][PASSED] - Statement - If (grouplist.get(i).getText().contains(storelabel.trim())): null

2018-05-21 14:33:17 - [TEST_STEP][PASSED] - Statement - println(grouplist.get(i).getText()): null

2018-05-21 14:33:17 - [TEST_STEP][PASSED] - Statement - If (grouplist.get(i).getText().contains(storelabel.trim())): null

2018-05-21 14:33:17 - [TEST_STEP][PASSED] - Statement - println(grouplist.get(i).getText()): null

2018-05-21 14:33:17 - [TEST_STEP][PASSED] - Statement - If (grouplist.get(i).getText().contains(storelabel.trim())): null

2018-05-21 14:33:17 - [TEST_STEP][PASSED] - Statement - println(grouplist.get(i).getText()): null

2018-05-21 14:33:17 - [TEST_STEP][PASSED] - Statement - If (grouplist.get(i).getText().contains(storelabel.trim())): null

2018-05-21 14:33:17 - [TEST_STEP][PASSED] - Statement - println(grouplist.get(i).getText()): null

2018-05-21 14:33:17 - [TEST_STEP][PASSED] - Statement - If (grouplist.get(i).getText().contains(storelabel.trim())): null

2018-05-21 14:33:17 - [TEST_STEP][PASSED] - Statement - println(grouplist.get(i).getText()): null

2018-05-21 14:33:17 - [TEST_STEP][PASSED] - Statement - If (grouplist.get(i).getText().contains(storelabel.trim())): null

2018-05-21 14:33:17 - [TEST_STEP][PASSED] - Statement - println(grouplist.get(i).getText()): null

2018-05-21 14:33:17 - [TEST_STEP][PASSED] - Statement - If (grouplist.get(i).getText().contains(storelabel.trim())): null

2018-05-21 14:33:17 - [TEST_STEP][PASSED] - Statement - println(grouplist.get(i).getText()): null

2018-05-21 14:33:17 - [TEST_STEP][PASSED] - Statement - If (grouplist.get(i).getText().contains(storelabel.trim())): null

2018-05-21 14:33:17 - [TEST_STEP][PASSED] - Statement - println(grouplist.get(i).getText()): null

2018-05-21 14:33:17 - [TEST_STEP][PASSED] - Statement - If (grouplist.get(i).getText().contains(storelabel.trim())): null

2018-05-21 14:33:17 - [TEST_STEP][PASSED] - Statement - println(grouplist.get(i).getText()): null

2018-05-21 14:33:17 - [TEST_STEP][PASSED] - Statement - If (grouplist.get(i).getText().contains(storelabel.trim())): null

2018-05-21 14:33:17 - [TEST_STEP][PASSED] - Statement - println(grouplist.get(i).getText()): null

2018-05-21 14:33:17 - [TEST_STEP][PASSED] - Statement - If (grouplist.get(i).getText().contains(storelabel.trim())): null

2018-05-21 14:33:17 - [TEST_STEP][PASSED] - Statement - println(grouplist.get(i).getText()): null

2018-05-21 14:33:17 - [TEST_STEP][PASSED] - Statement - If (grouplist.get(i).getText().contains(storelabel.trim())): null

2018-05-21 14:33:17 - [TEST_STEP][PASSED] - Statement - println(grouplist.get(i).getText()): null

2018-05-21 14:33:17 - [TEST_STEP][PASSED] - Statement - If (grouplist.get(i).getText().contains(storelabel.trim())): null

2018-05-21 14:33:17 - [TEST_STEP][PASSED] - Statement - println(grouplist.get(i).getText()): null

2018-05-21 14:33:17 - [TEST_STEP][PASSED] - Statement - If (grouplist.get(i).getText().contains(storelabel.trim())): null

2018-05-21 14:33:17 - [TEST_STEP][PASSED] - Statement - println(grouplist.get(i).getText()): null

2018-05-21 14:33:17 - [TEST_STEP][PASSED] - Statement - If (grouplist.get(i).getText().contains(storelabel.trim())): null

2018-05-21 14:33:17 - [TEST_STEP][PASSED] - Statement - println(grouplist.get(i).getText()): null

2018-05-21 14:33:17 - [TEST_STEP][PASSED] - Statement - If (grouplist.get(i).getText().contains(storelabel.trim())): null

2018-05-21 14:33:17 - [TEST_STEP][PASSED] - Statement - println(grouplist.get(i).getText()): null

2018-05-21 14:33:17 - [TEST_STEP][PASSED] - Statement - If (grouplist.get(i).getText().contains(storelabel.trim())): null

2018-05-21 14:33:17 - [TEST_STEP][PASSED] - Statement - println(grouplist.get(i).getText()): null

2018-05-21 14:33:17 - [TEST_STEP][PASSED] - Statement - If (grouplist.get(i).getText().contains(storelabel.trim())): null

2018-05-21 14:33:17 - [TEST_STEP][PASSED] - Statement - println(grouplist.get(i).getText()): null

2018-05-21 14:33:17 - [TEST_STEP][PASSED] - Statement - If (grouplist.get(i).getText().contains(storelabel.trim())): null

2018-05-21 14:33:17 - [TEST_STEP][PASSED] - Statement - println(grouplist.get(i).getText()): null

2018-05-21 14:33:17 - [TEST_STEP][PASSED] - Statement - If (grouplist.get(i).getText().contains(storelabel.trim())): null

2018-05-21 14:33:17 - [TEST_STEP][PASSED] - Statement - println(grouplist.get(i).getText()): null

2018-05-21 14:33:17 - [TEST_STEP][PASSED] - Statement - If (grouplist.get(i).getText().contains(storelabel.trim())): null

2018-05-21 14:33:17 - [TEST_STEP][PASSED] - Statement - println(grouplist.get(i).getText()): null

2018-05-21 14:33:17 - [TEST_STEP][PASSED] - Statement - If (grouplist.get(i).getText().contains(storelabel.trim())): null

2018-05-21 14:33:17 - [TEST_STEP][PASSED] - Statement - println(grouplist.get(i).getText()): null

2018-05-21 14:33:17 - [TEST_STEP][PASSED] - Statement - If (grouplist.get(i).getText().contains(storelabel.trim())): null

2018-05-21 14:33:17 - [TEST_STEP][PASSED] - Statement - println(grouplist.get(i).getText()): null

2018-05-21 14:33:18 - [TEST_STEP][PASSED] - Statement - If (grouplist.get(i).getText().contains(storelabel.trim())): null

2018-05-21 14:33:18 - [TEST_STEP][PASSED] - Statement - println(grouplist.get(i).getText()): null

2018-05-21 14:33:18 - [TEST_STEP][PASSED] - Statement - If (grouplist.get(i).getText().contains(storelabel.trim())): null

2018-05-21 14:33:18 - [TEST_STEP][PASSED] - Statement - println(grouplist.get(i).getText()): null

2018-05-21 14:33:18 - [TEST_STEP][PASSED] - Statement - If (grouplist.get(i).getText().contains(storelabel.trim())): null

2018-05-21 14:33:18 - [TEST_STEP][PASSED] - Statement - println(grouplist.get(i).getText()): null

2018-05-21 14:33:18 - [TEST_STEP][PASSED] - Statement - If (grouplist.get(i).getText().contains(storelabel.trim())): null

2018-05-21 14:33:18 - [TEST_STEP][PASSED] - Statement - println(grouplist.get(i).getText()): null

2018-05-21 14:33:18 - [TEST_STEP][PASSED] - Statement - If (grouplist.get(i).getText().contains(storelabel.trim())): null

2018-05-21 14:33:18 - [TEST_STEP][PASSED] - Statement - println(grouplist.get(i).getText()): null

2018-05-21 14:33:18 - [TEST_STEP][PASSED] - Statement - If (grouplist.get(i).getText().contains(storelabel.trim())): null

2018-05-21 14:33:18 - [TEST_STEP][PASSED] - Statement - println(grouplist.get(i).getText()): null

2018-05-21 14:33:18 - [TEST_STEP][PASSED] - Statement - If (grouplist.get(i).getText().contains(storelabel.trim())): null

2018-05-21 14:33:18 - [TEST_STEP][PASSED] - Statement - println(grouplist.get(i).getText()): null

2018-05-21 14:33:18 - [TEST_STEP][PASSED] - Statement - If (grouplist.get(i).getText().contains(storelabel.trim())): null

2018-05-21 14:33:18 - [TEST_STEP][PASSED] - Statement - println(grouplist.get(i).getText()): null

2018-05-21 14:33:18 - [TEST_STEP][PASSED] - Statement - If (grouplist.get(i).getText().contains(storelabel.trim())): null

2018-05-21 14:33:18 - [TEST_STEP][PASSED] - Statement - println(grouplist.get(i).getText()): null

2018-05-21 14:33:18 - [TEST_STEP][PASSED] - Statement - If (grouplist.get(i).getText().contains(storelabel.trim())): null

2018-05-21 14:33:18 - [TEST_STEP][PASSED] - Statement - println(grouplist.get(i).getText()): null

2018-05-21 14:33:18 - [TEST_STEP][PASSED] - Statement - If (grouplist.get(i).getText().contains(storelabel.trim())): null

2018-05-21 14:33:18 - [TEST_STEP][PASSED] - Statement - println(grouplist.get(i).getText()): null

2018-05-21 14:33:18 - [TEST_STEP][PASSED] - Statement - If (grouplist.get(i).getText().contains(storelabel.trim())): null

2018-05-21 14:33:18 - [TEST_STEP][PASSED] - Statement - println(grouplist.get(i).getText()): null

2018-05-21 14:33:18 - [TEST_STEP][PASSED] - Statement - If (grouplist.get(i).getText().contains(storelabel.trim())): null

2018-05-21 14:33:18 - [TEST_STEP][PASSED] - Statement - println(grouplist.get(i).getText()): null

2018-05-21 14:33:18 - [TEST_STEP][PASSED] - Statement - If (grouplist.get(i).getText().contains(storelabel.trim())): null

2018-05-21 14:33:18 - [TEST_STEP][PASSED] - Statement - println(grouplist.get(i).getText()): null

2018-05-21 14:33:18 - [TEST_STEP][PASSED] - Statement - If (grouplist.get(i).getText().contains(storelabel.trim())): null

2018-05-21 14:33:18 - [TEST_STEP][PASSED] - Statement - println(grouplist.get(i).getText()): null

2018-05-21 14:33:18 - [TEST_STEP][PASSED] - Statement - If (grouplist.get(i).getText().contains(storelabel.trim())): null

2018-05-21 14:33:18 - [TEST_STEP][PASSED] - Statement - println(grouplist.get(i).getText()): null

2018-05-21 14:33:18 - [TEST_STEP][PASSED] - Statement - If (grouplist.get(i).getText().contains(storelabel.trim())): null

2018-05-21 14:33:18 - [TEST_STEP][PASSED] - Statement - println(grouplist.get(i).getText()): null

2018-05-21 14:33:18 - [TEST_STEP][PASSED] - Statement - If (grouplist.get(i).getText().contains(storelabel.trim())): null

2018-05-21 14:33:18 - [TEST_STEP][PASSED] - Statement - println(grouplist.get(i).getText()): null

2018-05-21 14:33:18 - [TEST_STEP][PASSED] - Statement - If (grouplist.get(i).getText().contains(storelabel.trim())): null

2018-05-21 14:33:18 - [TEST_STEP][PASSED] - Statement - println(grouplist.get(i).getText()): null

2018-05-21 14:33:18 - [TEST_STEP][PASSED] - Statement - If (grouplist.get(i).getText().contains(storelabel.trim())): null

2018-05-21 14:33:18 - [TEST_STEP][PASSED] - Statement - println(grouplist.get(i).getText()): null

2018-05-21 14:33:18 - [TEST_STEP][PASSED] - Statement - If (grouplist.get(i).getText().contains(storelabel.trim())): null

2018-05-21 14:33:18 - [TEST_STEP][PASSED] - Statement - println(grouplist.get(i).getText()): null

2018-05-21 14:33:18 - [TEST_STEP][PASSED] - Statement - If (grouplist.get(i).getText().contains(storelabel.trim())): null

2018-05-21 14:33:18 - [TEST_STEP][PASSED] - Statement - println(grouplist.get(i).getText()): null

2018-05-21 14:33:18 - [TEST_STEP][PASSED] - Statement - If (grouplist.get(i).getText().contains(storelabel.trim())): null

2018-05-21 14:33:18 - [TEST_STEP][PASSED] - Statement - println(grouplist.get(i).getText()): null

2018-05-21 14:33:18 - [TEST_STEP][PASSED] - Statement - If (grouplist.get(i).getText().contains(storelabel.trim())): null

2018-05-21 14:33:18 - [TEST_STEP][PASSED] - Statement - println(grouplist.get(i).getText()): null

2018-05-21 14:33:18 - [TEST_STEP][PASSED] - Statement - If (grouplist.get(i).getText().contains(storelabel.trim())): null

2018-05-21 14:33:18 - [TEST_STEP][PASSED] - Statement - println(grouplist.get(i).getText()): null

2018-05-21 14:33:18 - [TEST_STEP][PASSED] - Statement - If (grouplist.get(i).getText().contains(storelabel.trim())): null

2018-05-21 14:33:18 - [TEST_STEP][PASSED] - Statement - println(grouplist.get(i).getText()): null

2018-05-21 14:33:18 - [TEST_STEP][PASSED] - Statement - If (grouplist.get(i).getText().contains(storelabel.trim())): null

2018-05-21 14:33:18 - [TEST_STEP][PASSED] - Statement - println(grouplist.get(i).getText()): null

2018-05-21 14:33:18 - [TEST_STEP][PASSED] - Statement - If (grouplist.get(i).getText().contains(storelabel.trim())): null

2018-05-21 14:33:18 - [TEST_STEP][PASSED] - Statement - println(grouplist.get(i).getText()): null

2018-05-21 14:33:18 - [TEST_STEP][PASSED] - Statement - If (grouplist.get(i).getText().contains(storelabel.trim())): null

2018-05-21 14:33:18 - [TEST_STEP][PASSED] - Statement - println(grouplist.get(i).getText()): null

2018-05-21 14:33:18 - [TEST_STEP][PASSED] - Statement - If (grouplist.get(i).getText().contains(storelabel.trim())): null

2018-05-21 14:33:18 - [TEST_STEP][PASSED] - Statement - println(grouplist.get(i).getText()): null

2018-05-21 14:33:18 - [TEST_STEP][PASSED] - Statement - If (grouplist.get(i).getText().contains(storelabel.trim())): null

2018-05-21 14:33:18 - [TEST_STEP][PASSED] - Statement - println(grouplist.get(i).getText()): null

2018-05-21 14:33:18 - [TEST_STEP][PASSED] - Statement - If (grouplist.get(i).getText().contains(storelabel.trim())): null

2018-05-21 14:33:18 - [TEST_STEP][PASSED] - Statement - println(grouplist.get(i).getText()): null

2018-05-21 14:33:18 - [TEST_STEP][PASSED] - Statement - If (grouplist.get(i).getText().contains(storelabel.trim())): null

2018-05-21 14:33:18 - [TEST_STEP][PASSED] - Statement - println(grouplist.get(i).getText()): null

2018-05-21 14:33:18 - [TEST_STEP][PASSED] - Statement - If (grouplist.get(i).getText().contains(storelabel.trim())): null

2018-05-21 14:33:18 - [TEST_STEP][PASSED] - Statement - println(grouplist.get(i).getText()): null

2018-05-21 14:33:18 - [TEST_STEP][PASSED] - Statement - If (grouplist.get(i).getText().contains(storelabel.trim())): null

2018-05-21 14:33:18 - [TEST_STEP][PASSED] - Statement - println(grouplist.get(i).getText()): null

2018-05-21 14:33:18 - [TEST_STEP][PASSED] - Statement - If (grouplist.get(i).getText().contains(storelabel.trim())): null

2018-05-21 14:33:18 - [TEST_STEP][PASSED] - Statement - println(grouplist.get(i).getText()): null

2018-05-21 14:33:18 - [TEST_STEP][PASSED] - Statement - If (grouplist.get(i).getText().contains(storelabel.trim())): null

2018-05-21 14:33:18 - [TEST_STEP][PASSED] - Statement - println(grouplist.get(i).getText()): null

2018-05-21 14:33:18 - [TEST_STEP][PASSED] - Statement - If (grouplist.get(i).getText().contains(storelabel.trim())): null

2018-05-21 14:33:18 - [TEST_STEP][PASSED] - Statement - println(grouplist.get(i).getText()): null

2018-05-21 14:33:18 - [TEST_STEP][PASSED] - Statement - If (grouplist.get(i).getText().contains(storelabel.trim())): null

2018-05-21 14:33:18 - [TEST_STEP][PASSED] - Statement - println(grouplist.get(i).getText()): null

2018-05-21 14:33:18 - [TEST_STEP][PASSED] - Statement - If (grouplist.get(i).getText().contains(storelabel.trim())): null

2018-05-21 14:33:18 - [TEST_STEP][PASSED] - Statement - println(grouplist.get(i).getText()): null

2018-05-21 14:33:18 - [TEST_STEP][PASSED] - Statement - If (grouplist.get(i).getText().contains(storelabel.trim())): null

2018-05-21 14:33:18 - [TEST_STEP][PASSED] - Statement - println(grouplist.get(i).getText()): null

2018-05-21 14:33:18 - [TEST_STEP][PASSED] - Statement - If (grouplist.get(i).getText().contains(storelabel.trim())): null

2018-05-21 14:33:18 - [TEST_STEP][PASSED] - Statement - println(grouplist.get(i).getText()): null

2018-05-21 14:33:18 - [TEST_STEP][PASSED] - Statement - If (grouplist.get(i).getText().contains(storelabel.trim())): null

2018-05-21 14:33:18 - [TEST_STEP][PASSED] - Statement - println(grouplist.get(i).getText()): null

2018-05-21 14:33:18 - [TEST_STEP][PASSED] - Statement - If (grouplist.get(i).getText().contains(storelabel.trim())): null

2018-05-21 14:33:18 - [TEST_STEP][PASSED] - Statement - println(grouplist.get(i).getText()): null

2018-05-21 14:33:19 - [TEST_STEP][PASSED] - Statement - If (grouplist.get(i).getText().contains(storelabel.trim())): null

2018-05-21 14:33:19 - [TEST_STEP][PASSED] - Statement - println(grouplist.get(i).getText()): null

2018-05-21 14:33:19 - [TEST_STEP][PASSED] - Statement - If (grouplist.get(i).getText().contains(storelabel.trim())): null

2018-05-21 14:33:19 - [TEST_STEP][PASSED] - Statement - println(grouplist.get(i).getText()): null

2018-05-21 14:33:19 - [TEST_STEP][PASSED] - Statement - If (grouplist.get(i).getText().contains(storelabel.trim())): null

2018-05-21 14:33:19 - [TEST_STEP][PASSED] - Statement - println(grouplist.get(i).getText()): null

2018-05-21 14:33:19 - [TEST_STEP][PASSED] - Statement - If (grouplist.get(i).getText().contains(storelabel.trim())): null

2018-05-21 14:33:19 - [TEST_STEP][PASSED] - Statement - println(grouplist.get(i).getText()): null

2018-05-21 14:33:19 - [TEST_STEP][PASSED] - Statement - If (grouplist.get(i).getText().contains(storelabel.trim())): null

2018-05-21 14:33:19 - [TEST_STEP][PASSED] - Statement - println(grouplist.get(i).getText()): null

2018-05-21 14:33:19 - [TEST_STEP][PASSED] - Statement - If (grouplist.get(i).getText().contains(storelabel.trim())): null

2018-05-21 14:33:19 - [TEST_STEP][PASSED] - Statement - println(grouplist.get(i).getText()): null

2018-05-21 14:33:19 - [TEST_STEP][PASSED] - Statement - If (grouplist.get(i).getText().contains(storelabel.trim())): null

2018-05-21 14:33:19 - [TEST_STEP][PASSED] - Statement - println(grouplist.get(i).getText()): null

2018-05-21 14:33:19 - [TEST_STEP][PASSED] - Statement - If (grouplist.get(i).getText().contains(storelabel.trim())): null

2018-05-21 14:33:19 - [TEST_STEP][PASSED] - Statement - println(grouplist.get(i).getText()): null

2018-05-21 14:33:19 - [TEST_STEP][PASSED] - Statement - If (grouplist.get(i).getText().contains(storelabel.trim())): null

2018-05-21 14:33:19 - [TEST_STEP][PASSED] - Statement - println(grouplist.get(i).getText()): null

2018-05-21 14:33:19 - [TEST_STEP][PASSED] - Statement - If (grouplist.get(i).getText().contains(storelabel.trim())): null

2018-05-21 14:33:19 - [TEST_STEP][PASSED] - Statement - println(grouplist.get(i).getText()): null

2018-05-21 14:33:19 - [TEST_STEP][PASSED] - Statement - If (grouplist.get(i).getText().contains(storelabel.trim())): null

2018-05-21 14:33:19 - [TEST_STEP][PASSED] - Statement - println(grouplist.get(i).getText()): null

2018-05-21 14:33:19 - [TEST_STEP][PASSED] - Statement - If (grouplist.get(i).getText().contains(storelabel.trim())): null

2018-05-21 14:33:19 - [TEST_STEP][PASSED] - Statement - println(grouplist.get(i).getText()): null

2018-05-21 14:33:19 - [TEST_STEP][PASSED] - Statement - If (grouplist.get(i).getText().contains(storelabel.trim())): null

2018-05-21 14:33:19 - [TEST_STEP][PASSED] - Statement - println(grouplist.get(i).getText()): null

2018-05-21 14:33:19 - [TEST_STEP][PASSED] - Statement - If (grouplist.get(i).getText().contains(storelabel.trim())): null

2018-05-21 14:33:19 - [TEST_STEP][PASSED] - Statement - println(grouplist.get(i).getText()): null

2018-05-21 14:33:19 - [TEST_STEP][PASSED] - Statement - If (grouplist.get(i).getText().contains(storelabel.trim())): null

2018-05-21 14:33:19 - [TEST_STEP][PASSED] - Statement - println(grouplist.get(i).getText()): null

2018-05-21 14:33:19 - [TEST_STEP][PASSED] - Statement - If (grouplist.get(i).getText().contains(storelabel.trim())): null

2018-05-21 14:33:19 - [TEST_STEP][PASSED] - Statement - println(grouplist.get(i).getText()): null

2018-05-21 14:33:19 - [TEST_STEP][PASSED] - Statement - If (grouplist.get(i).getText().contains(storelabel.trim())): null

2018-05-21 14:33:19 - [TEST_STEP][PASSED] - Statement - println(grouplist.get(i).getText()): null

2018-05-21 14:33:19 - [TEST_STEP][PASSED] - Statement - If (grouplist.get(i).getText().contains(storelabel.trim())): null

2018-05-21 14:33:19 - [TEST_STEP][PASSED] - Statement - println(grouplist.get(i).getText()): null

2018-05-21 14:33:19 - [TEST_STEP][PASSED] - Statement - If (grouplist.get(i).getText().contains(storelabel.trim())): null

2018-05-21 14:33:19 - [TEST_STEP][PASSED] - Statement - println(grouplist.get(i).getText()): null

2018-05-21 14:33:19 - [TEST_STEP][PASSED] - Statement - If (grouplist.get(i).getText().contains(storelabel.trim())): null

2018-05-21 14:33:19 - [TEST_STEP][PASSED] - Statement - println(grouplist.get(i).getText()): null

2018-05-21 14:33:19 - [TEST_STEP][PASSED] - Statement - If (grouplist.get(i).getText().contains(storelabel.trim())): null

2018-05-21 14:33:19 - [TEST_STEP][PASSED] - Statement - println(grouplist.get(i).getText()): null

2018-05-21 14:33:19 - [TEST_STEP][PASSED] - Statement - If (grouplist.get(i).getText().contains(storelabel.trim())): null

2018-05-21 14:33:19 - [TEST_STEP][PASSED] - Statement - println(grouplist.get(i).getText()): null

2018-05-21 14:33:19 - [TEST_STEP][PASSED] - Statement - If (grouplist.get(i).getText().contains(storelabel.trim())): null

2018-05-21 14:33:19 - [TEST_STEP][PASSED] - Statement - println(grouplist.get(i).getText()): null

2018-05-21 14:33:19 - [TEST_STEP][PASSED] - Statement - If (grouplist.get(i).getText().contains(storelabel.trim())): null

2018-05-21 14:33:19 - [TEST_STEP][PASSED] - Statement - println(grouplist.get(i).getText()): null

2018-05-21 14:33:19 - [TEST_STEP][PASSED] - Statement - If (grouplist.get(i).getText().contains(storelabel.trim())): null

2018-05-21 14:33:19 - [TEST_STEP][PASSED] - Statement - println(grouplist.get(i).getText()): null

2018-05-21 14:33:19 - [TEST_STEP][PASSED] - Statement - If (grouplist.get(i).getText().contains(storelabel.trim())): null

2018-05-21 14:33:19 - [TEST_STEP][PASSED] - Statement - println(grouplist.get(i).getText()): null

2018-05-21 14:33:19 - [TEST_STEP][PASSED] - Statement - If (grouplist.get(i).getText().contains(storelabel.trim())): null

2018-05-21 14:33:19 - [TEST_STEP][PASSED] - Statement - println(grouplist.get(i).getText()): null

2018-05-21 14:33:19 - [TEST_STEP][PASSED] - Statement - If (grouplist.get(i).getText().contains(storelabel.trim())): null

2018-05-21 14:33:19 - [TEST_STEP][PASSED] - Statement - println(grouplist.get(i).getText()): null

2018-05-21 14:33:19 - [TEST_STEP][PASSED] - Statement - If (grouplist.get(i).getText().contains(storelabel.trim())): null

2018-05-21 14:33:19 - [TEST_STEP][PASSED] - Statement - println(grouplist.get(i).getText()): null

2018-05-21 14:33:19 - [TEST_STEP][PASSED] - Statement - If (grouplist.get(i).getText().contains(storelabel.trim())): null

2018-05-21 14:33:19 - [TEST_STEP][PASSED] - Statement - println(grouplist.get(i).getText()): null

2018-05-21 14:33:19 - [TEST_STEP][PASSED] - Statement - If (grouplist.get(i).getText().contains(storelabel.trim())): null

2018-05-21 14:33:19 - [TEST_STEP][PASSED] - Statement - println(grouplist.get(i).getText()): null

2018-05-21 14:33:19 - [TEST_STEP][PASSED] - Statement - If (grouplist.get(i).getText().contains(storelabel.trim())): null

2018-05-21 14:33:19 - [TEST_STEP][PASSED] - Statement - println(grouplist.get(i).getText()): null

2018-05-21 14:33:19 - [TEST_STEP][PASSED] - Statement - If (grouplist.get(i).getText().contains(storelabel.trim())): null

2018-05-21 14:33:19 - [TEST_STEP][PASSED] - Statement - println(grouplist.get(i).getText()): null

2018-05-21 14:33:19 - [TEST_STEP][PASSED] - Statement - If (grouplist.get(i).getText().contains(storelabel.trim())): null

2018-05-21 14:33:19 - [TEST_STEP][PASSED] - Statement - println(grouplist.get(i).getText()): null

2018-05-21 14:33:19 - [TEST_STEP][PASSED] - Statement - If (grouplist.get(i).getText().contains(storelabel.trim())): null

2018-05-21 14:33:19 - [TEST_STEP][PASSED] - Statement - println(grouplist.get(i).getText()): null

2018-05-21 14:33:19 - [TEST_STEP][PASSED] - Statement - If (grouplist.get(i).getText().contains(storelabel.trim())): null

2018-05-21 14:33:19 - [TEST_STEP][PASSED] - Statement - println(grouplist.get(i).getText()): null

2018-05-21 14:33:19 - [TEST_STEP][PASSED] - Statement - If (grouplist.get(i).getText().contains(storelabel.trim())): null

2018-05-21 14:33:19 - [TEST_STEP][PASSED] - Statement - println(grouplist.get(i).getText()): null

2018-05-21 14:33:19 - [TEST_STEP][PASSED] - Statement - If (grouplist.get(i).getText().contains(storelabel.trim())): null

2018-05-21 14:33:19 - [TEST_STEP][PASSED] - Statement - println(grouplist.get(i).getText()): null

2018-05-21 14:33:19 - [TEST_STEP][PASSED] - Statement - If (grouplist.get(i).getText().contains(storelabel.trim())): null

2018-05-21 14:33:19 - [TEST_STEP][PASSED] - Statement - println(grouplist.get(i).getText()): null

2018-05-21 14:33:19 - [TEST_STEP][PASSED] - Statement - If (grouplist.get(i).getText().contains(storelabel.trim())): null

2018-05-21 14:33:19 - [TEST_STEP][PASSED] - Statement - println(grouplist.get(i).getText()): null

2018-05-21 14:33:19 - [TEST_STEP][PASSED] - Statement - If (grouplist.get(i).getText().contains(storelabel.trim())): null

2018-05-21 14:33:19 - [TEST_STEP][PASSED] - Statement - println(grouplist.get(i).getText()): null

2018-05-21 14:33:19 - [TEST_STEP][PASSED] - Statement - If (grouplist.get(i).getText().contains(storelabel.trim())): null

2018-05-21 14:33:19 - [TEST_STEP][PASSED] - Statement - println(grouplist.get(i).getText()): null

2018-05-21 14:33:19 - [TEST_STEP][PASSED] - Statement - If (grouplist.get(i).getText().contains(storelabel.trim())): null

2018-05-21 14:33:19 - [TEST_STEP][PASSED] - Statement - println(grouplist.get(i).getText()): null

2018-05-21 14:33:19 - [TEST_STEP][PASSED] - Statement - If (grouplist.get(i).getText().contains(storelabel.trim())): null

2018-05-21 14:33:19 - [TEST_STEP][PASSED] - Statement - println(grouplist.get(i).getText()): null

2018-05-21 14:33:20 - [TEST_STEP][PASSED] - Statement - If (grouplist.get(i).getText().contains(storelabel.trim())): null

2018-05-21 14:33:20 - [TEST_STEP][PASSED] - Statement - println(grouplist.get(i).getText()): null

2018-05-21 14:33:20 - [TEST_STEP][PASSED] - Statement - If (grouplist.get(i).getText().contains(storelabel.trim())): null

2018-05-21 14:33:20 - [TEST_STEP][PASSED] - Statement - println(grouplist.get(i).getText()): null

2018-05-21 14:33:20 - [TEST_STEP][PASSED] - Statement - If (grouplist.get(i).getText().contains(storelabel.trim())): null

2018-05-21 14:33:20 - [TEST_STEP][PASSED] - Statement - println(grouplist.get(i).getText()): null

2018-05-21 14:33:20 - [TEST_STEP][PASSED] - Statement - If (grouplist.get(i).getText().contains(storelabel.trim())): null

2018-05-21 14:33:20 - [TEST_STEP][PASSED] - Statement - println(grouplist.get(i).getText()): null

2018-05-21 14:33:20 - [TEST_STEP][PASSED] - Statement - If (grouplist.get(i).getText().contains(storelabel.trim())): null

2018-05-21 14:33:20 - [TEST_STEP][PASSED] - Statement - println(grouplist.get(i).getText()): null

2018-05-21 14:33:20 - [TEST_STEP][PASSED] - Statement - If (grouplist.get(i).getText().contains(storelabel.trim())): null

2018-05-21 14:33:20 - [TEST_STEP][PASSED] - Statement - println(grouplist.get(i).getText()): null

2018-05-21 14:33:20 - [TEST_STEP][PASSED] - Statement - If (grouplist.get(i).getText().contains(storelabel.trim())): null

2018-05-21 14:33:20 - [TEST_STEP][PASSED] - Statement - println(grouplist.get(i).getText()): null

2018-05-21 14:33:20 - [TEST_STEP][PASSED] - Statement - If (grouplist.get(i).getText().contains(storelabel.trim())): null

2018-05-21 14:33:20 - [TEST_STEP][PASSED] - Statement - println(grouplist.get(i).getText()): null

2018-05-21 14:33:20 - [TEST_STEP][PASSED] - Statement - If (grouplist.get(i).getText().contains(storelabel.trim())): null

2018-05-21 14:33:20 - [TEST_STEP][PASSED] - Statement - println(grouplist.get(i).getText()): null

2018-05-21 14:33:20 - [TEST_STEP][PASSED] - Statement - If (grouplist.get(i).getText().contains(storelabel.trim())): null

2018-05-21 14:33:20 - [TEST_STEP][PASSED] - Statement - println(grouplist.get(i).getText()): null

2018-05-21 14:33:20 - [TEST_STEP][PASSED] - Statement - If (grouplist.get(i).getText().contains(storelabel.trim())): null

2018-05-21 14:33:20 - [TEST_STEP][PASSED] - Statement - println(grouplist.get(i).getText()): null

2018-05-21 14:33:20 - [TEST_STEP][PASSED] - Statement - If (grouplist.get(i).getText().contains(storelabel.trim())): null

2018-05-21 14:33:20 - [TEST_STEP][PASSED] - Statement - println(grouplist.get(i).getText()): null

2018-05-21 14:33:20 - [TEST_STEP][PASSED] - Statement - If (grouplist.get(i).getText().contains(storelabel.trim())): null

2018-05-21 14:33:20 - [TEST_STEP][PASSED] - Statement - println(grouplist.get(i).getText()): null

2018-05-21 14:33:20 - [TEST_STEP][PASSED] - Statement - If (grouplist.get(i).getText().contains(storelabel.trim())): null

2018-05-21 14:33:20 - [TEST_STEP][PASSED] - Statement - println(grouplist.get(i).getText()): null

2018-05-21 14:33:20 - [TEST_STEP][PASSED] - Statement - If (grouplist.get(i).getText().contains(storelabel.trim())): null

2018-05-21 14:33:20 - [TEST_STEP][PASSED] - Statement - println(grouplist.get(i).getText()): null

2018-05-21 14:33:20 - [TEST_STEP][PASSED] - Statement - If (grouplist.get(i).getText().contains(storelabel.trim())): null

2018-05-21 14:33:20 - [TEST_STEP][PASSED] - Statement - println(grouplist.get(i).getText()): null

2018-05-21 14:33:20 - [TEST_STEP][PASSED] - Statement - If (grouplist.get(i).getText().contains(storelabel.trim())): null

2018-05-21 14:33:20 - [TEST_STEP][PASSED] - Statement - println(grouplist.get(i).getText()): null

2018-05-21 14:33:20 - [TEST_STEP][PASSED] - Statement - If (grouplist.get(i).getText().contains(storelabel.trim())): null

2018-05-21 14:33:20 - [TEST_STEP][PASSED] - Statement - println(grouplist.get(i).getText()): null

2018-05-21 14:33:20 - [TEST_STEP][PASSED] - Statement - If (grouplist.get(i).getText().contains(storelabel.trim())): null

2018-05-21 14:33:20 - [TEST_STEP][PASSED] - Statement - println(grouplist.get(i).getText()): null

2018-05-21 14:33:20 - [TEST_STEP][PASSED] - Statement - If (grouplist.get(i).getText().contains(storelabel.trim())): null

2018-05-21 14:33:20 - [TEST_STEP][PASSED] - Statement - println(grouplist.get(i).getText()): null

2018-05-21 14:33:20 - [TEST_STEP][PASSED] - Statement - If (grouplist.get(i).getText().contains(storelabel.trim())): null

2018-05-21 14:33:20 - [TEST_STEP][PASSED] - Statement - println(grouplist.get(i).getText()): null

2018-05-21 14:33:20 - [TEST_STEP][PASSED] - Statement - If (grouplist.get(i).getText().contains(storelabel.trim())): null

2018-05-21 14:33:20 - [TEST_STEP][PASSED] - Statement - println(grouplist.get(i).getText()): null

2018-05-21 14:33:20 - [TEST_STEP][PASSED] - Statement - If (grouplist.get(i).getText().contains(storelabel.trim())): null

2018-05-21 14:33:20 - [TEST_STEP][PASSED] - Statement - println(grouplist.get(i).getText()): null

2018-05-21 14:33:20 - [TEST_STEP][PASSED] - Statement - If (grouplist.get(i).getText().contains(storelabel.trim())): null

2018-05-21 14:33:20 - [TEST_STEP][PASSED] - Statement - println(grouplist.get(i).getText()): null

2018-05-21 14:33:20 - [TEST_STEP][PASSED] - Statement - If (grouplist.get(i).getText().contains(storelabel.trim())): null

2018-05-21 14:33:20 - [TEST_STEP][PASSED] - Statement - println(grouplist.get(i).getText()): null

2018-05-21 14:33:20 - [TEST_STEP][PASSED] - Statement - If (grouplist.get(i).getText().contains(storelabel.trim())): null

2018-05-21 14:33:20 - [TEST_STEP][PASSED] - Statement - println(grouplist.get(i).getText()): null

2018-05-21 14:33:20 - [TEST_STEP][PASSED] - Statement - If (grouplist.get(i).getText().contains(storelabel.trim())): null

2018-05-21 14:33:20 - [TEST_STEP][PASSED] - Statement - println(grouplist.get(i).getText()): null

2018-05-21 14:33:20 - [TEST_STEP][PASSED] - Statement - If (grouplist.get(i).getText().contains(storelabel.trim())): null

2018-05-21 14:33:20 - [TEST_STEP][PASSED] - Statement - println(grouplist.get(i).getText()): null

2018-05-21 14:33:20 - [TEST_STEP][PASSED] - Statement - If (grouplist.get(i).getText().contains(storelabel.trim())): null

2018-05-21 14:33:20 - [TEST_STEP][PASSED] - Statement - println(grouplist.get(i).getText()): null

2018-05-21 14:33:20 - [TEST_STEP][PASSED] - Statement - If (grouplist.get(i).getText().contains(storelabel.trim())): null

2018-05-21 14:33:20 - [TEST_STEP][PASSED] - Statement - println(grouplist.get(i).getText()): null

2018-05-21 14:33:20 - [TEST_STEP][PASSED] - Statement - If (grouplist.get(i).getText().contains(storelabel.trim())): null

2018-05-21 14:33:20 - [TEST_STEP][PASSED] - Statement - println(grouplist.get(i).getText()): null

2018-05-21 14:33:20 - [TEST_STEP][PASSED] - Statement - If (grouplist.get(i).getText().contains(storelabel.trim())): null

2018-05-21 14:33:20 - [TEST_STEP][PASSED] - Statement - println(grouplist.get(i).getText()): null

2018-05-21 14:33:20 - [TEST_STEP][PASSED] - Statement - If (grouplist.get(i).getText().contains(storelabel.trim())): null

2018-05-21 14:33:20 - [TEST_STEP][PASSED] - Statement - println(grouplist.get(i).getText()): null

2018-05-21 14:33:20 - [TEST_STEP][PASSED] - Statement - If (grouplist.get(i).getText().contains(storelabel.trim())): null

2018-05-21 14:33:20 - [TEST_STEP][PASSED] - Statement - println(grouplist.get(i).getText()): null

2018-05-21 14:33:20 - [TEST_STEP][PASSED] - Statement - If (grouplist.get(i).getText().contains(storelabel.trim())): null

2018-05-21 14:33:20 - [TEST_STEP][PASSED] - Statement - println(grouplist.get(i).getText()): null

2018-05-21 14:33:20 - [TEST_STEP][PASSED] - Statement - If (grouplist.get(i).getText().contains(storelabel.trim())): null

2018-05-21 14:33:20 - [TEST_STEP][PASSED] - Statement - println(grouplist.get(i).getText()): null

2018-05-21 14:33:20 - [TEST_STEP][PASSED] - Statement - If (grouplist.get(i).getText().contains(storelabel.trim())): null

2018-05-21 14:33:20 - [TEST_STEP][PASSED] - Statement - println(grouplist.get(i).getText()): null

2018-05-21 14:33:20 - [TEST_STEP][PASSED] - Statement - If (grouplist.get(i).getText().contains(storelabel.trim())): null

2018-05-21 14:33:20 - [TEST_STEP][PASSED] - Statement - println(grouplist.get(i).getText()): null

2018-05-21 14:33:20 - [TEST_STEP][PASSED] - Statement - If (grouplist.get(i).getText().contains(storelabel.trim())): null

2018-05-21 14:33:20 - [TEST_STEP][PASSED] - Statement - println(grouplist.get(i).getText()): null

2018-05-21 14:33:20 - [TEST_STEP][PASSED] - Statement - If (grouplist.get(i).getText().contains(storelabel.trim())): null

2018-05-21 14:33:20 - [TEST_STEP][PASSED] - Statement - println(grouplist.get(i).getText()): null

2018-05-21 14:33:20 - [TEST_STEP][PASSED] - Statement - If (grouplist.get(i).getText().contains(storelabel.trim())): null

2018-05-21 14:33:20 - [TEST_STEP][PASSED] - Statement - println(grouplist.get(i).getText()): null

2018-05-21 14:33:20 - [TEST_STEP][PASSED] - Statement - If (grouplist.get(i).getText().contains(storelabel.trim())): null

2018-05-21 14:33:20 - [TEST_STEP][PASSED] - Statement - println(grouplist.get(i).getText()): null

2018-05-21 14:33:21 - [TEST_STEP][PASSED] - Statement - If (grouplist.get(i).getText().contains(storelabel.trim())): null

2018-05-21 14:33:21 - [TEST_STEP][PASSED] - Statement - println(grouplist.get(i).getText()): null

2018-05-21 14:33:21 - [TEST_STEP][PASSED] - Statement - If (grouplist.get(i).getText().contains(storelabel.trim())): null

2018-05-21 14:33:21 - [TEST_STEP][PASSED] - Statement - println(grouplist.get(i).getText()): null

2018-05-21 14:33:21 - [TEST_STEP][PASSED] - Statement - If (grouplist.get(i).getText().contains(storelabel.trim())): null

2018-05-21 14:33:21 - [TEST_STEP][PASSED] - Statement - println(grouplist.get(i).getText()): null

2018-05-21 14:33:21 - [TEST_STEP][PASSED] - Statement - If (grouplist.get(i).getText().contains(storelabel.trim())): null

2018-05-21 14:33:21 - [TEST_STEP][PASSED] - Statement - println(grouplist.get(i).getText()): null

2018-05-21 14:33:21 - [TEST_STEP][PASSED] - Statement - If (grouplist.get(i).getText().contains(storelabel.trim())): null

2018-05-21 14:33:21 - [TEST_STEP][PASSED] - Statement - println(grouplist.get(i).getText()): null

2018-05-21 14:33:21 - [TEST_STEP][PASSED] - Statement - If (grouplist.get(i).getText().contains(storelabel.trim())): null

2018-05-21 14:33:21 - [TEST_STEP][PASSED] - Statement - println(grouplist.get(i).getText()): null

2018-05-21 14:33:21 - [TEST_STEP][PASSED] - Statement - If (grouplist.get(i).getText().contains(storelabel.trim())): null

2018-05-21 14:33:21 - [TEST_STEP][PASSED] - Statement - println(grouplist.get(i).getText()): null

2018-05-21 14:33:21 - [TEST_STEP][PASSED] - Statement - If (grouplist.get(i).getText().contains(storelabel.trim())): null

2018-05-21 14:33:21 - [TEST_STEP][PASSED] - Statement - println(grouplist.get(i).getText()): null

2018-05-21 14:33:21 - [TEST_STEP][PASSED] - Statement - If (grouplist.get(i).getText().contains(storelabel.trim())): null

2018-05-21 14:33:21 - [TEST_STEP][PASSED] - Statement - println(grouplist.get(i).getText()): null

2018-05-21 14:33:21 - [TEST_STEP][PASSED] - Statement - If (grouplist.get(i).getText().contains(storelabel.trim())): null

2018-05-21 14:33:21 - [TEST_STEP][PASSED] - Statement - println(grouplist.get(i).getText()): null

2018-05-21 14:33:21 - [TEST_STEP][PASSED] - Statement - If (grouplist.get(i).getText().contains(storelabel.trim())): null

2018-05-21 14:33:21 - [TEST_STEP][PASSED] - Statement - println(grouplist.get(i).getText()): null

2018-05-21 14:33:21 - [TEST_STEP][PASSED] - Statement - If (grouplist.get(i).getText().contains(storelabel.trim())): null

2018-05-21 14:33:21 - [TEST_STEP][PASSED] - Statement - println(grouplist.get(i).getText()): null

2018-05-21 14:33:21 - [TEST_STEP][PASSED] - Statement - If (grouplist.get(i).getText().contains(storelabel.trim())): null

2018-05-21 14:33:21 - [TEST_STEP][PASSED] - Statement - println(grouplist.get(i).getText()): null

2018-05-21 14:33:21 - [TEST_STEP][PASSED] - Statement - If (grouplist.get(i).getText().contains(storelabel.trim())): null

2018-05-21 14:33:21 - [TEST_STEP][PASSED] - Statement - println(grouplist.get(i).getText()): null

2018-05-21 14:33:21 - [TEST_STEP][PASSED] - Statement - If (grouplist.get(i).getText().contains(storelabel.trim())): null

2018-05-21 14:33:21 - [TEST_STEP][PASSED] - Statement - println(grouplist.get(i).getText()): null

2018-05-21 14:33:21 - [TEST_STEP][PASSED] - Statement - If (grouplist.get(i).getText().contains(storelabel.trim())): null

2018-05-21 14:33:21 - [TEST_STEP][PASSED] - Statement - println(grouplist.get(i).getText()): null

2018-05-21 14:33:21 - [TEST_STEP][PASSED] - Statement - If (grouplist.get(i).getText().contains(storelabel.trim())): null

2018-05-21 14:33:21 - [TEST_STEP][PASSED] - Statement - println(grouplist.get(i).getText()): null

2018-05-21 14:33:21 - [TEST_STEP][PASSED] - Statement - If (grouplist.get(i).getText().contains(storelabel.trim())): null

2018-05-21 14:33:21 - [TEST_STEP][PASSED] - Statement - println(grouplist.get(i).getText()): null

2018-05-21 14:33:21 - [TEST_STEP][PASSED] - Statement - If (grouplist.get(i).getText().contains(storelabel.trim())): null

2018-05-21 14:33:21 - [TEST_STEP][PASSED] - Statement - println(grouplist.get(i).getText()): null

2018-05-21 14:33:21 - [TEST_STEP][PASSED] - Statement - If (grouplist.get(i).getText().contains(storelabel.trim())): null

2018-05-21 14:33:21 - [TEST_STEP][PASSED] - Statement - println(grouplist.get(i).getText()): null

2018-05-21 14:33:21 - [TEST_STEP][PASSED] - Statement - If (grouplist.get(i).getText().contains(storelabel.trim())): null

2018-05-21 14:33:21 - [TEST_STEP][PASSED] - Statement - println(grouplist.get(i).getText()): null

2018-05-21 14:33:21 - [TEST_STEP][PASSED] - Statement - If (grouplist.get(i).getText().contains(storelabel.trim())): null

2018-05-21 14:33:21 - [TEST_STEP][PASSED] - Statement - println(grouplist.get(i).getText()): null

2018-05-21 14:33:21 - [TEST_STEP][PASSED] - Statement - If (grouplist.get(i).getText().contains(storelabel.trim())): null

2018-05-21 14:33:21 - [TEST_STEP][PASSED] - Statement - println(grouplist.get(i).getText()): null

2018-05-21 14:33:21 - [TEST_STEP][PASSED] - Statement - If (grouplist.get(i).getText().contains(storelabel.trim())): null

2018-05-21 14:33:21 - [TEST_STEP][PASSED] - Statement - println(grouplist.get(i).getText()): null

2018-05-21 14:33:21 - [TEST_STEP][PASSED] - Statement - If (grouplist.get(i).getText().contains(storelabel.trim())): null

2018-05-21 14:33:21 - [TEST_STEP][PASSED] - Statement - println(grouplist.get(i).getText()): null

2018-05-21 14:33:21 - [TEST_STEP][PASSED] - Statement - If (grouplist.get(i).getText().contains(storelabel.trim())): null

2018-05-21 14:33:21 - [TEST_STEP][PASSED] - Statement - println(grouplist.get(i).getText()): null

2018-05-21 14:33:21 - [TEST_STEP][PASSED] - Statement - If (grouplist.get(i).getText().contains(storelabel.trim())): null

2018-05-21 14:33:21 - [TEST_STEP][PASSED] - Statement - println(grouplist.get(i).getText()): null

2018-05-21 14:33:21 - [TEST_STEP][PASSED] - Statement - If (grouplist.get(i).getText().contains(storelabel.trim())): null

2018-05-21 14:33:21 - [TEST_STEP][PASSED] - Statement - println(grouplist.get(i).getText()): null

2018-05-21 14:33:21 - [TEST_STEP][PASSED] - Statement - If (grouplist.get(i).getText().contains(storelabel.trim())): null

2018-05-21 14:33:21 - [TEST_STEP][PASSED] - Statement - println(grouplist.get(i).getText()): null

2018-05-21 14:33:21 - [TEST_STEP][PASSED] - Statement - If (grouplist.get(i).getText().contains(storelabel.trim())): null

2018-05-21 14:33:21 - [TEST_STEP][PASSED] - Statement - println(grouplist.get(i).getText()): null

2018-05-21 14:33:21 - [TEST_STEP][PASSED] - Statement - If (grouplist.get(i).getText().contains(storelabel.trim())): null

2018-05-21 14:33:21 - [TEST_STEP][PASSED] - Statement - println(grouplist.get(i).getText()): null

2018-05-21 14:33:21 - [TEST_STEP][PASSED] - Statement - If (grouplist.get(i).getText().contains(storelabel.trim())): null

2018-05-21 14:33:21 - [TEST_STEP][PASSED] - Statement - println(grouplist.get(i).getText()): null

2018-05-21 14:33:21 - [TEST_STEP][PASSED] - Statement - If (grouplist.get(i).getText().contains(storelabel.trim())): null

2018-05-21 14:33:21 - [TEST_STEP][PASSED] - Statement - println(grouplist.get(i).getText()): null

2018-05-21 14:33:21 - [TEST_STEP][PASSED] - Statement - If (grouplist.get(i).getText().contains(storelabel.trim())): null

2018-05-21 14:33:21 - [TEST_STEP][PASSED] - Statement - println(grouplist.get(i).getText()): null

2018-05-21 14:33:21 - [TEST_STEP][PASSED] - Statement - If (grouplist.get(i).getText().contains(storelabel.trim())): null

2018-05-21 14:33:21 - [TEST_STEP][PASSED] - Statement - println(grouplist.get(i).getText()): null

2018-05-21 14:33:21 - [TEST_STEP][PASSED] - Statement - If (grouplist.get(i).getText().contains(storelabel.trim())): null

2018-05-21 14:33:21 - [TEST_STEP][PASSED] - Statement - println(grouplist.get(i).getText()): null

2018-05-21 14:33:21 - [TEST_STEP][PASSED] - Statement - If (grouplist.get(i).getText().contains(storelabel.trim())): null

2018-05-21 14:33:21 - [TEST_STEP][PASSED] - Statement - println(grouplist.get(i).getText()): null

2018-05-21 14:33:21 - [TEST_STEP][PASSED] - Statement - If (grouplist.get(i).getText().contains(storelabel.trim())): null

2018-05-21 14:33:21 - [TEST_STEP][PASSED] - Statement - println(grouplist.get(i).getText()): null

2018-05-21 14:33:21 - [TEST_STEP][PASSED] - Statement - If (grouplist.get(i).getText().contains(storelabel.trim())): null

2018-05-21 14:33:21 - [TEST_STEP][PASSED] - Statement - println(grouplist.get(i).getText()): null

2018-05-21 14:33:21 - [TEST_STEP][PASSED] - Statement - If (grouplist.get(i).getText().contains(storelabel.trim())): null

2018-05-21 14:33:21 - [TEST_STEP][PASSED] - Statement - println(grouplist.get(i).getText()): null

2018-05-21 14:33:21 - [TEST_STEP][PASSED] - Statement - If (grouplist.get(i).getText().contains(storelabel.trim())): null

2018-05-21 14:33:21 - [TEST_STEP][PASSED] - Statement - println(grouplist.get(i).getText()): null

2018-05-21 14:33:22 - [TEST_STEP][PASSED] - Statement - If (grouplist.get(i).getText().contains(storelabel.trim())): null

2018-05-21 14:33:22 - [TEST_STEP][PASSED] - Statement - println(grouplist.get(i).getText()): null

2018-05-21 14:33:22 - [TEST_STEP][PASSED] - Statement - If (grouplist.get(i).getText().contains(storelabel.trim())): null

2018-05-21 14:33:22 - [TEST_STEP][PASSED] - Statement - println(grouplist.get(i).getText()): null

2018-05-21 14:33:22 - [TEST_STEP][PASSED] - Statement - If (grouplist.get(i).getText().contains(storelabel.trim())): null

2018-05-21 14:33:22 - [TEST_STEP][PASSED] - Statement - println(grouplist.get(i).getText()): null

2018-05-21 14:33:22 - [TEST_STEP][PASSED] - Statement - If (grouplist.get(i).getText().contains(storelabel.trim())): null

2018-05-21 14:33:22 - [TEST_STEP][PASSED] - Statement - println(grouplist.get(i).getText()): null

2018-05-21 14:33:22 - [TEST_STEP][PASSED] - Statement - If (grouplist.get(i).getText().contains(storelabel.trim())): null

2018-05-21 14:33:22 - [TEST_STEP][PASSED] - Statement - println(grouplist.get(i).getText()): null

2018-05-21 14:33:22 - [TEST_STEP][PASSED] - Statement - If (grouplist.get(i).getText().contains(storelabel.trim())): null

2018-05-21 14:33:22 - [TEST_STEP][PASSED] - Statement - println(grouplist.get(i).getText()): null

2018-05-21 14:33:22 - [TEST_STEP][PASSED] - Statement - If (grouplist.get(i).getText().contains(storelabel.trim())): null

2018-05-21 14:33:22 - [TEST_STEP][PASSED] - Statement - println(grouplist.get(i).getText()): null

2018-05-21 14:33:22 - [TEST_STEP][PASSED] - Statement - If (grouplist.get(i).getText().contains(storelabel.trim())): null

2018-05-21 14:33:22 - [TEST_STEP][PASSED] - Statement - println(grouplist.get(i).getText()): null

2018-05-21 14:33:22 - [TEST_STEP][PASSED] - Statement - If (grouplist.get(i).getText().contains(storelabel.trim())): null

2018-05-21 14:33:22 - [TEST_STEP][PASSED] - Statement - println(grouplist.get(i).getText()): null

2018-05-21 14:33:22 - [TEST_STEP][PASSED] - Statement - If (grouplist.get(i).getText().contains(storelabel.trim())): null

2018-05-21 14:33:22 - [TEST_STEP][PASSED] - Statement - println(grouplist.get(i).getText()): null

2018-05-21 14:33:22 - [TEST_STEP][PASSED] - Statement - If (grouplist.get(i).getText().contains(storelabel.trim())): null

2018-05-21 14:33:22 - [TEST_STEP][PASSED] - Statement - println(grouplist.get(i).getText()): null

2018-05-21 14:33:22 - [TEST_STEP][PASSED] - Statement - If (grouplist.get(i).getText().contains(storelabel.trim())): null

2018-05-21 14:33:22 - [TEST_STEP][PASSED] - delay: Delayed 10 second(s)

2018-05-21 14:33:32 - [MESSAGE][PASSED] - Delayed 10 second(s)

2018-05-21 14:33:32 - [TEST_STEP][PASSED] - uiaction.CommonUIActions.click: uiaction.CommonUIActions.click is PASSED

2018-05-21 14:33:32 - [MESSAGE][PASSED] - uiaction.CommonUIActions.click is PASSED

2018-05-21 14:33:32 - [TEST_STEP][PASSED] - uiaction.CommonUIActions.click: uiaction.CommonUIActions.click is PASSED

2018-05-21 14:33:32 - [MESSAGE][PASSED] - uiaction.CommonUIActions.click is PASSED

2018-05-21 14:33:32 - [TEST_STEP][PASSED] - delay: Delayed 10 second(s)

2018-05-21 14:33:42 - [MESSAGE][PASSED] - Delayed 10 second(s)

2018-05-21 14:33:42 - [TEST_STEP][PASSED] - uiaction.CommonUIActions.click: uiaction.CommonUIActions.click is PASSED

2018-05-21 14:33:42 - [MESSAGE][PASSED] - uiaction.CommonUIActions.click is PASSED

2018-05-21 14:33:42 - [TEST_STEP][PASSED] - delay: Delayed 10 second(s)

2018-05-21 14:33:52 - [MESSAGE][PASSED] - Delayed 10 second(s)

2018-05-21 14:33:52 - [TEST_STEP][PASSED] - Statement - driver.findElement(org.openqa.selenium.By.xpath("//span[contains(text(),'" + groupmain + "')]/../../../../span[1]")).click(): null

2018-05-21 14:33:52 - [TEST_STEP][PASSED] - delay: Delayed 4 second(s)

2018-05-21 14:33:56 - [MESSAGE][PASSED] - Delayed 4 second(s)

2018-05-21 14:33:56 - [TEST_STEP][PASSED] - uiaction.CommonUIActions.click: uiaction.CommonUIActions.click is PASSED

2018-05-21 14:33:56 - [MESSAGE][PASSED] - uiaction.CommonUIActions.click is PASSED

2018-05-21 14:33:56 - [TEST_STEP][PASSED] - Statement - storesCheckBoxList = driver.findElements(org.openqa.selenium.By.xpath(com.kms.katalon.core.testdata.TestDataFactory.findTestData(OR_file).getValue(2, 4))): Reading excel file with source file 'C:\Users\shalinin\Katalon Studio\HME_Scripts\Data Files\HME_OR.xlsx' and sheet name 'Sheet1'

2018-05-21 14:33:56 - [TEST_STEP][PASSED] - Statement - storesCheckBoxListChecked = driver.findElements(org.openqa.selenium.By.xpath(com.kms.katalon.core.testdata.TestDataFactory.findTestData(OR_file).getValue(2, 14))): Reading excel file with source file 'C:\Users\shalinin\Katalon Studio\HME_Scripts\Data Files\HME_OR.xlsx' and sheet name 'Sheet1'

2018-05-21 14:33:56 - [TEST_STEP][PASSED] - Statement - If (storesCheckBoxList.size() == storesCheckBoxListChecked.size()): null

2018-05-21 14:33:56 - [TEST_STEP][PASSED] - Statement - out.println("All Store checkboxes are checked after selecting SelectAll button"): null

2018-05-21 14:33:56 - [TEST_STEP][PASSED] - delay: Delayed 4 second(s)

2018-05-21 14:34:00 - [MESSAGE][PASSED] - Delayed 4 second(s)

2018-05-21 14:34:00 - [TEST_STEP][PASSED] - uiaction.CommonUIActions.click: uiaction.CommonUIActions.click is PASSED

2018-05-21 14:34:00 - [MESSAGE][PASSED] - uiaction.CommonUIActions.click is PASSED

2018-05-21 14:34:00 - [TEST_STEP][PASSED] - delay: Delayed 4 second(s)

2018-05-21 14:34:04 - [MESSAGE][PASSED] - Delayed 4 second(s)

2018-05-21 14:34:04 - [TEST_STEP][PASSED] - Statement - driver.findElement(org.openqa.selenium.By.xpath("//span[contains(text(),'" + groupmain + "')]/../../../../span[2]")).click(): null

2018-05-21 14:34:05 - [TEST_STEP][PASSED] - Statement - timemeasureoptions = driver.findElements(org.openqa.selenium.By.xpath("//select[@class='time-measures']/option")): null

2018-05-21 14:34:05 - [TEST_STEP][PASSED] - Statement - count = 0: null

2018-05-21 14:34:05 - [TEST_STEP][PASSED] - Statement - For ([i = 0, i < timemeasureoptions.size(), (i++)]): null

2018-05-21 14:34:05 - [TEST_STEP][PASSED] - Statement - println(timemeasureoptions.get(i).getText()): null

2018-05-21 14:34:05 - [TEST_STEP][PASSED] - Statement - If (timemeasureoptions.get(i).getText() == "Week"): null

2018-05-21 14:34:05 - [TEST_STEP][PASSED] - Statement - println(timemeasureoptions.get(i).getText()): null

2018-05-21 14:34:05 - [TEST_STEP][PASSED] - Statement - If (timemeasureoptions.get(i).getText() == "Week"): null

2018-05-21 14:34:05 - [TEST_STEP][PASSED] - Statement - println(timemeasureoptions.get(i).getText()): null

2018-05-21 14:34:05 - [TEST_STEP][PASSED] - Statement - If (timemeasureoptions.get(i).getText() == "Week"): null

2018-05-21 14:34:05 - [TEST_STEP][PASSED] - Statement - timemeasureoptions[i].click(): null

2018-05-21 14:34:05 - [TEST_STEP][PASSED] - Statement - (count++): null

2018-05-21 14:34:05 - [TEST_STEP][PASSED] - Statement - Break: null

2018-05-21 14:34:05 - [TEST_STEP][PASSED] - Statement - If (count > 0): null

2018-05-21 14:34:05 - [TEST_STEP][PASSED] - Statement - out.println("Week option is selected"): null

2018-05-21 14:34:05 - [TEST_STEP][PASSED] - delay: Delayed 5 second(s)

2018-05-21 14:34:10 - [MESSAGE][PASSED] - Delayed 5 second(s)

2018-05-21 14:34:10 - [TEST_STEP][PASSED] - click: Object: 'Object Repository/ReportsPage/fromDateSelector' is clicked on

2018-05-21 14:34:10 - [MESSAGE][PASSED] - Object: 'Object Repository/ReportsPage/fromDateSelector' is clicked on

2018-05-21 14:34:10 - [TEST_STEP][PASSED] - delay: Delayed 5 second(s)

2018-05-21 14:34:15 - [MESSAGE][PASSED] - Delayed 5 second(s)

2018-05-21 14:34:15 - [TEST_STEP][PASSED] - Statement - monthText = com.kms.katalon.core.webui.keyword.WebUiBuiltInKeywords.getText(com.kms.katalon.core.testobject.ObjectRepository.findTestObject(ReportsPage/monthText)): Text of object 'Object Repository/ReportsPage/monthText' is: 'May 2018'

2018-05-21 14:34:15 - [MESSAGE][PASSED] - Text of object 'Object Repository/ReportsPage/monthText' is: 'May 2018'

2018-05-21 14:34:15 - [TEST_STEP][PASSED] - Statement - monthTextArray = monthText.split(" "): null

2018-05-21 14:34:15 - [TEST_STEP][PASSED] - Statement - month = monthTextArray[0]: null

2018-05-21 14:34:15 - [TEST_STEP][PASSED] - Statement - monthTextValue = CustomKeywords.projectSpecific.Reusability.getTestData("ReportsPage", "Month"): projectSpecific.Reusability.getTestData is PASSED

2018-05-21 14:34:15 - [MESSAGE][PASSED] - projectSpecific.Reusability.getTestData is PASSED

2018-05-21 14:34:15 - [TEST_STEP][PASSED] - Statement - If (!(monthTextValue.equals(month))): null

2018-05-21 14:34:15 - [TEST_STEP][PASSED] - Statement - While (!(monthTextValue.equals(month))): null

2018-05-21 14:34:15 - [TEST_STEP][PASSED] - click: Object: 'Object Repository/ReportsPage/previousDateSelector' is clicked on

2018-05-21 14:34:15 - [MESSAGE][PASSED] - Object: 'Object Repository/ReportsPage/previousDateSelector' is clicked on

2018-05-21 14:34:15 - [TEST_STEP][PASSED] - Statement - monthText = com.kms.katalon.core.webui.keyword.WebUiBuiltInKeywords.getText(com.kms.katalon.core.testobject.ObjectRepository.findTestObject(ReportsPage/monthText)): Text of object 'Object Repository/ReportsPage/monthText' is: 'April 2018'

2018-05-21 14:34:15 - [MESSAGE][PASSED] - Text of object 'Object Repository/ReportsPage/monthText' is: 'April 2018'

2018-05-21 14:34:15 - [TEST_STEP][PASSED] - Statement - monthTextArray = monthText.split(" "): null

2018-05-21 14:34:15 - [TEST_STEP][PASSED] - Statement - month = monthTextArray[0]: null

2018-05-21 14:34:15 - [TEST_STEP][PASSED] - click: Object: 'Object Repository/ReportsPage/previousDateSelector' is clicked on

2018-05-21 14:34:15 - [MESSAGE][PASSED] - Object: 'Object Repository/ReportsPage/previousDateSelector' is clicked on

2018-05-21 14:34:15 - [TEST_STEP][PASSED] - Statement - monthText = com.kms.katalon.core.webui.keyword.WebUiBuiltInKeywords.getText(com.kms.katalon.core.testobject.ObjectRepository.findTestObject(ReportsPage/monthText)): Text of object 'Object Repository/ReportsPage/monthText' is: 'March 2018'

2018-05-21 14:34:15 - [MESSAGE][PASSED] - Text of object 'Object Repository/ReportsPage/monthText' is: 'March 2018'

2018-05-21 14:34:15 - [TEST_STEP][PASSED] - Statement - monthTextArray = monthText.split(" "): null

2018-05-21 14:34:15 - [TEST_STEP][PASSED] - Statement - month = monthTextArray[0]: null

2018-05-21 14:34:15 - [TEST_STEP][PASSED] - Statement - data = CustomKeywords.projectSpecific.Reusability.getTestData("ReportsPage", "startdate_TC8"): projectSpecific.Reusability.getTestData is PASSED

2018-05-21 14:34:15 - [MESSAGE][PASSED] - projectSpecific.Reusability.getTestData is PASSED

2018-05-21 14:34:15 - [TEST_STEP][PASSED] - Statement - startDate = "(//td[text()='" + data + "'])[1]": null

2018-05-21 14:34:15 - [TEST_STEP][PASSED] - Statement - println(startDate): null

2018-05-21 14:34:15 - [TEST_STEP][PASSED] - Statement - startdateEle = driver.findElement(org.openqa.selenium.By.xpath(startDate)): null

2018-05-21 14:34:15 - [TEST_STEP][PASSED] - Statement - startdateEle.click(): null

2018-05-21 14:34:15 - [TEST_STEP][PASSED] - delay: Delayed 5 second(s)

2018-05-21 14:34:20 - [MESSAGE][PASSED] - Delayed 5 second(s)

2018-05-21 14:34:20 - [TEST_STEP][PASSED] - click: Object: 'Object Repository/ReportsPage/toDateSelector' is clicked on

2018-05-21 14:34:20 - [MESSAGE][PASSED] - Object: 'Object Repository/ReportsPage/toDateSelector' is clicked on

2018-05-21 14:34:20 - [TEST_STEP][PASSED] - Statement - monthText = com.kms.katalon.core.webui.keyword.WebUiBuiltInKeywords.getText(com.kms.katalon.core.testobject.ObjectRepository.findTestObject(ReportsPage/monthText2)): Text of object 'Object Repository/ReportsPage/monthText2' is: 'May 2018'

2018-05-21 14:34:20 - [MESSAGE][PASSED] - Text of object 'Object Repository/ReportsPage/monthText2' is: 'May 2018'

2018-05-21 14:34:20 - [TEST_STEP][PASSED] - Statement - monthTextArray = monthText.split(" "): null

2018-05-21 14:34:20 - [TEST_STEP][PASSED] - Statement - month = monthTextArray[0]: null

2018-05-21 14:34:20 - [TEST_STEP][PASSED] - Statement - If (!(monthTextValue.equals(month))): null

2018-05-21 14:34:20 - [TEST_STEP][PASSED] - Statement - While (!(monthTextValue.equals(month))): null

2018-05-21 14:34:20 - [TEST_STEP][PASSED] - click: Object: 'Object Repository/ReportsPage/previousDateSelector2' is clicked on

2018-05-21 14:34:20 - [MESSAGE][PASSED] - Object: 'Object Repository/ReportsPage/previousDateSelector2' is clicked on

2018-05-21 14:34:20 - [TEST_STEP][PASSED] - Statement - monthText = com.kms.katalon.core.webui.keyword.WebUiBuiltInKeywords.getText(com.kms.katalon.core.testobject.ObjectRepository.findTestObject(ReportsPage/monthText2)): Text of object 'Object Repository/ReportsPage/monthText2' is: 'April 2018'

2018-05-21 14:34:20 - [MESSAGE][PASSED] - Text of object 'Object Repository/ReportsPage/monthText2' is: 'April 2018'

2018-05-21 14:34:20 - [TEST_STEP][PASSED] - Statement - monthTextArray = monthText.split(" "): null

2018-05-21 14:34:20 - [TEST_STEP][PASSED] - Statement - month = monthTextArray[0]: null

2018-05-21 14:34:20 - [TEST_STEP][PASSED] - click: Object: 'Object Repository/ReportsPage/previousDateSelector2' is clicked on

2018-05-21 14:34:20 - [MESSAGE][PASSED] - Object: 'Object Repository/ReportsPage/previousDateSelector2' is clicked on

2018-05-21 14:34:20 - [TEST_STEP][PASSED] - Statement - monthText = com.kms.katalon.core.webui.keyword.WebUiBuiltInKeywords.getText(com.kms.katalon.core.testobject.ObjectRepository.findTestObject(ReportsPage/monthText2)): Text of object 'Object Repository/ReportsPage/monthText2' is: 'March 2018'

2018-05-21 14:34:20 - [MESSAGE][PASSED] - Text of object 'Object Repository/ReportsPage/monthText2' is: 'March 2018'

2018-05-21 14:34:20 - [TEST_STEP][PASSED] - Statement - monthTextArray = monthText.split(" "): null

2018-05-21 14:34:20 - [TEST_STEP][PASSED] - Statement - month = monthTextArray[0]: null

2018-05-21 14:34:20 - [TEST_STEP][PASSED] - Statement - endDate = CustomKeywords.projectSpecific.Reusability.getTestData("ReportsPage", "EndDate"): projectSpecific.Reusability.getTestData is PASSED

2018-05-21 14:34:20 - [MESSAGE][PASSED] - projectSpecific.Reusability.getTestData is PASSED

2018-05-21 14:34:20 - [TEST_STEP][PASSED] - Statement - toDate = "(//td[text()='" + endDate + "'])[2]": null

2018-05-21 14:34:20 - [TEST_STEP][PASSED] - Statement - toDateEle = driver.findElement(org.openqa.selenium.By.xpath(toDate)): null

2018-05-21 14:34:20 - [TEST_STEP][PASSED] - Statement - toDateEle.click(): null

2018-05-21 14:34:20 - [TEST_STEP][PASSED] - delay: Delayed 5 second(s)

2018-05-21 14:34:25 - [MESSAGE][PASSED] - Delayed 5 second(s)

2018-05-21 14:34:25 - [TEST_STEP][PASSED] - Statement - dateAttr = com.kms.katalon.core.webui.keyword.WebUiBuiltInKeywords.getAttribute(com.kms.katalon.core.testobject.ObjectRepository.findTestObject(ReportsPage/selectedDate1), "value"): Attribute 'value' of object 'Object Repository/ReportsPage/selectedDate1' is: '03/07/2018'

2018-05-21 14:34:26 - [MESSAGE][PASSED] - Attribute 'value' of object 'Object Repository/ReportsPage/selectedDate1' is: '03/07/2018'

2018-05-21 14:34:26 - [TEST_STEP][PASSED] - Statement - fromDateValue = CustomKeywords.projectSpecific.Reusability.getTestData("ReportsPage", "Fromdate_TC8"): projectSpecific.Reusability.getTestData is PASSED

2018-05-21 14:34:26 - [MESSAGE][PASSED] - projectSpecific.Reusability.getTestData is PASSED

2018-05-21 14:34:26 - [TEST_STEP][PASSED] - Statement - If (!(dateAttr.equals(fromDateValue))): null

2018-05-21 14:34:26 - [TEST_STEP][PASSED] - Statement - dateAttr = com.kms.katalon.core.webui.keyword.WebUiBuiltInKeywords.getAttribute(com.kms.katalon.core.testobject.ObjectRepository.findTestObject(ReportsPage/selectedDate2), "value"): Attribute 'value' of object 'Object Repository/ReportsPage/selectedDate2' is: '03/14/2018'

2018-05-21 14:34:26 - [MESSAGE][PASSED] - Attribute 'value' of object 'Object Repository/ReportsPage/selectedDate2' is: '03/14/2018'

2018-05-21 14:34:26 - [TEST_STEP][PASSED] - Statement - toDateValue = CustomKeywords.projectSpecific.Reusability.getTestData("ReportsPage", "toDate"): projectSpecific.Reusability.getTestData is PASSED

2018-05-21 14:34:26 - [MESSAGE][PASSED] - projectSpecific.Reusability.getTestData is PASSED

2018-05-21 14:34:26 - [TEST_STEP][PASSED] - Statement - If (!(dateAttr.equals(toDateValue))): null

2018-05-21 14:34:26 - [TEST_STEP][PASSED] - uiaction.CommonUIActions.click: uiaction.CommonUIActions.click is PASSED

2018-05-21 14:34:26 - [MESSAGE][PASSED] - uiaction.CommonUIActions.click is PASSED

2018-05-21 14:34:26 - [TEST_STEP][PASSED] - uiaction.CommonUIActions.click: uiaction.CommonUIActions.click is PASSED

2018-05-21 14:34:26 - [MESSAGE][PASSED] - uiaction.CommonUIActions.click is PASSED

2018-05-21 14:34:26 - [TEST_STEP][PASSED] - uiaction.CommonUIActions.click: uiaction.CommonUIActions.click is PASSED

2018-05-21 14:34:26 - [MESSAGE][PASSED] - uiaction.CommonUIActions.click is PASSED

2018-05-21 14:34:26 - [TEST_STEP][PASSED] - uiaction.CommonUIActions.enter: uiaction.CommonUIActions.enter is PASSED

2018-05-21 14:34:26 - [MESSAGE][PASSED] - uiaction.CommonUIActions.enter is PASSED

2018-05-21 14:34:26 - [TEST_STEP][PASSED] - click: Object: 'Object Repository/ReportsPage/report_submit' is clicked on

2018-05-21 14:34:26 - [MESSAGE][PASSED] - Object: 'Object Repository/ReportsPage/report_submit' is clicked on

2018-05-21 14:34:26 - [TEST_STEP][PASSED] - delay: Delayed 10 second(s)

2018-05-21 14:34:36 - [MESSAGE][PASSED] - Delayed 10 second(s)

2018-05-21 14:34:36 - [TEST_STEP][PASSED] - uiaction.CommonUIActions.click: uiaction.CommonUIActions.click is PASSED

2018-05-21 14:34:40 - [MESSAGE][PASSED] - uiaction.CommonUIActions.click is PASSED

2018-05-21 14:34:40 - [TEST_STEP][PASSED] - uiaction.CommonUIActions.click: uiaction.CommonUIActions.click is PASSED

2018-05-21 14:34:40 - [MESSAGE][PASSED] - uiaction.CommonUIActions.click is PASSED

2018-05-21 14:34:40 - [TEST_STEP][PASSED] - delay: Delayed 10 second(s)

2018-05-21 14:34:50 - [MESSAGE][PASSED] - Delayed 10 second(s)

2018-05-21 14:34:50 - [TEST_STEP][PASSED] - Statement - savedtemplatelist = driver.findElements(org.openqa.selenium.By.xpath("(//div[@class='saved-reports'])[2]/div")): null

2018-05-21 14:34:50 - [TEST_STEP][PASSED] - Statement - counttemplate = 0: null

2018-05-21 14:34:50 - [TEST_STEP][PASSED] - Statement - For ([i = 1, i <= savedtemplatelist.size(), (i++)]): null

2018-05-21 14:34:50 - [TEST_STEP][PASSED] - Statement - templatename = driver.findElement(org.openqa.selenium.By.xpath("((//div[@class='saved-reports'])[2]/div[@class='templateRow'])[" + i + "]")).getText(): null

2018-05-21 14:34:50 - [TEST_STEP][PASSED] - Statement - If (templatename == "HME-test"): null

2018-05-21 14:34:50 - [TEST_STEP][PASSED] - Statement - templatename = driver.findElement(org.openqa.selenium.By.xpath("((//div[@class='saved-reports'])[2]/div[@class='templateRow'])[" + i + "]")).getText(): null

2018-05-21 14:34:50 - [TEST_STEP][PASSED] - Statement - If (templatename == "HME-test"): null

2018-05-21 14:34:50 - [TEST_STEP][PASSED] - Statement - templatename = driver.findElement(org.openqa.selenium.By.xpath("((//div[@class='saved-reports'])[2]/div[@class='templateRow'])[" + i + "]")).getText(): null

2018-05-21 14:34:50 - [TEST_STEP][PASSED] - Statement - If (templatename == "HME-test"): null

2018-05-21 14:34:50 - [TEST_STEP][PASSED] - Statement - templatename = driver.findElement(org.openqa.selenium.By.xpath("((//div[@class='saved-reports'])[2]/div[@class='templateRow'])[" + i + "]")).getText(): null

2018-05-21 14:34:50 - [TEST_STEP][PASSED] - Statement - If (templatename == "HME-test"): null

2018-05-21 14:34:50 - [TEST_STEP][PASSED] - Statement - (counttemplate++): null

2018-05-21 14:34:50 - [TEST_STEP][PASSED] - Statement - driver.findElement(org.openqa.selenium.By.xpath("(//div[@class='saved-reports'])[2]/div['" + i + "']")).click(): null

2018-05-21 14:34:51 - [TEST_STEP][PASSED] - Statement - Break: null

2018-05-21 14:34:51 - [TEST_STEP][PASSED] - Statement - If (counttemplate > 0): null

2018-05-21 14:34:51 - [TEST_STEP][PASSED] - Statement - out.println("Template is saved"): null

2018-05-21 14:34:51 - [TEST_STEP][PASSED] - uiaction.CommonUIActions.click: uiaction.CommonUIActions.click is PASSED

2018-05-21 14:34:51 - [MESSAGE][PASSED] - uiaction.CommonUIActions.click is PASSED

2018-05-21 14:34:51 - [TEST_STEP][PASSED] - delay: Delayed 10 second(s)

2018-05-21 14:35:01 - [MESSAGE][PASSED] - Delayed 10 second(s)

2018-05-21 14:35:01 - [TEST_STEP][PASSED] - uiaction.CommonUIActions.click: uiaction.CommonUIActions.click is PASSED

2018-05-21 14:35:04 - [MESSAGE][PASSED] - uiaction.CommonUIActions.click is PASSED

2018-05-21 14:35:04 - [TEST_STEP][PASSED] - uiaction.CommonUIActions.click: uiaction.CommonUIActions.click is PASSED

2018-05-21 14:35:05 - [MESSAGE][PASSED] - uiaction.CommonUIActions.click is PASSED

2018-05-21 14:35:05 - [TEST_STEP][PASSED] - delay: Delayed 10 second(s)

2018-05-21 14:35:15 - [MESSAGE][PASSED] - Delayed 10 second(s)

2018-05-21 14:35:15 - [TEST_STEP][PASSED] - Statement - savedtemplatelist2 = driver.findElements(org.openqa.selenium.By.xpath("(//div[@class='saved-reports'])[2]/div")): null

2018-05-21 14:35:15 - [TEST_STEP][PASSED] - Statement - counttemplate2 = 0: null

2018-05-21 14:35:15 - [TEST_STEP][PASSED] - Statement - For ([i = 1, i <= savedtemplatelist2.size(), (i++)]): null

2018-05-21 14:35:15 - [TEST_STEP][PASSED] - Statement - templatename2 = driver.findElement(org.openqa.selenium.By.xpath("((//div[@class='saved-reports'])[2]/div[@class='templateRow'])[" + i + "]")).getText(): null

2018-05-21 14:35:15 - [TEST_STEP][PASSED] - Statement - If (templatename2 == "HME-test"): null

2018-05-21 14:35:15 - [TEST_STEP][PASSED] - Statement - templatename2 = driver.findElement(org.openqa.selenium.By.xpath("((//div[@class='saved-reports'])[2]/div[@class='templateRow'])[" + i + "]")).getText(): null

2018-05-21 14:35:15 - [TEST_STEP][PASSED] - Statement - If (templatename2 == "HME-test"): null

2018-05-21 14:35:15 - [TEST_STEP][PASSED] - Statement - templatename2 = driver.findElement(org.openqa.selenium.By.xpath("((//div[@class='saved-reports'])[2]/div[@class='templateRow'])[" + i + "]")).getText(): null

2018-05-21 14:35:15 - [TEST_STEP][PASSED] - Statement - If (templatename2 == "HME-test"): null

2018-05-21 14:35:15 - [TEST_STEP][PASSED] - Statement - If (counttemplate2 > 0): null

2018-05-21 14:35:15 - [TEST_STEP][PASSED] - Statement - Else: null

2018-05-21 14:35:15 - [TEST_STEP][PASSED] - Statement - println("Template is deleted Succesfully"): null

2018-05-21 14:35:15 - [TEST_STEP][PASSED] - delay: Delayed 5 second(s)

2018-05-21 14:35:20 - [MESSAGE][PASSED] - Delayed 5 second(s)

2018-05-21 14:35:20 - [TEST_STEP][PASSED] - uiaction.CommonUIActions.click: uiaction.CommonUIActions.click is PASSED

2018-05-21 14:35:23 - [MESSAGE][PASSED] - uiaction.CommonUIActions.click is PASSED

2018-05-21 14:35:23 - [TEST_STEP][PASSED] - uiaction.CommonUIActions.click: uiaction.CommonUIActions.click is PASSED

2018-05-21 14:35:37 - [MESSAGE][PASSED] - uiaction.CommonUIActions.click is PASSED

2018-05-21 14:35:37 - [TEST_STEP][PASSED] - uiaction.CommonUIActions.click: uiaction.CommonUIActions.click is PASSED

2018-05-21 14:35:37 - [MESSAGE][PASSED] - uiaction.CommonUIActions.click is PASSED

2018-05-21 14:35:37 - [TEST_STEP][PASSED] - delay: Delayed 5 second(s)

2018-05-21 14:35:42 - [MESSAGE][PASSED] - Delayed 5 second(s)

2018-05-21 14:35:42 - [TEST_STEP][PASSED] - uiaction.CommonUIActions.click: uiaction.CommonUIActions.click is PASSED

2018-05-21 14:35:42 - [MESSAGE][PASSED] - uiaction.CommonUIActions.click is PASSED

2018-05-21 14:35:42 - [TEST_STEP][PASSED] - delay: Delayed 5 second(s)

2018-05-21 14:35:47 - [MESSAGE][PASSED] - Delayed 5 second(s)

2018-05-21 14:35:47 - [TEST_STEP][PASSED] - uiaction.CommonUIActions.click: uiaction.CommonUIActions.click is PASSED

2018-05-21 14:35:48 - [MESSAGE][PASSED] - uiaction.CommonUIActions.click is PASSED

2018-05-21 14:35:48 - [TEST_STEP][PASSED] - uiaction.CommonUIActions.click: uiaction.CommonUIActions.click is PASSED

2018-05-21 14:35:48 - [MESSAGE][PASSED] - uiaction.CommonUIActions.click is PASSED

2018-05-21 14:35:48 - [TEST_STEP][PASSED] - uiaction.CommonUIActions.click: uiaction.CommonUIActions.click is PASSED

2018-05-21 14:35:50 - [MESSAGE][PASSED] - uiaction.CommonUIActions.click is PASSED

2018-05-21 14:35:50 - [TEST_STEP][PASSED] - Statement - assert TCflag == true: null

2018-05-21 14:35:50 - [TEST_STEP][PASSED] - Start listener action : sampleAfterTestCase: Browser is closed

2018-05-21 14:35:50 - [TEST_STEP][PASSED] - Statement - println(testCaseContext.getTestCaseId()): null

2018-05-21 14:35:50 - [TEST_STEP][PASSED] - Statement - println(testCaseContext.getTestCaseStatus()): null

2018-05-21 14:35:50 - [TEST_STEP][PASSED] - closeBrowser: Browser is closed

2018-05-21 14:35:51 - [MESSAGE][PASSED] - Browser is closed]]></system-out>
         <system-err><![CDATA[]]></system-err>
      </testcase>
      <system-out><![CDATA[2018-05-21 13:59:17 - [TEST_SUITE][FAILED] - RegressionSuite: Test Cases/TimeZoneTC/HME-Browser-Timezone-01 FAILED because (of) org.codehaus.groovy.runtime.powerassert.PowerAssertionError: assert TCflag==true
       |     |
       false false]]></system-out>
      <system-err><![CDATA[2018-05-21 13:59:17 - [TEST_SUITE][FAILED] - RegressionSuite: Test Cases/TimeZoneTC/HME-Browser-Timezone-01 FAILED because (of) org.codehaus.groovy.runtime.powerassert.PowerAssertionError: assert TCflag==true
       |     |
       false false]]></system-err>
   </testsuite>
</testsuites>
