<?xml version="1.0" encoding="UTF-8"?>
<testsuites name="RegressionSuite" time="237" tests="1" failures="0" errors="0">
   <testsuite name="RegressionSuite" tests="1" failures="0" errors="0" time="237" timestamp="2018-05-29 12:48:10" hostname="shalinin - NIBC2129.nousinfo.com" id="Test Suites/RegressionSuite">
      <properties>
         <property name="deviceName" value=""/>
         <property name="devicePlatform" value=""/>
         <property name="logFolder" value="C:\\Users\\shalinin\\Katalon Studio\\HME_Scripts\\Reports\\RegressionSuite\\20180529_124808"/>
         <property name="logFiles" value="C:\\Users\\shalinin\\Katalon Studio\\HME_Scripts\\Reports\\RegressionSuite\\20180529_124808\\execution0.log"/>
         <property name="attachments" value=""/>
         <property name="hostName" value="shalinin - NIBC2129.nousinfo.com"/>
         <property name="os" value="Windows 7 64bit"/>
         <property name="katalonVersion" value="5.3.1.1"/>
         <property name="browser" value="Chrome 66.0.3359.181"/>
         <property name="hostAddress" value="192.168.24.72"/>
         <property name="sessionId" value="33015c27a615d4bb07db382b00feaca9"/>
         <property name="seleniumVersion" value="3.7.1"/>
         <property name="proxyInformation" value="ProxyInformation{proxyOption=NO_PROXY, proxyServerType=HTTP, password=, proxyServerAddress=, proxyServerPort=0}"/>
         <property name="platform" value="Windows 7"/>
      </properties>
      <testcase name="Test Cases/GoalStatisticsTC/HME-Goal Statistics Report-07" classname="Test Cases/GoalStatisticsTC/HME-Goal Statistics Report-07" status="PASSED">
         <system-out><![CDATA[2018-05-29 12:48:10 - [TEST_CASE][PASSED] - Test Cases/GoalStatisticsTC/HME-Goal Statistics Report-07: Browser is closed

2018-05-29 12:48:10 - [TEST_STEP][PASSED] - Start listener action : sampleBeforeTestCase: uiaction.CommonUIActions.deleteAllCookies is PASSED

2018-05-29 12:48:10 - [TEST_STEP][PASSED] - openBrowser: Browser is opened with url: ''

2018-05-29 12:48:13 - [MESSAGE][PASSED] - Browser is opened with url: ''

2018-05-29 12:48:13 - [TEST_STEP][PASSED] - maximizeWindow: Current window maximized

2018-05-29 12:48:14 - [MESSAGE][PASSED] - Current window maximized

2018-05-29 12:48:14 - [TEST_STEP][PASSED] - uiaction.CommonUIActions.deleteAllCookies: uiaction.CommonUIActions.deleteAllCookies is PASSED

2018-05-29 12:48:15 - [MESSAGE][PASSED] - Delete all cookies successfully

2018-05-29 12:48:15 - [MESSAGE][PASSED] - uiaction.CommonUIActions.deleteAllCookies is PASSED

2018-05-29 12:48:15 - [TEST_STEP][PASSED] - Statement - TCflag = true: null

2018-05-29 12:48:15 - [TEST_STEP][PASSED] - Statement - Try: uiaction.CommonUIActions.click is PASSED

2018-05-29 12:48:15 - [TEST_STEP][PASSED] - navigateToUrl: Navigate to 'https://hme-dev-public-cloud-app.azurewebsites.net/' successfully

2018-05-29 12:48:18 - [MESSAGE][PASSED] - Navigate to 'https://hme-dev-public-cloud-app.azurewebsites.net/' successfully

2018-05-29 12:48:18 - [TEST_STEP][PASSED] - projectSpecific.Reusability.login: projectSpecific.Reusability.login is PASSED

2018-05-29 12:48:19 - [MESSAGE][PASSED] - projectSpecific.Reusability.getTestData is PASSED

2018-05-29 12:48:19 - [MESSAGE][PASSED] - projectSpecific.Reusability.getTestData is PASSED

2018-05-29 12:48:19 - [MESSAGE][PASSED] - Text 'selvendrank@nousinfo.com' is set on object 'Object Repository/LoginPage/Username'

2018-05-29 12:48:19 - [MESSAGE][PASSED] - Text 'nous;123' is set on object 'Object Repository/LoginPage/Password'

2018-05-29 12:48:19 - [MESSAGE][PASSED] - Object: 'Object Repository/LoginPage/Login' is clicked on

2018-05-29 12:48:19 - [MESSAGE][PASSED] - projectSpecific.Reusability.login is PASSED

2018-05-29 12:48:19 - [TEST_STEP][PASSED] - delay: Delayed 10 second(s)

2018-05-29 12:48:29 - [MESSAGE][PASSED] - Delayed 10 second(s)

2018-05-29 12:48:29 - [TEST_STEP][PASSED] - uiaction.CommonUIActions.click: uiaction.CommonUIActions.click is PASSED

2018-05-29 12:48:50 - [MESSAGE][PASSED] - uiaction.CommonUIActions.click is PASSED

2018-05-29 12:48:50 - [TEST_STEP][PASSED] - uiaction.CommonUIActions.click: uiaction.CommonUIActions.click is PASSED

2018-05-29 12:48:52 - [MESSAGE][PASSED] - uiaction.CommonUIActions.click is PASSED

2018-05-29 12:48:52 - [TEST_STEP][PASSED] - uiaction.CommonUIActions.click: uiaction.CommonUIActions.click is PASSED

2018-05-29 12:48:52 - [MESSAGE][PASSED] - uiaction.CommonUIActions.click is PASSED

2018-05-29 12:48:52 - [TEST_STEP][PASSED] - uiaction.CommonUIActions.click: uiaction.CommonUIActions.click is PASSED

2018-05-29 12:48:58 - [MESSAGE][PASSED] - uiaction.CommonUIActions.click is PASSED

2018-05-29 12:48:58 - [TEST_STEP][PASSED] - delay: Delayed 10 second(s)

2018-05-29 12:49:08 - [MESSAGE][PASSED] - Delayed 10 second(s)

2018-05-29 12:49:08 - [TEST_STEP][PASSED] - Statement - storenumber = CustomKeywords.uiaction.CommonUIActions.getText(com.kms.katalon.core.testobject.ObjectRepository.findTestObject(StorePage/storeID)): uiaction.CommonUIActions.getText is PASSED

2018-05-29 12:49:08 - [MESSAGE][PASSED] - uiaction.CommonUIActions.getText is PASSED

2018-05-29 12:49:08 - [TEST_STEP][PASSED] - Statement - out.println(" the store number is--" + storenumber.trim()): null

2018-05-29 12:49:08 - [TEST_STEP][PASSED] - uiaction.CommonUIActions.click: uiaction.CommonUIActions.click is PASSED

2018-05-29 12:49:09 - [MESSAGE][PASSED] - uiaction.CommonUIActions.click is PASSED

2018-05-29 12:49:09 - [TEST_STEP][PASSED] - verifyElementPresent: Object 'Object Repository/SummarizedReportPage/SummaryReportheader' is present

2018-05-29 12:49:10 - [MESSAGE][PASSED] - Object 'Object Repository/SummarizedReportPage/SummaryReportheader' is present

2018-05-29 12:49:10 - [TEST_STEP][PASSED] - Statement - println("Summary Reports screen will be displayed"): null

2018-05-29 12:49:10 - [TEST_STEP][PASSED] - uiaction.CommonUIActions.click: uiaction.CommonUIActions.click is PASSED

2018-05-29 12:49:14 - [MESSAGE][PASSED] - uiaction.CommonUIActions.click is PASSED

2018-05-29 12:49:14 - [TEST_STEP][PASSED] - uiaction.CommonUIActions.click: uiaction.CommonUIActions.click is PASSED

2018-05-29 12:49:25 - [MESSAGE][PASSED] - uiaction.CommonUIActions.click is PASSED

2018-05-29 12:49:25 - [TEST_STEP][PASSED] - uiaction.CommonUIActions.click: uiaction.CommonUIActions.click is PASSED

2018-05-29 12:49:27 - [MESSAGE][PASSED] - uiaction.CommonUIActions.click is PASSED

2018-05-29 12:49:27 - [TEST_STEP][PASSED] - uiaction.CommonUIActions.click: uiaction.CommonUIActions.click is PASSED

2018-05-29 12:49:27 - [MESSAGE][PASSED] - uiaction.CommonUIActions.click is PASSED

2018-05-29 12:49:27 - [TEST_STEP][PASSED] - uiaction.CommonUIActions.enter: uiaction.CommonUIActions.enter is PASSED

2018-05-29 12:49:27 - [MESSAGE][PASSED] - projectSpecific.Reusability.getTestData is PASSED

2018-05-29 12:49:27 - [MESSAGE][PASSED] - uiaction.CommonUIActions.enter is PASSED

2018-05-29 12:49:27 - [TEST_STEP][PASSED] - uiaction.CommonUIActions.enter: uiaction.CommonUIActions.enter is PASSED

2018-05-29 12:49:28 - [MESSAGE][PASSED] - projectSpecific.Reusability.getTestData is PASSED

2018-05-29 12:49:28 - [MESSAGE][PASSED] - uiaction.CommonUIActions.enter is PASSED

2018-05-29 12:49:28 - [TEST_STEP][PASSED] - Statement - groupmain = CustomKeywords.projectSpecific.Reusability.getTestData("ReportingGroupManagementPage", "Summarygrp"): projectSpecific.Reusability.getTestData is PASSED

2018-05-29 12:49:28 - [MESSAGE][PASSED] - projectSpecific.Reusability.getTestData is PASSED

2018-05-29 12:49:28 - [TEST_STEP][PASSED] - delay: Delayed 10 second(s)

2018-05-29 12:49:38 - [MESSAGE][PASSED] - Delayed 10 second(s)

2018-05-29 12:49:38 - [TEST_STEP][PASSED] - Statement - driver = com.kms.katalon.core.webui.driver.DriverFactory.getWebDriver(): null

2018-05-29 12:49:38 - [TEST_STEP][PASSED] - Statement - grouplist = driver.findElements(org.openqa.selenium.By.xpath("//ul[@class='unlinked-grouplist']/li")): null

2018-05-29 12:49:38 - [TEST_STEP][PASSED] - delay: Delayed 10 second(s)

2018-05-29 12:49:48 - [MESSAGE][PASSED] - Delayed 10 second(s)

2018-05-29 12:49:48 - [TEST_STEP][PASSED] - Statement - For ([i = 0, i < grouplist.size(), (i++)]): null

2018-05-29 12:49:48 - [TEST_STEP][PASSED] - Statement - println(grouplist.get(i).getText()): null

2018-05-29 12:49:48 - [TEST_STEP][PASSED] - Statement - If (grouplist.get(i).getText().contains(storenumber.trim())): null

2018-05-29 12:49:48 - [TEST_STEP][PASSED] - Statement - println(grouplist.get(i).getText()): null

2018-05-29 12:49:48 - [TEST_STEP][PASSED] - Statement - If (grouplist.get(i).getText().contains(storenumber.trim())): null

2018-05-29 12:49:48 - [TEST_STEP][PASSED] - Statement - println(grouplist.get(i).getText()): null

2018-05-29 12:49:48 - [TEST_STEP][PASSED] - Statement - If (grouplist.get(i).getText().contains(storenumber.trim())): null

2018-05-29 12:49:48 - [TEST_STEP][PASSED] - Statement - println(grouplist.get(i).getText()): null

2018-05-29 12:49:48 - [TEST_STEP][PASSED] - Statement - If (grouplist.get(i).getText().contains(storenumber.trim())): null

2018-05-29 12:49:48 - [TEST_STEP][PASSED] - Statement - println(grouplist.get(i).getText()): null

2018-05-29 12:49:48 - [TEST_STEP][PASSED] - Statement - If (grouplist.get(i).getText().contains(storenumber.trim())): null

2018-05-29 12:49:48 - [TEST_STEP][PASSED] - Statement - println(grouplist.get(i).getText()): null

2018-05-29 12:49:48 - [TEST_STEP][PASSED] - Statement - If (grouplist.get(i).getText().contains(storenumber.trim())): null

2018-05-29 12:49:48 - [TEST_STEP][PASSED] - Statement - println(grouplist.get(i).getText()): null

2018-05-29 12:49:48 - [TEST_STEP][PASSED] - Statement - If (grouplist.get(i).getText().contains(storenumber.trim())): null

2018-05-29 12:49:48 - [TEST_STEP][PASSED] - Statement - driver.findElement(org.openqa.selenium.By.xpath("(//ul[@class='unlinked-grouplist']/li/label)[" + i + 1 + "]")).click(): null

2018-05-29 12:49:48 - [TEST_STEP][PASSED] - Statement - driver.findElement(org.openqa.selenium.By.xpath("//button[contains(text(),'>')]")).click(): null

2018-05-29 12:49:48 - [TEST_STEP][PASSED] - Statement - Break: null

2018-05-29 12:49:48 - [TEST_STEP][PASSED] - delay: Delayed 10 second(s)

2018-05-29 12:49:58 - [MESSAGE][PASSED] - Delayed 10 second(s)

2018-05-29 12:49:58 - [TEST_STEP][PASSED] - uiaction.CommonUIActions.click: uiaction.CommonUIActions.click is PASSED

2018-05-29 12:49:58 - [MESSAGE][PASSED] - uiaction.CommonUIActions.click is PASSED

2018-05-29 12:49:58 - [TEST_STEP][PASSED] - uiaction.CommonUIActions.click: uiaction.CommonUIActions.click is PASSED

2018-05-29 12:49:58 - [MESSAGE][PASSED] - uiaction.CommonUIActions.click is PASSED

2018-05-29 12:49:58 - [TEST_STEP][PASSED] - delay: Delayed 10 second(s)

2018-05-29 12:50:08 - [MESSAGE][PASSED] - Delayed 10 second(s)

2018-05-29 12:50:08 - [TEST_STEP][PASSED] - uiaction.CommonUIActions.click: uiaction.CommonUIActions.click is PASSED

2018-05-29 12:50:09 - [MESSAGE][PASSED] - uiaction.CommonUIActions.click is PASSED

2018-05-29 12:50:09 - [TEST_STEP][PASSED] - delay: Delayed 10 second(s)

2018-05-29 12:50:19 - [MESSAGE][PASSED] - Delayed 10 second(s)

2018-05-29 12:50:19 - [TEST_STEP][PASSED] - Statement - driver.findElement(org.openqa.selenium.By.xpath("//span[contains(text(),'" + groupmain + "')]/../../../../span[1]")).click(): null

2018-05-29 12:50:19 - [TEST_STEP][PASSED] - delay: Delayed 10 second(s)

2018-05-29 12:50:29 - [MESSAGE][PASSED] - Delayed 10 second(s)

2018-05-29 12:50:29 - [TEST_STEP][PASSED] - Statement - driver.findElement(org.openqa.selenium.By.xpath("//span[contains(text(),'" + storenumber.trim() + "')]")).isDisplayed(): null

2018-05-29 12:50:29 - [TEST_STEP][PASSED] - delay: Delayed 4 second(s)

2018-05-29 12:50:33 - [MESSAGE][PASSED] - Delayed 4 second(s)

2018-05-29 12:50:33 - [TEST_STEP][PASSED] - uiaction.CommonUIActions.click: uiaction.CommonUIActions.click is PASSED

2018-05-29 12:50:33 - [MESSAGE][PASSED] - uiaction.CommonUIActions.click is PASSED

2018-05-29 12:50:33 - [TEST_STEP][PASSED] - Statement - storesCheckBoxList = driver.findElements(org.openqa.selenium.By.xpath(com.kms.katalon.core.testdata.TestDataFactory.findTestData(OR_file).getValue(2, 4))): Reading excel file with source file 'C:\Users\shalinin\Katalon Studio\HME_Scripts\Data Files\HME_OR.xlsx' and sheet name 'Sheet1'

2018-05-29 12:50:33 - [TEST_STEP][PASSED] - Statement - storesCheckBoxListChecked = driver.findElements(org.openqa.selenium.By.xpath(com.kms.katalon.core.testdata.TestDataFactory.findTestData(OR_file).getValue(2, 14))): Reading excel file with source file 'C:\Users\shalinin\Katalon Studio\HME_Scripts\Data Files\HME_OR.xlsx' and sheet name 'Sheet1'

2018-05-29 12:50:33 - [TEST_STEP][PASSED] - Statement - If (storesCheckBoxList.size() == storesCheckBoxListChecked.size()): null

2018-05-29 12:50:33 - [TEST_STEP][PASSED] - Statement - out.println("All Store checkboxes are checked after selecting SelectAll button"): null

2018-05-29 12:50:33 - [TEST_STEP][PASSED] - delay: Delayed 4 second(s)

2018-05-29 12:50:37 - [MESSAGE][PASSED] - Delayed 4 second(s)

2018-05-29 12:50:37 - [TEST_STEP][PASSED] - uiaction.CommonUIActions.click: uiaction.CommonUIActions.click is PASSED

2018-05-29 12:50:37 - [MESSAGE][PASSED] - uiaction.CommonUIActions.click is PASSED

2018-05-29 12:50:37 - [TEST_STEP][PASSED] - delay: Delayed 4 second(s)

2018-05-29 12:50:41 - [MESSAGE][PASSED] - Delayed 4 second(s)

2018-05-29 12:50:41 - [TEST_STEP][PASSED] - Statement - driver.findElement(org.openqa.selenium.By.xpath("//span[contains(text(),'" + groupmain + "')]/../../../../span[2]")).click(): null

2018-05-29 12:50:41 - [TEST_STEP][PASSED] - Statement - defaulttimemeasureoption = CustomKeywords.uiaction.CommonUIActions.getText(com.kms.katalon.core.testobject.ObjectRepository.findTestObject(ReportsPage/defaulttimemeasujreoptiondisplayed)): uiaction.CommonUIActions.getText is PASSED

2018-05-29 12:50:41 - [MESSAGE][PASSED] - uiaction.CommonUIActions.getText is PASSED

2018-05-29 12:50:41 - [TEST_STEP][PASSED] - Statement - If (defaulttimemeasureoption == "Day"): null

2018-05-29 12:50:41 - [TEST_STEP][PASSED] - Statement - out.println("Default time measure value displayed as 'Day' "): null

2018-05-29 12:50:41 - [TEST_STEP][PASSED] - delay: Delayed 5 second(s)

2018-05-29 12:50:46 - [MESSAGE][PASSED] - Delayed 5 second(s)

2018-05-29 12:50:46 - [TEST_STEP][PASSED] - click: Object: 'Object Repository/ReportsPage/fromDateSelector' is clicked on

2018-05-29 12:50:47 - [MESSAGE][PASSED] - Object: 'Object Repository/ReportsPage/fromDateSelector' is clicked on

2018-05-29 12:50:47 - [TEST_STEP][PASSED] - delay: Delayed 5 second(s)

2018-05-29 12:50:52 - [MESSAGE][PASSED] - Delayed 5 second(s)

2018-05-29 12:50:52 - [TEST_STEP][PASSED] - Statement - monthText = com.kms.katalon.core.webui.keyword.WebUiBuiltInKeywords.getText(com.kms.katalon.core.testobject.ObjectRepository.findTestObject(ReportsPage/monthText)): Text of object 'Object Repository/ReportsPage/monthText' is: 'May 2018'

2018-05-29 12:50:52 - [MESSAGE][PASSED] - Text of object 'Object Repository/ReportsPage/monthText' is: 'May 2018'

2018-05-29 12:50:52 - [TEST_STEP][PASSED] - Statement - monthTextArray = monthText.split(" "): null

2018-05-29 12:50:52 - [TEST_STEP][PASSED] - Statement - month = monthTextArray[0]: null

2018-05-29 12:50:52 - [TEST_STEP][PASSED] - Statement - monthTextValue = CustomKeywords.projectSpecific.Reusability.getTestData("ReportsPage", "Month"): projectSpecific.Reusability.getTestData is PASSED

2018-05-29 12:50:52 - [MESSAGE][PASSED] - projectSpecific.Reusability.getTestData is PASSED

2018-05-29 12:50:52 - [TEST_STEP][PASSED] - Statement - If (!(monthTextValue.equals(month))): null

2018-05-29 12:50:52 - [TEST_STEP][PASSED] - Statement - While (!(monthTextValue.equals(month))): null

2018-05-29 12:50:52 - [TEST_STEP][PASSED] - click: Object: 'Object Repository/ReportsPage/previousDateSelector' is clicked on

2018-05-29 12:50:52 - [MESSAGE][PASSED] - Object: 'Object Repository/ReportsPage/previousDateSelector' is clicked on

2018-05-29 12:50:52 - [TEST_STEP][PASSED] - Statement - monthText = com.kms.katalon.core.webui.keyword.WebUiBuiltInKeywords.getText(com.kms.katalon.core.testobject.ObjectRepository.findTestObject(ReportsPage/monthText)): Text of object 'Object Repository/ReportsPage/monthText' is: 'April 2018'

2018-05-29 12:50:52 - [MESSAGE][PASSED] - Text of object 'Object Repository/ReportsPage/monthText' is: 'April 2018'

2018-05-29 12:50:52 - [TEST_STEP][PASSED] - Statement - monthTextArray = monthText.split(" "): null

2018-05-29 12:50:52 - [TEST_STEP][PASSED] - Statement - month = monthTextArray[0]: null

2018-05-29 12:50:52 - [TEST_STEP][PASSED] - click: Object: 'Object Repository/ReportsPage/previousDateSelector' is clicked on

2018-05-29 12:50:52 - [MESSAGE][PASSED] - Object: 'Object Repository/ReportsPage/previousDateSelector' is clicked on

2018-05-29 12:50:52 - [TEST_STEP][PASSED] - Statement - monthText = com.kms.katalon.core.webui.keyword.WebUiBuiltInKeywords.getText(com.kms.katalon.core.testobject.ObjectRepository.findTestObject(ReportsPage/monthText)): Text of object 'Object Repository/ReportsPage/monthText' is: 'March 2018'

2018-05-29 12:50:52 - [MESSAGE][PASSED] - Text of object 'Object Repository/ReportsPage/monthText' is: 'March 2018'

2018-05-29 12:50:52 - [TEST_STEP][PASSED] - Statement - monthTextArray = monthText.split(" "): null

2018-05-29 12:50:52 - [TEST_STEP][PASSED] - Statement - month = monthTextArray[0]: null

2018-05-29 12:50:52 - [TEST_STEP][PASSED] - Statement - data = CustomKeywords.projectSpecific.Reusability.getTestData("ReportsPage", "StartDate_TC7"): projectSpecific.Reusability.getTestData is PASSED

2018-05-29 12:50:52 - [MESSAGE][PASSED] - projectSpecific.Reusability.getTestData is PASSED

2018-05-29 12:50:52 - [TEST_STEP][PASSED] - Statement - startDate = "(//td[text()='" + data + "'])[1]": null

2018-05-29 12:50:52 - [TEST_STEP][PASSED] - Statement - println(startDate): null

2018-05-29 12:50:52 - [TEST_STEP][PASSED] - Statement - startdateEle = driver.findElement(org.openqa.selenium.By.xpath(startDate)): null

2018-05-29 12:50:52 - [TEST_STEP][PASSED] - Statement - startdateEle.click(): null

2018-05-29 12:50:52 - [TEST_STEP][PASSED] - delay: Delayed 5 second(s)

2018-05-29 12:50:57 - [MESSAGE][PASSED] - Delayed 5 second(s)

2018-05-29 12:50:57 - [TEST_STEP][PASSED] - click: Object: 'Object Repository/ReportsPage/toDateSelector' is clicked on

2018-05-29 12:50:57 - [MESSAGE][PASSED] - Object: 'Object Repository/ReportsPage/toDateSelector' is clicked on

2018-05-29 12:50:57 - [TEST_STEP][PASSED] - Statement - monthText = com.kms.katalon.core.webui.keyword.WebUiBuiltInKeywords.getText(com.kms.katalon.core.testobject.ObjectRepository.findTestObject(ReportsPage/monthText2)): Text of object 'Object Repository/ReportsPage/monthText2' is: 'May 2018'

2018-05-29 12:50:57 - [MESSAGE][PASSED] - Text of object 'Object Repository/ReportsPage/monthText2' is: 'May 2018'

2018-05-29 12:50:57 - [TEST_STEP][PASSED] - Statement - monthTextArray = monthText.split(" "): null

2018-05-29 12:50:57 - [TEST_STEP][PASSED] - Statement - month = monthTextArray[0]: null

2018-05-29 12:50:57 - [TEST_STEP][PASSED] - Statement - If (!(monthTextValue.equals(month))): null

2018-05-29 12:50:57 - [TEST_STEP][PASSED] - Statement - While (!(monthTextValue.equals(month))): null

2018-05-29 12:50:57 - [TEST_STEP][PASSED] - click: Object: 'Object Repository/ReportsPage/previousDateSelector2' is clicked on

2018-05-29 12:50:57 - [MESSAGE][PASSED] - Object: 'Object Repository/ReportsPage/previousDateSelector2' is clicked on

2018-05-29 12:50:57 - [TEST_STEP][PASSED] - Statement - monthText = com.kms.katalon.core.webui.keyword.WebUiBuiltInKeywords.getText(com.kms.katalon.core.testobject.ObjectRepository.findTestObject(ReportsPage/monthText2)): Text of object 'Object Repository/ReportsPage/monthText2' is: 'April 2018'

2018-05-29 12:50:57 - [MESSAGE][PASSED] - Text of object 'Object Repository/ReportsPage/monthText2' is: 'April 2018'

2018-05-29 12:50:57 - [TEST_STEP][PASSED] - Statement - monthTextArray = monthText.split(" "): null

2018-05-29 12:50:57 - [TEST_STEP][PASSED] - Statement - month = monthTextArray[0]: null

2018-05-29 12:50:57 - [TEST_STEP][PASSED] - click: Object: 'Object Repository/ReportsPage/previousDateSelector2' is clicked on

2018-05-29 12:50:57 - [MESSAGE][PASSED] - Object: 'Object Repository/ReportsPage/previousDateSelector2' is clicked on

2018-05-29 12:50:57 - [TEST_STEP][PASSED] - Statement - monthText = com.kms.katalon.core.webui.keyword.WebUiBuiltInKeywords.getText(com.kms.katalon.core.testobject.ObjectRepository.findTestObject(ReportsPage/monthText2)): Text of object 'Object Repository/ReportsPage/monthText2' is: 'March 2018'

2018-05-29 12:50:57 - [MESSAGE][PASSED] - Text of object 'Object Repository/ReportsPage/monthText2' is: 'March 2018'

2018-05-29 12:50:57 - [TEST_STEP][PASSED] - Statement - monthTextArray = monthText.split(" "): null

2018-05-29 12:50:57 - [TEST_STEP][PASSED] - Statement - month = monthTextArray[0]: null

2018-05-29 12:50:57 - [TEST_STEP][PASSED] - Statement - endDate = CustomKeywords.projectSpecific.Reusability.getTestData("ReportsPage", "EndDate3"): projectSpecific.Reusability.getTestData is PASSED

2018-05-29 12:50:57 - [MESSAGE][PASSED] - projectSpecific.Reusability.getTestData is PASSED

2018-05-29 12:50:57 - [TEST_STEP][PASSED] - Statement - toDate = "(//td[text()='" + endDate + "'])[2]": null

2018-05-29 12:50:57 - [TEST_STEP][PASSED] - Statement - toDateEle = driver.findElement(org.openqa.selenium.By.xpath(toDate)): null

2018-05-29 12:50:57 - [TEST_STEP][PASSED] - Statement - toDateEle.click(): null

2018-05-29 12:50:57 - [TEST_STEP][PASSED] - delay: Delayed 5 second(s)

2018-05-29 12:51:02 - [MESSAGE][PASSED] - Delayed 5 second(s)

2018-05-29 12:51:02 - [TEST_STEP][PASSED] - Statement - dateAttr = com.kms.katalon.core.webui.keyword.WebUiBuiltInKeywords.getAttribute(com.kms.katalon.core.testobject.ObjectRepository.findTestObject(ReportsPage/selectedDate1), "value"): Attribute 'value' of object 'Object Repository/ReportsPage/selectedDate1' is: '03/10/2018'

2018-05-29 12:51:03 - [MESSAGE][PASSED] - Attribute 'value' of object 'Object Repository/ReportsPage/selectedDate1' is: '03/10/2018'

2018-05-29 12:51:03 - [TEST_STEP][PASSED] - Statement - fromDateValue = CustomKeywords.projectSpecific.Reusability.getTestData("ReportsPage", "toDate_March"): projectSpecific.Reusability.getTestData is PASSED

2018-05-29 12:51:03 - [MESSAGE][PASSED] - projectSpecific.Reusability.getTestData is PASSED

2018-05-29 12:51:03 - [TEST_STEP][PASSED] - Statement - If (!(dateAttr.equals(fromDateValue))): null

2018-05-29 12:51:03 - [TEST_STEP][PASSED] - Statement - dateAttr = com.kms.katalon.core.webui.keyword.WebUiBuiltInKeywords.getAttribute(com.kms.katalon.core.testobject.ObjectRepository.findTestObject(ReportsPage/selectedDate2), "value"): Attribute 'value' of object 'Object Repository/ReportsPage/selectedDate2' is: '03/11/2018'

2018-05-29 12:51:03 - [MESSAGE][PASSED] - Attribute 'value' of object 'Object Repository/ReportsPage/selectedDate2' is: '03/11/2018'

2018-05-29 12:51:03 - [TEST_STEP][PASSED] - Statement - toDateValue = CustomKeywords.projectSpecific.Reusability.getTestData("ReportsPage", "TOdate_TC7"): projectSpecific.Reusability.getTestData is PASSED

2018-05-29 12:51:03 - [MESSAGE][PASSED] - projectSpecific.Reusability.getTestData is PASSED

2018-05-29 12:51:03 - [TEST_STEP][PASSED] - Statement - If (!(dateAttr.equals(toDateValue))): null

2018-05-29 12:51:03 - [TEST_STEP][PASSED] - uiaction.CommonUIActions.click: uiaction.CommonUIActions.click is PASSED

2018-05-29 12:51:03 - [MESSAGE][PASSED] - uiaction.CommonUIActions.click is PASSED

2018-05-29 12:51:03 - [TEST_STEP][PASSED] - click: Object: 'Object Repository/ReportsPage/report_submit' is clicked on

2018-05-29 12:51:03 - [MESSAGE][PASSED] - Object: 'Object Repository/ReportsPage/report_submit' is clicked on

2018-05-29 12:51:03 - [TEST_STEP][PASSED] - delay: Delayed 10 second(s)

2018-05-29 12:51:13 - [MESSAGE][PASSED] - Delayed 10 second(s)

2018-05-29 12:51:13 - [TEST_STEP][PASSED] - verifyElementPresent: Object 'Object Repository/SummarizedReportPage/Summary_avaragereport' is present

2018-05-29 12:51:13 - [MESSAGE][PASSED] - Object 'Object Repository/SummarizedReportPage/Summary_avaragereport' is present

2018-05-29 12:51:13 - [TEST_STEP][PASSED] - verifyElementPresent: Object 'Object Repository/SummarizedReportPage/summary_avaragetimemin_sec' is present

2018-05-29 12:51:13 - [MESSAGE][PASSED] - Object 'Object Repository/SummarizedReportPage/summary_avaragetimemin_sec' is present

2018-05-29 12:51:13 - [TEST_STEP][PASSED] - Statement - averagetime_headersfromapp = driver.findElements(org.openqa.selenium.By.xpath("//table[@class='summaryreport-table']//th[@class='reportTableAttributesHeading']")): null

2018-05-29 12:51:13 - [TEST_STEP][PASSED] - Statement - averagetime_headersfrom_excel = CustomKeywords.projectSpecific.Reusability.getTestData("ReportsPage", "averagetime_headers_08"): projectSpecific.Reusability.getTestData is PASSED

2018-05-29 12:51:13 - [MESSAGE][PASSED] - projectSpecific.Reusability.getTestData is PASSED

2018-05-29 12:51:13 - [TEST_STEP][PASSED] - Statement - averagetime_excelsplit = averagetime_headersfrom_excel.split(","): null

2018-05-29 12:51:13 - [TEST_STEP][PASSED] - Statement - For ([i = 0, i < averagetime_headersfromapp.size(), (i++)]): null

2018-05-29 12:51:13 - [TEST_STEP][PASSED] - delay: Delayed 5 second(s)

2018-05-29 12:51:18 - [MESSAGE][PASSED] - Delayed 5 second(s)

2018-05-29 12:51:18 - [TEST_STEP][PASSED] - uiaction.CommonUIActions.click: uiaction.CommonUIActions.click is PASSED

2018-05-29 12:51:21 - [MESSAGE][PASSED] - uiaction.CommonUIActions.click is PASSED

2018-05-29 12:51:21 - [TEST_STEP][PASSED] - delay: Delayed 5 second(s)

2018-05-29 12:51:26 - [MESSAGE][PASSED] - Delayed 5 second(s)

2018-05-29 12:51:26 - [TEST_STEP][PASSED] - uiaction.CommonUIActions.click: uiaction.CommonUIActions.click is PASSED

2018-05-29 12:51:38 - [MESSAGE][PASSED] - uiaction.CommonUIActions.click is PASSED

2018-05-29 12:51:38 - [TEST_STEP][PASSED] - delay: Delayed 5 second(s)

2018-05-29 12:51:43 - [MESSAGE][PASSED] - Delayed 5 second(s)

2018-05-29 12:51:43 - [TEST_STEP][PASSED] - uiaction.CommonUIActions.click: uiaction.CommonUIActions.click is PASSED

2018-05-29 12:51:43 - [MESSAGE][PASSED] - uiaction.CommonUIActions.click is PASSED

2018-05-29 12:51:43 - [TEST_STEP][PASSED] - delay: Delayed 10 second(s)

2018-05-29 12:51:53 - [MESSAGE][PASSED] - Delayed 10 second(s)

2018-05-29 12:51:53 - [TEST_STEP][PASSED] - uiaction.CommonUIActions.click: uiaction.CommonUIActions.click is PASSED

2018-05-29 12:51:53 - [MESSAGE][PASSED] - uiaction.CommonUIActions.click is PASSED

2018-05-29 12:51:53 - [TEST_STEP][PASSED] - delay: Delayed 10 second(s)

2018-05-29 12:52:03 - [MESSAGE][PASSED] - Delayed 10 second(s)

2018-05-29 12:52:03 - [TEST_STEP][PASSED] - uiaction.CommonUIActions.click: uiaction.CommonUIActions.click is PASSED

2018-05-29 12:52:03 - [MESSAGE][PASSED] - uiaction.CommonUIActions.click is PASSED

2018-05-29 12:52:03 - [TEST_STEP][PASSED] - uiaction.CommonUIActions.click: uiaction.CommonUIActions.click is PASSED

2018-05-29 12:52:03 - [MESSAGE][PASSED] - uiaction.CommonUIActions.click is PASSED

2018-05-29 12:52:03 - [TEST_STEP][PASSED] - uiaction.CommonUIActions.click: uiaction.CommonUIActions.click is PASSED

2018-05-29 12:52:06 - [MESSAGE][PASSED] - uiaction.CommonUIActions.click is PASSED

2018-05-29 12:52:06 - [TEST_STEP][PASSED] - Statement - assert TCflag == true: null

2018-05-29 12:52:06 - [TEST_STEP][PASSED] - Start listener action : sampleAfterTestCase: Browser is closed

2018-05-29 12:52:06 - [TEST_STEP][PASSED] - Statement - println(testCaseContext.getTestCaseId()): null

2018-05-29 12:52:06 - [TEST_STEP][PASSED] - Statement - println(testCaseContext.getTestCaseStatus()): null

2018-05-29 12:52:06 - [TEST_STEP][PASSED] - closeBrowser: Browser is closed

2018-05-29 12:52:07 - [MESSAGE][PASSED] - Browser is closed]]></system-out>
         <system-err><![CDATA[]]></system-err>
      </testcase>
      <system-out><![CDATA[2018-05-29 12:48:10 - [TEST_SUITE][PASSED] - RegressionSuite: Browser is closed]]></system-out>
      <system-err><![CDATA[]]></system-err>
   </testsuite>
</testsuites>
