<?xml version="1.0" encoding="UTF-8"?>
<testsuites name="RegressionSuite" time="1869" tests="3" failures="5" errors="0">
   <testsuite name="RegressionSuite" tests="3" failures="5" errors="0" time="1869" timestamp="2018-05-28 18:41:54" hostname="shalinin - NIBC2129.nousinfo.com" id="Test Suites/RegressionSuite">
      <properties>
         <property name="deviceName" value=""/>
         <property name="devicePlatform" value=""/>
         <property name="logFolder" value="C:\\Users\\shalinin\\Katalon Studio\\HME_Scripts\\Reports\\RegressionSuite\\20180528_184152"/>
         <property name="logFiles" value="C:\\Users\\shalinin\\Katalon Studio\\HME_Scripts\\Reports\\RegressionSuite\\20180528_184152\\execution0.log"/>
         <property name="attachments" value="C:\\Users\\shalinin\\Katalon Studio\\HME_Scripts\\Reports\\RegressionSuite\\20180528_184152\\1527514277420.png, C:\\Users\\shalinin\\Katalon Studio\\HME_Scripts\\Reports\\RegressionSuite\\20180528_184152\\1527514288190.png, C:\\Users\\shalinin\\Katalon Studio\\HME_Scripts\\Reports\\RegressionSuite\\20180528_184152\\1527514443335.png, C:\\Users\\shalinin\\Katalon Studio\\HME_Scripts\\Reports\\RegressionSuite\\20180528_184152\\1527514476708.png"/>
         <property name="hostName" value="shalinin - NIBC2129.nousinfo.com"/>
         <property name="os" value="Windows 7 64bit"/>
         <property name="katalonVersion" value="5.3.1.1"/>
         <property name="browser" value="Chrome 66.0.3359.181"/>
         <property name="hostAddress" value="192.168.24.72"/>
         <property name="sessionId" value="13964154948708b4a43da32769e4da09"/>
         <property name="seleniumVersion" value="3.7.1"/>
         <property name="proxyInformation" value="ProxyInformation{proxyOption=NO_PROXY, proxyServerType=HTTP, password=, proxyServerAddress=, proxyServerPort=0}"/>
         <property name="platform" value="Windows 7"/>
      </properties>
      <testcase name="Test Cases/SummaryReportsTC/HME-Summary Report-13" classname="Test Cases/SummaryReportsTC/HME-Summary Report-13" status="PASSED">
         <system-out><![CDATA[2018-05-28 18:41:54 - [TEST_CASE][PASSED] - Test Cases/SummaryReportsTC/HME-Summary Report-13: Browser is closed

2018-05-28 18:41:55 - [TEST_STEP][PASSED] - Start listener action : sampleBeforeTestCase: uiaction.CommonUIActions.deleteAllCookies is PASSED

2018-05-28 18:41:55 - [TEST_STEP][PASSED] - openBrowser: Browser is opened with url: ''

2018-05-28 18:41:58 - [MESSAGE][PASSED] - Browser is opened with url: ''

2018-05-28 18:41:58 - [TEST_STEP][PASSED] - maximizeWindow: Current window maximized

2018-05-28 18:41:59 - [MESSAGE][PASSED] - Current window maximized

2018-05-28 18:41:59 - [TEST_STEP][PASSED] - uiaction.CommonUIActions.deleteAllCookies: uiaction.CommonUIActions.deleteAllCookies is PASSED

2018-05-28 18:41:59 - [MESSAGE][PASSED] - Delete all cookies successfully

2018-05-28 18:41:59 - [MESSAGE][PASSED] - uiaction.CommonUIActions.deleteAllCookies is PASSED

2018-05-28 18:41:59 - [TEST_STEP][PASSED] - Statement - TCflag = true: null

2018-05-28 18:41:59 - [TEST_STEP][PASSED] - Statement - Try: uiaction.CommonUIActions.click is PASSED

2018-05-28 18:41:59 - [TEST_STEP][PASSED] - navigateToUrl: Navigate to 'https://hme-dev-public-cloud-app.azurewebsites.net/' successfully

2018-05-28 18:42:02 - [MESSAGE][PASSED] - Navigate to 'https://hme-dev-public-cloud-app.azurewebsites.net/' successfully

2018-05-28 18:42:02 - [TEST_STEP][PASSED] - projectSpecific.Reusability.login: projectSpecific.Reusability.login is PASSED

2018-05-28 18:42:03 - [MESSAGE][PASSED] - projectSpecific.Reusability.getTestData is PASSED

2018-05-28 18:42:03 - [MESSAGE][PASSED] - projectSpecific.Reusability.getTestData is PASSED

2018-05-28 18:42:03 - [MESSAGE][PASSED] - Text 'selvendrank@nousinfo.com' is set on object 'Object Repository/LoginPage/Username'

2018-05-28 18:42:03 - [MESSAGE][PASSED] - Text 'nous;123' is set on object 'Object Repository/LoginPage/Password'

2018-05-28 18:42:04 - [MESSAGE][PASSED] - Object: 'Object Repository/LoginPage/Login' is clicked on

2018-05-28 18:42:04 - [MESSAGE][PASSED] - projectSpecific.Reusability.login is PASSED

2018-05-28 18:42:04 - [TEST_STEP][PASSED] - delay: Delayed 10 second(s)

2018-05-28 18:42:14 - [MESSAGE][PASSED] - Delayed 10 second(s)

2018-05-28 18:42:14 - [TEST_STEP][PASSED] - uiaction.CommonUIActions.click: uiaction.CommonUIActions.click is PASSED

2018-05-28 18:42:51 - [MESSAGE][PASSED] - uiaction.CommonUIActions.click is PASSED

2018-05-28 18:42:51 - [TEST_STEP][PASSED] - uiaction.CommonUIActions.click: uiaction.CommonUIActions.click is PASSED

2018-05-28 18:42:53 - [MESSAGE][PASSED] - uiaction.CommonUIActions.click is PASSED

2018-05-28 18:42:53 - [TEST_STEP][PASSED] - uiaction.CommonUIActions.click: uiaction.CommonUIActions.click is PASSED

2018-05-28 18:42:53 - [MESSAGE][PASSED] - uiaction.CommonUIActions.click is PASSED

2018-05-28 18:42:53 - [TEST_STEP][PASSED] - uiaction.CommonUIActions.enter: uiaction.CommonUIActions.enter is PASSED

2018-05-28 18:42:53 - [MESSAGE][PASSED] - projectSpecific.Reusability.getTestData is PASSED

2018-05-28 18:42:53 - [MESSAGE][PASSED] - uiaction.CommonUIActions.enter is PASSED

2018-05-28 18:42:53 - [TEST_STEP][PASSED] - uiaction.CommonUIActions.enter: uiaction.CommonUIActions.enter is PASSED

2018-05-28 18:42:53 - [MESSAGE][PASSED] - projectSpecific.Reusability.getTestData is PASSED

2018-05-28 18:42:53 - [MESSAGE][PASSED] - uiaction.CommonUIActions.enter is PASSED

2018-05-28 18:42:53 - [TEST_STEP][PASSED] - delay: Delayed 10 second(s)

2018-05-28 18:43:03 - [MESSAGE][PASSED] - Delayed 10 second(s)

2018-05-28 18:43:03 - [TEST_STEP][PASSED] - Statement - driver = com.kms.katalon.core.webui.driver.DriverFactory.getWebDriver(): null

2018-05-28 18:43:03 - [TEST_STEP][PASSED] - Statement - grouplist = driver.findElements(org.openqa.selenium.By.xpath("//ul[@class='unlinked-grouplist']/li")): null

2018-05-28 18:43:03 - [TEST_STEP][PASSED] - delay: Delayed 5 second(s)

2018-05-28 18:43:08 - [MESSAGE][PASSED] - Delayed 5 second(s)

2018-05-28 18:43:08 - [TEST_STEP][PASSED] - Statement - pattern = java.util.regex.Pattern.compile("[0-9]+"): null

2018-05-28 18:43:08 - [TEST_STEP][PASSED] - Statement - store_count = 1: null

2018-05-28 18:43:08 - [TEST_STEP][PASSED] - Statement - For ([i = 0, i < grouplist.size(), (i++)]): null

2018-05-28 18:43:08 - [TEST_STEP][PASSED] - Statement - println(grouplist.get(i).getText()): null

2018-05-28 18:43:09 - [TEST_STEP][PASSED] - Statement - txt = grouplist.get(i).getText(): null

2018-05-28 18:43:09 - [TEST_STEP][PASSED] - Statement - matched = pattern.matcher(txt).matches(): null

2018-05-28 18:43:09 - [TEST_STEP][PASSED] - Statement - If (matched): null

2018-05-28 18:43:09 - [TEST_STEP][PASSED] - Statement - println(grouplist.get(i).getText()): null

2018-05-28 18:43:09 - [TEST_STEP][PASSED] - Statement - txt = grouplist.get(i).getText(): null

2018-05-28 18:43:09 - [TEST_STEP][PASSED] - Statement - matched = pattern.matcher(txt).matches(): null

2018-05-28 18:43:09 - [TEST_STEP][PASSED] - Statement - If (matched): null

2018-05-28 18:43:09 - [TEST_STEP][PASSED] - Statement - println(grouplist.get(i).getText()): null

2018-05-28 18:43:09 - [TEST_STEP][PASSED] - Statement - txt = grouplist.get(i).getText(): null

2018-05-28 18:43:09 - [TEST_STEP][PASSED] - Statement - matched = pattern.matcher(txt).matches(): null

2018-05-28 18:43:09 - [TEST_STEP][PASSED] - Statement - If (matched): null

2018-05-28 18:43:09 - [TEST_STEP][PASSED] - Statement - println(grouplist.get(i).getText()): null

2018-05-28 18:43:09 - [TEST_STEP][PASSED] - Statement - txt = grouplist.get(i).getText(): null

2018-05-28 18:43:09 - [TEST_STEP][PASSED] - Statement - matched = pattern.matcher(txt).matches(): null

2018-05-28 18:43:09 - [TEST_STEP][PASSED] - Statement - If (matched): null

2018-05-28 18:43:09 - [TEST_STEP][PASSED] - Statement - println(grouplist.get(i).getText()): null

2018-05-28 18:43:09 - [TEST_STEP][PASSED] - Statement - txt = grouplist.get(i).getText(): null

2018-05-28 18:43:09 - [TEST_STEP][PASSED] - Statement - matched = pattern.matcher(txt).matches(): null

2018-05-28 18:43:09 - [TEST_STEP][PASSED] - Statement - If (matched): null

2018-05-28 18:43:09 - [TEST_STEP][PASSED] - Statement - println(grouplist.get(i).getText()): null

2018-05-28 18:43:09 - [TEST_STEP][PASSED] - Statement - txt = grouplist.get(i).getText(): null

2018-05-28 18:43:09 - [TEST_STEP][PASSED] - Statement - matched = pattern.matcher(txt).matches(): null

2018-05-28 18:43:09 - [TEST_STEP][PASSED] - Statement - If (matched): null

2018-05-28 18:43:09 - [TEST_STEP][PASSED] - Statement - println(grouplist.get(i).getText()): null

2018-05-28 18:43:09 - [TEST_STEP][PASSED] - Statement - txt = grouplist.get(i).getText(): null

2018-05-28 18:43:09 - [TEST_STEP][PASSED] - Statement - matched = pattern.matcher(txt).matches(): null

2018-05-28 18:43:09 - [TEST_STEP][PASSED] - Statement - If (matched): null

2018-05-28 18:43:09 - [TEST_STEP][PASSED] - Statement - println(grouplist.get(i).getText()): null

2018-05-28 18:43:09 - [TEST_STEP][PASSED] - Statement - txt = grouplist.get(i).getText(): null

2018-05-28 18:43:09 - [TEST_STEP][PASSED] - Statement - matched = pattern.matcher(txt).matches(): null

2018-05-28 18:43:09 - [TEST_STEP][PASSED] - Statement - If (matched): null

2018-05-28 18:43:09 - [TEST_STEP][PASSED] - Statement - driver.findElement(org.openqa.selenium.By.xpath("(//ul[@class='unlinked-grouplist']/li/label)[" + i + 1 + "]")).click(): null

2018-05-28 18:43:09 - [TEST_STEP][PASSED] - Statement - (store_count++): null

2018-05-28 18:43:09 - [TEST_STEP][PASSED] - Statement - println(grouplist.get(i).getText()): null

2018-05-28 18:43:09 - [TEST_STEP][PASSED] - Statement - txt = grouplist.get(i).getText(): null

2018-05-28 18:43:09 - [TEST_STEP][PASSED] - Statement - matched = pattern.matcher(txt).matches(): null

2018-05-28 18:43:09 - [TEST_STEP][PASSED] - Statement - If (matched): null

2018-05-28 18:43:09 - [TEST_STEP][PASSED] - Statement - driver.findElement(org.openqa.selenium.By.xpath("(//ul[@class='unlinked-grouplist']/li/label)[" + i + 1 + "]")).click(): null

2018-05-28 18:43:09 - [TEST_STEP][PASSED] - Statement - (store_count++): null

2018-05-28 18:43:09 - [TEST_STEP][PASSED] - Statement - println(grouplist.get(i).getText()): null

2018-05-28 18:43:09 - [TEST_STEP][PASSED] - Statement - txt = grouplist.get(i).getText(): null

2018-05-28 18:43:09 - [TEST_STEP][PASSED] - Statement - matched = pattern.matcher(txt).matches(): null

2018-05-28 18:43:09 - [TEST_STEP][PASSED] - Statement - If (matched): null

2018-05-28 18:43:09 - [TEST_STEP][PASSED] - Statement - driver.findElement(org.openqa.selenium.By.xpath("(//ul[@class='unlinked-grouplist']/li/label)[" + i + 1 + "]")).click(): null

2018-05-28 18:43:09 - [TEST_STEP][PASSED] - Statement - (store_count++): null

2018-05-28 18:43:09 - [TEST_STEP][PASSED] - Statement - println(grouplist.get(i).getText()): null

2018-05-28 18:43:09 - [TEST_STEP][PASSED] - Statement - txt = grouplist.get(i).getText(): null

2018-05-28 18:43:09 - [TEST_STEP][PASSED] - Statement - matched = pattern.matcher(txt).matches(): null

2018-05-28 18:43:09 - [TEST_STEP][PASSED] - Statement - If (matched): null

2018-05-28 18:43:09 - [TEST_STEP][PASSED] - Statement - driver.findElement(org.openqa.selenium.By.xpath("(//ul[@class='unlinked-grouplist']/li/label)[" + i + 1 + "]")).click(): null

2018-05-28 18:43:09 - [TEST_STEP][PASSED] - Statement - (store_count++): null

2018-05-28 18:43:09 - [TEST_STEP][PASSED] - Statement - println(grouplist.get(i).getText()): null

2018-05-28 18:43:09 - [TEST_STEP][PASSED] - Statement - txt = grouplist.get(i).getText(): null

2018-05-28 18:43:09 - [TEST_STEP][PASSED] - Statement - matched = pattern.matcher(txt).matches(): null

2018-05-28 18:43:09 - [TEST_STEP][PASSED] - Statement - If (matched): null

2018-05-28 18:43:09 - [TEST_STEP][PASSED] - Statement - driver.findElement(org.openqa.selenium.By.xpath("(//ul[@class='unlinked-grouplist']/li/label)[" + i + 1 + "]")).click(): null

2018-05-28 18:43:09 - [TEST_STEP][PASSED] - Statement - (store_count++): null

2018-05-28 18:43:09 - [TEST_STEP][PASSED] - Statement - println(grouplist.get(i).getText()): null

2018-05-28 18:43:09 - [TEST_STEP][PASSED] - Statement - txt = grouplist.get(i).getText(): null

2018-05-28 18:43:09 - [TEST_STEP][PASSED] - Statement - matched = pattern.matcher(txt).matches(): null

2018-05-28 18:43:09 - [TEST_STEP][PASSED] - Statement - If (matched): null

2018-05-28 18:43:09 - [TEST_STEP][PASSED] - Statement - driver.findElement(org.openqa.selenium.By.xpath("(//ul[@class='unlinked-grouplist']/li/label)[" + i + 1 + "]")).click(): null

2018-05-28 18:43:09 - [TEST_STEP][PASSED] - Statement - (store_count++): null

2018-05-28 18:43:09 - [TEST_STEP][PASSED] - Statement - println(grouplist.get(i).getText()): null

2018-05-28 18:43:09 - [TEST_STEP][PASSED] - Statement - txt = grouplist.get(i).getText(): null

2018-05-28 18:43:09 - [TEST_STEP][PASSED] - Statement - matched = pattern.matcher(txt).matches(): null

2018-05-28 18:43:09 - [TEST_STEP][PASSED] - Statement - If (matched): null

2018-05-28 18:43:09 - [TEST_STEP][PASSED] - Statement - driver.findElement(org.openqa.selenium.By.xpath("(//ul[@class='unlinked-grouplist']/li/label)[" + i + 1 + "]")).click(): null

2018-05-28 18:43:09 - [TEST_STEP][PASSED] - Statement - (store_count++): null

2018-05-28 18:43:09 - [TEST_STEP][PASSED] - Statement - println(grouplist.get(i).getText()): null

2018-05-28 18:43:09 - [TEST_STEP][PASSED] - Statement - txt = grouplist.get(i).getText(): null

2018-05-28 18:43:09 - [TEST_STEP][PASSED] - Statement - matched = pattern.matcher(txt).matches(): null

2018-05-28 18:43:09 - [TEST_STEP][PASSED] - Statement - If (matched): null

2018-05-28 18:43:09 - [TEST_STEP][PASSED] - Statement - driver.findElement(org.openqa.selenium.By.xpath("(//ul[@class='unlinked-grouplist']/li/label)[" + i + 1 + "]")).click(): null

2018-05-28 18:43:09 - [TEST_STEP][PASSED] - Statement - (store_count++): null

2018-05-28 18:43:09 - [TEST_STEP][PASSED] - Statement - println(grouplist.get(i).getText()): null

2018-05-28 18:43:09 - [TEST_STEP][PASSED] - Statement - txt = grouplist.get(i).getText(): null

2018-05-28 18:43:10 - [TEST_STEP][PASSED] - Statement - matched = pattern.matcher(txt).matches(): null

2018-05-28 18:43:10 - [TEST_STEP][PASSED] - Statement - If (matched): null

2018-05-28 18:43:10 - [TEST_STEP][PASSED] - Statement - driver.findElement(org.openqa.selenium.By.xpath("(//ul[@class='unlinked-grouplist']/li/label)[" + i + 1 + "]")).click(): null

2018-05-28 18:43:10 - [TEST_STEP][PASSED] - Statement - (store_count++): null

2018-05-28 18:43:10 - [TEST_STEP][PASSED] - Statement - println(grouplist.get(i).getText()): null

2018-05-28 18:43:10 - [TEST_STEP][PASSED] - Statement - txt = grouplist.get(i).getText(): null

2018-05-28 18:43:10 - [TEST_STEP][PASSED] - Statement - matched = pattern.matcher(txt).matches(): null

2018-05-28 18:43:10 - [TEST_STEP][PASSED] - Statement - If (matched): null

2018-05-28 18:43:10 - [TEST_STEP][PASSED] - Statement - driver.findElement(org.openqa.selenium.By.xpath("(//ul[@class='unlinked-grouplist']/li/label)[" + i + 1 + "]")).click(): null

2018-05-28 18:43:10 - [TEST_STEP][PASSED] - Statement - (store_count++): null

2018-05-28 18:43:10 - [TEST_STEP][PASSED] - Statement - println(grouplist.get(i).getText()): null

2018-05-28 18:43:10 - [TEST_STEP][PASSED] - Statement - txt = grouplist.get(i).getText(): null

2018-05-28 18:43:10 - [TEST_STEP][PASSED] - Statement - matched = pattern.matcher(txt).matches(): null

2018-05-28 18:43:10 - [TEST_STEP][PASSED] - Statement - If (matched): null

2018-05-28 18:43:10 - [TEST_STEP][PASSED] - Statement - driver.findElement(org.openqa.selenium.By.xpath("(//ul[@class='unlinked-grouplist']/li/label)[" + i + 1 + "]")).click(): null

2018-05-28 18:43:10 - [TEST_STEP][PASSED] - Statement - (store_count++): null

2018-05-28 18:43:10 - [TEST_STEP][PASSED] - Statement - println(grouplist.get(i).getText()): null

2018-05-28 18:43:10 - [TEST_STEP][PASSED] - Statement - txt = grouplist.get(i).getText(): null

2018-05-28 18:43:10 - [TEST_STEP][PASSED] - Statement - matched = pattern.matcher(txt).matches(): null

2018-05-28 18:43:10 - [TEST_STEP][PASSED] - Statement - If (matched): null

2018-05-28 18:43:10 - [TEST_STEP][PASSED] - Statement - driver.findElement(org.openqa.selenium.By.xpath("(//ul[@class='unlinked-grouplist']/li/label)[" + i + 1 + "]")).click(): null

2018-05-28 18:43:10 - [TEST_STEP][PASSED] - Statement - (store_count++): null

2018-05-28 18:43:10 - [TEST_STEP][PASSED] - Statement - println(grouplist.get(i).getText()): null

2018-05-28 18:43:10 - [TEST_STEP][PASSED] - Statement - txt = grouplist.get(i).getText(): null

2018-05-28 18:43:10 - [TEST_STEP][PASSED] - Statement - matched = pattern.matcher(txt).matches(): null

2018-05-28 18:43:10 - [TEST_STEP][PASSED] - Statement - If (matched): null

2018-05-28 18:43:10 - [TEST_STEP][PASSED] - Statement - driver.findElement(org.openqa.selenium.By.xpath("(//ul[@class='unlinked-grouplist']/li/label)[" + i + 1 + "]")).click(): null

2018-05-28 18:43:10 - [TEST_STEP][PASSED] - Statement - (store_count++): null

2018-05-28 18:43:10 - [TEST_STEP][PASSED] - Statement - println(grouplist.get(i).getText()): null

2018-05-28 18:43:10 - [TEST_STEP][PASSED] - Statement - txt = grouplist.get(i).getText(): null

2018-05-28 18:43:10 - [TEST_STEP][PASSED] - Statement - matched = pattern.matcher(txt).matches(): null

2018-05-28 18:43:10 - [TEST_STEP][PASSED] - Statement - If (matched): null

2018-05-28 18:43:10 - [TEST_STEP][PASSED] - Statement - driver.findElement(org.openqa.selenium.By.xpath("(//ul[@class='unlinked-grouplist']/li/label)[" + i + 1 + "]")).click(): null

2018-05-28 18:43:10 - [TEST_STEP][PASSED] - Statement - (store_count++): null

2018-05-28 18:43:10 - [TEST_STEP][PASSED] - Statement - println(grouplist.get(i).getText()): null

2018-05-28 18:43:10 - [TEST_STEP][PASSED] - Statement - txt = grouplist.get(i).getText(): null

2018-05-28 18:43:10 - [TEST_STEP][PASSED] - Statement - matched = pattern.matcher(txt).matches(): null

2018-05-28 18:43:10 - [TEST_STEP][PASSED] - Statement - If (matched): null

2018-05-28 18:43:10 - [TEST_STEP][PASSED] - Statement - driver.findElement(org.openqa.selenium.By.xpath("(//ul[@class='unlinked-grouplist']/li/label)[" + i + 1 + "]")).click(): null

2018-05-28 18:43:10 - [TEST_STEP][PASSED] - Statement - (store_count++): null

2018-05-28 18:43:10 - [TEST_STEP][PASSED] - Statement - println(grouplist.get(i).getText()): null

2018-05-28 18:43:10 - [TEST_STEP][PASSED] - Statement - txt = grouplist.get(i).getText(): null

2018-05-28 18:43:10 - [TEST_STEP][PASSED] - Statement - matched = pattern.matcher(txt).matches(): null

2018-05-28 18:43:10 - [TEST_STEP][PASSED] - Statement - If (matched): null

2018-05-28 18:43:10 - [TEST_STEP][PASSED] - Statement - driver.findElement(org.openqa.selenium.By.xpath("(//ul[@class='unlinked-grouplist']/li/label)[" + i + 1 + "]")).click(): null

2018-05-28 18:43:10 - [TEST_STEP][PASSED] - Statement - (store_count++): null

2018-05-28 18:43:10 - [TEST_STEP][PASSED] - Statement - println(grouplist.get(i).getText()): null

2018-05-28 18:43:10 - [TEST_STEP][PASSED] - Statement - txt = grouplist.get(i).getText(): null

2018-05-28 18:43:10 - [TEST_STEP][PASSED] - Statement - matched = pattern.matcher(txt).matches(): null

2018-05-28 18:43:10 - [TEST_STEP][PASSED] - Statement - If (matched): null

2018-05-28 18:43:10 - [TEST_STEP][PASSED] - Statement - driver.findElement(org.openqa.selenium.By.xpath("(//ul[@class='unlinked-grouplist']/li/label)[" + i + 1 + "]")).click(): null

2018-05-28 18:43:10 - [TEST_STEP][PASSED] - Statement - (store_count++): null

2018-05-28 18:43:10 - [TEST_STEP][PASSED] - Statement - println(grouplist.get(i).getText()): null

2018-05-28 18:43:10 - [TEST_STEP][PASSED] - Statement - txt = grouplist.get(i).getText(): null

2018-05-28 18:43:10 - [TEST_STEP][PASSED] - Statement - matched = pattern.matcher(txt).matches(): null

2018-05-28 18:43:10 - [TEST_STEP][PASSED] - Statement - If (matched): null

2018-05-28 18:43:10 - [TEST_STEP][PASSED] - Statement - driver.findElement(org.openqa.selenium.By.xpath("(//ul[@class='unlinked-grouplist']/li/label)[" + i + 1 + "]")).click(): null

2018-05-28 18:43:10 - [TEST_STEP][PASSED] - Statement - (store_count++): null

2018-05-28 18:43:10 - [TEST_STEP][PASSED] - Statement - println(grouplist.get(i).getText()): null

2018-05-28 18:43:10 - [TEST_STEP][PASSED] - Statement - txt = grouplist.get(i).getText(): null

2018-05-28 18:43:10 - [TEST_STEP][PASSED] - Statement - matched = pattern.matcher(txt).matches(): null

2018-05-28 18:43:10 - [TEST_STEP][PASSED] - Statement - If (matched): null

2018-05-28 18:43:10 - [TEST_STEP][PASSED] - Statement - driver.findElement(org.openqa.selenium.By.xpath("(//ul[@class='unlinked-grouplist']/li/label)[" + i + 1 + "]")).click(): null

2018-05-28 18:43:10 - [TEST_STEP][PASSED] - Statement - (store_count++): null

2018-05-28 18:43:10 - [TEST_STEP][PASSED] - Statement - println(grouplist.get(i).getText()): null

2018-05-28 18:43:10 - [TEST_STEP][PASSED] - Statement - txt = grouplist.get(i).getText(): null

2018-05-28 18:43:11 - [TEST_STEP][PASSED] - Statement - matched = pattern.matcher(txt).matches(): null

2018-05-28 18:43:11 - [TEST_STEP][PASSED] - Statement - If (matched): null

2018-05-28 18:43:11 - [TEST_STEP][PASSED] - Statement - driver.findElement(org.openqa.selenium.By.xpath("(//ul[@class='unlinked-grouplist']/li/label)[" + i + 1 + "]")).click(): null

2018-05-28 18:43:11 - [TEST_STEP][PASSED] - Statement - (store_count++): null

2018-05-28 18:43:11 - [TEST_STEP][PASSED] - Statement - println(grouplist.get(i).getText()): null

2018-05-28 18:43:11 - [TEST_STEP][PASSED] - Statement - txt = grouplist.get(i).getText(): null

2018-05-28 18:43:11 - [TEST_STEP][PASSED] - Statement - matched = pattern.matcher(txt).matches(): null

2018-05-28 18:43:11 - [TEST_STEP][PASSED] - Statement - If (matched): null

2018-05-28 18:43:11 - [TEST_STEP][PASSED] - Statement - driver.findElement(org.openqa.selenium.By.xpath("(//ul[@class='unlinked-grouplist']/li/label)[" + i + 1 + "]")).click(): null

2018-05-28 18:43:11 - [TEST_STEP][PASSED] - Statement - (store_count++): null

2018-05-28 18:43:11 - [TEST_STEP][PASSED] - Statement - println(grouplist.get(i).getText()): null

2018-05-28 18:43:11 - [TEST_STEP][PASSED] - Statement - txt = grouplist.get(i).getText(): null

2018-05-28 18:43:11 - [TEST_STEP][PASSED] - Statement - matched = pattern.matcher(txt).matches(): null

2018-05-28 18:43:11 - [TEST_STEP][PASSED] - Statement - If (matched): null

2018-05-28 18:43:11 - [TEST_STEP][PASSED] - Statement - driver.findElement(org.openqa.selenium.By.xpath("(//ul[@class='unlinked-grouplist']/li/label)[" + i + 1 + "]")).click(): null

2018-05-28 18:43:11 - [TEST_STEP][PASSED] - Statement - (store_count++): null

2018-05-28 18:43:11 - [TEST_STEP][PASSED] - Statement - println(grouplist.get(i).getText()): null

2018-05-28 18:43:11 - [TEST_STEP][PASSED] - Statement - txt = grouplist.get(i).getText(): null

2018-05-28 18:43:11 - [TEST_STEP][PASSED] - Statement - matched = pattern.matcher(txt).matches(): null

2018-05-28 18:43:11 - [TEST_STEP][PASSED] - Statement - If (matched): null

2018-05-28 18:43:11 - [TEST_STEP][PASSED] - Statement - driver.findElement(org.openqa.selenium.By.xpath("(//ul[@class='unlinked-grouplist']/li/label)[" + i + 1 + "]")).click(): null

2018-05-28 18:43:11 - [TEST_STEP][PASSED] - Statement - (store_count++): null

2018-05-28 18:43:11 - [TEST_STEP][PASSED] - Statement - println(grouplist.get(i).getText()): null

2018-05-28 18:43:11 - [TEST_STEP][PASSED] - Statement - txt = grouplist.get(i).getText(): null

2018-05-28 18:43:11 - [TEST_STEP][PASSED] - Statement - matched = pattern.matcher(txt).matches(): null

2018-05-28 18:43:11 - [TEST_STEP][PASSED] - Statement - If (matched): null

2018-05-28 18:43:11 - [TEST_STEP][PASSED] - Statement - driver.findElement(org.openqa.selenium.By.xpath("(//ul[@class='unlinked-grouplist']/li/label)[" + i + 1 + "]")).click(): null

2018-05-28 18:43:11 - [TEST_STEP][PASSED] - Statement - (store_count++): null

2018-05-28 18:43:11 - [TEST_STEP][PASSED] - Statement - println(grouplist.get(i).getText()): null

2018-05-28 18:43:11 - [TEST_STEP][PASSED] - Statement - txt = grouplist.get(i).getText(): null

2018-05-28 18:43:11 - [TEST_STEP][PASSED] - Statement - matched = pattern.matcher(txt).matches(): null

2018-05-28 18:43:11 - [TEST_STEP][PASSED] - Statement - If (matched): null

2018-05-28 18:43:11 - [TEST_STEP][PASSED] - Statement - driver.findElement(org.openqa.selenium.By.xpath("(//ul[@class='unlinked-grouplist']/li/label)[" + i + 1 + "]")).click(): null

2018-05-28 18:43:11 - [TEST_STEP][PASSED] - Statement - (store_count++): null

2018-05-28 18:43:11 - [TEST_STEP][PASSED] - Statement - println(grouplist.get(i).getText()): null

2018-05-28 18:43:11 - [TEST_STEP][PASSED] - Statement - txt = grouplist.get(i).getText(): null

2018-05-28 18:43:11 - [TEST_STEP][PASSED] - Statement - matched = pattern.matcher(txt).matches(): null

2018-05-28 18:43:11 - [TEST_STEP][PASSED] - Statement - If (matched): null

2018-05-28 18:43:11 - [TEST_STEP][PASSED] - Statement - driver.findElement(org.openqa.selenium.By.xpath("(//ul[@class='unlinked-grouplist']/li/label)[" + i + 1 + "]")).click(): null

2018-05-28 18:43:11 - [TEST_STEP][PASSED] - Statement - (store_count++): null

2018-05-28 18:43:11 - [TEST_STEP][PASSED] - Statement - println(grouplist.get(i).getText()): null

2018-05-28 18:43:11 - [TEST_STEP][PASSED] - Statement - txt = grouplist.get(i).getText(): null

2018-05-28 18:43:11 - [TEST_STEP][PASSED] - Statement - matched = pattern.matcher(txt).matches(): null

2018-05-28 18:43:11 - [TEST_STEP][PASSED] - Statement - If (matched): null

2018-05-28 18:43:11 - [TEST_STEP][PASSED] - Statement - driver.findElement(org.openqa.selenium.By.xpath("(//ul[@class='unlinked-grouplist']/li/label)[" + i + 1 + "]")).click(): null

2018-05-28 18:43:11 - [TEST_STEP][PASSED] - Statement - (store_count++): null

2018-05-28 18:43:11 - [TEST_STEP][PASSED] - Statement - println(grouplist.get(i).getText()): null

2018-05-28 18:43:11 - [TEST_STEP][PASSED] - Statement - txt = grouplist.get(i).getText(): null

2018-05-28 18:43:11 - [TEST_STEP][PASSED] - Statement - matched = pattern.matcher(txt).matches(): null

2018-05-28 18:43:11 - [TEST_STEP][PASSED] - Statement - If (matched): null

2018-05-28 18:43:11 - [TEST_STEP][PASSED] - Statement - driver.findElement(org.openqa.selenium.By.xpath("(//ul[@class='unlinked-grouplist']/li/label)[" + i + 1 + "]")).click(): null

2018-05-28 18:43:11 - [TEST_STEP][PASSED] - Statement - (store_count++): null

2018-05-28 18:43:11 - [TEST_STEP][PASSED] - Statement - println(grouplist.get(i).getText()): null

2018-05-28 18:43:11 - [TEST_STEP][PASSED] - Statement - txt = grouplist.get(i).getText(): null

2018-05-28 18:43:11 - [TEST_STEP][PASSED] - Statement - matched = pattern.matcher(txt).matches(): null

2018-05-28 18:43:11 - [TEST_STEP][PASSED] - Statement - If (matched): null

2018-05-28 18:43:11 - [TEST_STEP][PASSED] - Statement - driver.findElement(org.openqa.selenium.By.xpath("(//ul[@class='unlinked-grouplist']/li/label)[" + i + 1 + "]")).click(): null

2018-05-28 18:43:11 - [TEST_STEP][PASSED] - Statement - (store_count++): null

2018-05-28 18:43:11 - [TEST_STEP][PASSED] - Statement - println(grouplist.get(i).getText()): null

2018-05-28 18:43:11 - [TEST_STEP][PASSED] - Statement - txt = grouplist.get(i).getText(): null

2018-05-28 18:43:11 - [TEST_STEP][PASSED] - Statement - matched = pattern.matcher(txt).matches(): null

2018-05-28 18:43:11 - [TEST_STEP][PASSED] - Statement - If (matched): null

2018-05-28 18:43:11 - [TEST_STEP][PASSED] - Statement - driver.findElement(org.openqa.selenium.By.xpath("(//ul[@class='unlinked-grouplist']/li/label)[" + i + 1 + "]")).click(): null

2018-05-28 18:43:11 - [TEST_STEP][PASSED] - Statement - (store_count++): null

2018-05-28 18:43:11 - [TEST_STEP][PASSED] - Statement - println(grouplist.get(i).getText()): null

2018-05-28 18:43:11 - [TEST_STEP][PASSED] - Statement - txt = grouplist.get(i).getText(): null

2018-05-28 18:43:11 - [TEST_STEP][PASSED] - Statement - matched = pattern.matcher(txt).matches(): null

2018-05-28 18:43:11 - [TEST_STEP][PASSED] - Statement - If (matched): null

2018-05-28 18:43:11 - [TEST_STEP][PASSED] - Statement - driver.findElement(org.openqa.selenium.By.xpath("(//ul[@class='unlinked-grouplist']/li/label)[" + i + 1 + "]")).click(): null

2018-05-28 18:43:12 - [TEST_STEP][PASSED] - Statement - (store_count++): null

2018-05-28 18:43:12 - [TEST_STEP][PASSED] - Statement - println(grouplist.get(i).getText()): null

2018-05-28 18:43:12 - [TEST_STEP][PASSED] - Statement - txt = grouplist.get(i).getText(): null

2018-05-28 18:43:12 - [TEST_STEP][PASSED] - Statement - matched = pattern.matcher(txt).matches(): null

2018-05-28 18:43:12 - [TEST_STEP][PASSED] - Statement - If (matched): null

2018-05-28 18:43:12 - [TEST_STEP][PASSED] - Statement - driver.findElement(org.openqa.selenium.By.xpath("(//ul[@class='unlinked-grouplist']/li/label)[" + i + 1 + "]")).click(): null

2018-05-28 18:43:12 - [TEST_STEP][PASSED] - Statement - (store_count++): null

2018-05-28 18:43:12 - [TEST_STEP][PASSED] - Statement - println(grouplist.get(i).getText()): null

2018-05-28 18:43:12 - [TEST_STEP][PASSED] - Statement - txt = grouplist.get(i).getText(): null

2018-05-28 18:43:12 - [TEST_STEP][PASSED] - Statement - matched = pattern.matcher(txt).matches(): null

2018-05-28 18:43:12 - [TEST_STEP][PASSED] - Statement - If (matched): null

2018-05-28 18:43:12 - [TEST_STEP][PASSED] - Statement - driver.findElement(org.openqa.selenium.By.xpath("(//ul[@class='unlinked-grouplist']/li/label)[" + i + 1 + "]")).click(): null

2018-05-28 18:43:12 - [TEST_STEP][PASSED] - Statement - (store_count++): null

2018-05-28 18:43:12 - [TEST_STEP][PASSED] - Statement - println(grouplist.get(i).getText()): null

2018-05-28 18:43:12 - [TEST_STEP][PASSED] - Statement - txt = grouplist.get(i).getText(): null

2018-05-28 18:43:12 - [TEST_STEP][PASSED] - Statement - matched = pattern.matcher(txt).matches(): null

2018-05-28 18:43:12 - [TEST_STEP][PASSED] - Statement - If (matched): null

2018-05-28 18:43:12 - [TEST_STEP][PASSED] - Statement - driver.findElement(org.openqa.selenium.By.xpath("(//ul[@class='unlinked-grouplist']/li/label)[" + i + 1 + "]")).click(): null

2018-05-28 18:43:12 - [TEST_STEP][PASSED] - Statement - (store_count++): null

2018-05-28 18:43:12 - [TEST_STEP][PASSED] - Statement - println(grouplist.get(i).getText()): null

2018-05-28 18:43:12 - [TEST_STEP][PASSED] - Statement - txt = grouplist.get(i).getText(): null

2018-05-28 18:43:12 - [TEST_STEP][PASSED] - Statement - matched = pattern.matcher(txt).matches(): null

2018-05-28 18:43:12 - [TEST_STEP][PASSED] - Statement - If (matched): null

2018-05-28 18:43:12 - [TEST_STEP][PASSED] - Statement - driver.findElement(org.openqa.selenium.By.xpath("(//ul[@class='unlinked-grouplist']/li/label)[" + i + 1 + "]")).click(): null

2018-05-28 18:43:12 - [TEST_STEP][PASSED] - Statement - (store_count++): null

2018-05-28 18:43:12 - [TEST_STEP][PASSED] - Statement - println(grouplist.get(i).getText()): null

2018-05-28 18:43:12 - [TEST_STEP][PASSED] - Statement - txt = grouplist.get(i).getText(): null

2018-05-28 18:43:12 - [TEST_STEP][PASSED] - Statement - matched = pattern.matcher(txt).matches(): null

2018-05-28 18:43:12 - [TEST_STEP][PASSED] - Statement - If (matched): null

2018-05-28 18:43:12 - [TEST_STEP][PASSED] - Statement - driver.findElement(org.openqa.selenium.By.xpath("(//ul[@class='unlinked-grouplist']/li/label)[" + i + 1 + "]")).click(): null

2018-05-28 18:43:12 - [TEST_STEP][PASSED] - Statement - (store_count++): null

2018-05-28 18:43:12 - [TEST_STEP][PASSED] - Statement - println(grouplist.get(i).getText()): null

2018-05-28 18:43:12 - [TEST_STEP][PASSED] - Statement - txt = grouplist.get(i).getText(): null

2018-05-28 18:43:12 - [TEST_STEP][PASSED] - Statement - matched = pattern.matcher(txt).matches(): null

2018-05-28 18:43:12 - [TEST_STEP][PASSED] - Statement - If (matched): null

2018-05-28 18:43:12 - [TEST_STEP][PASSED] - Statement - driver.findElement(org.openqa.selenium.By.xpath("(//ul[@class='unlinked-grouplist']/li/label)[" + i + 1 + "]")).click(): null

2018-05-28 18:43:12 - [TEST_STEP][PASSED] - Statement - (store_count++): null

2018-05-28 18:43:12 - [TEST_STEP][PASSED] - Statement - println(grouplist.get(i).getText()): null

2018-05-28 18:43:12 - [TEST_STEP][PASSED] - Statement - txt = grouplist.get(i).getText(): null

2018-05-28 18:43:12 - [TEST_STEP][PASSED] - Statement - matched = pattern.matcher(txt).matches(): null

2018-05-28 18:43:12 - [TEST_STEP][PASSED] - Statement - If (matched): null

2018-05-28 18:43:12 - [TEST_STEP][PASSED] - Statement - driver.findElement(org.openqa.selenium.By.xpath("(//ul[@class='unlinked-grouplist']/li/label)[" + i + 1 + "]")).click(): null

2018-05-28 18:43:12 - [TEST_STEP][PASSED] - Statement - (store_count++): null

2018-05-28 18:43:12 - [TEST_STEP][PASSED] - Statement - println(grouplist.get(i).getText()): null

2018-05-28 18:43:12 - [TEST_STEP][PASSED] - Statement - txt = grouplist.get(i).getText(): null

2018-05-28 18:43:12 - [TEST_STEP][PASSED] - Statement - matched = pattern.matcher(txt).matches(): null

2018-05-28 18:43:12 - [TEST_STEP][PASSED] - Statement - If (matched): null

2018-05-28 18:43:12 - [TEST_STEP][PASSED] - Statement - driver.findElement(org.openqa.selenium.By.xpath("(//ul[@class='unlinked-grouplist']/li/label)[" + i + 1 + "]")).click(): null

2018-05-28 18:43:12 - [TEST_STEP][PASSED] - Statement - (store_count++): null

2018-05-28 18:43:12 - [TEST_STEP][PASSED] - Statement - println(grouplist.get(i).getText()): null

2018-05-28 18:43:12 - [TEST_STEP][PASSED] - Statement - txt = grouplist.get(i).getText(): null

2018-05-28 18:43:12 - [TEST_STEP][PASSED] - Statement - matched = pattern.matcher(txt).matches(): null

2018-05-28 18:43:12 - [TEST_STEP][PASSED] - Statement - If (matched): null

2018-05-28 18:43:12 - [TEST_STEP][PASSED] - Statement - driver.findElement(org.openqa.selenium.By.xpath("(//ul[@class='unlinked-grouplist']/li/label)[" + i + 1 + "]")).click(): null

2018-05-28 18:43:12 - [TEST_STEP][PASSED] - Statement - (store_count++): null

2018-05-28 18:43:12 - [TEST_STEP][PASSED] - Statement - println(grouplist.get(i).getText()): null

2018-05-28 18:43:12 - [TEST_STEP][PASSED] - Statement - txt = grouplist.get(i).getText(): null

2018-05-28 18:43:12 - [TEST_STEP][PASSED] - Statement - matched = pattern.matcher(txt).matches(): null

2018-05-28 18:43:12 - [TEST_STEP][PASSED] - Statement - If (matched): null

2018-05-28 18:43:12 - [TEST_STEP][PASSED] - Statement - driver.findElement(org.openqa.selenium.By.xpath("(//ul[@class='unlinked-grouplist']/li/label)[" + i + 1 + "]")).click(): null

2018-05-28 18:43:12 - [TEST_STEP][PASSED] - Statement - (store_count++): null

2018-05-28 18:43:12 - [TEST_STEP][PASSED] - Statement - println(grouplist.get(i).getText()): null

2018-05-28 18:43:12 - [TEST_STEP][PASSED] - Statement - txt = grouplist.get(i).getText(): null

2018-05-28 18:43:12 - [TEST_STEP][PASSED] - Statement - matched = pattern.matcher(txt).matches(): null

2018-05-28 18:43:12 - [TEST_STEP][PASSED] - Statement - If (matched): null

2018-05-28 18:43:12 - [TEST_STEP][PASSED] - Statement - driver.findElement(org.openqa.selenium.By.xpath("(//ul[@class='unlinked-grouplist']/li/label)[" + i + 1 + "]")).click(): null

2018-05-28 18:43:12 - [TEST_STEP][PASSED] - Statement - (store_count++): null

2018-05-28 18:43:12 - [TEST_STEP][PASSED] - Statement - println(grouplist.get(i).getText()): null

2018-05-28 18:43:13 - [TEST_STEP][PASSED] - Statement - txt = grouplist.get(i).getText(): null

2018-05-28 18:43:13 - [TEST_STEP][PASSED] - Statement - matched = pattern.matcher(txt).matches(): null

2018-05-28 18:43:13 - [TEST_STEP][PASSED] - Statement - If (matched): null

2018-05-28 18:43:13 - [TEST_STEP][PASSED] - Statement - driver.findElement(org.openqa.selenium.By.xpath("(//ul[@class='unlinked-grouplist']/li/label)[" + i + 1 + "]")).click(): null

2018-05-28 18:43:13 - [TEST_STEP][PASSED] - Statement - (store_count++): null

2018-05-28 18:43:13 - [TEST_STEP][PASSED] - Statement - println(grouplist.get(i).getText()): null

2018-05-28 18:43:13 - [TEST_STEP][PASSED] - Statement - txt = grouplist.get(i).getText(): null

2018-05-28 18:43:13 - [TEST_STEP][PASSED] - Statement - matched = pattern.matcher(txt).matches(): null

2018-05-28 18:43:13 - [TEST_STEP][PASSED] - Statement - If (matched): null

2018-05-28 18:43:13 - [TEST_STEP][PASSED] - Statement - driver.findElement(org.openqa.selenium.By.xpath("(//ul[@class='unlinked-grouplist']/li/label)[" + i + 1 + "]")).click(): null

2018-05-28 18:43:13 - [TEST_STEP][PASSED] - Statement - (store_count++): null

2018-05-28 18:43:13 - [TEST_STEP][PASSED] - Statement - println(grouplist.get(i).getText()): null

2018-05-28 18:43:13 - [TEST_STEP][PASSED] - Statement - txt = grouplist.get(i).getText(): null

2018-05-28 18:43:13 - [TEST_STEP][PASSED] - Statement - matched = pattern.matcher(txt).matches(): null

2018-05-28 18:43:13 - [TEST_STEP][PASSED] - Statement - If (matched): null

2018-05-28 18:43:13 - [TEST_STEP][PASSED] - Statement - driver.findElement(org.openqa.selenium.By.xpath("(//ul[@class='unlinked-grouplist']/li/label)[" + i + 1 + "]")).click(): null

2018-05-28 18:43:13 - [TEST_STEP][PASSED] - Statement - (store_count++): null

2018-05-28 18:43:13 - [TEST_STEP][PASSED] - Statement - println(grouplist.get(i).getText()): null

2018-05-28 18:43:13 - [TEST_STEP][PASSED] - Statement - txt = grouplist.get(i).getText(): null

2018-05-28 18:43:13 - [TEST_STEP][PASSED] - Statement - matched = pattern.matcher(txt).matches(): null

2018-05-28 18:43:13 - [TEST_STEP][PASSED] - Statement - If (matched): null

2018-05-28 18:43:13 - [TEST_STEP][PASSED] - Statement - driver.findElement(org.openqa.selenium.By.xpath("(//ul[@class='unlinked-grouplist']/li/label)[" + i + 1 + "]")).click(): null

2018-05-28 18:43:13 - [TEST_STEP][PASSED] - Statement - (store_count++): null

2018-05-28 18:43:13 - [TEST_STEP][PASSED] - Statement - println(grouplist.get(i).getText()): null

2018-05-28 18:43:13 - [TEST_STEP][PASSED] - Statement - txt = grouplist.get(i).getText(): null

2018-05-28 18:43:13 - [TEST_STEP][PASSED] - Statement - matched = pattern.matcher(txt).matches(): null

2018-05-28 18:43:13 - [TEST_STEP][PASSED] - Statement - If (matched): null

2018-05-28 18:43:13 - [TEST_STEP][PASSED] - Statement - driver.findElement(org.openqa.selenium.By.xpath("(//ul[@class='unlinked-grouplist']/li/label)[" + i + 1 + "]")).click(): null

2018-05-28 18:43:13 - [TEST_STEP][PASSED] - Statement - (store_count++): null

2018-05-28 18:43:13 - [TEST_STEP][PASSED] - Statement - println(grouplist.get(i).getText()): null

2018-05-28 18:43:13 - [TEST_STEP][PASSED] - Statement - txt = grouplist.get(i).getText(): null

2018-05-28 18:43:13 - [TEST_STEP][PASSED] - Statement - matched = pattern.matcher(txt).matches(): null

2018-05-28 18:43:13 - [TEST_STEP][PASSED] - Statement - If (matched): null

2018-05-28 18:43:13 - [TEST_STEP][PASSED] - Statement - driver.findElement(org.openqa.selenium.By.xpath("(//ul[@class='unlinked-grouplist']/li/label)[" + i + 1 + "]")).click(): null

2018-05-28 18:43:13 - [TEST_STEP][PASSED] - Statement - (store_count++): null

2018-05-28 18:43:13 - [TEST_STEP][PASSED] - Statement - println(grouplist.get(i).getText()): null

2018-05-28 18:43:13 - [TEST_STEP][PASSED] - Statement - txt = grouplist.get(i).getText(): null

2018-05-28 18:43:13 - [TEST_STEP][PASSED] - Statement - matched = pattern.matcher(txt).matches(): null

2018-05-28 18:43:13 - [TEST_STEP][PASSED] - Statement - If (matched): null

2018-05-28 18:43:13 - [TEST_STEP][PASSED] - Statement - driver.findElement(org.openqa.selenium.By.xpath("(//ul[@class='unlinked-grouplist']/li/label)[" + i + 1 + "]")).click(): null

2018-05-28 18:43:13 - [TEST_STEP][PASSED] - Statement - (store_count++): null

2018-05-28 18:43:13 - [TEST_STEP][PASSED] - Statement - println(grouplist.get(i).getText()): null

2018-05-28 18:43:13 - [TEST_STEP][PASSED] - Statement - txt = grouplist.get(i).getText(): null

2018-05-28 18:43:13 - [TEST_STEP][PASSED] - Statement - matched = pattern.matcher(txt).matches(): null

2018-05-28 18:43:13 - [TEST_STEP][PASSED] - Statement - If (matched): null

2018-05-28 18:43:13 - [TEST_STEP][PASSED] - Statement - driver.findElement(org.openqa.selenium.By.xpath("(//ul[@class='unlinked-grouplist']/li/label)[" + i + 1 + "]")).click(): null

2018-05-28 18:43:13 - [TEST_STEP][PASSED] - Statement - (store_count++): null

2018-05-28 18:43:13 - [TEST_STEP][PASSED] - Statement - println(grouplist.get(i).getText()): null

2018-05-28 18:43:13 - [TEST_STEP][PASSED] - Statement - txt = grouplist.get(i).getText(): null

2018-05-28 18:43:13 - [TEST_STEP][PASSED] - Statement - matched = pattern.matcher(txt).matches(): null

2018-05-28 18:43:13 - [TEST_STEP][PASSED] - Statement - If (matched): null

2018-05-28 18:43:13 - [TEST_STEP][PASSED] - Statement - driver.findElement(org.openqa.selenium.By.xpath("(//ul[@class='unlinked-grouplist']/li/label)[" + i + 1 + "]")).click(): null

2018-05-28 18:43:13 - [TEST_STEP][PASSED] - Statement - (store_count++): null

2018-05-28 18:43:13 - [TEST_STEP][PASSED] - Statement - println(grouplist.get(i).getText()): null

2018-05-28 18:43:13 - [TEST_STEP][PASSED] - Statement - txt = grouplist.get(i).getText(): null

2018-05-28 18:43:13 - [TEST_STEP][PASSED] - Statement - matched = pattern.matcher(txt).matches(): null

2018-05-28 18:43:13 - [TEST_STEP][PASSED] - Statement - If (matched): null

2018-05-28 18:43:13 - [TEST_STEP][PASSED] - Statement - driver.findElement(org.openqa.selenium.By.xpath("(//ul[@class='unlinked-grouplist']/li/label)[" + i + 1 + "]")).click(): null

2018-05-28 18:43:13 - [TEST_STEP][PASSED] - Statement - (store_count++): null

2018-05-28 18:43:13 - [TEST_STEP][PASSED] - Statement - println(grouplist.get(i).getText()): null

2018-05-28 18:43:13 - [TEST_STEP][PASSED] - Statement - txt = grouplist.get(i).getText(): null

2018-05-28 18:43:13 - [TEST_STEP][PASSED] - Statement - matched = pattern.matcher(txt).matches(): null

2018-05-28 18:43:13 - [TEST_STEP][PASSED] - Statement - If (matched): null

2018-05-28 18:43:13 - [TEST_STEP][PASSED] - Statement - driver.findElement(org.openqa.selenium.By.xpath("(//ul[@class='unlinked-grouplist']/li/label)[" + i + 1 + "]")).click(): null

2018-05-28 18:43:13 - [TEST_STEP][PASSED] - Statement - (store_count++): null

2018-05-28 18:43:13 - [TEST_STEP][PASSED] - Statement - println(grouplist.get(i).getText()): null

2018-05-28 18:43:13 - [TEST_STEP][PASSED] - Statement - txt = grouplist.get(i).getText(): null

2018-05-28 18:43:13 - [TEST_STEP][PASSED] - Statement - matched = pattern.matcher(txt).matches(): null

2018-05-28 18:43:13 - [TEST_STEP][PASSED] - Statement - If (matched): null

2018-05-28 18:43:13 - [TEST_STEP][PASSED] - Statement - driver.findElement(org.openqa.selenium.By.xpath("(//ul[@class='unlinked-grouplist']/li/label)[" + i + 1 + "]")).click(): null

2018-05-28 18:43:14 - [TEST_STEP][PASSED] - Statement - (store_count++): null

2018-05-28 18:43:14 - [TEST_STEP][PASSED] - Statement - println(grouplist.get(i).getText()): null

2018-05-28 18:43:14 - [TEST_STEP][PASSED] - Statement - txt = grouplist.get(i).getText(): null

2018-05-28 18:43:14 - [TEST_STEP][PASSED] - Statement - matched = pattern.matcher(txt).matches(): null

2018-05-28 18:43:14 - [TEST_STEP][PASSED] - Statement - If (matched): null

2018-05-28 18:43:14 - [TEST_STEP][PASSED] - Statement - driver.findElement(org.openqa.selenium.By.xpath("(//ul[@class='unlinked-grouplist']/li/label)[" + i + 1 + "]")).click(): null

2018-05-28 18:43:14 - [TEST_STEP][PASSED] - Statement - (store_count++): null

2018-05-28 18:43:14 - [TEST_STEP][PASSED] - Statement - println(grouplist.get(i).getText()): null

2018-05-28 18:43:14 - [TEST_STEP][PASSED] - Statement - txt = grouplist.get(i).getText(): null

2018-05-28 18:43:14 - [TEST_STEP][PASSED] - Statement - matched = pattern.matcher(txt).matches(): null

2018-05-28 18:43:14 - [TEST_STEP][PASSED] - Statement - If (matched): null

2018-05-28 18:43:14 - [TEST_STEP][PASSED] - Statement - driver.findElement(org.openqa.selenium.By.xpath("(//ul[@class='unlinked-grouplist']/li/label)[" + i + 1 + "]")).click(): null

2018-05-28 18:43:14 - [TEST_STEP][PASSED] - Statement - (store_count++): null

2018-05-28 18:43:14 - [TEST_STEP][PASSED] - Statement - println(grouplist.get(i).getText()): null

2018-05-28 18:43:14 - [TEST_STEP][PASSED] - Statement - txt = grouplist.get(i).getText(): null

2018-05-28 18:43:14 - [TEST_STEP][PASSED] - Statement - matched = pattern.matcher(txt).matches(): null

2018-05-28 18:43:14 - [TEST_STEP][PASSED] - Statement - If (matched): null

2018-05-28 18:43:14 - [TEST_STEP][PASSED] - Statement - driver.findElement(org.openqa.selenium.By.xpath("(//ul[@class='unlinked-grouplist']/li/label)[" + i + 1 + "]")).click(): null

2018-05-28 18:43:14 - [TEST_STEP][PASSED] - Statement - (store_count++): null

2018-05-28 18:43:14 - [TEST_STEP][PASSED] - Statement - println(grouplist.get(i).getText()): null

2018-05-28 18:43:14 - [TEST_STEP][PASSED] - Statement - txt = grouplist.get(i).getText(): null

2018-05-28 18:43:14 - [TEST_STEP][PASSED] - Statement - matched = pattern.matcher(txt).matches(): null

2018-05-28 18:43:14 - [TEST_STEP][PASSED] - Statement - If (matched): null

2018-05-28 18:43:14 - [TEST_STEP][PASSED] - Statement - driver.findElement(org.openqa.selenium.By.xpath("(//ul[@class='unlinked-grouplist']/li/label)[" + i + 1 + "]")).click(): null

2018-05-28 18:43:14 - [TEST_STEP][PASSED] - Statement - (store_count++): null

2018-05-28 18:43:14 - [TEST_STEP][PASSED] - Statement - println(grouplist.get(i).getText()): null

2018-05-28 18:43:14 - [TEST_STEP][PASSED] - Statement - txt = grouplist.get(i).getText(): null

2018-05-28 18:43:14 - [TEST_STEP][PASSED] - Statement - matched = pattern.matcher(txt).matches(): null

2018-05-28 18:43:14 - [TEST_STEP][PASSED] - Statement - If (matched): null

2018-05-28 18:43:14 - [TEST_STEP][PASSED] - Statement - driver.findElement(org.openqa.selenium.By.xpath("(//ul[@class='unlinked-grouplist']/li/label)[" + i + 1 + "]")).click(): null

2018-05-28 18:43:14 - [TEST_STEP][PASSED] - Statement - (store_count++): null

2018-05-28 18:43:14 - [TEST_STEP][PASSED] - Statement - println(grouplist.get(i).getText()): null

2018-05-28 18:43:14 - [TEST_STEP][PASSED] - Statement - txt = grouplist.get(i).getText(): null

2018-05-28 18:43:14 - [TEST_STEP][PASSED] - Statement - matched = pattern.matcher(txt).matches(): null

2018-05-28 18:43:14 - [TEST_STEP][PASSED] - Statement - If (matched): null

2018-05-28 18:43:14 - [TEST_STEP][PASSED] - Statement - driver.findElement(org.openqa.selenium.By.xpath("(//ul[@class='unlinked-grouplist']/li/label)[" + i + 1 + "]")).click(): null

2018-05-28 18:43:14 - [TEST_STEP][PASSED] - Statement - (store_count++): null

2018-05-28 18:43:14 - [TEST_STEP][PASSED] - Statement - println(grouplist.get(i).getText()): null

2018-05-28 18:43:14 - [TEST_STEP][PASSED] - Statement - txt = grouplist.get(i).getText(): null

2018-05-28 18:43:14 - [TEST_STEP][PASSED] - Statement - matched = pattern.matcher(txt).matches(): null

2018-05-28 18:43:14 - [TEST_STEP][PASSED] - Statement - If (matched): null

2018-05-28 18:43:14 - [TEST_STEP][PASSED] - Statement - driver.findElement(org.openqa.selenium.By.xpath("(//ul[@class='unlinked-grouplist']/li/label)[" + i + 1 + "]")).click(): null

2018-05-28 18:43:14 - [TEST_STEP][PASSED] - Statement - (store_count++): null

2018-05-28 18:43:14 - [TEST_STEP][PASSED] - Statement - println(grouplist.get(i).getText()): null

2018-05-28 18:43:14 - [TEST_STEP][PASSED] - Statement - txt = grouplist.get(i).getText(): null

2018-05-28 18:43:14 - [TEST_STEP][PASSED] - Statement - matched = pattern.matcher(txt).matches(): null

2018-05-28 18:43:14 - [TEST_STEP][PASSED] - Statement - If (matched): null

2018-05-28 18:43:14 - [TEST_STEP][PASSED] - Statement - driver.findElement(org.openqa.selenium.By.xpath("(//ul[@class='unlinked-grouplist']/li/label)[" + i + 1 + "]")).click(): null

2018-05-28 18:43:14 - [TEST_STEP][PASSED] - Statement - (store_count++): null

2018-05-28 18:43:14 - [TEST_STEP][PASSED] - Statement - println(grouplist.get(i).getText()): null

2018-05-28 18:43:14 - [TEST_STEP][PASSED] - Statement - txt = grouplist.get(i).getText(): null

2018-05-28 18:43:14 - [TEST_STEP][PASSED] - Statement - matched = pattern.matcher(txt).matches(): null

2018-05-28 18:43:14 - [TEST_STEP][PASSED] - Statement - If (matched): null

2018-05-28 18:43:14 - [TEST_STEP][PASSED] - Statement - driver.findElement(org.openqa.selenium.By.xpath("(//ul[@class='unlinked-grouplist']/li/label)[" + i + 1 + "]")).click(): null

2018-05-28 18:43:14 - [TEST_STEP][PASSED] - Statement - (store_count++): null

2018-05-28 18:43:14 - [TEST_STEP][PASSED] - Statement - println(grouplist.get(i).getText()): null

2018-05-28 18:43:14 - [TEST_STEP][PASSED] - Statement - txt = grouplist.get(i).getText(): null

2018-05-28 18:43:14 - [TEST_STEP][PASSED] - Statement - matched = pattern.matcher(txt).matches(): null

2018-05-28 18:43:14 - [TEST_STEP][PASSED] - Statement - If (matched): null

2018-05-28 18:43:14 - [TEST_STEP][PASSED] - Statement - driver.findElement(org.openqa.selenium.By.xpath("(//ul[@class='unlinked-grouplist']/li/label)[" + i + 1 + "]")).click(): null

2018-05-28 18:43:14 - [TEST_STEP][PASSED] - Statement - (store_count++): null

2018-05-28 18:43:14 - [TEST_STEP][PASSED] - Statement - println(grouplist.get(i).getText()): null

2018-05-28 18:43:14 - [TEST_STEP][PASSED] - Statement - txt = grouplist.get(i).getText(): null

2018-05-28 18:43:14 - [TEST_STEP][PASSED] - Statement - matched = pattern.matcher(txt).matches(): null

2018-05-28 18:43:14 - [TEST_STEP][PASSED] - Statement - If (matched): null

2018-05-28 18:43:14 - [TEST_STEP][PASSED] - Statement - driver.findElement(org.openqa.selenium.By.xpath("(//ul[@class='unlinked-grouplist']/li/label)[" + i + 1 + "]")).click(): null

2018-05-28 18:43:15 - [TEST_STEP][PASSED] - Statement - (store_count++): null

2018-05-28 18:43:15 - [TEST_STEP][PASSED] - Statement - println(grouplist.get(i).getText()): null

2018-05-28 18:43:15 - [TEST_STEP][PASSED] - Statement - txt = grouplist.get(i).getText(): null

2018-05-28 18:43:15 - [TEST_STEP][PASSED] - Statement - matched = pattern.matcher(txt).matches(): null

2018-05-28 18:43:15 - [TEST_STEP][PASSED] - Statement - If (matched): null

2018-05-28 18:43:15 - [TEST_STEP][PASSED] - Statement - driver.findElement(org.openqa.selenium.By.xpath("(//ul[@class='unlinked-grouplist']/li/label)[" + i + 1 + "]")).click(): null

2018-05-28 18:43:15 - [TEST_STEP][PASSED] - Statement - (store_count++): null

2018-05-28 18:43:15 - [TEST_STEP][PASSED] - Statement - println(grouplist.get(i).getText()): null

2018-05-28 18:43:15 - [TEST_STEP][PASSED] - Statement - txt = grouplist.get(i).getText(): null

2018-05-28 18:43:15 - [TEST_STEP][PASSED] - Statement - matched = pattern.matcher(txt).matches(): null

2018-05-28 18:43:15 - [TEST_STEP][PASSED] - Statement - If (matched): null

2018-05-28 18:43:15 - [TEST_STEP][PASSED] - Statement - driver.findElement(org.openqa.selenium.By.xpath("(//ul[@class='unlinked-grouplist']/li/label)[" + i + 1 + "]")).click(): null

2018-05-28 18:43:15 - [TEST_STEP][PASSED] - Statement - (store_count++): null

2018-05-28 18:43:15 - [TEST_STEP][PASSED] - Statement - println(grouplist.get(i).getText()): null

2018-05-28 18:43:15 - [TEST_STEP][PASSED] - Statement - txt = grouplist.get(i).getText(): null

2018-05-28 18:43:15 - [TEST_STEP][PASSED] - Statement - matched = pattern.matcher(txt).matches(): null

2018-05-28 18:43:15 - [TEST_STEP][PASSED] - Statement - If (matched): null

2018-05-28 18:43:15 - [TEST_STEP][PASSED] - Statement - driver.findElement(org.openqa.selenium.By.xpath("(//ul[@class='unlinked-grouplist']/li/label)[" + i + 1 + "]")).click(): null

2018-05-28 18:43:15 - [TEST_STEP][PASSED] - Statement - (store_count++): null

2018-05-28 18:43:15 - [TEST_STEP][PASSED] - Statement - println(grouplist.get(i).getText()): null

2018-05-28 18:43:15 - [TEST_STEP][PASSED] - Statement - txt = grouplist.get(i).getText(): null

2018-05-28 18:43:15 - [TEST_STEP][PASSED] - Statement - matched = pattern.matcher(txt).matches(): null

2018-05-28 18:43:15 - [TEST_STEP][PASSED] - Statement - If (matched): null

2018-05-28 18:43:15 - [TEST_STEP][PASSED] - Statement - driver.findElement(org.openqa.selenium.By.xpath("(//ul[@class='unlinked-grouplist']/li/label)[" + i + 1 + "]")).click(): null

2018-05-28 18:43:15 - [TEST_STEP][PASSED] - Statement - (store_count++): null

2018-05-28 18:43:15 - [TEST_STEP][PASSED] - Statement - println(grouplist.get(i).getText()): null

2018-05-28 18:43:15 - [TEST_STEP][PASSED] - Statement - txt = grouplist.get(i).getText(): null

2018-05-28 18:43:15 - [TEST_STEP][PASSED] - Statement - matched = pattern.matcher(txt).matches(): null

2018-05-28 18:43:15 - [TEST_STEP][PASSED] - Statement - If (matched): null

2018-05-28 18:43:15 - [TEST_STEP][PASSED] - Statement - driver.findElement(org.openqa.selenium.By.xpath("(//ul[@class='unlinked-grouplist']/li/label)[" + i + 1 + "]")).click(): null

2018-05-28 18:43:15 - [TEST_STEP][PASSED] - Statement - (store_count++): null

2018-05-28 18:43:15 - [TEST_STEP][PASSED] - Statement - println(grouplist.get(i).getText()): null

2018-05-28 18:43:15 - [TEST_STEP][PASSED] - Statement - txt = grouplist.get(i).getText(): null

2018-05-28 18:43:15 - [TEST_STEP][PASSED] - Statement - matched = pattern.matcher(txt).matches(): null

2018-05-28 18:43:15 - [TEST_STEP][PASSED] - Statement - If (matched): null

2018-05-28 18:43:15 - [TEST_STEP][PASSED] - Statement - driver.findElement(org.openqa.selenium.By.xpath("(//ul[@class='unlinked-grouplist']/li/label)[" + i + 1 + "]")).click(): null

2018-05-28 18:43:15 - [TEST_STEP][PASSED] - Statement - (store_count++): null

2018-05-28 18:43:15 - [TEST_STEP][PASSED] - Statement - println(grouplist.get(i).getText()): null

2018-05-28 18:43:15 - [TEST_STEP][PASSED] - Statement - txt = grouplist.get(i).getText(): null

2018-05-28 18:43:15 - [TEST_STEP][PASSED] - Statement - matched = pattern.matcher(txt).matches(): null

2018-05-28 18:43:15 - [TEST_STEP][PASSED] - Statement - If (matched): null

2018-05-28 18:43:15 - [TEST_STEP][PASSED] - Statement - driver.findElement(org.openqa.selenium.By.xpath("(//ul[@class='unlinked-grouplist']/li/label)[" + i + 1 + "]")).click(): null

2018-05-28 18:43:15 - [TEST_STEP][PASSED] - Statement - (store_count++): null

2018-05-28 18:43:15 - [TEST_STEP][PASSED] - Statement - println(grouplist.get(i).getText()): null

2018-05-28 18:43:15 - [TEST_STEP][PASSED] - Statement - txt = grouplist.get(i).getText(): null

2018-05-28 18:43:15 - [TEST_STEP][PASSED] - Statement - matched = pattern.matcher(txt).matches(): null

2018-05-28 18:43:15 - [TEST_STEP][PASSED] - Statement - If (matched): null

2018-05-28 18:43:15 - [TEST_STEP][PASSED] - Statement - driver.findElement(org.openqa.selenium.By.xpath("(//ul[@class='unlinked-grouplist']/li/label)[" + i + 1 + "]")).click(): null

2018-05-28 18:43:15 - [TEST_STEP][PASSED] - Statement - (store_count++): null

2018-05-28 18:43:15 - [TEST_STEP][PASSED] - Statement - println(grouplist.get(i).getText()): null

2018-05-28 18:43:15 - [TEST_STEP][PASSED] - Statement - txt = grouplist.get(i).getText(): null

2018-05-28 18:43:15 - [TEST_STEP][PASSED] - Statement - matched = pattern.matcher(txt).matches(): null

2018-05-28 18:43:15 - [TEST_STEP][PASSED] - Statement - If (matched): null

2018-05-28 18:43:15 - [TEST_STEP][PASSED] - Statement - driver.findElement(org.openqa.selenium.By.xpath("(//ul[@class='unlinked-grouplist']/li/label)[" + i + 1 + "]")).click(): null

2018-05-28 18:43:15 - [TEST_STEP][PASSED] - Statement - (store_count++): null

2018-05-28 18:43:15 - [TEST_STEP][PASSED] - Statement - println(grouplist.get(i).getText()): null

2018-05-28 18:43:15 - [TEST_STEP][PASSED] - Statement - txt = grouplist.get(i).getText(): null

2018-05-28 18:43:15 - [TEST_STEP][PASSED] - Statement - matched = pattern.matcher(txt).matches(): null

2018-05-28 18:43:15 - [TEST_STEP][PASSED] - Statement - If (matched): null

2018-05-28 18:43:15 - [TEST_STEP][PASSED] - Statement - driver.findElement(org.openqa.selenium.By.xpath("(//ul[@class='unlinked-grouplist']/li/label)[" + i + 1 + "]")).click(): null

2018-05-28 18:43:15 - [TEST_STEP][PASSED] - Statement - (store_count++): null

2018-05-28 18:43:15 - [TEST_STEP][PASSED] - Statement - println(grouplist.get(i).getText()): null

2018-05-28 18:43:15 - [TEST_STEP][PASSED] - Statement - txt = grouplist.get(i).getText(): null

2018-05-28 18:43:15 - [TEST_STEP][PASSED] - Statement - matched = pattern.matcher(txt).matches(): null

2018-05-28 18:43:15 - [TEST_STEP][PASSED] - Statement - If (matched): null

2018-05-28 18:43:15 - [TEST_STEP][PASSED] - Statement - driver.findElement(org.openqa.selenium.By.xpath("(//ul[@class='unlinked-grouplist']/li/label)[" + i + 1 + "]")).click(): null

2018-05-28 18:43:16 - [TEST_STEP][PASSED] - Statement - (store_count++): null

2018-05-28 18:43:16 - [TEST_STEP][PASSED] - Statement - println(grouplist.get(i).getText()): null

2018-05-28 18:43:16 - [TEST_STEP][PASSED] - Statement - txt = grouplist.get(i).getText(): null

2018-05-28 18:43:16 - [TEST_STEP][PASSED] - Statement - matched = pattern.matcher(txt).matches(): null

2018-05-28 18:43:16 - [TEST_STEP][PASSED] - Statement - If (matched): null

2018-05-28 18:43:16 - [TEST_STEP][PASSED] - Statement - driver.findElement(org.openqa.selenium.By.xpath("(//ul[@class='unlinked-grouplist']/li/label)[" + i + 1 + "]")).click(): null

2018-05-28 18:43:16 - [TEST_STEP][PASSED] - Statement - (store_count++): null

2018-05-28 18:43:16 - [TEST_STEP][PASSED] - Statement - println(grouplist.get(i).getText()): null

2018-05-28 18:43:16 - [TEST_STEP][PASSED] - Statement - txt = grouplist.get(i).getText(): null

2018-05-28 18:43:16 - [TEST_STEP][PASSED] - Statement - matched = pattern.matcher(txt).matches(): null

2018-05-28 18:43:16 - [TEST_STEP][PASSED] - Statement - If (matched): null

2018-05-28 18:43:16 - [TEST_STEP][PASSED] - Statement - driver.findElement(org.openqa.selenium.By.xpath("(//ul[@class='unlinked-grouplist']/li/label)[" + i + 1 + "]")).click(): null

2018-05-28 18:43:16 - [TEST_STEP][PASSED] - Statement - (store_count++): null

2018-05-28 18:43:16 - [TEST_STEP][PASSED] - Statement - println(grouplist.get(i).getText()): null

2018-05-28 18:43:16 - [TEST_STEP][PASSED] - Statement - txt = grouplist.get(i).getText(): null

2018-05-28 18:43:16 - [TEST_STEP][PASSED] - Statement - matched = pattern.matcher(txt).matches(): null

2018-05-28 18:43:16 - [TEST_STEP][PASSED] - Statement - If (matched): null

2018-05-28 18:43:16 - [TEST_STEP][PASSED] - Statement - driver.findElement(org.openqa.selenium.By.xpath("(//ul[@class='unlinked-grouplist']/li/label)[" + i + 1 + "]")).click(): null

2018-05-28 18:43:16 - [TEST_STEP][PASSED] - Statement - (store_count++): null

2018-05-28 18:43:16 - [TEST_STEP][PASSED] - Statement - println(grouplist.get(i).getText()): null

2018-05-28 18:43:16 - [TEST_STEP][PASSED] - Statement - txt = grouplist.get(i).getText(): null

2018-05-28 18:43:16 - [TEST_STEP][PASSED] - Statement - matched = pattern.matcher(txt).matches(): null

2018-05-28 18:43:16 - [TEST_STEP][PASSED] - Statement - If (matched): null

2018-05-28 18:43:16 - [TEST_STEP][PASSED] - Statement - driver.findElement(org.openqa.selenium.By.xpath("(//ul[@class='unlinked-grouplist']/li/label)[" + i + 1 + "]")).click(): null

2018-05-28 18:43:16 - [TEST_STEP][PASSED] - Statement - (store_count++): null

2018-05-28 18:43:16 - [TEST_STEP][PASSED] - Statement - println(grouplist.get(i).getText()): null

2018-05-28 18:43:16 - [TEST_STEP][PASSED] - Statement - txt = grouplist.get(i).getText(): null

2018-05-28 18:43:16 - [TEST_STEP][PASSED] - Statement - matched = pattern.matcher(txt).matches(): null

2018-05-28 18:43:16 - [TEST_STEP][PASSED] - Statement - If (matched): null

2018-05-28 18:43:16 - [TEST_STEP][PASSED] - Statement - driver.findElement(org.openqa.selenium.By.xpath("(//ul[@class='unlinked-grouplist']/li/label)[" + i + 1 + "]")).click(): null

2018-05-28 18:43:16 - [TEST_STEP][PASSED] - Statement - (store_count++): null

2018-05-28 18:43:16 - [TEST_STEP][PASSED] - Statement - println(grouplist.get(i).getText()): null

2018-05-28 18:43:16 - [TEST_STEP][PASSED] - Statement - txt = grouplist.get(i).getText(): null

2018-05-28 18:43:16 - [TEST_STEP][PASSED] - Statement - matched = pattern.matcher(txt).matches(): null

2018-05-28 18:43:16 - [TEST_STEP][PASSED] - Statement - If (matched): null

2018-05-28 18:43:16 - [TEST_STEP][PASSED] - Statement - driver.findElement(org.openqa.selenium.By.xpath("(//ul[@class='unlinked-grouplist']/li/label)[" + i + 1 + "]")).click(): null

2018-05-28 18:43:16 - [TEST_STEP][PASSED] - Statement - (store_count++): null

2018-05-28 18:43:16 - [TEST_STEP][PASSED] - Statement - println(grouplist.get(i).getText()): null

2018-05-28 18:43:16 - [TEST_STEP][PASSED] - Statement - txt = grouplist.get(i).getText(): null

2018-05-28 18:43:16 - [TEST_STEP][PASSED] - Statement - matched = pattern.matcher(txt).matches(): null

2018-05-28 18:43:16 - [TEST_STEP][PASSED] - Statement - If (matched): null

2018-05-28 18:43:16 - [TEST_STEP][PASSED] - Statement - driver.findElement(org.openqa.selenium.By.xpath("(//ul[@class='unlinked-grouplist']/li/label)[" + i + 1 + "]")).click(): null

2018-05-28 18:43:16 - [TEST_STEP][PASSED] - Statement - (store_count++): null

2018-05-28 18:43:16 - [TEST_STEP][PASSED] - Statement - println(grouplist.get(i).getText()): null

2018-05-28 18:43:16 - [TEST_STEP][PASSED] - Statement - txt = grouplist.get(i).getText(): null

2018-05-28 18:43:16 - [TEST_STEP][PASSED] - Statement - matched = pattern.matcher(txt).matches(): null

2018-05-28 18:43:16 - [TEST_STEP][PASSED] - Statement - If (matched): null

2018-05-28 18:43:16 - [TEST_STEP][PASSED] - Statement - driver.findElement(org.openqa.selenium.By.xpath("(//ul[@class='unlinked-grouplist']/li/label)[" + i + 1 + "]")).click(): null

2018-05-28 18:43:16 - [TEST_STEP][PASSED] - Statement - (store_count++): null

2018-05-28 18:43:16 - [TEST_STEP][PASSED] - Statement - println(grouplist.get(i).getText()): null

2018-05-28 18:43:16 - [TEST_STEP][PASSED] - Statement - txt = grouplist.get(i).getText(): null

2018-05-28 18:43:16 - [TEST_STEP][PASSED] - Statement - matched = pattern.matcher(txt).matches(): null

2018-05-28 18:43:16 - [TEST_STEP][PASSED] - Statement - If (matched): null

2018-05-28 18:43:16 - [TEST_STEP][PASSED] - Statement - driver.findElement(org.openqa.selenium.By.xpath("(//ul[@class='unlinked-grouplist']/li/label)[" + i + 1 + "]")).click(): null

2018-05-28 18:43:16 - [TEST_STEP][PASSED] - Statement - (store_count++): null

2018-05-28 18:43:16 - [TEST_STEP][PASSED] - Statement - println(grouplist.get(i).getText()): null

2018-05-28 18:43:16 - [TEST_STEP][PASSED] - Statement - txt = grouplist.get(i).getText(): null

2018-05-28 18:43:16 - [TEST_STEP][PASSED] - Statement - matched = pattern.matcher(txt).matches(): null

2018-05-28 18:43:16 - [TEST_STEP][PASSED] - Statement - If (matched): null

2018-05-28 18:43:16 - [TEST_STEP][PASSED] - Statement - driver.findElement(org.openqa.selenium.By.xpath("(//ul[@class='unlinked-grouplist']/li/label)[" + i + 1 + "]")).click(): null

2018-05-28 18:43:16 - [TEST_STEP][PASSED] - Statement - (store_count++): null

2018-05-28 18:43:16 - [TEST_STEP][PASSED] - Statement - println(grouplist.get(i).getText()): null

2018-05-28 18:43:16 - [TEST_STEP][PASSED] - Statement - txt = grouplist.get(i).getText(): null

2018-05-28 18:43:16 - [TEST_STEP][PASSED] - Statement - matched = pattern.matcher(txt).matches(): null

2018-05-28 18:43:16 - [TEST_STEP][PASSED] - Statement - If (matched): null

2018-05-28 18:43:16 - [TEST_STEP][PASSED] - Statement - driver.findElement(org.openqa.selenium.By.xpath("(//ul[@class='unlinked-grouplist']/li/label)[" + i + 1 + "]")).click(): null

2018-05-28 18:43:17 - [TEST_STEP][PASSED] - Statement - (store_count++): null

2018-05-28 18:43:17 - [TEST_STEP][PASSED] - Statement - println(grouplist.get(i).getText()): null

2018-05-28 18:43:17 - [TEST_STEP][PASSED] - Statement - txt = grouplist.get(i).getText(): null

2018-05-28 18:43:17 - [TEST_STEP][PASSED] - Statement - matched = pattern.matcher(txt).matches(): null

2018-05-28 18:43:17 - [TEST_STEP][PASSED] - Statement - If (matched): null

2018-05-28 18:43:17 - [TEST_STEP][PASSED] - Statement - driver.findElement(org.openqa.selenium.By.xpath("(//ul[@class='unlinked-grouplist']/li/label)[" + i + 1 + "]")).click(): null

2018-05-28 18:43:17 - [TEST_STEP][PASSED] - Statement - (store_count++): null

2018-05-28 18:43:17 - [TEST_STEP][PASSED] - Statement - println(grouplist.get(i).getText()): null

2018-05-28 18:43:17 - [TEST_STEP][PASSED] - Statement - txt = grouplist.get(i).getText(): null

2018-05-28 18:43:17 - [TEST_STEP][PASSED] - Statement - matched = pattern.matcher(txt).matches(): null

2018-05-28 18:43:17 - [TEST_STEP][PASSED] - Statement - If (matched): null

2018-05-28 18:43:17 - [TEST_STEP][PASSED] - Statement - driver.findElement(org.openqa.selenium.By.xpath("(//ul[@class='unlinked-grouplist']/li/label)[" + i + 1 + "]")).click(): null

2018-05-28 18:43:17 - [TEST_STEP][PASSED] - Statement - (store_count++): null

2018-05-28 18:43:17 - [TEST_STEP][PASSED] - Statement - println(grouplist.get(i).getText()): null

2018-05-28 18:43:17 - [TEST_STEP][PASSED] - Statement - txt = grouplist.get(i).getText(): null

2018-05-28 18:43:17 - [TEST_STEP][PASSED] - Statement - matched = pattern.matcher(txt).matches(): null

2018-05-28 18:43:17 - [TEST_STEP][PASSED] - Statement - If (matched): null

2018-05-28 18:43:17 - [TEST_STEP][PASSED] - Statement - driver.findElement(org.openqa.selenium.By.xpath("(//ul[@class='unlinked-grouplist']/li/label)[" + i + 1 + "]")).click(): null

2018-05-28 18:43:17 - [TEST_STEP][PASSED] - Statement - (store_count++): null

2018-05-28 18:43:17 - [TEST_STEP][PASSED] - Statement - println(grouplist.get(i).getText()): null

2018-05-28 18:43:17 - [TEST_STEP][PASSED] - Statement - txt = grouplist.get(i).getText(): null

2018-05-28 18:43:17 - [TEST_STEP][PASSED] - Statement - matched = pattern.matcher(txt).matches(): null

2018-05-28 18:43:17 - [TEST_STEP][PASSED] - Statement - If (matched): null

2018-05-28 18:43:17 - [TEST_STEP][PASSED] - Statement - driver.findElement(org.openqa.selenium.By.xpath("(//ul[@class='unlinked-grouplist']/li/label)[" + i + 1 + "]")).click(): null

2018-05-28 18:43:17 - [TEST_STEP][PASSED] - Statement - (store_count++): null

2018-05-28 18:43:17 - [TEST_STEP][PASSED] - Statement - println(grouplist.get(i).getText()): null

2018-05-28 18:43:17 - [TEST_STEP][PASSED] - Statement - txt = grouplist.get(i).getText(): null

2018-05-28 18:43:17 - [TEST_STEP][PASSED] - Statement - matched = pattern.matcher(txt).matches(): null

2018-05-28 18:43:17 - [TEST_STEP][PASSED] - Statement - If (matched): null

2018-05-28 18:43:17 - [TEST_STEP][PASSED] - Statement - driver.findElement(org.openqa.selenium.By.xpath("(//ul[@class='unlinked-grouplist']/li/label)[" + i + 1 + "]")).click(): null

2018-05-28 18:43:17 - [TEST_STEP][PASSED] - Statement - (store_count++): null

2018-05-28 18:43:17 - [TEST_STEP][PASSED] - Statement - println(grouplist.get(i).getText()): null

2018-05-28 18:43:17 - [TEST_STEP][PASSED] - Statement - txt = grouplist.get(i).getText(): null

2018-05-28 18:43:17 - [TEST_STEP][PASSED] - Statement - matched = pattern.matcher(txt).matches(): null

2018-05-28 18:43:17 - [TEST_STEP][PASSED] - Statement - If (matched): null

2018-05-28 18:43:17 - [TEST_STEP][PASSED] - Statement - driver.findElement(org.openqa.selenium.By.xpath("(//ul[@class='unlinked-grouplist']/li/label)[" + i + 1 + "]")).click(): null

2018-05-28 18:43:17 - [TEST_STEP][PASSED] - Statement - (store_count++): null

2018-05-28 18:43:17 - [TEST_STEP][PASSED] - Statement - println(grouplist.get(i).getText()): null

2018-05-28 18:43:17 - [TEST_STEP][PASSED] - Statement - txt = grouplist.get(i).getText(): null

2018-05-28 18:43:17 - [TEST_STEP][PASSED] - Statement - matched = pattern.matcher(txt).matches(): null

2018-05-28 18:43:17 - [TEST_STEP][PASSED] - Statement - If (matched): null

2018-05-28 18:43:17 - [TEST_STEP][PASSED] - Statement - driver.findElement(org.openqa.selenium.By.xpath("(//ul[@class='unlinked-grouplist']/li/label)[" + i + 1 + "]")).click(): null

2018-05-28 18:43:17 - [TEST_STEP][PASSED] - Statement - (store_count++): null

2018-05-28 18:43:17 - [TEST_STEP][PASSED] - Statement - println(grouplist.get(i).getText()): null

2018-05-28 18:43:17 - [TEST_STEP][PASSED] - Statement - txt = grouplist.get(i).getText(): null

2018-05-28 18:43:17 - [TEST_STEP][PASSED] - Statement - matched = pattern.matcher(txt).matches(): null

2018-05-28 18:43:17 - [TEST_STEP][PASSED] - Statement - If (matched): null

2018-05-28 18:43:17 - [TEST_STEP][PASSED] - Statement - driver.findElement(org.openqa.selenium.By.xpath("(//ul[@class='unlinked-grouplist']/li/label)[" + i + 1 + "]")).click(): null

2018-05-28 18:43:17 - [TEST_STEP][PASSED] - Statement - (store_count++): null

2018-05-28 18:43:17 - [TEST_STEP][PASSED] - Statement - println(grouplist.get(i).getText()): null

2018-05-28 18:43:17 - [TEST_STEP][PASSED] - Statement - txt = grouplist.get(i).getText(): null

2018-05-28 18:43:17 - [TEST_STEP][PASSED] - Statement - matched = pattern.matcher(txt).matches(): null

2018-05-28 18:43:17 - [TEST_STEP][PASSED] - Statement - If (matched): null

2018-05-28 18:43:17 - [TEST_STEP][PASSED] - Statement - driver.findElement(org.openqa.selenium.By.xpath("(//ul[@class='unlinked-grouplist']/li/label)[" + i + 1 + "]")).click(): null

2018-05-28 18:43:17 - [TEST_STEP][PASSED] - Statement - (store_count++): null

2018-05-28 18:43:17 - [TEST_STEP][PASSED] - Statement - println(grouplist.get(i).getText()): null

2018-05-28 18:43:17 - [TEST_STEP][PASSED] - Statement - txt = grouplist.get(i).getText(): null

2018-05-28 18:43:17 - [TEST_STEP][PASSED] - Statement - matched = pattern.matcher(txt).matches(): null

2018-05-28 18:43:17 - [TEST_STEP][PASSED] - Statement - If (matched): null

2018-05-28 18:43:17 - [TEST_STEP][PASSED] - Statement - driver.findElement(org.openqa.selenium.By.xpath("(//ul[@class='unlinked-grouplist']/li/label)[" + i + 1 + "]")).click(): null

2018-05-28 18:43:17 - [TEST_STEP][PASSED] - Statement - (store_count++): null

2018-05-28 18:43:17 - [TEST_STEP][PASSED] - Statement - println(grouplist.get(i).getText()): null

2018-05-28 18:43:17 - [TEST_STEP][PASSED] - Statement - txt = grouplist.get(i).getText(): null

2018-05-28 18:43:17 - [TEST_STEP][PASSED] - Statement - matched = pattern.matcher(txt).matches(): null

2018-05-28 18:43:17 - [TEST_STEP][PASSED] - Statement - If (matched): null

2018-05-28 18:43:17 - [TEST_STEP][PASSED] - Statement - driver.findElement(org.openqa.selenium.By.xpath("(//ul[@class='unlinked-grouplist']/li/label)[" + i + 1 + "]")).click(): null

2018-05-28 18:43:18 - [TEST_STEP][PASSED] - Statement - (store_count++): null

2018-05-28 18:43:18 - [TEST_STEP][PASSED] - Statement - println(grouplist.get(i).getText()): null

2018-05-28 18:43:18 - [TEST_STEP][PASSED] - Statement - txt = grouplist.get(i).getText(): null

2018-05-28 18:43:18 - [TEST_STEP][PASSED] - Statement - matched = pattern.matcher(txt).matches(): null

2018-05-28 18:43:18 - [TEST_STEP][PASSED] - Statement - If (matched): null

2018-05-28 18:43:18 - [TEST_STEP][PASSED] - Statement - driver.findElement(org.openqa.selenium.By.xpath("(//ul[@class='unlinked-grouplist']/li/label)[" + i + 1 + "]")).click(): null

2018-05-28 18:43:18 - [TEST_STEP][PASSED] - Statement - (store_count++): null

2018-05-28 18:43:18 - [TEST_STEP][PASSED] - Statement - println(grouplist.get(i).getText()): null

2018-05-28 18:43:18 - [TEST_STEP][PASSED] - Statement - txt = grouplist.get(i).getText(): null

2018-05-28 18:43:18 - [TEST_STEP][PASSED] - Statement - matched = pattern.matcher(txt).matches(): null

2018-05-28 18:43:18 - [TEST_STEP][PASSED] - Statement - If (matched): null

2018-05-28 18:43:18 - [TEST_STEP][PASSED] - Statement - driver.findElement(org.openqa.selenium.By.xpath("(//ul[@class='unlinked-grouplist']/li/label)[" + i + 1 + "]")).click(): null

2018-05-28 18:43:18 - [TEST_STEP][PASSED] - Statement - (store_count++): null

2018-05-28 18:43:18 - [TEST_STEP][PASSED] - Statement - println(grouplist.get(i).getText()): null

2018-05-28 18:43:18 - [TEST_STEP][PASSED] - Statement - txt = grouplist.get(i).getText(): null

2018-05-28 18:43:18 - [TEST_STEP][PASSED] - Statement - matched = pattern.matcher(txt).matches(): null

2018-05-28 18:43:18 - [TEST_STEP][PASSED] - Statement - If (matched): null

2018-05-28 18:43:18 - [TEST_STEP][PASSED] - Statement - driver.findElement(org.openqa.selenium.By.xpath("(//ul[@class='unlinked-grouplist']/li/label)[" + i + 1 + "]")).click(): null

2018-05-28 18:43:18 - [TEST_STEP][PASSED] - Statement - (store_count++): null

2018-05-28 18:43:18 - [TEST_STEP][PASSED] - Statement - println(grouplist.get(i).getText()): null

2018-05-28 18:43:18 - [TEST_STEP][PASSED] - Statement - txt = grouplist.get(i).getText(): null

2018-05-28 18:43:18 - [TEST_STEP][PASSED] - Statement - matched = pattern.matcher(txt).matches(): null

2018-05-28 18:43:18 - [TEST_STEP][PASSED] - Statement - If (matched): null

2018-05-28 18:43:18 - [TEST_STEP][PASSED] - Statement - driver.findElement(org.openqa.selenium.By.xpath("(//ul[@class='unlinked-grouplist']/li/label)[" + i + 1 + "]")).click(): null

2018-05-28 18:43:18 - [TEST_STEP][PASSED] - Statement - (store_count++): null

2018-05-28 18:43:18 - [TEST_STEP][PASSED] - Statement - println(grouplist.get(i).getText()): null

2018-05-28 18:43:18 - [TEST_STEP][PASSED] - Statement - txt = grouplist.get(i).getText(): null

2018-05-28 18:43:18 - [TEST_STEP][PASSED] - Statement - matched = pattern.matcher(txt).matches(): null

2018-05-28 18:43:18 - [TEST_STEP][PASSED] - Statement - If (matched): null

2018-05-28 18:43:18 - [TEST_STEP][PASSED] - Statement - driver.findElement(org.openqa.selenium.By.xpath("(//ul[@class='unlinked-grouplist']/li/label)[" + i + 1 + "]")).click(): null

2018-05-28 18:43:18 - [TEST_STEP][PASSED] - Statement - (store_count++): null

2018-05-28 18:43:18 - [TEST_STEP][PASSED] - Statement - println(grouplist.get(i).getText()): null

2018-05-28 18:43:18 - [TEST_STEP][PASSED] - Statement - txt = grouplist.get(i).getText(): null

2018-05-28 18:43:18 - [TEST_STEP][PASSED] - Statement - matched = pattern.matcher(txt).matches(): null

2018-05-28 18:43:18 - [TEST_STEP][PASSED] - Statement - If (matched): null

2018-05-28 18:43:18 - [TEST_STEP][PASSED] - Statement - driver.findElement(org.openqa.selenium.By.xpath("(//ul[@class='unlinked-grouplist']/li/label)[" + i + 1 + "]")).click(): null

2018-05-28 18:43:18 - [TEST_STEP][PASSED] - Statement - (store_count++): null

2018-05-28 18:43:18 - [TEST_STEP][PASSED] - Statement - println(grouplist.get(i).getText()): null

2018-05-28 18:43:18 - [TEST_STEP][PASSED] - Statement - txt = grouplist.get(i).getText(): null

2018-05-28 18:43:18 - [TEST_STEP][PASSED] - Statement - matched = pattern.matcher(txt).matches(): null

2018-05-28 18:43:18 - [TEST_STEP][PASSED] - Statement - If (matched): null

2018-05-28 18:43:18 - [TEST_STEP][PASSED] - Statement - driver.findElement(org.openqa.selenium.By.xpath("(//ul[@class='unlinked-grouplist']/li/label)[" + i + 1 + "]")).click(): null

2018-05-28 18:43:18 - [TEST_STEP][PASSED] - Statement - (store_count++): null

2018-05-28 18:43:18 - [TEST_STEP][PASSED] - Statement - println(grouplist.get(i).getText()): null

2018-05-28 18:43:18 - [TEST_STEP][PASSED] - Statement - txt = grouplist.get(i).getText(): null

2018-05-28 18:43:18 - [TEST_STEP][PASSED] - Statement - matched = pattern.matcher(txt).matches(): null

2018-05-28 18:43:18 - [TEST_STEP][PASSED] - Statement - If (matched): null

2018-05-28 18:43:18 - [TEST_STEP][PASSED] - Statement - driver.findElement(org.openqa.selenium.By.xpath("(//ul[@class='unlinked-grouplist']/li/label)[" + i + 1 + "]")).click(): null

2018-05-28 18:43:18 - [TEST_STEP][PASSED] - Statement - (store_count++): null

2018-05-28 18:43:18 - [TEST_STEP][PASSED] - Statement - println(grouplist.get(i).getText()): null

2018-05-28 18:43:18 - [TEST_STEP][PASSED] - Statement - txt = grouplist.get(i).getText(): null

2018-05-28 18:43:18 - [TEST_STEP][PASSED] - Statement - matched = pattern.matcher(txt).matches(): null

2018-05-28 18:43:18 - [TEST_STEP][PASSED] - Statement - If (matched): null

2018-05-28 18:43:18 - [TEST_STEP][PASSED] - Statement - driver.findElement(org.openqa.selenium.By.xpath("(//ul[@class='unlinked-grouplist']/li/label)[" + i + 1 + "]")).click(): null

2018-05-28 18:43:18 - [TEST_STEP][PASSED] - Statement - (store_count++): null

2018-05-28 18:43:18 - [TEST_STEP][PASSED] - Statement - println(grouplist.get(i).getText()): null

2018-05-28 18:43:18 - [TEST_STEP][PASSED] - Statement - txt = grouplist.get(i).getText(): null

2018-05-28 18:43:18 - [TEST_STEP][PASSED] - Statement - matched = pattern.matcher(txt).matches(): null

2018-05-28 18:43:18 - [TEST_STEP][PASSED] - Statement - If (matched): null

2018-05-28 18:43:18 - [TEST_STEP][PASSED] - Statement - driver.findElement(org.openqa.selenium.By.xpath("(//ul[@class='unlinked-grouplist']/li/label)[" + i + 1 + "]")).click(): null

2018-05-28 18:43:18 - [TEST_STEP][PASSED] - Statement - (store_count++): null

2018-05-28 18:43:18 - [TEST_STEP][PASSED] - Statement - println(grouplist.get(i).getText()): null

2018-05-28 18:43:18 - [TEST_STEP][PASSED] - Statement - txt = grouplist.get(i).getText(): null

2018-05-28 18:43:18 - [TEST_STEP][PASSED] - Statement - matched = pattern.matcher(txt).matches(): null

2018-05-28 18:43:18 - [TEST_STEP][PASSED] - Statement - If (matched): null

2018-05-28 18:43:18 - [TEST_STEP][PASSED] - Statement - driver.findElement(org.openqa.selenium.By.xpath("(//ul[@class='unlinked-grouplist']/li/label)[" + i + 1 + "]")).click(): null

2018-05-28 18:43:19 - [TEST_STEP][PASSED] - Statement - (store_count++): null

2018-05-28 18:43:19 - [TEST_STEP][PASSED] - Statement - println(grouplist.get(i).getText()): null

2018-05-28 18:43:19 - [TEST_STEP][PASSED] - Statement - txt = grouplist.get(i).getText(): null

2018-05-28 18:43:19 - [TEST_STEP][PASSED] - Statement - matched = pattern.matcher(txt).matches(): null

2018-05-28 18:43:19 - [TEST_STEP][PASSED] - Statement - If (matched): null

2018-05-28 18:43:19 - [TEST_STEP][PASSED] - Statement - driver.findElement(org.openqa.selenium.By.xpath("(//ul[@class='unlinked-grouplist']/li/label)[" + i + 1 + "]")).click(): null

2018-05-28 18:43:19 - [TEST_STEP][PASSED] - Statement - (store_count++): null

2018-05-28 18:43:19 - [TEST_STEP][PASSED] - Statement - println(grouplist.get(i).getText()): null

2018-05-28 18:43:19 - [TEST_STEP][PASSED] - Statement - txt = grouplist.get(i).getText(): null

2018-05-28 18:43:19 - [TEST_STEP][PASSED] - Statement - matched = pattern.matcher(txt).matches(): null

2018-05-28 18:43:19 - [TEST_STEP][PASSED] - Statement - If (matched): null

2018-05-28 18:43:19 - [TEST_STEP][PASSED] - Statement - driver.findElement(org.openqa.selenium.By.xpath("(//ul[@class='unlinked-grouplist']/li/label)[" + i + 1 + "]")).click(): null

2018-05-28 18:43:19 - [TEST_STEP][PASSED] - Statement - (store_count++): null

2018-05-28 18:43:19 - [TEST_STEP][PASSED] - Statement - println(grouplist.get(i).getText()): null

2018-05-28 18:43:19 - [TEST_STEP][PASSED] - Statement - txt = grouplist.get(i).getText(): null

2018-05-28 18:43:19 - [TEST_STEP][PASSED] - Statement - matched = pattern.matcher(txt).matches(): null

2018-05-28 18:43:19 - [TEST_STEP][PASSED] - Statement - If (matched): null

2018-05-28 18:43:19 - [TEST_STEP][PASSED] - Statement - driver.findElement(org.openqa.selenium.By.xpath("(//ul[@class='unlinked-grouplist']/li/label)[" + i + 1 + "]")).click(): null

2018-05-28 18:43:19 - [TEST_STEP][PASSED] - Statement - (store_count++): null

2018-05-28 18:43:19 - [TEST_STEP][PASSED] - Statement - println(grouplist.get(i).getText()): null

2018-05-28 18:43:19 - [TEST_STEP][PASSED] - Statement - txt = grouplist.get(i).getText(): null

2018-05-28 18:43:19 - [TEST_STEP][PASSED] - Statement - matched = pattern.matcher(txt).matches(): null

2018-05-28 18:43:19 - [TEST_STEP][PASSED] - Statement - If (matched): null

2018-05-28 18:43:19 - [TEST_STEP][PASSED] - Statement - driver.findElement(org.openqa.selenium.By.xpath("(//ul[@class='unlinked-grouplist']/li/label)[" + i + 1 + "]")).click(): null

2018-05-28 18:43:19 - [TEST_STEP][PASSED] - Statement - (store_count++): null

2018-05-28 18:43:19 - [TEST_STEP][PASSED] - Statement - println(grouplist.get(i).getText()): null

2018-05-28 18:43:19 - [TEST_STEP][PASSED] - Statement - txt = grouplist.get(i).getText(): null

2018-05-28 18:43:19 - [TEST_STEP][PASSED] - Statement - matched = pattern.matcher(txt).matches(): null

2018-05-28 18:43:19 - [TEST_STEP][PASSED] - Statement - If (matched): null

2018-05-28 18:43:19 - [TEST_STEP][PASSED] - Statement - driver.findElement(org.openqa.selenium.By.xpath("(//ul[@class='unlinked-grouplist']/li/label)[" + i + 1 + "]")).click(): null

2018-05-28 18:43:19 - [TEST_STEP][PASSED] - Statement - (store_count++): null

2018-05-28 18:43:19 - [TEST_STEP][PASSED] - Statement - println(grouplist.get(i).getText()): null

2018-05-28 18:43:19 - [TEST_STEP][PASSED] - Statement - txt = grouplist.get(i).getText(): null

2018-05-28 18:43:19 - [TEST_STEP][PASSED] - Statement - matched = pattern.matcher(txt).matches(): null

2018-05-28 18:43:19 - [TEST_STEP][PASSED] - Statement - If (matched): null

2018-05-28 18:43:19 - [TEST_STEP][PASSED] - Statement - driver.findElement(org.openqa.selenium.By.xpath("(//ul[@class='unlinked-grouplist']/li/label)[" + i + 1 + "]")).click(): null

2018-05-28 18:43:19 - [TEST_STEP][PASSED] - Statement - (store_count++): null

2018-05-28 18:43:19 - [TEST_STEP][PASSED] - Statement - println(grouplist.get(i).getText()): null

2018-05-28 18:43:19 - [TEST_STEP][PASSED] - Statement - txt = grouplist.get(i).getText(): null

2018-05-28 18:43:19 - [TEST_STEP][PASSED] - Statement - matched = pattern.matcher(txt).matches(): null

2018-05-28 18:43:19 - [TEST_STEP][PASSED] - Statement - If (matched): null

2018-05-28 18:43:19 - [TEST_STEP][PASSED] - Statement - driver.findElement(org.openqa.selenium.By.xpath("(//ul[@class='unlinked-grouplist']/li/label)[" + i + 1 + "]")).click(): null

2018-05-28 18:43:19 - [TEST_STEP][PASSED] - Statement - (store_count++): null

2018-05-28 18:43:19 - [TEST_STEP][PASSED] - Statement - println(grouplist.get(i).getText()): null

2018-05-28 18:43:19 - [TEST_STEP][PASSED] - Statement - txt = grouplist.get(i).getText(): null

2018-05-28 18:43:19 - [TEST_STEP][PASSED] - Statement - matched = pattern.matcher(txt).matches(): null

2018-05-28 18:43:19 - [TEST_STEP][PASSED] - Statement - If (matched): null

2018-05-28 18:43:19 - [TEST_STEP][PASSED] - Statement - driver.findElement(org.openqa.selenium.By.xpath("(//ul[@class='unlinked-grouplist']/li/label)[" + i + 1 + "]")).click(): null

2018-05-28 18:43:19 - [TEST_STEP][PASSED] - Statement - (store_count++): null

2018-05-28 18:43:19 - [TEST_STEP][PASSED] - Statement - println(grouplist.get(i).getText()): null

2018-05-28 18:43:19 - [TEST_STEP][PASSED] - Statement - txt = grouplist.get(i).getText(): null

2018-05-28 18:43:19 - [TEST_STEP][PASSED] - Statement - matched = pattern.matcher(txt).matches(): null

2018-05-28 18:43:19 - [TEST_STEP][PASSED] - Statement - If (matched): null

2018-05-28 18:43:19 - [TEST_STEP][PASSED] - Statement - driver.findElement(org.openqa.selenium.By.xpath("(//ul[@class='unlinked-grouplist']/li/label)[" + i + 1 + "]")).click(): null

2018-05-28 18:43:19 - [TEST_STEP][PASSED] - Statement - (store_count++): null

2018-05-28 18:43:19 - [TEST_STEP][PASSED] - Statement - println(grouplist.get(i).getText()): null

2018-05-28 18:43:19 - [TEST_STEP][PASSED] - Statement - txt = grouplist.get(i).getText(): null

2018-05-28 18:43:19 - [TEST_STEP][PASSED] - Statement - matched = pattern.matcher(txt).matches(): null

2018-05-28 18:43:19 - [TEST_STEP][PASSED] - Statement - If (matched): null

2018-05-28 18:43:19 - [TEST_STEP][PASSED] - Statement - driver.findElement(org.openqa.selenium.By.xpath("(//ul[@class='unlinked-grouplist']/li/label)[" + i + 1 + "]")).click(): null

2018-05-28 18:43:19 - [TEST_STEP][PASSED] - Statement - (store_count++): null

2018-05-28 18:43:19 - [TEST_STEP][PASSED] - Statement - println(grouplist.get(i).getText()): null

2018-05-28 18:43:19 - [TEST_STEP][PASSED] - Statement - txt = grouplist.get(i).getText(): null

2018-05-28 18:43:19 - [TEST_STEP][PASSED] - Statement - matched = pattern.matcher(txt).matches(): null

2018-05-28 18:43:19 - [TEST_STEP][PASSED] - Statement - If (matched): null

2018-05-28 18:43:19 - [TEST_STEP][PASSED] - Statement - driver.findElement(org.openqa.selenium.By.xpath("(//ul[@class='unlinked-grouplist']/li/label)[" + i + 1 + "]")).click(): null

2018-05-28 18:43:20 - [TEST_STEP][PASSED] - Statement - (store_count++): null

2018-05-28 18:43:20 - [TEST_STEP][PASSED] - Statement - println(grouplist.get(i).getText()): null

2018-05-28 18:43:20 - [TEST_STEP][PASSED] - Statement - txt = grouplist.get(i).getText(): null

2018-05-28 18:43:20 - [TEST_STEP][PASSED] - Statement - matched = pattern.matcher(txt).matches(): null

2018-05-28 18:43:20 - [TEST_STEP][PASSED] - Statement - If (matched): null

2018-05-28 18:43:20 - [TEST_STEP][PASSED] - Statement - driver.findElement(org.openqa.selenium.By.xpath("(//ul[@class='unlinked-grouplist']/li/label)[" + i + 1 + "]")).click(): null

2018-05-28 18:43:20 - [TEST_STEP][PASSED] - Statement - (store_count++): null

2018-05-28 18:43:20 - [TEST_STEP][PASSED] - Statement - println(grouplist.get(i).getText()): null

2018-05-28 18:43:20 - [TEST_STEP][PASSED] - Statement - txt = grouplist.get(i).getText(): null

2018-05-28 18:43:20 - [TEST_STEP][PASSED] - Statement - matched = pattern.matcher(txt).matches(): null

2018-05-28 18:43:20 - [TEST_STEP][PASSED] - Statement - If (matched): null

2018-05-28 18:43:20 - [TEST_STEP][PASSED] - Statement - driver.findElement(org.openqa.selenium.By.xpath("(//ul[@class='unlinked-grouplist']/li/label)[" + i + 1 + "]")).click(): null

2018-05-28 18:43:20 - [TEST_STEP][PASSED] - Statement - (store_count++): null

2018-05-28 18:43:20 - [TEST_STEP][PASSED] - Statement - println(grouplist.get(i).getText()): null

2018-05-28 18:43:20 - [TEST_STEP][PASSED] - Statement - txt = grouplist.get(i).getText(): null

2018-05-28 18:43:20 - [TEST_STEP][PASSED] - Statement - matched = pattern.matcher(txt).matches(): null

2018-05-28 18:43:20 - [TEST_STEP][PASSED] - Statement - If (matched): null

2018-05-28 18:43:20 - [TEST_STEP][PASSED] - Statement - driver.findElement(org.openqa.selenium.By.xpath("(//ul[@class='unlinked-grouplist']/li/label)[" + i + 1 + "]")).click(): null

2018-05-28 18:43:20 - [TEST_STEP][PASSED] - Statement - (store_count++): null

2018-05-28 18:43:20 - [TEST_STEP][PASSED] - Statement - println(grouplist.get(i).getText()): null

2018-05-28 18:43:20 - [TEST_STEP][PASSED] - Statement - txt = grouplist.get(i).getText(): null

2018-05-28 18:43:20 - [TEST_STEP][PASSED] - Statement - matched = pattern.matcher(txt).matches(): null

2018-05-28 18:43:20 - [TEST_STEP][PASSED] - Statement - If (matched): null

2018-05-28 18:43:20 - [TEST_STEP][PASSED] - Statement - driver.findElement(org.openqa.selenium.By.xpath("(//ul[@class='unlinked-grouplist']/li/label)[" + i + 1 + "]")).click(): null

2018-05-28 18:43:20 - [TEST_STEP][PASSED] - Statement - (store_count++): null

2018-05-28 18:43:20 - [TEST_STEP][PASSED] - Statement - println(grouplist.get(i).getText()): null

2018-05-28 18:43:20 - [TEST_STEP][PASSED] - Statement - txt = grouplist.get(i).getText(): null

2018-05-28 18:43:20 - [TEST_STEP][PASSED] - Statement - matched = pattern.matcher(txt).matches(): null

2018-05-28 18:43:20 - [TEST_STEP][PASSED] - Statement - If (matched): null

2018-05-28 18:43:20 - [TEST_STEP][PASSED] - Statement - driver.findElement(org.openqa.selenium.By.xpath("(//ul[@class='unlinked-grouplist']/li/label)[" + i + 1 + "]")).click(): null

2018-05-28 18:43:20 - [TEST_STEP][PASSED] - Statement - (store_count++): null

2018-05-28 18:43:20 - [TEST_STEP][PASSED] - Statement - println(grouplist.get(i).getText()): null

2018-05-28 18:43:20 - [TEST_STEP][PASSED] - Statement - txt = grouplist.get(i).getText(): null

2018-05-28 18:43:20 - [TEST_STEP][PASSED] - Statement - matched = pattern.matcher(txt).matches(): null

2018-05-28 18:43:20 - [TEST_STEP][PASSED] - Statement - If (matched): null

2018-05-28 18:43:20 - [TEST_STEP][PASSED] - Statement - driver.findElement(org.openqa.selenium.By.xpath("(//ul[@class='unlinked-grouplist']/li/label)[" + i + 1 + "]")).click(): null

2018-05-28 18:43:20 - [TEST_STEP][PASSED] - Statement - (store_count++): null

2018-05-28 18:43:20 - [TEST_STEP][PASSED] - Statement - println(grouplist.get(i).getText()): null

2018-05-28 18:43:20 - [TEST_STEP][PASSED] - Statement - txt = grouplist.get(i).getText(): null

2018-05-28 18:43:20 - [TEST_STEP][PASSED] - Statement - matched = pattern.matcher(txt).matches(): null

2018-05-28 18:43:20 - [TEST_STEP][PASSED] - Statement - If (matched): null

2018-05-28 18:43:20 - [TEST_STEP][PASSED] - Statement - driver.findElement(org.openqa.selenium.By.xpath("(//ul[@class='unlinked-grouplist']/li/label)[" + i + 1 + "]")).click(): null

2018-05-28 18:43:20 - [TEST_STEP][PASSED] - Statement - (store_count++): null

2018-05-28 18:43:20 - [TEST_STEP][PASSED] - Statement - println(grouplist.get(i).getText()): null

2018-05-28 18:43:20 - [TEST_STEP][PASSED] - Statement - txt = grouplist.get(i).getText(): null

2018-05-28 18:43:20 - [TEST_STEP][PASSED] - Statement - matched = pattern.matcher(txt).matches(): null

2018-05-28 18:43:20 - [TEST_STEP][PASSED] - Statement - If (matched): null

2018-05-28 18:43:20 - [TEST_STEP][PASSED] - Statement - driver.findElement(org.openqa.selenium.By.xpath("(//ul[@class='unlinked-grouplist']/li/label)[" + i + 1 + "]")).click(): null

2018-05-28 18:43:20 - [TEST_STEP][PASSED] - Statement - (store_count++): null

2018-05-28 18:43:20 - [TEST_STEP][PASSED] - Statement - println(grouplist.get(i).getText()): null

2018-05-28 18:43:20 - [TEST_STEP][PASSED] - Statement - txt = grouplist.get(i).getText(): null

2018-05-28 18:43:20 - [TEST_STEP][PASSED] - Statement - matched = pattern.matcher(txt).matches(): null

2018-05-28 18:43:20 - [TEST_STEP][PASSED] - Statement - If (matched): null

2018-05-28 18:43:20 - [TEST_STEP][PASSED] - Statement - driver.findElement(org.openqa.selenium.By.xpath("(//ul[@class='unlinked-grouplist']/li/label)[" + i + 1 + "]")).click(): null

2018-05-28 18:43:20 - [TEST_STEP][PASSED] - Statement - (store_count++): null

2018-05-28 18:43:20 - [TEST_STEP][PASSED] - Statement - println(grouplist.get(i).getText()): null

2018-05-28 18:43:20 - [TEST_STEP][PASSED] - Statement - txt = grouplist.get(i).getText(): null

2018-05-28 18:43:20 - [TEST_STEP][PASSED] - Statement - matched = pattern.matcher(txt).matches(): null

2018-05-28 18:43:20 - [TEST_STEP][PASSED] - Statement - If (matched): null

2018-05-28 18:43:20 - [TEST_STEP][PASSED] - Statement - driver.findElement(org.openqa.selenium.By.xpath("(//ul[@class='unlinked-grouplist']/li/label)[" + i + 1 + "]")).click(): null

2018-05-28 18:43:20 - [TEST_STEP][PASSED] - Statement - (store_count++): null

2018-05-28 18:43:20 - [TEST_STEP][PASSED] - Statement - println(grouplist.get(i).getText()): null

2018-05-28 18:43:20 - [TEST_STEP][PASSED] - Statement - txt = grouplist.get(i).getText(): null

2018-05-28 18:43:20 - [TEST_STEP][PASSED] - Statement - matched = pattern.matcher(txt).matches(): null

2018-05-28 18:43:20 - [TEST_STEP][PASSED] - Statement - If (matched): null

2018-05-28 18:43:20 - [TEST_STEP][PASSED] - Statement - driver.findElement(org.openqa.selenium.By.xpath("(//ul[@class='unlinked-grouplist']/li/label)[" + i + 1 + "]")).click(): null

2018-05-28 18:43:21 - [TEST_STEP][PASSED] - Statement - (store_count++): null

2018-05-28 18:43:21 - [TEST_STEP][PASSED] - Statement - println(grouplist.get(i).getText()): null

2018-05-28 18:43:21 - [TEST_STEP][PASSED] - Statement - txt = grouplist.get(i).getText(): null

2018-05-28 18:43:21 - [TEST_STEP][PASSED] - Statement - matched = pattern.matcher(txt).matches(): null

2018-05-28 18:43:21 - [TEST_STEP][PASSED] - Statement - If (matched): null

2018-05-28 18:43:21 - [TEST_STEP][PASSED] - Statement - driver.findElement(org.openqa.selenium.By.xpath("(//ul[@class='unlinked-grouplist']/li/label)[" + i + 1 + "]")).click(): null

2018-05-28 18:43:21 - [TEST_STEP][PASSED] - Statement - (store_count++): null

2018-05-28 18:43:21 - [TEST_STEP][PASSED] - Statement - println(grouplist.get(i).getText()): null

2018-05-28 18:43:21 - [TEST_STEP][PASSED] - Statement - txt = grouplist.get(i).getText(): null

2018-05-28 18:43:21 - [TEST_STEP][PASSED] - Statement - matched = pattern.matcher(txt).matches(): null

2018-05-28 18:43:21 - [TEST_STEP][PASSED] - Statement - If (matched): null

2018-05-28 18:43:21 - [TEST_STEP][PASSED] - Statement - driver.findElement(org.openqa.selenium.By.xpath("(//ul[@class='unlinked-grouplist']/li/label)[" + i + 1 + "]")).click(): null

2018-05-28 18:43:21 - [TEST_STEP][PASSED] - Statement - (store_count++): null

2018-05-28 18:43:21 - [TEST_STEP][PASSED] - Statement - println(grouplist.get(i).getText()): null

2018-05-28 18:43:21 - [TEST_STEP][PASSED] - Statement - txt = grouplist.get(i).getText(): null

2018-05-28 18:43:21 - [TEST_STEP][PASSED] - Statement - matched = pattern.matcher(txt).matches(): null

2018-05-28 18:43:21 - [TEST_STEP][PASSED] - Statement - If (matched): null

2018-05-28 18:43:21 - [TEST_STEP][PASSED] - Statement - driver.findElement(org.openqa.selenium.By.xpath("(//ul[@class='unlinked-grouplist']/li/label)[" + i + 1 + "]")).click(): null

2018-05-28 18:43:21 - [TEST_STEP][PASSED] - Statement - (store_count++): null

2018-05-28 18:43:21 - [TEST_STEP][PASSED] - Statement - println(grouplist.get(i).getText()): null

2018-05-28 18:43:21 - [TEST_STEP][PASSED] - Statement - txt = grouplist.get(i).getText(): null

2018-05-28 18:43:21 - [TEST_STEP][PASSED] - Statement - matched = pattern.matcher(txt).matches(): null

2018-05-28 18:43:21 - [TEST_STEP][PASSED] - Statement - If (matched): null

2018-05-28 18:43:21 - [TEST_STEP][PASSED] - Statement - driver.findElement(org.openqa.selenium.By.xpath("(//ul[@class='unlinked-grouplist']/li/label)[" + i + 1 + "]")).click(): null

2018-05-28 18:43:21 - [TEST_STEP][PASSED] - Statement - (store_count++): null

2018-05-28 18:43:21 - [TEST_STEP][PASSED] - Statement - println(grouplist.get(i).getText()): null

2018-05-28 18:43:21 - [TEST_STEP][PASSED] - Statement - txt = grouplist.get(i).getText(): null

2018-05-28 18:43:21 - [TEST_STEP][PASSED] - Statement - matched = pattern.matcher(txt).matches(): null

2018-05-28 18:43:21 - [TEST_STEP][PASSED] - Statement - If (matched): null

2018-05-28 18:43:21 - [TEST_STEP][PASSED] - Statement - driver.findElement(org.openqa.selenium.By.xpath("(//ul[@class='unlinked-grouplist']/li/label)[" + i + 1 + "]")).click(): null

2018-05-28 18:43:21 - [TEST_STEP][PASSED] - Statement - (store_count++): null

2018-05-28 18:43:21 - [TEST_STEP][PASSED] - Statement - println(grouplist.get(i).getText()): null

2018-05-28 18:43:21 - [TEST_STEP][PASSED] - Statement - txt = grouplist.get(i).getText(): null

2018-05-28 18:43:21 - [TEST_STEP][PASSED] - Statement - matched = pattern.matcher(txt).matches(): null

2018-05-28 18:43:21 - [TEST_STEP][PASSED] - Statement - If (matched): null

2018-05-28 18:43:21 - [TEST_STEP][PASSED] - Statement - driver.findElement(org.openqa.selenium.By.xpath("(//ul[@class='unlinked-grouplist']/li/label)[" + i + 1 + "]")).click(): null

2018-05-28 18:43:21 - [TEST_STEP][PASSED] - Statement - (store_count++): null

2018-05-28 18:43:21 - [TEST_STEP][PASSED] - Statement - println(grouplist.get(i).getText()): null

2018-05-28 18:43:21 - [TEST_STEP][PASSED] - Statement - txt = grouplist.get(i).getText(): null

2018-05-28 18:43:21 - [TEST_STEP][PASSED] - Statement - matched = pattern.matcher(txt).matches(): null

2018-05-28 18:43:21 - [TEST_STEP][PASSED] - Statement - If (matched): null

2018-05-28 18:43:21 - [TEST_STEP][PASSED] - Statement - driver.findElement(org.openqa.selenium.By.xpath("(//ul[@class='unlinked-grouplist']/li/label)[" + i + 1 + "]")).click(): null

2018-05-28 18:43:21 - [TEST_STEP][PASSED] - Statement - (store_count++): null

2018-05-28 18:43:21 - [TEST_STEP][PASSED] - Statement - println(grouplist.get(i).getText()): null

2018-05-28 18:43:21 - [TEST_STEP][PASSED] - Statement - txt = grouplist.get(i).getText(): null

2018-05-28 18:43:21 - [TEST_STEP][PASSED] - Statement - matched = pattern.matcher(txt).matches(): null

2018-05-28 18:43:21 - [TEST_STEP][PASSED] - Statement - If (matched): null

2018-05-28 18:43:21 - [TEST_STEP][PASSED] - Statement - driver.findElement(org.openqa.selenium.By.xpath("(//ul[@class='unlinked-grouplist']/li/label)[" + i + 1 + "]")).click(): null

2018-05-28 18:43:21 - [TEST_STEP][PASSED] - Statement - (store_count++): null

2018-05-28 18:43:21 - [TEST_STEP][PASSED] - Statement - println(grouplist.get(i).getText()): null

2018-05-28 18:43:21 - [TEST_STEP][PASSED] - Statement - txt = grouplist.get(i).getText(): null

2018-05-28 18:43:21 - [TEST_STEP][PASSED] - Statement - matched = pattern.matcher(txt).matches(): null

2018-05-28 18:43:21 - [TEST_STEP][PASSED] - Statement - If (matched): null

2018-05-28 18:43:21 - [TEST_STEP][PASSED] - Statement - driver.findElement(org.openqa.selenium.By.xpath("(//ul[@class='unlinked-grouplist']/li/label)[" + i + 1 + "]")).click(): null

2018-05-28 18:43:21 - [TEST_STEP][PASSED] - Statement - (store_count++): null

2018-05-28 18:43:21 - [TEST_STEP][PASSED] - Statement - println(grouplist.get(i).getText()): null

2018-05-28 18:43:21 - [TEST_STEP][PASSED] - Statement - txt = grouplist.get(i).getText(): null

2018-05-28 18:43:21 - [TEST_STEP][PASSED] - Statement - matched = pattern.matcher(txt).matches(): null

2018-05-28 18:43:21 - [TEST_STEP][PASSED] - Statement - If (matched): null

2018-05-28 18:43:21 - [TEST_STEP][PASSED] - Statement - driver.findElement(org.openqa.selenium.By.xpath("(//ul[@class='unlinked-grouplist']/li/label)[" + i + 1 + "]")).click(): null

2018-05-28 18:43:21 - [TEST_STEP][PASSED] - Statement - (store_count++): null

2018-05-28 18:43:21 - [TEST_STEP][PASSED] - Statement - println(grouplist.get(i).getText()): null

2018-05-28 18:43:22 - [TEST_STEP][PASSED] - Statement - txt = grouplist.get(i).getText(): null

2018-05-28 18:43:22 - [TEST_STEP][PASSED] - Statement - matched = pattern.matcher(txt).matches(): null

2018-05-28 18:43:22 - [TEST_STEP][PASSED] - Statement - If (matched): null

2018-05-28 18:43:22 - [TEST_STEP][PASSED] - Statement - driver.findElement(org.openqa.selenium.By.xpath("(//ul[@class='unlinked-grouplist']/li/label)[" + i + 1 + "]")).click(): null

2018-05-28 18:43:22 - [TEST_STEP][PASSED] - Statement - (store_count++): null

2018-05-28 18:43:22 - [TEST_STEP][PASSED] - Statement - println(grouplist.get(i).getText()): null

2018-05-28 18:43:22 - [TEST_STEP][PASSED] - Statement - txt = grouplist.get(i).getText(): null

2018-05-28 18:43:22 - [TEST_STEP][PASSED] - Statement - matched = pattern.matcher(txt).matches(): null

2018-05-28 18:43:22 - [TEST_STEP][PASSED] - Statement - If (matched): null

2018-05-28 18:43:22 - [TEST_STEP][PASSED] - Statement - driver.findElement(org.openqa.selenium.By.xpath("(//ul[@class='unlinked-grouplist']/li/label)[" + i + 1 + "]")).click(): null

2018-05-28 18:43:22 - [TEST_STEP][PASSED] - Statement - (store_count++): null

2018-05-28 18:43:22 - [TEST_STEP][PASSED] - Statement - println(grouplist.get(i).getText()): null

2018-05-28 18:43:22 - [TEST_STEP][PASSED] - Statement - txt = grouplist.get(i).getText(): null

2018-05-28 18:43:22 - [TEST_STEP][PASSED] - Statement - matched = pattern.matcher(txt).matches(): null

2018-05-28 18:43:22 - [TEST_STEP][PASSED] - Statement - If (matched): null

2018-05-28 18:43:22 - [TEST_STEP][PASSED] - Statement - driver.findElement(org.openqa.selenium.By.xpath("(//ul[@class='unlinked-grouplist']/li/label)[" + i + 1 + "]")).click(): null

2018-05-28 18:43:22 - [TEST_STEP][PASSED] - Statement - (store_count++): null

2018-05-28 18:43:22 - [TEST_STEP][PASSED] - Statement - println(grouplist.get(i).getText()): null

2018-05-28 18:43:22 - [TEST_STEP][PASSED] - Statement - txt = grouplist.get(i).getText(): null

2018-05-28 18:43:22 - [TEST_STEP][PASSED] - Statement - matched = pattern.matcher(txt).matches(): null

2018-05-28 18:43:22 - [TEST_STEP][PASSED] - Statement - If (matched): null

2018-05-28 18:43:22 - [TEST_STEP][PASSED] - Statement - driver.findElement(org.openqa.selenium.By.xpath("(//ul[@class='unlinked-grouplist']/li/label)[" + i + 1 + "]")).click(): null

2018-05-28 18:43:22 - [TEST_STEP][PASSED] - Statement - (store_count++): null

2018-05-28 18:43:22 - [TEST_STEP][PASSED] - Statement - driver.findElement(org.openqa.selenium.By.xpath("//button[contains(text(),'>')]")).click(): null

2018-05-28 18:43:22 - [TEST_STEP][PASSED] - uiaction.CommonUIActions.click: uiaction.CommonUIActions.click is PASSED

2018-05-28 18:43:22 - [MESSAGE][PASSED] - uiaction.CommonUIActions.click is PASSED

2018-05-28 18:43:22 - [TEST_STEP][PASSED] - delay: Delayed 5 second(s)

2018-05-28 18:43:27 - [MESSAGE][PASSED] - Delayed 5 second(s)

2018-05-28 18:43:27 - [TEST_STEP][PASSED] - uiaction.CommonUIActions.click: uiaction.CommonUIActions.click is PASSED

2018-05-28 18:43:27 - [MESSAGE][PASSED] - uiaction.CommonUIActions.click is PASSED

2018-05-28 18:43:27 - [TEST_STEP][PASSED] - delay: Delayed 5 second(s)

2018-05-28 18:43:32 - [MESSAGE][PASSED] - Delayed 5 second(s)

2018-05-28 18:43:32 - [TEST_STEP][PASSED] - Statement - groupmain = CustomKeywords.projectSpecific.Reusability.getTestData("ReportingGroupManagementPage", "Groupwith250Stores"): projectSpecific.Reusability.getTestData is PASSED

2018-05-28 18:43:32 - [MESSAGE][PASSED] - projectSpecific.Reusability.getTestData is PASSED

2018-05-28 18:43:32 - [TEST_STEP][PASSED] - Statement - driver.findElement(org.openqa.selenium.By.xpath("//span[contains(text(),'" + groupmain + "')]/../../../../span[2]")).click(): null

2018-05-28 18:43:32 - [TEST_STEP][PASSED] - Statement - list_of_storein_critiria = driver.findElements(org.openqa.selenium.By.xpath("//div[@class='container criteria']//span[@class='criteriaHeading']/following-sibling::span")): null

2018-05-28 18:43:32 - [TEST_STEP][PASSED] - Statement - If (list_of_storein_critiria.size().equals(store_count)): null

2018-05-28 18:43:32 - [TEST_STEP][PASSED] - Statement - println("Store is displayed in Criteria free text box"): null

2018-05-28 18:43:32 - [TEST_STEP][PASSED] - delay: Delayed 5 second(s)

2018-05-28 18:43:37 - [MESSAGE][PASSED] - Delayed 5 second(s)

2018-05-28 18:43:37 - [TEST_STEP][PASSED] - click: Object: 'Object Repository/ReportsPage/fromDateSelector' is clicked on

2018-05-28 18:43:37 - [MESSAGE][PASSED] - Object: 'Object Repository/ReportsPage/fromDateSelector' is clicked on

2018-05-28 18:43:37 - [TEST_STEP][PASSED] - delay: Delayed 5 second(s)

2018-05-28 18:43:42 - [MESSAGE][PASSED] - Delayed 5 second(s)

2018-05-28 18:43:42 - [TEST_STEP][PASSED] - Statement - monthText = com.kms.katalon.core.webui.keyword.WebUiBuiltInKeywords.getText(com.kms.katalon.core.testobject.ObjectRepository.findTestObject(ReportsPage/monthText)): Text of object 'Object Repository/ReportsPage/monthText' is: 'May 2018'

2018-05-28 18:43:43 - [MESSAGE][PASSED] - Text of object 'Object Repository/ReportsPage/monthText' is: 'May 2018'

2018-05-28 18:43:43 - [TEST_STEP][PASSED] - Statement - monthTextArray = monthText.split(" "): null

2018-05-28 18:43:43 - [TEST_STEP][PASSED] - Statement - month = monthTextArray[0]: null

2018-05-28 18:43:43 - [TEST_STEP][PASSED] - Statement - monthTextValue = CustomKeywords.projectSpecific.Reusability.getTestData("ReportsPage", "JanMonth"): projectSpecific.Reusability.getTestData is PASSED

2018-05-28 18:43:43 - [MESSAGE][PASSED] - projectSpecific.Reusability.getTestData is PASSED

2018-05-28 18:43:43 - [TEST_STEP][PASSED] - Statement - If (!(monthTextValue.equals(month))): null

2018-05-28 18:43:43 - [TEST_STEP][PASSED] - Statement - While (!(monthTextValue.equals(month))): null

2018-05-28 18:43:43 - [TEST_STEP][PASSED] - click: Object: 'Object Repository/ReportsPage/previousDateSelector' is clicked on

2018-05-28 18:43:43 - [MESSAGE][PASSED] - Object: 'Object Repository/ReportsPage/previousDateSelector' is clicked on

2018-05-28 18:43:43 - [TEST_STEP][PASSED] - Statement - monthText = com.kms.katalon.core.webui.keyword.WebUiBuiltInKeywords.getText(com.kms.katalon.core.testobject.ObjectRepository.findTestObject(ReportsPage/monthText)): Text of object 'Object Repository/ReportsPage/monthText' is: 'April 2018'

2018-05-28 18:43:43 - [MESSAGE][PASSED] - Text of object 'Object Repository/ReportsPage/monthText' is: 'April 2018'

2018-05-28 18:43:43 - [TEST_STEP][PASSED] - Statement - monthTextArray = monthText.split(" "): null

2018-05-28 18:43:43 - [TEST_STEP][PASSED] - Statement - month = monthTextArray[0]: null

2018-05-28 18:43:43 - [TEST_STEP][PASSED] - click: Object: 'Object Repository/ReportsPage/previousDateSelector' is clicked on

2018-05-28 18:43:43 - [MESSAGE][PASSED] - Object: 'Object Repository/ReportsPage/previousDateSelector' is clicked on

2018-05-28 18:43:43 - [TEST_STEP][PASSED] - Statement - monthText = com.kms.katalon.core.webui.keyword.WebUiBuiltInKeywords.getText(com.kms.katalon.core.testobject.ObjectRepository.findTestObject(ReportsPage/monthText)): Text of object 'Object Repository/ReportsPage/monthText' is: 'March 2018'

2018-05-28 18:43:43 - [MESSAGE][PASSED] - Text of object 'Object Repository/ReportsPage/monthText' is: 'March 2018'

2018-05-28 18:43:43 - [TEST_STEP][PASSED] - Statement - monthTextArray = monthText.split(" "): null

2018-05-28 18:43:43 - [TEST_STEP][PASSED] - Statement - month = monthTextArray[0]: null

2018-05-28 18:43:43 - [TEST_STEP][PASSED] - click: Object: 'Object Repository/ReportsPage/previousDateSelector' is clicked on

2018-05-28 18:43:43 - [MESSAGE][PASSED] - Object: 'Object Repository/ReportsPage/previousDateSelector' is clicked on

2018-05-28 18:43:43 - [TEST_STEP][PASSED] - Statement - monthText = com.kms.katalon.core.webui.keyword.WebUiBuiltInKeywords.getText(com.kms.katalon.core.testobject.ObjectRepository.findTestObject(ReportsPage/monthText)): Text of object 'Object Repository/ReportsPage/monthText' is: 'February 2018'

2018-05-28 18:43:43 - [MESSAGE][PASSED] - Text of object 'Object Repository/ReportsPage/monthText' is: 'February 2018'

2018-05-28 18:43:43 - [TEST_STEP][PASSED] - Statement - monthTextArray = monthText.split(" "): null

2018-05-28 18:43:43 - [TEST_STEP][PASSED] - Statement - month = monthTextArray[0]: null

2018-05-28 18:43:43 - [TEST_STEP][PASSED] - click: Object: 'Object Repository/ReportsPage/previousDateSelector' is clicked on

2018-05-28 18:43:43 - [MESSAGE][PASSED] - Object: 'Object Repository/ReportsPage/previousDateSelector' is clicked on

2018-05-28 18:43:43 - [TEST_STEP][PASSED] - Statement - monthText = com.kms.katalon.core.webui.keyword.WebUiBuiltInKeywords.getText(com.kms.katalon.core.testobject.ObjectRepository.findTestObject(ReportsPage/monthText)): Text of object 'Object Repository/ReportsPage/monthText' is: 'January 2018'

2018-05-28 18:43:43 - [MESSAGE][PASSED] - Text of object 'Object Repository/ReportsPage/monthText' is: 'January 2018'

2018-05-28 18:43:43 - [TEST_STEP][PASSED] - Statement - monthTextArray = monthText.split(" "): null

2018-05-28 18:43:43 - [TEST_STEP][PASSED] - Statement - month = monthTextArray[0]: null

2018-05-28 18:43:43 - [TEST_STEP][PASSED] - Statement - data = CustomKeywords.projectSpecific.Reusability.getTestData("ReportsPage", "StartDate"): projectSpecific.Reusability.getTestData is PASSED

2018-05-28 18:43:43 - [MESSAGE][PASSED] - projectSpecific.Reusability.getTestData is PASSED

2018-05-28 18:43:43 - [TEST_STEP][PASSED] - Statement - startDate = "(//td[text()='" + data + "'])[1]": null

2018-05-28 18:43:43 - [TEST_STEP][PASSED] - Statement - println(startDate): null

2018-05-28 18:43:43 - [TEST_STEP][PASSED] - Statement - startdateEle = driver.findElement(org.openqa.selenium.By.xpath(startDate)): null

2018-05-28 18:43:43 - [TEST_STEP][PASSED] - Statement - startdateEle.click(): null

2018-05-28 18:43:43 - [TEST_STEP][PASSED] - delay: Delayed 5 second(s)

2018-05-28 18:43:48 - [MESSAGE][PASSED] - Delayed 5 second(s)

2018-05-28 18:43:48 - [TEST_STEP][PASSED] - click: Object: 'Object Repository/ReportsPage/toDateSelector' is clicked on

2018-05-28 18:43:48 - [MESSAGE][PASSED] - Object: 'Object Repository/ReportsPage/toDateSelector' is clicked on

2018-05-28 18:43:48 - [TEST_STEP][PASSED] - Statement - monthText = com.kms.katalon.core.webui.keyword.WebUiBuiltInKeywords.getText(com.kms.katalon.core.testobject.ObjectRepository.findTestObject(ReportsPage/monthText2)): Text of object 'Object Repository/ReportsPage/monthText2' is: 'May 2018'

2018-05-28 18:43:48 - [MESSAGE][PASSED] - Text of object 'Object Repository/ReportsPage/monthText2' is: 'May 2018'

2018-05-28 18:43:48 - [TEST_STEP][PASSED] - Statement - monthTextArray = monthText.split(" "): null

2018-05-28 18:43:48 - [TEST_STEP][PASSED] - Statement - month = monthTextArray[0]: null

2018-05-28 18:43:48 - [TEST_STEP][PASSED] - Statement - monthTextValue1 = CustomKeywords.projectSpecific.Reusability.getTestData("ReportsPage", "Month"): projectSpecific.Reusability.getTestData is PASSED

2018-05-28 18:43:48 - [MESSAGE][PASSED] - projectSpecific.Reusability.getTestData is PASSED

2018-05-28 18:43:48 - [TEST_STEP][PASSED] - Statement - If (!(monthTextValue1.equals(month))): null

2018-05-28 18:43:48 - [TEST_STEP][PASSED] - Statement - While (!(monthTextValue1.equals(month))): null

2018-05-28 18:43:48 - [TEST_STEP][PASSED] - click: Object: 'Object Repository/ReportsPage/previousDateSelector2' is clicked on

2018-05-28 18:43:48 - [MESSAGE][PASSED] - Object: 'Object Repository/ReportsPage/previousDateSelector2' is clicked on

2018-05-28 18:43:48 - [TEST_STEP][PASSED] - Statement - monthText = com.kms.katalon.core.webui.keyword.WebUiBuiltInKeywords.getText(com.kms.katalon.core.testobject.ObjectRepository.findTestObject(ReportsPage/monthText2)): Text of object 'Object Repository/ReportsPage/monthText2' is: 'April 2018'

2018-05-28 18:43:48 - [MESSAGE][PASSED] - Text of object 'Object Repository/ReportsPage/monthText2' is: 'April 2018'

2018-05-28 18:43:48 - [TEST_STEP][PASSED] - Statement - monthTextArray = monthText.split(" "): null

2018-05-28 18:43:48 - [TEST_STEP][PASSED] - Statement - month = monthTextArray[0]: null

2018-05-28 18:43:48 - [TEST_STEP][PASSED] - click: Object: 'Object Repository/ReportsPage/previousDateSelector2' is clicked on

2018-05-28 18:43:48 - [MESSAGE][PASSED] - Object: 'Object Repository/ReportsPage/previousDateSelector2' is clicked on

2018-05-28 18:43:48 - [TEST_STEP][PASSED] - Statement - monthText = com.kms.katalon.core.webui.keyword.WebUiBuiltInKeywords.getText(com.kms.katalon.core.testobject.ObjectRepository.findTestObject(ReportsPage/monthText2)): Text of object 'Object Repository/ReportsPage/monthText2' is: 'March 2018'

2018-05-28 18:43:48 - [MESSAGE][PASSED] - Text of object 'Object Repository/ReportsPage/monthText2' is: 'March 2018'

2018-05-28 18:43:48 - [TEST_STEP][PASSED] - Statement - monthTextArray = monthText.split(" "): null

2018-05-28 18:43:48 - [TEST_STEP][PASSED] - Statement - month = monthTextArray[0]: null

2018-05-28 18:43:48 - [TEST_STEP][PASSED] - Statement - endDate = CustomKeywords.projectSpecific.Reusability.getTestData("ReportsPage", "EndDate_March"): projectSpecific.Reusability.getTestData is PASSED

2018-05-28 18:43:48 - [MESSAGE][PASSED] - projectSpecific.Reusability.getTestData is PASSED

2018-05-28 18:43:48 - [TEST_STEP][PASSED] - Statement - toDate = "(//td[text()='" + endDate + "'])[3]": null

2018-05-28 18:43:48 - [TEST_STEP][PASSED] - Statement - toDateEle = driver.findElement(org.openqa.selenium.By.xpath(toDate)): null

2018-05-28 18:43:48 - [TEST_STEP][PASSED] - Statement - toDateEle.click(): null

2018-05-28 18:43:49 - [TEST_STEP][PASSED] - delay: Delayed 5 second(s)

2018-05-28 18:43:54 - [MESSAGE][PASSED] - Delayed 5 second(s)

2018-05-28 18:43:54 - [TEST_STEP][PASSED] - Statement - dateAttr = com.kms.katalon.core.webui.keyword.WebUiBuiltInKeywords.getAttribute(com.kms.katalon.core.testobject.ObjectRepository.findTestObject(ReportsPage/selectedDate1), "value"): Attribute 'value' of object 'Object Repository/ReportsPage/selectedDate1' is: '01/01/2018'

2018-05-28 18:43:54 - [MESSAGE][PASSED] - Attribute 'value' of object 'Object Repository/ReportsPage/selectedDate1' is: '01/01/2018'

2018-05-28 18:43:54 - [TEST_STEP][PASSED] - Statement - fromDateValue = CustomKeywords.projectSpecific.Reusability.getTestData("ReportsPage", "fromDateJan"): projectSpecific.Reusability.getTestData is PASSED

2018-05-28 18:43:54 - [MESSAGE][PASSED] - projectSpecific.Reusability.getTestData is PASSED

2018-05-28 18:43:54 - [TEST_STEP][PASSED] - Statement - If (!(dateAttr.equals(fromDateValue))): null

2018-05-28 18:43:54 - [TEST_STEP][PASSED] - Statement - dateAttr = com.kms.katalon.core.webui.keyword.WebUiBuiltInKeywords.getAttribute(com.kms.katalon.core.testobject.ObjectRepository.findTestObject(ReportsPage/selectedDate2), "value"): Attribute 'value' of object 'Object Repository/ReportsPage/selectedDate2' is: '03/10/2018'

2018-05-28 18:43:54 - [MESSAGE][PASSED] - Attribute 'value' of object 'Object Repository/ReportsPage/selectedDate2' is: '03/10/2018'

2018-05-28 18:43:54 - [TEST_STEP][PASSED] - Statement - toDateValue = CustomKeywords.projectSpecific.Reusability.getTestData("ReportsPage", "toDate_March"): projectSpecific.Reusability.getTestData is PASSED

2018-05-28 18:43:54 - [MESSAGE][PASSED] - projectSpecific.Reusability.getTestData is PASSED

2018-05-28 18:43:54 - [TEST_STEP][PASSED] - Statement - If (!(dateAttr.equals(toDateValue))): null

2018-05-28 18:43:54 - [TEST_STEP][PASSED] - verifyElementText: Actual text and expected text of test object 'Object Repository/ReportsPage/includeText' are matched.

2018-05-28 18:43:54 - [MESSAGE][PASSED] - projectSpecific.Reusability.getTestData is PASSED

2018-05-28 18:43:54 - [MESSAGE][PASSED] - Actual text and expected text of test object 'Object Repository/ReportsPage/includeText' are matched.

2018-05-28 18:43:54 - [TEST_STEP][PASSED] - verifyElementText: Actual text and expected text of test object 'Object Repository/ReportsPage/formatText' are matched.

2018-05-28 18:43:54 - [MESSAGE][PASSED] - projectSpecific.Reusability.getTestData is PASSED

2018-05-28 18:43:54 - [MESSAGE][PASSED] - Actual text and expected text of test object 'Object Repository/ReportsPage/formatText' are matched.

2018-05-28 18:43:54 - [TEST_STEP][PASSED] - uiaction.CommonUIActions.click: uiaction.CommonUIActions.click is PASSED

2018-05-28 18:43:54 - [MESSAGE][PASSED] - uiaction.CommonUIActions.click is PASSED

2018-05-28 18:43:54 - [TEST_STEP][PASSED] - Statement - opencheckbox = CustomKeywords.uiaction.CommonUIActions.isEnabled(com.kms.katalon.core.testobject.ObjectRepository.findTestObject(ReportsPage/Report_opencheckbox)): uiaction.CommonUIActions.isEnabled is PASSED

2018-05-28 18:43:54 - [MESSAGE][PASSED] - uiaction.CommonUIActions.isEnabled is PASSED

2018-05-28 18:43:54 - [TEST_STEP][PASSED] - Statement - If (!(opencheckbox)): null

2018-05-28 18:43:54 - [TEST_STEP][PASSED] - Statement - out.println("Open checkbox is checked bydefault"): null

2018-05-28 18:43:54 - [TEST_STEP][PASSED] - Statement - closecheckbox = CustomKeywords.uiaction.CommonUIActions.isEnabled(com.kms.katalon.core.testobject.ObjectRepository.findTestObject(ReportsPage/Report_closecheckbox)): uiaction.CommonUIActions.isEnabled is PASSED

2018-05-28 18:43:54 - [MESSAGE][PASSED] - uiaction.CommonUIActions.isEnabled is PASSED

2018-05-28 18:43:54 - [TEST_STEP][PASSED] - Statement - If (!(closecheckbox)): null

2018-05-28 18:43:54 - [TEST_STEP][PASSED] - Statement - out.println("Close checkbox is checked bydefault"): null

2018-05-28 18:43:54 - [TEST_STEP][PASSED] - uiaction.CommonUIActions.click: uiaction.CommonUIActions.click is PASSED

2018-05-28 18:43:54 - [MESSAGE][PASSED] - uiaction.CommonUIActions.click is PASSED

2018-05-28 18:43:54 - [TEST_STEP][PASSED] - uiaction.CommonUIActions.click: uiaction.CommonUIActions.click is PASSED

2018-05-28 18:43:54 - [MESSAGE][PASSED] - uiaction.CommonUIActions.click is PASSED

2018-05-28 18:43:54 - [TEST_STEP][PASSED] - verifyElementPresent: Object 'Object Repository/ReportsPage/advancedoption_am' is present

2018-05-28 18:43:54 - [MESSAGE][PASSED] - Object 'Object Repository/ReportsPage/advancedoption_am' is present

2018-05-28 18:43:54 - [TEST_STEP][PASSED] - verifyElementPresent: Object 'Object Repository/ReportsPage/advanceoptions_pm' is present

2018-05-28 18:43:54 - [MESSAGE][PASSED] - Object 'Object Repository/ReportsPage/advanceoptions_pm' is present

2018-05-28 18:43:54 - [TEST_STEP][PASSED] - Statement - open_am = CustomKeywords.uiaction.CommonUIActions.isEnabled(com.kms.katalon.core.testobject.ObjectRepository.findTestObject(ReportsPage/advancedoption_am)): uiaction.CommonUIActions.isEnabled is PASSED

2018-05-28 18:43:54 - [MESSAGE][PASSED] - uiaction.CommonUIActions.isEnabled is PASSED

2018-05-28 18:43:54 - [TEST_STEP][PASSED] - Statement - If (open_am): null

2018-05-28 18:43:54 - [TEST_STEP][PASSED] - Statement - out.println("AM Drop down boxes  enabled"): null

2018-05-28 18:43:54 - [TEST_STEP][PASSED] - Statement - open_pm = CustomKeywords.uiaction.CommonUIActions.isEnabled(com.kms.katalon.core.testobject.ObjectRepository.findTestObject(ReportsPage/advanceoptions_pm)): uiaction.CommonUIActions.isEnabled is PASSED

2018-05-28 18:43:54 - [MESSAGE][PASSED] - uiaction.CommonUIActions.isEnabled is PASSED

2018-05-28 18:43:54 - [TEST_STEP][PASSED] - Statement - If (open_pm): null

2018-05-28 18:43:54 - [TEST_STEP][PASSED] - Statement - out.println("PM Drop down boxes  enabled"): null

2018-05-28 18:43:54 - [TEST_STEP][PASSED] - uiaction.CommonUIActions.click: uiaction.CommonUIActions.click is PASSED

2018-05-28 18:43:54 - [MESSAGE][PASSED] - uiaction.CommonUIActions.click is PASSED

2018-05-28 18:43:54 - [TEST_STEP][PASSED] - uiaction.CommonUIActions.click: uiaction.CommonUIActions.click is PASSED

2018-05-28 18:44:15 - [MESSAGE][PASSED] - uiaction.CommonUIActions.click is PASSED

2018-05-28 18:44:15 - [TEST_STEP][PASSED] - uiaction.CommonUIActions.click: uiaction.CommonUIActions.click is PASSED

2018-05-28 18:44:16 - [MESSAGE][PASSED] - uiaction.CommonUIActions.click is PASSED

2018-05-28 18:44:16 - [TEST_STEP][PASSED] - Statement - open_textboxdata = com.kms.katalon.core.webui.keyword.WebUiBuiltInKeywords.getAttribute(com.kms.katalon.core.testobject.ObjectRepository.findTestObject(ReportsPage/advance_option_opentextbox), "value"): Attribute 'value' of object 'Object Repository/ReportsPage/advance_option_opentextbox' is: '8:42 am'

2018-05-28 18:44:16 - [MESSAGE][PASSED] - Attribute 'value' of object 'Object Repository/ReportsPage/advance_option_opentextbox' is: '8:42 am'

2018-05-28 18:44:16 - [TEST_STEP][PASSED] - Statement - If (!(open_textboxdata.isEmpty())): null

2018-05-28 18:44:16 - [TEST_STEP][PASSED] - Statement - out.println("8:00 am time shown "): null

2018-05-28 18:44:16 - [TEST_STEP][PASSED] - uiaction.CommonUIActions.click: uiaction.CommonUIActions.click is PASSED

2018-05-28 18:44:16 - [MESSAGE][PASSED] - uiaction.CommonUIActions.click is PASSED

2018-05-28 18:44:16 - [TEST_STEP][PASSED] - uiaction.CommonUIActions.click: uiaction.CommonUIActions.click is PASSED

2018-05-28 18:44:16 - [MESSAGE][PASSED] - uiaction.CommonUIActions.click is PASSED

2018-05-28 18:44:16 - [TEST_STEP][PASSED] - uiaction.CommonUIActions.click: uiaction.CommonUIActions.click is PASSED

2018-05-28 18:44:16 - [MESSAGE][PASSED] - uiaction.CommonUIActions.click is PASSED

2018-05-28 18:44:16 - [TEST_STEP][PASSED] - verifyElementPresent: Object 'Object Repository/ReportsPage/advancedoption_am' is present

2018-05-28 18:44:16 - [MESSAGE][PASSED] - Object 'Object Repository/ReportsPage/advancedoption_am' is present

2018-05-28 18:44:16 - [TEST_STEP][PASSED] - verifyElementPresent: Object 'Object Repository/ReportsPage/advanceoptions_pm' is present

2018-05-28 18:44:16 - [MESSAGE][PASSED] - Object 'Object Repository/ReportsPage/advanceoptions_pm' is present

2018-05-28 18:44:16 - [TEST_STEP][PASSED] - Statement - close_am = CustomKeywords.uiaction.CommonUIActions.isEnabled(com.kms.katalon.core.testobject.ObjectRepository.findTestObject(ReportsPage/advancedoption_am)): uiaction.CommonUIActions.isEnabled is PASSED

2018-05-28 18:44:16 - [MESSAGE][PASSED] - uiaction.CommonUIActions.isEnabled is PASSED

2018-05-28 18:44:16 - [TEST_STEP][PASSED] - Statement - If (close_am): null

2018-05-28 18:44:16 - [TEST_STEP][PASSED] - Statement - out.println("AM Drop down boxes  enabled"): null

2018-05-28 18:44:16 - [TEST_STEP][PASSED] - Statement - close_pm = CustomKeywords.uiaction.CommonUIActions.isEnabled(com.kms.katalon.core.testobject.ObjectRepository.findTestObject(ReportsPage/advanceoptions_pm)): uiaction.CommonUIActions.isEnabled is PASSED

2018-05-28 18:44:16 - [MESSAGE][PASSED] - uiaction.CommonUIActions.isEnabled is PASSED

2018-05-28 18:44:16 - [TEST_STEP][PASSED] - Statement - If (close_pm): null

2018-05-28 18:44:16 - [TEST_STEP][PASSED] - Statement - out.println("PM Drop down boxes  enabled"): null

2018-05-28 18:44:16 - [TEST_STEP][PASSED] - uiaction.CommonUIActions.click: uiaction.CommonUIActions.click is PASSED

2018-05-28 18:44:16 - [MESSAGE][PASSED] - uiaction.CommonUIActions.click is PASSED

2018-05-28 18:44:16 - [TEST_STEP][PASSED] - uiaction.CommonUIActions.click: uiaction.CommonUIActions.click is PASSED

2018-05-28 18:44:37 - [MESSAGE][PASSED] - uiaction.CommonUIActions.click is PASSED

2018-05-28 18:44:37 - [TEST_STEP][PASSED] - uiaction.CommonUIActions.click: uiaction.CommonUIActions.click is PASSED

2018-05-28 18:44:37 - [MESSAGE][PASSED] - uiaction.CommonUIActions.click is PASSED

2018-05-28 18:44:37 - [TEST_STEP][PASSED] - Statement - open_textboxdata1 = com.kms.katalon.core.webui.keyword.WebUiBuiltInKeywords.getAttribute(com.kms.katalon.core.testobject.ObjectRepository.findTestObject(ReportsPage/advance_option_closetextbox), "value"): Attribute 'value' of object 'Object Repository/ReportsPage/advance_option_closetextbox' is: '3:42 pm'

2018-05-28 18:44:37 - [MESSAGE][PASSED] - Attribute 'value' of object 'Object Repository/ReportsPage/advance_option_closetextbox' is: '3:42 pm'

2018-05-28 18:44:37 - [TEST_STEP][PASSED] - Statement - If (!(open_textboxdata1.isEmpty())): null

2018-05-28 18:44:37 - [TEST_STEP][PASSED] - Statement - out.println("3:00 pm time shown "): null

2018-05-28 18:44:37 - [TEST_STEP][PASSED] - click: Object: 'Object Repository/ReportsPage/timeSelection' is clicked on

2018-05-28 18:44:37 - [MESSAGE][PASSED] - Object: 'Object Repository/ReportsPage/timeSelection' is clicked on

2018-05-28 18:44:37 - [TEST_STEP][PASSED] - click: Object: 'Object Repository/ReportsPage/weekTimeOption' is clicked on

2018-05-28 18:44:37 - [MESSAGE][PASSED] - Object: 'Object Repository/ReportsPage/weekTimeOption' is clicked on

2018-05-28 18:44:37 - [TEST_STEP][PASSED] - click: Object: 'Object Repository/ReportsPage/summaryReportHeading' is clicked on

2018-05-28 18:44:37 - [MESSAGE][PASSED] - Object: 'Object Repository/ReportsPage/summaryReportHeading' is clicked on

2018-05-28 18:44:37 - [TEST_STEP][PASSED] - verifyElementText: Actual text and expected text of test object 'Object Repository/ReportsPage/weekTimeOption' are matched.

2018-05-28 18:44:37 - [MESSAGE][PASSED] - projectSpecific.Reusability.getTestData is PASSED

2018-05-28 18:44:37 - [MESSAGE][PASSED] - Actual text and expected text of test object 'Object Repository/ReportsPage/weekTimeOption' are matched.

2018-05-28 18:44:37 - [TEST_STEP][PASSED] - verifyElementText: Actual text and expected text of test object 'Object Repository/ReportsPage/criteriaTimeMeasure' are matched.

2018-05-28 18:44:37 - [MESSAGE][PASSED] - projectSpecific.Reusability.getTestData is PASSED

2018-05-28 18:44:37 - [MESSAGE][PASSED] - Actual text and expected text of test object 'Object Repository/ReportsPage/criteriaTimeMeasure' are matched.

2018-05-28 18:44:37 - [TEST_STEP][PASSED] - click: Object: 'Object Repository/ReportsPage/generateReport' is clicked on

2018-05-28 18:44:37 - [MESSAGE][PASSED] - Object: 'Object Repository/ReportsPage/generateReport' is clicked on

2018-05-28 18:44:37 - [TEST_STEP][PASSED] - Statement - errMessage = CustomKeywords.uiaction.CommonUIActions.getText(com.kms.katalon.core.testobject.ObjectRepository.findTestObject(ReportsPage/report_failure_alertmsg)): uiaction.CommonUIActions.getText is PASSED

2018-05-28 18:44:37 - [MESSAGE][PASSED] - uiaction.CommonUIActions.getText is PASSED

2018-05-28 18:44:37 - [TEST_STEP][PASSED] - Statement - errMsgText = CustomKeywords.projectSpecific.Reusability.getTestData("ReportsPage", "DateErrorMsg"): projectSpecific.Reusability.getTestData is PASSED

2018-05-28 18:44:38 - [MESSAGE][PASSED] - projectSpecific.Reusability.getTestData is PASSED

2018-05-28 18:44:38 - [TEST_STEP][PASSED] - verifyMatch: Actual text 'Date range invalid. For Week Reports select any 2 month period.' and expected text 'Date range invalid. For Week Reports select any 2 month period.' are matched 

2018-05-28 18:44:38 - [MESSAGE][PASSED] - Actual text 'Date range invalid. For Week Reports select any 2 month period.' and expected text 'Date range invalid. For Week Reports select any 2 month period.' are matched 

2018-05-28 18:44:38 - [TEST_STEP][PASSED] - delay: Delayed 5 second(s)

2018-05-28 18:44:43 - [MESSAGE][PASSED] - Delayed 5 second(s)

2018-05-28 18:44:43 - [TEST_STEP][PASSED] - click: Object: 'Object Repository/ReportsPage/fromDateSelector' is clicked on

2018-05-28 18:44:43 - [MESSAGE][PASSED] - Object: 'Object Repository/ReportsPage/fromDateSelector' is clicked on

2018-05-28 18:44:43 - [TEST_STEP][PASSED] - delay: Delayed 5 second(s)

2018-05-28 18:44:48 - [MESSAGE][PASSED] - Delayed 5 second(s)

2018-05-28 18:44:48 - [TEST_STEP][PASSED] - Statement - monthText = com.kms.katalon.core.webui.keyword.WebUiBuiltInKeywords.getText(com.kms.katalon.core.testobject.ObjectRepository.findTestObject(ReportsPage/monthText)): Text of object 'Object Repository/ReportsPage/monthText' is: 'January 2018'

2018-05-28 18:44:48 - [MESSAGE][PASSED] - Text of object 'Object Repository/ReportsPage/monthText' is: 'January 2018'

2018-05-28 18:44:48 - [TEST_STEP][PASSED] - Statement - monthTextArray = monthText.split(" "): null

2018-05-28 18:44:48 - [TEST_STEP][PASSED] - Statement - month = monthTextArray[0]: null

2018-05-28 18:44:48 - [TEST_STEP][PASSED] - Statement - monthTextValue = CustomKeywords.projectSpecific.Reusability.getTestData("ReportsPage", "JanMonth"): projectSpecific.Reusability.getTestData is PASSED

2018-05-28 18:44:48 - [MESSAGE][PASSED] - projectSpecific.Reusability.getTestData is PASSED

2018-05-28 18:44:48 - [TEST_STEP][PASSED] - Statement - If (!(monthTextValue.equals(month))): null

2018-05-28 18:44:48 - [TEST_STEP][PASSED] - Statement - data = CustomKeywords.projectSpecific.Reusability.getTestData("ReportsPage", "StartDate"): projectSpecific.Reusability.getTestData is PASSED

2018-05-28 18:44:48 - [MESSAGE][PASSED] - projectSpecific.Reusability.getTestData is PASSED

2018-05-28 18:44:48 - [TEST_STEP][PASSED] - Statement - startDate = "(//td[text()='" + data + "'])[1]": null

2018-05-28 18:44:48 - [TEST_STEP][PASSED] - Statement - println(startDate): null

2018-05-28 18:44:48 - [TEST_STEP][PASSED] - Statement - startdateEle = driver.findElement(org.openqa.selenium.By.xpath(startDate)): null

2018-05-28 18:44:48 - [TEST_STEP][PASSED] - Statement - startdateEle.click(): null

2018-05-28 18:44:48 - [TEST_STEP][PASSED] - delay: Delayed 5 second(s)

2018-05-28 18:44:53 - [MESSAGE][PASSED] - Delayed 5 second(s)

2018-05-28 18:44:53 - [TEST_STEP][PASSED] - click: Object: 'Object Repository/ReportsPage/toDateSelector' is clicked on

2018-05-28 18:44:53 - [MESSAGE][PASSED] - Object: 'Object Repository/ReportsPage/toDateSelector' is clicked on

2018-05-28 18:44:53 - [TEST_STEP][PASSED] - Statement - monthText = com.kms.katalon.core.webui.keyword.WebUiBuiltInKeywords.getText(com.kms.katalon.core.testobject.ObjectRepository.findTestObject(ReportsPage/monthText2)): Text of object 'Object Repository/ReportsPage/monthText2' is: 'March 2018'

2018-05-28 18:44:53 - [MESSAGE][PASSED] - Text of object 'Object Repository/ReportsPage/monthText2' is: 'March 2018'

2018-05-28 18:44:53 - [TEST_STEP][PASSED] - Statement - monthTextArray = monthText.split(" "): null

2018-05-28 18:44:53 - [TEST_STEP][PASSED] - Statement - month = monthTextArray[0]: null

2018-05-28 18:44:53 - [TEST_STEP][PASSED] - Statement - monthTextValue1 = CustomKeywords.projectSpecific.Reusability.getTestData("ReportsPage", "Month"): projectSpecific.Reusability.getTestData is PASSED

2018-05-28 18:44:53 - [MESSAGE][PASSED] - projectSpecific.Reusability.getTestData is PASSED

2018-05-28 18:44:53 - [TEST_STEP][PASSED] - Statement - If (!(monthTextValue1.equals(month))): null

2018-05-28 18:44:53 - [TEST_STEP][PASSED] - Statement - endDate = CustomKeywords.projectSpecific.Reusability.getTestData("ReportsPage", "StartDate"): projectSpecific.Reusability.getTestData is PASSED

2018-05-28 18:44:53 - [MESSAGE][PASSED] - projectSpecific.Reusability.getTestData is PASSED

2018-05-28 18:44:53 - [TEST_STEP][PASSED] - Statement - toDate = "(//td[text()='" + endDate + "'])[3]": null

2018-05-28 18:44:53 - [TEST_STEP][PASSED] - Statement - toDateEle = driver.findElement(org.openqa.selenium.By.xpath(toDate)): null

2018-05-28 18:44:53 - [TEST_STEP][PASSED] - Statement - toDateEle.click(): null

2018-05-28 18:44:53 - [TEST_STEP][PASSED] - delay: Delayed 5 second(s)

2018-05-28 18:44:58 - [MESSAGE][PASSED] - Delayed 5 second(s)

2018-05-28 18:44:58 - [TEST_STEP][PASSED] - Statement - dateAttr = com.kms.katalon.core.webui.keyword.WebUiBuiltInKeywords.getAttribute(com.kms.katalon.core.testobject.ObjectRepository.findTestObject(ReportsPage/selectedDate1), "value"): Attribute 'value' of object 'Object Repository/ReportsPage/selectedDate1' is: '01/01/2018'

2018-05-28 18:44:58 - [MESSAGE][PASSED] - Attribute 'value' of object 'Object Repository/ReportsPage/selectedDate1' is: '01/01/2018'

2018-05-28 18:44:58 - [TEST_STEP][PASSED] - Statement - fromDateValue = CustomKeywords.projectSpecific.Reusability.getTestData("ReportsPage", "fromDateJan"): projectSpecific.Reusability.getTestData is PASSED

2018-05-28 18:44:58 - [MESSAGE][PASSED] - projectSpecific.Reusability.getTestData is PASSED

2018-05-28 18:44:58 - [TEST_STEP][PASSED] - Statement - If (!(dateAttr.equals(fromDateValue))): null

2018-05-28 18:44:58 - [TEST_STEP][PASSED] - Statement - dateAttr = com.kms.katalon.core.webui.keyword.WebUiBuiltInKeywords.getAttribute(com.kms.katalon.core.testobject.ObjectRepository.findTestObject(ReportsPage/selectedDate2), "value"): Attribute 'value' of object 'Object Repository/ReportsPage/selectedDate2' is: '03/01/2018'

2018-05-28 18:44:58 - [MESSAGE][PASSED] - Attribute 'value' of object 'Object Repository/ReportsPage/selectedDate2' is: '03/01/2018'

2018-05-28 18:44:58 - [TEST_STEP][PASSED] - Statement - toDateValue = CustomKeywords.projectSpecific.Reusability.getTestData("ReportsPage", "fromDate"): projectSpecific.Reusability.getTestData is PASSED

2018-05-28 18:44:58 - [MESSAGE][PASSED] - projectSpecific.Reusability.getTestData is PASSED

2018-05-28 18:44:58 - [TEST_STEP][PASSED] - Statement - If (!(dateAttr.equals(toDateValue))): null

2018-05-28 18:44:58 - [TEST_STEP][PASSED] - click: Object: 'Object Repository/ReportsPage/generateReport' is clicked on

2018-05-28 18:44:58 - [MESSAGE][PASSED] - Object: 'Object Repository/ReportsPage/generateReport' is clicked on

2018-05-28 18:44:58 - [TEST_STEP][PASSED] - delay: Delayed 15 second(s)

2018-05-28 18:45:13 - [MESSAGE][PASSED] - Delayed 15 second(s)

2018-05-28 18:45:13 - [TEST_STEP][PASSED] - Statement - confirmationText = CustomKeywords.projectSpecific.Reusability.getTestData("SummarizedReportPage", "confirmationText1"): projectSpecific.Reusability.getTestData is PASSED

2018-05-28 18:45:13 - [MESSAGE][PASSED] - projectSpecific.Reusability.getTestData is PASSED

2018-05-28 18:45:13 - [TEST_STEP][PASSED] - Statement - actualconfirmationText = CustomKeywords.uiaction.CommonUIActions.getText(com.kms.katalon.core.testobject.ObjectRepository.findTestObject(SummarizedReportPage/emailConfirmation)): uiaction.CommonUIActions.getText is PASSED

2018-05-28 18:45:17 - [MESSAGE][PASSED] - uiaction.CommonUIActions.getText is PASSED

2018-05-28 18:45:17 - [TEST_STEP][PASSED] - Statement - confirm = com.kms.katalon.core.webui.keyword.WebUiBuiltInKeywords.verifyMatch(confirmationText, actualconfirmationText, false): Actual text 'Please check your email. Your Report has been sent to selvendrank@nousinfo.com.' and expected text 'Please check your email. Your Report has been sent to selvendrank@nousinfo.com.' are matched 

2018-05-28 18:45:17 - [MESSAGE][PASSED] - Actual text 'Please check your email. Your Report has been sent to selvendrank@nousinfo.com.' and expected text 'Please check your email. Your Report has been sent to selvendrank@nousinfo.com.' are matched 

2018-05-28 18:45:17 - [TEST_STEP][PASSED] - Statement - If (confirm): null

2018-05-28 18:45:17 - [TEST_STEP][PASSED] - Statement - out.println("Email Verification received"): null

2018-05-28 18:45:17 - [TEST_STEP][PASSED] - uiaction.CommonUIActions.click: uiaction.CommonUIActions.click is PASSED

2018-05-28 18:45:20 - [MESSAGE][PASSED] - uiaction.CommonUIActions.click is PASSED

2018-05-28 18:45:20 - [TEST_STEP][PASSED] - delay: Delayed 5 second(s)

2018-05-28 18:45:25 - [MESSAGE][PASSED] - Delayed 5 second(s)

2018-05-28 18:45:25 - [TEST_STEP][PASSED] - uiaction.CommonUIActions.click: uiaction.CommonUIActions.click is PASSED

2018-05-28 18:45:37 - [MESSAGE][PASSED] - uiaction.CommonUIActions.click is PASSED

2018-05-28 18:45:37 - [TEST_STEP][PASSED] - uiaction.CommonUIActions.click: uiaction.CommonUIActions.click is PASSED

2018-05-28 18:45:38 - [MESSAGE][PASSED] - uiaction.CommonUIActions.click is PASSED

2018-05-28 18:45:38 - [TEST_STEP][PASSED] - delay: Delayed 10 second(s)

2018-05-28 18:45:48 - [MESSAGE][PASSED] - Delayed 10 second(s)

2018-05-28 18:45:48 - [TEST_STEP][PASSED] - uiaction.CommonUIActions.click: uiaction.CommonUIActions.click is PASSED

2018-05-28 18:45:48 - [MESSAGE][PASSED] - uiaction.CommonUIActions.click is PASSED

2018-05-28 18:45:48 - [TEST_STEP][PASSED] - uiaction.CommonUIActions.click: uiaction.CommonUIActions.click is PASSED

2018-05-28 18:45:48 - [MESSAGE][PASSED] - uiaction.CommonUIActions.click is PASSED

2018-05-28 18:45:48 - [TEST_STEP][PASSED] - uiaction.CommonUIActions.click: uiaction.CommonUIActions.click is PASSED

2018-05-28 18:45:48 - [MESSAGE][PASSED] - uiaction.CommonUIActions.click is PASSED

2018-05-28 18:45:48 - [TEST_STEP][PASSED] - uiaction.CommonUIActions.click: uiaction.CommonUIActions.click is PASSED

2018-05-28 18:45:51 - [MESSAGE][PASSED] - uiaction.CommonUIActions.click is PASSED

2018-05-28 18:45:51 - [TEST_STEP][PASSED] - Statement - assert TCflag == true: null

2018-05-28 18:45:51 - [TEST_STEP][PASSED] - Start listener action : sampleAfterTestCase: Browser is closed

2018-05-28 18:45:51 - [TEST_STEP][PASSED] - Statement - println(testCaseContext.getTestCaseId()): null

2018-05-28 18:45:51 - [TEST_STEP][PASSED] - Statement - println(testCaseContext.getTestCaseStatus()): null

2018-05-28 18:45:51 - [TEST_STEP][PASSED] - closeBrowser: Browser is closed

2018-05-28 18:45:52 - [MESSAGE][PASSED] - Browser is closed]]></system-out>
         <system-err><![CDATA[]]></system-err>
      </testcase>
      <testcase name="Test Cases/SummaryReportsTC/HME-Summary Report-14" classname="Test Cases/SummaryReportsTC/HME-Summary Report-14" status="PASSED">
         <system-out><![CDATA[2018-05-28 18:45:52 - [TEST_CASE][PASSED] - Test Cases/SummaryReportsTC/HME-Summary Report-14: Browser is closed

2018-05-28 18:45:52 - [TEST_STEP][PASSED] - Start listener action : sampleBeforeTestCase: uiaction.CommonUIActions.deleteAllCookies is PASSED

2018-05-28 18:45:52 - [TEST_STEP][PASSED] - openBrowser: Browser is opened with url: ''

2018-05-28 18:45:54 - [MESSAGE][PASSED] - Browser is opened with url: ''

2018-05-28 18:45:54 - [TEST_STEP][PASSED] - maximizeWindow: Current window maximized

2018-05-28 18:45:56 - [MESSAGE][PASSED] - Current window maximized

2018-05-28 18:45:56 - [TEST_STEP][PASSED] - uiaction.CommonUIActions.deleteAllCookies: uiaction.CommonUIActions.deleteAllCookies is PASSED

2018-05-28 18:45:56 - [MESSAGE][PASSED] - Delete all cookies successfully

2018-05-28 18:45:56 - [MESSAGE][PASSED] - uiaction.CommonUIActions.deleteAllCookies is PASSED

2018-05-28 18:45:56 - [TEST_STEP][PASSED] - Statement - TCflag = true: null

2018-05-28 18:45:56 - [TEST_STEP][PASSED] - Statement - Try: uiaction.CommonUIActions.click is PASSED

2018-05-28 18:45:56 - [TEST_STEP][PASSED] - navigateToUrl: Navigate to 'https://hme-dev-public-cloud-app.azurewebsites.net/' successfully

2018-05-28 18:45:59 - [MESSAGE][PASSED] - Navigate to 'https://hme-dev-public-cloud-app.azurewebsites.net/' successfully

2018-05-28 18:45:59 - [TEST_STEP][PASSED] - projectSpecific.Reusability.login: projectSpecific.Reusability.login is PASSED

2018-05-28 18:45:59 - [MESSAGE][PASSED] - projectSpecific.Reusability.getTestData is PASSED

2018-05-28 18:45:59 - [MESSAGE][PASSED] - projectSpecific.Reusability.getTestData is PASSED

2018-05-28 18:45:59 - [MESSAGE][PASSED] - Text 'selvendrank@nousinfo.com' is set on object 'Object Repository/LoginPage/Username'

2018-05-28 18:45:59 - [MESSAGE][PASSED] - Text 'nous;123' is set on object 'Object Repository/LoginPage/Password'

2018-05-28 18:45:59 - [MESSAGE][PASSED] - Object: 'Object Repository/LoginPage/Login' is clicked on

2018-05-28 18:45:59 - [MESSAGE][PASSED] - projectSpecific.Reusability.login is PASSED

2018-05-28 18:45:59 - [TEST_STEP][PASSED] - delay: Delayed 10 second(s)

2018-05-28 18:46:09 - [MESSAGE][PASSED] - Delayed 10 second(s)

2018-05-28 18:46:09 - [TEST_STEP][PASSED] - uiaction.CommonUIActions.click: uiaction.CommonUIActions.click is PASSED

2018-05-28 18:46:50 - [MESSAGE][PASSED] - uiaction.CommonUIActions.click is PASSED

2018-05-28 18:46:50 - [TEST_STEP][PASSED] - uiaction.CommonUIActions.click: uiaction.CommonUIActions.click is PASSED

2018-05-28 18:47:30 - [MESSAGE][PASSED] - uiaction.CommonUIActions.click is PASSED

2018-05-28 18:47:30 - [TEST_STEP][PASSED] - uiaction.CommonUIActions.click: uiaction.CommonUIActions.click is PASSED

2018-05-28 18:47:32 - [MESSAGE][PASSED] - uiaction.CommonUIActions.click is PASSED

2018-05-28 18:47:32 - [TEST_STEP][PASSED] - uiaction.CommonUIActions.click: uiaction.CommonUIActions.click is PASSED

2018-05-28 18:47:32 - [MESSAGE][PASSED] - uiaction.CommonUIActions.click is PASSED

2018-05-28 18:47:32 - [TEST_STEP][PASSED] - uiaction.CommonUIActions.enter: uiaction.CommonUIActions.enter is PASSED

2018-05-28 18:47:32 - [MESSAGE][PASSED] - projectSpecific.Reusability.getTestData is PASSED

2018-05-28 18:47:32 - [MESSAGE][PASSED] - uiaction.CommonUIActions.enter is PASSED

2018-05-28 18:47:32 - [TEST_STEP][PASSED] - uiaction.CommonUIActions.enter: uiaction.CommonUIActions.enter is PASSED

2018-05-28 18:47:32 - [MESSAGE][PASSED] - projectSpecific.Reusability.getTestData is PASSED

2018-05-28 18:47:32 - [MESSAGE][PASSED] - uiaction.CommonUIActions.enter is PASSED

2018-05-28 18:47:32 - [TEST_STEP][PASSED] - delay: Delayed 10 second(s)

2018-05-28 18:47:42 - [MESSAGE][PASSED] - Delayed 10 second(s)

2018-05-28 18:47:42 - [TEST_STEP][PASSED] - Statement - groupmain = CustomKeywords.projectSpecific.Reusability.getTestData("ReportingGroupManagementPage", "Summarygrp"): projectSpecific.Reusability.getTestData is PASSED

2018-05-28 18:47:42 - [MESSAGE][PASSED] - projectSpecific.Reusability.getTestData is PASSED

2018-05-28 18:47:42 - [TEST_STEP][PASSED] - Statement - driver = com.kms.katalon.core.webui.driver.DriverFactory.getWebDriver(): null

2018-05-28 18:47:42 - [TEST_STEP][PASSED] - Statement - grouplist = driver.findElements(org.openqa.selenium.By.xpath("//ul[@class='unlinked-grouplist']/li")): null

2018-05-28 18:47:42 - [TEST_STEP][PASSED] - delay: Delayed 10 second(s)

2018-05-28 18:47:52 - [MESSAGE][PASSED] - Delayed 10 second(s)

2018-05-28 18:47:52 - [TEST_STEP][PASSED] - Statement - For ([i = 0, i < grouplist.size(), (i++)]): null

2018-05-28 18:47:52 - [TEST_STEP][PASSED] - Statement - println(grouplist.get(i).getText()): null

2018-05-28 18:47:52 - [TEST_STEP][PASSED] - Statement - If (grouplist.get(i).getText().contains("0000")): null

2018-05-28 18:47:52 - [TEST_STEP][PASSED] - Statement - println(grouplist.get(i).getText()): null

2018-05-28 18:47:52 - [TEST_STEP][PASSED] - Statement - If (grouplist.get(i).getText().contains("0000")): null

2018-05-28 18:47:52 - [TEST_STEP][PASSED] - Statement - println(grouplist.get(i).getText()): null

2018-05-28 18:47:52 - [TEST_STEP][PASSED] - Statement - If (grouplist.get(i).getText().contains("0000")): null

2018-05-28 18:47:52 - [TEST_STEP][PASSED] - Statement - println(grouplist.get(i).getText()): null

2018-05-28 18:47:52 - [TEST_STEP][PASSED] - Statement - If (grouplist.get(i).getText().contains("0000")): null

2018-05-28 18:47:52 - [TEST_STEP][PASSED] - Statement - println(grouplist.get(i).getText()): null

2018-05-28 18:47:52 - [TEST_STEP][PASSED] - Statement - If (grouplist.get(i).getText().contains("0000")): null

2018-05-28 18:47:52 - [TEST_STEP][PASSED] - Statement - println(grouplist.get(i).getText()): null

2018-05-28 18:47:52 - [TEST_STEP][PASSED] - Statement - If (grouplist.get(i).getText().contains("0000")): null

2018-05-28 18:47:52 - [TEST_STEP][PASSED] - Statement - println(grouplist.get(i).getText()): null

2018-05-28 18:47:52 - [TEST_STEP][PASSED] - Statement - If (grouplist.get(i).getText().contains("0000")): null

2018-05-28 18:47:52 - [TEST_STEP][PASSED] - Statement - println(grouplist.get(i).getText()): null

2018-05-28 18:47:52 - [TEST_STEP][PASSED] - Statement - If (grouplist.get(i).getText().contains("0000")): null

2018-05-28 18:47:52 - [TEST_STEP][PASSED] - Statement - driver.findElement(org.openqa.selenium.By.xpath("(//ul[@class='unlinked-grouplist']/li/label)[" + i + 1 + "]")).click(): null

2018-05-28 18:47:53 - [TEST_STEP][PASSED] - Statement - println(grouplist.get(i).getText()): null

2018-05-28 18:47:53 - [TEST_STEP][PASSED] - Statement - If (grouplist.get(i).getText().contains("0000")): null

2018-05-28 18:47:53 - [TEST_STEP][PASSED] - Statement - driver.findElement(org.openqa.selenium.By.xpath("(//ul[@class='unlinked-grouplist']/li/label)[" + i + 1 + "]")).click(): null

2018-05-28 18:47:53 - [TEST_STEP][PASSED] - Statement - println(grouplist.get(i).getText()): null

2018-05-28 18:47:53 - [TEST_STEP][PASSED] - Statement - If (grouplist.get(i).getText().contains("0000")): null

2018-05-28 18:47:53 - [TEST_STEP][PASSED] - Statement - driver.findElement(org.openqa.selenium.By.xpath("(//ul[@class='unlinked-grouplist']/li/label)[" + i + 1 + "]")).click(): null

2018-05-28 18:47:53 - [TEST_STEP][PASSED] - Statement - println(grouplist.get(i).getText()): null

2018-05-28 18:47:53 - [TEST_STEP][PASSED] - Statement - If (grouplist.get(i).getText().contains("0000")): null

2018-05-28 18:47:53 - [TEST_STEP][PASSED] - Statement - driver.findElement(org.openqa.selenium.By.xpath("(//ul[@class='unlinked-grouplist']/li/label)[" + i + 1 + "]")).click(): null

2018-05-28 18:47:53 - [TEST_STEP][PASSED] - Statement - println(grouplist.get(i).getText()): null

2018-05-28 18:47:53 - [TEST_STEP][PASSED] - Statement - If (grouplist.get(i).getText().contains("0000")): null

2018-05-28 18:47:53 - [TEST_STEP][PASSED] - Statement - driver.findElement(org.openqa.selenium.By.xpath("(//ul[@class='unlinked-grouplist']/li/label)[" + i + 1 + "]")).click(): null

2018-05-28 18:47:53 - [TEST_STEP][PASSED] - Statement - println(grouplist.get(i).getText()): null

2018-05-28 18:47:53 - [TEST_STEP][PASSED] - Statement - If (grouplist.get(i).getText().contains("0000")): null

2018-05-28 18:47:53 - [TEST_STEP][PASSED] - Statement - driver.findElement(org.openqa.selenium.By.xpath("(//ul[@class='unlinked-grouplist']/li/label)[" + i + 1 + "]")).click(): null

2018-05-28 18:47:53 - [TEST_STEP][PASSED] - Statement - println(grouplist.get(i).getText()): null

2018-05-28 18:47:53 - [TEST_STEP][PASSED] - Statement - If (grouplist.get(i).getText().contains("0000")): null

2018-05-28 18:47:53 - [TEST_STEP][PASSED] - Statement - driver.findElement(org.openqa.selenium.By.xpath("(//ul[@class='unlinked-grouplist']/li/label)[" + i + 1 + "]")).click(): null

2018-05-28 18:47:53 - [TEST_STEP][PASSED] - Statement - println(grouplist.get(i).getText()): null

2018-05-28 18:47:53 - [TEST_STEP][PASSED] - Statement - If (grouplist.get(i).getText().contains("0000")): null

2018-05-28 18:47:53 - [TEST_STEP][PASSED] - Statement - driver.findElement(org.openqa.selenium.By.xpath("(//ul[@class='unlinked-grouplist']/li/label)[" + i + 1 + "]")).click(): null

2018-05-28 18:47:53 - [TEST_STEP][PASSED] - Statement - println(grouplist.get(i).getText()): null

2018-05-28 18:47:53 - [TEST_STEP][PASSED] - Statement - If (grouplist.get(i).getText().contains("0000")): null

2018-05-28 18:47:53 - [TEST_STEP][PASSED] - Statement - driver.findElement(org.openqa.selenium.By.xpath("(//ul[@class='unlinked-grouplist']/li/label)[" + i + 1 + "]")).click(): null

2018-05-28 18:47:53 - [TEST_STEP][PASSED] - Statement - println(grouplist.get(i).getText()): null

2018-05-28 18:47:53 - [TEST_STEP][PASSED] - Statement - If (grouplist.get(i).getText().contains("0000")): null

2018-05-28 18:47:53 - [TEST_STEP][PASSED] - Statement - driver.findElement(org.openqa.selenium.By.xpath("(//ul[@class='unlinked-grouplist']/li/label)[" + i + 1 + "]")).click(): null

2018-05-28 18:47:53 - [TEST_STEP][PASSED] - Statement - println(grouplist.get(i).getText()): null

2018-05-28 18:47:53 - [TEST_STEP][PASSED] - Statement - If (grouplist.get(i).getText().contains("0000")): null

2018-05-28 18:47:53 - [TEST_STEP][PASSED] - Statement - driver.findElement(org.openqa.selenium.By.xpath("(//ul[@class='unlinked-grouplist']/li/label)[" + i + 1 + "]")).click(): null

2018-05-28 18:47:53 - [TEST_STEP][PASSED] - Statement - println(grouplist.get(i).getText()): null

2018-05-28 18:47:53 - [TEST_STEP][PASSED] - Statement - If (grouplist.get(i).getText().contains("0000")): null

2018-05-28 18:47:54 - [TEST_STEP][PASSED] - Statement - driver.findElement(org.openqa.selenium.By.xpath("(//ul[@class='unlinked-grouplist']/li/label)[" + i + 1 + "]")).click(): null

2018-05-28 18:47:54 - [TEST_STEP][PASSED] - Statement - println(grouplist.get(i).getText()): null

2018-05-28 18:47:54 - [TEST_STEP][PASSED] - Statement - If (grouplist.get(i).getText().contains("0000")): null

2018-05-28 18:47:54 - [TEST_STEP][PASSED] - Statement - driver.findElement(org.openqa.selenium.By.xpath("(//ul[@class='unlinked-grouplist']/li/label)[" + i + 1 + "]")).click(): null

2018-05-28 18:47:54 - [TEST_STEP][PASSED] - Statement - println(grouplist.get(i).getText()): null

2018-05-28 18:47:54 - [TEST_STEP][PASSED] - Statement - If (grouplist.get(i).getText().contains("0000")): null

2018-05-28 18:47:54 - [TEST_STEP][PASSED] - Statement - driver.findElement(org.openqa.selenium.By.xpath("(//ul[@class='unlinked-grouplist']/li/label)[" + i + 1 + "]")).click(): null

2018-05-28 18:47:54 - [TEST_STEP][PASSED] - Statement - println(grouplist.get(i).getText()): null

2018-05-28 18:47:54 - [TEST_STEP][PASSED] - Statement - If (grouplist.get(i).getText().contains("0000")): null

2018-05-28 18:47:54 - [TEST_STEP][PASSED] - Statement - driver.findElement(org.openqa.selenium.By.xpath("(//ul[@class='unlinked-grouplist']/li/label)[" + i + 1 + "]")).click(): null

2018-05-28 18:47:54 - [TEST_STEP][PASSED] - Statement - println(grouplist.get(i).getText()): null

2018-05-28 18:47:54 - [TEST_STEP][PASSED] - Statement - If (grouplist.get(i).getText().contains("0000")): null

2018-05-28 18:47:54 - [TEST_STEP][PASSED] - Statement - driver.findElement(org.openqa.selenium.By.xpath("(//ul[@class='unlinked-grouplist']/li/label)[" + i + 1 + "]")).click(): null

2018-05-28 18:47:54 - [TEST_STEP][PASSED] - Statement - println(grouplist.get(i).getText()): null

2018-05-28 18:47:54 - [TEST_STEP][PASSED] - Statement - If (grouplist.get(i).getText().contains("0000")): null

2018-05-28 18:47:54 - [TEST_STEP][PASSED] - Statement - driver.findElement(org.openqa.selenium.By.xpath("(//ul[@class='unlinked-grouplist']/li/label)[" + i + 1 + "]")).click(): null

2018-05-28 18:47:54 - [TEST_STEP][PASSED] - Statement - println(grouplist.get(i).getText()): null

2018-05-28 18:47:54 - [TEST_STEP][PASSED] - Statement - If (grouplist.get(i).getText().contains("0000")): null

2018-05-28 18:47:54 - [TEST_STEP][PASSED] - Statement - driver.findElement(org.openqa.selenium.By.xpath("(//ul[@class='unlinked-grouplist']/li/label)[" + i + 1 + "]")).click(): null

2018-05-28 18:47:54 - [TEST_STEP][PASSED] - Statement - println(grouplist.get(i).getText()): null

2018-05-28 18:47:54 - [TEST_STEP][PASSED] - Statement - If (grouplist.get(i).getText().contains("0000")): null

2018-05-28 18:47:54 - [TEST_STEP][PASSED] - Statement - driver.findElement(org.openqa.selenium.By.xpath("(//ul[@class='unlinked-grouplist']/li/label)[" + i + 1 + "]")).click(): null

2018-05-28 18:47:54 - [TEST_STEP][PASSED] - Statement - println(grouplist.get(i).getText()): null

2018-05-28 18:47:54 - [TEST_STEP][PASSED] - Statement - If (grouplist.get(i).getText().contains("0000")): null

2018-05-28 18:47:54 - [TEST_STEP][PASSED] - Statement - driver.findElement(org.openqa.selenium.By.xpath("(//ul[@class='unlinked-grouplist']/li/label)[" + i + 1 + "]")).click(): null

2018-05-28 18:47:54 - [TEST_STEP][PASSED] - Statement - println(grouplist.get(i).getText()): null

2018-05-28 18:47:54 - [TEST_STEP][PASSED] - Statement - If (grouplist.get(i).getText().contains("0000")): null

2018-05-28 18:47:54 - [TEST_STEP][PASSED] - Statement - driver.findElement(org.openqa.selenium.By.xpath("(//ul[@class='unlinked-grouplist']/li/label)[" + i + 1 + "]")).click(): null

2018-05-28 18:47:54 - [TEST_STEP][PASSED] - Statement - println(grouplist.get(i).getText()): null

2018-05-28 18:47:54 - [TEST_STEP][PASSED] - Statement - If (grouplist.get(i).getText().contains("0000")): null

2018-05-28 18:47:54 - [TEST_STEP][PASSED] - Statement - driver.findElement(org.openqa.selenium.By.xpath("(//ul[@class='unlinked-grouplist']/li/label)[" + i + 1 + "]")).click(): null

2018-05-28 18:47:54 - [TEST_STEP][PASSED] - Statement - println(grouplist.get(i).getText()): null

2018-05-28 18:47:54 - [TEST_STEP][PASSED] - Statement - If (grouplist.get(i).getText().contains("0000")): null

2018-05-28 18:47:54 - [TEST_STEP][PASSED] - Statement - driver.findElement(org.openqa.selenium.By.xpath("(//ul[@class='unlinked-grouplist']/li/label)[" + i + 1 + "]")).click(): null

2018-05-28 18:47:55 - [TEST_STEP][PASSED] - Statement - println(grouplist.get(i).getText()): null

2018-05-28 18:47:55 - [TEST_STEP][PASSED] - Statement - If (grouplist.get(i).getText().contains("0000")): null

2018-05-28 18:47:55 - [TEST_STEP][PASSED] - Statement - driver.findElement(org.openqa.selenium.By.xpath("(//ul[@class='unlinked-grouplist']/li/label)[" + i + 1 + "]")).click(): null

2018-05-28 18:47:55 - [TEST_STEP][PASSED] - Statement - println(grouplist.get(i).getText()): null

2018-05-28 18:47:55 - [TEST_STEP][PASSED] - Statement - If (grouplist.get(i).getText().contains("0000")): null

2018-05-28 18:47:55 - [TEST_STEP][PASSED] - Statement - driver.findElement(org.openqa.selenium.By.xpath("(//ul[@class='unlinked-grouplist']/li/label)[" + i + 1 + "]")).click(): null

2018-05-28 18:47:55 - [TEST_STEP][PASSED] - Statement - println(grouplist.get(i).getText()): null

2018-05-28 18:47:55 - [TEST_STEP][PASSED] - Statement - If (grouplist.get(i).getText().contains("0000")): null

2018-05-28 18:47:55 - [TEST_STEP][PASSED] - Statement - driver.findElement(org.openqa.selenium.By.xpath("(//ul[@class='unlinked-grouplist']/li/label)[" + i + 1 + "]")).click(): null

2018-05-28 18:47:55 - [TEST_STEP][PASSED] - Statement - println(grouplist.get(i).getText()): null

2018-05-28 18:47:55 - [TEST_STEP][PASSED] - Statement - If (grouplist.get(i).getText().contains("0000")): null

2018-05-28 18:47:55 - [TEST_STEP][PASSED] - Statement - driver.findElement(org.openqa.selenium.By.xpath("(//ul[@class='unlinked-grouplist']/li/label)[" + i + 1 + "]")).click(): null

2018-05-28 18:47:55 - [TEST_STEP][PASSED] - Statement - println(grouplist.get(i).getText()): null

2018-05-28 18:47:55 - [TEST_STEP][PASSED] - Statement - If (grouplist.get(i).getText().contains("0000")): null

2018-05-28 18:47:55 - [TEST_STEP][PASSED] - Statement - driver.findElement(org.openqa.selenium.By.xpath("(//ul[@class='unlinked-grouplist']/li/label)[" + i + 1 + "]")).click(): null

2018-05-28 18:47:55 - [TEST_STEP][PASSED] - Statement - println(grouplist.get(i).getText()): null

2018-05-28 18:47:55 - [TEST_STEP][PASSED] - Statement - If (grouplist.get(i).getText().contains("0000")): null

2018-05-28 18:47:55 - [TEST_STEP][PASSED] - Statement - driver.findElement(org.openqa.selenium.By.xpath("(//ul[@class='unlinked-grouplist']/li/label)[" + i + 1 + "]")).click(): null

2018-05-28 18:47:55 - [TEST_STEP][PASSED] - Statement - println(grouplist.get(i).getText()): null

2018-05-28 18:47:55 - [TEST_STEP][PASSED] - Statement - If (grouplist.get(i).getText().contains("0000")): null

2018-05-28 18:47:55 - [TEST_STEP][PASSED] - Statement - driver.findElement(org.openqa.selenium.By.xpath("(//ul[@class='unlinked-grouplist']/li/label)[" + i + 1 + "]")).click(): null

2018-05-28 18:47:55 - [TEST_STEP][PASSED] - Statement - println(grouplist.get(i).getText()): null

2018-05-28 18:47:55 - [TEST_STEP][PASSED] - Statement - If (grouplist.get(i).getText().contains("0000")): null

2018-05-28 18:47:55 - [TEST_STEP][PASSED] - Statement - driver.findElement(org.openqa.selenium.By.xpath("(//ul[@class='unlinked-grouplist']/li/label)[" + i + 1 + "]")).click(): null

2018-05-28 18:47:55 - [TEST_STEP][PASSED] - Statement - println(grouplist.get(i).getText()): null

2018-05-28 18:47:55 - [TEST_STEP][PASSED] - Statement - If (grouplist.get(i).getText().contains("0000")): null

2018-05-28 18:47:55 - [TEST_STEP][PASSED] - Statement - driver.findElement(org.openqa.selenium.By.xpath("(//ul[@class='unlinked-grouplist']/li/label)[" + i + 1 + "]")).click(): null

2018-05-28 18:47:55 - [TEST_STEP][PASSED] - Statement - println(grouplist.get(i).getText()): null

2018-05-28 18:47:55 - [TEST_STEP][PASSED] - Statement - If (grouplist.get(i).getText().contains("0000")): null

2018-05-28 18:47:55 - [TEST_STEP][PASSED] - Statement - driver.findElement(org.openqa.selenium.By.xpath("(//ul[@class='unlinked-grouplist']/li/label)[" + i + 1 + "]")).click(): null

2018-05-28 18:47:55 - [TEST_STEP][PASSED] - Statement - println(grouplist.get(i).getText()): null

2018-05-28 18:47:55 - [TEST_STEP][PASSED] - Statement - If (grouplist.get(i).getText().contains("0000")): null

2018-05-28 18:47:55 - [TEST_STEP][PASSED] - Statement - driver.findElement(org.openqa.selenium.By.xpath("(//ul[@class='unlinked-grouplist']/li/label)[" + i + 1 + "]")).click(): null

2018-05-28 18:47:55 - [TEST_STEP][PASSED] - Statement - println(grouplist.get(i).getText()): null

2018-05-28 18:47:55 - [TEST_STEP][PASSED] - Statement - If (grouplist.get(i).getText().contains("0000")): null

2018-05-28 18:47:55 - [TEST_STEP][PASSED] - Statement - driver.findElement(org.openqa.selenium.By.xpath("(//ul[@class='unlinked-grouplist']/li/label)[" + i + 1 + "]")).click(): null

2018-05-28 18:47:56 - [TEST_STEP][PASSED] - Statement - println(grouplist.get(i).getText()): null

2018-05-28 18:47:56 - [TEST_STEP][PASSED] - Statement - If (grouplist.get(i).getText().contains("0000")): null

2018-05-28 18:47:56 - [TEST_STEP][PASSED] - Statement - driver.findElement(org.openqa.selenium.By.xpath("(//ul[@class='unlinked-grouplist']/li/label)[" + i + 1 + "]")).click(): null

2018-05-28 18:47:56 - [TEST_STEP][PASSED] - Statement - println(grouplist.get(i).getText()): null

2018-05-28 18:47:56 - [TEST_STEP][PASSED] - Statement - If (grouplist.get(i).getText().contains("0000")): null

2018-05-28 18:47:56 - [TEST_STEP][PASSED] - Statement - driver.findElement(org.openqa.selenium.By.xpath("(//ul[@class='unlinked-grouplist']/li/label)[" + i + 1 + "]")).click(): null

2018-05-28 18:47:56 - [TEST_STEP][PASSED] - Statement - println(grouplist.get(i).getText()): null

2018-05-28 18:47:56 - [TEST_STEP][PASSED] - Statement - If (grouplist.get(i).getText().contains("0000")): null

2018-05-28 18:47:56 - [TEST_STEP][PASSED] - Statement - driver.findElement(org.openqa.selenium.By.xpath("(//ul[@class='unlinked-grouplist']/li/label)[" + i + 1 + "]")).click(): null

2018-05-28 18:47:56 - [TEST_STEP][PASSED] - Statement - println(grouplist.get(i).getText()): null

2018-05-28 18:47:56 - [TEST_STEP][PASSED] - Statement - If (grouplist.get(i).getText().contains("0000")): null

2018-05-28 18:47:56 - [TEST_STEP][PASSED] - Statement - driver.findElement(org.openqa.selenium.By.xpath("(//ul[@class='unlinked-grouplist']/li/label)[" + i + 1 + "]")).click(): null

2018-05-28 18:47:56 - [TEST_STEP][PASSED] - Statement - println(grouplist.get(i).getText()): null

2018-05-28 18:47:56 - [TEST_STEP][PASSED] - Statement - If (grouplist.get(i).getText().contains("0000")): null

2018-05-28 18:47:56 - [TEST_STEP][PASSED] - Statement - driver.findElement(org.openqa.selenium.By.xpath("(//ul[@class='unlinked-grouplist']/li/label)[" + i + 1 + "]")).click(): null

2018-05-28 18:47:56 - [TEST_STEP][PASSED] - Statement - println(grouplist.get(i).getText()): null

2018-05-28 18:47:56 - [TEST_STEP][PASSED] - Statement - If (grouplist.get(i).getText().contains("0000")): null

2018-05-28 18:47:56 - [TEST_STEP][PASSED] - Statement - driver.findElement(org.openqa.selenium.By.xpath("(//ul[@class='unlinked-grouplist']/li/label)[" + i + 1 + "]")).click(): null

2018-05-28 18:47:56 - [TEST_STEP][PASSED] - Statement - println(grouplist.get(i).getText()): null

2018-05-28 18:47:56 - [TEST_STEP][PASSED] - Statement - If (grouplist.get(i).getText().contains("0000")): null

2018-05-28 18:47:56 - [TEST_STEP][PASSED] - Statement - driver.findElement(org.openqa.selenium.By.xpath("(//ul[@class='unlinked-grouplist']/li/label)[" + i + 1 + "]")).click(): null

2018-05-28 18:47:56 - [TEST_STEP][PASSED] - Statement - println(grouplist.get(i).getText()): null

2018-05-28 18:47:56 - [TEST_STEP][PASSED] - Statement - If (grouplist.get(i).getText().contains("0000")): null

2018-05-28 18:47:56 - [TEST_STEP][PASSED] - Statement - driver.findElement(org.openqa.selenium.By.xpath("(//ul[@class='unlinked-grouplist']/li/label)[" + i + 1 + "]")).click(): null

2018-05-28 18:47:56 - [TEST_STEP][PASSED] - Statement - println(grouplist.get(i).getText()): null

2018-05-28 18:47:56 - [TEST_STEP][PASSED] - Statement - If (grouplist.get(i).getText().contains("0000")): null

2018-05-28 18:47:56 - [TEST_STEP][PASSED] - Statement - driver.findElement(org.openqa.selenium.By.xpath("(//ul[@class='unlinked-grouplist']/li/label)[" + i + 1 + "]")).click(): null

2018-05-28 18:47:56 - [TEST_STEP][PASSED] - Statement - println(grouplist.get(i).getText()): null

2018-05-28 18:47:56 - [TEST_STEP][PASSED] - Statement - If (grouplist.get(i).getText().contains("0000")): null

2018-05-28 18:47:56 - [TEST_STEP][PASSED] - Statement - driver.findElement(org.openqa.selenium.By.xpath("(//ul[@class='unlinked-grouplist']/li/label)[" + i + 1 + "]")).click(): null

2018-05-28 18:47:56 - [TEST_STEP][PASSED] - Statement - println(grouplist.get(i).getText()): null

2018-05-28 18:47:56 - [TEST_STEP][PASSED] - Statement - If (grouplist.get(i).getText().contains("0000")): null

2018-05-28 18:47:56 - [TEST_STEP][PASSED] - Statement - driver.findElement(org.openqa.selenium.By.xpath("(//ul[@class='unlinked-grouplist']/li/label)[" + i + 1 + "]")).click(): null

2018-05-28 18:47:56 - [TEST_STEP][PASSED] - Statement - println(grouplist.get(i).getText()): null

2018-05-28 18:47:56 - [TEST_STEP][PASSED] - Statement - If (grouplist.get(i).getText().contains("0000")): null

2018-05-28 18:47:56 - [TEST_STEP][PASSED] - Statement - driver.findElement(org.openqa.selenium.By.xpath("(//ul[@class='unlinked-grouplist']/li/label)[" + i + 1 + "]")).click(): null

2018-05-28 18:47:57 - [TEST_STEP][PASSED] - Statement - println(grouplist.get(i).getText()): null

2018-05-28 18:47:57 - [TEST_STEP][PASSED] - Statement - If (grouplist.get(i).getText().contains("0000")): null

2018-05-28 18:47:57 - [TEST_STEP][PASSED] - Statement - driver.findElement(org.openqa.selenium.By.xpath("(//ul[@class='unlinked-grouplist']/li/label)[" + i + 1 + "]")).click(): null

2018-05-28 18:47:57 - [TEST_STEP][PASSED] - Statement - println(grouplist.get(i).getText()): null

2018-05-28 18:47:57 - [TEST_STEP][PASSED] - Statement - If (grouplist.get(i).getText().contains("0000")): null

2018-05-28 18:47:57 - [TEST_STEP][PASSED] - Statement - driver.findElement(org.openqa.selenium.By.xpath("(//ul[@class='unlinked-grouplist']/li/label)[" + i + 1 + "]")).click(): null

2018-05-28 18:47:57 - [TEST_STEP][PASSED] - Statement - println(grouplist.get(i).getText()): null

2018-05-28 18:47:57 - [TEST_STEP][PASSED] - Statement - If (grouplist.get(i).getText().contains("0000")): null

2018-05-28 18:47:57 - [TEST_STEP][PASSED] - Statement - driver.findElement(org.openqa.selenium.By.xpath("(//ul[@class='unlinked-grouplist']/li/label)[" + i + 1 + "]")).click(): null

2018-05-28 18:47:57 - [TEST_STEP][PASSED] - Statement - println(grouplist.get(i).getText()): null

2018-05-28 18:47:57 - [TEST_STEP][PASSED] - Statement - If (grouplist.get(i).getText().contains("0000")): null

2018-05-28 18:47:57 - [TEST_STEP][PASSED] - Statement - driver.findElement(org.openqa.selenium.By.xpath("(//ul[@class='unlinked-grouplist']/li/label)[" + i + 1 + "]")).click(): null

2018-05-28 18:47:57 - [TEST_STEP][PASSED] - Statement - println(grouplist.get(i).getText()): null

2018-05-28 18:47:57 - [TEST_STEP][PASSED] - Statement - If (grouplist.get(i).getText().contains("0000")): null

2018-05-28 18:47:57 - [TEST_STEP][PASSED] - Statement - driver.findElement(org.openqa.selenium.By.xpath("(//ul[@class='unlinked-grouplist']/li/label)[" + i + 1 + "]")).click(): null

2018-05-28 18:47:57 - [TEST_STEP][PASSED] - Statement - println(grouplist.get(i).getText()): null

2018-05-28 18:47:57 - [TEST_STEP][PASSED] - Statement - If (grouplist.get(i).getText().contains("0000")): null

2018-05-28 18:47:57 - [TEST_STEP][PASSED] - Statement - driver.findElement(org.openqa.selenium.By.xpath("(//ul[@class='unlinked-grouplist']/li/label)[" + i + 1 + "]")).click(): null

2018-05-28 18:47:57 - [TEST_STEP][PASSED] - Statement - println(grouplist.get(i).getText()): null

2018-05-28 18:47:57 - [TEST_STEP][PASSED] - Statement - If (grouplist.get(i).getText().contains("0000")): null

2018-05-28 18:47:57 - [TEST_STEP][PASSED] - Statement - driver.findElement(org.openqa.selenium.By.xpath("(//ul[@class='unlinked-grouplist']/li/label)[" + i + 1 + "]")).click(): null

2018-05-28 18:47:57 - [TEST_STEP][PASSED] - Statement - println(grouplist.get(i).getText()): null

2018-05-28 18:47:57 - [TEST_STEP][PASSED] - Statement - If (grouplist.get(i).getText().contains("0000")): null

2018-05-28 18:47:57 - [TEST_STEP][PASSED] - Statement - driver.findElement(org.openqa.selenium.By.xpath("(//ul[@class='unlinked-grouplist']/li/label)[" + i + 1 + "]")).click(): null

2018-05-28 18:47:57 - [TEST_STEP][PASSED] - Statement - println(grouplist.get(i).getText()): null

2018-05-28 18:47:57 - [TEST_STEP][PASSED] - Statement - If (grouplist.get(i).getText().contains("0000")): null

2018-05-28 18:47:57 - [TEST_STEP][PASSED] - Statement - driver.findElement(org.openqa.selenium.By.xpath("(//ul[@class='unlinked-grouplist']/li/label)[" + i + 1 + "]")).click(): null

2018-05-28 18:47:57 - [TEST_STEP][PASSED] - Statement - println(grouplist.get(i).getText()): null

2018-05-28 18:47:57 - [TEST_STEP][PASSED] - Statement - If (grouplist.get(i).getText().contains("0000")): null

2018-05-28 18:47:57 - [TEST_STEP][PASSED] - Statement - driver.findElement(org.openqa.selenium.By.xpath("(//ul[@class='unlinked-grouplist']/li/label)[" + i + 1 + "]")).click(): null

2018-05-28 18:47:57 - [TEST_STEP][PASSED] - Statement - println(grouplist.get(i).getText()): null

2018-05-28 18:47:57 - [TEST_STEP][PASSED] - Statement - If (grouplist.get(i).getText().contains("0000")): null

2018-05-28 18:47:57 - [TEST_STEP][PASSED] - Statement - driver.findElement(org.openqa.selenium.By.xpath("(//ul[@class='unlinked-grouplist']/li/label)[" + i + 1 + "]")).click(): null

2018-05-28 18:47:57 - [TEST_STEP][PASSED] - Statement - println(grouplist.get(i).getText()): null

2018-05-28 18:47:57 - [TEST_STEP][PASSED] - Statement - If (grouplist.get(i).getText().contains("0000")): null

2018-05-28 18:47:57 - [TEST_STEP][PASSED] - Statement - driver.findElement(org.openqa.selenium.By.xpath("(//ul[@class='unlinked-grouplist']/li/label)[" + i + 1 + "]")).click(): null

2018-05-28 18:47:58 - [TEST_STEP][PASSED] - Statement - println(grouplist.get(i).getText()): null

2018-05-28 18:47:58 - [TEST_STEP][PASSED] - Statement - If (grouplist.get(i).getText().contains("0000")): null

2018-05-28 18:47:58 - [TEST_STEP][PASSED] - Statement - driver.findElement(org.openqa.selenium.By.xpath("(//ul[@class='unlinked-grouplist']/li/label)[" + i + 1 + "]")).click(): null

2018-05-28 18:47:58 - [TEST_STEP][PASSED] - Statement - println(grouplist.get(i).getText()): null

2018-05-28 18:47:58 - [TEST_STEP][PASSED] - Statement - If (grouplist.get(i).getText().contains("0000")): null

2018-05-28 18:47:58 - [TEST_STEP][PASSED] - Statement - driver.findElement(org.openqa.selenium.By.xpath("(//ul[@class='unlinked-grouplist']/li/label)[" + i + 1 + "]")).click(): null

2018-05-28 18:47:58 - [TEST_STEP][PASSED] - Statement - println(grouplist.get(i).getText()): null

2018-05-28 18:47:58 - [TEST_STEP][PASSED] - Statement - If (grouplist.get(i).getText().contains("0000")): null

2018-05-28 18:47:58 - [TEST_STEP][PASSED] - Statement - driver.findElement(org.openqa.selenium.By.xpath("(//ul[@class='unlinked-grouplist']/li/label)[" + i + 1 + "]")).click(): null

2018-05-28 18:47:58 - [TEST_STEP][PASSED] - Statement - println(grouplist.get(i).getText()): null

2018-05-28 18:47:58 - [TEST_STEP][PASSED] - Statement - If (grouplist.get(i).getText().contains("0000")): null

2018-05-28 18:47:58 - [TEST_STEP][PASSED] - Statement - driver.findElement(org.openqa.selenium.By.xpath("(//ul[@class='unlinked-grouplist']/li/label)[" + i + 1 + "]")).click(): null

2018-05-28 18:47:58 - [TEST_STEP][PASSED] - Statement - println(grouplist.get(i).getText()): null

2018-05-28 18:47:58 - [TEST_STEP][PASSED] - Statement - If (grouplist.get(i).getText().contains("0000")): null

2018-05-28 18:47:58 - [TEST_STEP][PASSED] - Statement - driver.findElement(org.openqa.selenium.By.xpath("(//ul[@class='unlinked-grouplist']/li/label)[" + i + 1 + "]")).click(): null

2018-05-28 18:47:58 - [TEST_STEP][PASSED] - Statement - println(grouplist.get(i).getText()): null

2018-05-28 18:47:58 - [TEST_STEP][PASSED] - Statement - If (grouplist.get(i).getText().contains("0000")): null

2018-05-28 18:47:58 - [TEST_STEP][PASSED] - Statement - driver.findElement(org.openqa.selenium.By.xpath("(//ul[@class='unlinked-grouplist']/li/label)[" + i + 1 + "]")).click(): null

2018-05-28 18:47:58 - [TEST_STEP][PASSED] - Statement - println(grouplist.get(i).getText()): null

2018-05-28 18:47:58 - [TEST_STEP][PASSED] - Statement - If (grouplist.get(i).getText().contains("0000")): null

2018-05-28 18:47:58 - [TEST_STEP][PASSED] - Statement - driver.findElement(org.openqa.selenium.By.xpath("(//ul[@class='unlinked-grouplist']/li/label)[" + i + 1 + "]")).click(): null

2018-05-28 18:47:58 - [TEST_STEP][PASSED] - Statement - println(grouplist.get(i).getText()): null

2018-05-28 18:47:58 - [TEST_STEP][PASSED] - Statement - If (grouplist.get(i).getText().contains("0000")): null

2018-05-28 18:47:58 - [TEST_STEP][PASSED] - Statement - driver.findElement(org.openqa.selenium.By.xpath("(//ul[@class='unlinked-grouplist']/li/label)[" + i + 1 + "]")).click(): null

2018-05-28 18:47:58 - [TEST_STEP][PASSED] - Statement - println(grouplist.get(i).getText()): null

2018-05-28 18:47:58 - [TEST_STEP][PASSED] - Statement - If (grouplist.get(i).getText().contains("0000")): null

2018-05-28 18:47:58 - [TEST_STEP][PASSED] - Statement - driver.findElement(org.openqa.selenium.By.xpath("(//ul[@class='unlinked-grouplist']/li/label)[" + i + 1 + "]")).click(): null

2018-05-28 18:47:58 - [TEST_STEP][PASSED] - Statement - println(grouplist.get(i).getText()): null

2018-05-28 18:47:58 - [TEST_STEP][PASSED] - Statement - If (grouplist.get(i).getText().contains("0000")): null

2018-05-28 18:47:58 - [TEST_STEP][PASSED] - Statement - driver.findElement(org.openqa.selenium.By.xpath("(//ul[@class='unlinked-grouplist']/li/label)[" + i + 1 + "]")).click(): null

2018-05-28 18:47:58 - [TEST_STEP][PASSED] - Statement - println(grouplist.get(i).getText()): null

2018-05-28 18:47:58 - [TEST_STEP][PASSED] - Statement - If (grouplist.get(i).getText().contains("0000")): null

2018-05-28 18:47:58 - [TEST_STEP][PASSED] - Statement - driver.findElement(org.openqa.selenium.By.xpath("(//ul[@class='unlinked-grouplist']/li/label)[" + i + 1 + "]")).click(): null

2018-05-28 18:47:58 - [TEST_STEP][PASSED] - Statement - println(grouplist.get(i).getText()): null

2018-05-28 18:47:58 - [TEST_STEP][PASSED] - Statement - If (grouplist.get(i).getText().contains("0000")): null

2018-05-28 18:47:58 - [TEST_STEP][PASSED] - Statement - driver.findElement(org.openqa.selenium.By.xpath("(//ul[@class='unlinked-grouplist']/li/label)[" + i + 1 + "]")).click(): null

2018-05-28 18:47:59 - [TEST_STEP][PASSED] - Statement - println(grouplist.get(i).getText()): null

2018-05-28 18:47:59 - [TEST_STEP][PASSED] - Statement - If (grouplist.get(i).getText().contains("0000")): null

2018-05-28 18:47:59 - [TEST_STEP][PASSED] - Statement - driver.findElement(org.openqa.selenium.By.xpath("(//ul[@class='unlinked-grouplist']/li/label)[" + i + 1 + "]")).click(): null

2018-05-28 18:47:59 - [TEST_STEP][PASSED] - Statement - println(grouplist.get(i).getText()): null

2018-05-28 18:47:59 - [TEST_STEP][PASSED] - Statement - If (grouplist.get(i).getText().contains("0000")): null

2018-05-28 18:47:59 - [TEST_STEP][PASSED] - Statement - driver.findElement(org.openqa.selenium.By.xpath("(//ul[@class='unlinked-grouplist']/li/label)[" + i + 1 + "]")).click(): null

2018-05-28 18:47:59 - [TEST_STEP][PASSED] - Statement - println(grouplist.get(i).getText()): null

2018-05-28 18:47:59 - [TEST_STEP][PASSED] - Statement - If (grouplist.get(i).getText().contains("0000")): null

2018-05-28 18:47:59 - [TEST_STEP][PASSED] - Statement - driver.findElement(org.openqa.selenium.By.xpath("(//ul[@class='unlinked-grouplist']/li/label)[" + i + 1 + "]")).click(): null

2018-05-28 18:47:59 - [TEST_STEP][PASSED] - Statement - println(grouplist.get(i).getText()): null

2018-05-28 18:47:59 - [TEST_STEP][PASSED] - Statement - If (grouplist.get(i).getText().contains("0000")): null

2018-05-28 18:47:59 - [TEST_STEP][PASSED] - Statement - driver.findElement(org.openqa.selenium.By.xpath("(//ul[@class='unlinked-grouplist']/li/label)[" + i + 1 + "]")).click(): null

2018-05-28 18:47:59 - [TEST_STEP][PASSED] - Statement - println(grouplist.get(i).getText()): null

2018-05-28 18:47:59 - [TEST_STEP][PASSED] - Statement - If (grouplist.get(i).getText().contains("0000")): null

2018-05-28 18:47:59 - [TEST_STEP][PASSED] - Statement - driver.findElement(org.openqa.selenium.By.xpath("(//ul[@class='unlinked-grouplist']/li/label)[" + i + 1 + "]")).click(): null

2018-05-28 18:47:59 - [TEST_STEP][PASSED] - Statement - println(grouplist.get(i).getText()): null

2018-05-28 18:47:59 - [TEST_STEP][PASSED] - Statement - If (grouplist.get(i).getText().contains("0000")): null

2018-05-28 18:47:59 - [TEST_STEP][PASSED] - Statement - driver.findElement(org.openqa.selenium.By.xpath("(//ul[@class='unlinked-grouplist']/li/label)[" + i + 1 + "]")).click(): null

2018-05-28 18:47:59 - [TEST_STEP][PASSED] - Statement - println(grouplist.get(i).getText()): null

2018-05-28 18:47:59 - [TEST_STEP][PASSED] - Statement - If (grouplist.get(i).getText().contains("0000")): null

2018-05-28 18:47:59 - [TEST_STEP][PASSED] - Statement - driver.findElement(org.openqa.selenium.By.xpath("(//ul[@class='unlinked-grouplist']/li/label)[" + i + 1 + "]")).click(): null

2018-05-28 18:47:59 - [TEST_STEP][PASSED] - Statement - println(grouplist.get(i).getText()): null

2018-05-28 18:47:59 - [TEST_STEP][PASSED] - Statement - If (grouplist.get(i).getText().contains("0000")): null

2018-05-28 18:47:59 - [TEST_STEP][PASSED] - Statement - driver.findElement(org.openqa.selenium.By.xpath("(//ul[@class='unlinked-grouplist']/li/label)[" + i + 1 + "]")).click(): null

2018-05-28 18:47:59 - [TEST_STEP][PASSED] - Statement - println(grouplist.get(i).getText()): null

2018-05-28 18:47:59 - [TEST_STEP][PASSED] - Statement - If (grouplist.get(i).getText().contains("0000")): null

2018-05-28 18:47:59 - [TEST_STEP][PASSED] - Statement - driver.findElement(org.openqa.selenium.By.xpath("(//ul[@class='unlinked-grouplist']/li/label)[" + i + 1 + "]")).click(): null

2018-05-28 18:47:59 - [TEST_STEP][PASSED] - Statement - println(grouplist.get(i).getText()): null

2018-05-28 18:47:59 - [TEST_STEP][PASSED] - Statement - If (grouplist.get(i).getText().contains("0000")): null

2018-05-28 18:47:59 - [TEST_STEP][PASSED] - Statement - driver.findElement(org.openqa.selenium.By.xpath("(//ul[@class='unlinked-grouplist']/li/label)[" + i + 1 + "]")).click(): null

2018-05-28 18:47:59 - [TEST_STEP][PASSED] - Statement - println(grouplist.get(i).getText()): null

2018-05-28 18:47:59 - [TEST_STEP][PASSED] - Statement - If (grouplist.get(i).getText().contains("0000")): null

2018-05-28 18:47:59 - [TEST_STEP][PASSED] - Statement - driver.findElement(org.openqa.selenium.By.xpath("(//ul[@class='unlinked-grouplist']/li/label)[" + i + 1 + "]")).click(): null

2018-05-28 18:47:59 - [TEST_STEP][PASSED] - Statement - println(grouplist.get(i).getText()): null

2018-05-28 18:48:00 - [TEST_STEP][PASSED] - Statement - If (grouplist.get(i).getText().contains("0000")): null

2018-05-28 18:48:00 - [TEST_STEP][PASSED] - Statement - driver.findElement(org.openqa.selenium.By.xpath("(//ul[@class='unlinked-grouplist']/li/label)[" + i + 1 + "]")).click(): null

2018-05-28 18:48:00 - [TEST_STEP][PASSED] - Statement - println(grouplist.get(i).getText()): null

2018-05-28 18:48:00 - [TEST_STEP][PASSED] - Statement - If (grouplist.get(i).getText().contains("0000")): null

2018-05-28 18:48:00 - [TEST_STEP][PASSED] - Statement - driver.findElement(org.openqa.selenium.By.xpath("(//ul[@class='unlinked-grouplist']/li/label)[" + i + 1 + "]")).click(): null

2018-05-28 18:48:00 - [TEST_STEP][PASSED] - Statement - println(grouplist.get(i).getText()): null

2018-05-28 18:48:00 - [TEST_STEP][PASSED] - Statement - If (grouplist.get(i).getText().contains("0000")): null

2018-05-28 18:48:00 - [TEST_STEP][PASSED] - Statement - driver.findElement(org.openqa.selenium.By.xpath("(//ul[@class='unlinked-grouplist']/li/label)[" + i + 1 + "]")).click(): null

2018-05-28 18:48:00 - [TEST_STEP][PASSED] - Statement - println(grouplist.get(i).getText()): null

2018-05-28 18:48:00 - [TEST_STEP][PASSED] - Statement - If (grouplist.get(i).getText().contains("0000")): null

2018-05-28 18:48:00 - [TEST_STEP][PASSED] - Statement - driver.findElement(org.openqa.selenium.By.xpath("(//ul[@class='unlinked-grouplist']/li/label)[" + i + 1 + "]")).click(): null

2018-05-28 18:48:00 - [TEST_STEP][PASSED] - Statement - println(grouplist.get(i).getText()): null

2018-05-28 18:48:00 - [TEST_STEP][PASSED] - Statement - If (grouplist.get(i).getText().contains("0000")): null

2018-05-28 18:48:00 - [TEST_STEP][PASSED] - Statement - driver.findElement(org.openqa.selenium.By.xpath("(//ul[@class='unlinked-grouplist']/li/label)[" + i + 1 + "]")).click(): null

2018-05-28 18:48:00 - [TEST_STEP][PASSED] - Statement - println(grouplist.get(i).getText()): null

2018-05-28 18:48:00 - [TEST_STEP][PASSED] - Statement - If (grouplist.get(i).getText().contains("0000")): null

2018-05-28 18:48:00 - [TEST_STEP][PASSED] - Statement - driver.findElement(org.openqa.selenium.By.xpath("(//ul[@class='unlinked-grouplist']/li/label)[" + i + 1 + "]")).click(): null

2018-05-28 18:48:00 - [TEST_STEP][PASSED] - Statement - println(grouplist.get(i).getText()): null

2018-05-28 18:48:00 - [TEST_STEP][PASSED] - Statement - If (grouplist.get(i).getText().contains("0000")): null

2018-05-28 18:48:00 - [TEST_STEP][PASSED] - Statement - driver.findElement(org.openqa.selenium.By.xpath("(//ul[@class='unlinked-grouplist']/li/label)[" + i + 1 + "]")).click(): null

2018-05-28 18:48:00 - [TEST_STEP][PASSED] - Statement - println(grouplist.get(i).getText()): null

2018-05-28 18:48:00 - [TEST_STEP][PASSED] - Statement - If (grouplist.get(i).getText().contains("0000")): null

2018-05-28 18:48:00 - [TEST_STEP][PASSED] - Statement - driver.findElement(org.openqa.selenium.By.xpath("(//ul[@class='unlinked-grouplist']/li/label)[" + i + 1 + "]")).click(): null

2018-05-28 18:48:00 - [TEST_STEP][PASSED] - Statement - println(grouplist.get(i).getText()): null

2018-05-28 18:48:00 - [TEST_STEP][PASSED] - Statement - If (grouplist.get(i).getText().contains("0000")): null

2018-05-28 18:48:00 - [TEST_STEP][PASSED] - Statement - driver.findElement(org.openqa.selenium.By.xpath("(//ul[@class='unlinked-grouplist']/li/label)[" + i + 1 + "]")).click(): null

2018-05-28 18:48:00 - [TEST_STEP][PASSED] - Statement - println(grouplist.get(i).getText()): null

2018-05-28 18:48:00 - [TEST_STEP][PASSED] - Statement - If (grouplist.get(i).getText().contains("0000")): null

2018-05-28 18:48:00 - [TEST_STEP][PASSED] - Statement - driver.findElement(org.openqa.selenium.By.xpath("(//ul[@class='unlinked-grouplist']/li/label)[" + i + 1 + "]")).click(): null

2018-05-28 18:48:00 - [TEST_STEP][PASSED] - Statement - println(grouplist.get(i).getText()): null

2018-05-28 18:48:00 - [TEST_STEP][PASSED] - Statement - If (grouplist.get(i).getText().contains("0000")): null

2018-05-28 18:48:00 - [TEST_STEP][PASSED] - Statement - driver.findElement(org.openqa.selenium.By.xpath("(//ul[@class='unlinked-grouplist']/li/label)[" + i + 1 + "]")).click(): null

2018-05-28 18:48:00 - [TEST_STEP][PASSED] - Statement - println(grouplist.get(i).getText()): null

2018-05-28 18:48:00 - [TEST_STEP][PASSED] - Statement - If (grouplist.get(i).getText().contains("0000")): null

2018-05-28 18:48:00 - [TEST_STEP][PASSED] - Statement - driver.findElement(org.openqa.selenium.By.xpath("(//ul[@class='unlinked-grouplist']/li/label)[" + i + 1 + "]")).click(): null

2018-05-28 18:48:00 - [TEST_STEP][PASSED] - Statement - println(grouplist.get(i).getText()): null

2018-05-28 18:48:01 - [TEST_STEP][PASSED] - Statement - If (grouplist.get(i).getText().contains("0000")): null

2018-05-28 18:48:01 - [TEST_STEP][PASSED] - Statement - driver.findElement(org.openqa.selenium.By.xpath("(//ul[@class='unlinked-grouplist']/li/label)[" + i + 1 + "]")).click(): null

2018-05-28 18:48:01 - [TEST_STEP][PASSED] - Statement - println(grouplist.get(i).getText()): null

2018-05-28 18:48:01 - [TEST_STEP][PASSED] - Statement - If (grouplist.get(i).getText().contains("0000")): null

2018-05-28 18:48:01 - [TEST_STEP][PASSED] - Statement - driver.findElement(org.openqa.selenium.By.xpath("(//ul[@class='unlinked-grouplist']/li/label)[" + i + 1 + "]")).click(): null

2018-05-28 18:48:01 - [TEST_STEP][PASSED] - Statement - println(grouplist.get(i).getText()): null

2018-05-28 18:48:01 - [TEST_STEP][PASSED] - Statement - If (grouplist.get(i).getText().contains("0000")): null

2018-05-28 18:48:01 - [TEST_STEP][PASSED] - Statement - driver.findElement(org.openqa.selenium.By.xpath("(//ul[@class='unlinked-grouplist']/li/label)[" + i + 1 + "]")).click(): null

2018-05-28 18:48:01 - [TEST_STEP][PASSED] - Statement - println(grouplist.get(i).getText()): null

2018-05-28 18:48:01 - [TEST_STEP][PASSED] - Statement - If (grouplist.get(i).getText().contains("0000")): null

2018-05-28 18:48:01 - [TEST_STEP][PASSED] - Statement - driver.findElement(org.openqa.selenium.By.xpath("(//ul[@class='unlinked-grouplist']/li/label)[" + i + 1 + "]")).click(): null

2018-05-28 18:48:01 - [TEST_STEP][PASSED] - Statement - println(grouplist.get(i).getText()): null

2018-05-28 18:48:01 - [TEST_STEP][PASSED] - Statement - If (grouplist.get(i).getText().contains("0000")): null

2018-05-28 18:48:01 - [TEST_STEP][PASSED] - Statement - driver.findElement(org.openqa.selenium.By.xpath("(//ul[@class='unlinked-grouplist']/li/label)[" + i + 1 + "]")).click(): null

2018-05-28 18:48:01 - [TEST_STEP][PASSED] - Statement - println(grouplist.get(i).getText()): null

2018-05-28 18:48:01 - [TEST_STEP][PASSED] - Statement - If (grouplist.get(i).getText().contains("0000")): null

2018-05-28 18:48:01 - [TEST_STEP][PASSED] - Statement - driver.findElement(org.openqa.selenium.By.xpath("(//ul[@class='unlinked-grouplist']/li/label)[" + i + 1 + "]")).click(): null

2018-05-28 18:48:01 - [TEST_STEP][PASSED] - Statement - println(grouplist.get(i).getText()): null

2018-05-28 18:48:01 - [TEST_STEP][PASSED] - Statement - If (grouplist.get(i).getText().contains("0000")): null

2018-05-28 18:48:01 - [TEST_STEP][PASSED] - Statement - driver.findElement(org.openqa.selenium.By.xpath("(//ul[@class='unlinked-grouplist']/li/label)[" + i + 1 + "]")).click(): null

2018-05-28 18:48:01 - [TEST_STEP][PASSED] - Statement - println(grouplist.get(i).getText()): null

2018-05-28 18:48:01 - [TEST_STEP][PASSED] - Statement - If (grouplist.get(i).getText().contains("0000")): null

2018-05-28 18:48:01 - [TEST_STEP][PASSED] - Statement - driver.findElement(org.openqa.selenium.By.xpath("(//ul[@class='unlinked-grouplist']/li/label)[" + i + 1 + "]")).click(): null

2018-05-28 18:48:01 - [TEST_STEP][PASSED] - Statement - println(grouplist.get(i).getText()): null

2018-05-28 18:48:01 - [TEST_STEP][PASSED] - Statement - If (grouplist.get(i).getText().contains("0000")): null

2018-05-28 18:48:01 - [TEST_STEP][PASSED] - Statement - driver.findElement(org.openqa.selenium.By.xpath("(//ul[@class='unlinked-grouplist']/li/label)[" + i + 1 + "]")).click(): null

2018-05-28 18:48:01 - [TEST_STEP][PASSED] - Statement - println(grouplist.get(i).getText()): null

2018-05-28 18:48:01 - [TEST_STEP][PASSED] - Statement - If (grouplist.get(i).getText().contains("0000")): null

2018-05-28 18:48:01 - [TEST_STEP][PASSED] - Statement - driver.findElement(org.openqa.selenium.By.xpath("(//ul[@class='unlinked-grouplist']/li/label)[" + i + 1 + "]")).click(): null

2018-05-28 18:48:01 - [TEST_STEP][PASSED] - Statement - println(grouplist.get(i).getText()): null

2018-05-28 18:48:01 - [TEST_STEP][PASSED] - Statement - If (grouplist.get(i).getText().contains("0000")): null

2018-05-28 18:48:01 - [TEST_STEP][PASSED] - Statement - driver.findElement(org.openqa.selenium.By.xpath("(//ul[@class='unlinked-grouplist']/li/label)[" + i + 1 + "]")).click(): null

2018-05-28 18:48:01 - [TEST_STEP][PASSED] - Statement - println(grouplist.get(i).getText()): null

2018-05-28 18:48:01 - [TEST_STEP][PASSED] - Statement - If (grouplist.get(i).getText().contains("0000")): null

2018-05-28 18:48:01 - [TEST_STEP][PASSED] - Statement - driver.findElement(org.openqa.selenium.By.xpath("(//ul[@class='unlinked-grouplist']/li/label)[" + i + 1 + "]")).click(): null

2018-05-28 18:48:01 - [TEST_STEP][PASSED] - Statement - println(grouplist.get(i).getText()): null

2018-05-28 18:48:02 - [TEST_STEP][PASSED] - Statement - If (grouplist.get(i).getText().contains("0000")): null

2018-05-28 18:48:02 - [TEST_STEP][PASSED] - Statement - driver.findElement(org.openqa.selenium.By.xpath("(//ul[@class='unlinked-grouplist']/li/label)[" + i + 1 + "]")).click(): null

2018-05-28 18:48:02 - [TEST_STEP][PASSED] - Statement - println(grouplist.get(i).getText()): null

2018-05-28 18:48:02 - [TEST_STEP][PASSED] - Statement - If (grouplist.get(i).getText().contains("0000")): null

2018-05-28 18:48:02 - [TEST_STEP][PASSED] - Statement - driver.findElement(org.openqa.selenium.By.xpath("(//ul[@class='unlinked-grouplist']/li/label)[" + i + 1 + "]")).click(): null

2018-05-28 18:48:02 - [TEST_STEP][PASSED] - Statement - println(grouplist.get(i).getText()): null

2018-05-28 18:48:02 - [TEST_STEP][PASSED] - Statement - If (grouplist.get(i).getText().contains("0000")): null

2018-05-28 18:48:02 - [TEST_STEP][PASSED] - Statement - driver.findElement(org.openqa.selenium.By.xpath("(//ul[@class='unlinked-grouplist']/li/label)[" + i + 1 + "]")).click(): null

2018-05-28 18:48:02 - [TEST_STEP][PASSED] - Statement - println(grouplist.get(i).getText()): null

2018-05-28 18:48:02 - [TEST_STEP][PASSED] - Statement - If (grouplist.get(i).getText().contains("0000")): null

2018-05-28 18:48:02 - [TEST_STEP][PASSED] - Statement - driver.findElement(org.openqa.selenium.By.xpath("(//ul[@class='unlinked-grouplist']/li/label)[" + i + 1 + "]")).click(): null

2018-05-28 18:48:02 - [TEST_STEP][PASSED] - Statement - println(grouplist.get(i).getText()): null

2018-05-28 18:48:02 - [TEST_STEP][PASSED] - Statement - If (grouplist.get(i).getText().contains("0000")): null

2018-05-28 18:48:02 - [TEST_STEP][PASSED] - Statement - driver.findElement(org.openqa.selenium.By.xpath("(//ul[@class='unlinked-grouplist']/li/label)[" + i + 1 + "]")).click(): null

2018-05-28 18:48:02 - [TEST_STEP][PASSED] - Statement - println(grouplist.get(i).getText()): null

2018-05-28 18:48:02 - [TEST_STEP][PASSED] - Statement - If (grouplist.get(i).getText().contains("0000")): null

2018-05-28 18:48:02 - [TEST_STEP][PASSED] - Statement - driver.findElement(org.openqa.selenium.By.xpath("(//ul[@class='unlinked-grouplist']/li/label)[" + i + 1 + "]")).click(): null

2018-05-28 18:48:02 - [TEST_STEP][PASSED] - Statement - println(grouplist.get(i).getText()): null

2018-05-28 18:48:02 - [TEST_STEP][PASSED] - Statement - If (grouplist.get(i).getText().contains("0000")): null

2018-05-28 18:48:02 - [TEST_STEP][PASSED] - Statement - driver.findElement(org.openqa.selenium.By.xpath("(//ul[@class='unlinked-grouplist']/li/label)[" + i + 1 + "]")).click(): null

2018-05-28 18:48:02 - [TEST_STEP][PASSED] - Statement - println(grouplist.get(i).getText()): null

2018-05-28 18:48:02 - [TEST_STEP][PASSED] - Statement - If (grouplist.get(i).getText().contains("0000")): null

2018-05-28 18:48:02 - [TEST_STEP][PASSED] - Statement - driver.findElement(org.openqa.selenium.By.xpath("(//ul[@class='unlinked-grouplist']/li/label)[" + i + 1 + "]")).click(): null

2018-05-28 18:48:02 - [TEST_STEP][PASSED] - Statement - println(grouplist.get(i).getText()): null

2018-05-28 18:48:02 - [TEST_STEP][PASSED] - Statement - If (grouplist.get(i).getText().contains("0000")): null

2018-05-28 18:48:02 - [TEST_STEP][PASSED] - Statement - driver.findElement(org.openqa.selenium.By.xpath("(//ul[@class='unlinked-grouplist']/li/label)[" + i + 1 + "]")).click(): null

2018-05-28 18:48:02 - [TEST_STEP][PASSED] - Statement - println(grouplist.get(i).getText()): null

2018-05-28 18:48:02 - [TEST_STEP][PASSED] - Statement - If (grouplist.get(i).getText().contains("0000")): null

2018-05-28 18:48:02 - [TEST_STEP][PASSED] - Statement - driver.findElement(org.openqa.selenium.By.xpath("(//ul[@class='unlinked-grouplist']/li/label)[" + i + 1 + "]")).click(): null

2018-05-28 18:48:02 - [TEST_STEP][PASSED] - Statement - println(grouplist.get(i).getText()): null

2018-05-28 18:48:02 - [TEST_STEP][PASSED] - Statement - If (grouplist.get(i).getText().contains("0000")): null

2018-05-28 18:48:02 - [TEST_STEP][PASSED] - Statement - driver.findElement(org.openqa.selenium.By.xpath("(//ul[@class='unlinked-grouplist']/li/label)[" + i + 1 + "]")).click(): null

2018-05-28 18:48:02 - [TEST_STEP][PASSED] - Statement - println(grouplist.get(i).getText()): null

2018-05-28 18:48:02 - [TEST_STEP][PASSED] - Statement - If (grouplist.get(i).getText().contains("0000")): null

2018-05-28 18:48:02 - [TEST_STEP][PASSED] - Statement - driver.findElement(org.openqa.selenium.By.xpath("(//ul[@class='unlinked-grouplist']/li/label)[" + i + 1 + "]")).click(): null

2018-05-28 18:48:02 - [TEST_STEP][PASSED] - Statement - println(grouplist.get(i).getText()): null

2018-05-28 18:48:03 - [TEST_STEP][PASSED] - Statement - If (grouplist.get(i).getText().contains("0000")): null

2018-05-28 18:48:03 - [TEST_STEP][PASSED] - Statement - driver.findElement(org.openqa.selenium.By.xpath("(//ul[@class='unlinked-grouplist']/li/label)[" + i + 1 + "]")).click(): null

2018-05-28 18:48:03 - [TEST_STEP][PASSED] - Statement - println(grouplist.get(i).getText()): null

2018-05-28 18:48:03 - [TEST_STEP][PASSED] - Statement - If (grouplist.get(i).getText().contains("0000")): null

2018-05-28 18:48:03 - [TEST_STEP][PASSED] - Statement - driver.findElement(org.openqa.selenium.By.xpath("(//ul[@class='unlinked-grouplist']/li/label)[" + i + 1 + "]")).click(): null

2018-05-28 18:48:03 - [TEST_STEP][PASSED] - Statement - println(grouplist.get(i).getText()): null

2018-05-28 18:48:03 - [TEST_STEP][PASSED] - Statement - If (grouplist.get(i).getText().contains("0000")): null

2018-05-28 18:48:03 - [TEST_STEP][PASSED] - Statement - driver.findElement(org.openqa.selenium.By.xpath("(//ul[@class='unlinked-grouplist']/li/label)[" + i + 1 + "]")).click(): null

2018-05-28 18:48:03 - [TEST_STEP][PASSED] - Statement - println(grouplist.get(i).getText()): null

2018-05-28 18:48:03 - [TEST_STEP][PASSED] - Statement - If (grouplist.get(i).getText().contains("0000")): null

2018-05-28 18:48:03 - [TEST_STEP][PASSED] - Statement - driver.findElement(org.openqa.selenium.By.xpath("(//ul[@class='unlinked-grouplist']/li/label)[" + i + 1 + "]")).click(): null

2018-05-28 18:48:03 - [TEST_STEP][PASSED] - Statement - println(grouplist.get(i).getText()): null

2018-05-28 18:48:03 - [TEST_STEP][PASSED] - Statement - If (grouplist.get(i).getText().contains("0000")): null

2018-05-28 18:48:03 - [TEST_STEP][PASSED] - Statement - driver.findElement(org.openqa.selenium.By.xpath("(//ul[@class='unlinked-grouplist']/li/label)[" + i + 1 + "]")).click(): null

2018-05-28 18:48:03 - [TEST_STEP][PASSED] - Statement - println(grouplist.get(i).getText()): null

2018-05-28 18:48:03 - [TEST_STEP][PASSED] - Statement - If (grouplist.get(i).getText().contains("0000")): null

2018-05-28 18:48:03 - [TEST_STEP][PASSED] - Statement - driver.findElement(org.openqa.selenium.By.xpath("(//ul[@class='unlinked-grouplist']/li/label)[" + i + 1 + "]")).click(): null

2018-05-28 18:48:03 - [TEST_STEP][PASSED] - Statement - println(grouplist.get(i).getText()): null

2018-05-28 18:48:03 - [TEST_STEP][PASSED] - Statement - If (grouplist.get(i).getText().contains("0000")): null

2018-05-28 18:48:03 - [TEST_STEP][PASSED] - Statement - driver.findElement(org.openqa.selenium.By.xpath("(//ul[@class='unlinked-grouplist']/li/label)[" + i + 1 + "]")).click(): null

2018-05-28 18:48:03 - [TEST_STEP][PASSED] - Statement - println(grouplist.get(i).getText()): null

2018-05-28 18:48:03 - [TEST_STEP][PASSED] - Statement - If (grouplist.get(i).getText().contains("0000")): null

2018-05-28 18:48:03 - [TEST_STEP][PASSED] - Statement - driver.findElement(org.openqa.selenium.By.xpath("(//ul[@class='unlinked-grouplist']/li/label)[" + i + 1 + "]")).click(): null

2018-05-28 18:48:03 - [TEST_STEP][PASSED] - Statement - println(grouplist.get(i).getText()): null

2018-05-28 18:48:03 - [TEST_STEP][PASSED] - Statement - If (grouplist.get(i).getText().contains("0000")): null

2018-05-28 18:48:03 - [TEST_STEP][PASSED] - Statement - driver.findElement(org.openqa.selenium.By.xpath("(//ul[@class='unlinked-grouplist']/li/label)[" + i + 1 + "]")).click(): null

2018-05-28 18:48:03 - [TEST_STEP][PASSED] - Statement - println(grouplist.get(i).getText()): null

2018-05-28 18:48:03 - [TEST_STEP][PASSED] - Statement - If (grouplist.get(i).getText().contains("0000")): null

2018-05-28 18:48:03 - [TEST_STEP][PASSED] - Statement - driver.findElement(org.openqa.selenium.By.xpath("(//ul[@class='unlinked-grouplist']/li/label)[" + i + 1 + "]")).click(): null

2018-05-28 18:48:03 - [TEST_STEP][PASSED] - Statement - println(grouplist.get(i).getText()): null

2018-05-28 18:48:03 - [TEST_STEP][PASSED] - Statement - If (grouplist.get(i).getText().contains("0000")): null

2018-05-28 18:48:03 - [TEST_STEP][PASSED] - Statement - driver.findElement(org.openqa.selenium.By.xpath("(//ul[@class='unlinked-grouplist']/li/label)[" + i + 1 + "]")).click(): null

2018-05-28 18:48:03 - [TEST_STEP][PASSED] - Statement - println(grouplist.get(i).getText()): null

2018-05-28 18:48:03 - [TEST_STEP][PASSED] - Statement - If (grouplist.get(i).getText().contains("0000")): null

2018-05-28 18:48:03 - [TEST_STEP][PASSED] - Statement - driver.findElement(org.openqa.selenium.By.xpath("(//ul[@class='unlinked-grouplist']/li/label)[" + i + 1 + "]")).click(): null

2018-05-28 18:48:03 - [TEST_STEP][PASSED] - Statement - println(grouplist.get(i).getText()): null

2018-05-28 18:48:04 - [TEST_STEP][PASSED] - Statement - If (grouplist.get(i).getText().contains("0000")): null

2018-05-28 18:48:04 - [TEST_STEP][PASSED] - Statement - driver.findElement(org.openqa.selenium.By.xpath("(//ul[@class='unlinked-grouplist']/li/label)[" + i + 1 + "]")).click(): null

2018-05-28 18:48:04 - [TEST_STEP][PASSED] - Statement - println(grouplist.get(i).getText()): null

2018-05-28 18:48:04 - [TEST_STEP][PASSED] - Statement - If (grouplist.get(i).getText().contains("0000")): null

2018-05-28 18:48:04 - [TEST_STEP][PASSED] - Statement - driver.findElement(org.openqa.selenium.By.xpath("(//ul[@class='unlinked-grouplist']/li/label)[" + i + 1 + "]")).click(): null

2018-05-28 18:48:04 - [TEST_STEP][PASSED] - Statement - println(grouplist.get(i).getText()): null

2018-05-28 18:48:04 - [TEST_STEP][PASSED] - Statement - If (grouplist.get(i).getText().contains("0000")): null

2018-05-28 18:48:04 - [TEST_STEP][PASSED] - Statement - driver.findElement(org.openqa.selenium.By.xpath("(//ul[@class='unlinked-grouplist']/li/label)[" + i + 1 + "]")).click(): null

2018-05-28 18:48:04 - [TEST_STEP][PASSED] - Statement - println(grouplist.get(i).getText()): null

2018-05-28 18:48:04 - [TEST_STEP][PASSED] - Statement - If (grouplist.get(i).getText().contains("0000")): null

2018-05-28 18:48:04 - [TEST_STEP][PASSED] - Statement - driver.findElement(org.openqa.selenium.By.xpath("(//ul[@class='unlinked-grouplist']/li/label)[" + i + 1 + "]")).click(): null

2018-05-28 18:48:04 - [TEST_STEP][PASSED] - Statement - println(grouplist.get(i).getText()): null

2018-05-28 18:48:04 - [TEST_STEP][PASSED] - Statement - If (grouplist.get(i).getText().contains("0000")): null

2018-05-28 18:48:04 - [TEST_STEP][PASSED] - Statement - driver.findElement(org.openqa.selenium.By.xpath("(//ul[@class='unlinked-grouplist']/li/label)[" + i + 1 + "]")).click(): null

2018-05-28 18:48:04 - [TEST_STEP][PASSED] - Statement - println(grouplist.get(i).getText()): null

2018-05-28 18:48:04 - [TEST_STEP][PASSED] - Statement - If (grouplist.get(i).getText().contains("0000")): null

2018-05-28 18:48:04 - [TEST_STEP][PASSED] - Statement - driver.findElement(org.openqa.selenium.By.xpath("(//ul[@class='unlinked-grouplist']/li/label)[" + i + 1 + "]")).click(): null

2018-05-28 18:48:04 - [TEST_STEP][PASSED] - Statement - println(grouplist.get(i).getText()): null

2018-05-28 18:48:04 - [TEST_STEP][PASSED] - Statement - If (grouplist.get(i).getText().contains("0000")): null

2018-05-28 18:48:04 - [TEST_STEP][PASSED] - Statement - driver.findElement(org.openqa.selenium.By.xpath("(//ul[@class='unlinked-grouplist']/li/label)[" + i + 1 + "]")).click(): null

2018-05-28 18:48:04 - [TEST_STEP][PASSED] - Statement - println(grouplist.get(i).getText()): null

2018-05-28 18:48:04 - [TEST_STEP][PASSED] - Statement - If (grouplist.get(i).getText().contains("0000")): null

2018-05-28 18:48:04 - [TEST_STEP][PASSED] - Statement - driver.findElement(org.openqa.selenium.By.xpath("(//ul[@class='unlinked-grouplist']/li/label)[" + i + 1 + "]")).click(): null

2018-05-28 18:48:04 - [TEST_STEP][PASSED] - Statement - println(grouplist.get(i).getText()): null

2018-05-28 18:48:04 - [TEST_STEP][PASSED] - Statement - If (grouplist.get(i).getText().contains("0000")): null

2018-05-28 18:48:04 - [TEST_STEP][PASSED] - Statement - driver.findElement(org.openqa.selenium.By.xpath("(//ul[@class='unlinked-grouplist']/li/label)[" + i + 1 + "]")).click(): null

2018-05-28 18:48:04 - [TEST_STEP][PASSED] - Statement - println(grouplist.get(i).getText()): null

2018-05-28 18:48:04 - [TEST_STEP][PASSED] - Statement - If (grouplist.get(i).getText().contains("0000")): null

2018-05-28 18:48:04 - [TEST_STEP][PASSED] - Statement - driver.findElement(org.openqa.selenium.By.xpath("(//ul[@class='unlinked-grouplist']/li/label)[" + i + 1 + "]")).click(): null

2018-05-28 18:48:04 - [TEST_STEP][PASSED] - Statement - println(grouplist.get(i).getText()): null

2018-05-28 18:48:04 - [TEST_STEP][PASSED] - Statement - If (grouplist.get(i).getText().contains("0000")): null

2018-05-28 18:48:04 - [TEST_STEP][PASSED] - Statement - driver.findElement(org.openqa.selenium.By.xpath("(//ul[@class='unlinked-grouplist']/li/label)[" + i + 1 + "]")).click(): null

2018-05-28 18:48:04 - [TEST_STEP][PASSED] - Statement - println(grouplist.get(i).getText()): null

2018-05-28 18:48:04 - [TEST_STEP][PASSED] - Statement - If (grouplist.get(i).getText().contains("0000")): null

2018-05-28 18:48:04 - [TEST_STEP][PASSED] - Statement - driver.findElement(org.openqa.selenium.By.xpath("(//ul[@class='unlinked-grouplist']/li/label)[" + i + 1 + "]")).click(): null

2018-05-28 18:48:04 - [TEST_STEP][PASSED] - Statement - println(grouplist.get(i).getText()): null

2018-05-28 18:48:05 - [TEST_STEP][PASSED] - Statement - If (grouplist.get(i).getText().contains("0000")): null

2018-05-28 18:48:05 - [TEST_STEP][PASSED] - Statement - driver.findElement(org.openqa.selenium.By.xpath("(//ul[@class='unlinked-grouplist']/li/label)[" + i + 1 + "]")).click(): null

2018-05-28 18:48:05 - [TEST_STEP][PASSED] - Statement - println(grouplist.get(i).getText()): null

2018-05-28 18:48:05 - [TEST_STEP][PASSED] - Statement - If (grouplist.get(i).getText().contains("0000")): null

2018-05-28 18:48:05 - [TEST_STEP][PASSED] - Statement - driver.findElement(org.openqa.selenium.By.xpath("(//ul[@class='unlinked-grouplist']/li/label)[" + i + 1 + "]")).click(): null

2018-05-28 18:48:05 - [TEST_STEP][PASSED] - Statement - println(grouplist.get(i).getText()): null

2018-05-28 18:48:05 - [TEST_STEP][PASSED] - Statement - If (grouplist.get(i).getText().contains("0000")): null

2018-05-28 18:48:05 - [TEST_STEP][PASSED] - Statement - driver.findElement(org.openqa.selenium.By.xpath("(//ul[@class='unlinked-grouplist']/li/label)[" + i + 1 + "]")).click(): null

2018-05-28 18:48:05 - [TEST_STEP][PASSED] - Statement - driver.findElement(org.openqa.selenium.By.xpath("//button[contains(text(),'>')]")).click(): null

2018-05-28 18:48:05 - [TEST_STEP][PASSED] - delay: Delayed 10 second(s)

2018-05-28 18:48:15 - [MESSAGE][PASSED] - Delayed 10 second(s)

2018-05-28 18:48:15 - [TEST_STEP][PASSED] - uiaction.CommonUIActions.click: uiaction.CommonUIActions.click is PASSED

2018-05-28 18:48:15 - [MESSAGE][PASSED] - uiaction.CommonUIActions.click is PASSED

2018-05-28 18:48:15 - [TEST_STEP][PASSED] - delay: Delayed 10 second(s)

2018-05-28 18:48:25 - [MESSAGE][PASSED] - Delayed 10 second(s)

2018-05-28 18:48:25 - [TEST_STEP][PASSED] - uiaction.CommonUIActions.click: uiaction.CommonUIActions.click is PASSED

2018-05-28 18:48:25 - [MESSAGE][PASSED] - uiaction.CommonUIActions.click is PASSED

2018-05-28 18:48:25 - [TEST_STEP][PASSED] - delay: Delayed 10 second(s)

2018-05-28 18:48:35 - [MESSAGE][PASSED] - Delayed 10 second(s)

2018-05-28 18:48:35 - [TEST_STEP][PASSED] - Statement - driver.findElement(org.openqa.selenium.By.xpath("//span[contains(text(),'" + groupmain + "')]/../../../../span[1]")).click(): null

2018-05-28 18:48:35 - [TEST_STEP][PASSED] - delay: Delayed 5 second(s)

2018-05-28 18:48:40 - [MESSAGE][PASSED] - Delayed 5 second(s)

2018-05-28 18:48:40 - [TEST_STEP][PASSED] - Statement - driver.findElement(org.openqa.selenium.By.xpath("//span[contains(text(),'" + groupmain + "')]/../../../../span[2]")).click(): null

2018-05-28 18:48:40 - [TEST_STEP][PASSED] - delay: Delayed 5 second(s)

2018-05-28 18:48:45 - [MESSAGE][PASSED] - Delayed 5 second(s)

2018-05-28 18:48:45 - [TEST_STEP][PASSED] - click: Object: 'Object Repository/ReportsPage/fromDateSelector' is clicked on

2018-05-28 18:48:46 - [MESSAGE][PASSED] - Object: 'Object Repository/ReportsPage/fromDateSelector' is clicked on

2018-05-28 18:48:46 - [TEST_STEP][PASSED] - delay: Delayed 5 second(s)

2018-05-28 18:48:51 - [MESSAGE][PASSED] - Delayed 5 second(s)

2018-05-28 18:48:51 - [TEST_STEP][PASSED] - Statement - monthText = com.kms.katalon.core.webui.keyword.WebUiBuiltInKeywords.getText(com.kms.katalon.core.testobject.ObjectRepository.findTestObject(ReportsPage/monthText)): Text of object 'Object Repository/ReportsPage/monthText' is: 'May 2018'

2018-05-28 18:48:51 - [MESSAGE][PASSED] - Text of object 'Object Repository/ReportsPage/monthText' is: 'May 2018'

2018-05-28 18:48:51 - [TEST_STEP][PASSED] - Statement - monthTextArray = monthText.split(" "): null

2018-05-28 18:48:51 - [TEST_STEP][PASSED] - Statement - month = monthTextArray[0]: null

2018-05-28 18:48:51 - [TEST_STEP][PASSED] - Statement - monthTextValue_march = CustomKeywords.projectSpecific.Reusability.getTestData("ReportsPage", "Month_January"): projectSpecific.Reusability.getTestData is PASSED

2018-05-28 18:48:51 - [MESSAGE][PASSED] - projectSpecific.Reusability.getTestData is PASSED

2018-05-28 18:48:51 - [TEST_STEP][PASSED] - Statement - If (!(monthTextValue_march.equals(month))): null

2018-05-28 18:48:51 - [TEST_STEP][PASSED] - Statement - While (!(monthTextValue_march.equals(month))): null

2018-05-28 18:48:51 - [TEST_STEP][PASSED] - click: Object: 'Object Repository/ReportsPage/previousDateSelector' is clicked on

2018-05-28 18:48:51 - [MESSAGE][PASSED] - Object: 'Object Repository/ReportsPage/previousDateSelector' is clicked on

2018-05-28 18:48:51 - [TEST_STEP][PASSED] - Statement - monthText = com.kms.katalon.core.webui.keyword.WebUiBuiltInKeywords.getText(com.kms.katalon.core.testobject.ObjectRepository.findTestObject(ReportsPage/monthText)): Text of object 'Object Repository/ReportsPage/monthText' is: 'April 2018'

2018-05-28 18:48:51 - [MESSAGE][PASSED] - Text of object 'Object Repository/ReportsPage/monthText' is: 'April 2018'

2018-05-28 18:48:51 - [TEST_STEP][PASSED] - Statement - monthTextArray = monthText.split(" "): null

2018-05-28 18:48:51 - [TEST_STEP][PASSED] - Statement - month = monthTextArray[0]: null

2018-05-28 18:48:51 - [TEST_STEP][PASSED] - click: Object: 'Object Repository/ReportsPage/previousDateSelector' is clicked on

2018-05-28 18:48:51 - [MESSAGE][PASSED] - Object: 'Object Repository/ReportsPage/previousDateSelector' is clicked on

2018-05-28 18:48:51 - [TEST_STEP][PASSED] - Statement - monthText = com.kms.katalon.core.webui.keyword.WebUiBuiltInKeywords.getText(com.kms.katalon.core.testobject.ObjectRepository.findTestObject(ReportsPage/monthText)): Text of object 'Object Repository/ReportsPage/monthText' is: 'March 2018'

2018-05-28 18:48:51 - [MESSAGE][PASSED] - Text of object 'Object Repository/ReportsPage/monthText' is: 'March 2018'

2018-05-28 18:48:51 - [TEST_STEP][PASSED] - Statement - monthTextArray = monthText.split(" "): null

2018-05-28 18:48:51 - [TEST_STEP][PASSED] - Statement - month = monthTextArray[0]: null

2018-05-28 18:48:51 - [TEST_STEP][PASSED] - click: Object: 'Object Repository/ReportsPage/previousDateSelector' is clicked on

2018-05-28 18:48:51 - [MESSAGE][PASSED] - Object: 'Object Repository/ReportsPage/previousDateSelector' is clicked on

2018-05-28 18:48:51 - [TEST_STEP][PASSED] - Statement - monthText = com.kms.katalon.core.webui.keyword.WebUiBuiltInKeywords.getText(com.kms.katalon.core.testobject.ObjectRepository.findTestObject(ReportsPage/monthText)): Text of object 'Object Repository/ReportsPage/monthText' is: 'February 2018'

2018-05-28 18:48:51 - [MESSAGE][PASSED] - Text of object 'Object Repository/ReportsPage/monthText' is: 'February 2018'

2018-05-28 18:48:51 - [TEST_STEP][PASSED] - Statement - monthTextArray = monthText.split(" "): null

2018-05-28 18:48:51 - [TEST_STEP][PASSED] - Statement - month = monthTextArray[0]: null

2018-05-28 18:48:51 - [TEST_STEP][PASSED] - click: Object: 'Object Repository/ReportsPage/previousDateSelector' is clicked on

2018-05-28 18:48:51 - [MESSAGE][PASSED] - Object: 'Object Repository/ReportsPage/previousDateSelector' is clicked on

2018-05-28 18:48:51 - [TEST_STEP][PASSED] - Statement - monthText = com.kms.katalon.core.webui.keyword.WebUiBuiltInKeywords.getText(com.kms.katalon.core.testobject.ObjectRepository.findTestObject(ReportsPage/monthText)): Text of object 'Object Repository/ReportsPage/monthText' is: 'January 2018'

2018-05-28 18:48:51 - [MESSAGE][PASSED] - Text of object 'Object Repository/ReportsPage/monthText' is: 'January 2018'

2018-05-28 18:48:51 - [TEST_STEP][PASSED] - Statement - monthTextArray = monthText.split(" "): null

2018-05-28 18:48:51 - [TEST_STEP][PASSED] - Statement - month = monthTextArray[0]: null

2018-05-28 18:48:51 - [TEST_STEP][PASSED] - Statement - data = CustomKeywords.projectSpecific.Reusability.getTestData("ReportsPage", "StartDate"): projectSpecific.Reusability.getTestData is PASSED

2018-05-28 18:48:51 - [MESSAGE][PASSED] - projectSpecific.Reusability.getTestData is PASSED

2018-05-28 18:48:51 - [TEST_STEP][PASSED] - Statement - startDate = "(//td[text()='" + data + "'])[1]": null

2018-05-28 18:48:51 - [TEST_STEP][PASSED] - Statement - println(startDate): null

2018-05-28 18:48:51 - [TEST_STEP][PASSED] - Statement - startdateEle = driver.findElement(org.openqa.selenium.By.xpath(startDate)): null

2018-05-28 18:48:51 - [TEST_STEP][PASSED] - Statement - startdateEle.click(): null

2018-05-28 18:48:51 - [TEST_STEP][PASSED] - delay: Delayed 5 second(s)

2018-05-28 18:48:56 - [MESSAGE][PASSED] - Delayed 5 second(s)

2018-05-28 18:48:56 - [TEST_STEP][PASSED] - click: Object: 'Object Repository/ReportsPage/toDateSelector' is clicked on

2018-05-28 18:48:56 - [MESSAGE][PASSED] - Object: 'Object Repository/ReportsPage/toDateSelector' is clicked on

2018-05-28 18:48:56 - [TEST_STEP][PASSED] - Statement - monthText = com.kms.katalon.core.webui.keyword.WebUiBuiltInKeywords.getText(com.kms.katalon.core.testobject.ObjectRepository.findTestObject(ReportsPage/monthText2)): Text of object 'Object Repository/ReportsPage/monthText2' is: 'May 2018'

2018-05-28 18:48:56 - [MESSAGE][PASSED] - Text of object 'Object Repository/ReportsPage/monthText2' is: 'May 2018'

2018-05-28 18:48:56 - [TEST_STEP][PASSED] - Statement - monthTextArray = monthText.split(" "): null

2018-05-28 18:48:56 - [TEST_STEP][PASSED] - Statement - month = monthTextArray[0]: null

2018-05-28 18:48:56 - [TEST_STEP][PASSED] - Statement - monthTextValue_april = CustomKeywords.projectSpecific.Reusability.getTestData("ReportsPage", "Month_april"): projectSpecific.Reusability.getTestData is PASSED

2018-05-28 18:48:56 - [MESSAGE][PASSED] - projectSpecific.Reusability.getTestData is PASSED

2018-05-28 18:48:56 - [TEST_STEP][PASSED] - Statement - If (!(monthTextValue_april.equals(month))): null

2018-05-28 18:48:56 - [TEST_STEP][PASSED] - Statement - While (!(monthTextValue_april.equals(month))): null

2018-05-28 18:48:56 - [TEST_STEP][PASSED] - click: Object: 'Object Repository/ReportsPage/previousDateSelector2' is clicked on

2018-05-28 18:48:56 - [MESSAGE][PASSED] - Object: 'Object Repository/ReportsPage/previousDateSelector2' is clicked on

2018-05-28 18:48:56 - [TEST_STEP][PASSED] - Statement - monthText = com.kms.katalon.core.webui.keyword.WebUiBuiltInKeywords.getText(com.kms.katalon.core.testobject.ObjectRepository.findTestObject(ReportsPage/monthText2)): Text of object 'Object Repository/ReportsPage/monthText2' is: 'April 2018'

2018-05-28 18:48:56 - [MESSAGE][PASSED] - Text of object 'Object Repository/ReportsPage/monthText2' is: 'April 2018'

2018-05-28 18:48:56 - [TEST_STEP][PASSED] - Statement - monthTextArray = monthText.split(" "): null

2018-05-28 18:48:56 - [TEST_STEP][PASSED] - Statement - month = monthTextArray[0]: null

2018-05-28 18:48:56 - [TEST_STEP][PASSED] - Statement - endDate = CustomKeywords.projectSpecific.Reusability.getTestData("ReportsPage", "enddate_april"): projectSpecific.Reusability.getTestData is PASSED

2018-05-28 18:48:56 - [MESSAGE][PASSED] - projectSpecific.Reusability.getTestData is PASSED

2018-05-28 18:48:56 - [TEST_STEP][PASSED] - delay: Delayed 10 second(s)

2018-05-28 18:49:06 - [MESSAGE][PASSED] - Delayed 10 second(s)

2018-05-28 18:49:06 - [TEST_STEP][PASSED] - Statement - toDate = "(//div[@class='rdtPicker']/div/table/tbody/tr/td[text()='" + endDate + "'])[3]": null

2018-05-28 18:49:06 - [TEST_STEP][PASSED] - Statement - toDateEle = driver.findElement(org.openqa.selenium.By.xpath(toDate)): null

2018-05-28 18:49:06 - [TEST_STEP][PASSED] - Statement - toDateEle.click(): null

2018-05-28 18:49:07 - [TEST_STEP][PASSED] - delay: Delayed 5 second(s)

2018-05-28 18:49:12 - [MESSAGE][PASSED] - Delayed 5 second(s)

2018-05-28 18:49:12 - [TEST_STEP][PASSED] - Statement - dateAttr = com.kms.katalon.core.webui.keyword.WebUiBuiltInKeywords.getAttribute(com.kms.katalon.core.testobject.ObjectRepository.findTestObject(ReportsPage/selectedDate1), "value"): Attribute 'value' of object 'Object Repository/ReportsPage/selectedDate1' is: '01/01/2018'

2018-05-28 18:49:12 - [MESSAGE][PASSED] - Attribute 'value' of object 'Object Repository/ReportsPage/selectedDate1' is: '01/01/2018'

2018-05-28 18:49:12 - [TEST_STEP][PASSED] - Statement - fromDateValue = CustomKeywords.projectSpecific.Reusability.getTestData("ReportsPage", "fromDateJan"): projectSpecific.Reusability.getTestData is PASSED

2018-05-28 18:49:12 - [MESSAGE][PASSED] - projectSpecific.Reusability.getTestData is PASSED

2018-05-28 18:49:12 - [TEST_STEP][PASSED] - Statement - If (!(dateAttr.equals(fromDateValue))): null

2018-05-28 18:49:12 - [TEST_STEP][PASSED] - Statement - dateAttr = com.kms.katalon.core.webui.keyword.WebUiBuiltInKeywords.getAttribute(com.kms.katalon.core.testobject.ObjectRepository.findTestObject(ReportsPage/selectedDate2), "value"): Attribute 'value' of object 'Object Repository/ReportsPage/selectedDate2' is: '04/02/2018'

2018-05-28 18:49:12 - [MESSAGE][PASSED] - Attribute 'value' of object 'Object Repository/ReportsPage/selectedDate2' is: '04/02/2018'

2018-05-28 18:49:12 - [TEST_STEP][PASSED] - Statement - toDateValue = CustomKeywords.projectSpecific.Reusability.getTestData("ReportsPage", "toDate8"): projectSpecific.Reusability.getTestData is PASSED

2018-05-28 18:49:12 - [MESSAGE][PASSED] - projectSpecific.Reusability.getTestData is PASSED

2018-05-28 18:49:12 - [TEST_STEP][PASSED] - Statement - If (!(dateAttr.equals(toDateValue))): null

2018-05-28 18:49:12 - [TEST_STEP][PASSED] - uiaction.CommonUIActions.click: uiaction.CommonUIActions.click is PASSED

2018-05-28 18:49:12 - [MESSAGE][PASSED] - uiaction.CommonUIActions.click is PASSED

2018-05-28 18:49:12 - [TEST_STEP][PASSED] - Statement - opencheckbox = CustomKeywords.uiaction.CommonUIActions.isEnabled(com.kms.katalon.core.testobject.ObjectRepository.findTestObject(ReportsPage/Report_opencheckbox)): uiaction.CommonUIActions.isEnabled is PASSED

2018-05-28 18:49:12 - [MESSAGE][PASSED] - uiaction.CommonUIActions.isEnabled is PASSED

2018-05-28 18:49:12 - [TEST_STEP][PASSED] - Statement - If (!(opencheckbox)): null

2018-05-28 18:49:12 - [TEST_STEP][PASSED] - Statement - out.println("Open checkbox is checked bydefault"): null

2018-05-28 18:49:12 - [TEST_STEP][PASSED] - Statement - closecheckbox = CustomKeywords.uiaction.CommonUIActions.isEnabled(com.kms.katalon.core.testobject.ObjectRepository.findTestObject(ReportsPage/Report_closecheckbox)): uiaction.CommonUIActions.isEnabled is PASSED

2018-05-28 18:49:12 - [MESSAGE][PASSED] - uiaction.CommonUIActions.isEnabled is PASSED

2018-05-28 18:49:12 - [TEST_STEP][PASSED] - Statement - If (!(closecheckbox)): null

2018-05-28 18:49:12 - [TEST_STEP][PASSED] - Statement - out.println("Close checkbox is checked bydefault"): null

2018-05-28 18:49:12 - [TEST_STEP][PASSED] - uiaction.CommonUIActions.click: uiaction.CommonUIActions.click is PASSED

2018-05-28 18:49:12 - [MESSAGE][PASSED] - uiaction.CommonUIActions.click is PASSED

2018-05-28 18:49:12 - [TEST_STEP][PASSED] - uiaction.CommonUIActions.click: uiaction.CommonUIActions.click is PASSED

2018-05-28 18:49:12 - [MESSAGE][PASSED] - uiaction.CommonUIActions.click is PASSED

2018-05-28 18:49:12 - [TEST_STEP][PASSED] - verifyElementPresent: Object 'Object Repository/ReportsPage/advancedoption_am' is present

2018-05-28 18:49:12 - [MESSAGE][PASSED] - Object 'Object Repository/ReportsPage/advancedoption_am' is present

2018-05-28 18:49:12 - [TEST_STEP][PASSED] - verifyElementPresent: Object 'Object Repository/ReportsPage/advanceoptions_pm' is present

2018-05-28 18:49:12 - [MESSAGE][PASSED] - Object 'Object Repository/ReportsPage/advanceoptions_pm' is present

2018-05-28 18:49:12 - [TEST_STEP][PASSED] - Statement - open_am = CustomKeywords.uiaction.CommonUIActions.isEnabled(com.kms.katalon.core.testobject.ObjectRepository.findTestObject(ReportsPage/advancedoption_am)): uiaction.CommonUIActions.isEnabled is PASSED

2018-05-28 18:49:12 - [MESSAGE][PASSED] - uiaction.CommonUIActions.isEnabled is PASSED

2018-05-28 18:49:12 - [TEST_STEP][PASSED] - Statement - If (open_am): null

2018-05-28 18:49:12 - [TEST_STEP][PASSED] - Statement - out.println("AM Drop down boxes  enabled"): null

2018-05-28 18:49:12 - [TEST_STEP][PASSED] - Statement - open_pm = CustomKeywords.uiaction.CommonUIActions.isEnabled(com.kms.katalon.core.testobject.ObjectRepository.findTestObject(ReportsPage/advanceoptions_pm)): uiaction.CommonUIActions.isEnabled is PASSED

2018-05-28 18:49:12 - [MESSAGE][PASSED] - uiaction.CommonUIActions.isEnabled is PASSED

2018-05-28 18:49:12 - [TEST_STEP][PASSED] - Statement - If (open_pm): null

2018-05-28 18:49:12 - [TEST_STEP][PASSED] - Statement - out.println("PM Drop down boxes  enabled"): null

2018-05-28 18:49:12 - [TEST_STEP][PASSED] - uiaction.CommonUIActions.click: uiaction.CommonUIActions.click is PASSED

2018-05-28 18:49:12 - [MESSAGE][PASSED] - uiaction.CommonUIActions.click is PASSED

2018-05-28 18:49:12 - [TEST_STEP][PASSED] - uiaction.CommonUIActions.click: uiaction.CommonUIActions.click is PASSED

2018-05-28 18:49:33 - [MESSAGE][PASSED] - uiaction.CommonUIActions.click is PASSED

2018-05-28 18:49:33 - [TEST_STEP][PASSED] - uiaction.CommonUIActions.click: uiaction.CommonUIActions.click is PASSED

2018-05-28 18:49:33 - [MESSAGE][PASSED] - uiaction.CommonUIActions.click is PASSED

2018-05-28 18:49:33 - [TEST_STEP][PASSED] - Statement - open_textboxdata = com.kms.katalon.core.webui.keyword.WebUiBuiltInKeywords.getAttribute(com.kms.katalon.core.testobject.ObjectRepository.findTestObject(ReportsPage/advance_option_opentextbox), "value"): Attribute 'value' of object 'Object Repository/ReportsPage/advance_option_opentextbox' is: '8:47 am'

2018-05-28 18:49:33 - [MESSAGE][PASSED] - Attribute 'value' of object 'Object Repository/ReportsPage/advance_option_opentextbox' is: '8:47 am'

2018-05-28 18:49:33 - [TEST_STEP][PASSED] - Statement - If (!(open_textboxdata.isEmpty())): null

2018-05-28 18:49:33 - [TEST_STEP][PASSED] - Statement - out.println("8:00 am time shown "): null

2018-05-28 18:49:33 - [TEST_STEP][PASSED] - uiaction.CommonUIActions.click: uiaction.CommonUIActions.click is PASSED

2018-05-28 18:49:33 - [MESSAGE][PASSED] - uiaction.CommonUIActions.click is PASSED

2018-05-28 18:49:33 - [TEST_STEP][PASSED] - uiaction.CommonUIActions.click: uiaction.CommonUIActions.click is PASSED

2018-05-28 18:49:34 - [MESSAGE][PASSED] - uiaction.CommonUIActions.click is PASSED

2018-05-28 18:49:34 - [TEST_STEP][PASSED] - uiaction.CommonUIActions.click: uiaction.CommonUIActions.click is PASSED

2018-05-28 18:49:34 - [MESSAGE][PASSED] - uiaction.CommonUIActions.click is PASSED

2018-05-28 18:49:34 - [TEST_STEP][PASSED] - verifyElementPresent: Object 'Object Repository/ReportsPage/advancedoption_am' is present

2018-05-28 18:49:34 - [MESSAGE][PASSED] - Object 'Object Repository/ReportsPage/advancedoption_am' is present

2018-05-28 18:49:34 - [TEST_STEP][PASSED] - verifyElementPresent: Object 'Object Repository/ReportsPage/advanceoptions_pm' is present

2018-05-28 18:49:34 - [MESSAGE][PASSED] - Object 'Object Repository/ReportsPage/advanceoptions_pm' is present

2018-05-28 18:49:34 - [TEST_STEP][PASSED] - Statement - close_am = CustomKeywords.uiaction.CommonUIActions.isEnabled(com.kms.katalon.core.testobject.ObjectRepository.findTestObject(ReportsPage/advancedoption_am)): uiaction.CommonUIActions.isEnabled is PASSED

2018-05-28 18:49:34 - [MESSAGE][PASSED] - uiaction.CommonUIActions.isEnabled is PASSED

2018-05-28 18:49:34 - [TEST_STEP][PASSED] - Statement - If (close_am): null

2018-05-28 18:49:34 - [TEST_STEP][PASSED] - Statement - out.println("AM Drop down boxes  enabled"): null

2018-05-28 18:49:34 - [TEST_STEP][PASSED] - Statement - close_pm = CustomKeywords.uiaction.CommonUIActions.isEnabled(com.kms.katalon.core.testobject.ObjectRepository.findTestObject(ReportsPage/advanceoptions_pm)): uiaction.CommonUIActions.isEnabled is PASSED

2018-05-28 18:49:34 - [MESSAGE][PASSED] - uiaction.CommonUIActions.isEnabled is PASSED

2018-05-28 18:49:34 - [TEST_STEP][PASSED] - Statement - If (close_pm): null

2018-05-28 18:49:34 - [TEST_STEP][PASSED] - Statement - out.println("PM Drop down boxes  enabled"): null

2018-05-28 18:49:34 - [TEST_STEP][PASSED] - uiaction.CommonUIActions.click: uiaction.CommonUIActions.click is PASSED

2018-05-28 18:49:34 - [MESSAGE][PASSED] - uiaction.CommonUIActions.click is PASSED

2018-05-28 18:49:34 - [TEST_STEP][PASSED] - uiaction.CommonUIActions.click: uiaction.CommonUIActions.click is PASSED

2018-05-28 18:49:55 - [MESSAGE][PASSED] - uiaction.CommonUIActions.click is PASSED

2018-05-28 18:49:55 - [TEST_STEP][PASSED] - uiaction.CommonUIActions.click: uiaction.CommonUIActions.click is PASSED

2018-05-28 18:49:55 - [MESSAGE][PASSED] - uiaction.CommonUIActions.click is PASSED

2018-05-28 18:49:55 - [TEST_STEP][PASSED] - Statement - open_textboxdata1 = com.kms.katalon.core.webui.keyword.WebUiBuiltInKeywords.getAttribute(com.kms.katalon.core.testobject.ObjectRepository.findTestObject(ReportsPage/advance_option_closetextbox), "value"): Attribute 'value' of object 'Object Repository/ReportsPage/advance_option_closetextbox' is: '3:47 pm'

2018-05-28 18:49:55 - [MESSAGE][PASSED] - Attribute 'value' of object 'Object Repository/ReportsPage/advance_option_closetextbox' is: '3:47 pm'

2018-05-28 18:49:55 - [TEST_STEP][PASSED] - Statement - If (!(open_textboxdata1.isEmpty())): null

2018-05-28 18:49:55 - [TEST_STEP][PASSED] - Statement - out.println("3:00 pm time shown "): null

2018-05-28 18:49:55 - [TEST_STEP][PASSED] - uiaction.CommonUIActions.click: uiaction.CommonUIActions.click is PASSED

2018-05-28 18:49:55 - [MESSAGE][PASSED] - uiaction.CommonUIActions.click is PASSED

2018-05-28 18:49:55 - [TEST_STEP][PASSED] - delay: Delayed 5 second(s)

2018-05-28 18:50:00 - [MESSAGE][PASSED] - Delayed 5 second(s)

2018-05-28 18:50:00 - [TEST_STEP][PASSED] - uiaction.CommonUIActions.click: uiaction.CommonUIActions.click is PASSED

2018-05-28 18:50:00 - [MESSAGE][PASSED] - uiaction.CommonUIActions.click is PASSED

2018-05-28 18:50:00 - [TEST_STEP][PASSED] - delay: Delayed 10 second(s)

2018-05-28 18:50:10 - [MESSAGE][PASSED] - Delayed 10 second(s)

2018-05-28 18:50:10 - [TEST_STEP][PASSED] - click: Object: 'Object Repository/ReportsPage/generateReport' is clicked on

2018-05-28 18:50:10 - [MESSAGE][PASSED] - Object: 'Object Repository/ReportsPage/generateReport' is clicked on

2018-05-28 18:50:10 - [TEST_STEP][PASSED] - delay: Delayed 10 second(s)

2018-05-28 18:50:20 - [MESSAGE][PASSED] - Delayed 10 second(s)

2018-05-28 18:50:20 - [TEST_STEP][PASSED] - verifyElementPresent: Object 'Object Repository/ReportsPage/report_failure_alertmsg' is present

2018-05-28 18:50:20 - [MESSAGE][PASSED] - Object 'Object Repository/ReportsPage/report_failure_alertmsg' is present

2018-05-28 18:50:20 - [TEST_STEP][PASSED] - delay: Delayed 5 second(s)

2018-05-28 18:50:25 - [MESSAGE][PASSED] - Delayed 5 second(s)

2018-05-28 18:50:25 - [TEST_STEP][PASSED] - uiaction.CommonUIActions.click: uiaction.CommonUIActions.click is PASSED

2018-05-28 18:50:29 - [MESSAGE][PASSED] - uiaction.CommonUIActions.click is PASSED

2018-05-28 18:50:29 - [TEST_STEP][PASSED] - delay: Delayed 5 second(s)

2018-05-28 18:50:34 - [MESSAGE][PASSED] - Delayed 5 second(s)

2018-05-28 18:50:34 - [TEST_STEP][PASSED] - uiaction.CommonUIActions.click: uiaction.CommonUIActions.click is PASSED

2018-05-28 18:50:45 - [MESSAGE][PASSED] - uiaction.CommonUIActions.click is PASSED

2018-05-28 18:50:45 - [TEST_STEP][PASSED] - delay: Delayed 5 second(s)

2018-05-28 18:50:50 - [MESSAGE][PASSED] - Delayed 5 second(s)

2018-05-28 18:50:50 - [TEST_STEP][PASSED] - uiaction.CommonUIActions.click: uiaction.CommonUIActions.click is PASSED

2018-05-28 18:50:51 - [MESSAGE][PASSED] - uiaction.CommonUIActions.click is PASSED

2018-05-28 18:50:51 - [TEST_STEP][PASSED] - delay: Delayed 10 second(s)

2018-05-28 18:51:01 - [MESSAGE][PASSED] - Delayed 10 second(s)

2018-05-28 18:51:01 - [TEST_STEP][PASSED] - uiaction.CommonUIActions.click: uiaction.CommonUIActions.click is PASSED

2018-05-28 18:51:01 - [MESSAGE][PASSED] - uiaction.CommonUIActions.click is PASSED

2018-05-28 18:51:01 - [TEST_STEP][PASSED] - delay: Delayed 10 second(s)

2018-05-28 18:51:11 - [MESSAGE][PASSED] - Delayed 10 second(s)

2018-05-28 18:51:11 - [TEST_STEP][PASSED] - uiaction.CommonUIActions.click: uiaction.CommonUIActions.click is PASSED

2018-05-28 18:51:11 - [MESSAGE][PASSED] - uiaction.CommonUIActions.click is PASSED

2018-05-28 18:51:11 - [TEST_STEP][PASSED] - uiaction.CommonUIActions.click: uiaction.CommonUIActions.click is PASSED

2018-05-28 18:51:11 - [MESSAGE][PASSED] - uiaction.CommonUIActions.click is PASSED

2018-05-28 18:51:11 - [TEST_STEP][PASSED] - uiaction.CommonUIActions.click: uiaction.CommonUIActions.click is PASSED

2018-05-28 18:51:15 - [MESSAGE][PASSED] - uiaction.CommonUIActions.click is PASSED

2018-05-28 18:51:15 - [TEST_STEP][PASSED] - Statement - assert TCflag == true: null

2018-05-28 18:51:15 - [TEST_STEP][PASSED] - Start listener action : sampleAfterTestCase: Browser is closed

2018-05-28 18:51:15 - [TEST_STEP][PASSED] - Statement - println(testCaseContext.getTestCaseId()): null

2018-05-28 18:51:15 - [TEST_STEP][PASSED] - Statement - println(testCaseContext.getTestCaseStatus()): null

2018-05-28 18:51:15 - [TEST_STEP][PASSED] - closeBrowser: Browser is closed

2018-05-28 18:51:15 - [MESSAGE][PASSED] - Browser is closed]]></system-out>
         <system-err><![CDATA[]]></system-err>
      </testcase>
      <testcase name="Test Cases/SummaryReportsTC/HME-Summary Report-15" classname="Test Cases/SummaryReportsTC/HME-Summary Report-15" status="FAILED">
         <failure type="FAILED" message="Unable to verify match between actual text 'Web element with id: 'Object Repository/ReportsPage/report_failure_alertmsg' located by 'By.xpath: //div//ul//li[contains(text(),'Date range invalid')]' not found' and expected text 'Date range invalid. For daypart report select any 3 months period' (Root cause: Actual text 'Web element with id: 'Object Repository/ReportsPage/report_failure_alertmsg' located by 'By.xpath: //div//ul//li[contains(text(),'Date range invalid')]' not found' and expected text 'Date range invalid. For daypart report select any 3 months period' are not matched)"/>
         <system-out><![CDATA[2018-05-28 18:51:15 - [TEST_CASE][FAILED] - Test Cases/SummaryReportsTC/HME-Summary Report-15: Test Cases/SummaryReportsTC/HME-Summary Report-15 FAILED because (of) Unable to verify match between actual text 'Web element with id: 'Object Repository/ReportsPage/report_failure_alertmsg' located by 'By.xpath: //div//ul//li[contains(text(),'Date range invalid')]' not found' and expected text 'Date range invalid. For daypart report select any 3 months period' (Root cause: Actual text 'Web element with id: 'Object Repository/ReportsPage/report_failure_alertmsg' located by 'By.xpath: //div//ul//li[contains(text(),'Date range invalid')]' not found' and expected text 'Date range invalid. For daypart report select any 3 months period' are not matched)

2018-05-28 18:51:15 - [TEST_STEP][PASSED] - Start listener action : sampleBeforeTestCase: uiaction.CommonUIActions.deleteAllCookies is PASSED

2018-05-28 18:51:15 - [TEST_STEP][PASSED] - openBrowser: Browser is opened with url: ''

2018-05-28 18:51:17 - [MESSAGE][PASSED] - Browser is opened with url: ''

2018-05-28 18:51:17 - [TEST_STEP][PASSED] - maximizeWindow: Current window maximized

2018-05-28 18:51:19 - [MESSAGE][PASSED] - Current window maximized

2018-05-28 18:51:19 - [TEST_STEP][PASSED] - uiaction.CommonUIActions.deleteAllCookies: uiaction.CommonUIActions.deleteAllCookies is PASSED

2018-05-28 18:51:19 - [MESSAGE][PASSED] - Delete all cookies successfully

2018-05-28 18:51:19 - [MESSAGE][PASSED] - uiaction.CommonUIActions.deleteAllCookies is PASSED

2018-05-28 18:51:19 - [TEST_STEP][PASSED] - Statement - TCflag = true: null

2018-05-28 18:51:19 - [TEST_STEP][FAILED] - Statement - Try: uiaction.CommonUIActions.click is PASSED

2018-05-28 18:51:19 - [TEST_STEP][PASSED] - navigateToUrl: Navigate to 'https://hme-dev-public-cloud-app.azurewebsites.net/' successfully

2018-05-28 18:51:22 - [MESSAGE][PASSED] - Navigate to 'https://hme-dev-public-cloud-app.azurewebsites.net/' successfully

2018-05-28 18:51:22 - [TEST_STEP][PASSED] - projectSpecific.Reusability.login: projectSpecific.Reusability.login is PASSED

2018-05-28 18:51:22 - [MESSAGE][PASSED] - projectSpecific.Reusability.getTestData is PASSED

2018-05-28 18:51:22 - [MESSAGE][PASSED] - projectSpecific.Reusability.getTestData is PASSED

2018-05-28 18:51:22 - [MESSAGE][PASSED] - Text 'selvendrank@nousinfo.com' is set on object 'Object Repository/LoginPage/Username'

2018-05-28 18:51:22 - [MESSAGE][PASSED] - Text 'nous;123' is set on object 'Object Repository/LoginPage/Password'

2018-05-28 18:51:22 - [MESSAGE][PASSED] - Object: 'Object Repository/LoginPage/Login' is clicked on

2018-05-28 18:51:22 - [MESSAGE][PASSED] - projectSpecific.Reusability.login is PASSED

2018-05-28 18:51:22 - [TEST_STEP][PASSED] - delay: Delayed 10 second(s)

2018-05-28 18:51:32 - [MESSAGE][PASSED] - Delayed 10 second(s)

2018-05-28 18:51:32 - [TEST_STEP][PASSED] - uiaction.CommonUIActions.click: uiaction.CommonUIActions.click is PASSED

2018-05-28 18:52:40 - [MESSAGE][PASSED] - uiaction.CommonUIActions.click is PASSED

2018-05-28 18:52:40 - [TEST_STEP][PASSED] - uiaction.CommonUIActions.click: uiaction.CommonUIActions.click is PASSED

2018-05-28 18:52:43 - [MESSAGE][PASSED] - uiaction.CommonUIActions.click is PASSED

2018-05-28 18:52:43 - [TEST_STEP][PASSED] - uiaction.CommonUIActions.click: uiaction.CommonUIActions.click is PASSED

2018-05-28 18:52:43 - [MESSAGE][PASSED] - uiaction.CommonUIActions.click is PASSED

2018-05-28 18:52:43 - [TEST_STEP][PASSED] - uiaction.CommonUIActions.enter: uiaction.CommonUIActions.enter is PASSED

2018-05-28 18:52:43 - [MESSAGE][PASSED] - projectSpecific.Reusability.getTestData is PASSED

2018-05-28 18:52:43 - [MESSAGE][PASSED] - uiaction.CommonUIActions.enter is PASSED

2018-05-28 18:52:43 - [TEST_STEP][PASSED] - uiaction.CommonUIActions.enter: uiaction.CommonUIActions.enter is PASSED

2018-05-28 18:52:44 - [MESSAGE][PASSED] - projectSpecific.Reusability.getTestData is PASSED

2018-05-28 18:52:44 - [MESSAGE][PASSED] - uiaction.CommonUIActions.enter is PASSED

2018-05-28 18:52:44 - [TEST_STEP][PASSED] - delay: Delayed 10 second(s)

2018-05-28 18:52:54 - [MESSAGE][PASSED] - Delayed 10 second(s)

2018-05-28 18:52:54 - [TEST_STEP][PASSED] - Statement - driver = com.kms.katalon.core.webui.driver.DriverFactory.getWebDriver(): null

2018-05-28 18:52:54 - [TEST_STEP][PASSED] - Statement - grouplist = driver.findElements(org.openqa.selenium.By.xpath("//ul[@class='unlinked-grouplist']/li")): null

2018-05-28 18:52:54 - [TEST_STEP][PASSED] - delay: Delayed 5 second(s)

2018-05-28 18:52:59 - [MESSAGE][PASSED] - Delayed 5 second(s)

2018-05-28 18:52:59 - [TEST_STEP][PASSED] - Statement - pattern = java.util.regex.Pattern.compile("[0-9]+"): null

2018-05-28 18:52:59 - [TEST_STEP][PASSED] - Statement - store_count = 1: null

2018-05-28 18:52:59 - [TEST_STEP][PASSED] - Statement - For ([i = 0, i < 100, (i++)]): null

2018-05-28 18:52:59 - [TEST_STEP][PASSED] - Statement - println(grouplist.get(i).getText()): null

2018-05-28 18:52:59 - [TEST_STEP][PASSED] - Statement - txt = grouplist.get(i).getText(): null

2018-05-28 18:52:59 - [TEST_STEP][PASSED] - Statement - matched = pattern.matcher(txt).matches(): null

2018-05-28 18:52:59 - [TEST_STEP][PASSED] - Statement - If (matched): null

2018-05-28 18:52:59 - [TEST_STEP][PASSED] - Statement - println(grouplist.get(i).getText()): null

2018-05-28 18:52:59 - [TEST_STEP][PASSED] - Statement - txt = grouplist.get(i).getText(): null

2018-05-28 18:52:59 - [TEST_STEP][PASSED] - Statement - matched = pattern.matcher(txt).matches(): null

2018-05-28 18:52:59 - [TEST_STEP][PASSED] - Statement - If (matched): null

2018-05-28 18:52:59 - [TEST_STEP][PASSED] - Statement - println(grouplist.get(i).getText()): null

2018-05-28 18:52:59 - [TEST_STEP][PASSED] - Statement - txt = grouplist.get(i).getText(): null

2018-05-28 18:52:59 - [TEST_STEP][PASSED] - Statement - matched = pattern.matcher(txt).matches(): null

2018-05-28 18:52:59 - [TEST_STEP][PASSED] - Statement - If (matched): null

2018-05-28 18:52:59 - [TEST_STEP][PASSED] - Statement - println(grouplist.get(i).getText()): null

2018-05-28 18:52:59 - [TEST_STEP][PASSED] - Statement - txt = grouplist.get(i).getText(): null

2018-05-28 18:52:59 - [TEST_STEP][PASSED] - Statement - matched = pattern.matcher(txt).matches(): null

2018-05-28 18:52:59 - [TEST_STEP][PASSED] - Statement - If (matched): null

2018-05-28 18:52:59 - [TEST_STEP][PASSED] - Statement - println(grouplist.get(i).getText()): null

2018-05-28 18:52:59 - [TEST_STEP][PASSED] - Statement - txt = grouplist.get(i).getText(): null

2018-05-28 18:52:59 - [TEST_STEP][PASSED] - Statement - matched = pattern.matcher(txt).matches(): null

2018-05-28 18:52:59 - [TEST_STEP][PASSED] - Statement - If (matched): null

2018-05-28 18:52:59 - [TEST_STEP][PASSED] - Statement - println(grouplist.get(i).getText()): null

2018-05-28 18:52:59 - [TEST_STEP][PASSED] - Statement - txt = grouplist.get(i).getText(): null

2018-05-28 18:52:59 - [TEST_STEP][PASSED] - Statement - matched = pattern.matcher(txt).matches(): null

2018-05-28 18:52:59 - [TEST_STEP][PASSED] - Statement - If (matched): null

2018-05-28 18:52:59 - [TEST_STEP][PASSED] - Statement - println(grouplist.get(i).getText()): null

2018-05-28 18:52:59 - [TEST_STEP][PASSED] - Statement - txt = grouplist.get(i).getText(): null

2018-05-28 18:52:59 - [TEST_STEP][PASSED] - Statement - matched = pattern.matcher(txt).matches(): null

2018-05-28 18:52:59 - [TEST_STEP][PASSED] - Statement - If (matched): null

2018-05-28 18:52:59 - [TEST_STEP][PASSED] - Statement - println(grouplist.get(i).getText()): null

2018-05-28 18:52:59 - [TEST_STEP][PASSED] - Statement - txt = grouplist.get(i).getText(): null

2018-05-28 18:52:59 - [TEST_STEP][PASSED] - Statement - matched = pattern.matcher(txt).matches(): null

2018-05-28 18:52:59 - [TEST_STEP][PASSED] - Statement - If (matched): null

2018-05-28 18:52:59 - [TEST_STEP][PASSED] - Statement - driver.findElement(org.openqa.selenium.By.xpath("(//ul[@class='unlinked-grouplist']/li/label)[" + i + 1 + "]")).click(): null

2018-05-28 18:52:59 - [TEST_STEP][PASSED] - Statement - (store_count++): null

2018-05-28 18:52:59 - [TEST_STEP][PASSED] - Statement - println(grouplist.get(i).getText()): null

2018-05-28 18:52:59 - [TEST_STEP][PASSED] - Statement - txt = grouplist.get(i).getText(): null

2018-05-28 18:52:59 - [TEST_STEP][PASSED] - Statement - matched = pattern.matcher(txt).matches(): null

2018-05-28 18:52:59 - [TEST_STEP][PASSED] - Statement - If (matched): null

2018-05-28 18:52:59 - [TEST_STEP][PASSED] - Statement - driver.findElement(org.openqa.selenium.By.xpath("(//ul[@class='unlinked-grouplist']/li/label)[" + i + 1 + "]")).click(): null

2018-05-28 18:52:59 - [TEST_STEP][PASSED] - Statement - (store_count++): null

2018-05-28 18:52:59 - [TEST_STEP][PASSED] - Statement - println(grouplist.get(i).getText()): null

2018-05-28 18:52:59 - [TEST_STEP][PASSED] - Statement - txt = grouplist.get(i).getText(): null

2018-05-28 18:52:59 - [TEST_STEP][PASSED] - Statement - matched = pattern.matcher(txt).matches(): null

2018-05-28 18:52:59 - [TEST_STEP][PASSED] - Statement - If (matched): null

2018-05-28 18:52:59 - [TEST_STEP][PASSED] - Statement - driver.findElement(org.openqa.selenium.By.xpath("(//ul[@class='unlinked-grouplist']/li/label)[" + i + 1 + "]")).click(): null

2018-05-28 18:52:59 - [TEST_STEP][PASSED] - Statement - (store_count++): null

2018-05-28 18:52:59 - [TEST_STEP][PASSED] - Statement - println(grouplist.get(i).getText()): null

2018-05-28 18:52:59 - [TEST_STEP][PASSED] - Statement - txt = grouplist.get(i).getText(): null

2018-05-28 18:52:59 - [TEST_STEP][PASSED] - Statement - matched = pattern.matcher(txt).matches(): null

2018-05-28 18:52:59 - [TEST_STEP][PASSED] - Statement - If (matched): null

2018-05-28 18:52:59 - [TEST_STEP][PASSED] - Statement - driver.findElement(org.openqa.selenium.By.xpath("(//ul[@class='unlinked-grouplist']/li/label)[" + i + 1 + "]")).click(): null

2018-05-28 18:52:59 - [TEST_STEP][PASSED] - Statement - (store_count++): null

2018-05-28 18:52:59 - [TEST_STEP][PASSED] - Statement - println(grouplist.get(i).getText()): null

2018-05-28 18:52:59 - [TEST_STEP][PASSED] - Statement - txt = grouplist.get(i).getText(): null

2018-05-28 18:52:59 - [TEST_STEP][PASSED] - Statement - matched = pattern.matcher(txt).matches(): null

2018-05-28 18:52:59 - [TEST_STEP][PASSED] - Statement - If (matched): null

2018-05-28 18:52:59 - [TEST_STEP][PASSED] - Statement - driver.findElement(org.openqa.selenium.By.xpath("(//ul[@class='unlinked-grouplist']/li/label)[" + i + 1 + "]")).click(): null

2018-05-28 18:52:59 - [TEST_STEP][PASSED] - Statement - (store_count++): null

2018-05-28 18:52:59 - [TEST_STEP][PASSED] - Statement - println(grouplist.get(i).getText()): null

2018-05-28 18:52:59 - [TEST_STEP][PASSED] - Statement - txt = grouplist.get(i).getText(): null

2018-05-28 18:52:59 - [TEST_STEP][PASSED] - Statement - matched = pattern.matcher(txt).matches(): null

2018-05-28 18:52:59 - [TEST_STEP][PASSED] - Statement - If (matched): null

2018-05-28 18:52:59 - [TEST_STEP][PASSED] - Statement - driver.findElement(org.openqa.selenium.By.xpath("(//ul[@class='unlinked-grouplist']/li/label)[" + i + 1 + "]")).click(): null

2018-05-28 18:52:59 - [TEST_STEP][PASSED] - Statement - (store_count++): null

2018-05-28 18:52:59 - [TEST_STEP][PASSED] - Statement - println(grouplist.get(i).getText()): null

2018-05-28 18:52:59 - [TEST_STEP][PASSED] - Statement - txt = grouplist.get(i).getText(): null

2018-05-28 18:52:59 - [TEST_STEP][PASSED] - Statement - matched = pattern.matcher(txt).matches(): null

2018-05-28 18:52:59 - [TEST_STEP][PASSED] - Statement - If (matched): null

2018-05-28 18:52:59 - [TEST_STEP][PASSED] - Statement - driver.findElement(org.openqa.selenium.By.xpath("(//ul[@class='unlinked-grouplist']/li/label)[" + i + 1 + "]")).click(): null

2018-05-28 18:53:00 - [TEST_STEP][PASSED] - Statement - (store_count++): null

2018-05-28 18:53:00 - [TEST_STEP][PASSED] - Statement - println(grouplist.get(i).getText()): null

2018-05-28 18:53:00 - [TEST_STEP][PASSED] - Statement - txt = grouplist.get(i).getText(): null

2018-05-28 18:53:00 - [TEST_STEP][PASSED] - Statement - matched = pattern.matcher(txt).matches(): null

2018-05-28 18:53:00 - [TEST_STEP][PASSED] - Statement - If (matched): null

2018-05-28 18:53:00 - [TEST_STEP][PASSED] - Statement - driver.findElement(org.openqa.selenium.By.xpath("(//ul[@class='unlinked-grouplist']/li/label)[" + i + 1 + "]")).click(): null

2018-05-28 18:53:00 - [TEST_STEP][PASSED] - Statement - (store_count++): null

2018-05-28 18:53:00 - [TEST_STEP][PASSED] - Statement - println(grouplist.get(i).getText()): null

2018-05-28 18:53:00 - [TEST_STEP][PASSED] - Statement - txt = grouplist.get(i).getText(): null

2018-05-28 18:53:00 - [TEST_STEP][PASSED] - Statement - matched = pattern.matcher(txt).matches(): null

2018-05-28 18:53:00 - [TEST_STEP][PASSED] - Statement - If (matched): null

2018-05-28 18:53:00 - [TEST_STEP][PASSED] - Statement - driver.findElement(org.openqa.selenium.By.xpath("(//ul[@class='unlinked-grouplist']/li/label)[" + i + 1 + "]")).click(): null

2018-05-28 18:53:00 - [TEST_STEP][PASSED] - Statement - (store_count++): null

2018-05-28 18:53:00 - [TEST_STEP][PASSED] - Statement - println(grouplist.get(i).getText()): null

2018-05-28 18:53:00 - [TEST_STEP][PASSED] - Statement - txt = grouplist.get(i).getText(): null

2018-05-28 18:53:00 - [TEST_STEP][PASSED] - Statement - matched = pattern.matcher(txt).matches(): null

2018-05-28 18:53:00 - [TEST_STEP][PASSED] - Statement - If (matched): null

2018-05-28 18:53:00 - [TEST_STEP][PASSED] - Statement - driver.findElement(org.openqa.selenium.By.xpath("(//ul[@class='unlinked-grouplist']/li/label)[" + i + 1 + "]")).click(): null

2018-05-28 18:53:00 - [TEST_STEP][PASSED] - Statement - (store_count++): null

2018-05-28 18:53:00 - [TEST_STEP][PASSED] - Statement - println(grouplist.get(i).getText()): null

2018-05-28 18:53:00 - [TEST_STEP][PASSED] - Statement - txt = grouplist.get(i).getText(): null

2018-05-28 18:53:00 - [TEST_STEP][PASSED] - Statement - matched = pattern.matcher(txt).matches(): null

2018-05-28 18:53:00 - [TEST_STEP][PASSED] - Statement - If (matched): null

2018-05-28 18:53:00 - [TEST_STEP][PASSED] - Statement - driver.findElement(org.openqa.selenium.By.xpath("(//ul[@class='unlinked-grouplist']/li/label)[" + i + 1 + "]")).click(): null

2018-05-28 18:53:00 - [TEST_STEP][PASSED] - Statement - (store_count++): null

2018-05-28 18:53:00 - [TEST_STEP][PASSED] - Statement - println(grouplist.get(i).getText()): null

2018-05-28 18:53:00 - [TEST_STEP][PASSED] - Statement - txt = grouplist.get(i).getText(): null

2018-05-28 18:53:00 - [TEST_STEP][PASSED] - Statement - matched = pattern.matcher(txt).matches(): null

2018-05-28 18:53:00 - [TEST_STEP][PASSED] - Statement - If (matched): null

2018-05-28 18:53:00 - [TEST_STEP][PASSED] - Statement - driver.findElement(org.openqa.selenium.By.xpath("(//ul[@class='unlinked-grouplist']/li/label)[" + i + 1 + "]")).click(): null

2018-05-28 18:53:00 - [TEST_STEP][PASSED] - Statement - (store_count++): null

2018-05-28 18:53:00 - [TEST_STEP][PASSED] - Statement - println(grouplist.get(i).getText()): null

2018-05-28 18:53:00 - [TEST_STEP][PASSED] - Statement - txt = grouplist.get(i).getText(): null

2018-05-28 18:53:00 - [TEST_STEP][PASSED] - Statement - matched = pattern.matcher(txt).matches(): null

2018-05-28 18:53:00 - [TEST_STEP][PASSED] - Statement - If (matched): null

2018-05-28 18:53:00 - [TEST_STEP][PASSED] - Statement - driver.findElement(org.openqa.selenium.By.xpath("(//ul[@class='unlinked-grouplist']/li/label)[" + i + 1 + "]")).click(): null

2018-05-28 18:53:00 - [TEST_STEP][PASSED] - Statement - (store_count++): null

2018-05-28 18:53:00 - [TEST_STEP][PASSED] - Statement - println(grouplist.get(i).getText()): null

2018-05-28 18:53:00 - [TEST_STEP][PASSED] - Statement - txt = grouplist.get(i).getText(): null

2018-05-28 18:53:00 - [TEST_STEP][PASSED] - Statement - matched = pattern.matcher(txt).matches(): null

2018-05-28 18:53:00 - [TEST_STEP][PASSED] - Statement - If (matched): null

2018-05-28 18:53:00 - [TEST_STEP][PASSED] - Statement - driver.findElement(org.openqa.selenium.By.xpath("(//ul[@class='unlinked-grouplist']/li/label)[" + i + 1 + "]")).click(): null

2018-05-28 18:53:00 - [TEST_STEP][PASSED] - Statement - (store_count++): null

2018-05-28 18:53:00 - [TEST_STEP][PASSED] - Statement - println(grouplist.get(i).getText()): null

2018-05-28 18:53:00 - [TEST_STEP][PASSED] - Statement - txt = grouplist.get(i).getText(): null

2018-05-28 18:53:00 - [TEST_STEP][PASSED] - Statement - matched = pattern.matcher(txt).matches(): null

2018-05-28 18:53:00 - [TEST_STEP][PASSED] - Statement - If (matched): null

2018-05-28 18:53:00 - [TEST_STEP][PASSED] - Statement - driver.findElement(org.openqa.selenium.By.xpath("(//ul[@class='unlinked-grouplist']/li/label)[" + i + 1 + "]")).click(): null

2018-05-28 18:53:00 - [TEST_STEP][PASSED] - Statement - (store_count++): null

2018-05-28 18:53:00 - [TEST_STEP][PASSED] - Statement - println(grouplist.get(i).getText()): null

2018-05-28 18:53:00 - [TEST_STEP][PASSED] - Statement - txt = grouplist.get(i).getText(): null

2018-05-28 18:53:00 - [TEST_STEP][PASSED] - Statement - matched = pattern.matcher(txt).matches(): null

2018-05-28 18:53:00 - [TEST_STEP][PASSED] - Statement - If (matched): null

2018-05-28 18:53:00 - [TEST_STEP][PASSED] - Statement - driver.findElement(org.openqa.selenium.By.xpath("(//ul[@class='unlinked-grouplist']/li/label)[" + i + 1 + "]")).click(): null

2018-05-28 18:53:00 - [TEST_STEP][PASSED] - Statement - (store_count++): null

2018-05-28 18:53:00 - [TEST_STEP][PASSED] - Statement - println(grouplist.get(i).getText()): null

2018-05-28 18:53:00 - [TEST_STEP][PASSED] - Statement - txt = grouplist.get(i).getText(): null

2018-05-28 18:53:00 - [TEST_STEP][PASSED] - Statement - matched = pattern.matcher(txt).matches(): null

2018-05-28 18:53:00 - [TEST_STEP][PASSED] - Statement - If (matched): null

2018-05-28 18:53:00 - [TEST_STEP][PASSED] - Statement - driver.findElement(org.openqa.selenium.By.xpath("(//ul[@class='unlinked-grouplist']/li/label)[" + i + 1 + "]")).click(): null

2018-05-28 18:53:00 - [TEST_STEP][PASSED] - Statement - (store_count++): null

2018-05-28 18:53:00 - [TEST_STEP][PASSED] - Statement - println(grouplist.get(i).getText()): null

2018-05-28 18:53:00 - [TEST_STEP][PASSED] - Statement - txt = grouplist.get(i).getText(): null

2018-05-28 18:53:00 - [TEST_STEP][PASSED] - Statement - matched = pattern.matcher(txt).matches(): null

2018-05-28 18:53:00 - [TEST_STEP][PASSED] - Statement - If (matched): null

2018-05-28 18:53:00 - [TEST_STEP][PASSED] - Statement - driver.findElement(org.openqa.selenium.By.xpath("(//ul[@class='unlinked-grouplist']/li/label)[" + i + 1 + "]")).click(): null

2018-05-28 18:53:00 - [TEST_STEP][PASSED] - Statement - (store_count++): null

2018-05-28 18:53:00 - [TEST_STEP][PASSED] - Statement - println(grouplist.get(i).getText()): null

2018-05-28 18:53:01 - [TEST_STEP][PASSED] - Statement - txt = grouplist.get(i).getText(): null

2018-05-28 18:53:01 - [TEST_STEP][PASSED] - Statement - matched = pattern.matcher(txt).matches(): null

2018-05-28 18:53:01 - [TEST_STEP][PASSED] - Statement - If (matched): null

2018-05-28 18:53:01 - [TEST_STEP][PASSED] - Statement - driver.findElement(org.openqa.selenium.By.xpath("(//ul[@class='unlinked-grouplist']/li/label)[" + i + 1 + "]")).click(): null

2018-05-28 18:53:01 - [TEST_STEP][PASSED] - Statement - (store_count++): null

2018-05-28 18:53:01 - [TEST_STEP][PASSED] - Statement - println(grouplist.get(i).getText()): null

2018-05-28 18:53:01 - [TEST_STEP][PASSED] - Statement - txt = grouplist.get(i).getText(): null

2018-05-28 18:53:01 - [TEST_STEP][PASSED] - Statement - matched = pattern.matcher(txt).matches(): null

2018-05-28 18:53:01 - [TEST_STEP][PASSED] - Statement - If (matched): null

2018-05-28 18:53:01 - [TEST_STEP][PASSED] - Statement - driver.findElement(org.openqa.selenium.By.xpath("(//ul[@class='unlinked-grouplist']/li/label)[" + i + 1 + "]")).click(): null

2018-05-28 18:53:01 - [TEST_STEP][PASSED] - Statement - (store_count++): null

2018-05-28 18:53:01 - [TEST_STEP][PASSED] - Statement - println(grouplist.get(i).getText()): null

2018-05-28 18:53:01 - [TEST_STEP][PASSED] - Statement - txt = grouplist.get(i).getText(): null

2018-05-28 18:53:01 - [TEST_STEP][PASSED] - Statement - matched = pattern.matcher(txt).matches(): null

2018-05-28 18:53:01 - [TEST_STEP][PASSED] - Statement - If (matched): null

2018-05-28 18:53:01 - [TEST_STEP][PASSED] - Statement - driver.findElement(org.openqa.selenium.By.xpath("(//ul[@class='unlinked-grouplist']/li/label)[" + i + 1 + "]")).click(): null

2018-05-28 18:53:01 - [TEST_STEP][PASSED] - Statement - (store_count++): null

2018-05-28 18:53:01 - [TEST_STEP][PASSED] - Statement - println(grouplist.get(i).getText()): null

2018-05-28 18:53:01 - [TEST_STEP][PASSED] - Statement - txt = grouplist.get(i).getText(): null

2018-05-28 18:53:01 - [TEST_STEP][PASSED] - Statement - matched = pattern.matcher(txt).matches(): null

2018-05-28 18:53:01 - [TEST_STEP][PASSED] - Statement - If (matched): null

2018-05-28 18:53:01 - [TEST_STEP][PASSED] - Statement - driver.findElement(org.openqa.selenium.By.xpath("(//ul[@class='unlinked-grouplist']/li/label)[" + i + 1 + "]")).click(): null

2018-05-28 18:53:01 - [TEST_STEP][PASSED] - Statement - (store_count++): null

2018-05-28 18:53:01 - [TEST_STEP][PASSED] - Statement - println(grouplist.get(i).getText()): null

2018-05-28 18:53:01 - [TEST_STEP][PASSED] - Statement - txt = grouplist.get(i).getText(): null

2018-05-28 18:53:01 - [TEST_STEP][PASSED] - Statement - matched = pattern.matcher(txt).matches(): null

2018-05-28 18:53:01 - [TEST_STEP][PASSED] - Statement - If (matched): null

2018-05-28 18:53:01 - [TEST_STEP][PASSED] - Statement - driver.findElement(org.openqa.selenium.By.xpath("(//ul[@class='unlinked-grouplist']/li/label)[" + i + 1 + "]")).click(): null

2018-05-28 18:53:01 - [TEST_STEP][PASSED] - Statement - (store_count++): null

2018-05-28 18:53:01 - [TEST_STEP][PASSED] - Statement - println(grouplist.get(i).getText()): null

2018-05-28 18:53:01 - [TEST_STEP][PASSED] - Statement - txt = grouplist.get(i).getText(): null

2018-05-28 18:53:01 - [TEST_STEP][PASSED] - Statement - matched = pattern.matcher(txt).matches(): null

2018-05-28 18:53:01 - [TEST_STEP][PASSED] - Statement - If (matched): null

2018-05-28 18:53:01 - [TEST_STEP][PASSED] - Statement - driver.findElement(org.openqa.selenium.By.xpath("(//ul[@class='unlinked-grouplist']/li/label)[" + i + 1 + "]")).click(): null

2018-05-28 18:53:01 - [TEST_STEP][PASSED] - Statement - (store_count++): null

2018-05-28 18:53:01 - [TEST_STEP][PASSED] - Statement - println(grouplist.get(i).getText()): null

2018-05-28 18:53:01 - [TEST_STEP][PASSED] - Statement - txt = grouplist.get(i).getText(): null

2018-05-28 18:53:01 - [TEST_STEP][PASSED] - Statement - matched = pattern.matcher(txt).matches(): null

2018-05-28 18:53:01 - [TEST_STEP][PASSED] - Statement - If (matched): null

2018-05-28 18:53:01 - [TEST_STEP][PASSED] - Statement - driver.findElement(org.openqa.selenium.By.xpath("(//ul[@class='unlinked-grouplist']/li/label)[" + i + 1 + "]")).click(): null

2018-05-28 18:53:01 - [TEST_STEP][PASSED] - Statement - (store_count++): null

2018-05-28 18:53:01 - [TEST_STEP][PASSED] - Statement - println(grouplist.get(i).getText()): null

2018-05-28 18:53:01 - [TEST_STEP][PASSED] - Statement - txt = grouplist.get(i).getText(): null

2018-05-28 18:53:01 - [TEST_STEP][PASSED] - Statement - matched = pattern.matcher(txt).matches(): null

2018-05-28 18:53:01 - [TEST_STEP][PASSED] - Statement - If (matched): null

2018-05-28 18:53:01 - [TEST_STEP][PASSED] - Statement - driver.findElement(org.openqa.selenium.By.xpath("(//ul[@class='unlinked-grouplist']/li/label)[" + i + 1 + "]")).click(): null

2018-05-28 18:53:01 - [TEST_STEP][PASSED] - Statement - (store_count++): null

2018-05-28 18:53:01 - [TEST_STEP][PASSED] - Statement - println(grouplist.get(i).getText()): null

2018-05-28 18:53:01 - [TEST_STEP][PASSED] - Statement - txt = grouplist.get(i).getText(): null

2018-05-28 18:53:01 - [TEST_STEP][PASSED] - Statement - matched = pattern.matcher(txt).matches(): null

2018-05-28 18:53:01 - [TEST_STEP][PASSED] - Statement - If (matched): null

2018-05-28 18:53:01 - [TEST_STEP][PASSED] - Statement - driver.findElement(org.openqa.selenium.By.xpath("(//ul[@class='unlinked-grouplist']/li/label)[" + i + 1 + "]")).click(): null

2018-05-28 18:53:01 - [TEST_STEP][PASSED] - Statement - (store_count++): null

2018-05-28 18:53:01 - [TEST_STEP][PASSED] - Statement - println(grouplist.get(i).getText()): null

2018-05-28 18:53:01 - [TEST_STEP][PASSED] - Statement - txt = grouplist.get(i).getText(): null

2018-05-28 18:53:01 - [TEST_STEP][PASSED] - Statement - matched = pattern.matcher(txt).matches(): null

2018-05-28 18:53:01 - [TEST_STEP][PASSED] - Statement - If (matched): null

2018-05-28 18:53:01 - [TEST_STEP][PASSED] - Statement - driver.findElement(org.openqa.selenium.By.xpath("(//ul[@class='unlinked-grouplist']/li/label)[" + i + 1 + "]")).click(): null

2018-05-28 18:53:01 - [TEST_STEP][PASSED] - Statement - (store_count++): null

2018-05-28 18:53:01 - [TEST_STEP][PASSED] - Statement - println(grouplist.get(i).getText()): null

2018-05-28 18:53:01 - [TEST_STEP][PASSED] - Statement - txt = grouplist.get(i).getText(): null

2018-05-28 18:53:01 - [TEST_STEP][PASSED] - Statement - matched = pattern.matcher(txt).matches(): null

2018-05-28 18:53:01 - [TEST_STEP][PASSED] - Statement - If (matched): null

2018-05-28 18:53:01 - [TEST_STEP][PASSED] - Statement - driver.findElement(org.openqa.selenium.By.xpath("(//ul[@class='unlinked-grouplist']/li/label)[" + i + 1 + "]")).click(): null

2018-05-28 18:53:01 - [TEST_STEP][PASSED] - Statement - (store_count++): null

2018-05-28 18:53:01 - [TEST_STEP][PASSED] - Statement - println(grouplist.get(i).getText()): null

2018-05-28 18:53:01 - [TEST_STEP][PASSED] - Statement - txt = grouplist.get(i).getText(): null

2018-05-28 18:53:01 - [TEST_STEP][PASSED] - Statement - matched = pattern.matcher(txt).matches(): null

2018-05-28 18:53:01 - [TEST_STEP][PASSED] - Statement - If (matched): null

2018-05-28 18:53:01 - [TEST_STEP][PASSED] - Statement - driver.findElement(org.openqa.selenium.By.xpath("(//ul[@class='unlinked-grouplist']/li/label)[" + i + 1 + "]")).click(): null

2018-05-28 18:53:01 - [TEST_STEP][PASSED] - Statement - (store_count++): null

2018-05-28 18:53:01 - [TEST_STEP][PASSED] - Statement - println(grouplist.get(i).getText()): null

2018-05-28 18:53:02 - [TEST_STEP][PASSED] - Statement - txt = grouplist.get(i).getText(): null

2018-05-28 18:53:02 - [TEST_STEP][PASSED] - Statement - matched = pattern.matcher(txt).matches(): null

2018-05-28 18:53:02 - [TEST_STEP][PASSED] - Statement - If (matched): null

2018-05-28 18:53:02 - [TEST_STEP][PASSED] - Statement - driver.findElement(org.openqa.selenium.By.xpath("(//ul[@class='unlinked-grouplist']/li/label)[" + i + 1 + "]")).click(): null

2018-05-28 18:53:02 - [TEST_STEP][PASSED] - Statement - (store_count++): null

2018-05-28 18:53:02 - [TEST_STEP][PASSED] - Statement - println(grouplist.get(i).getText()): null

2018-05-28 18:53:02 - [TEST_STEP][PASSED] - Statement - txt = grouplist.get(i).getText(): null

2018-05-28 18:53:02 - [TEST_STEP][PASSED] - Statement - matched = pattern.matcher(txt).matches(): null

2018-05-28 18:53:02 - [TEST_STEP][PASSED] - Statement - If (matched): null

2018-05-28 18:53:02 - [TEST_STEP][PASSED] - Statement - driver.findElement(org.openqa.selenium.By.xpath("(//ul[@class='unlinked-grouplist']/li/label)[" + i + 1 + "]")).click(): null

2018-05-28 18:53:02 - [TEST_STEP][PASSED] - Statement - (store_count++): null

2018-05-28 18:53:02 - [TEST_STEP][PASSED] - Statement - println(grouplist.get(i).getText()): null

2018-05-28 18:53:02 - [TEST_STEP][PASSED] - Statement - txt = grouplist.get(i).getText(): null

2018-05-28 18:53:02 - [TEST_STEP][PASSED] - Statement - matched = pattern.matcher(txt).matches(): null

2018-05-28 18:53:02 - [TEST_STEP][PASSED] - Statement - If (matched): null

2018-05-28 18:53:02 - [TEST_STEP][PASSED] - Statement - driver.findElement(org.openqa.selenium.By.xpath("(//ul[@class='unlinked-grouplist']/li/label)[" + i + 1 + "]")).click(): null

2018-05-28 18:53:02 - [TEST_STEP][PASSED] - Statement - (store_count++): null

2018-05-28 18:53:02 - [TEST_STEP][PASSED] - Statement - println(grouplist.get(i).getText()): null

2018-05-28 18:53:02 - [TEST_STEP][PASSED] - Statement - txt = grouplist.get(i).getText(): null

2018-05-28 18:53:02 - [TEST_STEP][PASSED] - Statement - matched = pattern.matcher(txt).matches(): null

2018-05-28 18:53:02 - [TEST_STEP][PASSED] - Statement - If (matched): null

2018-05-28 18:53:02 - [TEST_STEP][PASSED] - Statement - driver.findElement(org.openqa.selenium.By.xpath("(//ul[@class='unlinked-grouplist']/li/label)[" + i + 1 + "]")).click(): null

2018-05-28 18:53:02 - [TEST_STEP][PASSED] - Statement - (store_count++): null

2018-05-28 18:53:02 - [TEST_STEP][PASSED] - Statement - println(grouplist.get(i).getText()): null

2018-05-28 18:53:02 - [TEST_STEP][PASSED] - Statement - txt = grouplist.get(i).getText(): null

2018-05-28 18:53:02 - [TEST_STEP][PASSED] - Statement - matched = pattern.matcher(txt).matches(): null

2018-05-28 18:53:02 - [TEST_STEP][PASSED] - Statement - If (matched): null

2018-05-28 18:53:02 - [TEST_STEP][PASSED] - Statement - driver.findElement(org.openqa.selenium.By.xpath("(//ul[@class='unlinked-grouplist']/li/label)[" + i + 1 + "]")).click(): null

2018-05-28 18:53:02 - [TEST_STEP][PASSED] - Statement - (store_count++): null

2018-05-28 18:53:02 - [TEST_STEP][PASSED] - Statement - println(grouplist.get(i).getText()): null

2018-05-28 18:53:02 - [TEST_STEP][PASSED] - Statement - txt = grouplist.get(i).getText(): null

2018-05-28 18:53:02 - [TEST_STEP][PASSED] - Statement - matched = pattern.matcher(txt).matches(): null

2018-05-28 18:53:02 - [TEST_STEP][PASSED] - Statement - If (matched): null

2018-05-28 18:53:02 - [TEST_STEP][PASSED] - Statement - driver.findElement(org.openqa.selenium.By.xpath("(//ul[@class='unlinked-grouplist']/li/label)[" + i + 1 + "]")).click(): null

2018-05-28 18:53:02 - [TEST_STEP][PASSED] - Statement - (store_count++): null

2018-05-28 18:53:02 - [TEST_STEP][PASSED] - Statement - println(grouplist.get(i).getText()): null

2018-05-28 18:53:02 - [TEST_STEP][PASSED] - Statement - txt = grouplist.get(i).getText(): null

2018-05-28 18:53:02 - [TEST_STEP][PASSED] - Statement - matched = pattern.matcher(txt).matches(): null

2018-05-28 18:53:02 - [TEST_STEP][PASSED] - Statement - If (matched): null

2018-05-28 18:53:02 - [TEST_STEP][PASSED] - Statement - driver.findElement(org.openqa.selenium.By.xpath("(//ul[@class='unlinked-grouplist']/li/label)[" + i + 1 + "]")).click(): null

2018-05-28 18:53:02 - [TEST_STEP][PASSED] - Statement - (store_count++): null

2018-05-28 18:53:02 - [TEST_STEP][PASSED] - Statement - println(grouplist.get(i).getText()): null

2018-05-28 18:53:02 - [TEST_STEP][PASSED] - Statement - txt = grouplist.get(i).getText(): null

2018-05-28 18:53:02 - [TEST_STEP][PASSED] - Statement - matched = pattern.matcher(txt).matches(): null

2018-05-28 18:53:02 - [TEST_STEP][PASSED] - Statement - If (matched): null

2018-05-28 18:53:02 - [TEST_STEP][PASSED] - Statement - driver.findElement(org.openqa.selenium.By.xpath("(//ul[@class='unlinked-grouplist']/li/label)[" + i + 1 + "]")).click(): null

2018-05-28 18:53:02 - [TEST_STEP][PASSED] - Statement - (store_count++): null

2018-05-28 18:53:02 - [TEST_STEP][PASSED] - Statement - println(grouplist.get(i).getText()): null

2018-05-28 18:53:02 - [TEST_STEP][PASSED] - Statement - txt = grouplist.get(i).getText(): null

2018-05-28 18:53:02 - [TEST_STEP][PASSED] - Statement - matched = pattern.matcher(txt).matches(): null

2018-05-28 18:53:02 - [TEST_STEP][PASSED] - Statement - If (matched): null

2018-05-28 18:53:02 - [TEST_STEP][PASSED] - Statement - driver.findElement(org.openqa.selenium.By.xpath("(//ul[@class='unlinked-grouplist']/li/label)[" + i + 1 + "]")).click(): null

2018-05-28 18:53:02 - [TEST_STEP][PASSED] - Statement - (store_count++): null

2018-05-28 18:53:02 - [TEST_STEP][PASSED] - Statement - println(grouplist.get(i).getText()): null

2018-05-28 18:53:02 - [TEST_STEP][PASSED] - Statement - txt = grouplist.get(i).getText(): null

2018-05-28 18:53:02 - [TEST_STEP][PASSED] - Statement - matched = pattern.matcher(txt).matches(): null

2018-05-28 18:53:02 - [TEST_STEP][PASSED] - Statement - If (matched): null

2018-05-28 18:53:02 - [TEST_STEP][PASSED] - Statement - driver.findElement(org.openqa.selenium.By.xpath("(//ul[@class='unlinked-grouplist']/li/label)[" + i + 1 + "]")).click(): null

2018-05-28 18:53:02 - [TEST_STEP][PASSED] - Statement - (store_count++): null

2018-05-28 18:53:02 - [TEST_STEP][PASSED] - Statement - println(grouplist.get(i).getText()): null

2018-05-28 18:53:02 - [TEST_STEP][PASSED] - Statement - txt = grouplist.get(i).getText(): null

2018-05-28 18:53:02 - [TEST_STEP][PASSED] - Statement - matched = pattern.matcher(txt).matches(): null

2018-05-28 18:53:02 - [TEST_STEP][PASSED] - Statement - If (matched): null

2018-05-28 18:53:02 - [TEST_STEP][PASSED] - Statement - driver.findElement(org.openqa.selenium.By.xpath("(//ul[@class='unlinked-grouplist']/li/label)[" + i + 1 + "]")).click(): null

2018-05-28 18:53:02 - [TEST_STEP][PASSED] - Statement - (store_count++): null

2018-05-28 18:53:02 - [TEST_STEP][PASSED] - Statement - println(grouplist.get(i).getText()): null

2018-05-28 18:53:02 - [TEST_STEP][PASSED] - Statement - txt = grouplist.get(i).getText(): null

2018-05-28 18:53:02 - [TEST_STEP][PASSED] - Statement - matched = pattern.matcher(txt).matches(): null

2018-05-28 18:53:02 - [TEST_STEP][PASSED] - Statement - If (matched): null

2018-05-28 18:53:02 - [TEST_STEP][PASSED] - Statement - driver.findElement(org.openqa.selenium.By.xpath("(//ul[@class='unlinked-grouplist']/li/label)[" + i + 1 + "]")).click(): null

2018-05-28 18:53:02 - [TEST_STEP][PASSED] - Statement - (store_count++): null

2018-05-28 18:53:02 - [TEST_STEP][PASSED] - Statement - println(grouplist.get(i).getText()): null

2018-05-28 18:53:03 - [TEST_STEP][PASSED] - Statement - txt = grouplist.get(i).getText(): null

2018-05-28 18:53:03 - [TEST_STEP][PASSED] - Statement - matched = pattern.matcher(txt).matches(): null

2018-05-28 18:53:03 - [TEST_STEP][PASSED] - Statement - If (matched): null

2018-05-28 18:53:03 - [TEST_STEP][PASSED] - Statement - driver.findElement(org.openqa.selenium.By.xpath("(//ul[@class='unlinked-grouplist']/li/label)[" + i + 1 + "]")).click(): null

2018-05-28 18:53:03 - [TEST_STEP][PASSED] - Statement - (store_count++): null

2018-05-28 18:53:03 - [TEST_STEP][PASSED] - Statement - println(grouplist.get(i).getText()): null

2018-05-28 18:53:03 - [TEST_STEP][PASSED] - Statement - txt = grouplist.get(i).getText(): null

2018-05-28 18:53:03 - [TEST_STEP][PASSED] - Statement - matched = pattern.matcher(txt).matches(): null

2018-05-28 18:53:03 - [TEST_STEP][PASSED] - Statement - If (matched): null

2018-05-28 18:53:03 - [TEST_STEP][PASSED] - Statement - driver.findElement(org.openqa.selenium.By.xpath("(//ul[@class='unlinked-grouplist']/li/label)[" + i + 1 + "]")).click(): null

2018-05-28 18:53:03 - [TEST_STEP][PASSED] - Statement - (store_count++): null

2018-05-28 18:53:03 - [TEST_STEP][PASSED] - Statement - println(grouplist.get(i).getText()): null

2018-05-28 18:53:03 - [TEST_STEP][PASSED] - Statement - txt = grouplist.get(i).getText(): null

2018-05-28 18:53:03 - [TEST_STEP][PASSED] - Statement - matched = pattern.matcher(txt).matches(): null

2018-05-28 18:53:03 - [TEST_STEP][PASSED] - Statement - If (matched): null

2018-05-28 18:53:03 - [TEST_STEP][PASSED] - Statement - driver.findElement(org.openqa.selenium.By.xpath("(//ul[@class='unlinked-grouplist']/li/label)[" + i + 1 + "]")).click(): null

2018-05-28 18:53:03 - [TEST_STEP][PASSED] - Statement - (store_count++): null

2018-05-28 18:53:03 - [TEST_STEP][PASSED] - Statement - println(grouplist.get(i).getText()): null

2018-05-28 18:53:03 - [TEST_STEP][PASSED] - Statement - txt = grouplist.get(i).getText(): null

2018-05-28 18:53:03 - [TEST_STEP][PASSED] - Statement - matched = pattern.matcher(txt).matches(): null

2018-05-28 18:53:03 - [TEST_STEP][PASSED] - Statement - If (matched): null

2018-05-28 18:53:03 - [TEST_STEP][PASSED] - Statement - driver.findElement(org.openqa.selenium.By.xpath("(//ul[@class='unlinked-grouplist']/li/label)[" + i + 1 + "]")).click(): null

2018-05-28 18:53:03 - [TEST_STEP][PASSED] - Statement - (store_count++): null

2018-05-28 18:53:03 - [TEST_STEP][PASSED] - Statement - println(grouplist.get(i).getText()): null

2018-05-28 18:53:03 - [TEST_STEP][PASSED] - Statement - txt = grouplist.get(i).getText(): null

2018-05-28 18:53:03 - [TEST_STEP][PASSED] - Statement - matched = pattern.matcher(txt).matches(): null

2018-05-28 18:53:03 - [TEST_STEP][PASSED] - Statement - If (matched): null

2018-05-28 18:53:03 - [TEST_STEP][PASSED] - Statement - driver.findElement(org.openqa.selenium.By.xpath("(//ul[@class='unlinked-grouplist']/li/label)[" + i + 1 + "]")).click(): null

2018-05-28 18:53:03 - [TEST_STEP][PASSED] - Statement - (store_count++): null

2018-05-28 18:53:03 - [TEST_STEP][PASSED] - Statement - println(grouplist.get(i).getText()): null

2018-05-28 18:53:03 - [TEST_STEP][PASSED] - Statement - txt = grouplist.get(i).getText(): null

2018-05-28 18:53:03 - [TEST_STEP][PASSED] - Statement - matched = pattern.matcher(txt).matches(): null

2018-05-28 18:53:03 - [TEST_STEP][PASSED] - Statement - If (matched): null

2018-05-28 18:53:03 - [TEST_STEP][PASSED] - Statement - driver.findElement(org.openqa.selenium.By.xpath("(//ul[@class='unlinked-grouplist']/li/label)[" + i + 1 + "]")).click(): null

2018-05-28 18:53:03 - [TEST_STEP][PASSED] - Statement - (store_count++): null

2018-05-28 18:53:03 - [TEST_STEP][PASSED] - Statement - println(grouplist.get(i).getText()): null

2018-05-28 18:53:03 - [TEST_STEP][PASSED] - Statement - txt = grouplist.get(i).getText(): null

2018-05-28 18:53:03 - [TEST_STEP][PASSED] - Statement - matched = pattern.matcher(txt).matches(): null

2018-05-28 18:53:03 - [TEST_STEP][PASSED] - Statement - If (matched): null

2018-05-28 18:53:03 - [TEST_STEP][PASSED] - Statement - driver.findElement(org.openqa.selenium.By.xpath("(//ul[@class='unlinked-grouplist']/li/label)[" + i + 1 + "]")).click(): null

2018-05-28 18:53:03 - [TEST_STEP][PASSED] - Statement - (store_count++): null

2018-05-28 18:53:03 - [TEST_STEP][PASSED] - Statement - println(grouplist.get(i).getText()): null

2018-05-28 18:53:03 - [TEST_STEP][PASSED] - Statement - txt = grouplist.get(i).getText(): null

2018-05-28 18:53:03 - [TEST_STEP][PASSED] - Statement - matched = pattern.matcher(txt).matches(): null

2018-05-28 18:53:03 - [TEST_STEP][PASSED] - Statement - If (matched): null

2018-05-28 18:53:03 - [TEST_STEP][PASSED] - Statement - driver.findElement(org.openqa.selenium.By.xpath("(//ul[@class='unlinked-grouplist']/li/label)[" + i + 1 + "]")).click(): null

2018-05-28 18:53:03 - [TEST_STEP][PASSED] - Statement - (store_count++): null

2018-05-28 18:53:03 - [TEST_STEP][PASSED] - Statement - println(grouplist.get(i).getText()): null

2018-05-28 18:53:03 - [TEST_STEP][PASSED] - Statement - txt = grouplist.get(i).getText(): null

2018-05-28 18:53:03 - [TEST_STEP][PASSED] - Statement - matched = pattern.matcher(txt).matches(): null

2018-05-28 18:53:03 - [TEST_STEP][PASSED] - Statement - If (matched): null

2018-05-28 18:53:03 - [TEST_STEP][PASSED] - Statement - driver.findElement(org.openqa.selenium.By.xpath("(//ul[@class='unlinked-grouplist']/li/label)[" + i + 1 + "]")).click(): null

2018-05-28 18:53:03 - [TEST_STEP][PASSED] - Statement - (store_count++): null

2018-05-28 18:53:03 - [TEST_STEP][PASSED] - Statement - println(grouplist.get(i).getText()): null

2018-05-28 18:53:03 - [TEST_STEP][PASSED] - Statement - txt = grouplist.get(i).getText(): null

2018-05-28 18:53:03 - [TEST_STEP][PASSED] - Statement - matched = pattern.matcher(txt).matches(): null

2018-05-28 18:53:03 - [TEST_STEP][PASSED] - Statement - If (matched): null

2018-05-28 18:53:03 - [TEST_STEP][PASSED] - Statement - driver.findElement(org.openqa.selenium.By.xpath("(//ul[@class='unlinked-grouplist']/li/label)[" + i + 1 + "]")).click(): null

2018-05-28 18:53:03 - [TEST_STEP][PASSED] - Statement - (store_count++): null

2018-05-28 18:53:03 - [TEST_STEP][PASSED] - Statement - println(grouplist.get(i).getText()): null

2018-05-28 18:53:03 - [TEST_STEP][PASSED] - Statement - txt = grouplist.get(i).getText(): null

2018-05-28 18:53:03 - [TEST_STEP][PASSED] - Statement - matched = pattern.matcher(txt).matches(): null

2018-05-28 18:53:03 - [TEST_STEP][PASSED] - Statement - If (matched): null

2018-05-28 18:53:03 - [TEST_STEP][PASSED] - Statement - driver.findElement(org.openqa.selenium.By.xpath("(//ul[@class='unlinked-grouplist']/li/label)[" + i + 1 + "]")).click(): null

2018-05-28 18:53:03 - [TEST_STEP][PASSED] - Statement - (store_count++): null

2018-05-28 18:53:03 - [TEST_STEP][PASSED] - Statement - println(grouplist.get(i).getText()): null

2018-05-28 18:53:03 - [TEST_STEP][PASSED] - Statement - txt = grouplist.get(i).getText(): null

2018-05-28 18:53:03 - [TEST_STEP][PASSED] - Statement - matched = pattern.matcher(txt).matches(): null

2018-05-28 18:53:03 - [TEST_STEP][PASSED] - Statement - If (matched): null

2018-05-28 18:53:03 - [TEST_STEP][PASSED] - Statement - driver.findElement(org.openqa.selenium.By.xpath("(//ul[@class='unlinked-grouplist']/li/label)[" + i + 1 + "]")).click(): null

2018-05-28 18:53:03 - [TEST_STEP][PASSED] - Statement - (store_count++): null

2018-05-28 18:53:03 - [TEST_STEP][PASSED] - Statement - println(grouplist.get(i).getText()): null

2018-05-28 18:53:04 - [TEST_STEP][PASSED] - Statement - txt = grouplist.get(i).getText(): null

2018-05-28 18:53:04 - [TEST_STEP][PASSED] - Statement - matched = pattern.matcher(txt).matches(): null

2018-05-28 18:53:04 - [TEST_STEP][PASSED] - Statement - If (matched): null

2018-05-28 18:53:04 - [TEST_STEP][PASSED] - Statement - driver.findElement(org.openqa.selenium.By.xpath("(//ul[@class='unlinked-grouplist']/li/label)[" + i + 1 + "]")).click(): null

2018-05-28 18:53:04 - [TEST_STEP][PASSED] - Statement - (store_count++): null

2018-05-28 18:53:04 - [TEST_STEP][PASSED] - Statement - println(grouplist.get(i).getText()): null

2018-05-28 18:53:04 - [TEST_STEP][PASSED] - Statement - txt = grouplist.get(i).getText(): null

2018-05-28 18:53:04 - [TEST_STEP][PASSED] - Statement - matched = pattern.matcher(txt).matches(): null

2018-05-28 18:53:04 - [TEST_STEP][PASSED] - Statement - If (matched): null

2018-05-28 18:53:04 - [TEST_STEP][PASSED] - Statement - driver.findElement(org.openqa.selenium.By.xpath("(//ul[@class='unlinked-grouplist']/li/label)[" + i + 1 + "]")).click(): null

2018-05-28 18:53:04 - [TEST_STEP][PASSED] - Statement - (store_count++): null

2018-05-28 18:53:04 - [TEST_STEP][PASSED] - Statement - println(grouplist.get(i).getText()): null

2018-05-28 18:53:04 - [TEST_STEP][PASSED] - Statement - txt = grouplist.get(i).getText(): null

2018-05-28 18:53:04 - [TEST_STEP][PASSED] - Statement - matched = pattern.matcher(txt).matches(): null

2018-05-28 18:53:04 - [TEST_STEP][PASSED] - Statement - If (matched): null

2018-05-28 18:53:04 - [TEST_STEP][PASSED] - Statement - driver.findElement(org.openqa.selenium.By.xpath("(//ul[@class='unlinked-grouplist']/li/label)[" + i + 1 + "]")).click(): null

2018-05-28 18:53:04 - [TEST_STEP][PASSED] - Statement - (store_count++): null

2018-05-28 18:53:04 - [TEST_STEP][PASSED] - Statement - println(grouplist.get(i).getText()): null

2018-05-28 18:53:04 - [TEST_STEP][PASSED] - Statement - txt = grouplist.get(i).getText(): null

2018-05-28 18:53:04 - [TEST_STEP][PASSED] - Statement - matched = pattern.matcher(txt).matches(): null

2018-05-28 18:53:04 - [TEST_STEP][PASSED] - Statement - If (matched): null

2018-05-28 18:53:04 - [TEST_STEP][PASSED] - Statement - driver.findElement(org.openqa.selenium.By.xpath("(//ul[@class='unlinked-grouplist']/li/label)[" + i + 1 + "]")).click(): null

2018-05-28 18:53:04 - [TEST_STEP][PASSED] - Statement - (store_count++): null

2018-05-28 18:53:04 - [TEST_STEP][PASSED] - Statement - println(grouplist.get(i).getText()): null

2018-05-28 18:53:04 - [TEST_STEP][PASSED] - Statement - txt = grouplist.get(i).getText(): null

2018-05-28 18:53:04 - [TEST_STEP][PASSED] - Statement - matched = pattern.matcher(txt).matches(): null

2018-05-28 18:53:04 - [TEST_STEP][PASSED] - Statement - If (matched): null

2018-05-28 18:53:04 - [TEST_STEP][PASSED] - Statement - driver.findElement(org.openqa.selenium.By.xpath("(//ul[@class='unlinked-grouplist']/li/label)[" + i + 1 + "]")).click(): null

2018-05-28 18:53:04 - [TEST_STEP][PASSED] - Statement - (store_count++): null

2018-05-28 18:53:04 - [TEST_STEP][PASSED] - Statement - println(grouplist.get(i).getText()): null

2018-05-28 18:53:04 - [TEST_STEP][PASSED] - Statement - txt = grouplist.get(i).getText(): null

2018-05-28 18:53:04 - [TEST_STEP][PASSED] - Statement - matched = pattern.matcher(txt).matches(): null

2018-05-28 18:53:04 - [TEST_STEP][PASSED] - Statement - If (matched): null

2018-05-28 18:53:04 - [TEST_STEP][PASSED] - Statement - driver.findElement(org.openqa.selenium.By.xpath("(//ul[@class='unlinked-grouplist']/li/label)[" + i + 1 + "]")).click(): null

2018-05-28 18:53:04 - [TEST_STEP][PASSED] - Statement - (store_count++): null

2018-05-28 18:53:04 - [TEST_STEP][PASSED] - Statement - println(grouplist.get(i).getText()): null

2018-05-28 18:53:04 - [TEST_STEP][PASSED] - Statement - txt = grouplist.get(i).getText(): null

2018-05-28 18:53:04 - [TEST_STEP][PASSED] - Statement - matched = pattern.matcher(txt).matches(): null

2018-05-28 18:53:04 - [TEST_STEP][PASSED] - Statement - If (matched): null

2018-05-28 18:53:04 - [TEST_STEP][PASSED] - Statement - driver.findElement(org.openqa.selenium.By.xpath("(//ul[@class='unlinked-grouplist']/li/label)[" + i + 1 + "]")).click(): null

2018-05-28 18:53:04 - [TEST_STEP][PASSED] - Statement - (store_count++): null

2018-05-28 18:53:04 - [TEST_STEP][PASSED] - Statement - println(grouplist.get(i).getText()): null

2018-05-28 18:53:04 - [TEST_STEP][PASSED] - Statement - txt = grouplist.get(i).getText(): null

2018-05-28 18:53:04 - [TEST_STEP][PASSED] - Statement - matched = pattern.matcher(txt).matches(): null

2018-05-28 18:53:04 - [TEST_STEP][PASSED] - Statement - If (matched): null

2018-05-28 18:53:04 - [TEST_STEP][PASSED] - Statement - driver.findElement(org.openqa.selenium.By.xpath("(//ul[@class='unlinked-grouplist']/li/label)[" + i + 1 + "]")).click(): null

2018-05-28 18:53:04 - [TEST_STEP][PASSED] - Statement - (store_count++): null

2018-05-28 18:53:04 - [TEST_STEP][PASSED] - Statement - println(grouplist.get(i).getText()): null

2018-05-28 18:53:04 - [TEST_STEP][PASSED] - Statement - txt = grouplist.get(i).getText(): null

2018-05-28 18:53:04 - [TEST_STEP][PASSED] - Statement - matched = pattern.matcher(txt).matches(): null

2018-05-28 18:53:04 - [TEST_STEP][PASSED] - Statement - If (matched): null

2018-05-28 18:53:04 - [TEST_STEP][PASSED] - Statement - driver.findElement(org.openqa.selenium.By.xpath("(//ul[@class='unlinked-grouplist']/li/label)[" + i + 1 + "]")).click(): null

2018-05-28 18:53:04 - [TEST_STEP][PASSED] - Statement - (store_count++): null

2018-05-28 18:53:04 - [TEST_STEP][PASSED] - Statement - println(grouplist.get(i).getText()): null

2018-05-28 18:53:04 - [TEST_STEP][PASSED] - Statement - txt = grouplist.get(i).getText(): null

2018-05-28 18:53:04 - [TEST_STEP][PASSED] - Statement - matched = pattern.matcher(txt).matches(): null

2018-05-28 18:53:04 - [TEST_STEP][PASSED] - Statement - If (matched): null

2018-05-28 18:53:04 - [TEST_STEP][PASSED] - Statement - driver.findElement(org.openqa.selenium.By.xpath("(//ul[@class='unlinked-grouplist']/li/label)[" + i + 1 + "]")).click(): null

2018-05-28 18:53:04 - [TEST_STEP][PASSED] - Statement - (store_count++): null

2018-05-28 18:53:04 - [TEST_STEP][PASSED] - Statement - println(grouplist.get(i).getText()): null

2018-05-28 18:53:04 - [TEST_STEP][PASSED] - Statement - txt = grouplist.get(i).getText(): null

2018-05-28 18:53:04 - [TEST_STEP][PASSED] - Statement - matched = pattern.matcher(txt).matches(): null

2018-05-28 18:53:04 - [TEST_STEP][PASSED] - Statement - If (matched): null

2018-05-28 18:53:04 - [TEST_STEP][PASSED] - Statement - driver.findElement(org.openqa.selenium.By.xpath("(//ul[@class='unlinked-grouplist']/li/label)[" + i + 1 + "]")).click(): null

2018-05-28 18:53:04 - [TEST_STEP][PASSED] - Statement - (store_count++): null

2018-05-28 18:53:04 - [TEST_STEP][PASSED] - Statement - println(grouplist.get(i).getText()): null

2018-05-28 18:53:04 - [TEST_STEP][PASSED] - Statement - txt = grouplist.get(i).getText(): null

2018-05-28 18:53:04 - [TEST_STEP][PASSED] - Statement - matched = pattern.matcher(txt).matches(): null

2018-05-28 18:53:04 - [TEST_STEP][PASSED] - Statement - If (matched): null

2018-05-28 18:53:04 - [TEST_STEP][PASSED] - Statement - driver.findElement(org.openqa.selenium.By.xpath("(//ul[@class='unlinked-grouplist']/li/label)[" + i + 1 + "]")).click(): null

2018-05-28 18:53:05 - [TEST_STEP][PASSED] - Statement - (store_count++): null

2018-05-28 18:53:05 - [TEST_STEP][PASSED] - Statement - println(grouplist.get(i).getText()): null

2018-05-28 18:53:05 - [TEST_STEP][PASSED] - Statement - txt = grouplist.get(i).getText(): null

2018-05-28 18:53:05 - [TEST_STEP][PASSED] - Statement - matched = pattern.matcher(txt).matches(): null

2018-05-28 18:53:05 - [TEST_STEP][PASSED] - Statement - If (matched): null

2018-05-28 18:53:05 - [TEST_STEP][PASSED] - Statement - driver.findElement(org.openqa.selenium.By.xpath("(//ul[@class='unlinked-grouplist']/li/label)[" + i + 1 + "]")).click(): null

2018-05-28 18:53:05 - [TEST_STEP][PASSED] - Statement - (store_count++): null

2018-05-28 18:53:05 - [TEST_STEP][PASSED] - Statement - println(grouplist.get(i).getText()): null

2018-05-28 18:53:05 - [TEST_STEP][PASSED] - Statement - txt = grouplist.get(i).getText(): null

2018-05-28 18:53:05 - [TEST_STEP][PASSED] - Statement - matched = pattern.matcher(txt).matches(): null

2018-05-28 18:53:05 - [TEST_STEP][PASSED] - Statement - If (matched): null

2018-05-28 18:53:05 - [TEST_STEP][PASSED] - Statement - driver.findElement(org.openqa.selenium.By.xpath("(//ul[@class='unlinked-grouplist']/li/label)[" + i + 1 + "]")).click(): null

2018-05-28 18:53:05 - [TEST_STEP][PASSED] - Statement - (store_count++): null

2018-05-28 18:53:05 - [TEST_STEP][PASSED] - Statement - println(grouplist.get(i).getText()): null

2018-05-28 18:53:05 - [TEST_STEP][PASSED] - Statement - txt = grouplist.get(i).getText(): null

2018-05-28 18:53:05 - [TEST_STEP][PASSED] - Statement - matched = pattern.matcher(txt).matches(): null

2018-05-28 18:53:05 - [TEST_STEP][PASSED] - Statement - If (matched): null

2018-05-28 18:53:05 - [TEST_STEP][PASSED] - Statement - driver.findElement(org.openqa.selenium.By.xpath("(//ul[@class='unlinked-grouplist']/li/label)[" + i + 1 + "]")).click(): null

2018-05-28 18:53:05 - [TEST_STEP][PASSED] - Statement - (store_count++): null

2018-05-28 18:53:05 - [TEST_STEP][PASSED] - Statement - println(grouplist.get(i).getText()): null

2018-05-28 18:53:05 - [TEST_STEP][PASSED] - Statement - txt = grouplist.get(i).getText(): null

2018-05-28 18:53:05 - [TEST_STEP][PASSED] - Statement - matched = pattern.matcher(txt).matches(): null

2018-05-28 18:53:05 - [TEST_STEP][PASSED] - Statement - If (matched): null

2018-05-28 18:53:05 - [TEST_STEP][PASSED] - Statement - driver.findElement(org.openqa.selenium.By.xpath("(//ul[@class='unlinked-grouplist']/li/label)[" + i + 1 + "]")).click(): null

2018-05-28 18:53:05 - [TEST_STEP][PASSED] - Statement - (store_count++): null

2018-05-28 18:53:05 - [TEST_STEP][PASSED] - Statement - println(grouplist.get(i).getText()): null

2018-05-28 18:53:05 - [TEST_STEP][PASSED] - Statement - txt = grouplist.get(i).getText(): null

2018-05-28 18:53:05 - [TEST_STEP][PASSED] - Statement - matched = pattern.matcher(txt).matches(): null

2018-05-28 18:53:05 - [TEST_STEP][PASSED] - Statement - If (matched): null

2018-05-28 18:53:05 - [TEST_STEP][PASSED] - Statement - driver.findElement(org.openqa.selenium.By.xpath("(//ul[@class='unlinked-grouplist']/li/label)[" + i + 1 + "]")).click(): null

2018-05-28 18:53:05 - [TEST_STEP][PASSED] - Statement - (store_count++): null

2018-05-28 18:53:05 - [TEST_STEP][PASSED] - Statement - println(grouplist.get(i).getText()): null

2018-05-28 18:53:05 - [TEST_STEP][PASSED] - Statement - txt = grouplist.get(i).getText(): null

2018-05-28 18:53:05 - [TEST_STEP][PASSED] - Statement - matched = pattern.matcher(txt).matches(): null

2018-05-28 18:53:05 - [TEST_STEP][PASSED] - Statement - If (matched): null

2018-05-28 18:53:05 - [TEST_STEP][PASSED] - Statement - driver.findElement(org.openqa.selenium.By.xpath("(//ul[@class='unlinked-grouplist']/li/label)[" + i + 1 + "]")).click(): null

2018-05-28 18:53:05 - [TEST_STEP][PASSED] - Statement - (store_count++): null

2018-05-28 18:53:05 - [TEST_STEP][PASSED] - Statement - println(grouplist.get(i).getText()): null

2018-05-28 18:53:05 - [TEST_STEP][PASSED] - Statement - txt = grouplist.get(i).getText(): null

2018-05-28 18:53:05 - [TEST_STEP][PASSED] - Statement - matched = pattern.matcher(txt).matches(): null

2018-05-28 18:53:05 - [TEST_STEP][PASSED] - Statement - If (matched): null

2018-05-28 18:53:05 - [TEST_STEP][PASSED] - Statement - driver.findElement(org.openqa.selenium.By.xpath("(//ul[@class='unlinked-grouplist']/li/label)[" + i + 1 + "]")).click(): null

2018-05-28 18:53:05 - [TEST_STEP][PASSED] - Statement - (store_count++): null

2018-05-28 18:53:05 - [TEST_STEP][PASSED] - Statement - println(grouplist.get(i).getText()): null

2018-05-28 18:53:05 - [TEST_STEP][PASSED] - Statement - txt = grouplist.get(i).getText(): null

2018-05-28 18:53:05 - [TEST_STEP][PASSED] - Statement - matched = pattern.matcher(txt).matches(): null

2018-05-28 18:53:05 - [TEST_STEP][PASSED] - Statement - If (matched): null

2018-05-28 18:53:05 - [TEST_STEP][PASSED] - Statement - driver.findElement(org.openqa.selenium.By.xpath("(//ul[@class='unlinked-grouplist']/li/label)[" + i + 1 + "]")).click(): null

2018-05-28 18:53:05 - [TEST_STEP][PASSED] - Statement - (store_count++): null

2018-05-28 18:53:05 - [TEST_STEP][PASSED] - Statement - println(grouplist.get(i).getText()): null

2018-05-28 18:53:05 - [TEST_STEP][PASSED] - Statement - txt = grouplist.get(i).getText(): null

2018-05-28 18:53:05 - [TEST_STEP][PASSED] - Statement - matched = pattern.matcher(txt).matches(): null

2018-05-28 18:53:05 - [TEST_STEP][PASSED] - Statement - If (matched): null

2018-05-28 18:53:05 - [TEST_STEP][PASSED] - Statement - driver.findElement(org.openqa.selenium.By.xpath("(//ul[@class='unlinked-grouplist']/li/label)[" + i + 1 + "]")).click(): null

2018-05-28 18:53:05 - [TEST_STEP][PASSED] - Statement - (store_count++): null

2018-05-28 18:53:05 - [TEST_STEP][PASSED] - Statement - println(grouplist.get(i).getText()): null

2018-05-28 18:53:05 - [TEST_STEP][PASSED] - Statement - txt = grouplist.get(i).getText(): null

2018-05-28 18:53:05 - [TEST_STEP][PASSED] - Statement - matched = pattern.matcher(txt).matches(): null

2018-05-28 18:53:05 - [TEST_STEP][PASSED] - Statement - If (matched): null

2018-05-28 18:53:05 - [TEST_STEP][PASSED] - Statement - driver.findElement(org.openqa.selenium.By.xpath("(//ul[@class='unlinked-grouplist']/li/label)[" + i + 1 + "]")).click(): null

2018-05-28 18:53:05 - [TEST_STEP][PASSED] - Statement - (store_count++): null

2018-05-28 18:53:05 - [TEST_STEP][PASSED] - Statement - println(grouplist.get(i).getText()): null

2018-05-28 18:53:05 - [TEST_STEP][PASSED] - Statement - txt = grouplist.get(i).getText(): null

2018-05-28 18:53:05 - [TEST_STEP][PASSED] - Statement - matched = pattern.matcher(txt).matches(): null

2018-05-28 18:53:05 - [TEST_STEP][PASSED] - Statement - If (matched): null

2018-05-28 18:53:05 - [TEST_STEP][PASSED] - Statement - driver.findElement(org.openqa.selenium.By.xpath("(//ul[@class='unlinked-grouplist']/li/label)[" + i + 1 + "]")).click(): null

2018-05-28 18:53:05 - [TEST_STEP][PASSED] - Statement - (store_count++): null

2018-05-28 18:53:05 - [TEST_STEP][PASSED] - Statement - println(grouplist.get(i).getText()): null

2018-05-28 18:53:05 - [TEST_STEP][PASSED] - Statement - txt = grouplist.get(i).getText(): null

2018-05-28 18:53:05 - [TEST_STEP][PASSED] - Statement - matched = pattern.matcher(txt).matches(): null

2018-05-28 18:53:05 - [TEST_STEP][PASSED] - Statement - If (matched): null

2018-05-28 18:53:05 - [TEST_STEP][PASSED] - Statement - driver.findElement(org.openqa.selenium.By.xpath("(//ul[@class='unlinked-grouplist']/li/label)[" + i + 1 + "]")).click(): null

2018-05-28 18:53:06 - [TEST_STEP][PASSED] - Statement - (store_count++): null

2018-05-28 18:53:06 - [TEST_STEP][PASSED] - Statement - println(grouplist.get(i).getText()): null

2018-05-28 18:53:06 - [TEST_STEP][PASSED] - Statement - txt = grouplist.get(i).getText(): null

2018-05-28 18:53:06 - [TEST_STEP][PASSED] - Statement - matched = pattern.matcher(txt).matches(): null

2018-05-28 18:53:06 - [TEST_STEP][PASSED] - Statement - If (matched): null

2018-05-28 18:53:06 - [TEST_STEP][PASSED] - Statement - driver.findElement(org.openqa.selenium.By.xpath("(//ul[@class='unlinked-grouplist']/li/label)[" + i + 1 + "]")).click(): null

2018-05-28 18:53:06 - [TEST_STEP][PASSED] - Statement - (store_count++): null

2018-05-28 18:53:06 - [TEST_STEP][PASSED] - Statement - println(grouplist.get(i).getText()): null

2018-05-28 18:53:06 - [TEST_STEP][PASSED] - Statement - txt = grouplist.get(i).getText(): null

2018-05-28 18:53:06 - [TEST_STEP][PASSED] - Statement - matched = pattern.matcher(txt).matches(): null

2018-05-28 18:53:06 - [TEST_STEP][PASSED] - Statement - If (matched): null

2018-05-28 18:53:06 - [TEST_STEP][PASSED] - Statement - driver.findElement(org.openqa.selenium.By.xpath("(//ul[@class='unlinked-grouplist']/li/label)[" + i + 1 + "]")).click(): null

2018-05-28 18:53:06 - [TEST_STEP][PASSED] - Statement - (store_count++): null

2018-05-28 18:53:06 - [TEST_STEP][PASSED] - Statement - println(grouplist.get(i).getText()): null

2018-05-28 18:53:06 - [TEST_STEP][PASSED] - Statement - txt = grouplist.get(i).getText(): null

2018-05-28 18:53:06 - [TEST_STEP][PASSED] - Statement - matched = pattern.matcher(txt).matches(): null

2018-05-28 18:53:06 - [TEST_STEP][PASSED] - Statement - If (matched): null

2018-05-28 18:53:06 - [TEST_STEP][PASSED] - Statement - driver.findElement(org.openqa.selenium.By.xpath("(//ul[@class='unlinked-grouplist']/li/label)[" + i + 1 + "]")).click(): null

2018-05-28 18:53:06 - [TEST_STEP][PASSED] - Statement - (store_count++): null

2018-05-28 18:53:06 - [TEST_STEP][PASSED] - Statement - println(grouplist.get(i).getText()): null

2018-05-28 18:53:06 - [TEST_STEP][PASSED] - Statement - txt = grouplist.get(i).getText(): null

2018-05-28 18:53:06 - [TEST_STEP][PASSED] - Statement - matched = pattern.matcher(txt).matches(): null

2018-05-28 18:53:06 - [TEST_STEP][PASSED] - Statement - If (matched): null

2018-05-28 18:53:06 - [TEST_STEP][PASSED] - Statement - driver.findElement(org.openqa.selenium.By.xpath("(//ul[@class='unlinked-grouplist']/li/label)[" + i + 1 + "]")).click(): null

2018-05-28 18:53:06 - [TEST_STEP][PASSED] - Statement - (store_count++): null

2018-05-28 18:53:06 - [TEST_STEP][PASSED] - Statement - println(grouplist.get(i).getText()): null

2018-05-28 18:53:06 - [TEST_STEP][PASSED] - Statement - txt = grouplist.get(i).getText(): null

2018-05-28 18:53:06 - [TEST_STEP][PASSED] - Statement - matched = pattern.matcher(txt).matches(): null

2018-05-28 18:53:06 - [TEST_STEP][PASSED] - Statement - If (matched): null

2018-05-28 18:53:06 - [TEST_STEP][PASSED] - Statement - driver.findElement(org.openqa.selenium.By.xpath("(//ul[@class='unlinked-grouplist']/li/label)[" + i + 1 + "]")).click(): null

2018-05-28 18:53:06 - [TEST_STEP][PASSED] - Statement - (store_count++): null

2018-05-28 18:53:06 - [TEST_STEP][PASSED] - Statement - println(grouplist.get(i).getText()): null

2018-05-28 18:53:06 - [TEST_STEP][PASSED] - Statement - txt = grouplist.get(i).getText(): null

2018-05-28 18:53:06 - [TEST_STEP][PASSED] - Statement - matched = pattern.matcher(txt).matches(): null

2018-05-28 18:53:06 - [TEST_STEP][PASSED] - Statement - If (matched): null

2018-05-28 18:53:06 - [TEST_STEP][PASSED] - Statement - driver.findElement(org.openqa.selenium.By.xpath("(//ul[@class='unlinked-grouplist']/li/label)[" + i + 1 + "]")).click(): null

2018-05-28 18:53:06 - [TEST_STEP][PASSED] - Statement - (store_count++): null

2018-05-28 18:53:06 - [TEST_STEP][PASSED] - Statement - println(grouplist.get(i).getText()): null

2018-05-28 18:53:06 - [TEST_STEP][PASSED] - Statement - txt = grouplist.get(i).getText(): null

2018-05-28 18:53:06 - [TEST_STEP][PASSED] - Statement - matched = pattern.matcher(txt).matches(): null

2018-05-28 18:53:06 - [TEST_STEP][PASSED] - Statement - If (matched): null

2018-05-28 18:53:06 - [TEST_STEP][PASSED] - Statement - driver.findElement(org.openqa.selenium.By.xpath("(//ul[@class='unlinked-grouplist']/li/label)[" + i + 1 + "]")).click(): null

2018-05-28 18:53:06 - [TEST_STEP][PASSED] - Statement - (store_count++): null

2018-05-28 18:53:06 - [TEST_STEP][PASSED] - Statement - println(grouplist.get(i).getText()): null

2018-05-28 18:53:06 - [TEST_STEP][PASSED] - Statement - txt = grouplist.get(i).getText(): null

2018-05-28 18:53:06 - [TEST_STEP][PASSED] - Statement - matched = pattern.matcher(txt).matches(): null

2018-05-28 18:53:06 - [TEST_STEP][PASSED] - Statement - If (matched): null

2018-05-28 18:53:06 - [TEST_STEP][PASSED] - Statement - driver.findElement(org.openqa.selenium.By.xpath("(//ul[@class='unlinked-grouplist']/li/label)[" + i + 1 + "]")).click(): null

2018-05-28 18:53:06 - [TEST_STEP][PASSED] - Statement - (store_count++): null

2018-05-28 18:53:06 - [TEST_STEP][PASSED] - Statement - println(grouplist.get(i).getText()): null

2018-05-28 18:53:06 - [TEST_STEP][PASSED] - Statement - txt = grouplist.get(i).getText(): null

2018-05-28 18:53:06 - [TEST_STEP][PASSED] - Statement - matched = pattern.matcher(txt).matches(): null

2018-05-28 18:53:06 - [TEST_STEP][PASSED] - Statement - If (matched): null

2018-05-28 18:53:06 - [TEST_STEP][PASSED] - Statement - driver.findElement(org.openqa.selenium.By.xpath("(//ul[@class='unlinked-grouplist']/li/label)[" + i + 1 + "]")).click(): null

2018-05-28 18:53:06 - [TEST_STEP][PASSED] - Statement - (store_count++): null

2018-05-28 18:53:06 - [TEST_STEP][PASSED] - Statement - println(grouplist.get(i).getText()): null

2018-05-28 18:53:06 - [TEST_STEP][PASSED] - Statement - txt = grouplist.get(i).getText(): null

2018-05-28 18:53:06 - [TEST_STEP][PASSED] - Statement - matched = pattern.matcher(txt).matches(): null

2018-05-28 18:53:06 - [TEST_STEP][PASSED] - Statement - If (matched): null

2018-05-28 18:53:06 - [TEST_STEP][PASSED] - Statement - driver.findElement(org.openqa.selenium.By.xpath("(//ul[@class='unlinked-grouplist']/li/label)[" + i + 1 + "]")).click(): null

2018-05-28 18:53:06 - [TEST_STEP][PASSED] - Statement - (store_count++): null

2018-05-28 18:53:06 - [TEST_STEP][PASSED] - Statement - println(grouplist.get(i).getText()): null

2018-05-28 18:53:06 - [TEST_STEP][PASSED] - Statement - txt = grouplist.get(i).getText(): null

2018-05-28 18:53:06 - [TEST_STEP][PASSED] - Statement - matched = pattern.matcher(txt).matches(): null

2018-05-28 18:53:06 - [TEST_STEP][PASSED] - Statement - If (matched): null

2018-05-28 18:53:06 - [TEST_STEP][PASSED] - Statement - driver.findElement(org.openqa.selenium.By.xpath("(//ul[@class='unlinked-grouplist']/li/label)[" + i + 1 + "]")).click(): null

2018-05-28 18:53:06 - [TEST_STEP][PASSED] - Statement - (store_count++): null

2018-05-28 18:53:06 - [TEST_STEP][PASSED] - Statement - println(grouplist.get(i).getText()): null

2018-05-28 18:53:07 - [TEST_STEP][PASSED] - Statement - txt = grouplist.get(i).getText(): null

2018-05-28 18:53:07 - [TEST_STEP][PASSED] - Statement - matched = pattern.matcher(txt).matches(): null

2018-05-28 18:53:07 - [TEST_STEP][PASSED] - Statement - If (matched): null

2018-05-28 18:53:07 - [TEST_STEP][PASSED] - Statement - driver.findElement(org.openqa.selenium.By.xpath("(//ul[@class='unlinked-grouplist']/li/label)[" + i + 1 + "]")).click(): null

2018-05-28 18:53:07 - [TEST_STEP][PASSED] - Statement - (store_count++): null

2018-05-28 18:53:07 - [TEST_STEP][PASSED] - Statement - println(grouplist.get(i).getText()): null

2018-05-28 18:53:07 - [TEST_STEP][PASSED] - Statement - txt = grouplist.get(i).getText(): null

2018-05-28 18:53:07 - [TEST_STEP][PASSED] - Statement - matched = pattern.matcher(txt).matches(): null

2018-05-28 18:53:07 - [TEST_STEP][PASSED] - Statement - If (matched): null

2018-05-28 18:53:07 - [TEST_STEP][PASSED] - Statement - driver.findElement(org.openqa.selenium.By.xpath("(//ul[@class='unlinked-grouplist']/li/label)[" + i + 1 + "]")).click(): null

2018-05-28 18:53:07 - [TEST_STEP][PASSED] - Statement - (store_count++): null

2018-05-28 18:53:07 - [TEST_STEP][PASSED] - Statement - println(grouplist.get(i).getText()): null

2018-05-28 18:53:07 - [TEST_STEP][PASSED] - Statement - txt = grouplist.get(i).getText(): null

2018-05-28 18:53:07 - [TEST_STEP][PASSED] - Statement - matched = pattern.matcher(txt).matches(): null

2018-05-28 18:53:07 - [TEST_STEP][PASSED] - Statement - If (matched): null

2018-05-28 18:53:07 - [TEST_STEP][PASSED] - Statement - driver.findElement(org.openqa.selenium.By.xpath("(//ul[@class='unlinked-grouplist']/li/label)[" + i + 1 + "]")).click(): null

2018-05-28 18:53:07 - [TEST_STEP][PASSED] - Statement - (store_count++): null

2018-05-28 18:53:07 - [TEST_STEP][PASSED] - Statement - println(grouplist.get(i).getText()): null

2018-05-28 18:53:07 - [TEST_STEP][PASSED] - Statement - txt = grouplist.get(i).getText(): null

2018-05-28 18:53:07 - [TEST_STEP][PASSED] - Statement - matched = pattern.matcher(txt).matches(): null

2018-05-28 18:53:07 - [TEST_STEP][PASSED] - Statement - If (matched): null

2018-05-28 18:53:07 - [TEST_STEP][PASSED] - Statement - driver.findElement(org.openqa.selenium.By.xpath("(//ul[@class='unlinked-grouplist']/li/label)[" + i + 1 + "]")).click(): null

2018-05-28 18:53:07 - [TEST_STEP][PASSED] - Statement - (store_count++): null

2018-05-28 18:53:07 - [TEST_STEP][PASSED] - Statement - driver.findElement(org.openqa.selenium.By.xpath("//button[contains(text(),'>')]")).click(): null

2018-05-28 18:53:07 - [TEST_STEP][PASSED] - delay: Delayed 10 second(s)

2018-05-28 18:53:17 - [MESSAGE][PASSED] - Delayed 10 second(s)

2018-05-28 18:53:17 - [TEST_STEP][PASSED] - uiaction.CommonUIActions.click: uiaction.CommonUIActions.click is PASSED

2018-05-28 18:53:17 - [MESSAGE][PASSED] - uiaction.CommonUIActions.click is PASSED

2018-05-28 18:53:17 - [TEST_STEP][PASSED] - delay: Delayed 5 second(s)

2018-05-28 18:53:22 - [MESSAGE][PASSED] - Delayed 5 second(s)

2018-05-28 18:53:22 - [TEST_STEP][PASSED] - uiaction.CommonUIActions.click: uiaction.CommonUIActions.click is PASSED

2018-05-28 18:53:22 - [MESSAGE][PASSED] - uiaction.CommonUIActions.click is PASSED

2018-05-28 18:53:22 - [TEST_STEP][PASSED] - delay: Delayed 5 second(s)

2018-05-28 18:53:27 - [MESSAGE][PASSED] - Delayed 5 second(s)

2018-05-28 18:53:27 - [TEST_STEP][PASSED] - Statement - groupmain = CustomKeywords.projectSpecific.Reusability.getTestData("ReportingGroupManagementPage", "group100"): projectSpecific.Reusability.getTestData is PASSED

2018-05-28 18:53:27 - [MESSAGE][PASSED] - projectSpecific.Reusability.getTestData is PASSED

2018-05-28 18:53:27 - [TEST_STEP][PASSED] - Statement - driver.findElement(org.openqa.selenium.By.xpath("//span[contains(text(),'" + groupmain + "')]/../../../../span[2]")).click(): null

2018-05-28 18:53:27 - [TEST_STEP][PASSED] - Statement - list_of_storein_critiria = driver.findElements(org.openqa.selenium.By.xpath("//div[@class='container criteria']//span[@class='criteriaHeading']/following-sibling::span")): null

2018-05-28 18:53:27 - [TEST_STEP][PASSED] - Statement - If (list_of_storein_critiria.size().equals(store_count)): null

2018-05-28 18:53:27 - [TEST_STEP][PASSED] - Statement - println("Store is displayed in Criteria free text box"): null

2018-05-28 18:53:27 - [TEST_STEP][PASSED] - delay: Delayed 5 second(s)

2018-05-28 18:53:32 - [MESSAGE][PASSED] - Delayed 5 second(s)

2018-05-28 18:53:32 - [TEST_STEP][PASSED] - click: Object: 'Object Repository/ReportsPage/fromDateSelector' is clicked on

2018-05-28 18:53:33 - [MESSAGE][PASSED] - Object: 'Object Repository/ReportsPage/fromDateSelector' is clicked on

2018-05-28 18:53:33 - [TEST_STEP][PASSED] - delay: Delayed 5 second(s)

2018-05-28 18:53:38 - [MESSAGE][PASSED] - Delayed 5 second(s)

2018-05-28 18:53:38 - [TEST_STEP][PASSED] - Statement - monthText = com.kms.katalon.core.webui.keyword.WebUiBuiltInKeywords.getText(com.kms.katalon.core.testobject.ObjectRepository.findTestObject(ReportsPage/monthText)): Text of object 'Object Repository/ReportsPage/monthText' is: 'May 2018'

2018-05-28 18:53:38 - [MESSAGE][PASSED] - Text of object 'Object Repository/ReportsPage/monthText' is: 'May 2018'

2018-05-28 18:53:38 - [TEST_STEP][PASSED] - Statement - monthTextArray = monthText.split(" "): null

2018-05-28 18:53:38 - [TEST_STEP][PASSED] - Statement - month = monthTextArray[0]: null

2018-05-28 18:53:38 - [TEST_STEP][PASSED] - Statement - monthTextValue = CustomKeywords.projectSpecific.Reusability.getTestData("ReportsPage", "JanMonth"): projectSpecific.Reusability.getTestData is PASSED

2018-05-28 18:53:38 - [MESSAGE][PASSED] - projectSpecific.Reusability.getTestData is PASSED

2018-05-28 18:53:38 - [TEST_STEP][PASSED] - Statement - If (!(monthTextValue.equals(month))): null

2018-05-28 18:53:38 - [TEST_STEP][PASSED] - Statement - While (!(monthTextValue.equals(month))): null

2018-05-28 18:53:38 - [TEST_STEP][PASSED] - click: Object: 'Object Repository/ReportsPage/previousDateSelector' is clicked on

2018-05-28 18:53:38 - [MESSAGE][PASSED] - Object: 'Object Repository/ReportsPage/previousDateSelector' is clicked on

2018-05-28 18:53:38 - [TEST_STEP][PASSED] - Statement - monthText = com.kms.katalon.core.webui.keyword.WebUiBuiltInKeywords.getText(com.kms.katalon.core.testobject.ObjectRepository.findTestObject(ReportsPage/monthText)): Text of object 'Object Repository/ReportsPage/monthText' is: 'April 2018'

2018-05-28 18:53:38 - [MESSAGE][PASSED] - Text of object 'Object Repository/ReportsPage/monthText' is: 'April 2018'

2018-05-28 18:53:38 - [TEST_STEP][PASSED] - Statement - monthTextArray = monthText.split(" "): null

2018-05-28 18:53:38 - [TEST_STEP][PASSED] - Statement - month = monthTextArray[0]: null

2018-05-28 18:53:38 - [TEST_STEP][PASSED] - click: Object: 'Object Repository/ReportsPage/previousDateSelector' is clicked on

2018-05-28 18:53:38 - [MESSAGE][PASSED] - Object: 'Object Repository/ReportsPage/previousDateSelector' is clicked on

2018-05-28 18:53:38 - [TEST_STEP][PASSED] - Statement - monthText = com.kms.katalon.core.webui.keyword.WebUiBuiltInKeywords.getText(com.kms.katalon.core.testobject.ObjectRepository.findTestObject(ReportsPage/monthText)): Text of object 'Object Repository/ReportsPage/monthText' is: 'March 2018'

2018-05-28 18:53:38 - [MESSAGE][PASSED] - Text of object 'Object Repository/ReportsPage/monthText' is: 'March 2018'

2018-05-28 18:53:38 - [TEST_STEP][PASSED] - Statement - monthTextArray = monthText.split(" "): null

2018-05-28 18:53:38 - [TEST_STEP][PASSED] - Statement - month = monthTextArray[0]: null

2018-05-28 18:53:38 - [TEST_STEP][PASSED] - click: Object: 'Object Repository/ReportsPage/previousDateSelector' is clicked on

2018-05-28 18:53:38 - [MESSAGE][PASSED] - Object: 'Object Repository/ReportsPage/previousDateSelector' is clicked on

2018-05-28 18:53:38 - [TEST_STEP][PASSED] - Statement - monthText = com.kms.katalon.core.webui.keyword.WebUiBuiltInKeywords.getText(com.kms.katalon.core.testobject.ObjectRepository.findTestObject(ReportsPage/monthText)): Text of object 'Object Repository/ReportsPage/monthText' is: 'February 2018'

2018-05-28 18:53:38 - [MESSAGE][PASSED] - Text of object 'Object Repository/ReportsPage/monthText' is: 'February 2018'

2018-05-28 18:53:38 - [TEST_STEP][PASSED] - Statement - monthTextArray = monthText.split(" "): null

2018-05-28 18:53:38 - [TEST_STEP][PASSED] - Statement - month = monthTextArray[0]: null

2018-05-28 18:53:38 - [TEST_STEP][PASSED] - click: Object: 'Object Repository/ReportsPage/previousDateSelector' is clicked on

2018-05-28 18:53:38 - [MESSAGE][PASSED] - Object: 'Object Repository/ReportsPage/previousDateSelector' is clicked on

2018-05-28 18:53:38 - [TEST_STEP][PASSED] - Statement - monthText = com.kms.katalon.core.webui.keyword.WebUiBuiltInKeywords.getText(com.kms.katalon.core.testobject.ObjectRepository.findTestObject(ReportsPage/monthText)): Text of object 'Object Repository/ReportsPage/monthText' is: 'January 2018'

2018-05-28 18:53:38 - [MESSAGE][PASSED] - Text of object 'Object Repository/ReportsPage/monthText' is: 'January 2018'

2018-05-28 18:53:38 - [TEST_STEP][PASSED] - Statement - monthTextArray = monthText.split(" "): null

2018-05-28 18:53:38 - [TEST_STEP][PASSED] - Statement - month = monthTextArray[0]: null

2018-05-28 18:53:38 - [TEST_STEP][PASSED] - Statement - data = CustomKeywords.projectSpecific.Reusability.getTestData("ReportsPage", "StartDate"): projectSpecific.Reusability.getTestData is PASSED

2018-05-28 18:53:38 - [MESSAGE][PASSED] - projectSpecific.Reusability.getTestData is PASSED

2018-05-28 18:53:38 - [TEST_STEP][PASSED] - Statement - startDate = "(//td[text()='" + data + "'])[1]": null

2018-05-28 18:53:38 - [TEST_STEP][PASSED] - Statement - println(startDate): null

2018-05-28 18:53:38 - [TEST_STEP][PASSED] - Statement - startdateEle = driver.findElement(org.openqa.selenium.By.xpath(startDate)): null

2018-05-28 18:53:38 - [TEST_STEP][PASSED] - Statement - startdateEle.click(): null

2018-05-28 18:53:38 - [TEST_STEP][PASSED] - delay: Delayed 5 second(s)

2018-05-28 18:53:43 - [MESSAGE][PASSED] - Delayed 5 second(s)

2018-05-28 18:53:43 - [TEST_STEP][PASSED] - click: Object: 'Object Repository/ReportsPage/toDateSelector' is clicked on

2018-05-28 18:53:43 - [MESSAGE][PASSED] - Object: 'Object Repository/ReportsPage/toDateSelector' is clicked on

2018-05-28 18:53:43 - [TEST_STEP][PASSED] - Statement - monthText = com.kms.katalon.core.webui.keyword.WebUiBuiltInKeywords.getText(com.kms.katalon.core.testobject.ObjectRepository.findTestObject(ReportsPage/monthText2)): Text of object 'Object Repository/ReportsPage/monthText2' is: 'May 2018'

2018-05-28 18:53:43 - [MESSAGE][PASSED] - Text of object 'Object Repository/ReportsPage/monthText2' is: 'May 2018'

2018-05-28 18:53:43 - [TEST_STEP][PASSED] - Statement - monthTextArray = monthText.split(" "): null

2018-05-28 18:53:43 - [TEST_STEP][PASSED] - Statement - month = monthTextArray[0]: null

2018-05-28 18:53:43 - [TEST_STEP][PASSED] - Statement - monthTextValue1 = CustomKeywords.projectSpecific.Reusability.getTestData("ReportsPage", "AprilMonth"): projectSpecific.Reusability.getTestData is PASSED

2018-05-28 18:53:43 - [MESSAGE][PASSED] - projectSpecific.Reusability.getTestData is PASSED

2018-05-28 18:53:43 - [TEST_STEP][PASSED] - Statement - If (!(monthTextValue1.equals(month))): null

2018-05-28 18:53:43 - [TEST_STEP][PASSED] - Statement - While (!(monthTextValue1.equals(month))): null

2018-05-28 18:53:43 - [TEST_STEP][PASSED] - click: Object: 'Object Repository/ReportsPage/previousDateSelector2' is clicked on

2018-05-28 18:53:43 - [MESSAGE][PASSED] - Object: 'Object Repository/ReportsPage/previousDateSelector2' is clicked on

2018-05-28 18:53:43 - [TEST_STEP][PASSED] - Statement - monthText = com.kms.katalon.core.webui.keyword.WebUiBuiltInKeywords.getText(com.kms.katalon.core.testobject.ObjectRepository.findTestObject(ReportsPage/monthText2)): Text of object 'Object Repository/ReportsPage/monthText2' is: 'April 2018'

2018-05-28 18:53:43 - [MESSAGE][PASSED] - Text of object 'Object Repository/ReportsPage/monthText2' is: 'April 2018'

2018-05-28 18:53:43 - [TEST_STEP][PASSED] - Statement - monthTextArray = monthText.split(" "): null

2018-05-28 18:53:43 - [TEST_STEP][PASSED] - Statement - month = monthTextArray[0]: null

2018-05-28 18:53:43 - [TEST_STEP][PASSED] - Statement - endDate = CustomKeywords.projectSpecific.Reusability.getTestData("ReportsPage", "EndDate7"): projectSpecific.Reusability.getTestData is PASSED

2018-05-28 18:53:43 - [MESSAGE][PASSED] - projectSpecific.Reusability.getTestData is PASSED

2018-05-28 18:53:43 - [TEST_STEP][PASSED] - Statement - toDate = "(//td[text()='" + endDate + "'])[3]": null

2018-05-28 18:53:43 - [TEST_STEP][PASSED] - Statement - toDateEle = driver.findElement(org.openqa.selenium.By.xpath(toDate)): null

2018-05-28 18:53:43 - [TEST_STEP][PASSED] - Statement - toDateEle.click(): null

2018-05-28 18:53:43 - [TEST_STEP][PASSED] - delay: Delayed 5 second(s)

2018-05-28 18:53:48 - [MESSAGE][PASSED] - Delayed 5 second(s)

2018-05-28 18:53:48 - [TEST_STEP][PASSED] - Statement - dateAttr = com.kms.katalon.core.webui.keyword.WebUiBuiltInKeywords.getAttribute(com.kms.katalon.core.testobject.ObjectRepository.findTestObject(ReportsPage/selectedDate1), "value"): Attribute 'value' of object 'Object Repository/ReportsPage/selectedDate1' is: '01/01/2018'

2018-05-28 18:53:48 - [MESSAGE][PASSED] - Attribute 'value' of object 'Object Repository/ReportsPage/selectedDate1' is: '01/01/2018'

2018-05-28 18:53:48 - [TEST_STEP][PASSED] - Statement - fromDateValue = CustomKeywords.projectSpecific.Reusability.getTestData("ReportsPage", "fromDateJan"): projectSpecific.Reusability.getTestData is PASSED

2018-05-28 18:53:48 - [MESSAGE][PASSED] - projectSpecific.Reusability.getTestData is PASSED

2018-05-28 18:53:48 - [TEST_STEP][PASSED] - Statement - If (!(dateAttr.equals(fromDateValue))): null

2018-05-28 18:53:48 - [TEST_STEP][PASSED] - Statement - dateAttr = com.kms.katalon.core.webui.keyword.WebUiBuiltInKeywords.getAttribute(com.kms.katalon.core.testobject.ObjectRepository.findTestObject(ReportsPage/selectedDate2), "value"): Attribute 'value' of object 'Object Repository/ReportsPage/selectedDate2' is: '04/02/2018'

2018-05-28 18:53:49 - [MESSAGE][PASSED] - Attribute 'value' of object 'Object Repository/ReportsPage/selectedDate2' is: '04/02/2018'

2018-05-28 18:53:49 - [TEST_STEP][PASSED] - Statement - toDateValue = CustomKeywords.projectSpecific.Reusability.getTestData("ReportsPage", "toDate8"): projectSpecific.Reusability.getTestData is PASSED

2018-05-28 18:53:49 - [MESSAGE][PASSED] - projectSpecific.Reusability.getTestData is PASSED

2018-05-28 18:53:49 - [TEST_STEP][PASSED] - Statement - If (!(dateAttr.equals(toDateValue))): null

2018-05-28 18:53:49 - [TEST_STEP][PASSED] - verifyElementText: Actual text and expected text of test object 'Object Repository/ReportsPage/includeText' are matched.

2018-05-28 18:53:49 - [MESSAGE][PASSED] - projectSpecific.Reusability.getTestData is PASSED

2018-05-28 18:53:49 - [MESSAGE][PASSED] - Actual text and expected text of test object 'Object Repository/ReportsPage/includeText' are matched.

2018-05-28 18:53:49 - [TEST_STEP][PASSED] - verifyElementText: Actual text and expected text of test object 'Object Repository/ReportsPage/formatText' are matched.

2018-05-28 18:53:49 - [MESSAGE][PASSED] - projectSpecific.Reusability.getTestData is PASSED

2018-05-28 18:53:49 - [MESSAGE][PASSED] - Actual text and expected text of test object 'Object Repository/ReportsPage/formatText' are matched.

2018-05-28 18:53:49 - [TEST_STEP][PASSED] - uiaction.CommonUIActions.click: uiaction.CommonUIActions.click is PASSED

2018-05-28 18:53:49 - [MESSAGE][PASSED] - uiaction.CommonUIActions.click is PASSED

2018-05-28 18:53:49 - [TEST_STEP][PASSED] - Statement - opencheckbox = CustomKeywords.uiaction.CommonUIActions.isEnabled(com.kms.katalon.core.testobject.ObjectRepository.findTestObject(ReportsPage/Report_opencheckbox)): uiaction.CommonUIActions.isEnabled is PASSED

2018-05-28 18:53:49 - [MESSAGE][PASSED] - uiaction.CommonUIActions.isEnabled is PASSED

2018-05-28 18:53:49 - [TEST_STEP][PASSED] - Statement - If (!(opencheckbox)): null

2018-05-28 18:53:49 - [TEST_STEP][PASSED] - Statement - out.println("Open checkbox is checked bydefault"): null

2018-05-28 18:53:49 - [TEST_STEP][PASSED] - Statement - closecheckbox = CustomKeywords.uiaction.CommonUIActions.isEnabled(com.kms.katalon.core.testobject.ObjectRepository.findTestObject(ReportsPage/Report_closecheckbox)): uiaction.CommonUIActions.isEnabled is PASSED

2018-05-28 18:53:49 - [MESSAGE][PASSED] - uiaction.CommonUIActions.isEnabled is PASSED

2018-05-28 18:53:49 - [TEST_STEP][PASSED] - Statement - If (!(closecheckbox)): null

2018-05-28 18:53:49 - [TEST_STEP][PASSED] - Statement - out.println("Close checkbox is checked bydefault"): null

2018-05-28 18:53:49 - [TEST_STEP][PASSED] - uiaction.CommonUIActions.click: uiaction.CommonUIActions.click is PASSED

2018-05-28 18:53:49 - [MESSAGE][PASSED] - uiaction.CommonUIActions.click is PASSED

2018-05-28 18:53:49 - [TEST_STEP][PASSED] - uiaction.CommonUIActions.click: uiaction.CommonUIActions.click is PASSED

2018-05-28 18:53:49 - [MESSAGE][PASSED] - uiaction.CommonUIActions.click is PASSED

2018-05-28 18:53:49 - [TEST_STEP][PASSED] - verifyElementPresent: Object 'Object Repository/ReportsPage/advancedoption_am' is present

2018-05-28 18:53:49 - [MESSAGE][PASSED] - Object 'Object Repository/ReportsPage/advancedoption_am' is present

2018-05-28 18:53:49 - [TEST_STEP][PASSED] - verifyElementPresent: Object 'Object Repository/ReportsPage/advanceoptions_pm' is present

2018-05-28 18:53:49 - [MESSAGE][PASSED] - Object 'Object Repository/ReportsPage/advanceoptions_pm' is present

2018-05-28 18:53:49 - [TEST_STEP][PASSED] - Statement - open_am = CustomKeywords.uiaction.CommonUIActions.isEnabled(com.kms.katalon.core.testobject.ObjectRepository.findTestObject(ReportsPage/advancedoption_am)): uiaction.CommonUIActions.isEnabled is PASSED

2018-05-28 18:53:49 - [MESSAGE][PASSED] - uiaction.CommonUIActions.isEnabled is PASSED

2018-05-28 18:53:49 - [TEST_STEP][PASSED] - Statement - If (open_am): null

2018-05-28 18:53:49 - [TEST_STEP][PASSED] - Statement - out.println("AM Drop down boxes  enabled"): null

2018-05-28 18:53:49 - [TEST_STEP][PASSED] - Statement - open_pm = CustomKeywords.uiaction.CommonUIActions.isEnabled(com.kms.katalon.core.testobject.ObjectRepository.findTestObject(ReportsPage/advanceoptions_pm)): uiaction.CommonUIActions.isEnabled is PASSED

2018-05-28 18:53:49 - [MESSAGE][PASSED] - uiaction.CommonUIActions.isEnabled is PASSED

2018-05-28 18:53:49 - [TEST_STEP][PASSED] - Statement - If (open_pm): null

2018-05-28 18:53:49 - [TEST_STEP][PASSED] - Statement - out.println("PM Drop down boxes  enabled"): null

2018-05-28 18:53:49 - [TEST_STEP][PASSED] - uiaction.CommonUIActions.click: uiaction.CommonUIActions.click is PASSED

2018-05-28 18:53:49 - [MESSAGE][PASSED] - uiaction.CommonUIActions.click is PASSED

2018-05-28 18:53:49 - [TEST_STEP][PASSED] - uiaction.CommonUIActions.click: uiaction.CommonUIActions.click is PASSED

2018-05-28 18:54:10 - [MESSAGE][PASSED] - uiaction.CommonUIActions.click is PASSED

2018-05-28 18:54:10 - [TEST_STEP][PASSED] - uiaction.CommonUIActions.click: uiaction.CommonUIActions.click is PASSED

2018-05-28 18:54:10 - [MESSAGE][PASSED] - uiaction.CommonUIActions.click is PASSED

2018-05-28 18:54:10 - [TEST_STEP][PASSED] - Statement - open_textboxdata = com.kms.katalon.core.webui.keyword.WebUiBuiltInKeywords.getAttribute(com.kms.katalon.core.testobject.ObjectRepository.findTestObject(ReportsPage/advance_option_opentextbox), "value"): Attribute 'value' of object 'Object Repository/ReportsPage/advance_option_opentextbox' is: '8:52 am'

2018-05-28 18:54:10 - [MESSAGE][PASSED] - Attribute 'value' of object 'Object Repository/ReportsPage/advance_option_opentextbox' is: '8:52 am'

2018-05-28 18:54:10 - [TEST_STEP][PASSED] - Statement - If (!(open_textboxdata.isEmpty())): null

2018-05-28 18:54:10 - [TEST_STEP][PASSED] - Statement - out.println("8:00 am time shown "): null

2018-05-28 18:54:10 - [TEST_STEP][PASSED] - uiaction.CommonUIActions.click: uiaction.CommonUIActions.click is PASSED

2018-05-28 18:54:10 - [MESSAGE][PASSED] - uiaction.CommonUIActions.click is PASSED

2018-05-28 18:54:10 - [TEST_STEP][PASSED] - uiaction.CommonUIActions.click: uiaction.CommonUIActions.click is PASSED

2018-05-28 18:54:10 - [MESSAGE][PASSED] - uiaction.CommonUIActions.click is PASSED

2018-05-28 18:54:10 - [TEST_STEP][PASSED] - uiaction.CommonUIActions.click: uiaction.CommonUIActions.click is PASSED

2018-05-28 18:54:10 - [MESSAGE][PASSED] - uiaction.CommonUIActions.click is PASSED

2018-05-28 18:54:10 - [TEST_STEP][PASSED] - verifyElementPresent: Object 'Object Repository/ReportsPage/advancedoption_am' is present

2018-05-28 18:54:10 - [MESSAGE][PASSED] - Object 'Object Repository/ReportsPage/advancedoption_am' is present

2018-05-28 18:54:10 - [TEST_STEP][PASSED] - verifyElementPresent: Object 'Object Repository/ReportsPage/advanceoptions_pm' is present

2018-05-28 18:54:10 - [MESSAGE][PASSED] - Object 'Object Repository/ReportsPage/advanceoptions_pm' is present

2018-05-28 18:54:10 - [TEST_STEP][PASSED] - Statement - close_am = CustomKeywords.uiaction.CommonUIActions.isEnabled(com.kms.katalon.core.testobject.ObjectRepository.findTestObject(ReportsPage/advancedoption_am)): uiaction.CommonUIActions.isEnabled is PASSED

2018-05-28 18:54:11 - [MESSAGE][PASSED] - uiaction.CommonUIActions.isEnabled is PASSED

2018-05-28 18:54:11 - [TEST_STEP][PASSED] - Statement - If (close_am): null

2018-05-28 18:54:11 - [TEST_STEP][PASSED] - Statement - out.println("AM Drop down boxes  enabled"): null

2018-05-28 18:54:11 - [TEST_STEP][PASSED] - Statement - close_pm = CustomKeywords.uiaction.CommonUIActions.isEnabled(com.kms.katalon.core.testobject.ObjectRepository.findTestObject(ReportsPage/advanceoptions_pm)): uiaction.CommonUIActions.isEnabled is PASSED

2018-05-28 18:54:11 - [MESSAGE][PASSED] - uiaction.CommonUIActions.isEnabled is PASSED

2018-05-28 18:54:11 - [TEST_STEP][PASSED] - Statement - If (close_pm): null

2018-05-28 18:54:11 - [TEST_STEP][PASSED] - Statement - out.println("PM Drop down boxes  enabled"): null

2018-05-28 18:54:11 - [TEST_STEP][PASSED] - uiaction.CommonUIActions.click: uiaction.CommonUIActions.click is PASSED

2018-05-28 18:54:11 - [MESSAGE][PASSED] - uiaction.CommonUIActions.click is PASSED

2018-05-28 18:54:11 - [TEST_STEP][PASSED] - uiaction.CommonUIActions.click: uiaction.CommonUIActions.click is PASSED

2018-05-28 18:54:32 - [MESSAGE][PASSED] - uiaction.CommonUIActions.click is PASSED

2018-05-28 18:54:32 - [TEST_STEP][PASSED] - uiaction.CommonUIActions.click: uiaction.CommonUIActions.click is PASSED

2018-05-28 18:54:32 - [MESSAGE][PASSED] - uiaction.CommonUIActions.click is PASSED

2018-05-28 18:54:32 - [TEST_STEP][PASSED] - Statement - open_textboxdata1 = com.kms.katalon.core.webui.keyword.WebUiBuiltInKeywords.getAttribute(com.kms.katalon.core.testobject.ObjectRepository.findTestObject(ReportsPage/advance_option_closetextbox), "value"): Attribute 'value' of object 'Object Repository/ReportsPage/advance_option_closetextbox' is: '3:52 pm'

2018-05-28 18:54:32 - [MESSAGE][PASSED] - Attribute 'value' of object 'Object Repository/ReportsPage/advance_option_closetextbox' is: '3:52 pm'

2018-05-28 18:54:32 - [TEST_STEP][PASSED] - Statement - If (!(open_textboxdata1.isEmpty())): null

2018-05-28 18:54:32 - [TEST_STEP][PASSED] - Statement - out.println("3:00 pm time shown "): null

2018-05-28 18:54:32 - [TEST_STEP][PASSED] - click: Object: 'Object Repository/ReportsPage/timeSelection' is clicked on

2018-05-28 18:54:32 - [MESSAGE][PASSED] - Object: 'Object Repository/ReportsPage/timeSelection' is clicked on

2018-05-28 18:54:32 - [TEST_STEP][PASSED] - click: Object: 'Object Repository/ReportsPage/daypartTimeOption' is clicked on

2018-05-28 18:54:32 - [MESSAGE][PASSED] - Object: 'Object Repository/ReportsPage/daypartTimeOption' is clicked on

2018-05-28 18:54:32 - [TEST_STEP][PASSED] - click: Object: 'Object Repository/ReportsPage/summaryReportHeading' is clicked on

2018-05-28 18:54:32 - [MESSAGE][PASSED] - Object: 'Object Repository/ReportsPage/summaryReportHeading' is clicked on

2018-05-28 18:54:32 - [TEST_STEP][PASSED] - verifyElementText: Actual text and expected text of test object 'Object Repository/ReportsPage/daypartTimeOption' are matched.

2018-05-28 18:54:32 - [MESSAGE][PASSED] - projectSpecific.Reusability.getTestData is PASSED

2018-05-28 18:54:32 - [MESSAGE][PASSED] - Actual text and expected text of test object 'Object Repository/ReportsPage/daypartTimeOption' are matched.

2018-05-28 18:54:32 - [TEST_STEP][PASSED] - verifyElementText: Actual text and expected text of test object 'Object Repository/ReportsPage/criteriaTimeMeasureFordaypart' are matched.

2018-05-28 18:54:32 - [MESSAGE][PASSED] - projectSpecific.Reusability.getTestData is PASSED

2018-05-28 18:54:32 - [MESSAGE][PASSED] - Actual text and expected text of test object 'Object Repository/ReportsPage/criteriaTimeMeasureFordaypart' are matched.

2018-05-28 18:54:32 - [TEST_STEP][PASSED] - click: Object: 'Object Repository/ReportsPage/generateReport' is clicked on

2018-05-28 18:54:32 - [MESSAGE][PASSED] - Object: 'Object Repository/ReportsPage/generateReport' is clicked on

2018-05-28 18:54:32 - [TEST_STEP][PASSED] - Statement - errMessage = CustomKeywords.uiaction.CommonUIActions.getText(com.kms.katalon.core.testobject.ObjectRepository.findTestObject(ReportsPage/report_failure_alertmsg)): uiaction.CommonUIActions.getText is PASSED

2018-05-28 18:54:53 - [MESSAGE][PASSED] - uiaction.CommonUIActions.getText is PASSED

2018-05-28 18:54:53 - [TEST_STEP][PASSED] - Statement - errMsgText = CustomKeywords.projectSpecific.Reusability.getTestData("ReportsPage", "DateErrorMsg4"): projectSpecific.Reusability.getTestData is PASSED

2018-05-28 18:54:53 - [MESSAGE][PASSED] - projectSpecific.Reusability.getTestData is PASSED

2018-05-28 18:54:53 - [TEST_STEP][FAILED] - verifyMatch: Unable to verify match between actual text 'Web element with id: 'Object Repository/ReportsPage/report_failure_alertmsg' located by 'By.xpath: //div//ul//li[contains(text(),'Date range invalid')]' not found' and expected text 'Date range invalid. For daypart report select any 3 months period' (Root cause: Actual text 'Web element with id: 'Object Repository/ReportsPage/report_failure_alertmsg' located by 'By.xpath: //div//ul//li[contains(text(),'Date range invalid')]' not found' and expected text 'Date range invalid. For daypart report select any 3 months period' are not matched)

2018-05-28 18:54:53 - [MESSAGE][FAILED] - Unable to verify match between actual text 'Web element with id: 'Object Repository/ReportsPage/report_failure_alertmsg' located by 'By.xpath: //div//ul//li[contains(text(),'Date range invalid')]' not found' and expected text 'Date range invalid. For daypart report select any 3 months period' (Root cause: Actual text 'Web element with id: 'Object Repository/ReportsPage/report_failure_alertmsg' located by 'By.xpath: //div//ul//li[contains(text(),'Date range invalid')]' not found' and expected text 'Date range invalid. For daypart report select any 3 months period' are not matched)

2018-05-28 18:54:53 - [TEST_STEP][PASSED] - delay: Delayed 5 second(s)

2018-05-28 18:54:58 - [MESSAGE][PASSED] - Delayed 5 second(s)

2018-05-28 18:54:58 - [TEST_STEP][PASSED] - Statement - If (errMessage == errMsgText): null

2018-05-28 18:54:58 - [TEST_STEP][PASSED] - Statement - Else: null

2018-05-28 18:54:58 - [TEST_STEP][PASSED] - Statement - If (TCflag): null

2018-05-28 18:54:58 - [TEST_STEP][PASSED] - Statement - out.println("Error Msg is not verified"): null

2018-05-28 18:54:58 - [TEST_STEP][PASSED] - uiaction.CommonUIActions.click: uiaction.CommonUIActions.click is PASSED

2018-05-28 18:55:01 - [MESSAGE][PASSED] - uiaction.CommonUIActions.click is PASSED

2018-05-28 18:55:01 - [TEST_STEP][PASSED] - delay: Delayed 5 second(s)

2018-05-28 18:55:07 - [MESSAGE][PASSED] - Delayed 5 second(s)

2018-05-28 18:55:07 - [TEST_STEP][PASSED] - uiaction.CommonUIActions.click: uiaction.CommonUIActions.click is PASSED

2018-05-28 18:55:56 - [MESSAGE][PASSED] - uiaction.CommonUIActions.click is PASSED

2018-05-28 18:55:56 - [TEST_STEP][PASSED] - delay: Delayed 5 second(s)

2018-05-28 18:56:01 - [MESSAGE][PASSED] - Delayed 5 second(s)

2018-05-28 18:56:01 - [TEST_STEP][PASSED] - uiaction.CommonUIActions.click: uiaction.CommonUIActions.click is PASSED

2018-05-28 18:56:01 - [MESSAGE][PASSED] - uiaction.CommonUIActions.click is PASSED

2018-05-28 18:56:01 - [TEST_STEP][PASSED] - delay: Delayed 10 second(s)

2018-05-28 18:56:11 - [MESSAGE][PASSED] - Delayed 10 second(s)

2018-05-28 18:56:11 - [TEST_STEP][PASSED] - uiaction.CommonUIActions.click: uiaction.CommonUIActions.click is PASSED

2018-05-28 18:56:32 - [MESSAGE][PASSED] - uiaction.CommonUIActions.click is PASSED

2018-05-28 18:56:32 - [TEST_STEP][PASSED] - uiaction.CommonUIActions.click: uiaction.CommonUIActions.click is PASSED

2018-05-28 18:56:53 - [MESSAGE][PASSED] - uiaction.CommonUIActions.click is PASSED

2018-05-28 18:56:53 - [TEST_STEP][PASSED] - uiaction.CommonUIActions.click: uiaction.CommonUIActions.click is PASSED

2018-05-28 18:57:14 - [MESSAGE][PASSED] - uiaction.CommonUIActions.click is PASSED

2018-05-28 18:57:14 - [TEST_STEP][PASSED] - uiaction.CommonUIActions.click: uiaction.CommonUIActions.click is PASSED

2018-05-28 18:57:59 - [MESSAGE][PASSED] - uiaction.CommonUIActions.click is PASSED

2018-05-28 18:57:59 - [TEST_STEP][PASSED] - Statement - assert TCflag == true: null

2018-05-28 18:57:59 - [TEST_STEP][PASSED] - Start listener action : sampleAfterTestCase: Browser is closed

2018-05-28 18:57:59 - [TEST_STEP][PASSED] - Statement - println(testCaseContext.getTestCaseId()): null

2018-05-28 18:57:59 - [TEST_STEP][PASSED] - Statement - println(testCaseContext.getTestCaseStatus()): null

2018-05-28 18:57:59 - [TEST_STEP][PASSED] - closeBrowser: Browser is closed

2018-05-28 18:58:00 - [MESSAGE][PASSED] - Browser is closed]]></system-out>
         <system-err><![CDATA[2018-05-28 18:51:15 - [TEST_CASE][FAILED] - Test Cases/SummaryReportsTC/HME-Summary Report-15: Test Cases/SummaryReportsTC/HME-Summary Report-15 FAILED because (of) Unable to verify match between actual text 'Web element with id: 'Object Repository/ReportsPage/report_failure_alertmsg' located by 'By.xpath: //div//ul//li[contains(text(),'Date range invalid')]' not found' and expected text 'Date range invalid. For daypart report select any 3 months period' (Root cause: Actual text 'Web element with id: 'Object Repository/ReportsPage/report_failure_alertmsg' located by 'By.xpath: //div//ul//li[contains(text(),'Date range invalid')]' not found' and expected text 'Date range invalid. For daypart report select any 3 months period' are not matched)]]></system-err>
      </testcase>
      <testcase name="Test Cases/GoalStatisticsTC/HME-Goal Statistics Report-07" classname="Test Cases/GoalStatisticsTC/HME-Goal Statistics Report-07" status="FAILED">
         <failure type="FAILED" message="com.kms.katalon.core.webui.exception.WebElementNotFoundException: Web element with id: 'Object Repository/SummarizedReportPage/Summary_avaragereport' located by 'By.xpath: //span[contains(text(),'AVERAGE TIME')]' not found"/>
         <system-out><![CDATA[2018-05-28 18:58:00 - [TEST_CASE][FAILED] - Test Cases/GoalStatisticsTC/HME-Goal Statistics Report-07: Test Cases/GoalStatisticsTC/HME-Goal Statistics Report-07 FAILED because (of) com.kms.katalon.core.webui.exception.WebElementNotFoundException: Web element with id: 'Object Repository/SummarizedReportPage/Summary_avaragereport' located by 'By.xpath: //span[contains(text(),'AVERAGE TIME')]' not found

2018-05-28 18:58:00 - [TEST_STEP][PASSED] - Start listener action : sampleBeforeTestCase: uiaction.CommonUIActions.deleteAllCookies is PASSED

2018-05-28 18:58:00 - [TEST_STEP][PASSED] - openBrowser: Browser is opened with url: ''

2018-05-28 18:58:02 - [MESSAGE][PASSED] - Browser is opened with url: ''

2018-05-28 18:58:02 - [TEST_STEP][PASSED] - maximizeWindow: Current window maximized

2018-05-28 18:58:03 - [MESSAGE][PASSED] - Current window maximized

2018-05-28 18:58:03 - [TEST_STEP][PASSED] - uiaction.CommonUIActions.deleteAllCookies: uiaction.CommonUIActions.deleteAllCookies is PASSED

2018-05-28 18:58:03 - [MESSAGE][PASSED] - Delete all cookies successfully

2018-05-28 18:58:03 - [MESSAGE][PASSED] - uiaction.CommonUIActions.deleteAllCookies is PASSED

2018-05-28 18:58:04 - [TEST_STEP][PASSED] - Statement - TCflag = true: null

2018-05-28 18:58:04 - [TEST_STEP][FAILED] - Statement - Try: uiaction.CommonUIActions.click is PASSED

2018-05-28 18:58:04 - [TEST_STEP][PASSED] - navigateToUrl: Navigate to 'https://hme-dev-public-cloud-app.azurewebsites.net/' successfully

2018-05-28 18:58:07 - [MESSAGE][PASSED] - Navigate to 'https://hme-dev-public-cloud-app.azurewebsites.net/' successfully

2018-05-28 18:58:07 - [TEST_STEP][PASSED] - projectSpecific.Reusability.login: projectSpecific.Reusability.login is PASSED

2018-05-28 18:58:07 - [MESSAGE][PASSED] - projectSpecific.Reusability.getTestData is PASSED

2018-05-28 18:58:07 - [MESSAGE][PASSED] - projectSpecific.Reusability.getTestData is PASSED

2018-05-28 18:58:07 - [MESSAGE][PASSED] - Text 'selvendrank@nousinfo.com' is set on object 'Object Repository/LoginPage/Username'

2018-05-28 18:58:07 - [MESSAGE][PASSED] - Text 'nous;123' is set on object 'Object Repository/LoginPage/Password'

2018-05-28 18:58:07 - [MESSAGE][PASSED] - Object: 'Object Repository/LoginPage/Login' is clicked on

2018-05-28 18:58:07 - [MESSAGE][PASSED] - projectSpecific.Reusability.login is PASSED

2018-05-28 18:58:07 - [TEST_STEP][PASSED] - delay: Delayed 10 second(s)

2018-05-28 18:58:17 - [MESSAGE][PASSED] - Delayed 10 second(s)

2018-05-28 18:58:17 - [TEST_STEP][PASSED] - uiaction.CommonUIActions.click: uiaction.CommonUIActions.click is PASSED

2018-05-28 18:58:44 - [MESSAGE][PASSED] - uiaction.CommonUIActions.click is PASSED

2018-05-28 18:58:44 - [TEST_STEP][PASSED] - uiaction.CommonUIActions.click: uiaction.CommonUIActions.click is PASSED

2018-05-28 18:58:46 - [MESSAGE][PASSED] - uiaction.CommonUIActions.click is PASSED

2018-05-28 18:58:46 - [TEST_STEP][PASSED] - uiaction.CommonUIActions.click: uiaction.CommonUIActions.click is PASSED

2018-05-28 18:58:46 - [MESSAGE][PASSED] - uiaction.CommonUIActions.click is PASSED

2018-05-28 18:58:46 - [TEST_STEP][PASSED] - uiaction.CommonUIActions.click: uiaction.CommonUIActions.click is PASSED

2018-05-28 18:58:52 - [MESSAGE][PASSED] - uiaction.CommonUIActions.click is PASSED

2018-05-28 18:58:52 - [TEST_STEP][PASSED] - delay: Delayed 10 second(s)

2018-05-28 18:59:02 - [MESSAGE][PASSED] - Delayed 10 second(s)

2018-05-28 18:59:02 - [TEST_STEP][PASSED] - Statement - storenumber = CustomKeywords.uiaction.CommonUIActions.getText(com.kms.katalon.core.testobject.ObjectRepository.findTestObject(StorePage/storeID)): uiaction.CommonUIActions.getText is PASSED

2018-05-28 18:59:02 - [MESSAGE][PASSED] - uiaction.CommonUIActions.getText is PASSED

2018-05-28 18:59:02 - [TEST_STEP][PASSED] - Statement - out.println(" the store number is--" + storenumber.trim()): null

2018-05-28 18:59:02 - [TEST_STEP][PASSED] - uiaction.CommonUIActions.click: uiaction.CommonUIActions.click is PASSED

2018-05-28 18:59:03 - [MESSAGE][PASSED] - uiaction.CommonUIActions.click is PASSED

2018-05-28 18:59:03 - [TEST_STEP][PASSED] - verifyElementPresent: Object 'Object Repository/SummarizedReportPage/SummaryReportheader' is present

2018-05-28 18:59:03 - [MESSAGE][PASSED] - Object 'Object Repository/SummarizedReportPage/SummaryReportheader' is present

2018-05-28 18:59:03 - [TEST_STEP][PASSED] - Statement - println("Summary Reports screen will be displayed"): null

2018-05-28 18:59:03 - [TEST_STEP][PASSED] - uiaction.CommonUIActions.click: uiaction.CommonUIActions.click is PASSED

2018-05-28 18:59:09 - [MESSAGE][PASSED] - uiaction.CommonUIActions.click is PASSED

2018-05-28 18:59:09 - [TEST_STEP][PASSED] - uiaction.CommonUIActions.click: uiaction.CommonUIActions.click is PASSED

2018-05-28 18:59:20 - [MESSAGE][PASSED] - uiaction.CommonUIActions.click is PASSED

2018-05-28 18:59:20 - [TEST_STEP][PASSED] - uiaction.CommonUIActions.click: uiaction.CommonUIActions.click is PASSED

2018-05-28 18:59:21 - [MESSAGE][PASSED] - uiaction.CommonUIActions.click is PASSED

2018-05-28 18:59:21 - [TEST_STEP][PASSED] - uiaction.CommonUIActions.click: uiaction.CommonUIActions.click is PASSED

2018-05-28 18:59:22 - [MESSAGE][PASSED] - uiaction.CommonUIActions.click is PASSED

2018-05-28 18:59:22 - [TEST_STEP][PASSED] - uiaction.CommonUIActions.enter: uiaction.CommonUIActions.enter is PASSED

2018-05-28 18:59:22 - [MESSAGE][PASSED] - projectSpecific.Reusability.getTestData is PASSED

2018-05-28 18:59:22 - [MESSAGE][PASSED] - uiaction.CommonUIActions.enter is PASSED

2018-05-28 18:59:22 - [TEST_STEP][PASSED] - uiaction.CommonUIActions.enter: uiaction.CommonUIActions.enter is PASSED

2018-05-28 18:59:22 - [MESSAGE][PASSED] - projectSpecific.Reusability.getTestData is PASSED

2018-05-28 18:59:22 - [MESSAGE][PASSED] - uiaction.CommonUIActions.enter is PASSED

2018-05-28 18:59:22 - [TEST_STEP][PASSED] - Statement - groupmain = CustomKeywords.projectSpecific.Reusability.getTestData("ReportingGroupManagementPage", "Summarygrp"): projectSpecific.Reusability.getTestData is PASSED

2018-05-28 18:59:22 - [MESSAGE][PASSED] - projectSpecific.Reusability.getTestData is PASSED

2018-05-28 18:59:22 - [TEST_STEP][PASSED] - delay: Delayed 10 second(s)

2018-05-28 18:59:32 - [MESSAGE][PASSED] - Delayed 10 second(s)

2018-05-28 18:59:32 - [TEST_STEP][PASSED] - Statement - driver = com.kms.katalon.core.webui.driver.DriverFactory.getWebDriver(): null

2018-05-28 18:59:32 - [TEST_STEP][PASSED] - Statement - grouplist = driver.findElements(org.openqa.selenium.By.xpath("//ul[@class='unlinked-grouplist']/li")): null

2018-05-28 18:59:32 - [TEST_STEP][PASSED] - delay: Delayed 10 second(s)

2018-05-28 18:59:42 - [MESSAGE][PASSED] - Delayed 10 second(s)

2018-05-28 18:59:42 - [TEST_STEP][PASSED] - Statement - For ([i = 0, i < grouplist.size(), (i++)]): null

2018-05-28 18:59:42 - [TEST_STEP][PASSED] - Statement - println(grouplist.get(i).getText()): null

2018-05-28 18:59:42 - [TEST_STEP][PASSED] - Statement - If (grouplist.get(i).getText().contains(storenumber.trim())): null

2018-05-28 18:59:42 - [TEST_STEP][PASSED] - Statement - println(grouplist.get(i).getText()): null

2018-05-28 18:59:42 - [TEST_STEP][PASSED] - Statement - If (grouplist.get(i).getText().contains(storenumber.trim())): null

2018-05-28 18:59:42 - [TEST_STEP][PASSED] - Statement - println(grouplist.get(i).getText()): null

2018-05-28 18:59:42 - [TEST_STEP][PASSED] - Statement - If (grouplist.get(i).getText().contains(storenumber.trim())): null

2018-05-28 18:59:42 - [TEST_STEP][PASSED] - Statement - println(grouplist.get(i).getText()): null

2018-05-28 18:59:42 - [TEST_STEP][PASSED] - Statement - If (grouplist.get(i).getText().contains(storenumber.trim())): null

2018-05-28 18:59:42 - [TEST_STEP][PASSED] - Statement - println(grouplist.get(i).getText()): null

2018-05-28 18:59:42 - [TEST_STEP][PASSED] - Statement - If (grouplist.get(i).getText().contains(storenumber.trim())): null

2018-05-28 18:59:42 - [TEST_STEP][PASSED] - Statement - println(grouplist.get(i).getText()): null

2018-05-28 18:59:42 - [TEST_STEP][PASSED] - Statement - If (grouplist.get(i).getText().contains(storenumber.trim())): null

2018-05-28 18:59:42 - [TEST_STEP][PASSED] - Statement - driver.findElement(org.openqa.selenium.By.xpath("(//ul[@class='unlinked-grouplist']/li/label)[" + i + 1 + "]")).click(): null

2018-05-28 18:59:42 - [TEST_STEP][PASSED] - Statement - driver.findElement(org.openqa.selenium.By.xpath("//button[contains(text(),'>')]")).click(): null

2018-05-28 18:59:42 - [TEST_STEP][PASSED] - Statement - Break: null

2018-05-28 18:59:42 - [TEST_STEP][PASSED] - delay: Delayed 10 second(s)

2018-05-28 18:59:52 - [MESSAGE][PASSED] - Delayed 10 second(s)

2018-05-28 18:59:52 - [TEST_STEP][PASSED] - uiaction.CommonUIActions.click: uiaction.CommonUIActions.click is PASSED

2018-05-28 18:59:52 - [MESSAGE][PASSED] - uiaction.CommonUIActions.click is PASSED

2018-05-28 18:59:52 - [TEST_STEP][PASSED] - uiaction.CommonUIActions.click: uiaction.CommonUIActions.click is PASSED

2018-05-28 18:59:52 - [MESSAGE][PASSED] - uiaction.CommonUIActions.click is PASSED

2018-05-28 18:59:52 - [TEST_STEP][PASSED] - delay: Delayed 10 second(s)

2018-05-28 19:00:02 - [MESSAGE][PASSED] - Delayed 10 second(s)

2018-05-28 19:00:02 - [TEST_STEP][PASSED] - uiaction.CommonUIActions.click: uiaction.CommonUIActions.click is PASSED

2018-05-28 19:00:02 - [MESSAGE][PASSED] - uiaction.CommonUIActions.click is PASSED

2018-05-28 19:00:02 - [TEST_STEP][PASSED] - delay: Delayed 10 second(s)

2018-05-28 19:00:12 - [MESSAGE][PASSED] - Delayed 10 second(s)

2018-05-28 19:00:12 - [TEST_STEP][PASSED] - Statement - driver.findElement(org.openqa.selenium.By.xpath("//span[contains(text(),'" + groupmain + "')]/../../../../span[1]")).click(): null

2018-05-28 19:00:13 - [TEST_STEP][PASSED] - delay: Delayed 10 second(s)

2018-05-28 19:00:23 - [MESSAGE][PASSED] - Delayed 10 second(s)

2018-05-28 19:00:23 - [TEST_STEP][PASSED] - Statement - driver.findElement(org.openqa.selenium.By.xpath("//span[contains(text(),'" + storenumber.trim() + "')]")).isDisplayed(): null

2018-05-28 19:00:23 - [TEST_STEP][PASSED] - delay: Delayed 4 second(s)

2018-05-28 19:00:27 - [MESSAGE][PASSED] - Delayed 4 second(s)

2018-05-28 19:00:27 - [TEST_STEP][PASSED] - uiaction.CommonUIActions.click: uiaction.CommonUIActions.click is PASSED

2018-05-28 19:00:27 - [MESSAGE][PASSED] - uiaction.CommonUIActions.click is PASSED

2018-05-28 19:00:27 - [TEST_STEP][PASSED] - Statement - storesCheckBoxList = driver.findElements(org.openqa.selenium.By.xpath(com.kms.katalon.core.testdata.TestDataFactory.findTestData(OR_file).getValue(2, 4))): Reading excel file with source file 'C:\Users\shalinin\Katalon Studio\HME_Scripts\Data Files\HME_OR.xlsx' and sheet name 'Sheet1'

2018-05-28 19:00:27 - [TEST_STEP][PASSED] - Statement - storesCheckBoxListChecked = driver.findElements(org.openqa.selenium.By.xpath(com.kms.katalon.core.testdata.TestDataFactory.findTestData(OR_file).getValue(2, 14))): Reading excel file with source file 'C:\Users\shalinin\Katalon Studio\HME_Scripts\Data Files\HME_OR.xlsx' and sheet name 'Sheet1'

2018-05-28 19:00:27 - [TEST_STEP][PASSED] - Statement - If (storesCheckBoxList.size() == storesCheckBoxListChecked.size()): null

2018-05-28 19:00:27 - [TEST_STEP][PASSED] - Statement - out.println("All Store checkboxes are checked after selecting SelectAll button"): null

2018-05-28 19:00:27 - [TEST_STEP][PASSED] - delay: Delayed 4 second(s)

2018-05-28 19:00:31 - [MESSAGE][PASSED] - Delayed 4 second(s)

2018-05-28 19:00:31 - [TEST_STEP][PASSED] - uiaction.CommonUIActions.click: uiaction.CommonUIActions.click is PASSED

2018-05-28 19:00:31 - [MESSAGE][PASSED] - uiaction.CommonUIActions.click is PASSED

2018-05-28 19:00:31 - [TEST_STEP][PASSED] - delay: Delayed 4 second(s)

2018-05-28 19:00:35 - [MESSAGE][PASSED] - Delayed 4 second(s)

2018-05-28 19:00:35 - [TEST_STEP][PASSED] - Statement - driver.findElement(org.openqa.selenium.By.xpath("//span[contains(text(),'" + groupmain + "')]/../../../../span[2]")).click(): null

2018-05-28 19:00:35 - [TEST_STEP][PASSED] - Statement - defaulttimemeasureoption = CustomKeywords.uiaction.CommonUIActions.getText(com.kms.katalon.core.testobject.ObjectRepository.findTestObject(ReportsPage/defaulttimemeasujreoptiondisplayed)): uiaction.CommonUIActions.getText is PASSED

2018-05-28 19:00:35 - [MESSAGE][PASSED] - uiaction.CommonUIActions.getText is PASSED

2018-05-28 19:00:35 - [TEST_STEP][PASSED] - Statement - If (defaulttimemeasureoption == "Day"): null

2018-05-28 19:00:35 - [TEST_STEP][PASSED] - Statement - out.println("Default time measure value displayed as 'Day' "): null

2018-05-28 19:00:35 - [TEST_STEP][PASSED] - delay: Delayed 5 second(s)

2018-05-28 19:00:40 - [MESSAGE][PASSED] - Delayed 5 second(s)

2018-05-28 19:00:40 - [TEST_STEP][PASSED] - click: Object: 'Object Repository/ReportsPage/fromDateSelector' is clicked on

2018-05-28 19:00:40 - [MESSAGE][PASSED] - Object: 'Object Repository/ReportsPage/fromDateSelector' is clicked on

2018-05-28 19:00:40 - [TEST_STEP][PASSED] - delay: Delayed 5 second(s)

2018-05-28 19:00:45 - [MESSAGE][PASSED] - Delayed 5 second(s)

2018-05-28 19:00:45 - [TEST_STEP][PASSED] - Statement - monthText = com.kms.katalon.core.webui.keyword.WebUiBuiltInKeywords.getText(com.kms.katalon.core.testobject.ObjectRepository.findTestObject(ReportsPage/monthText)): Text of object 'Object Repository/ReportsPage/monthText' is: 'May 2018'

2018-05-28 19:00:45 - [MESSAGE][PASSED] - Text of object 'Object Repository/ReportsPage/monthText' is: 'May 2018'

2018-05-28 19:00:45 - [TEST_STEP][PASSED] - Statement - monthTextArray = monthText.split(" "): null

2018-05-28 19:00:45 - [TEST_STEP][PASSED] - Statement - month = monthTextArray[0]: null

2018-05-28 19:00:45 - [TEST_STEP][PASSED] - Statement - monthTextValue = CustomKeywords.projectSpecific.Reusability.getTestData("ReportsPage", "Month"): projectSpecific.Reusability.getTestData is PASSED

2018-05-28 19:00:46 - [MESSAGE][PASSED] - projectSpecific.Reusability.getTestData is PASSED

2018-05-28 19:00:46 - [TEST_STEP][PASSED] - Statement - If (!(monthTextValue.equals(month))): null

2018-05-28 19:00:46 - [TEST_STEP][PASSED] - Statement - While (!(monthTextValue.equals(month))): null

2018-05-28 19:00:46 - [TEST_STEP][PASSED] - click: Object: 'Object Repository/ReportsPage/previousDateSelector' is clicked on

2018-05-28 19:00:46 - [MESSAGE][PASSED] - Object: 'Object Repository/ReportsPage/previousDateSelector' is clicked on

2018-05-28 19:00:46 - [TEST_STEP][PASSED] - Statement - monthText = com.kms.katalon.core.webui.keyword.WebUiBuiltInKeywords.getText(com.kms.katalon.core.testobject.ObjectRepository.findTestObject(ReportsPage/monthText)): Text of object 'Object Repository/ReportsPage/monthText' is: 'April 2018'

2018-05-28 19:00:46 - [MESSAGE][PASSED] - Text of object 'Object Repository/ReportsPage/monthText' is: 'April 2018'

2018-05-28 19:00:46 - [TEST_STEP][PASSED] - Statement - monthTextArray = monthText.split(" "): null

2018-05-28 19:00:46 - [TEST_STEP][PASSED] - Statement - month = monthTextArray[0]: null

2018-05-28 19:00:46 - [TEST_STEP][PASSED] - click: Object: 'Object Repository/ReportsPage/previousDateSelector' is clicked on

2018-05-28 19:00:46 - [MESSAGE][PASSED] - Object: 'Object Repository/ReportsPage/previousDateSelector' is clicked on

2018-05-28 19:00:46 - [TEST_STEP][PASSED] - Statement - monthText = com.kms.katalon.core.webui.keyword.WebUiBuiltInKeywords.getText(com.kms.katalon.core.testobject.ObjectRepository.findTestObject(ReportsPage/monthText)): Text of object 'Object Repository/ReportsPage/monthText' is: 'March 2018'

2018-05-28 19:00:46 - [MESSAGE][PASSED] - Text of object 'Object Repository/ReportsPage/monthText' is: 'March 2018'

2018-05-28 19:00:46 - [TEST_STEP][PASSED] - Statement - monthTextArray = monthText.split(" "): null

2018-05-28 19:00:46 - [TEST_STEP][PASSED] - Statement - month = monthTextArray[0]: null

2018-05-28 19:00:46 - [TEST_STEP][PASSED] - Statement - data = CustomKeywords.projectSpecific.Reusability.getTestData("ReportsPage", "StartDate_TC7"): projectSpecific.Reusability.getTestData is PASSED

2018-05-28 19:00:46 - [MESSAGE][PASSED] - projectSpecific.Reusability.getTestData is PASSED

2018-05-28 19:00:46 - [TEST_STEP][PASSED] - Statement - startDate = "(//td[text()='" + data + "'])[1]": null

2018-05-28 19:00:46 - [TEST_STEP][PASSED] - Statement - println(startDate): null

2018-05-28 19:00:46 - [TEST_STEP][PASSED] - Statement - startdateEle = driver.findElement(org.openqa.selenium.By.xpath(startDate)): null

2018-05-28 19:00:46 - [TEST_STEP][PASSED] - Statement - startdateEle.click(): null

2018-05-28 19:00:46 - [TEST_STEP][PASSED] - delay: Delayed 5 second(s)

2018-05-28 19:00:51 - [MESSAGE][PASSED] - Delayed 5 second(s)

2018-05-28 19:00:51 - [TEST_STEP][PASSED] - click: Object: 'Object Repository/ReportsPage/toDateSelector' is clicked on

2018-05-28 19:00:51 - [MESSAGE][PASSED] - Object: 'Object Repository/ReportsPage/toDateSelector' is clicked on

2018-05-28 19:00:51 - [TEST_STEP][PASSED] - Statement - monthText = com.kms.katalon.core.webui.keyword.WebUiBuiltInKeywords.getText(com.kms.katalon.core.testobject.ObjectRepository.findTestObject(ReportsPage/monthText2)): Text of object 'Object Repository/ReportsPage/monthText2' is: 'May 2018'

2018-05-28 19:00:51 - [MESSAGE][PASSED] - Text of object 'Object Repository/ReportsPage/monthText2' is: 'May 2018'

2018-05-28 19:00:51 - [TEST_STEP][PASSED] - Statement - monthTextArray = monthText.split(" "): null

2018-05-28 19:00:51 - [TEST_STEP][PASSED] - Statement - month = monthTextArray[0]: null

2018-05-28 19:00:51 - [TEST_STEP][PASSED] - Statement - If (!(monthTextValue.equals(month))): null

2018-05-28 19:00:51 - [TEST_STEP][PASSED] - Statement - While (!(monthTextValue.equals(month))): null

2018-05-28 19:00:51 - [TEST_STEP][PASSED] - click: Object: 'Object Repository/ReportsPage/previousDateSelector2' is clicked on

2018-05-28 19:00:51 - [MESSAGE][PASSED] - Object: 'Object Repository/ReportsPage/previousDateSelector2' is clicked on

2018-05-28 19:00:51 - [TEST_STEP][PASSED] - Statement - monthText = com.kms.katalon.core.webui.keyword.WebUiBuiltInKeywords.getText(com.kms.katalon.core.testobject.ObjectRepository.findTestObject(ReportsPage/monthText2)): Text of object 'Object Repository/ReportsPage/monthText2' is: 'April 2018'

2018-05-28 19:00:51 - [MESSAGE][PASSED] - Text of object 'Object Repository/ReportsPage/monthText2' is: 'April 2018'

2018-05-28 19:00:51 - [TEST_STEP][PASSED] - Statement - monthTextArray = monthText.split(" "): null

2018-05-28 19:00:51 - [TEST_STEP][PASSED] - Statement - month = monthTextArray[0]: null

2018-05-28 19:00:51 - [TEST_STEP][PASSED] - click: Object: 'Object Repository/ReportsPage/previousDateSelector2' is clicked on

2018-05-28 19:00:51 - [MESSAGE][PASSED] - Object: 'Object Repository/ReportsPage/previousDateSelector2' is clicked on

2018-05-28 19:00:51 - [TEST_STEP][PASSED] - Statement - monthText = com.kms.katalon.core.webui.keyword.WebUiBuiltInKeywords.getText(com.kms.katalon.core.testobject.ObjectRepository.findTestObject(ReportsPage/monthText2)): Text of object 'Object Repository/ReportsPage/monthText2' is: 'March 2018'

2018-05-28 19:00:51 - [MESSAGE][PASSED] - Text of object 'Object Repository/ReportsPage/monthText2' is: 'March 2018'

2018-05-28 19:00:51 - [TEST_STEP][PASSED] - Statement - monthTextArray = monthText.split(" "): null

2018-05-28 19:00:51 - [TEST_STEP][PASSED] - Statement - month = monthTextArray[0]: null

2018-05-28 19:00:51 - [TEST_STEP][PASSED] - Statement - endDate = CustomKeywords.projectSpecific.Reusability.getTestData("ReportsPage", "EndDate3"): projectSpecific.Reusability.getTestData is PASSED

2018-05-28 19:00:51 - [MESSAGE][PASSED] - projectSpecific.Reusability.getTestData is PASSED

2018-05-28 19:00:51 - [TEST_STEP][PASSED] - Statement - toDate = "(//td[text()='" + endDate + "'])[2]": null

2018-05-28 19:00:51 - [TEST_STEP][PASSED] - Statement - toDateEle = driver.findElement(org.openqa.selenium.By.xpath(toDate)): null

2018-05-28 19:00:51 - [TEST_STEP][PASSED] - Statement - toDateEle.click(): null

2018-05-28 19:00:51 - [TEST_STEP][PASSED] - delay: Delayed 5 second(s)

2018-05-28 19:00:56 - [MESSAGE][PASSED] - Delayed 5 second(s)

2018-05-28 19:00:56 - [TEST_STEP][PASSED] - Statement - dateAttr = com.kms.katalon.core.webui.keyword.WebUiBuiltInKeywords.getAttribute(com.kms.katalon.core.testobject.ObjectRepository.findTestObject(ReportsPage/selectedDate1), "value"): Attribute 'value' of object 'Object Repository/ReportsPage/selectedDate1' is: '03/10/2018'

2018-05-28 19:00:56 - [MESSAGE][PASSED] - Attribute 'value' of object 'Object Repository/ReportsPage/selectedDate1' is: '03/10/2018'

2018-05-28 19:00:56 - [TEST_STEP][PASSED] - Statement - fromDateValue = CustomKeywords.projectSpecific.Reusability.getTestData("ReportsPage", "toDate_March"): projectSpecific.Reusability.getTestData is PASSED

2018-05-28 19:00:56 - [MESSAGE][PASSED] - projectSpecific.Reusability.getTestData is PASSED

2018-05-28 19:00:56 - [TEST_STEP][PASSED] - Statement - If (!(dateAttr.equals(fromDateValue))): null

2018-05-28 19:00:56 - [TEST_STEP][PASSED] - Statement - dateAttr = com.kms.katalon.core.webui.keyword.WebUiBuiltInKeywords.getAttribute(com.kms.katalon.core.testobject.ObjectRepository.findTestObject(ReportsPage/selectedDate2), "value"): Attribute 'value' of object 'Object Repository/ReportsPage/selectedDate2' is: '03/11/2018'

2018-05-28 19:00:56 - [MESSAGE][PASSED] - Attribute 'value' of object 'Object Repository/ReportsPage/selectedDate2' is: '03/11/2018'

2018-05-28 19:00:56 - [TEST_STEP][PASSED] - Statement - toDateValue = CustomKeywords.projectSpecific.Reusability.getTestData("ReportsPage", "TOdate_TC7"): projectSpecific.Reusability.getTestData is PASSED

2018-05-28 19:00:56 - [MESSAGE][PASSED] - projectSpecific.Reusability.getTestData is PASSED

2018-05-28 19:00:56 - [TEST_STEP][PASSED] - Statement - If (!(dateAttr.equals(toDateValue))): null

2018-05-28 19:00:56 - [TEST_STEP][PASSED] - uiaction.CommonUIActions.click: uiaction.CommonUIActions.click is PASSED

2018-05-28 19:00:56 - [MESSAGE][PASSED] - uiaction.CommonUIActions.click is PASSED

2018-05-28 19:00:56 - [TEST_STEP][PASSED] - click: Object: 'Object Repository/ReportsPage/report_submit' is clicked on

2018-05-28 19:00:56 - [MESSAGE][PASSED] - Object: 'Object Repository/ReportsPage/report_submit' is clicked on

2018-05-28 19:00:56 - [TEST_STEP][PASSED] - delay: Delayed 10 second(s)

2018-05-28 19:01:06 - [MESSAGE][PASSED] - Delayed 10 second(s)

2018-05-28 19:01:06 - [TEST_STEP][FAILED] - verifyElementPresent: com.kms.katalon.core.webui.exception.WebElementNotFoundException: Web element with id: 'Object Repository/SummarizedReportPage/Summary_avaragereport' located by 'By.xpath: //span[contains(text(),'AVERAGE TIME')]' not found

2018-05-28 19:01:17 - [MESSAGE][FAILED] - com.kms.katalon.core.webui.exception.WebElementNotFoundException: Web element with id: 'Object Repository/SummarizedReportPage/Summary_avaragereport' located by 'By.xpath: //span[contains(text(),'AVERAGE TIME')]' not found
[[ATTACHMENT|C:\\Users\\shalinin\\Katalon Studio\\HME_Scripts\\Reports\\RegressionSuite\\20180528_184152\\1527514277420.png]]

2018-05-28 19:01:17 - [TEST_STEP][FAILED] - verifyElementPresent: com.kms.katalon.core.webui.exception.WebElementNotFoundException: Web element with id: 'Object Repository/SummarizedReportPage/summary_avaragetimemin_sec' located by 'By.xpath: (//span[contains(text(),'(min:sec)')])[1]' not found

2018-05-28 19:01:28 - [MESSAGE][FAILED] - com.kms.katalon.core.webui.exception.WebElementNotFoundException: Web element with id: 'Object Repository/SummarizedReportPage/summary_avaragetimemin_sec' located by 'By.xpath: (//span[contains(text(),'(min:sec)')])[1]' not found
[[ATTACHMENT|C:\\Users\\shalinin\\Katalon Studio\\HME_Scripts\\Reports\\RegressionSuite\\20180528_184152\\1527514288190.png]]

2018-05-28 19:01:28 - [TEST_STEP][PASSED] - Statement - averagetime_headersfromapp = driver.findElements(org.openqa.selenium.By.xpath("//table[@class='summaryreport-table']//th[@class='reportTableAttributesHeading']")): null

2018-05-28 19:01:28 - [TEST_STEP][PASSED] - Statement - averagetime_headersfrom_excel = CustomKeywords.projectSpecific.Reusability.getTestData("ReportsPage", "averagetime_headers_08"): projectSpecific.Reusability.getTestData is PASSED

2018-05-28 19:01:28 - [MESSAGE][PASSED] - projectSpecific.Reusability.getTestData is PASSED

2018-05-28 19:01:28 - [TEST_STEP][PASSED] - Statement - averagetime_excelsplit = averagetime_headersfrom_excel.split(","): null

2018-05-28 19:01:28 - [TEST_STEP][PASSED] - Statement - For ([i = 0, i < averagetime_headersfromapp.size(), (i++)]): null

2018-05-28 19:01:28 - [TEST_STEP][PASSED] - delay: Delayed 5 second(s)

2018-05-28 19:01:33 - [MESSAGE][PASSED] - Delayed 5 second(s)

2018-05-28 19:01:33 - [TEST_STEP][PASSED] - uiaction.CommonUIActions.click: uiaction.CommonUIActions.click is PASSED

2018-05-28 19:01:36 - [MESSAGE][PASSED] - uiaction.CommonUIActions.click is PASSED

2018-05-28 19:01:36 - [TEST_STEP][PASSED] - delay: Delayed 5 second(s)

2018-05-28 19:01:41 - [MESSAGE][PASSED] - Delayed 5 second(s)

2018-05-28 19:01:41 - [TEST_STEP][PASSED] - uiaction.CommonUIActions.click: uiaction.CommonUIActions.click is PASSED

2018-05-28 19:01:53 - [MESSAGE][PASSED] - uiaction.CommonUIActions.click is PASSED

2018-05-28 19:01:53 - [TEST_STEP][PASSED] - delay: Delayed 5 second(s)

2018-05-28 19:01:58 - [MESSAGE][PASSED] - Delayed 5 second(s)

2018-05-28 19:01:58 - [TEST_STEP][PASSED] - uiaction.CommonUIActions.click: uiaction.CommonUIActions.click is PASSED

2018-05-28 19:01:59 - [MESSAGE][PASSED] - uiaction.CommonUIActions.click is PASSED

2018-05-28 19:01:59 - [TEST_STEP][PASSED] - delay: Delayed 10 second(s)

2018-05-28 19:02:09 - [MESSAGE][PASSED] - Delayed 10 second(s)

2018-05-28 19:02:09 - [TEST_STEP][PASSED] - uiaction.CommonUIActions.click: uiaction.CommonUIActions.click is PASSED

2018-05-28 19:02:15 - [MESSAGE][PASSED] - uiaction.CommonUIActions.click is PASSED

2018-05-28 19:02:15 - [TEST_STEP][PASSED] - delay: Delayed 10 second(s)

2018-05-28 19:02:25 - [MESSAGE][PASSED] - Delayed 10 second(s)

2018-05-28 19:02:25 - [TEST_STEP][PASSED] - uiaction.CommonUIActions.click: uiaction.CommonUIActions.click is PASSED

2018-05-28 19:02:26 - [MESSAGE][PASSED] - uiaction.CommonUIActions.click is PASSED

2018-05-28 19:02:26 - [TEST_STEP][PASSED] - uiaction.CommonUIActions.click: uiaction.CommonUIActions.click is PASSED

2018-05-28 19:02:26 - [MESSAGE][PASSED] - uiaction.CommonUIActions.click is PASSED

2018-05-28 19:02:26 - [TEST_STEP][PASSED] - uiaction.CommonUIActions.click: uiaction.CommonUIActions.click is PASSED

2018-05-28 19:02:31 - [MESSAGE][PASSED] - uiaction.CommonUIActions.click is PASSED

2018-05-28 19:02:31 - [TEST_STEP][PASSED] - Statement - assert TCflag == true: null

2018-05-28 19:02:31 - [TEST_STEP][PASSED] - Start listener action : sampleAfterTestCase: Browser is closed

2018-05-28 19:02:31 - [TEST_STEP][PASSED] - Statement - println(testCaseContext.getTestCaseId()): null

2018-05-28 19:02:31 - [TEST_STEP][PASSED] - Statement - println(testCaseContext.getTestCaseStatus()): null

2018-05-28 19:02:31 - [TEST_STEP][PASSED] - closeBrowser: Browser is closed

2018-05-28 19:02:32 - [MESSAGE][PASSED] - Browser is closed]]></system-out>
         <system-err><![CDATA[2018-05-28 18:58:00 - [TEST_CASE][FAILED] - Test Cases/GoalStatisticsTC/HME-Goal Statistics Report-07: Test Cases/GoalStatisticsTC/HME-Goal Statistics Report-07 FAILED because (of) com.kms.katalon.core.webui.exception.WebElementNotFoundException: Web element with id: 'Object Repository/SummarizedReportPage/Summary_avaragereport' located by 'By.xpath: //span[contains(text(),'AVERAGE TIME')]' not found]]></system-err>
      </testcase>
      <testcase name="Test Cases/GoalStatisticsTC/HME-Goal Statistics Report-08" classname="Test Cases/GoalStatisticsTC/HME-Goal Statistics Report-08" status="FAILED">
         <failure type="FAILED" message="Unable to get attribute 'value' of object 'Object Repository/StorePage/storeName' (Root cause: com.kms.katalon.core.webui.exception.WebElementNotFoundException: Web element with id: 'Object Repository/StorePage/storeName' located by 'By.xpath: //input[@id='Store_Name']' not found)"/>
         <system-out><![CDATA[2018-05-28 19:02:32 - [TEST_CASE][FAILED] - Test Cases/GoalStatisticsTC/HME-Goal Statistics Report-08: Test Cases/GoalStatisticsTC/HME-Goal Statistics Report-08 FAILED because (of) Unable to get attribute 'value' of object 'Object Repository/StorePage/storeName' (Root cause: com.kms.katalon.core.webui.exception.WebElementNotFoundException: Web element with id: 'Object Repository/StorePage/storeName' located by 'By.xpath: //input[@id='Store_Name']' not found)

2018-05-28 19:02:32 - [TEST_STEP][PASSED] - Start listener action : sampleBeforeTestCase: uiaction.CommonUIActions.deleteAllCookies is PASSED

2018-05-28 19:02:32 - [TEST_STEP][PASSED] - openBrowser: Browser is opened with url: ''

2018-05-28 19:02:34 - [MESSAGE][PASSED] - Browser is opened with url: ''

2018-05-28 19:02:34 - [TEST_STEP][PASSED] - maximizeWindow: Current window maximized

2018-05-28 19:02:35 - [MESSAGE][PASSED] - Current window maximized

2018-05-28 19:02:35 - [TEST_STEP][PASSED] - uiaction.CommonUIActions.deleteAllCookies: uiaction.CommonUIActions.deleteAllCookies is PASSED

2018-05-28 19:02:35 - [MESSAGE][PASSED] - Delete all cookies successfully

2018-05-28 19:02:35 - [MESSAGE][PASSED] - uiaction.CommonUIActions.deleteAllCookies is PASSED

2018-05-28 19:02:35 - [TEST_STEP][PASSED] - Statement - TCflag = true: null

2018-05-28 19:02:35 - [TEST_STEP][FAILED] - Statement - Try: null

2018-05-28 19:02:35 - [TEST_STEP][PASSED] - navigateToUrl: Navigate to 'https://hme-dev-public-cloud-app.azurewebsites.net/' successfully

2018-05-28 19:02:40 - [MESSAGE][PASSED] - Navigate to 'https://hme-dev-public-cloud-app.azurewebsites.net/' successfully

2018-05-28 19:02:40 - [TEST_STEP][PASSED] - projectSpecific.Reusability.login: projectSpecific.Reusability.login is PASSED

2018-05-28 19:02:40 - [MESSAGE][PASSED] - projectSpecific.Reusability.getTestData is PASSED

2018-05-28 19:02:40 - [MESSAGE][PASSED] - projectSpecific.Reusability.getTestData is PASSED

2018-05-28 19:02:40 - [MESSAGE][PASSED] - Text 'selvendrank@nousinfo.com' is set on object 'Object Repository/LoginPage/Username'

2018-05-28 19:02:40 - [MESSAGE][PASSED] - Text 'nous;123' is set on object 'Object Repository/LoginPage/Password'

2018-05-28 19:02:40 - [MESSAGE][PASSED] - Object: 'Object Repository/LoginPage/Login' is clicked on

2018-05-28 19:02:40 - [MESSAGE][PASSED] - projectSpecific.Reusability.login is PASSED

2018-05-28 19:02:40 - [TEST_STEP][PASSED] - delay: Delayed 10 second(s)

2018-05-28 19:02:50 - [MESSAGE][PASSED] - Delayed 10 second(s)

2018-05-28 19:02:50 - [TEST_STEP][PASSED] - uiaction.CommonUIActions.click: uiaction.CommonUIActions.click is PASSED

2018-05-28 19:03:11 - [MESSAGE][PASSED] - uiaction.CommonUIActions.click is PASSED

2018-05-28 19:03:11 - [TEST_STEP][PASSED] - uiaction.CommonUIActions.click: uiaction.CommonUIActions.click is PASSED

2018-05-28 19:03:32 - [MESSAGE][PASSED] - uiaction.CommonUIActions.click is PASSED

2018-05-28 19:03:32 - [TEST_STEP][FAILED] - Statement - storelabel = com.kms.katalon.core.webui.keyword.WebUiBuiltInKeywords.getAttribute(com.kms.katalon.core.testobject.ObjectRepository.findTestObject(StorePage/storeName), "value"): Unable to get attribute 'value' of object 'Object Repository/StorePage/storeName' (Root cause: com.kms.katalon.core.webui.exception.WebElementNotFoundException: Web element with id: 'Object Repository/StorePage/storeName' located by 'By.xpath: //input[@id='Store_Name']' not found)

2018-05-28 19:04:03 - [MESSAGE][FAILED] - Unable to get attribute 'value' of object 'Object Repository/StorePage/storeName' (Root cause: com.kms.katalon.core.webui.exception.WebElementNotFoundException: Web element with id: 'Object Repository/StorePage/storeName' located by 'By.xpath: //input[@id='Store_Name']' not found)
[[ATTACHMENT|C:\\Users\\shalinin\\Katalon Studio\\HME_Scripts\\Reports\\RegressionSuite\\20180528_184152\\1527514443335.png]]

2018-05-28 19:04:03 - [TEST_STEP][PASSED] - Statement - storelabel = storelabel.trim(): null

2018-05-28 19:04:03 - [TEST_STEP][PASSED] - Statement - Catch (Exception e): null

2018-05-28 19:04:03 - [TEST_STEP][PASSED] - Statement - e.printStackTrace(): null

2018-05-28 19:04:03 - [TEST_STEP][PASSED] - Statement - println("Exception of element not found"): null

2018-05-28 19:04:03 - [TEST_STEP][PASSED] - Statement - If (TCflag): null

2018-05-28 19:04:03 - [TEST_STEP][PASSED] - Statement - assert TCflag == true: null

2018-05-28 19:04:03 - [TEST_STEP][PASSED] - Start listener action : sampleAfterTestCase: Browser is closed

2018-05-28 19:04:03 - [TEST_STEP][PASSED] - Statement - println(testCaseContext.getTestCaseId()): null

2018-05-28 19:04:03 - [TEST_STEP][PASSED] - Statement - println(testCaseContext.getTestCaseStatus()): null

2018-05-28 19:04:03 - [TEST_STEP][PASSED] - closeBrowser: Browser is closed

2018-05-28 19:04:04 - [MESSAGE][PASSED] - Browser is closed]]></system-out>
         <system-err><![CDATA[2018-05-28 19:02:32 - [TEST_CASE][FAILED] - Test Cases/GoalStatisticsTC/HME-Goal Statistics Report-08: Test Cases/GoalStatisticsTC/HME-Goal Statistics Report-08 FAILED because (of) Unable to get attribute 'value' of object 'Object Repository/StorePage/storeName' (Root cause: com.kms.katalon.core.webui.exception.WebElementNotFoundException: Web element with id: 'Object Repository/StorePage/storeName' located by 'By.xpath: //input[@id='Store_Name']' not found)]]></system-err>
      </testcase>
      <testcase name="Test Cases/MasqueradeTC/HME-Masquerade-07" classname="Test Cases/MasqueradeTC/HME-Masquerade-07" status="PASSED">
         <system-out><![CDATA[2018-05-28 19:04:04 - [TEST_CASE][PASSED] - Test Cases/MasqueradeTC/HME-Masquerade-07: Browser is closed

2018-05-28 19:04:04 - [TEST_STEP][PASSED] - Start listener action : sampleBeforeTestCase: uiaction.CommonUIActions.deleteAllCookies is PASSED

2018-05-28 19:04:04 - [TEST_STEP][PASSED] - openBrowser: Browser is opened with url: ''

2018-05-28 19:04:06 - [MESSAGE][PASSED] - Browser is opened with url: ''

2018-05-28 19:04:06 - [TEST_STEP][PASSED] - maximizeWindow: Current window maximized

2018-05-28 19:04:07 - [MESSAGE][PASSED] - Current window maximized

2018-05-28 19:04:07 - [TEST_STEP][PASSED] - uiaction.CommonUIActions.deleteAllCookies: uiaction.CommonUIActions.deleteAllCookies is PASSED

2018-05-28 19:04:07 - [MESSAGE][PASSED] - Delete all cookies successfully

2018-05-28 19:04:07 - [MESSAGE][PASSED] - uiaction.CommonUIActions.deleteAllCookies is PASSED

2018-05-28 19:04:08 - [TEST_STEP][PASSED] - Statement - TCflag = true: null

2018-05-28 19:04:08 - [TEST_STEP][PASSED] - Statement - Try: uiaction.CommonUIActions.click is PASSED

2018-05-28 19:04:08 - [TEST_STEP][PASSED] - navigateToUrl: Navigate to 'https://hme-dev-public-cloud-app.azurewebsites.net/admin' successfully

2018-05-28 19:04:11 - [MESSAGE][PASSED] - Navigate to 'https://hme-dev-public-cloud-app.azurewebsites.net/admin' successfully

2018-05-28 19:04:11 - [TEST_STEP][PASSED] - projectSpecific.Reusability.login: projectSpecific.Reusability.login is PASSED

2018-05-28 19:04:11 - [MESSAGE][PASSED] - projectSpecific.Reusability.getTestData is PASSED

2018-05-28 19:04:11 - [MESSAGE][PASSED] - projectSpecific.Reusability.getTestData is PASSED

2018-05-28 19:04:11 - [MESSAGE][PASSED] - Text 'nous-abhradipr@hme.com' is set on object 'Object Repository/LoginPage/Username'

2018-05-28 19:04:11 - [MESSAGE][PASSED] - Text '6Qt*qmL88' is set on object 'Object Repository/LoginPage/Password'

2018-05-28 19:04:11 - [MESSAGE][PASSED] - Object: 'Object Repository/LoginPage/Login' is clicked on

2018-05-28 19:04:11 - [MESSAGE][PASSED] - projectSpecific.Reusability.login is PASSED

2018-05-28 19:04:11 - [TEST_STEP][PASSED] - delay: Delayed 15 second(s)

2018-05-28 19:04:26 - [MESSAGE][PASSED] - Delayed 15 second(s)

2018-05-28 19:04:26 - [TEST_STEP][PASSED] - verifyElementPresent: Object 'Object Repository/HomePage/loggedinUser' is present

2018-05-28 19:04:26 - [MESSAGE][PASSED] - Object 'Object Repository/HomePage/loggedinUser' is present

2018-05-28 19:04:26 - [TEST_STEP][PASSED] - Statement - loggedInUser = CustomKeywords.uiaction.CommonUIActions.getText(com.kms.katalon.core.testobject.ObjectRepository.findTestObject(Object Repository/HomePage/loggedinUser)): uiaction.CommonUIActions.getText is PASSED

2018-05-28 19:04:26 - [MESSAGE][PASSED] - uiaction.CommonUIActions.getText is PASSED

2018-05-28 19:04:26 - [TEST_STEP][PASSED] - Statement - loggedInUser = loggedInUser.trim(): null

2018-05-28 19:04:26 - [TEST_STEP][PASSED] - Statement - loggedinText = CustomKeywords.projectSpecific.Reusability.getTestData("HomePage", "loggedinText"): projectSpecific.Reusability.getTestData is PASSED

2018-05-28 19:04:26 - [MESSAGE][PASSED] - projectSpecific.Reusability.getTestData is PASSED

2018-05-28 19:04:26 - [TEST_STEP][PASSED] - Statement - If (loggedInUser.equals(loggedinText)): null

2018-05-28 19:04:26 - [TEST_STEP][PASSED] - Statement - welcomeUser = CustomKeywords.uiaction.CommonUIActions.getText(com.kms.katalon.core.testobject.ObjectRepository.findTestObject(Object Repository/HomePage/welcomeUserText)): uiaction.CommonUIActions.getText is PASSED

2018-05-28 19:04:26 - [MESSAGE][PASSED] - uiaction.CommonUIActions.getText is PASSED

2018-05-28 19:04:26 - [TEST_STEP][PASSED] - Statement - welcomeUser = welcomeUser.trim(): null

2018-05-28 19:04:26 - [TEST_STEP][PASSED] - Statement - welcomeText = CustomKeywords.projectSpecific.Reusability.getTestData("HomePage", "welcomeText"): projectSpecific.Reusability.getTestData is PASSED

2018-05-28 19:04:26 - [MESSAGE][PASSED] - projectSpecific.Reusability.getTestData is PASSED

2018-05-28 19:04:26 - [TEST_STEP][PASSED] - Statement - If (welcomeUser.equals(welcomeText)): null

2018-05-28 19:04:26 - [TEST_STEP][PASSED] - uiaction.CommonUIActions.click: uiaction.CommonUIActions.click is PASSED

2018-05-28 19:04:35 - [MESSAGE][PASSED] - uiaction.CommonUIActions.click is PASSED

2018-05-28 19:04:35 - [TEST_STEP][PASSED] - verifyElementPresent: Object 'Object Repository/StorePage/storeListHeading2' is present

2018-05-28 19:04:35 - [MESSAGE][PASSED] - Object 'Object Repository/StorePage/storeListHeading2' is present

2018-05-28 19:04:35 - [TEST_STEP][PASSED] - verifyElementPresent: Object 'Object Repository/StorePage/storeList' is present

2018-05-28 19:04:35 - [MESSAGE][PASSED] - Object 'Object Repository/StorePage/storeList' is present

2018-05-28 19:04:35 - [TEST_STEP][PASSED] - uiaction.CommonUIActions.click: uiaction.CommonUIActions.click is PASSED

2018-05-28 19:04:36 - [MESSAGE][PASSED] - uiaction.CommonUIActions.click is PASSED

2018-05-28 19:04:36 - [TEST_STEP][PASSED] - verifyElementPresent: Object 'Object Repository/StorePage/storedetailslabel' is present

2018-05-28 19:04:36 - [MESSAGE][PASSED] - Object 'Object Repository/StorePage/storedetailslabel' is present

2018-05-28 19:04:36 - [TEST_STEP][PASSED] - verifyElementPresent: Object 'Object Repository/StorePage/zoomlabel' is present

2018-05-28 19:04:36 - [MESSAGE][PASSED] - Object 'Object Repository/StorePage/zoomlabel' is present

2018-05-28 19:04:36 - [TEST_STEP][PASSED] - Statement - storedetail_label = CustomKeywords.projectSpecific.Reusability.getTestData("StorePage", "admin_Store_Labels"): projectSpecific.Reusability.getTestData is PASSED

2018-05-28 19:04:36 - [MESSAGE][PASSED] - projectSpecific.Reusability.getTestData is PASSED

2018-05-28 19:04:36 - [TEST_STEP][PASSED] - Statement - defaultareaselected = com.kms.katalon.core.webui.keyword.WebUiBuiltInKeywords.getAttribute(com.kms.katalon.core.testobject.ObjectRepository.findTestObject(StorePage/defaultstoredetsails), "aria-selected"): Attribute 'aria-selected' of object 'Object Repository/StorePage/defaultstoredetsails' is: 'true'

2018-05-28 19:04:36 - [MESSAGE][PASSED] - Attribute 'aria-selected' of object 'Object Repository/StorePage/defaultstoredetsails' is: 'true'

2018-05-28 19:04:36 - [TEST_STEP][PASSED] - Statement - If (defaultareaselected): null

2018-05-28 19:04:36 - [TEST_STEP][PASSED] - Statement - out.println("Store Details is set by default"): null

2018-05-28 19:04:36 - [TEST_STEP][PASSED] - Statement - driver = com.kms.katalon.core.webui.driver.DriverFactory.getWebDriver(): null

2018-05-28 19:04:36 - [TEST_STEP][PASSED] - Statement - storeHeaders = driver.findElements(org.openqa.selenium.By.xpath(com.kms.katalon.core.testdata.TestDataFactory.findTestData(OR_file).getValue(2, 1))): Reading excel file with source file 'C:\Users\shalinin\Katalon Studio\HME_Scripts\Data Files\HME_OR.xlsx' and sheet name 'Sheet1'

2018-05-28 19:04:36 - [TEST_STEP][PASSED] - Statement - storeArraylabels = storedetail_label.split(","): null

2018-05-28 19:04:36 - [TEST_STEP][PASSED] - Statement - storeListlabels = new java.util.ArrayList(java.util.Arrays.asList(storeArraylabels)): null

2018-05-28 19:04:36 - [TEST_STEP][PASSED] - Statement - storeListlabels.unique(): null

2018-05-28 19:04:36 - [TEST_STEP][PASSED] - Statement - out.println(storeListlabels): null

2018-05-28 19:04:36 - [TEST_STEP][PASSED] - Statement - count = 0: null

2018-05-28 19:04:36 - [TEST_STEP][PASSED] - Statement - For ([i = 0, i < storeHeaders.size(), (i++)]): null

2018-05-28 19:04:36 - [TEST_STEP][PASSED] - Statement - storeHeadingText = storeHeaders.get(i).getText().trim(): null

2018-05-28 19:04:36 - [TEST_STEP][PASSED] - Statement - storeHeadingText = storeHeadingText.replace("*", ""): null

2018-05-28 19:04:36 - [TEST_STEP][PASSED] - Statement - execFlag = com.kms.katalon.core.webui.keyword.WebUiBuiltInKeywords.verifyMatch(storeHeadingText, storeListlabels[i].toString().trim(), false): Actual text '' and expected text '' are matched 

2018-05-28 19:04:36 - [MESSAGE][PASSED] - Actual text '' and expected text '' are matched 

2018-05-28 19:04:36 - [TEST_STEP][PASSED] - Statement - If (execFlag): null

2018-05-28 19:04:36 - [TEST_STEP][PASSED] - Statement - (count++): null

2018-05-28 19:04:36 - [TEST_STEP][PASSED] - Statement - storeHeadingText = storeHeaders.get(i).getText().trim(): null

2018-05-28 19:04:36 - [TEST_STEP][PASSED] - Statement - storeHeadingText = storeHeadingText.replace("*", ""): null

2018-05-28 19:04:36 - [TEST_STEP][PASSED] - Statement - execFlag = com.kms.katalon.core.webui.keyword.WebUiBuiltInKeywords.verifyMatch(storeHeadingText, storeListlabels[i].toString().trim(), false): Actual text 'Company Name' and expected text 'Company Name' are matched 

2018-05-28 19:04:36 - [MESSAGE][PASSED] - Actual text 'Company Name' and expected text 'Company Name' are matched 

2018-05-28 19:04:36 - [TEST_STEP][PASSED] - Statement - If (execFlag): null

2018-05-28 19:04:36 - [TEST_STEP][PASSED] - Statement - (count++): null

2018-05-28 19:04:36 - [TEST_STEP][PASSED] - Statement - storeHeadingText = storeHeaders.get(i).getText().trim(): null

2018-05-28 19:04:36 - [TEST_STEP][PASSED] - Statement - storeHeadingText = storeHeadingText.replace("*", ""): null

2018-05-28 19:04:36 - [TEST_STEP][PASSED] - Statement - execFlag = com.kms.katalon.core.webui.keyword.WebUiBuiltInKeywords.verifyMatch(storeHeadingText, storeListlabels[i].toString().trim(), false): Actual text 'Brand' and expected text 'Brand' are matched 

2018-05-28 19:04:36 - [MESSAGE][PASSED] - Actual text 'Brand' and expected text 'Brand' are matched 

2018-05-28 19:04:36 - [TEST_STEP][PASSED] - Statement - If (execFlag): null

2018-05-28 19:04:36 - [TEST_STEP][PASSED] - Statement - (count++): null

2018-05-28 19:04:36 - [TEST_STEP][PASSED] - Statement - storeHeadingText = storeHeaders.get(i).getText().trim(): null

2018-05-28 19:04:36 - [TEST_STEP][PASSED] - Statement - storeHeadingText = storeHeadingText.replace("*", ""): null

2018-05-28 19:04:36 - [TEST_STEP][PASSED] - Statement - execFlag = com.kms.katalon.core.webui.keyword.WebUiBuiltInKeywords.verifyMatch(storeHeadingText, storeListlabels[i].toString().trim(), false): Actual text 'Store #' and expected text 'Store #' are matched 

2018-05-28 19:04:36 - [MESSAGE][PASSED] - Actual text 'Store #' and expected text 'Store #' are matched 

2018-05-28 19:04:36 - [TEST_STEP][PASSED] - Statement - If (execFlag): null

2018-05-28 19:04:36 - [TEST_STEP][PASSED] - Statement - (count++): null

2018-05-28 19:04:36 - [TEST_STEP][PASSED] - Statement - storeHeadingText = storeHeaders.get(i).getText().trim(): null

2018-05-28 19:04:36 - [TEST_STEP][PASSED] - Statement - storeHeadingText = storeHeadingText.replace("*", ""): null

2018-05-28 19:04:36 - [TEST_STEP][PASSED] - Statement - execFlag = com.kms.katalon.core.webui.keyword.WebUiBuiltInKeywords.verifyMatch(storeHeadingText, storeListlabels[i].toString().trim(), false): Actual text 'Store Name' and expected text 'Store Name' are matched 

2018-05-28 19:04:36 - [MESSAGE][PASSED] - Actual text 'Store Name' and expected text 'Store Name' are matched 

2018-05-28 19:04:36 - [TEST_STEP][PASSED] - Statement - If (execFlag): null

2018-05-28 19:04:36 - [TEST_STEP][PASSED] - Statement - (count++): null

2018-05-28 19:04:36 - [TEST_STEP][PASSED] - Statement - storeHeadingText = storeHeaders.get(i).getText().trim(): null

2018-05-28 19:04:36 - [TEST_STEP][PASSED] - Statement - storeHeadingText = storeHeadingText.replace("*", ""): null

2018-05-28 19:04:36 - [TEST_STEP][PASSED] - Statement - execFlag = com.kms.katalon.core.webui.keyword.WebUiBuiltInKeywords.verifyMatch(storeHeadingText, storeListlabels[i].toString().trim(), false): Actual text 'Store Address' and expected text 'Store Address' are matched 

2018-05-28 19:04:36 - [MESSAGE][PASSED] - Actual text 'Store Address' and expected text 'Store Address' are matched 

2018-05-28 19:04:36 - [TEST_STEP][PASSED] - Statement - If (execFlag): null

2018-05-28 19:04:36 - [TEST_STEP][PASSED] - Statement - (count++): null

2018-05-28 19:04:36 - [TEST_STEP][PASSED] - Statement - storeHeadingText = storeHeaders.get(i).getText().trim(): null

2018-05-28 19:04:36 - [TEST_STEP][PASSED] - Statement - storeHeadingText = storeHeadingText.replace("*", ""): null

2018-05-28 19:04:36 - [TEST_STEP][PASSED] - Statement - execFlag = com.kms.katalon.core.webui.keyword.WebUiBuiltInKeywords.verifyMatch(storeHeadingText, storeListlabels[i].toString().trim(), false): Actual text 'Serial #' and expected text 'Serial #' are matched 

2018-05-28 19:04:36 - [MESSAGE][PASSED] - Actual text 'Serial #' and expected text 'Serial #' are matched 

2018-05-28 19:04:36 - [TEST_STEP][PASSED] - Statement - If (execFlag): null

2018-05-28 19:04:36 - [TEST_STEP][PASSED] - Statement - (count++): null

2018-05-28 19:04:36 - [TEST_STEP][PASSED] - Statement - storeHeadingText = storeHeaders.get(i).getText().trim(): null

2018-05-28 19:04:36 - [TEST_STEP][PASSED] - Statement - storeHeadingText = storeHeadingText.replace("*", ""): null

2018-05-28 19:04:36 - [TEST_STEP][PASSED] - Statement - execFlag = com.kms.katalon.core.webui.keyword.WebUiBuiltInKeywords.verifyMatch(storeHeadingText, storeListlabels[i].toString().trim(), false): Actual text 'Version' and expected text 'Version' are matched 

2018-05-28 19:04:36 - [MESSAGE][PASSED] - Actual text 'Version' and expected text 'Version' are matched 

2018-05-28 19:04:36 - [TEST_STEP][PASSED] - Statement - If (execFlag): null

2018-05-28 19:04:36 - [TEST_STEP][PASSED] - Statement - (count++): null

2018-05-28 19:04:36 - [TEST_STEP][PASSED] - Statement - storeHeadingText = storeHeaders.get(i).getText().trim(): null

2018-05-28 19:04:36 - [TEST_STEP][PASSED] - Statement - storeHeadingText = storeHeadingText.replace("*", ""): null

2018-05-28 19:04:36 - [TEST_STEP][PASSED] - Statement - execFlag = com.kms.katalon.core.webui.keyword.WebUiBuiltInKeywords.verifyMatch(storeHeadingText, storeListlabels[i].toString().trim(), false): Actual text 'Subscription' and expected text 'Subscription' are matched 

2018-05-28 19:04:36 - [MESSAGE][PASSED] - Actual text 'Subscription' and expected text 'Subscription' are matched 

2018-05-28 19:04:36 - [TEST_STEP][PASSED] - Statement - If (execFlag): null

2018-05-28 19:04:36 - [TEST_STEP][PASSED] - Statement - (count++): null

2018-05-28 19:04:36 - [TEST_STEP][PASSED] - Statement - storeHeadingText = storeHeaders.get(i).getText().trim(): null

2018-05-28 19:04:36 - [TEST_STEP][PASSED] - Statement - storeHeadingText = storeHeadingText.replace("*", ""): null

2018-05-28 19:04:36 - [TEST_STEP][PASSED] - Statement - execFlag = com.kms.katalon.core.webui.keyword.WebUiBuiltInKeywords.verifyMatch(storeHeadingText, storeListlabels[i].toString().trim(), false): Actual text 'Status' and expected text 'Status' are matched 

2018-05-28 19:04:36 - [MESSAGE][PASSED] - Actual text 'Status' and expected text 'Status' are matched 

2018-05-28 19:04:36 - [TEST_STEP][PASSED] - Statement - If (execFlag): null

2018-05-28 19:04:36 - [TEST_STEP][PASSED] - Statement - (count++): null

2018-05-28 19:04:36 - [TEST_STEP][PASSED] - Statement - If (count == storeHeaders.size()): Taking screenshot successfully

2018-05-28 19:04:36 - [TEST_STEP][PASSED] - takeScreenshot: Taking screenshot successfully

2018-05-28 19:04:37 - [MESSAGE][PASSED] - Taking screenshot successfully
[[ATTACHMENT|C:\\Users\\shalinin\\Katalon Studio\\HME_Scripts\\Reports\\RegressionSuite\\20180528_184152\\1527514476708.png]]

2018-05-28 19:04:37 - [TEST_STEP][PASSED] - Statement - storeDetails = CustomKeywords.projectSpecific.Reusability.getTestData("StorePage", "admin_Store_Details"): projectSpecific.Reusability.getTestData is PASSED

2018-05-28 19:04:37 - [MESSAGE][PASSED] - projectSpecific.Reusability.getTestData is PASSED

2018-05-28 19:04:37 - [TEST_STEP][PASSED] - Statement - storeArray = storeDetails.split(","): null

2018-05-28 19:04:37 - [TEST_STEP][PASSED] - Statement - storeList = new java.util.ArrayList(java.util.Arrays.asList(storeArray)): null

2018-05-28 19:04:37 - [TEST_STEP][PASSED] - Statement - storeList.unique(): null

2018-05-28 19:04:37 - [TEST_STEP][PASSED] - Statement - out.println(storeList): null

2018-05-28 19:04:37 - [TEST_STEP][PASSED] - Statement - storeElements = driver.findElements(org.openqa.selenium.By.xpath(com.kms.katalon.core.testdata.TestDataFactory.findTestData(OR_file).getValue(2, 21))): Reading excel file with source file 'C:\Users\shalinin\Katalon Studio\HME_Scripts\Data Files\HME_OR.xlsx' and sheet name 'Sheet1'

2018-05-28 19:04:37 - [TEST_STEP][PASSED] - Statement - actualList = new java.util.ArrayList(): null

2018-05-28 19:04:37 - [TEST_STEP][PASSED] - Statement - For ([i = 0, i < storeElements.size(), (i++)]): null

2018-05-28 19:04:37 - [TEST_STEP][PASSED] - Statement - actualList.add(i, storeElements.get(i).getText()): null

2018-05-28 19:04:37 - [TEST_STEP][PASSED] - Statement - actualList.add(i, storeElements.get(i).getText()): null

2018-05-28 19:04:37 - [TEST_STEP][PASSED] - Statement - actualList.add(i, storeElements.get(i).getText()): null

2018-05-28 19:04:37 - [TEST_STEP][PASSED] - Statement - actualList.add(i, storeElements.get(i).getText()): null

2018-05-28 19:04:37 - [TEST_STEP][PASSED] - Statement - actualList.add(i, storeElements.get(i).getText()): null

2018-05-28 19:04:37 - [TEST_STEP][PASSED] - Statement - actualList.add(i, storeElements.get(i).getText()): null

2018-05-28 19:04:37 - [TEST_STEP][PASSED] - Statement - actualList.add(i, storeElements.get(i).getText()): null

2018-05-28 19:04:37 - [TEST_STEP][PASSED] - Statement - actualList.add(i, storeElements.get(i).getText()): null

2018-05-28 19:04:37 - [TEST_STEP][PASSED] - Statement - actualList.add(i, storeElements.get(i).getText()): null

2018-05-28 19:04:37 - [TEST_STEP][PASSED] - Statement - actualList.add(i, storeElements.get(i).getText()): null

2018-05-28 19:04:37 - [TEST_STEP][PASSED] - Statement - actualList.add(i, storeElements.get(i).getText()): null

2018-05-28 19:04:37 - [TEST_STEP][PASSED] - Statement - actualList.add(i, storeElements.get(i).getText()): null

2018-05-28 19:04:37 - [TEST_STEP][PASSED] - Statement - actualList.add(i, storeElements.get(i).getText()): null

2018-05-28 19:04:37 - [TEST_STEP][PASSED] - Statement - actualList.add(i, storeElements.get(i).getText()): null

2018-05-28 19:04:37 - [TEST_STEP][PASSED] - Statement - out.println(actualList): null

2018-05-28 19:04:37 - [TEST_STEP][PASSED] - Statement - execFlag1 = true: null

2018-05-28 19:04:37 - [TEST_STEP][PASSED] - Statement - For ([j = 0, j < actualList.size(), (j++)]): null

2018-05-28 19:04:37 - [TEST_STEP][PASSED] - Statement - execFlag1 = com.kms.katalon.core.webui.keyword.WebUiBuiltInKeywords.verifyMatch(storeList.get(j).toString().trim(), actualList.get(j).toString().trim(), false): Actual text 'Brand: *' and expected text 'Brand: *' are matched 

2018-05-28 19:04:37 - [MESSAGE][PASSED] - Actual text 'Brand: *' and expected text 'Brand: *' are matched 

2018-05-28 19:04:37 - [TEST_STEP][PASSED] - Statement - If (!(execFlag1)): null

2018-05-28 19:04:37 - [TEST_STEP][PASSED] - Statement - execFlag1 = com.kms.katalon.core.webui.keyword.WebUiBuiltInKeywords.verifyMatch(storeList.get(j).toString().trim(), actualList.get(j).toString().trim(), false): Actual text 'Store Name:' and expected text 'Store Name:' are matched 

2018-05-28 19:04:37 - [MESSAGE][PASSED] - Actual text 'Store Name:' and expected text 'Store Name:' are matched 

2018-05-28 19:04:37 - [TEST_STEP][PASSED] - Statement - If (!(execFlag1)): null

2018-05-28 19:04:37 - [TEST_STEP][PASSED] - Statement - execFlag1 = com.kms.katalon.core.webui.keyword.WebUiBuiltInKeywords.verifyMatch(storeList.get(j).toString().trim(), actualList.get(j).toString().trim(), false): Actual text 'Store Number: *' and expected text 'Store Number: *' are matched 

2018-05-28 19:04:37 - [MESSAGE][PASSED] - Actual text 'Store Number: *' and expected text 'Store Number: *' are matched 

2018-05-28 19:04:37 - [TEST_STEP][PASSED] - Statement - If (!(execFlag1)): null

2018-05-28 19:04:37 - [TEST_STEP][PASSED] - Statement - execFlag1 = com.kms.katalon.core.webui.keyword.WebUiBuiltInKeywords.verifyMatch(storeList.get(j).toString().trim(), actualList.get(j).toString().trim(), false): Actual text 'Address Line 1: *' and expected text 'Address Line 1: *' are matched 

2018-05-28 19:04:37 - [MESSAGE][PASSED] - Actual text 'Address Line 1: *' and expected text 'Address Line 1: *' are matched 

2018-05-28 19:04:37 - [TEST_STEP][PASSED] - Statement - If (!(execFlag1)): null

2018-05-28 19:04:37 - [TEST_STEP][PASSED] - Statement - execFlag1 = com.kms.katalon.core.webui.keyword.WebUiBuiltInKeywords.verifyMatch(storeList.get(j).toString().trim(), actualList.get(j).toString().trim(), false): Actual text 'Address Line 2:' and expected text 'Address Line 2:' are matched 

2018-05-28 19:04:37 - [MESSAGE][PASSED] - Actual text 'Address Line 2:' and expected text 'Address Line 2:' are matched 

2018-05-28 19:04:37 - [TEST_STEP][PASSED] - Statement - If (!(execFlag1)): null

2018-05-28 19:04:37 - [TEST_STEP][PASSED] - Statement - execFlag1 = com.kms.katalon.core.webui.keyword.WebUiBuiltInKeywords.verifyMatch(storeList.get(j).toString().trim(), actualList.get(j).toString().trim(), false): Actual text 'Address Line 3:' and expected text 'Address Line 3:' are matched 

2018-05-28 19:04:37 - [MESSAGE][PASSED] - Actual text 'Address Line 3:' and expected text 'Address Line 3:' are matched 

2018-05-28 19:04:37 - [TEST_STEP][PASSED] - Statement - If (!(execFlag1)): null

2018-05-28 19:04:37 - [TEST_STEP][PASSED] - Statement - execFlag1 = com.kms.katalon.core.webui.keyword.WebUiBuiltInKeywords.verifyMatch(storeList.get(j).toString().trim(), actualList.get(j).toString().trim(), false): Actual text 'Address Line 4:' and expected text 'Address Line 4:' are matched 

2018-05-28 19:04:37 - [MESSAGE][PASSED] - Actual text 'Address Line 4:' and expected text 'Address Line 4:' are matched 

2018-05-28 19:04:37 - [TEST_STEP][PASSED] - Statement - If (!(execFlag1)): null

2018-05-28 19:04:37 - [TEST_STEP][PASSED] - Statement - execFlag1 = com.kms.katalon.core.webui.keyword.WebUiBuiltInKeywords.verifyMatch(storeList.get(j).toString().trim(), actualList.get(j).toString().trim(), false): Actual text 'City: *' and expected text 'City: *' are matched 

2018-05-28 19:04:37 - [MESSAGE][PASSED] - Actual text 'City: *' and expected text 'City: *' are matched 

2018-05-28 19:04:37 - [TEST_STEP][PASSED] - Statement - If (!(execFlag1)): null

2018-05-28 19:04:37 - [TEST_STEP][PASSED] - Statement - execFlag1 = com.kms.katalon.core.webui.keyword.WebUiBuiltInKeywords.verifyMatch(storeList.get(j).toString().trim(), actualList.get(j).toString().trim(), false): Actual text 'Region: *' and expected text 'Region: *' are matched 

2018-05-28 19:04:37 - [MESSAGE][PASSED] - Actual text 'Region: *' and expected text 'Region: *' are matched 

2018-05-28 19:04:37 - [TEST_STEP][PASSED] - Statement - If (!(execFlag1)): null

2018-05-28 19:04:37 - [TEST_STEP][PASSED] - Statement - execFlag1 = com.kms.katalon.core.webui.keyword.WebUiBuiltInKeywords.verifyMatch(storeList.get(j).toString().trim(), actualList.get(j).toString().trim(), false): Actual text 'Zip: *' and expected text 'Zip: *' are matched 

2018-05-28 19:04:37 - [MESSAGE][PASSED] - Actual text 'Zip: *' and expected text 'Zip: *' are matched 

2018-05-28 19:04:37 - [TEST_STEP][PASSED] - Statement - If (!(execFlag1)): null

2018-05-28 19:04:37 - [TEST_STEP][PASSED] - Statement - execFlag1 = com.kms.katalon.core.webui.keyword.WebUiBuiltInKeywords.verifyMatch(storeList.get(j).toString().trim(), actualList.get(j).toString().trim(), false): Actual text 'Country: *' and expected text 'Country: *' are matched 

2018-05-28 19:04:37 - [MESSAGE][PASSED] - Actual text 'Country: *' and expected text 'Country: *' are matched 

2018-05-28 19:04:37 - [TEST_STEP][PASSED] - Statement - If (!(execFlag1)): null

2018-05-28 19:04:37 - [TEST_STEP][PASSED] - Statement - execFlag1 = com.kms.katalon.core.webui.keyword.WebUiBuiltInKeywords.verifyMatch(storeList.get(j).toString().trim(), actualList.get(j).toString().trim(), false): Actual text 'Timezone: *' and expected text 'Timezone: *' are matched 

2018-05-28 19:04:37 - [MESSAGE][PASSED] - Actual text 'Timezone: *' and expected text 'Timezone: *' are matched 

2018-05-28 19:04:37 - [TEST_STEP][PASSED] - Statement - If (!(execFlag1)): null

2018-05-28 19:04:37 - [TEST_STEP][PASSED] - Statement - execFlag1 = com.kms.katalon.core.webui.keyword.WebUiBuiltInKeywords.verifyMatch(storeList.get(j).toString().trim(), actualList.get(j).toString().trim(), false): Actual text 'Phone: *' and expected text 'Phone: *' are matched 

2018-05-28 19:04:37 - [MESSAGE][PASSED] - Actual text 'Phone: *' and expected text 'Phone: *' are matched 

2018-05-28 19:04:37 - [TEST_STEP][PASSED] - Statement - If (!(execFlag1)): null

2018-05-28 19:04:37 - [TEST_STEP][PASSED] - Statement - execFlag1 = com.kms.katalon.core.webui.keyword.WebUiBuiltInKeywords.verifyMatch(storeList.get(j).toString().trim(), actualList.get(j).toString().trim(), false): Actual text 'Fax:' and expected text 'Fax:' are matched 

2018-05-28 19:04:37 - [MESSAGE][PASSED] - Actual text 'Fax:' and expected text 'Fax:' are matched 

2018-05-28 19:04:37 - [TEST_STEP][PASSED] - Statement - If (!(execFlag1)): null

2018-05-28 19:04:37 - [TEST_STEP][PASSED] - Statement - If (execFlag1): null

2018-05-28 19:04:37 - [TEST_STEP][PASSED] - Statement - out.println("Store details labels are verified"): null

2018-05-28 19:04:37 - [TEST_STEP][PASSED] - Statement - attrDisabled = com.kms.katalon.core.webui.keyword.WebUiBuiltInKeywords.getAttribute(com.kms.katalon.core.testobject.ObjectRepository.findTestObject(StorePage/brandSelect), "disabled"): Attribute 'disabled' of object 'Object Repository/StorePage/brandSelect' is: 'true'

2018-05-28 19:04:37 - [MESSAGE][PASSED] - Attribute 'disabled' of object 'Object Repository/StorePage/brandSelect' is: 'true'

2018-05-28 19:04:37 - [TEST_STEP][PASSED] - Statement - If (attrDisabled): null

2018-05-28 19:04:37 - [TEST_STEP][PASSED] - Statement - out.println("Brand name is not editable field"): null

2018-05-28 19:04:37 - [TEST_STEP][PASSED] - Statement - inputFields = driver.findElements(org.openqa.selenium.By.xpath(com.kms.katalon.core.testdata.TestDataFactory.findTestData(OR_file).getValue(2, 22))): Reading excel file with source file 'C:\Users\shalinin\Katalon Studio\HME_Scripts\Data Files\HME_OR.xlsx' and sheet name 'Sheet1'

2018-05-28 19:04:37 - [TEST_STEP][PASSED] - Statement - inputFieldsResults = new java.util.ArrayList(): null

2018-05-28 19:04:37 - [TEST_STEP][PASSED] - Statement - For ([i = 0, i < inputFields.size(), (i++)]): Delayed 3 second(s)

2018-05-28 19:04:37 - [TEST_STEP][PASSED] - Statement - If (i != 1): null

2018-05-28 19:04:37 - [TEST_STEP][PASSED] - Statement - attr = inputFields[i].getAttribute("disabled"): null

2018-05-28 19:04:37 - [TEST_STEP][PASSED] - Statement - If (attr): null

2018-05-28 19:04:37 - [TEST_STEP][PASSED] - delay: Delayed 3 second(s)

2018-05-28 19:04:40 - [MESSAGE][PASSED] - Delayed 3 second(s)

2018-05-28 19:04:40 - [TEST_STEP][PASSED] - Statement - If (i != 1): null

2018-05-28 19:04:40 - [TEST_STEP][PASSED] - Statement - Else: null

2018-05-28 19:04:40 - [TEST_STEP][PASSED] - Statement - inputFieldsResults[i] = "disabled": null

2018-05-28 19:04:40 - [TEST_STEP][PASSED] - delay: Delayed 3 second(s)

2018-05-28 19:04:43 - [MESSAGE][PASSED] - Delayed 3 second(s)

2018-05-28 19:04:43 - [TEST_STEP][PASSED] - Statement - If (i != 1): null

2018-05-28 19:04:43 - [TEST_STEP][PASSED] - Statement - attr = inputFields[i].getAttribute("disabled"): null

2018-05-28 19:04:43 - [TEST_STEP][PASSED] - Statement - If (attr): null

2018-05-28 19:04:43 - [TEST_STEP][PASSED] - delay: Delayed 3 second(s)

2018-05-28 19:04:46 - [MESSAGE][PASSED] - Delayed 3 second(s)

2018-05-28 19:04:46 - [TEST_STEP][PASSED] - Statement - If (i != 1): null

2018-05-28 19:04:46 - [TEST_STEP][PASSED] - Statement - attr = inputFields[i].getAttribute("disabled"): null

2018-05-28 19:04:46 - [TEST_STEP][PASSED] - Statement - If (attr): null

2018-05-28 19:04:46 - [TEST_STEP][PASSED] - delay: Delayed 3 second(s)

2018-05-28 19:04:49 - [MESSAGE][PASSED] - Delayed 3 second(s)

2018-05-28 19:04:49 - [TEST_STEP][PASSED] - Statement - If (i != 1): null

2018-05-28 19:04:49 - [TEST_STEP][PASSED] - Statement - attr = inputFields[i].getAttribute("disabled"): null

2018-05-28 19:04:49 - [TEST_STEP][PASSED] - Statement - If (attr): null

2018-05-28 19:04:49 - [TEST_STEP][PASSED] - delay: Delayed 3 second(s)

2018-05-28 19:04:52 - [MESSAGE][PASSED] - Delayed 3 second(s)

2018-05-28 19:04:52 - [TEST_STEP][PASSED] - Statement - If (i != 1): null

2018-05-28 19:04:52 - [TEST_STEP][PASSED] - Statement - attr = inputFields[i].getAttribute("disabled"): null

2018-05-28 19:04:52 - [TEST_STEP][PASSED] - Statement - If (attr): null

2018-05-28 19:04:52 - [TEST_STEP][PASSED] - delay: Delayed 3 second(s)

2018-05-28 19:04:55 - [MESSAGE][PASSED] - Delayed 3 second(s)

2018-05-28 19:04:55 - [TEST_STEP][PASSED] - Statement - If (i != 1): null

2018-05-28 19:04:55 - [TEST_STEP][PASSED] - Statement - attr = inputFields[i].getAttribute("disabled"): null

2018-05-28 19:04:55 - [TEST_STEP][PASSED] - Statement - If (attr): null

2018-05-28 19:04:55 - [TEST_STEP][PASSED] - delay: Delayed 3 second(s)

2018-05-28 19:04:58 - [MESSAGE][PASSED] - Delayed 3 second(s)

2018-05-28 19:04:58 - [TEST_STEP][PASSED] - Statement - If (i != 1): null

2018-05-28 19:04:58 - [TEST_STEP][PASSED] - Statement - attr = inputFields[i].getAttribute("disabled"): null

2018-05-28 19:04:58 - [TEST_STEP][PASSED] - Statement - If (attr): null

2018-05-28 19:04:58 - [TEST_STEP][PASSED] - delay: Delayed 3 second(s)

2018-05-28 19:05:01 - [MESSAGE][PASSED] - Delayed 3 second(s)

2018-05-28 19:05:01 - [TEST_STEP][PASSED] - Statement - If (i != 1): null

2018-05-28 19:05:01 - [TEST_STEP][PASSED] - Statement - attr = inputFields[i].getAttribute("disabled"): null

2018-05-28 19:05:01 - [TEST_STEP][PASSED] - Statement - If (attr): null

2018-05-28 19:05:01 - [TEST_STEP][PASSED] - delay: Delayed 3 second(s)

2018-05-28 19:05:04 - [MESSAGE][PASSED] - Delayed 3 second(s)

2018-05-28 19:05:04 - [TEST_STEP][PASSED] - Statement - If (i != 1): null

2018-05-28 19:05:04 - [TEST_STEP][PASSED] - Statement - attr = inputFields[i].getAttribute("disabled"): null

2018-05-28 19:05:04 - [TEST_STEP][PASSED] - Statement - If (attr): null

2018-05-28 19:05:04 - [TEST_STEP][PASSED] - delay: Delayed 3 second(s)

2018-05-28 19:05:07 - [MESSAGE][PASSED] - Delayed 3 second(s)

2018-05-28 19:05:07 - [TEST_STEP][PASSED] - Statement - s = inputFieldsResults[1]: null

2018-05-28 19:05:07 - [TEST_STEP][PASSED] - Statement - isEditable = false: null

2018-05-28 19:05:07 - [TEST_STEP][PASSED] - Statement - For ([j = 2, j < inputFieldsResults.size(), (j++)]): null

2018-05-28 19:05:07 - [TEST_STEP][PASSED] - Statement - s1 = inputFieldsResults[j]: null

2018-05-28 19:05:07 - [TEST_STEP][PASSED] - Statement - If (!(s1.equals(s))): null

2018-05-28 19:05:07 - [TEST_STEP][PASSED] - Statement - s1 = inputFieldsResults[j]: null

2018-05-28 19:05:07 - [TEST_STEP][PASSED] - Statement - If (!(s1.equals(s))): null

2018-05-28 19:05:07 - [TEST_STEP][PASSED] - Statement - s1 = inputFieldsResults[j]: null

2018-05-28 19:05:07 - [TEST_STEP][PASSED] - Statement - If (!(s1.equals(s))): null

2018-05-28 19:05:07 - [TEST_STEP][PASSED] - Statement - s1 = inputFieldsResults[j]: null

2018-05-28 19:05:07 - [TEST_STEP][PASSED] - Statement - If (!(s1.equals(s))): null

2018-05-28 19:05:07 - [TEST_STEP][PASSED] - Statement - s1 = inputFieldsResults[j]: null

2018-05-28 19:05:07 - [TEST_STEP][PASSED] - Statement - If (!(s1.equals(s))): null

2018-05-28 19:05:07 - [TEST_STEP][PASSED] - Statement - s1 = inputFieldsResults[j]: null

2018-05-28 19:05:07 - [TEST_STEP][PASSED] - Statement - If (!(s1.equals(s))): null

2018-05-28 19:05:07 - [TEST_STEP][PASSED] - Statement - s1 = inputFieldsResults[j]: null

2018-05-28 19:05:07 - [TEST_STEP][PASSED] - Statement - If (!(s1.equals(s))): null

2018-05-28 19:05:07 - [TEST_STEP][PASSED] - Statement - s1 = inputFieldsResults[j]: null

2018-05-28 19:05:07 - [TEST_STEP][PASSED] - Statement - If (!(s1.equals(s))): null

2018-05-28 19:05:07 - [TEST_STEP][PASSED] - Statement - If (!(isEditable)): null

2018-05-28 19:05:07 - [TEST_STEP][PASSED] - Statement - out.println("Store fields are not editable"): null

2018-05-28 19:05:07 - [TEST_STEP][PASSED] - Statement - attrDisabled = com.kms.katalon.core.webui.keyword.WebUiBuiltInKeywords.getAttribute(com.kms.katalon.core.testobject.ObjectRepository.findTestObject(StorePage/store_City), "disabled"): Attribute 'disabled' of object 'Object Repository/StorePage/store_City' is: 'true'

2018-05-28 19:05:07 - [MESSAGE][PASSED] - Attribute 'disabled' of object 'Object Repository/StorePage/store_City' is: 'true'

2018-05-28 19:05:07 - [TEST_STEP][PASSED] - Statement - If (attrDisabled): null

2018-05-28 19:05:07 - [TEST_STEP][PASSED] - Statement - out.println("Store City is disabled"): null

2018-05-28 19:05:07 - [TEST_STEP][PASSED] - Statement - attrDisabled = com.kms.katalon.core.webui.keyword.WebUiBuiltInKeywords.getAttribute(com.kms.katalon.core.testobject.ObjectRepository.findTestObject(StorePage/store_Region), "disabled"): Attribute 'disabled' of object 'Object Repository/StorePage/store_Region' is: 'true'

2018-05-28 19:05:07 - [MESSAGE][PASSED] - Attribute 'disabled' of object 'Object Repository/StorePage/store_Region' is: 'true'

2018-05-28 19:05:07 - [TEST_STEP][PASSED] - Statement - If (attrDisabled): null

2018-05-28 19:05:07 - [TEST_STEP][PASSED] - Statement - out.println("Store Region is disabled"): null

2018-05-28 19:05:07 - [TEST_STEP][PASSED] - Statement - attrDisabled = com.kms.katalon.core.webui.keyword.WebUiBuiltInKeywords.getAttribute(com.kms.katalon.core.testobject.ObjectRepository.findTestObject(StorePage/store_Country), "disabled"): Attribute 'disabled' of object 'Object Repository/StorePage/store_Country' is: 'true'

2018-05-28 19:05:07 - [MESSAGE][PASSED] - Attribute 'disabled' of object 'Object Repository/StorePage/store_Country' is: 'true'

2018-05-28 19:05:07 - [TEST_STEP][PASSED] - Statement - If (attrDisabled): null

2018-05-28 19:05:07 - [TEST_STEP][PASSED] - Statement - out.println("Store Country is disabled"): null

2018-05-28 19:05:07 - [TEST_STEP][PASSED] - Statement - attrDisabled = com.kms.katalon.core.webui.keyword.WebUiBuiltInKeywords.verifyElementClickable(com.kms.katalon.core.testobject.ObjectRepository.findTestObject(StorePage/store_timeZone)): Object 'Object Repository/StorePage/store_timeZone' is clickable

2018-05-28 19:05:07 - [MESSAGE][PASSED] - Object 'Object Repository/StorePage/store_timeZone' is clickable

2018-05-28 19:05:07 - [TEST_STEP][PASSED] - Statement - If (attrDisabled): null

2018-05-28 19:05:07 - [TEST_STEP][PASSED] - Statement - out.println("Store timeZone is enabled"): null

2018-05-28 19:05:07 - [TEST_STEP][PASSED] - uiaction.CommonUIActions.click: uiaction.CommonUIActions.click is PASSED

2018-05-28 19:05:07 - [MESSAGE][PASSED] - uiaction.CommonUIActions.click is PASSED

2018-05-28 19:05:07 - [TEST_STEP][PASSED] - uiaction.CommonUIActions.click: uiaction.CommonUIActions.click is PASSED

2018-05-28 19:05:08 - [MESSAGE][PASSED] - uiaction.CommonUIActions.click is PASSED

2018-05-28 19:05:08 - [TEST_STEP][PASSED] - Statement - searchUserText = CustomKeywords.projectSpecific.Reusability.getTestData("UsersPage", "userSearchText1"): projectSpecific.Reusability.getTestData is PASSED

2018-05-28 19:05:08 - [MESSAGE][PASSED] - projectSpecific.Reusability.getTestData is PASSED

2018-05-28 19:05:08 - [TEST_STEP][PASSED] - uiaction.CommonUIActions.enter: uiaction.CommonUIActions.enter is PASSED

2018-05-28 19:05:08 - [MESSAGE][PASSED] - uiaction.CommonUIActions.enter is PASSED

2018-05-28 19:05:08 - [TEST_STEP][PASSED] - uiaction.CommonUIActions.click: uiaction.CommonUIActions.click is PASSED

2018-05-28 19:05:08 - [MESSAGE][PASSED] - uiaction.CommonUIActions.click is PASSED

2018-05-28 19:05:08 - [TEST_STEP][PASSED] - uiaction.CommonUIActions.click: uiaction.CommonUIActions.click is PASSED

2018-05-28 19:05:11 - [MESSAGE][PASSED] - uiaction.CommonUIActions.click is PASSED

2018-05-28 19:05:11 - [TEST_STEP][PASSED] - delay: Delayed 10 second(s)

2018-05-28 19:05:21 - [MESSAGE][PASSED] - Delayed 10 second(s)

2018-05-28 19:05:21 - [TEST_STEP][PASSED] - uiaction.CommonUIActions.click: uiaction.CommonUIActions.click is PASSED

2018-05-28 19:05:23 - [MESSAGE][PASSED] - uiaction.CommonUIActions.click is PASSED

2018-05-28 19:05:23 - [TEST_STEP][PASSED] - delay: Delayed 10 second(s)

2018-05-28 19:05:33 - [MESSAGE][PASSED] - Delayed 10 second(s)

2018-05-28 19:05:33 - [TEST_STEP][PASSED] - Statement - userStoreList = driver.findElements(org.openqa.selenium.By.xpath(com.kms.katalon.core.testdata.TestDataFactory.findTestData(OR_file).getValue(2, 23))): Reading excel file with source file 'C:\Users\shalinin\Katalon Studio\HME_Scripts\Data Files\HME_OR.xlsx' and sheet name 'Sheet1'

2018-05-28 19:05:33 - [TEST_STEP][PASSED] - Statement - userstoreListSize = userStoreList.size(): null

2018-05-28 19:05:33 - [TEST_STEP][PASSED] - uiaction.CommonUIActions.click: uiaction.CommonUIActions.click is PASSED

2018-05-28 19:05:40 - [MESSAGE][PASSED] - uiaction.CommonUIActions.click is PASSED

2018-05-28 19:05:40 - [TEST_STEP][PASSED] - delay: Delayed 10 second(s)

2018-05-28 19:05:50 - [MESSAGE][PASSED] - Delayed 10 second(s)

2018-05-28 19:05:50 - [TEST_STEP][PASSED] - Statement - adminStoreList = driver.findElements(org.openqa.selenium.By.xpath(com.kms.katalon.core.testdata.TestDataFactory.findTestData(OR_file).getValue(2, 23))): Reading excel file with source file 'C:\Users\shalinin\Katalon Studio\HME_Scripts\Data Files\HME_OR.xlsx' and sheet name 'Sheet1'

2018-05-28 19:05:50 - [TEST_STEP][PASSED] - Statement - adminstoreListSize = adminStoreList.size(): null

2018-05-28 19:05:50 - [TEST_STEP][PASSED] - Statement - If (userstoreListSize != adminstoreListSize || adminstoreListSize == 0): null

2018-05-28 19:05:50 - [TEST_STEP][PASSED] - Statement - out.println(searchUserText + " User can see only stores related to him or No Stores are found"): null

2018-05-28 19:05:50 - [TEST_STEP][PASSED] - uiaction.CommonUIActions.click: uiaction.CommonUIActions.click is PASSED

2018-05-28 19:05:51 - [MESSAGE][PASSED] - uiaction.CommonUIActions.click is PASSED

2018-05-28 19:05:51 - [TEST_STEP][PASSED] - Statement - assert TCflag == true: null

2018-05-28 19:05:51 - [TEST_STEP][PASSED] - Start listener action : sampleAfterTestCase: Browser is closed

2018-05-28 19:05:51 - [TEST_STEP][PASSED] - Statement - println(testCaseContext.getTestCaseId()): null

2018-05-28 19:05:51 - [TEST_STEP][PASSED] - Statement - println(testCaseContext.getTestCaseStatus()): null

2018-05-28 19:05:51 - [TEST_STEP][PASSED] - closeBrowser: Browser is closed

2018-05-28 19:05:52 - [MESSAGE][PASSED] - Browser is closed]]></system-out>
         <system-err><![CDATA[]]></system-err>
      </testcase>
      <testcase name="Test Cases/SummaryReportsTC/HME-Summary Report-11" classname="Test Cases/SummaryReportsTC/HME-Summary Report-11" status="FAILED">
         <failure type="FAILED" message="org.codehaus.groovy.runtime.powerassert.PowerAssertionError: assert TCflag==true
       |     |
       false false"/>
         <system-out><![CDATA[2018-05-28 19:05:52 - [TEST_CASE][FAILED] - Test Cases/SummaryReportsTC/HME-Summary Report-11: Test Cases/SummaryReportsTC/HME-Summary Report-11 FAILED because (of) org.codehaus.groovy.runtime.powerassert.PowerAssertionError: assert TCflag==true
       |     |
       false false

2018-05-28 19:05:52 - [TEST_STEP][PASSED] - Start listener action : sampleBeforeTestCase: uiaction.CommonUIActions.deleteAllCookies is PASSED

2018-05-28 19:05:52 - [TEST_STEP][PASSED] - openBrowser: Browser is opened with url: ''

2018-05-28 19:05:54 - [MESSAGE][PASSED] - Browser is opened with url: ''

2018-05-28 19:05:54 - [TEST_STEP][PASSED] - maximizeWindow: Current window maximized

2018-05-28 19:05:55 - [MESSAGE][PASSED] - Current window maximized

2018-05-28 19:05:55 - [TEST_STEP][PASSED] - uiaction.CommonUIActions.deleteAllCookies: uiaction.CommonUIActions.deleteAllCookies is PASSED

2018-05-28 19:05:55 - [MESSAGE][PASSED] - Delete all cookies successfully

2018-05-28 19:05:55 - [MESSAGE][PASSED] - uiaction.CommonUIActions.deleteAllCookies is PASSED

2018-05-28 19:05:55 - [TEST_STEP][PASSED] - Statement - TCflag = true: null

2018-05-28 19:05:55 - [TEST_STEP][PASSED] - Statement - Try: null

2018-05-28 19:05:55 - [TEST_STEP][PASSED] - navigateToUrl: Navigate to 'https://hme-dev-public-cloud-app.azurewebsites.net/' successfully

2018-05-28 19:05:58 - [MESSAGE][PASSED] - Navigate to 'https://hme-dev-public-cloud-app.azurewebsites.net/' successfully

2018-05-28 19:05:58 - [TEST_STEP][PASSED] - projectSpecific.Reusability.login: projectSpecific.Reusability.login is PASSED

2018-05-28 19:05:58 - [MESSAGE][PASSED] - projectSpecific.Reusability.getTestData is PASSED

2018-05-28 19:05:58 - [MESSAGE][PASSED] - projectSpecific.Reusability.getTestData is PASSED

2018-05-28 19:05:58 - [MESSAGE][PASSED] - Text 'selvendrank@nousinfo.com' is set on object 'Object Repository/LoginPage/Username'

2018-05-28 19:05:59 - [MESSAGE][PASSED] - Text 'nous;123' is set on object 'Object Repository/LoginPage/Password'

2018-05-28 19:05:59 - [MESSAGE][PASSED] - Object: 'Object Repository/LoginPage/Login' is clicked on

2018-05-28 19:05:59 - [MESSAGE][PASSED] - projectSpecific.Reusability.login is PASSED

2018-05-28 19:05:59 - [TEST_STEP][PASSED] - delay: Delayed 10 second(s)

2018-05-28 19:06:09 - [MESSAGE][PASSED] - Delayed 10 second(s)

2018-05-28 19:06:09 - [TEST_STEP][PASSED] - uiaction.CommonUIActions.click: uiaction.CommonUIActions.click is PASSED

2018-05-28 19:06:25 - [MESSAGE][PASSED] - uiaction.CommonUIActions.click is PASSED

2018-05-28 19:06:25 - [TEST_STEP][PASSED] - uiaction.CommonUIActions.click: uiaction.CommonUIActions.click is PASSED

2018-05-28 19:06:37 - [MESSAGE][PASSED] - uiaction.CommonUIActions.click is PASSED

2018-05-28 19:06:37 - [TEST_STEP][PASSED] - uiaction.CommonUIActions.click: uiaction.CommonUIActions.click is PASSED

2018-05-28 19:06:40 - [MESSAGE][PASSED] - uiaction.CommonUIActions.click is PASSED

2018-05-28 19:06:40 - [TEST_STEP][PASSED] - uiaction.CommonUIActions.click: uiaction.CommonUIActions.click is PASSED

2018-05-28 19:06:40 - [MESSAGE][PASSED] - uiaction.CommonUIActions.click is PASSED

2018-05-28 19:06:40 - [TEST_STEP][PASSED] - uiaction.CommonUIActions.enter: uiaction.CommonUIActions.enter is PASSED

2018-05-28 19:06:40 - [MESSAGE][PASSED] - projectSpecific.Reusability.getTestData is PASSED

2018-05-28 19:06:40 - [MESSAGE][PASSED] - uiaction.CommonUIActions.enter is PASSED

2018-05-28 19:06:40 - [TEST_STEP][PASSED] - uiaction.CommonUIActions.enter: uiaction.CommonUIActions.enter is PASSED

2018-05-28 19:06:40 - [MESSAGE][PASSED] - projectSpecific.Reusability.getTestData is PASSED

2018-05-28 19:06:40 - [MESSAGE][PASSED] - uiaction.CommonUIActions.enter is PASSED

2018-05-28 19:06:40 - [TEST_STEP][PASSED] - delay: Delayed 10 second(s)

2018-05-28 19:06:50 - [MESSAGE][PASSED] - Delayed 10 second(s)

2018-05-28 19:06:50 - [TEST_STEP][PASSED] - Statement - groupmain = CustomKeywords.projectSpecific.Reusability.getTestData("ReportingGroupManagementPage", "Summarygrp"): projectSpecific.Reusability.getTestData is PASSED

2018-05-28 19:06:50 - [MESSAGE][PASSED] - projectSpecific.Reusability.getTestData is PASSED

2018-05-28 19:06:50 - [TEST_STEP][PASSED] - Statement - driver = com.kms.katalon.core.webui.driver.DriverFactory.getWebDriver(): null

2018-05-28 19:06:50 - [TEST_STEP][PASSED] - Statement - grouplist = driver.findElements(org.openqa.selenium.By.xpath("//ul[@class='unlinked-grouplist']/li")): null

2018-05-28 19:06:50 - [TEST_STEP][PASSED] - delay: Delayed 10 second(s)

2018-05-28 19:07:00 - [MESSAGE][PASSED] - Delayed 10 second(s)

2018-05-28 19:07:00 - [TEST_STEP][PASSED] - Statement - For ([i = 0, i < grouplist.size(), (i++)]): null

2018-05-28 19:07:00 - [TEST_STEP][PASSED] - Statement - println(grouplist.get(i).getText()): null

2018-05-28 19:07:00 - [TEST_STEP][PASSED] - Statement - If (grouplist.get(i).getText().contains("0000")): null

2018-05-28 19:07:00 - [TEST_STEP][PASSED] - Statement - println(grouplist.get(i).getText()): null

2018-05-28 19:07:00 - [TEST_STEP][PASSED] - Statement - If (grouplist.get(i).getText().contains("0000")): null

2018-05-28 19:07:00 - [TEST_STEP][PASSED] - Statement - println(grouplist.get(i).getText()): null

2018-05-28 19:07:00 - [TEST_STEP][PASSED] - Statement - If (grouplist.get(i).getText().contains("0000")): null

2018-05-28 19:07:00 - [TEST_STEP][PASSED] - Statement - println(grouplist.get(i).getText()): null

2018-05-28 19:07:00 - [TEST_STEP][PASSED] - Statement - If (grouplist.get(i).getText().contains("0000")): null

2018-05-28 19:07:00 - [TEST_STEP][PASSED] - Statement - println(grouplist.get(i).getText()): null

2018-05-28 19:07:00 - [TEST_STEP][PASSED] - Statement - If (grouplist.get(i).getText().contains("0000")): null

2018-05-28 19:07:00 - [TEST_STEP][PASSED] - Statement - println(grouplist.get(i).getText()): null

2018-05-28 19:07:00 - [TEST_STEP][PASSED] - Statement - If (grouplist.get(i).getText().contains("0000")): null

2018-05-28 19:07:00 - [TEST_STEP][PASSED] - Statement - println(grouplist.get(i).getText()): null

2018-05-28 19:07:00 - [TEST_STEP][PASSED] - Statement - If (grouplist.get(i).getText().contains("0000")): null

2018-05-28 19:07:00 - [TEST_STEP][PASSED] - Statement - println(grouplist.get(i).getText()): null

2018-05-28 19:07:00 - [TEST_STEP][PASSED] - Statement - If (grouplist.get(i).getText().contains("0000")): null

2018-05-28 19:07:00 - [TEST_STEP][PASSED] - Statement - println(grouplist.get(i).getText()): null

2018-05-28 19:07:00 - [TEST_STEP][PASSED] - Statement - If (grouplist.get(i).getText().contains("0000")): null

2018-05-28 19:07:00 - [TEST_STEP][PASSED] - Statement - driver.findElement(org.openqa.selenium.By.xpath("(//ul[@class='unlinked-grouplist']/li/label)[" + i + 1 + "]")).click(): null

2018-05-28 19:07:00 - [TEST_STEP][PASSED] - Statement - println(grouplist.get(i).getText()): null

2018-05-28 19:07:00 - [TEST_STEP][PASSED] - Statement - If (grouplist.get(i).getText().contains("0000")): null

2018-05-28 19:07:00 - [TEST_STEP][PASSED] - Statement - driver.findElement(org.openqa.selenium.By.xpath("(//ul[@class='unlinked-grouplist']/li/label)[" + i + 1 + "]")).click(): null

2018-05-28 19:07:00 - [TEST_STEP][PASSED] - Statement - println(grouplist.get(i).getText()): null

2018-05-28 19:07:00 - [TEST_STEP][PASSED] - Statement - If (grouplist.get(i).getText().contains("0000")): null

2018-05-28 19:07:00 - [TEST_STEP][PASSED] - Statement - driver.findElement(org.openqa.selenium.By.xpath("(//ul[@class='unlinked-grouplist']/li/label)[" + i + 1 + "]")).click(): null

2018-05-28 19:07:01 - [TEST_STEP][PASSED] - Statement - println(grouplist.get(i).getText()): null

2018-05-28 19:07:01 - [TEST_STEP][PASSED] - Statement - If (grouplist.get(i).getText().contains("0000")): null

2018-05-28 19:07:01 - [TEST_STEP][PASSED] - Statement - driver.findElement(org.openqa.selenium.By.xpath("(//ul[@class='unlinked-grouplist']/li/label)[" + i + 1 + "]")).click(): null

2018-05-28 19:07:01 - [TEST_STEP][PASSED] - Statement - println(grouplist.get(i).getText()): null

2018-05-28 19:07:01 - [TEST_STEP][PASSED] - Statement - If (grouplist.get(i).getText().contains("0000")): null

2018-05-28 19:07:01 - [TEST_STEP][PASSED] - Statement - driver.findElement(org.openqa.selenium.By.xpath("(//ul[@class='unlinked-grouplist']/li/label)[" + i + 1 + "]")).click(): null

2018-05-28 19:07:01 - [TEST_STEP][PASSED] - Statement - println(grouplist.get(i).getText()): null

2018-05-28 19:07:01 - [TEST_STEP][PASSED] - Statement - If (grouplist.get(i).getText().contains("0000")): null

2018-05-28 19:07:01 - [TEST_STEP][PASSED] - Statement - driver.findElement(org.openqa.selenium.By.xpath("(//ul[@class='unlinked-grouplist']/li/label)[" + i + 1 + "]")).click(): null

2018-05-28 19:07:01 - [TEST_STEP][PASSED] - Statement - println(grouplist.get(i).getText()): null

2018-05-28 19:07:01 - [TEST_STEP][PASSED] - Statement - If (grouplist.get(i).getText().contains("0000")): null

2018-05-28 19:07:01 - [TEST_STEP][PASSED] - Statement - driver.findElement(org.openqa.selenium.By.xpath("(//ul[@class='unlinked-grouplist']/li/label)[" + i + 1 + "]")).click(): null

2018-05-28 19:07:01 - [TEST_STEP][PASSED] - Statement - println(grouplist.get(i).getText()): null

2018-05-28 19:07:01 - [TEST_STEP][PASSED] - Statement - If (grouplist.get(i).getText().contains("0000")): null

2018-05-28 19:07:01 - [TEST_STEP][PASSED] - Statement - driver.findElement(org.openqa.selenium.By.xpath("(//ul[@class='unlinked-grouplist']/li/label)[" + i + 1 + "]")).click(): null

2018-05-28 19:07:01 - [TEST_STEP][PASSED] - Statement - println(grouplist.get(i).getText()): null

2018-05-28 19:07:01 - [TEST_STEP][PASSED] - Statement - If (grouplist.get(i).getText().contains("0000")): null

2018-05-28 19:07:01 - [TEST_STEP][PASSED] - Statement - driver.findElement(org.openqa.selenium.By.xpath("(//ul[@class='unlinked-grouplist']/li/label)[" + i + 1 + "]")).click(): null

2018-05-28 19:07:01 - [TEST_STEP][PASSED] - Statement - println(grouplist.get(i).getText()): null

2018-05-28 19:07:01 - [TEST_STEP][PASSED] - Statement - If (grouplist.get(i).getText().contains("0000")): null

2018-05-28 19:07:01 - [TEST_STEP][PASSED] - Statement - driver.findElement(org.openqa.selenium.By.xpath("(//ul[@class='unlinked-grouplist']/li/label)[" + i + 1 + "]")).click(): null

2018-05-28 19:07:01 - [TEST_STEP][PASSED] - Statement - println(grouplist.get(i).getText()): null

2018-05-28 19:07:01 - [TEST_STEP][PASSED] - Statement - If (grouplist.get(i).getText().contains("0000")): null

2018-05-28 19:07:01 - [TEST_STEP][PASSED] - Statement - driver.findElement(org.openqa.selenium.By.xpath("(//ul[@class='unlinked-grouplist']/li/label)[" + i + 1 + "]")).click(): null

2018-05-28 19:07:01 - [TEST_STEP][PASSED] - Statement - println(grouplist.get(i).getText()): null

2018-05-28 19:07:01 - [TEST_STEP][PASSED] - Statement - If (grouplist.get(i).getText().contains("0000")): null

2018-05-28 19:07:01 - [TEST_STEP][PASSED] - Statement - driver.findElement(org.openqa.selenium.By.xpath("(//ul[@class='unlinked-grouplist']/li/label)[" + i + 1 + "]")).click(): null

2018-05-28 19:07:01 - [TEST_STEP][PASSED] - Statement - println(grouplist.get(i).getText()): null

2018-05-28 19:07:01 - [TEST_STEP][PASSED] - Statement - If (grouplist.get(i).getText().contains("0000")): null

2018-05-28 19:07:01 - [TEST_STEP][PASSED] - Statement - driver.findElement(org.openqa.selenium.By.xpath("(//ul[@class='unlinked-grouplist']/li/label)[" + i + 1 + "]")).click(): null

2018-05-28 19:07:01 - [TEST_STEP][PASSED] - Statement - println(grouplist.get(i).getText()): null

2018-05-28 19:07:01 - [TEST_STEP][PASSED] - Statement - If (grouplist.get(i).getText().contains("0000")): null

2018-05-28 19:07:01 - [TEST_STEP][PASSED] - Statement - driver.findElement(org.openqa.selenium.By.xpath("(//ul[@class='unlinked-grouplist']/li/label)[" + i + 1 + "]")).click(): null

2018-05-28 19:07:01 - [TEST_STEP][PASSED] - Statement - println(grouplist.get(i).getText()): null

2018-05-28 19:07:01 - [TEST_STEP][PASSED] - Statement - If (grouplist.get(i).getText().contains("0000")): null

2018-05-28 19:07:01 - [TEST_STEP][PASSED] - Statement - driver.findElement(org.openqa.selenium.By.xpath("(//ul[@class='unlinked-grouplist']/li/label)[" + i + 1 + "]")).click(): null

2018-05-28 19:07:02 - [TEST_STEP][PASSED] - Statement - println(grouplist.get(i).getText()): null

2018-05-28 19:07:02 - [TEST_STEP][PASSED] - Statement - If (grouplist.get(i).getText().contains("0000")): null

2018-05-28 19:07:02 - [TEST_STEP][PASSED] - Statement - driver.findElement(org.openqa.selenium.By.xpath("(//ul[@class='unlinked-grouplist']/li/label)[" + i + 1 + "]")).click(): null

2018-05-28 19:07:02 - [TEST_STEP][PASSED] - Statement - println(grouplist.get(i).getText()): null

2018-05-28 19:07:02 - [TEST_STEP][PASSED] - Statement - If (grouplist.get(i).getText().contains("0000")): null

2018-05-28 19:07:02 - [TEST_STEP][PASSED] - Statement - driver.findElement(org.openqa.selenium.By.xpath("(//ul[@class='unlinked-grouplist']/li/label)[" + i + 1 + "]")).click(): null

2018-05-28 19:07:02 - [TEST_STEP][PASSED] - Statement - println(grouplist.get(i).getText()): null

2018-05-28 19:07:02 - [TEST_STEP][PASSED] - Statement - If (grouplist.get(i).getText().contains("0000")): null

2018-05-28 19:07:02 - [TEST_STEP][PASSED] - Statement - driver.findElement(org.openqa.selenium.By.xpath("(//ul[@class='unlinked-grouplist']/li/label)[" + i + 1 + "]")).click(): null

2018-05-28 19:07:02 - [TEST_STEP][PASSED] - Statement - println(grouplist.get(i).getText()): null

2018-05-28 19:07:02 - [TEST_STEP][PASSED] - Statement - If (grouplist.get(i).getText().contains("0000")): null

2018-05-28 19:07:02 - [TEST_STEP][PASSED] - Statement - driver.findElement(org.openqa.selenium.By.xpath("(//ul[@class='unlinked-grouplist']/li/label)[" + i + 1 + "]")).click(): null

2018-05-28 19:07:02 - [TEST_STEP][PASSED] - Statement - println(grouplist.get(i).getText()): null

2018-05-28 19:07:02 - [TEST_STEP][PASSED] - Statement - If (grouplist.get(i).getText().contains("0000")): null

2018-05-28 19:07:02 - [TEST_STEP][PASSED] - Statement - driver.findElement(org.openqa.selenium.By.xpath("(//ul[@class='unlinked-grouplist']/li/label)[" + i + 1 + "]")).click(): null

2018-05-28 19:07:02 - [TEST_STEP][PASSED] - Statement - println(grouplist.get(i).getText()): null

2018-05-28 19:07:02 - [TEST_STEP][PASSED] - Statement - If (grouplist.get(i).getText().contains("0000")): null

2018-05-28 19:07:02 - [TEST_STEP][PASSED] - Statement - driver.findElement(org.openqa.selenium.By.xpath("(//ul[@class='unlinked-grouplist']/li/label)[" + i + 1 + "]")).click(): null

2018-05-28 19:07:02 - [TEST_STEP][PASSED] - Statement - println(grouplist.get(i).getText()): null

2018-05-28 19:07:02 - [TEST_STEP][PASSED] - Statement - If (grouplist.get(i).getText().contains("0000")): null

2018-05-28 19:07:02 - [TEST_STEP][PASSED] - Statement - driver.findElement(org.openqa.selenium.By.xpath("(//ul[@class='unlinked-grouplist']/li/label)[" + i + 1 + "]")).click(): null

2018-05-28 19:07:02 - [TEST_STEP][PASSED] - Statement - println(grouplist.get(i).getText()): null

2018-05-28 19:07:02 - [TEST_STEP][PASSED] - Statement - If (grouplist.get(i).getText().contains("0000")): null

2018-05-28 19:07:02 - [TEST_STEP][PASSED] - Statement - driver.findElement(org.openqa.selenium.By.xpath("(//ul[@class='unlinked-grouplist']/li/label)[" + i + 1 + "]")).click(): null

2018-05-28 19:07:02 - [TEST_STEP][PASSED] - Statement - println(grouplist.get(i).getText()): null

2018-05-28 19:07:02 - [TEST_STEP][PASSED] - Statement - If (grouplist.get(i).getText().contains("0000")): null

2018-05-28 19:07:02 - [TEST_STEP][PASSED] - Statement - driver.findElement(org.openqa.selenium.By.xpath("(//ul[@class='unlinked-grouplist']/li/label)[" + i + 1 + "]")).click(): null

2018-05-28 19:07:02 - [TEST_STEP][PASSED] - Statement - println(grouplist.get(i).getText()): null

2018-05-28 19:07:02 - [TEST_STEP][PASSED] - Statement - If (grouplist.get(i).getText().contains("0000")): null

2018-05-28 19:07:02 - [TEST_STEP][PASSED] - Statement - driver.findElement(org.openqa.selenium.By.xpath("(//ul[@class='unlinked-grouplist']/li/label)[" + i + 1 + "]")).click(): null

2018-05-28 19:07:02 - [TEST_STEP][PASSED] - Statement - println(grouplist.get(i).getText()): null

2018-05-28 19:07:02 - [TEST_STEP][PASSED] - Statement - If (grouplist.get(i).getText().contains("0000")): null

2018-05-28 19:07:02 - [TEST_STEP][PASSED] - Statement - driver.findElement(org.openqa.selenium.By.xpath("(//ul[@class='unlinked-grouplist']/li/label)[" + i + 1 + "]")).click(): null

2018-05-28 19:07:02 - [TEST_STEP][PASSED] - Statement - println(grouplist.get(i).getText()): null

2018-05-28 19:07:02 - [TEST_STEP][PASSED] - Statement - If (grouplist.get(i).getText().contains("0000")): null

2018-05-28 19:07:02 - [TEST_STEP][PASSED] - Statement - driver.findElement(org.openqa.selenium.By.xpath("(//ul[@class='unlinked-grouplist']/li/label)[" + i + 1 + "]")).click(): null

2018-05-28 19:07:03 - [TEST_STEP][PASSED] - Statement - println(grouplist.get(i).getText()): null

2018-05-28 19:07:03 - [TEST_STEP][PASSED] - Statement - If (grouplist.get(i).getText().contains("0000")): null

2018-05-28 19:07:03 - [TEST_STEP][PASSED] - Statement - driver.findElement(org.openqa.selenium.By.xpath("(//ul[@class='unlinked-grouplist']/li/label)[" + i + 1 + "]")).click(): null

2018-05-28 19:07:03 - [TEST_STEP][PASSED] - Statement - println(grouplist.get(i).getText()): null

2018-05-28 19:07:03 - [TEST_STEP][PASSED] - Statement - If (grouplist.get(i).getText().contains("0000")): null

2018-05-28 19:07:03 - [TEST_STEP][PASSED] - Statement - driver.findElement(org.openqa.selenium.By.xpath("(//ul[@class='unlinked-grouplist']/li/label)[" + i + 1 + "]")).click(): null

2018-05-28 19:07:03 - [TEST_STEP][PASSED] - Statement - println(grouplist.get(i).getText()): null

2018-05-28 19:07:03 - [TEST_STEP][PASSED] - Statement - If (grouplist.get(i).getText().contains("0000")): null

2018-05-28 19:07:03 - [TEST_STEP][PASSED] - Statement - driver.findElement(org.openqa.selenium.By.xpath("(//ul[@class='unlinked-grouplist']/li/label)[" + i + 1 + "]")).click(): null

2018-05-28 19:07:03 - [TEST_STEP][PASSED] - Statement - println(grouplist.get(i).getText()): null

2018-05-28 19:07:03 - [TEST_STEP][PASSED] - Statement - If (grouplist.get(i).getText().contains("0000")): null

2018-05-28 19:07:03 - [TEST_STEP][PASSED] - Statement - driver.findElement(org.openqa.selenium.By.xpath("(//ul[@class='unlinked-grouplist']/li/label)[" + i + 1 + "]")).click(): null

2018-05-28 19:07:03 - [TEST_STEP][PASSED] - Statement - println(grouplist.get(i).getText()): null

2018-05-28 19:07:03 - [TEST_STEP][PASSED] - Statement - If (grouplist.get(i).getText().contains("0000")): null

2018-05-28 19:07:03 - [TEST_STEP][PASSED] - Statement - driver.findElement(org.openqa.selenium.By.xpath("(//ul[@class='unlinked-grouplist']/li/label)[" + i + 1 + "]")).click(): null

2018-05-28 19:07:03 - [TEST_STEP][PASSED] - Statement - println(grouplist.get(i).getText()): null

2018-05-28 19:07:03 - [TEST_STEP][PASSED] - Statement - If (grouplist.get(i).getText().contains("0000")): null

2018-05-28 19:07:03 - [TEST_STEP][PASSED] - Statement - driver.findElement(org.openqa.selenium.By.xpath("(//ul[@class='unlinked-grouplist']/li/label)[" + i + 1 + "]")).click(): null

2018-05-28 19:07:03 - [TEST_STEP][PASSED] - Statement - println(grouplist.get(i).getText()): null

2018-05-28 19:07:03 - [TEST_STEP][PASSED] - Statement - If (grouplist.get(i).getText().contains("0000")): null

2018-05-28 19:07:03 - [TEST_STEP][PASSED] - Statement - driver.findElement(org.openqa.selenium.By.xpath("(//ul[@class='unlinked-grouplist']/li/label)[" + i + 1 + "]")).click(): null

2018-05-28 19:07:03 - [TEST_STEP][PASSED] - Statement - println(grouplist.get(i).getText()): null

2018-05-28 19:07:03 - [TEST_STEP][PASSED] - Statement - If (grouplist.get(i).getText().contains("0000")): null

2018-05-28 19:07:03 - [TEST_STEP][PASSED] - Statement - driver.findElement(org.openqa.selenium.By.xpath("(//ul[@class='unlinked-grouplist']/li/label)[" + i + 1 + "]")).click(): null

2018-05-28 19:07:03 - [TEST_STEP][PASSED] - Statement - println(grouplist.get(i).getText()): null

2018-05-28 19:07:03 - [TEST_STEP][PASSED] - Statement - If (grouplist.get(i).getText().contains("0000")): null

2018-05-28 19:07:03 - [TEST_STEP][PASSED] - Statement - driver.findElement(org.openqa.selenium.By.xpath("(//ul[@class='unlinked-grouplist']/li/label)[" + i + 1 + "]")).click(): null

2018-05-28 19:07:03 - [TEST_STEP][PASSED] - Statement - println(grouplist.get(i).getText()): null

2018-05-28 19:07:03 - [TEST_STEP][PASSED] - Statement - If (grouplist.get(i).getText().contains("0000")): null

2018-05-28 19:07:03 - [TEST_STEP][PASSED] - Statement - driver.findElement(org.openqa.selenium.By.xpath("(//ul[@class='unlinked-grouplist']/li/label)[" + i + 1 + "]")).click(): null

2018-05-28 19:07:03 - [TEST_STEP][PASSED] - Statement - println(grouplist.get(i).getText()): null

2018-05-28 19:07:03 - [TEST_STEP][PASSED] - Statement - If (grouplist.get(i).getText().contains("0000")): null

2018-05-28 19:07:03 - [TEST_STEP][PASSED] - Statement - driver.findElement(org.openqa.selenium.By.xpath("(//ul[@class='unlinked-grouplist']/li/label)[" + i + 1 + "]")).click(): null

2018-05-28 19:07:03 - [TEST_STEP][PASSED] - Statement - println(grouplist.get(i).getText()): null

2018-05-28 19:07:03 - [TEST_STEP][PASSED] - Statement - If (grouplist.get(i).getText().contains("0000")): null

2018-05-28 19:07:03 - [TEST_STEP][PASSED] - Statement - driver.findElement(org.openqa.selenium.By.xpath("(//ul[@class='unlinked-grouplist']/li/label)[" + i + 1 + "]")).click(): null

2018-05-28 19:07:04 - [TEST_STEP][PASSED] - Statement - println(grouplist.get(i).getText()): null

2018-05-28 19:07:04 - [TEST_STEP][PASSED] - Statement - If (grouplist.get(i).getText().contains("0000")): null

2018-05-28 19:07:04 - [TEST_STEP][PASSED] - Statement - driver.findElement(org.openqa.selenium.By.xpath("(//ul[@class='unlinked-grouplist']/li/label)[" + i + 1 + "]")).click(): null

2018-05-28 19:07:04 - [TEST_STEP][PASSED] - Statement - println(grouplist.get(i).getText()): null

2018-05-28 19:07:04 - [TEST_STEP][PASSED] - Statement - If (grouplist.get(i).getText().contains("0000")): null

2018-05-28 19:07:04 - [TEST_STEP][PASSED] - Statement - driver.findElement(org.openqa.selenium.By.xpath("(//ul[@class='unlinked-grouplist']/li/label)[" + i + 1 + "]")).click(): null

2018-05-28 19:07:04 - [TEST_STEP][PASSED] - Statement - println(grouplist.get(i).getText()): null

2018-05-28 19:07:04 - [TEST_STEP][PASSED] - Statement - If (grouplist.get(i).getText().contains("0000")): null

2018-05-28 19:07:04 - [TEST_STEP][PASSED] - Statement - driver.findElement(org.openqa.selenium.By.xpath("(//ul[@class='unlinked-grouplist']/li/label)[" + i + 1 + "]")).click(): null

2018-05-28 19:07:04 - [TEST_STEP][PASSED] - Statement - println(grouplist.get(i).getText()): null

2018-05-28 19:07:04 - [TEST_STEP][PASSED] - Statement - If (grouplist.get(i).getText().contains("0000")): null

2018-05-28 19:07:04 - [TEST_STEP][PASSED] - Statement - driver.findElement(org.openqa.selenium.By.xpath("(//ul[@class='unlinked-grouplist']/li/label)[" + i + 1 + "]")).click(): null

2018-05-28 19:07:04 - [TEST_STEP][PASSED] - Statement - println(grouplist.get(i).getText()): null

2018-05-28 19:07:04 - [TEST_STEP][PASSED] - Statement - If (grouplist.get(i).getText().contains("0000")): null

2018-05-28 19:07:04 - [TEST_STEP][PASSED] - Statement - driver.findElement(org.openqa.selenium.By.xpath("(//ul[@class='unlinked-grouplist']/li/label)[" + i + 1 + "]")).click(): null

2018-05-28 19:07:04 - [TEST_STEP][PASSED] - Statement - println(grouplist.get(i).getText()): null

2018-05-28 19:07:04 - [TEST_STEP][PASSED] - Statement - If (grouplist.get(i).getText().contains("0000")): null

2018-05-28 19:07:04 - [TEST_STEP][PASSED] - Statement - driver.findElement(org.openqa.selenium.By.xpath("(//ul[@class='unlinked-grouplist']/li/label)[" + i + 1 + "]")).click(): null

2018-05-28 19:07:04 - [TEST_STEP][PASSED] - Statement - println(grouplist.get(i).getText()): null

2018-05-28 19:07:04 - [TEST_STEP][PASSED] - Statement - If (grouplist.get(i).getText().contains("0000")): null

2018-05-28 19:07:04 - [TEST_STEP][PASSED] - Statement - driver.findElement(org.openqa.selenium.By.xpath("(//ul[@class='unlinked-grouplist']/li/label)[" + i + 1 + "]")).click(): null

2018-05-28 19:07:04 - [TEST_STEP][PASSED] - Statement - println(grouplist.get(i).getText()): null

2018-05-28 19:07:04 - [TEST_STEP][PASSED] - Statement - If (grouplist.get(i).getText().contains("0000")): null

2018-05-28 19:07:04 - [TEST_STEP][PASSED] - Statement - driver.findElement(org.openqa.selenium.By.xpath("(//ul[@class='unlinked-grouplist']/li/label)[" + i + 1 + "]")).click(): null

2018-05-28 19:07:04 - [TEST_STEP][PASSED] - Statement - println(grouplist.get(i).getText()): null

2018-05-28 19:07:04 - [TEST_STEP][PASSED] - Statement - If (grouplist.get(i).getText().contains("0000")): null

2018-05-28 19:07:04 - [TEST_STEP][PASSED] - Statement - driver.findElement(org.openqa.selenium.By.xpath("(//ul[@class='unlinked-grouplist']/li/label)[" + i + 1 + "]")).click(): null

2018-05-28 19:07:04 - [TEST_STEP][PASSED] - Statement - println(grouplist.get(i).getText()): null

2018-05-28 19:07:04 - [TEST_STEP][PASSED] - Statement - If (grouplist.get(i).getText().contains("0000")): null

2018-05-28 19:07:04 - [TEST_STEP][PASSED] - Statement - driver.findElement(org.openqa.selenium.By.xpath("(//ul[@class='unlinked-grouplist']/li/label)[" + i + 1 + "]")).click(): null

2018-05-28 19:07:04 - [TEST_STEP][PASSED] - Statement - println(grouplist.get(i).getText()): null

2018-05-28 19:07:04 - [TEST_STEP][PASSED] - Statement - If (grouplist.get(i).getText().contains("0000")): null

2018-05-28 19:07:04 - [TEST_STEP][PASSED] - Statement - driver.findElement(org.openqa.selenium.By.xpath("(//ul[@class='unlinked-grouplist']/li/label)[" + i + 1 + "]")).click(): null

2018-05-28 19:07:04 - [TEST_STEP][PASSED] - Statement - println(grouplist.get(i).getText()): null

2018-05-28 19:07:04 - [TEST_STEP][PASSED] - Statement - If (grouplist.get(i).getText().contains("0000")): null

2018-05-28 19:07:04 - [TEST_STEP][PASSED] - Statement - driver.findElement(org.openqa.selenium.By.xpath("(//ul[@class='unlinked-grouplist']/li/label)[" + i + 1 + "]")).click(): null

2018-05-28 19:07:05 - [TEST_STEP][PASSED] - Statement - println(grouplist.get(i).getText()): null

2018-05-28 19:07:05 - [TEST_STEP][PASSED] - Statement - If (grouplist.get(i).getText().contains("0000")): null

2018-05-28 19:07:05 - [TEST_STEP][PASSED] - Statement - driver.findElement(org.openqa.selenium.By.xpath("(//ul[@class='unlinked-grouplist']/li/label)[" + i + 1 + "]")).click(): null

2018-05-28 19:07:05 - [TEST_STEP][PASSED] - Statement - driver.findElement(org.openqa.selenium.By.xpath("//button[contains(text(),'>')]")).click(): null

2018-05-28 19:07:05 - [TEST_STEP][PASSED] - delay: Delayed 10 second(s)

2018-05-28 19:07:15 - [MESSAGE][PASSED] - Delayed 10 second(s)

2018-05-28 19:07:15 - [TEST_STEP][PASSED] - uiaction.CommonUIActions.click: uiaction.CommonUIActions.click is PASSED

2018-05-28 19:07:15 - [MESSAGE][PASSED] - uiaction.CommonUIActions.click is PASSED

2018-05-28 19:07:15 - [TEST_STEP][PASSED] - uiaction.CommonUIActions.click: uiaction.CommonUIActions.click is PASSED

2018-05-28 19:07:15 - [MESSAGE][PASSED] - uiaction.CommonUIActions.click is PASSED

2018-05-28 19:07:15 - [TEST_STEP][PASSED] - delay: Delayed 10 second(s)

2018-05-28 19:07:25 - [MESSAGE][PASSED] - Delayed 10 second(s)

2018-05-28 19:07:25 - [TEST_STEP][PASSED] - uiaction.CommonUIActions.click: uiaction.CommonUIActions.click is PASSED

2018-05-28 19:07:25 - [MESSAGE][PASSED] - uiaction.CommonUIActions.click is PASSED

2018-05-28 19:07:25 - [TEST_STEP][PASSED] - delay: Delayed 10 second(s)

2018-05-28 19:07:35 - [MESSAGE][PASSED] - Delayed 10 second(s)

2018-05-28 19:07:35 - [TEST_STEP][PASSED] - Statement - driver.findElement(org.openqa.selenium.By.xpath("//span[contains(text(),'" + groupmain + "')]/../../../../span[1]")).click(): null

2018-05-28 19:07:35 - [TEST_STEP][PASSED] - Statement - Catch (Exception e): null

2018-05-28 19:07:35 - [TEST_STEP][PASSED] - Statement - e.printStackTrace(): null

2018-05-28 19:07:35 - [TEST_STEP][PASSED] - Statement - println("Exception of element not found"): null

2018-05-28 19:07:35 - [TEST_STEP][PASSED] - Statement - If (TCflag): null

2018-05-28 19:07:35 - [TEST_STEP][PASSED] - Statement - assert TCflag == true: null

2018-05-28 19:07:35 - [TEST_STEP][PASSED] - Start listener action : sampleAfterTestCase: Browser is closed

2018-05-28 19:07:35 - [TEST_STEP][PASSED] - Statement - println(testCaseContext.getTestCaseId()): null

2018-05-28 19:07:35 - [TEST_STEP][PASSED] - Statement - println(testCaseContext.getTestCaseStatus()): null

2018-05-28 19:07:35 - [TEST_STEP][PASSED] - closeBrowser: Browser is closed

2018-05-28 19:07:36 - [MESSAGE][PASSED] - Browser is closed]]></system-out>
         <system-err><![CDATA[2018-05-28 19:05:52 - [TEST_CASE][FAILED] - Test Cases/SummaryReportsTC/HME-Summary Report-11: Test Cases/SummaryReportsTC/HME-Summary Report-11 FAILED because (of) org.codehaus.groovy.runtime.powerassert.PowerAssertionError: assert TCflag==true
       |     |
       false false]]></system-err>
      </testcase>
      <testcase name="Test Cases/SummaryReportsTC/HME-Summary Report-12" classname="Test Cases/SummaryReportsTC/HME-Summary Report-12" status="FAILED">
         <failure type="FAILED" message="Unable to verify match between actual text 'Web element with id: 'Object Repository/ReportsPage/report_failure_alertmsg' located by 'By.xpath: //div//ul//li[contains(text(),'Date range invalid')]' not found' and expected text 'Date range invalid. For Daypart Reports select any 2 week period.' (Root cause: Actual text 'Web element with id: 'Object Repository/ReportsPage/report_failure_alertmsg' located by 'By.xpath: //div//ul//li[contains(text(),'Date range invalid')]' not found' and expected text 'Date range invalid. For Daypart Reports select any 2 week period.' are not matched)"/>
         <system-out><![CDATA[2018-05-28 19:07:36 - [TEST_CASE][FAILED] - Test Cases/SummaryReportsTC/HME-Summary Report-12: Test Cases/SummaryReportsTC/HME-Summary Report-12 FAILED because (of) Unable to verify match between actual text 'Web element with id: 'Object Repository/ReportsPage/report_failure_alertmsg' located by 'By.xpath: //div//ul//li[contains(text(),'Date range invalid')]' not found' and expected text 'Date range invalid. For Daypart Reports select any 2 week period.' (Root cause: Actual text 'Web element with id: 'Object Repository/ReportsPage/report_failure_alertmsg' located by 'By.xpath: //div//ul//li[contains(text(),'Date range invalid')]' not found' and expected text 'Date range invalid. For Daypart Reports select any 2 week period.' are not matched)

2018-05-28 19:07:36 - [TEST_STEP][PASSED] - Start listener action : sampleBeforeTestCase: uiaction.CommonUIActions.deleteAllCookies is PASSED

2018-05-28 19:07:36 - [TEST_STEP][PASSED] - openBrowser: Browser is opened with url: ''

2018-05-28 19:07:38 - [MESSAGE][PASSED] - Browser is opened with url: ''

2018-05-28 19:07:38 - [TEST_STEP][PASSED] - maximizeWindow: Current window maximized

2018-05-28 19:07:39 - [MESSAGE][PASSED] - Current window maximized

2018-05-28 19:07:39 - [TEST_STEP][PASSED] - uiaction.CommonUIActions.deleteAllCookies: uiaction.CommonUIActions.deleteAllCookies is PASSED

2018-05-28 19:07:39 - [MESSAGE][PASSED] - Delete all cookies successfully

2018-05-28 19:07:39 - [MESSAGE][PASSED] - uiaction.CommonUIActions.deleteAllCookies is PASSED

2018-05-28 19:07:40 - [TEST_STEP][PASSED] - Statement - TCflag = true: null

2018-05-28 19:07:40 - [TEST_STEP][FAILED] - Statement - Try: uiaction.CommonUIActions.click is PASSED

2018-05-28 19:07:40 - [TEST_STEP][PASSED] - navigateToUrl: Navigate to 'https://hme-dev-public-cloud-app.azurewebsites.net/' successfully

2018-05-28 19:07:44 - [MESSAGE][PASSED] - Navigate to 'https://hme-dev-public-cloud-app.azurewebsites.net/' successfully

2018-05-28 19:07:44 - [TEST_STEP][PASSED] - delay: Delayed 10 second(s)

2018-05-28 19:07:54 - [MESSAGE][PASSED] - Delayed 10 second(s)

2018-05-28 19:07:54 - [TEST_STEP][PASSED] - projectSpecific.Reusability.login: projectSpecific.Reusability.login is PASSED

2018-05-28 19:07:54 - [MESSAGE][PASSED] - projectSpecific.Reusability.getTestData is PASSED

2018-05-28 19:07:54 - [MESSAGE][PASSED] - projectSpecific.Reusability.getTestData is PASSED

2018-05-28 19:07:54 - [MESSAGE][PASSED] - Text 'selvendrank@nousinfo.com' is set on object 'Object Repository/LoginPage/Username'

2018-05-28 19:07:54 - [MESSAGE][PASSED] - Text 'nous;123' is set on object 'Object Repository/LoginPage/Password'

2018-05-28 19:07:54 - [MESSAGE][PASSED] - Object: 'Object Repository/LoginPage/Login' is clicked on

2018-05-28 19:07:54 - [MESSAGE][PASSED] - projectSpecific.Reusability.login is PASSED

2018-05-28 19:07:54 - [TEST_STEP][PASSED] - delay: Delayed 10 second(s)

2018-05-28 19:08:04 - [MESSAGE][PASSED] - Delayed 10 second(s)

2018-05-28 19:08:04 - [TEST_STEP][PASSED] - Statement - driver = com.kms.katalon.core.webui.driver.DriverFactory.getWebDriver(): null

2018-05-28 19:08:04 - [TEST_STEP][PASSED] - delay: Delayed 10 second(s)

2018-05-28 19:08:14 - [MESSAGE][PASSED] - Delayed 10 second(s)

2018-05-28 19:08:14 - [TEST_STEP][PASSED] - uiaction.CommonUIActions.click: uiaction.CommonUIActions.click is PASSED

2018-05-28 19:08:50 - [MESSAGE][PASSED] - uiaction.CommonUIActions.click is PASSED

2018-05-28 19:08:50 - [TEST_STEP][PASSED] - uiaction.CommonUIActions.click: uiaction.CommonUIActions.click is PASSED

2018-05-28 19:09:01 - [MESSAGE][PASSED] - uiaction.CommonUIActions.click is PASSED

2018-05-28 19:09:01 - [TEST_STEP][PASSED] - uiaction.CommonUIActions.click: uiaction.CommonUIActions.click is PASSED

2018-05-28 19:09:03 - [MESSAGE][PASSED] - uiaction.CommonUIActions.click is PASSED

2018-05-28 19:09:03 - [TEST_STEP][PASSED] - uiaction.CommonUIActions.click: uiaction.CommonUIActions.click is PASSED

2018-05-28 19:09:03 - [MESSAGE][PASSED] - uiaction.CommonUIActions.click is PASSED

2018-05-28 19:09:03 - [TEST_STEP][PASSED] - Statement - grpName = "Grp250": null

2018-05-28 19:09:03 - [TEST_STEP][PASSED] - uiaction.CommonUIActions.enter: uiaction.CommonUIActions.enter is PASSED

2018-05-28 19:09:03 - [MESSAGE][PASSED] - uiaction.CommonUIActions.enter is PASSED

2018-05-28 19:09:03 - [TEST_STEP][PASSED] - uiaction.CommonUIActions.enter: uiaction.CommonUIActions.enter is PASSED

2018-05-28 19:09:03 - [MESSAGE][PASSED] - projectSpecific.Reusability.getTestData is PASSED

2018-05-28 19:09:04 - [MESSAGE][PASSED] - uiaction.CommonUIActions.enter is PASSED

2018-05-28 19:09:04 - [TEST_STEP][PASSED] - delay: Delayed 10 second(s)

2018-05-28 19:09:14 - [MESSAGE][PASSED] - Delayed 10 second(s)

2018-05-28 19:09:14 - [TEST_STEP][PASSED] - Statement - storesLabel = driver.findElements(org.openqa.selenium.By.xpath(com.kms.katalon.core.testdata.TestDataFactory.findTestData(OR_file).getValue(2, 10))): Reading excel file with source file 'C:\Users\shalinin\Katalon Studio\HME_Scripts\Data Files\HME_OR.xlsx' and sheet name 'Sheet1'

2018-05-28 19:09:14 - [TEST_STEP][PASSED] - Statement - groupStoresList = new java.util.ArrayList(): null

2018-05-28 19:09:14 - [TEST_STEP][PASSED] - Statement - out.println(storesLabel.size()): null

2018-05-28 19:09:14 - [TEST_STEP][PASSED] - Statement - size = storesLabel.size(): null

2018-05-28 19:09:14 - [TEST_STEP][PASSED] - Statement - index = 0: null

2018-05-28 19:09:14 - [TEST_STEP][PASSED] - Statement - pattern = java.util.regex.Pattern.compile("[0-9]+"): null

2018-05-28 19:09:14 - [TEST_STEP][PASSED] - Statement - count = 0: null

2018-05-28 19:09:14 - [TEST_STEP][PASSED] - Statement - For ([i = 0, i < storesLabel.size(), (i++)]): null

2018-05-28 19:09:14 - [TEST_STEP][PASSED] - Statement - txt = storesLabel.get(i).getText(): null

2018-05-28 19:09:14 - [TEST_STEP][PASSED] - Statement - index = i + 1: null

2018-05-28 19:09:14 - [TEST_STEP][PASSED] - Statement - matched = pattern.matcher(txt).matches(): null

2018-05-28 19:09:14 - [TEST_STEP][PASSED] - Statement - If (matched): null

2018-05-28 19:09:14 - [TEST_STEP][PASSED] - Statement - txt = storesLabel.get(i).getText(): null

2018-05-28 19:09:14 - [TEST_STEP][PASSED] - Statement - index = i + 1: null

2018-05-28 19:09:14 - [TEST_STEP][PASSED] - Statement - matched = pattern.matcher(txt).matches(): null

2018-05-28 19:09:14 - [TEST_STEP][PASSED] - Statement - If (matched): null

2018-05-28 19:09:14 - [TEST_STEP][PASSED] - Statement - txt = storesLabel.get(i).getText(): null

2018-05-28 19:09:14 - [TEST_STEP][PASSED] - Statement - index = i + 1: null

2018-05-28 19:09:14 - [TEST_STEP][PASSED] - Statement - matched = pattern.matcher(txt).matches(): null

2018-05-28 19:09:14 - [TEST_STEP][PASSED] - Statement - If (matched): null

2018-05-28 19:09:14 - [TEST_STEP][PASSED] - Statement - txt = storesLabel.get(i).getText(): null

2018-05-28 19:09:14 - [TEST_STEP][PASSED] - Statement - index = i + 1: null

2018-05-28 19:09:14 - [TEST_STEP][PASSED] - Statement - matched = pattern.matcher(txt).matches(): null

2018-05-28 19:09:14 - [TEST_STEP][PASSED] - Statement - If (matched): null

2018-05-28 19:09:14 - [TEST_STEP][PASSED] - Statement - txt = storesLabel.get(i).getText(): null

2018-05-28 19:09:14 - [TEST_STEP][PASSED] - Statement - index = i + 1: null

2018-05-28 19:09:14 - [TEST_STEP][PASSED] - Statement - matched = pattern.matcher(txt).matches(): null

2018-05-28 19:09:14 - [TEST_STEP][PASSED] - Statement - If (matched): null

2018-05-28 19:09:14 - [TEST_STEP][PASSED] - Statement - txt = storesLabel.get(i).getText(): null

2018-05-28 19:09:14 - [TEST_STEP][PASSED] - Statement - index = i + 1: null

2018-05-28 19:09:14 - [TEST_STEP][PASSED] - Statement - matched = pattern.matcher(txt).matches(): null

2018-05-28 19:09:14 - [TEST_STEP][PASSED] - Statement - If (matched): null

2018-05-28 19:09:14 - [TEST_STEP][PASSED] - Statement - txt = storesLabel.get(i).getText(): null

2018-05-28 19:09:14 - [TEST_STEP][PASSED] - Statement - index = i + 1: null

2018-05-28 19:09:14 - [TEST_STEP][PASSED] - Statement - matched = pattern.matcher(txt).matches(): null

2018-05-28 19:09:14 - [TEST_STEP][PASSED] - Statement - If (matched): null

2018-05-28 19:09:14 - [TEST_STEP][PASSED] - Statement - txt = storesLabel.get(i).getText(): null

2018-05-28 19:09:14 - [TEST_STEP][PASSED] - Statement - index = i + 1: null

2018-05-28 19:09:14 - [TEST_STEP][PASSED] - Statement - matched = pattern.matcher(txt).matches(): null

2018-05-28 19:09:14 - [TEST_STEP][PASSED] - Statement - If (matched): null

2018-05-28 19:09:14 - [TEST_STEP][PASSED] - Statement - txt = storesLabel.get(i).getText(): null

2018-05-28 19:09:14 - [TEST_STEP][PASSED] - Statement - index = i + 1: null

2018-05-28 19:09:14 - [TEST_STEP][PASSED] - Statement - matched = pattern.matcher(txt).matches(): null

2018-05-28 19:09:14 - [TEST_STEP][PASSED] - Statement - If (matched): null

2018-05-28 19:09:14 - [TEST_STEP][PASSED] - Statement - driver.findElement(org.openqa.selenium.By.xpath("//button[contains(text(),'>')]")).click(): null

2018-05-28 19:09:14 - [TEST_STEP][PASSED] - delay: Delayed 5 second(s)

2018-05-28 19:09:19 - [MESSAGE][PASSED] - Delayed 5 second(s)

2018-05-28 19:09:19 - [TEST_STEP][PASSED] - delay: Delayed 10 second(s)

2018-05-28 19:09:29 - [MESSAGE][PASSED] - Delayed 10 second(s)

2018-05-28 19:09:29 - [TEST_STEP][PASSED] - uiaction.CommonUIActions.click: uiaction.CommonUIActions.click is PASSED

2018-05-28 19:09:29 - [MESSAGE][PASSED] - uiaction.CommonUIActions.click is PASSED

2018-05-28 19:09:29 - [TEST_STEP][PASSED] - uiaction.CommonUIActions.click: uiaction.CommonUIActions.click is PASSED

2018-05-28 19:09:29 - [MESSAGE][PASSED] - uiaction.CommonUIActions.click is PASSED

2018-05-28 19:09:29 - [TEST_STEP][PASSED] - delay: Delayed 10 second(s)

2018-05-28 19:09:39 - [MESSAGE][PASSED] - Delayed 10 second(s)

2018-05-28 19:09:39 - [TEST_STEP][PASSED] - uiaction.CommonUIActions.back: uiaction.CommonUIActions.back is PASSED

2018-05-28 19:09:39 - [MESSAGE][PASSED] - Navigate back successfully

2018-05-28 19:09:39 - [MESSAGE][PASSED] - uiaction.CommonUIActions.back is PASSED

2018-05-28 19:09:39 - [TEST_STEP][PASSED] - delay: Delayed 5 second(s)

2018-05-28 19:09:44 - [MESSAGE][PASSED] - Delayed 5 second(s)

2018-05-28 19:09:44 - [TEST_STEP][PASSED] - uiaction.CommonUIActions.back: uiaction.CommonUIActions.back is PASSED

2018-05-28 19:09:44 - [MESSAGE][PASSED] - Navigate back successfully

2018-05-28 19:09:44 - [MESSAGE][PASSED] - uiaction.CommonUIActions.back is PASSED

2018-05-28 19:09:44 - [TEST_STEP][PASSED] - uiaction.CommonUIActions.click: uiaction.CommonUIActions.click is PASSED

2018-05-28 19:09:44 - [MESSAGE][PASSED] - uiaction.CommonUIActions.click is PASSED

2018-05-28 19:09:44 - [TEST_STEP][PASSED] - delay: Delayed 15 second(s)

2018-05-28 19:09:59 - [MESSAGE][PASSED] - Delayed 15 second(s)

2018-05-28 19:09:59 - [TEST_STEP][PASSED] - Statement - driver.findElement(org.openqa.selenium.By.xpath("//span[contains(text(),'" + grpName + "')]/../../../../span[1]")).click(): null

2018-05-28 19:09:59 - [TEST_STEP][PASSED] - delay: Delayed 10 second(s)

2018-05-28 19:10:09 - [MESSAGE][PASSED] - Delayed 10 second(s)

2018-05-28 19:10:09 - [TEST_STEP][PASSED] - Statement - driver.findElement(org.openqa.selenium.By.xpath("//span[contains(text(),'" + grpName + "')]/../../../../span[2]")).click(): null

2018-05-28 19:10:10 - [TEST_STEP][PASSED] - delay: Delayed 5 second(s)

2018-05-28 19:10:15 - [MESSAGE][PASSED] - Delayed 5 second(s)

2018-05-28 19:10:15 - [TEST_STEP][PASSED] - click: Object: 'Object Repository/ReportsPage/fromDateSelector' is clicked on

2018-05-28 19:10:15 - [MESSAGE][PASSED] - Object: 'Object Repository/ReportsPage/fromDateSelector' is clicked on

2018-05-28 19:10:15 - [TEST_STEP][PASSED] - delay: Delayed 5 second(s)

2018-05-28 19:10:20 - [MESSAGE][PASSED] - Delayed 5 second(s)

2018-05-28 19:10:20 - [TEST_STEP][PASSED] - Statement - monthText = com.kms.katalon.core.webui.keyword.WebUiBuiltInKeywords.getText(com.kms.katalon.core.testobject.ObjectRepository.findTestObject(ReportsPage/monthText)): Text of object 'Object Repository/ReportsPage/monthText' is: 'May 2018'

2018-05-28 19:10:20 - [MESSAGE][PASSED] - Text of object 'Object Repository/ReportsPage/monthText' is: 'May 2018'

2018-05-28 19:10:20 - [TEST_STEP][PASSED] - Statement - monthTextArray = monthText.split(" "): null

2018-05-28 19:10:20 - [TEST_STEP][PASSED] - Statement - month = monthTextArray[0]: null

2018-05-28 19:10:20 - [TEST_STEP][PASSED] - Statement - monthTextValue = CustomKeywords.projectSpecific.Reusability.getTestData("ReportsPage", "Month"): projectSpecific.Reusability.getTestData is PASSED

2018-05-28 19:10:20 - [MESSAGE][PASSED] - projectSpecific.Reusability.getTestData is PASSED

2018-05-28 19:10:20 - [TEST_STEP][PASSED] - Statement - If (!(monthTextValue.equals(month))): null

2018-05-28 19:10:20 - [TEST_STEP][PASSED] - Statement - While (!(monthTextValue.equals(month))): null

2018-05-28 19:10:20 - [TEST_STEP][PASSED] - click: Object: 'Object Repository/ReportsPage/previousDateSelector' is clicked on

2018-05-28 19:10:20 - [MESSAGE][PASSED] - Object: 'Object Repository/ReportsPage/previousDateSelector' is clicked on

2018-05-28 19:10:20 - [TEST_STEP][PASSED] - Statement - monthText = com.kms.katalon.core.webui.keyword.WebUiBuiltInKeywords.getText(com.kms.katalon.core.testobject.ObjectRepository.findTestObject(ReportsPage/monthText)): Text of object 'Object Repository/ReportsPage/monthText' is: 'April 2018'

2018-05-28 19:10:20 - [MESSAGE][PASSED] - Text of object 'Object Repository/ReportsPage/monthText' is: 'April 2018'

2018-05-28 19:10:20 - [TEST_STEP][PASSED] - Statement - monthTextArray = monthText.split(" "): null

2018-05-28 19:10:20 - [TEST_STEP][PASSED] - Statement - month = monthTextArray[0]: null

2018-05-28 19:10:20 - [TEST_STEP][PASSED] - click: Object: 'Object Repository/ReportsPage/previousDateSelector' is clicked on

2018-05-28 19:10:20 - [MESSAGE][PASSED] - Object: 'Object Repository/ReportsPage/previousDateSelector' is clicked on

2018-05-28 19:10:20 - [TEST_STEP][PASSED] - Statement - monthText = com.kms.katalon.core.webui.keyword.WebUiBuiltInKeywords.getText(com.kms.katalon.core.testobject.ObjectRepository.findTestObject(ReportsPage/monthText)): Text of object 'Object Repository/ReportsPage/monthText' is: 'March 2018'

2018-05-28 19:10:20 - [MESSAGE][PASSED] - Text of object 'Object Repository/ReportsPage/monthText' is: 'March 2018'

2018-05-28 19:10:20 - [TEST_STEP][PASSED] - Statement - monthTextArray = monthText.split(" "): null

2018-05-28 19:10:20 - [TEST_STEP][PASSED] - Statement - month = monthTextArray[0]: null

2018-05-28 19:10:20 - [TEST_STEP][PASSED] - Statement - data = CustomKeywords.projectSpecific.Reusability.getTestData("ReportsPage", "StartDate"): projectSpecific.Reusability.getTestData is PASSED

2018-05-28 19:10:20 - [MESSAGE][PASSED] - projectSpecific.Reusability.getTestData is PASSED

2018-05-28 19:10:20 - [TEST_STEP][PASSED] - Statement - startDate = "(//td[text()='" + data + "'])[1]": null

2018-05-28 19:10:20 - [TEST_STEP][PASSED] - Statement - println(startDate): null

2018-05-28 19:10:20 - [TEST_STEP][PASSED] - Statement - startdateEle = driver.findElement(org.openqa.selenium.By.xpath(startDate)): null

2018-05-28 19:10:20 - [TEST_STEP][PASSED] - Statement - startdateEle.click(): null

2018-05-28 19:10:20 - [TEST_STEP][PASSED] - delay: Delayed 5 second(s)

2018-05-28 19:10:25 - [MESSAGE][PASSED] - Delayed 5 second(s)

2018-05-28 19:10:25 - [TEST_STEP][PASSED] - click: Object: 'Object Repository/ReportsPage/toDateSelector' is clicked on

2018-05-28 19:10:25 - [MESSAGE][PASSED] - Object: 'Object Repository/ReportsPage/toDateSelector' is clicked on

2018-05-28 19:10:25 - [TEST_STEP][PASSED] - Statement - monthText = com.kms.katalon.core.webui.keyword.WebUiBuiltInKeywords.getText(com.kms.katalon.core.testobject.ObjectRepository.findTestObject(ReportsPage/monthText2)): Text of object 'Object Repository/ReportsPage/monthText2' is: 'May 2018'

2018-05-28 19:10:25 - [MESSAGE][PASSED] - Text of object 'Object Repository/ReportsPage/monthText2' is: 'May 2018'

2018-05-28 19:10:25 - [TEST_STEP][PASSED] - Statement - monthTextArray = monthText.split(" "): null

2018-05-28 19:10:25 - [TEST_STEP][PASSED] - Statement - month = monthTextArray[0]: null

2018-05-28 19:10:25 - [TEST_STEP][PASSED] - Statement - monthTextValue1 = CustomKeywords.projectSpecific.Reusability.getTestData("ReportsPage", "Month"): projectSpecific.Reusability.getTestData is PASSED

2018-05-28 19:10:25 - [MESSAGE][PASSED] - projectSpecific.Reusability.getTestData is PASSED

2018-05-28 19:10:25 - [TEST_STEP][PASSED] - Statement - If (!(monthTextValue1.equals(month))): null

2018-05-28 19:10:25 - [TEST_STEP][PASSED] - Statement - While (!(monthTextValue1.equals(month))): null

2018-05-28 19:10:25 - [TEST_STEP][PASSED] - click: Object: 'Object Repository/ReportsPage/previousDateSelector2' is clicked on

2018-05-28 19:10:25 - [MESSAGE][PASSED] - Object: 'Object Repository/ReportsPage/previousDateSelector2' is clicked on

2018-05-28 19:10:25 - [TEST_STEP][PASSED] - Statement - monthText = com.kms.katalon.core.webui.keyword.WebUiBuiltInKeywords.getText(com.kms.katalon.core.testobject.ObjectRepository.findTestObject(ReportsPage/monthText2)): Text of object 'Object Repository/ReportsPage/monthText2' is: 'April 2018'

2018-05-28 19:10:25 - [MESSAGE][PASSED] - Text of object 'Object Repository/ReportsPage/monthText2' is: 'April 2018'

2018-05-28 19:10:25 - [TEST_STEP][PASSED] - Statement - monthTextArray = monthText.split(" "): null

2018-05-28 19:10:25 - [TEST_STEP][PASSED] - Statement - month = monthTextArray[0]: null

2018-05-28 19:10:25 - [TEST_STEP][PASSED] - click: Object: 'Object Repository/ReportsPage/previousDateSelector2' is clicked on

2018-05-28 19:10:25 - [MESSAGE][PASSED] - Object: 'Object Repository/ReportsPage/previousDateSelector2' is clicked on

2018-05-28 19:10:25 - [TEST_STEP][PASSED] - Statement - monthText = com.kms.katalon.core.webui.keyword.WebUiBuiltInKeywords.getText(com.kms.katalon.core.testobject.ObjectRepository.findTestObject(ReportsPage/monthText2)): Text of object 'Object Repository/ReportsPage/monthText2' is: 'March 2018'

2018-05-28 19:10:25 - [MESSAGE][PASSED] - Text of object 'Object Repository/ReportsPage/monthText2' is: 'March 2018'

2018-05-28 19:10:25 - [TEST_STEP][PASSED] - Statement - monthTextArray = monthText.split(" "): null

2018-05-28 19:10:25 - [TEST_STEP][PASSED] - Statement - month = monthTextArray[0]: null

2018-05-28 19:10:25 - [TEST_STEP][PASSED] - Statement - endDate = CustomKeywords.projectSpecific.Reusability.getTestData("ReportsPage", "endDate7"): projectSpecific.Reusability.getTestData is PASSED

2018-05-28 19:10:25 - [MESSAGE][PASSED] - projectSpecific.Reusability.getTestData is PASSED

2018-05-28 19:10:25 - [TEST_STEP][PASSED] - Statement - toDate = "(//td[text()='" + endDate + "'])[2]": null

2018-05-28 19:10:25 - [TEST_STEP][PASSED] - Statement - toDateEle = driver.findElement(org.openqa.selenium.By.xpath(toDate)): null

2018-05-28 19:10:25 - [TEST_STEP][PASSED] - Statement - toDateEle.click(): null

2018-05-28 19:10:25 - [TEST_STEP][PASSED] - delay: Delayed 5 second(s)

2018-05-28 19:10:30 - [MESSAGE][PASSED] - Delayed 5 second(s)

2018-05-28 19:10:30 - [TEST_STEP][PASSED] - Statement - dateAttr = com.kms.katalon.core.webui.keyword.WebUiBuiltInKeywords.getAttribute(com.kms.katalon.core.testobject.ObjectRepository.findTestObject(ReportsPage/selectedDate1), "value"): Attribute 'value' of object 'Object Repository/ReportsPage/selectedDate1' is: '03/01/2018'

2018-05-28 19:10:30 - [MESSAGE][PASSED] - Attribute 'value' of object 'Object Repository/ReportsPage/selectedDate1' is: '03/01/2018'

2018-05-28 19:10:30 - [TEST_STEP][PASSED] - Statement - fromDateValue = CustomKeywords.projectSpecific.Reusability.getTestData("ReportsPage", "fromDate"): projectSpecific.Reusability.getTestData is PASSED

2018-05-28 19:10:30 - [MESSAGE][PASSED] - projectSpecific.Reusability.getTestData is PASSED

2018-05-28 19:10:30 - [TEST_STEP][PASSED] - Statement - If (!(dateAttr.equals(fromDateValue))): null

2018-05-28 19:10:30 - [TEST_STEP][PASSED] - Statement - dateAttr = com.kms.katalon.core.webui.keyword.WebUiBuiltInKeywords.getAttribute(com.kms.katalon.core.testobject.ObjectRepository.findTestObject(ReportsPage/selectedDate2), "value"): Attribute 'value' of object 'Object Repository/ReportsPage/selectedDate2' is: '03/23/2018'

2018-05-28 19:10:30 - [MESSAGE][PASSED] - Attribute 'value' of object 'Object Repository/ReportsPage/selectedDate2' is: '03/23/2018'

2018-05-28 19:10:30 - [TEST_STEP][PASSED] - Statement - toDateValue = CustomKeywords.projectSpecific.Reusability.getTestData("ReportsPage", "toDate12"): projectSpecific.Reusability.getTestData is PASSED

2018-05-28 19:10:31 - [MESSAGE][PASSED] - projectSpecific.Reusability.getTestData is PASSED

2018-05-28 19:10:31 - [TEST_STEP][PASSED] - Statement - If (!(dateAttr.equals(toDateValue))): null

2018-05-28 19:10:31 - [TEST_STEP][PASSED] - verifyElementText: Actual text and expected text of test object 'Object Repository/ReportsPage/includeText' are matched.

2018-05-28 19:10:31 - [MESSAGE][PASSED] - projectSpecific.Reusability.getTestData is PASSED

2018-05-28 19:10:31 - [MESSAGE][PASSED] - Actual text and expected text of test object 'Object Repository/ReportsPage/includeText' are matched.

2018-05-28 19:10:31 - [TEST_STEP][PASSED] - verifyElementText: Actual text and expected text of test object 'Object Repository/ReportsPage/formatText' are matched.

2018-05-28 19:10:31 - [MESSAGE][PASSED] - projectSpecific.Reusability.getTestData is PASSED

2018-05-28 19:10:31 - [MESSAGE][PASSED] - Actual text and expected text of test object 'Object Repository/ReportsPage/formatText' are matched.

2018-05-28 19:10:31 - [TEST_STEP][PASSED] - uiaction.CommonUIActions.click: uiaction.CommonUIActions.click is PASSED

2018-05-28 19:10:31 - [MESSAGE][PASSED] - uiaction.CommonUIActions.click is PASSED

2018-05-28 19:10:31 - [TEST_STEP][PASSED] - uiaction.CommonUIActions.click: uiaction.CommonUIActions.click is PASSED

2018-05-28 19:10:31 - [MESSAGE][PASSED] - uiaction.CommonUIActions.click is PASSED

2018-05-28 19:10:31 - [TEST_STEP][PASSED] - delay: Delayed 5 second(s)

2018-05-28 19:10:36 - [MESSAGE][PASSED] - Delayed 5 second(s)

2018-05-28 19:10:36 - [TEST_STEP][PASSED] - uiaction.CommonUIActions.click: uiaction.CommonUIActions.click is PASSED

2018-05-28 19:10:36 - [MESSAGE][PASSED] - uiaction.CommonUIActions.click is PASSED

2018-05-28 19:10:36 - [TEST_STEP][PASSED] - Statement - opencheckbox = CustomKeywords.uiaction.CommonUIActions.isEnabled(com.kms.katalon.core.testobject.ObjectRepository.findTestObject(ReportsPage/Report_opencheckbox)): uiaction.CommonUIActions.isEnabled is PASSED

2018-05-28 19:10:36 - [MESSAGE][PASSED] - uiaction.CommonUIActions.isEnabled is PASSED

2018-05-28 19:10:36 - [TEST_STEP][PASSED] - Statement - If (!(opencheckbox)): null

2018-05-28 19:10:36 - [TEST_STEP][PASSED] - Statement - out.println("Open checkbox is checked by default"): null

2018-05-28 19:10:36 - [TEST_STEP][PASSED] - Statement - closecheckbox = CustomKeywords.uiaction.CommonUIActions.isEnabled(com.kms.katalon.core.testobject.ObjectRepository.findTestObject(ReportsPage/Report_closecheckbox)): uiaction.CommonUIActions.isEnabled is PASSED

2018-05-28 19:10:36 - [MESSAGE][PASSED] - uiaction.CommonUIActions.isEnabled is PASSED

2018-05-28 19:10:36 - [TEST_STEP][PASSED] - Statement - If (!(closecheckbox)): null

2018-05-28 19:10:36 - [TEST_STEP][PASSED] - Statement - out.println("Close checkbox is checked by default"): null

2018-05-28 19:10:36 - [TEST_STEP][PASSED] - uiaction.CommonUIActions.click: uiaction.CommonUIActions.click is PASSED

2018-05-28 19:10:36 - [MESSAGE][PASSED] - uiaction.CommonUIActions.click is PASSED

2018-05-28 19:10:36 - [TEST_STEP][PASSED] - uiaction.CommonUIActions.click: uiaction.CommonUIActions.click is PASSED

2018-05-28 19:10:36 - [MESSAGE][PASSED] - uiaction.CommonUIActions.click is PASSED

2018-05-28 19:10:36 - [TEST_STEP][PASSED] - verifyElementPresent: Object 'Object Repository/ReportsPage/advancedoption_am' is present

2018-05-28 19:10:36 - [MESSAGE][PASSED] - Object 'Object Repository/ReportsPage/advancedoption_am' is present

2018-05-28 19:10:36 - [TEST_STEP][PASSED] - verifyElementPresent: Object 'Object Repository/ReportsPage/advanceoptions_pm' is present

2018-05-28 19:10:36 - [MESSAGE][PASSED] - Object 'Object Repository/ReportsPage/advanceoptions_pm' is present

2018-05-28 19:10:36 - [TEST_STEP][PASSED] - Statement - open_am = CustomKeywords.uiaction.CommonUIActions.isEnabled(com.kms.katalon.core.testobject.ObjectRepository.findTestObject(ReportsPage/advancedoption_am)): uiaction.CommonUIActions.isEnabled is PASSED

2018-05-28 19:10:36 - [MESSAGE][PASSED] - uiaction.CommonUIActions.isEnabled is PASSED

2018-05-28 19:10:36 - [TEST_STEP][PASSED] - Statement - If (open_am): null

2018-05-28 19:10:36 - [TEST_STEP][PASSED] - Statement - out.println("AM Drop down boxes  enabled"): null

2018-05-28 19:10:36 - [TEST_STEP][PASSED] - Statement - open_pm = CustomKeywords.uiaction.CommonUIActions.isEnabled(com.kms.katalon.core.testobject.ObjectRepository.findTestObject(ReportsPage/advanceoptions_pm)): uiaction.CommonUIActions.isEnabled is PASSED

2018-05-28 19:10:36 - [MESSAGE][PASSED] - uiaction.CommonUIActions.isEnabled is PASSED

2018-05-28 19:10:36 - [TEST_STEP][PASSED] - Statement - If (open_pm): null

2018-05-28 19:10:36 - [TEST_STEP][PASSED] - Statement - out.println("PM Drop down boxes  enabled"): null

2018-05-28 19:10:36 - [TEST_STEP][PASSED] - delay: Delayed 10 second(s)

2018-05-28 19:10:46 - [MESSAGE][PASSED] - Delayed 10 second(s)

2018-05-28 19:10:46 - [TEST_STEP][PASSED] - uiaction.CommonUIActions.click: uiaction.CommonUIActions.click is PASSED

2018-05-28 19:10:46 - [MESSAGE][PASSED] - uiaction.CommonUIActions.click is PASSED

2018-05-28 19:10:46 - [TEST_STEP][PASSED] - uiaction.CommonUIActions.enter: uiaction.CommonUIActions.enter is PASSED

2018-05-28 19:10:46 - [MESSAGE][PASSED] - uiaction.CommonUIActions.enter is PASSED

2018-05-28 19:10:46 - [TEST_STEP][PASSED] - uiaction.CommonUIActions.click: uiaction.CommonUIActions.click is PASSED

2018-05-28 19:10:47 - [MESSAGE][PASSED] - uiaction.CommonUIActions.click is PASSED

2018-05-28 19:10:47 - [TEST_STEP][PASSED] - delay: Delayed 10 second(s)

2018-05-28 19:10:57 - [MESSAGE][PASSED] - Delayed 10 second(s)

2018-05-28 19:10:57 - [TEST_STEP][PASSED] - uiaction.CommonUIActions.click: uiaction.CommonUIActions.click is PASSED

2018-05-28 19:10:57 - [MESSAGE][PASSED] - uiaction.CommonUIActions.click is PASSED

2018-05-28 19:10:57 - [TEST_STEP][PASSED] - uiaction.CommonUIActions.click: uiaction.CommonUIActions.click is PASSED

2018-05-28 19:10:57 - [MESSAGE][PASSED] - uiaction.CommonUIActions.click is PASSED

2018-05-28 19:10:57 - [TEST_STEP][PASSED] - verifyElementPresent: Object 'Object Repository/ReportsPage/advancedoption_am' is present

2018-05-28 19:10:57 - [MESSAGE][PASSED] - Object 'Object Repository/ReportsPage/advancedoption_am' is present

2018-05-28 19:10:57 - [TEST_STEP][PASSED] - verifyElementPresent: Object 'Object Repository/ReportsPage/advanceoptions_pm' is present

2018-05-28 19:10:57 - [MESSAGE][PASSED] - Object 'Object Repository/ReportsPage/advanceoptions_pm' is present

2018-05-28 19:10:57 - [TEST_STEP][PASSED] - Statement - close_am = CustomKeywords.uiaction.CommonUIActions.isEnabled(com.kms.katalon.core.testobject.ObjectRepository.findTestObject(ReportsPage/advancedoption_am)): uiaction.CommonUIActions.isEnabled is PASSED

2018-05-28 19:10:57 - [MESSAGE][PASSED] - uiaction.CommonUIActions.isEnabled is PASSED

2018-05-28 19:10:57 - [TEST_STEP][PASSED] - Statement - If (close_am): null

2018-05-28 19:10:57 - [TEST_STEP][PASSED] - Statement - out.println("AM Drop down boxes  enabled"): null

2018-05-28 19:10:57 - [TEST_STEP][PASSED] - Statement - close_pm = CustomKeywords.uiaction.CommonUIActions.isEnabled(com.kms.katalon.core.testobject.ObjectRepository.findTestObject(ReportsPage/advanceoptions_pm)): uiaction.CommonUIActions.isEnabled is PASSED

2018-05-28 19:10:57 - [MESSAGE][PASSED] - uiaction.CommonUIActions.isEnabled is PASSED

2018-05-28 19:10:57 - [TEST_STEP][PASSED] - Statement - If (close_pm): null

2018-05-28 19:10:57 - [TEST_STEP][PASSED] - Statement - out.println("PM Drop down boxes  enabled"): null

2018-05-28 19:10:57 - [TEST_STEP][PASSED] - delay: Delayed 10 second(s)

2018-05-28 19:11:07 - [MESSAGE][PASSED] - Delayed 10 second(s)

2018-05-28 19:11:07 - [TEST_STEP][PASSED] - uiaction.CommonUIActions.click: uiaction.CommonUIActions.click is PASSED

2018-05-28 19:11:07 - [MESSAGE][PASSED] - uiaction.CommonUIActions.click is PASSED

2018-05-28 19:11:07 - [TEST_STEP][PASSED] - uiaction.CommonUIActions.enter: uiaction.CommonUIActions.enter is PASSED

2018-05-28 19:11:07 - [MESSAGE][PASSED] - uiaction.CommonUIActions.enter is PASSED

2018-05-28 19:11:07 - [TEST_STEP][PASSED] - uiaction.CommonUIActions.click: uiaction.CommonUIActions.click is PASSED

2018-05-28 19:11:07 - [MESSAGE][PASSED] - uiaction.CommonUIActions.click is PASSED

2018-05-28 19:11:07 - [TEST_STEP][PASSED] - delay: Delayed 10 second(s)

2018-05-28 19:11:17 - [MESSAGE][PASSED] - Delayed 10 second(s)

2018-05-28 19:11:17 - [TEST_STEP][PASSED] - uiaction.CommonUIActions.click: uiaction.CommonUIActions.click is PASSED

2018-05-28 19:11:17 - [MESSAGE][PASSED] - uiaction.CommonUIActions.click is PASSED

2018-05-28 19:11:17 - [TEST_STEP][PASSED] - uiaction.CommonUIActions.click: uiaction.CommonUIActions.click is PASSED

2018-05-28 19:11:17 - [MESSAGE][PASSED] - uiaction.CommonUIActions.click is PASSED

2018-05-28 19:11:17 - [TEST_STEP][PASSED] - click: Object: 'Object Repository/ReportsPage/generateReport' is clicked on

2018-05-28 19:11:17 - [MESSAGE][PASSED] - Object: 'Object Repository/ReportsPage/generateReport' is clicked on

2018-05-28 19:11:17 - [TEST_STEP][PASSED] - delay: Delayed 15 second(s)

2018-05-28 19:11:32 - [MESSAGE][PASSED] - Delayed 15 second(s)

2018-05-28 19:11:32 - [TEST_STEP][PASSED] - Statement - errMessage = CustomKeywords.uiaction.CommonUIActions.getText(com.kms.katalon.core.testobject.ObjectRepository.findTestObject(ReportsPage/report_failure_alertmsg)): uiaction.CommonUIActions.getText is PASSED

2018-05-28 19:11:53 - [MESSAGE][PASSED] - uiaction.CommonUIActions.getText is PASSED

2018-05-28 19:11:53 - [TEST_STEP][PASSED] - Statement - errMsgText = CustomKeywords.projectSpecific.Reusability.getTestData("ReportsPage", "DateRange5"): projectSpecific.Reusability.getTestData is PASSED

2018-05-28 19:11:53 - [MESSAGE][PASSED] - projectSpecific.Reusability.getTestData is PASSED

2018-05-28 19:11:53 - [TEST_STEP][FAILED] - verifyMatch: Unable to verify match between actual text 'Web element with id: 'Object Repository/ReportsPage/report_failure_alertmsg' located by 'By.xpath: //div//ul//li[contains(text(),'Date range invalid')]' not found' and expected text 'Date range invalid. For Daypart Reports select any 2 week period.' (Root cause: Actual text 'Web element with id: 'Object Repository/ReportsPage/report_failure_alertmsg' located by 'By.xpath: //div//ul//li[contains(text(),'Date range invalid')]' not found' and expected text 'Date range invalid. For Daypart Reports select any 2 week period.' are not matched)

2018-05-28 19:11:53 - [MESSAGE][FAILED] - Unable to verify match between actual text 'Web element with id: 'Object Repository/ReportsPage/report_failure_alertmsg' located by 'By.xpath: //div//ul//li[contains(text(),'Date range invalid')]' not found' and expected text 'Date range invalid. For Daypart Reports select any 2 week period.' (Root cause: Actual text 'Web element with id: 'Object Repository/ReportsPage/report_failure_alertmsg' located by 'By.xpath: //div//ul//li[contains(text(),'Date range invalid')]' not found' and expected text 'Date range invalid. For Daypart Reports select any 2 week period.' are not matched)

2018-05-28 19:11:53 - [TEST_STEP][PASSED] - Statement - If (errMessage == errMsgText): null

2018-05-28 19:11:53 - [TEST_STEP][PASSED] - Statement - Else: null

2018-05-28 19:11:53 - [TEST_STEP][PASSED] - Statement - If (TCflag): null

2018-05-28 19:11:53 - [TEST_STEP][PASSED] - Statement - out.println("Error Msg is not verified"): null

2018-05-28 19:11:53 - [TEST_STEP][PASSED] - delay: Delayed 10 second(s)

2018-05-28 19:12:03 - [MESSAGE][PASSED] - Delayed 10 second(s)

2018-05-28 19:12:03 - [TEST_STEP][PASSED] - uiaction.CommonUIActions.click: uiaction.CommonUIActions.click is PASSED

2018-05-28 19:12:07 - [MESSAGE][PASSED] - uiaction.CommonUIActions.click is PASSED

2018-05-28 19:12:07 - [TEST_STEP][PASSED] - uiaction.CommonUIActions.click: uiaction.CommonUIActions.click is PASSED

2018-05-28 19:12:19 - [MESSAGE][PASSED] - uiaction.CommonUIActions.click is PASSED

2018-05-28 19:12:19 - [TEST_STEP][PASSED] - uiaction.CommonUIActions.click: uiaction.CommonUIActions.click is PASSED

2018-05-28 19:12:19 - [MESSAGE][PASSED] - uiaction.CommonUIActions.click is PASSED

2018-05-28 19:12:19 - [TEST_STEP][PASSED] - delay: Delayed 10 second(s)

2018-05-28 19:12:29 - [MESSAGE][PASSED] - Delayed 10 second(s)

2018-05-28 19:12:29 - [TEST_STEP][PASSED] - Statement - groupLink = "//span[text()='" + grpName + "']": null

2018-05-28 19:12:29 - [TEST_STEP][PASSED] - Statement - driver.findElement(org.openqa.selenium.By.xpath(groupLink)).click(): null

2018-05-28 19:12:30 - [TEST_STEP][PASSED] - delay: Delayed 10 second(s)

2018-05-28 19:12:40 - [MESSAGE][PASSED] - Delayed 10 second(s)

2018-05-28 19:12:40 - [TEST_STEP][PASSED] - uiaction.CommonUIActions.click: uiaction.CommonUIActions.click is PASSED

2018-05-28 19:12:40 - [MESSAGE][PASSED] - uiaction.CommonUIActions.click is PASSED

2018-05-28 19:12:40 - [TEST_STEP][PASSED] - delay: Delayed 10 second(s)

2018-05-28 19:12:50 - [MESSAGE][PASSED] - Delayed 10 second(s)

2018-05-28 19:12:50 - [TEST_STEP][PASSED] - uiaction.CommonUIActions.click: uiaction.CommonUIActions.click is PASSED

2018-05-28 19:12:50 - [MESSAGE][PASSED] - uiaction.CommonUIActions.click is PASSED

2018-05-28 19:12:50 - [TEST_STEP][PASSED] - delay: Delayed 10 second(s)

2018-05-28 19:13:00 - [MESSAGE][PASSED] - Delayed 10 second(s)

2018-05-28 19:13:00 - [TEST_STEP][PASSED] - uiaction.CommonUIActions.click: uiaction.CommonUIActions.click is PASSED

2018-05-28 19:13:03 - [MESSAGE][PASSED] - uiaction.CommonUIActions.click is PASSED

2018-05-28 19:13:03 - [TEST_STEP][PASSED] - Statement - assert TCflag == true: null

2018-05-28 19:13:03 - [TEST_STEP][PASSED] - Start listener action : sampleAfterTestCase: Browser is closed

2018-05-28 19:13:03 - [TEST_STEP][PASSED] - Statement - println(testCaseContext.getTestCaseId()): null

2018-05-28 19:13:03 - [TEST_STEP][PASSED] - Statement - println(testCaseContext.getTestCaseStatus()): null

2018-05-28 19:13:03 - [TEST_STEP][PASSED] - closeBrowser: Browser is closed

2018-05-28 19:13:04 - [MESSAGE][PASSED] - Browser is closed]]></system-out>
         <system-err><![CDATA[2018-05-28 19:07:36 - [TEST_CASE][FAILED] - Test Cases/SummaryReportsTC/HME-Summary Report-12: Test Cases/SummaryReportsTC/HME-Summary Report-12 FAILED because (of) Unable to verify match between actual text 'Web element with id: 'Object Repository/ReportsPage/report_failure_alertmsg' located by 'By.xpath: //div//ul//li[contains(text(),'Date range invalid')]' not found' and expected text 'Date range invalid. For Daypart Reports select any 2 week period.' (Root cause: Actual text 'Web element with id: 'Object Repository/ReportsPage/report_failure_alertmsg' located by 'By.xpath: //div//ul//li[contains(text(),'Date range invalid')]' not found' and expected text 'Date range invalid. For Daypart Reports select any 2 week period.' are not matched)]]></system-err>
      </testcase>
      <system-out><![CDATA[2018-05-28 18:41:54 - [TEST_SUITE][FAILED] - RegressionSuite: Test Cases/SummaryReportsTC/HME-Summary Report-15 FAILED because (of) Unable to verify match between actual text 'Web element with id: 'Object Repository/ReportsPage/report_failure_alertmsg' located by 'By.xpath: //div//ul//li[contains(text(),'Date range invalid')]' not found' and expected text 'Date range invalid. For daypart report select any 3 months period' (Root cause: Actual text 'Web element with id: 'Object Repository/ReportsPage/report_failure_alertmsg' located by 'By.xpath: //div//ul//li[contains(text(),'Date range invalid')]' not found' and expected text 'Date range invalid. For daypart report select any 3 months period' are not matched)]]></system-out>
      <system-err><![CDATA[2018-05-28 18:41:54 - [TEST_SUITE][FAILED] - RegressionSuite: Test Cases/SummaryReportsTC/HME-Summary Report-15 FAILED because (of) Unable to verify match between actual text 'Web element with id: 'Object Repository/ReportsPage/report_failure_alertmsg' located by 'By.xpath: //div//ul//li[contains(text(),'Date range invalid')]' not found' and expected text 'Date range invalid. For daypart report select any 3 months period' (Root cause: Actual text 'Web element with id: 'Object Repository/ReportsPage/report_failure_alertmsg' located by 'By.xpath: //div//ul//li[contains(text(),'Date range invalid')]' not found' and expected text 'Date range invalid. For daypart report select any 3 months period' are not matched)]]></system-err>
   </testsuite>
</testsuites>
